[2022-12-27T11:22:33.817+0000] {processor.py:153} INFO - Started process (PID=86) to work on /home/airflow/.local/lib/python3.7/site-packages/airflow/example_dags/example_subdag_operator.py
[2022-12-27T11:22:33.818+0000] {processor.py:743} INFO - Processing file /home/airflow/.local/lib/python3.7/site-packages/airflow/example_dags/example_subdag_operator.py for tasks to queue
[2022-12-27T11:22:33.818+0000] {logging_mixin.py:137} INFO - [2022-12-27T11:22:33.818+0000] {dagbag.py:538} INFO - Filling up the DagBag from /home/airflow/.local/lib/python3.7/site-packages/airflow/example_dags/example_subdag_operator.py
[2022-12-27T11:22:33.856+0000] {processor.py:753} INFO - DAG(s) dict_keys(['example_subdag_operator.section-1', 'example_subdag_operator.section-2', 'example_subdag_operator']) retrieved from /home/airflow/.local/lib/python3.7/site-packages/airflow/example_dags/example_subdag_operator.py
[2022-12-27T11:22:33.893+0000] {logging_mixin.py:137} INFO - [2022-12-27T11:22:33.893+0000] {dag.py:2676} INFO - Sync 3 DAGs
[2022-12-27T11:22:33.924+0000] {logging_mixin.py:137} INFO - [2022-12-27T11:22:33.924+0000] {dag.py:3427} INFO - Setting next_dagrun for example_subdag_operator to 2022-01-01T00:00:00+00:00, run_after=2022-01-01T00:00:00+00:00
[2022-12-27T11:22:33.928+0000] {logging_mixin.py:137} INFO - [2022-12-27T11:22:33.928+0000] {dag.py:3427} INFO - Setting next_dagrun for example_subdag_operator.section-1 to None, run_after=None
[2022-12-27T11:22:33.930+0000] {logging_mixin.py:137} INFO - [2022-12-27T11:22:33.930+0000] {dag.py:3427} INFO - Setting next_dagrun for example_subdag_operator.section-2 to None, run_after=None
[2022-12-27T11:22:33.939+0000] {logging_mixin.py:137} INFO - [2022-12-27T11:22:33.939+0000] {dag.py:2676} INFO - Sync 2 DAGs
[2022-12-27T11:22:33.945+0000] {logging_mixin.py:137} INFO - [2022-12-27T11:22:33.945+0000] {dag.py:3427} INFO - Setting next_dagrun for example_subdag_operator.section-1 to None, run_after=None
[2022-12-27T11:22:33.945+0000] {logging_mixin.py:137} INFO - [2022-12-27T11:22:33.945+0000] {dag.py:3427} INFO - Setting next_dagrun for example_subdag_operator.section-2 to None, run_after=None
[2022-12-27T11:22:34.363+0000] {processor.py:175} INFO - Processing /home/airflow/.local/lib/python3.7/site-packages/airflow/example_dags/example_subdag_operator.py took 0.550 seconds
[2022-12-27T11:23:04.988+0000] {processor.py:153} INFO - Started process (PID=151) to work on /home/airflow/.local/lib/python3.7/site-packages/airflow/example_dags/example_subdag_operator.py
[2022-12-27T11:23:04.990+0000] {processor.py:743} INFO - Processing file /home/airflow/.local/lib/python3.7/site-packages/airflow/example_dags/example_subdag_operator.py for tasks to queue
[2022-12-27T11:23:04.991+0000] {logging_mixin.py:137} INFO - [2022-12-27T11:23:04.991+0000] {dagbag.py:538} INFO - Filling up the DagBag from /home/airflow/.local/lib/python3.7/site-packages/airflow/example_dags/example_subdag_operator.py
[2022-12-27T11:23:05.110+0000] {processor.py:753} INFO - DAG(s) dict_keys(['example_subdag_operator.section-1', 'example_subdag_operator.section-2', 'example_subdag_operator']) retrieved from /home/airflow/.local/lib/python3.7/site-packages/airflow/example_dags/example_subdag_operator.py
[2022-12-27T11:23:05.175+0000] {logging_mixin.py:137} INFO - [2022-12-27T11:23:05.175+0000] {dag.py:2676} INFO - Sync 3 DAGs
[2022-12-27T11:23:05.234+0000] {logging_mixin.py:137} INFO - [2022-12-27T11:23:05.233+0000] {dag.py:3427} INFO - Setting next_dagrun for example_subdag_operator to 2022-01-01T00:00:00+00:00, run_after=2022-01-01T00:00:00+00:00
[2022-12-27T11:23:05.242+0000] {logging_mixin.py:137} INFO - [2022-12-27T11:23:05.241+0000] {dag.py:3427} INFO - Setting next_dagrun for example_subdag_operator.section-1 to None, run_after=None
[2022-12-27T11:23:05.245+0000] {logging_mixin.py:137} INFO - [2022-12-27T11:23:05.245+0000] {dag.py:3427} INFO - Setting next_dagrun for example_subdag_operator.section-2 to None, run_after=None
[2022-12-27T11:23:05.262+0000] {logging_mixin.py:137} INFO - [2022-12-27T11:23:05.262+0000] {dag.py:2676} INFO - Sync 2 DAGs
[2022-12-27T11:23:05.278+0000] {logging_mixin.py:137} INFO - [2022-12-27T11:23:05.278+0000] {dag.py:3427} INFO - Setting next_dagrun for example_subdag_operator.section-1 to None, run_after=None
[2022-12-27T11:23:05.279+0000] {logging_mixin.py:137} INFO - [2022-12-27T11:23:05.279+0000] {dag.py:3427} INFO - Setting next_dagrun for example_subdag_operator.section-2 to None, run_after=None
[2022-12-27T11:23:05.323+0000] {processor.py:175} INFO - Processing /home/airflow/.local/lib/python3.7/site-packages/airflow/example_dags/example_subdag_operator.py took 0.342 seconds
[2022-12-27T11:23:35.721+0000] {processor.py:153} INFO - Started process (PID=214) to work on /home/airflow/.local/lib/python3.7/site-packages/airflow/example_dags/example_subdag_operator.py
[2022-12-27T11:23:35.722+0000] {processor.py:743} INFO - Processing file /home/airflow/.local/lib/python3.7/site-packages/airflow/example_dags/example_subdag_operator.py for tasks to queue
[2022-12-27T11:23:35.723+0000] {logging_mixin.py:137} INFO - [2022-12-27T11:23:35.723+0000] {dagbag.py:538} INFO - Filling up the DagBag from /home/airflow/.local/lib/python3.7/site-packages/airflow/example_dags/example_subdag_operator.py
[2022-12-27T11:23:35.767+0000] {processor.py:753} INFO - DAG(s) dict_keys(['example_subdag_operator.section-1', 'example_subdag_operator.section-2', 'example_subdag_operator']) retrieved from /home/airflow/.local/lib/python3.7/site-packages/airflow/example_dags/example_subdag_operator.py
[2022-12-27T11:23:35.798+0000] {logging_mixin.py:137} INFO - [2022-12-27T11:23:35.798+0000] {dag.py:2676} INFO - Sync 3 DAGs
[2022-12-27T11:23:35.824+0000] {logging_mixin.py:137} INFO - [2022-12-27T11:23:35.824+0000] {dag.py:3427} INFO - Setting next_dagrun for example_subdag_operator to 2022-01-01T00:00:00+00:00, run_after=2022-01-01T00:00:00+00:00
[2022-12-27T11:23:35.827+0000] {logging_mixin.py:137} INFO - [2022-12-27T11:23:35.827+0000] {dag.py:3427} INFO - Setting next_dagrun for example_subdag_operator.section-1 to None, run_after=None
[2022-12-27T11:23:35.828+0000] {logging_mixin.py:137} INFO - [2022-12-27T11:23:35.828+0000] {dag.py:3427} INFO - Setting next_dagrun for example_subdag_operator.section-2 to None, run_after=None
[2022-12-27T11:23:35.836+0000] {logging_mixin.py:137} INFO - [2022-12-27T11:23:35.836+0000] {dag.py:2676} INFO - Sync 2 DAGs
[2022-12-27T11:23:35.841+0000] {logging_mixin.py:137} INFO - [2022-12-27T11:23:35.841+0000] {dag.py:3427} INFO - Setting next_dagrun for example_subdag_operator.section-1 to None, run_after=None
[2022-12-27T11:23:35.841+0000] {logging_mixin.py:137} INFO - [2022-12-27T11:23:35.841+0000] {dag.py:3427} INFO - Setting next_dagrun for example_subdag_operator.section-2 to None, run_after=None
[2022-12-27T11:23:35.882+0000] {processor.py:175} INFO - Processing /home/airflow/.local/lib/python3.7/site-packages/airflow/example_dags/example_subdag_operator.py took 0.168 seconds
[2022-12-27T11:24:05.954+0000] {processor.py:153} INFO - Started process (PID=277) to work on /home/airflow/.local/lib/python3.7/site-packages/airflow/example_dags/example_subdag_operator.py
[2022-12-27T11:24:05.955+0000] {processor.py:743} INFO - Processing file /home/airflow/.local/lib/python3.7/site-packages/airflow/example_dags/example_subdag_operator.py for tasks to queue
[2022-12-27T11:24:05.956+0000] {logging_mixin.py:137} INFO - [2022-12-27T11:24:05.956+0000] {dagbag.py:538} INFO - Filling up the DagBag from /home/airflow/.local/lib/python3.7/site-packages/airflow/example_dags/example_subdag_operator.py
[2022-12-27T11:24:05.999+0000] {processor.py:753} INFO - DAG(s) dict_keys(['example_subdag_operator.section-1', 'example_subdag_operator.section-2', 'example_subdag_operator']) retrieved from /home/airflow/.local/lib/python3.7/site-packages/airflow/example_dags/example_subdag_operator.py
[2022-12-27T11:24:06.051+0000] {logging_mixin.py:137} INFO - [2022-12-27T11:24:06.051+0000] {dag.py:2676} INFO - Sync 3 DAGs
[2022-12-27T11:24:06.090+0000] {logging_mixin.py:137} INFO - [2022-12-27T11:24:06.089+0000] {dag.py:3427} INFO - Setting next_dagrun for example_subdag_operator to 2022-01-01T00:00:00+00:00, run_after=2022-01-01T00:00:00+00:00
[2022-12-27T11:24:06.095+0000] {logging_mixin.py:137} INFO - [2022-12-27T11:24:06.094+0000] {dag.py:3427} INFO - Setting next_dagrun for example_subdag_operator.section-1 to None, run_after=None
[2022-12-27T11:24:06.097+0000] {logging_mixin.py:137} INFO - [2022-12-27T11:24:06.097+0000] {dag.py:3427} INFO - Setting next_dagrun for example_subdag_operator.section-2 to None, run_after=None
[2022-12-27T11:24:06.106+0000] {logging_mixin.py:137} INFO - [2022-12-27T11:24:06.106+0000] {dag.py:2676} INFO - Sync 2 DAGs
[2022-12-27T11:24:06.115+0000] {logging_mixin.py:137} INFO - [2022-12-27T11:24:06.114+0000] {dag.py:3427} INFO - Setting next_dagrun for example_subdag_operator.section-1 to None, run_after=None
[2022-12-27T11:24:06.115+0000] {logging_mixin.py:137} INFO - [2022-12-27T11:24:06.115+0000] {dag.py:3427} INFO - Setting next_dagrun for example_subdag_operator.section-2 to None, run_after=None
[2022-12-27T11:24:06.197+0000] {processor.py:175} INFO - Processing /home/airflow/.local/lib/python3.7/site-packages/airflow/example_dags/example_subdag_operator.py took 0.250 seconds
[2022-12-27T11:24:37.307+0000] {processor.py:153} INFO - Started process (PID=350) to work on /home/airflow/.local/lib/python3.7/site-packages/airflow/example_dags/example_subdag_operator.py
[2022-12-27T11:24:37.309+0000] {processor.py:743} INFO - Processing file /home/airflow/.local/lib/python3.7/site-packages/airflow/example_dags/example_subdag_operator.py for tasks to queue
[2022-12-27T11:24:37.311+0000] {logging_mixin.py:137} INFO - [2022-12-27T11:24:37.311+0000] {dagbag.py:538} INFO - Filling up the DagBag from /home/airflow/.local/lib/python3.7/site-packages/airflow/example_dags/example_subdag_operator.py
[2022-12-27T11:24:37.397+0000] {processor.py:753} INFO - DAG(s) dict_keys(['example_subdag_operator.section-1', 'example_subdag_operator.section-2', 'example_subdag_operator']) retrieved from /home/airflow/.local/lib/python3.7/site-packages/airflow/example_dags/example_subdag_operator.py
[2022-12-27T11:24:37.484+0000] {logging_mixin.py:137} INFO - [2022-12-27T11:24:37.484+0000] {dag.py:2676} INFO - Sync 3 DAGs
[2022-12-27T11:24:37.541+0000] {logging_mixin.py:137} INFO - [2022-12-27T11:24:37.540+0000] {dag.py:3427} INFO - Setting next_dagrun for example_subdag_operator to 2022-01-01T00:00:00+00:00, run_after=2022-01-01T00:00:00+00:00
[2022-12-27T11:24:37.554+0000] {logging_mixin.py:137} INFO - [2022-12-27T11:24:37.553+0000] {dag.py:3427} INFO - Setting next_dagrun for example_subdag_operator.section-1 to None, run_after=None
[2022-12-27T11:24:37.556+0000] {logging_mixin.py:137} INFO - [2022-12-27T11:24:37.556+0000] {dag.py:3427} INFO - Setting next_dagrun for example_subdag_operator.section-2 to None, run_after=None
[2022-12-27T11:24:37.573+0000] {logging_mixin.py:137} INFO - [2022-12-27T11:24:37.573+0000] {dag.py:2676} INFO - Sync 2 DAGs
[2022-12-27T11:24:37.584+0000] {logging_mixin.py:137} INFO - [2022-12-27T11:24:37.584+0000] {dag.py:3427} INFO - Setting next_dagrun for example_subdag_operator.section-1 to None, run_after=None
[2022-12-27T11:24:37.585+0000] {logging_mixin.py:137} INFO - [2022-12-27T11:24:37.585+0000] {dag.py:3427} INFO - Setting next_dagrun for example_subdag_operator.section-2 to None, run_after=None
[2022-12-27T11:24:37.640+0000] {processor.py:175} INFO - Processing /home/airflow/.local/lib/python3.7/site-packages/airflow/example_dags/example_subdag_operator.py took 0.340 seconds
[2022-12-27T11:25:08.449+0000] {processor.py:153} INFO - Started process (PID=415) to work on /home/airflow/.local/lib/python3.7/site-packages/airflow/example_dags/example_subdag_operator.py
[2022-12-27T11:25:08.451+0000] {processor.py:743} INFO - Processing file /home/airflow/.local/lib/python3.7/site-packages/airflow/example_dags/example_subdag_operator.py for tasks to queue
[2022-12-27T11:25:08.451+0000] {logging_mixin.py:137} INFO - [2022-12-27T11:25:08.451+0000] {dagbag.py:538} INFO - Filling up the DagBag from /home/airflow/.local/lib/python3.7/site-packages/airflow/example_dags/example_subdag_operator.py
[2022-12-27T11:25:08.492+0000] {processor.py:753} INFO - DAG(s) dict_keys(['example_subdag_operator.section-1', 'example_subdag_operator.section-2', 'example_subdag_operator']) retrieved from /home/airflow/.local/lib/python3.7/site-packages/airflow/example_dags/example_subdag_operator.py
[2022-12-27T11:25:08.528+0000] {logging_mixin.py:137} INFO - [2022-12-27T11:25:08.528+0000] {dag.py:2676} INFO - Sync 3 DAGs
[2022-12-27T11:25:08.568+0000] {logging_mixin.py:137} INFO - [2022-12-27T11:25:08.567+0000] {dag.py:3427} INFO - Setting next_dagrun for example_subdag_operator to 2022-01-01T00:00:00+00:00, run_after=2022-01-01T00:00:00+00:00
[2022-12-27T11:25:08.573+0000] {logging_mixin.py:137} INFO - [2022-12-27T11:25:08.573+0000] {dag.py:3427} INFO - Setting next_dagrun for example_subdag_operator.section-1 to None, run_after=None
[2022-12-27T11:25:08.575+0000] {logging_mixin.py:137} INFO - [2022-12-27T11:25:08.575+0000] {dag.py:3427} INFO - Setting next_dagrun for example_subdag_operator.section-2 to None, run_after=None
[2022-12-27T11:25:08.586+0000] {logging_mixin.py:137} INFO - [2022-12-27T11:25:08.586+0000] {dag.py:2676} INFO - Sync 2 DAGs
[2022-12-27T11:25:08.594+0000] {logging_mixin.py:137} INFO - [2022-12-27T11:25:08.594+0000] {dag.py:3427} INFO - Setting next_dagrun for example_subdag_operator.section-1 to None, run_after=None
[2022-12-27T11:25:08.594+0000] {logging_mixin.py:137} INFO - [2022-12-27T11:25:08.594+0000] {dag.py:3427} INFO - Setting next_dagrun for example_subdag_operator.section-2 to None, run_after=None
[2022-12-27T11:25:08.816+0000] {processor.py:175} INFO - Processing /home/airflow/.local/lib/python3.7/site-packages/airflow/example_dags/example_subdag_operator.py took 0.371 seconds
[2022-12-27T11:25:38.968+0000] {processor.py:153} INFO - Started process (PID=477) to work on /home/airflow/.local/lib/python3.7/site-packages/airflow/example_dags/example_subdag_operator.py
[2022-12-27T11:25:38.969+0000] {processor.py:743} INFO - Processing file /home/airflow/.local/lib/python3.7/site-packages/airflow/example_dags/example_subdag_operator.py for tasks to queue
[2022-12-27T11:25:38.971+0000] {logging_mixin.py:137} INFO - [2022-12-27T11:25:38.970+0000] {dagbag.py:538} INFO - Filling up the DagBag from /home/airflow/.local/lib/python3.7/site-packages/airflow/example_dags/example_subdag_operator.py
[2022-12-27T11:25:39.024+0000] {processor.py:753} INFO - DAG(s) dict_keys(['example_subdag_operator.section-1', 'example_subdag_operator.section-2', 'example_subdag_operator']) retrieved from /home/airflow/.local/lib/python3.7/site-packages/airflow/example_dags/example_subdag_operator.py
[2022-12-27T11:25:39.070+0000] {logging_mixin.py:137} INFO - [2022-12-27T11:25:39.070+0000] {dag.py:2676} INFO - Sync 3 DAGs
[2022-12-27T11:25:39.112+0000] {logging_mixin.py:137} INFO - [2022-12-27T11:25:39.111+0000] {dag.py:3427} INFO - Setting next_dagrun for example_subdag_operator to 2022-01-01T00:00:00+00:00, run_after=2022-01-01T00:00:00+00:00
[2022-12-27T11:25:39.116+0000] {logging_mixin.py:137} INFO - [2022-12-27T11:25:39.116+0000] {dag.py:3427} INFO - Setting next_dagrun for example_subdag_operator.section-1 to None, run_after=None
[2022-12-27T11:25:39.117+0000] {logging_mixin.py:137} INFO - [2022-12-27T11:25:39.117+0000] {dag.py:3427} INFO - Setting next_dagrun for example_subdag_operator.section-2 to None, run_after=None
[2022-12-27T11:25:39.129+0000] {logging_mixin.py:137} INFO - [2022-12-27T11:25:39.129+0000] {dag.py:2676} INFO - Sync 2 DAGs
[2022-12-27T11:25:39.135+0000] {logging_mixin.py:137} INFO - [2022-12-27T11:25:39.135+0000] {dag.py:3427} INFO - Setting next_dagrun for example_subdag_operator.section-1 to None, run_after=None
[2022-12-27T11:25:39.136+0000] {logging_mixin.py:137} INFO - [2022-12-27T11:25:39.136+0000] {dag.py:3427} INFO - Setting next_dagrun for example_subdag_operator.section-2 to None, run_after=None
[2022-12-27T11:25:39.201+0000] {processor.py:175} INFO - Processing /home/airflow/.local/lib/python3.7/site-packages/airflow/example_dags/example_subdag_operator.py took 0.240 seconds
[2022-12-27T11:26:09.315+0000] {processor.py:153} INFO - Started process (PID=539) to work on /home/airflow/.local/lib/python3.7/site-packages/airflow/example_dags/example_subdag_operator.py
[2022-12-27T11:26:09.316+0000] {processor.py:743} INFO - Processing file /home/airflow/.local/lib/python3.7/site-packages/airflow/example_dags/example_subdag_operator.py for tasks to queue
[2022-12-27T11:26:09.317+0000] {logging_mixin.py:137} INFO - [2022-12-27T11:26:09.317+0000] {dagbag.py:538} INFO - Filling up the DagBag from /home/airflow/.local/lib/python3.7/site-packages/airflow/example_dags/example_subdag_operator.py
[2022-12-27T11:26:09.360+0000] {processor.py:753} INFO - DAG(s) dict_keys(['example_subdag_operator.section-1', 'example_subdag_operator.section-2', 'example_subdag_operator']) retrieved from /home/airflow/.local/lib/python3.7/site-packages/airflow/example_dags/example_subdag_operator.py
[2022-12-27T11:26:09.395+0000] {logging_mixin.py:137} INFO - [2022-12-27T11:26:09.395+0000] {dag.py:2676} INFO - Sync 3 DAGs
[2022-12-27T11:26:09.425+0000] {logging_mixin.py:137} INFO - [2022-12-27T11:26:09.425+0000] {dag.py:3427} INFO - Setting next_dagrun for example_subdag_operator to 2022-01-01T00:00:00+00:00, run_after=2022-01-01T00:00:00+00:00
[2022-12-27T11:26:09.429+0000] {logging_mixin.py:137} INFO - [2022-12-27T11:26:09.429+0000] {dag.py:3427} INFO - Setting next_dagrun for example_subdag_operator.section-1 to None, run_after=None
[2022-12-27T11:26:09.430+0000] {logging_mixin.py:137} INFO - [2022-12-27T11:26:09.430+0000] {dag.py:3427} INFO - Setting next_dagrun for example_subdag_operator.section-2 to None, run_after=None
[2022-12-27T11:26:09.439+0000] {logging_mixin.py:137} INFO - [2022-12-27T11:26:09.439+0000] {dag.py:2676} INFO - Sync 2 DAGs
[2022-12-27T11:26:09.446+0000] {logging_mixin.py:137} INFO - [2022-12-27T11:26:09.446+0000] {dag.py:3427} INFO - Setting next_dagrun for example_subdag_operator.section-1 to None, run_after=None
[2022-12-27T11:26:09.446+0000] {logging_mixin.py:137} INFO - [2022-12-27T11:26:09.446+0000] {dag.py:3427} INFO - Setting next_dagrun for example_subdag_operator.section-2 to None, run_after=None
[2022-12-27T11:26:09.675+0000] {processor.py:175} INFO - Processing /home/airflow/.local/lib/python3.7/site-packages/airflow/example_dags/example_subdag_operator.py took 0.366 seconds
[2022-12-27T11:26:39.856+0000] {processor.py:153} INFO - Started process (PID=601) to work on /home/airflow/.local/lib/python3.7/site-packages/airflow/example_dags/example_subdag_operator.py
[2022-12-27T11:26:39.858+0000] {processor.py:743} INFO - Processing file /home/airflow/.local/lib/python3.7/site-packages/airflow/example_dags/example_subdag_operator.py for tasks to queue
[2022-12-27T11:26:39.860+0000] {logging_mixin.py:137} INFO - [2022-12-27T11:26:39.859+0000] {dagbag.py:538} INFO - Filling up the DagBag from /home/airflow/.local/lib/python3.7/site-packages/airflow/example_dags/example_subdag_operator.py
[2022-12-27T11:26:39.935+0000] {processor.py:753} INFO - DAG(s) dict_keys(['example_subdag_operator.section-1', 'example_subdag_operator.section-2', 'example_subdag_operator']) retrieved from /home/airflow/.local/lib/python3.7/site-packages/airflow/example_dags/example_subdag_operator.py
[2022-12-27T11:26:40.018+0000] {logging_mixin.py:137} INFO - [2022-12-27T11:26:40.017+0000] {dag.py:2676} INFO - Sync 3 DAGs
[2022-12-27T11:26:40.088+0000] {logging_mixin.py:137} INFO - [2022-12-27T11:26:40.087+0000] {dag.py:3427} INFO - Setting next_dagrun for example_subdag_operator to 2022-01-01T00:00:00+00:00, run_after=2022-01-01T00:00:00+00:00
[2022-12-27T11:26:40.100+0000] {logging_mixin.py:137} INFO - [2022-12-27T11:26:40.099+0000] {dag.py:3427} INFO - Setting next_dagrun for example_subdag_operator.section-1 to None, run_after=None
[2022-12-27T11:26:40.103+0000] {logging_mixin.py:137} INFO - [2022-12-27T11:26:40.103+0000] {dag.py:3427} INFO - Setting next_dagrun for example_subdag_operator.section-2 to None, run_after=None
[2022-12-27T11:26:40.128+0000] {logging_mixin.py:137} INFO - [2022-12-27T11:26:40.127+0000] {dag.py:2676} INFO - Sync 2 DAGs
[2022-12-27T11:26:40.146+0000] {logging_mixin.py:137} INFO - [2022-12-27T11:26:40.145+0000] {dag.py:3427} INFO - Setting next_dagrun for example_subdag_operator.section-1 to None, run_after=None
[2022-12-27T11:26:40.147+0000] {logging_mixin.py:137} INFO - [2022-12-27T11:26:40.147+0000] {dag.py:3427} INFO - Setting next_dagrun for example_subdag_operator.section-2 to None, run_after=None
[2022-12-27T11:26:40.227+0000] {processor.py:175} INFO - Processing /home/airflow/.local/lib/python3.7/site-packages/airflow/example_dags/example_subdag_operator.py took 0.378 seconds
[2022-12-27T11:27:10.765+0000] {processor.py:153} INFO - Started process (PID=673) to work on /home/airflow/.local/lib/python3.7/site-packages/airflow/example_dags/example_subdag_operator.py
[2022-12-27T11:27:10.768+0000] {processor.py:743} INFO - Processing file /home/airflow/.local/lib/python3.7/site-packages/airflow/example_dags/example_subdag_operator.py for tasks to queue
[2022-12-27T11:27:10.770+0000] {logging_mixin.py:137} INFO - [2022-12-27T11:27:10.770+0000] {dagbag.py:538} INFO - Filling up the DagBag from /home/airflow/.local/lib/python3.7/site-packages/airflow/example_dags/example_subdag_operator.py
[2022-12-27T11:27:10.852+0000] {processor.py:753} INFO - DAG(s) dict_keys(['example_subdag_operator.section-1', 'example_subdag_operator.section-2', 'example_subdag_operator']) retrieved from /home/airflow/.local/lib/python3.7/site-packages/airflow/example_dags/example_subdag_operator.py
[2022-12-27T11:27:10.946+0000] {logging_mixin.py:137} INFO - [2022-12-27T11:27:10.945+0000] {dag.py:2676} INFO - Sync 3 DAGs
[2022-12-27T11:27:11.036+0000] {logging_mixin.py:137} INFO - [2022-12-27T11:27:11.036+0000] {dag.py:3427} INFO - Setting next_dagrun for example_subdag_operator to 2022-01-01T00:00:00+00:00, run_after=2022-01-01T00:00:00+00:00
[2022-12-27T11:27:11.047+0000] {logging_mixin.py:137} INFO - [2022-12-27T11:27:11.047+0000] {dag.py:3427} INFO - Setting next_dagrun for example_subdag_operator.section-1 to None, run_after=None
[2022-12-27T11:27:11.050+0000] {logging_mixin.py:137} INFO - [2022-12-27T11:27:11.050+0000] {dag.py:3427} INFO - Setting next_dagrun for example_subdag_operator.section-2 to None, run_after=None
[2022-12-27T11:27:11.070+0000] {logging_mixin.py:137} INFO - [2022-12-27T11:27:11.069+0000] {dag.py:2676} INFO - Sync 2 DAGs
[2022-12-27T11:27:11.088+0000] {logging_mixin.py:137} INFO - [2022-12-27T11:27:11.087+0000] {dag.py:3427} INFO - Setting next_dagrun for example_subdag_operator.section-1 to None, run_after=None
[2022-12-27T11:27:11.089+0000] {logging_mixin.py:137} INFO - [2022-12-27T11:27:11.088+0000] {dag.py:3427} INFO - Setting next_dagrun for example_subdag_operator.section-2 to None, run_after=None
[2022-12-27T11:27:11.222+0000] {processor.py:175} INFO - Processing /home/airflow/.local/lib/python3.7/site-packages/airflow/example_dags/example_subdag_operator.py took 0.466 seconds
[2022-12-27T11:27:41.401+0000] {processor.py:153} INFO - Started process (PID=735) to work on /home/airflow/.local/lib/python3.7/site-packages/airflow/example_dags/example_subdag_operator.py
[2022-12-27T11:27:41.402+0000] {processor.py:743} INFO - Processing file /home/airflow/.local/lib/python3.7/site-packages/airflow/example_dags/example_subdag_operator.py for tasks to queue
[2022-12-27T11:27:41.404+0000] {logging_mixin.py:137} INFO - [2022-12-27T11:27:41.404+0000] {dagbag.py:538} INFO - Filling up the DagBag from /home/airflow/.local/lib/python3.7/site-packages/airflow/example_dags/example_subdag_operator.py
[2022-12-27T11:27:41.482+0000] {processor.py:753} INFO - DAG(s) dict_keys(['example_subdag_operator.section-1', 'example_subdag_operator.section-2', 'example_subdag_operator']) retrieved from /home/airflow/.local/lib/python3.7/site-packages/airflow/example_dags/example_subdag_operator.py
[2022-12-27T11:27:41.548+0000] {logging_mixin.py:137} INFO - [2022-12-27T11:27:41.548+0000] {dag.py:2676} INFO - Sync 3 DAGs
[2022-12-27T11:27:41.607+0000] {logging_mixin.py:137} INFO - [2022-12-27T11:27:41.607+0000] {dag.py:3427} INFO - Setting next_dagrun for example_subdag_operator to 2022-01-01T00:00:00+00:00, run_after=2022-01-01T00:00:00+00:00
[2022-12-27T11:27:41.614+0000] {logging_mixin.py:137} INFO - [2022-12-27T11:27:41.614+0000] {dag.py:3427} INFO - Setting next_dagrun for example_subdag_operator.section-1 to None, run_after=None
[2022-12-27T11:27:41.617+0000] {logging_mixin.py:137} INFO - [2022-12-27T11:27:41.617+0000] {dag.py:3427} INFO - Setting next_dagrun for example_subdag_operator.section-2 to None, run_after=None
[2022-12-27T11:27:41.634+0000] {logging_mixin.py:137} INFO - [2022-12-27T11:27:41.634+0000] {dag.py:2676} INFO - Sync 2 DAGs
[2022-12-27T11:27:41.642+0000] {logging_mixin.py:137} INFO - [2022-12-27T11:27:41.642+0000] {dag.py:3427} INFO - Setting next_dagrun for example_subdag_operator.section-1 to None, run_after=None
[2022-12-27T11:27:41.643+0000] {logging_mixin.py:137} INFO - [2022-12-27T11:27:41.643+0000] {dag.py:3427} INFO - Setting next_dagrun for example_subdag_operator.section-2 to None, run_after=None
[2022-12-27T11:27:41.779+0000] {processor.py:175} INFO - Processing /home/airflow/.local/lib/python3.7/site-packages/airflow/example_dags/example_subdag_operator.py took 0.385 seconds
[2022-12-27T11:28:12.351+0000] {processor.py:153} INFO - Started process (PID=797) to work on /home/airflow/.local/lib/python3.7/site-packages/airflow/example_dags/example_subdag_operator.py
[2022-12-27T11:28:12.354+0000] {processor.py:743} INFO - Processing file /home/airflow/.local/lib/python3.7/site-packages/airflow/example_dags/example_subdag_operator.py for tasks to queue
[2022-12-27T11:28:12.356+0000] {logging_mixin.py:137} INFO - [2022-12-27T11:28:12.356+0000] {dagbag.py:538} INFO - Filling up the DagBag from /home/airflow/.local/lib/python3.7/site-packages/airflow/example_dags/example_subdag_operator.py
[2022-12-27T11:28:12.450+0000] {processor.py:753} INFO - DAG(s) dict_keys(['example_subdag_operator.section-1', 'example_subdag_operator.section-2', 'example_subdag_operator']) retrieved from /home/airflow/.local/lib/python3.7/site-packages/airflow/example_dags/example_subdag_operator.py
[2022-12-27T11:28:12.540+0000] {logging_mixin.py:137} INFO - [2022-12-27T11:28:12.540+0000] {dag.py:2676} INFO - Sync 3 DAGs
[2022-12-27T11:28:12.624+0000] {logging_mixin.py:137} INFO - [2022-12-27T11:28:12.624+0000] {dag.py:3427} INFO - Setting next_dagrun for example_subdag_operator to 2022-01-01T00:00:00+00:00, run_after=2022-01-01T00:00:00+00:00
[2022-12-27T11:28:12.632+0000] {logging_mixin.py:137} INFO - [2022-12-27T11:28:12.632+0000] {dag.py:3427} INFO - Setting next_dagrun for example_subdag_operator.section-1 to None, run_after=None
[2022-12-27T11:28:12.635+0000] {logging_mixin.py:137} INFO - [2022-12-27T11:28:12.634+0000] {dag.py:3427} INFO - Setting next_dagrun for example_subdag_operator.section-2 to None, run_after=None
[2022-12-27T11:28:12.652+0000] {logging_mixin.py:137} INFO - [2022-12-27T11:28:12.652+0000] {dag.py:2676} INFO - Sync 2 DAGs
[2022-12-27T11:28:12.667+0000] {logging_mixin.py:137} INFO - [2022-12-27T11:28:12.667+0000] {dag.py:3427} INFO - Setting next_dagrun for example_subdag_operator.section-1 to None, run_after=None
[2022-12-27T11:28:12.668+0000] {logging_mixin.py:137} INFO - [2022-12-27T11:28:12.667+0000] {dag.py:3427} INFO - Setting next_dagrun for example_subdag_operator.section-2 to None, run_after=None
[2022-12-27T11:28:12.812+0000] {processor.py:175} INFO - Processing /home/airflow/.local/lib/python3.7/site-packages/airflow/example_dags/example_subdag_operator.py took 0.471 seconds
[2022-12-27T11:28:43.766+0000] {processor.py:153} INFO - Started process (PID=872) to work on /home/airflow/.local/lib/python3.7/site-packages/airflow/example_dags/example_subdag_operator.py
[2022-12-27T11:28:43.767+0000] {processor.py:743} INFO - Processing file /home/airflow/.local/lib/python3.7/site-packages/airflow/example_dags/example_subdag_operator.py for tasks to queue
[2022-12-27T11:28:43.768+0000] {logging_mixin.py:137} INFO - [2022-12-27T11:28:43.768+0000] {dagbag.py:538} INFO - Filling up the DagBag from /home/airflow/.local/lib/python3.7/site-packages/airflow/example_dags/example_subdag_operator.py
[2022-12-27T11:28:43.836+0000] {processor.py:753} INFO - DAG(s) dict_keys(['example_subdag_operator.section-1', 'example_subdag_operator.section-2', 'example_subdag_operator']) retrieved from /home/airflow/.local/lib/python3.7/site-packages/airflow/example_dags/example_subdag_operator.py
[2022-12-27T11:28:43.904+0000] {logging_mixin.py:137} INFO - [2022-12-27T11:28:43.903+0000] {dag.py:2676} INFO - Sync 3 DAGs
[2022-12-27T11:28:43.961+0000] {logging_mixin.py:137} INFO - [2022-12-27T11:28:43.960+0000] {dag.py:3427} INFO - Setting next_dagrun for example_subdag_operator to 2022-01-01T00:00:00+00:00, run_after=2022-01-01T00:00:00+00:00
[2022-12-27T11:28:43.968+0000] {logging_mixin.py:137} INFO - [2022-12-27T11:28:43.968+0000] {dag.py:3427} INFO - Setting next_dagrun for example_subdag_operator.section-1 to None, run_after=None
[2022-12-27T11:28:43.971+0000] {logging_mixin.py:137} INFO - [2022-12-27T11:28:43.971+0000] {dag.py:3427} INFO - Setting next_dagrun for example_subdag_operator.section-2 to None, run_after=None
[2022-12-27T11:28:43.990+0000] {logging_mixin.py:137} INFO - [2022-12-27T11:28:43.989+0000] {dag.py:2676} INFO - Sync 2 DAGs
[2022-12-27T11:28:44.003+0000] {logging_mixin.py:137} INFO - [2022-12-27T11:28:44.003+0000] {dag.py:3427} INFO - Setting next_dagrun for example_subdag_operator.section-1 to None, run_after=None
[2022-12-27T11:28:44.004+0000] {logging_mixin.py:137} INFO - [2022-12-27T11:28:44.004+0000] {dag.py:3427} INFO - Setting next_dagrun for example_subdag_operator.section-2 to None, run_after=None
[2022-12-27T11:28:44.117+0000] {processor.py:175} INFO - Processing /home/airflow/.local/lib/python3.7/site-packages/airflow/example_dags/example_subdag_operator.py took 0.355 seconds
[2022-12-27T11:29:14.592+0000] {processor.py:153} INFO - Started process (PID=934) to work on /home/airflow/.local/lib/python3.7/site-packages/airflow/example_dags/example_subdag_operator.py
[2022-12-27T11:29:14.593+0000] {processor.py:743} INFO - Processing file /home/airflow/.local/lib/python3.7/site-packages/airflow/example_dags/example_subdag_operator.py for tasks to queue
[2022-12-27T11:29:14.594+0000] {logging_mixin.py:137} INFO - [2022-12-27T11:29:14.594+0000] {dagbag.py:538} INFO - Filling up the DagBag from /home/airflow/.local/lib/python3.7/site-packages/airflow/example_dags/example_subdag_operator.py
[2022-12-27T11:29:14.641+0000] {processor.py:753} INFO - DAG(s) dict_keys(['example_subdag_operator.section-1', 'example_subdag_operator.section-2', 'example_subdag_operator']) retrieved from /home/airflow/.local/lib/python3.7/site-packages/airflow/example_dags/example_subdag_operator.py
[2022-12-27T11:29:14.682+0000] {logging_mixin.py:137} INFO - [2022-12-27T11:29:14.682+0000] {dag.py:2676} INFO - Sync 3 DAGs
[2022-12-27T11:29:14.711+0000] {logging_mixin.py:137} INFO - [2022-12-27T11:29:14.711+0000] {dag.py:3427} INFO - Setting next_dagrun for example_subdag_operator to 2022-01-01T00:00:00+00:00, run_after=2022-01-01T00:00:00+00:00
[2022-12-27T11:29:14.715+0000] {logging_mixin.py:137} INFO - [2022-12-27T11:29:14.715+0000] {dag.py:3427} INFO - Setting next_dagrun for example_subdag_operator.section-1 to None, run_after=None
[2022-12-27T11:29:14.717+0000] {logging_mixin.py:137} INFO - [2022-12-27T11:29:14.716+0000] {dag.py:3427} INFO - Setting next_dagrun for example_subdag_operator.section-2 to None, run_after=None
[2022-12-27T11:29:14.725+0000] {logging_mixin.py:137} INFO - [2022-12-27T11:29:14.725+0000] {dag.py:2676} INFO - Sync 2 DAGs
[2022-12-27T11:29:14.732+0000] {logging_mixin.py:137} INFO - [2022-12-27T11:29:14.731+0000] {dag.py:3427} INFO - Setting next_dagrun for example_subdag_operator.section-1 to None, run_after=None
[2022-12-27T11:29:14.732+0000] {logging_mixin.py:137} INFO - [2022-12-27T11:29:14.732+0000] {dag.py:3427} INFO - Setting next_dagrun for example_subdag_operator.section-2 to None, run_after=None
[2022-12-27T11:29:14.781+0000] {processor.py:175} INFO - Processing /home/airflow/.local/lib/python3.7/site-packages/airflow/example_dags/example_subdag_operator.py took 0.192 seconds
[2022-12-27T11:29:45.364+0000] {processor.py:153} INFO - Started process (PID=996) to work on /home/airflow/.local/lib/python3.7/site-packages/airflow/example_dags/example_subdag_operator.py
[2022-12-27T11:29:45.365+0000] {processor.py:743} INFO - Processing file /home/airflow/.local/lib/python3.7/site-packages/airflow/example_dags/example_subdag_operator.py for tasks to queue
[2022-12-27T11:29:45.367+0000] {logging_mixin.py:137} INFO - [2022-12-27T11:29:45.367+0000] {dagbag.py:538} INFO - Filling up the DagBag from /home/airflow/.local/lib/python3.7/site-packages/airflow/example_dags/example_subdag_operator.py
[2022-12-27T11:29:45.413+0000] {processor.py:753} INFO - DAG(s) dict_keys(['example_subdag_operator.section-1', 'example_subdag_operator.section-2', 'example_subdag_operator']) retrieved from /home/airflow/.local/lib/python3.7/site-packages/airflow/example_dags/example_subdag_operator.py
[2022-12-27T11:29:45.449+0000] {logging_mixin.py:137} INFO - [2022-12-27T11:29:45.449+0000] {dag.py:2676} INFO - Sync 3 DAGs
[2022-12-27T11:29:45.487+0000] {logging_mixin.py:137} INFO - [2022-12-27T11:29:45.487+0000] {dag.py:3427} INFO - Setting next_dagrun for example_subdag_operator to 2022-01-01T00:00:00+00:00, run_after=2022-01-01T00:00:00+00:00
[2022-12-27T11:29:45.491+0000] {logging_mixin.py:137} INFO - [2022-12-27T11:29:45.491+0000] {dag.py:3427} INFO - Setting next_dagrun for example_subdag_operator.section-1 to None, run_after=None
[2022-12-27T11:29:45.493+0000] {logging_mixin.py:137} INFO - [2022-12-27T11:29:45.492+0000] {dag.py:3427} INFO - Setting next_dagrun for example_subdag_operator.section-2 to None, run_after=None
[2022-12-27T11:29:45.502+0000] {logging_mixin.py:137} INFO - [2022-12-27T11:29:45.502+0000] {dag.py:2676} INFO - Sync 2 DAGs
[2022-12-27T11:29:45.508+0000] {logging_mixin.py:137} INFO - [2022-12-27T11:29:45.508+0000] {dag.py:3427} INFO - Setting next_dagrun for example_subdag_operator.section-1 to None, run_after=None
[2022-12-27T11:29:45.508+0000] {logging_mixin.py:137} INFO - [2022-12-27T11:29:45.508+0000] {dag.py:3427} INFO - Setting next_dagrun for example_subdag_operator.section-2 to None, run_after=None
[2022-12-27T11:29:45.861+0000] {processor.py:175} INFO - Processing /home/airflow/.local/lib/python3.7/site-packages/airflow/example_dags/example_subdag_operator.py took 0.503 seconds
[2022-12-27T11:30:16.202+0000] {processor.py:153} INFO - Started process (PID=1070) to work on /home/airflow/.local/lib/python3.7/site-packages/airflow/example_dags/example_subdag_operator.py
[2022-12-27T11:30:16.204+0000] {processor.py:743} INFO - Processing file /home/airflow/.local/lib/python3.7/site-packages/airflow/example_dags/example_subdag_operator.py for tasks to queue
[2022-12-27T11:30:16.206+0000] {logging_mixin.py:137} INFO - [2022-12-27T11:30:16.205+0000] {dagbag.py:538} INFO - Filling up the DagBag from /home/airflow/.local/lib/python3.7/site-packages/airflow/example_dags/example_subdag_operator.py
[2022-12-27T11:30:16.280+0000] {processor.py:753} INFO - DAG(s) dict_keys(['example_subdag_operator.section-1', 'example_subdag_operator.section-2', 'example_subdag_operator']) retrieved from /home/airflow/.local/lib/python3.7/site-packages/airflow/example_dags/example_subdag_operator.py
[2022-12-27T11:30:16.369+0000] {logging_mixin.py:137} INFO - [2022-12-27T11:30:16.368+0000] {dag.py:2676} INFO - Sync 3 DAGs
[2022-12-27T11:30:16.437+0000] {logging_mixin.py:137} INFO - [2022-12-27T11:30:16.437+0000] {dag.py:3427} INFO - Setting next_dagrun for example_subdag_operator to 2022-01-01T00:00:00+00:00, run_after=2022-01-01T00:00:00+00:00
[2022-12-27T11:30:16.445+0000] {logging_mixin.py:137} INFO - [2022-12-27T11:30:16.445+0000] {dag.py:3427} INFO - Setting next_dagrun for example_subdag_operator.section-1 to None, run_after=None
[2022-12-27T11:30:16.449+0000] {logging_mixin.py:137} INFO - [2022-12-27T11:30:16.449+0000] {dag.py:3427} INFO - Setting next_dagrun for example_subdag_operator.section-2 to None, run_after=None
[2022-12-27T11:30:16.468+0000] {logging_mixin.py:137} INFO - [2022-12-27T11:30:16.468+0000] {dag.py:2676} INFO - Sync 2 DAGs
[2022-12-27T11:30:16.484+0000] {logging_mixin.py:137} INFO - [2022-12-27T11:30:16.484+0000] {dag.py:3427} INFO - Setting next_dagrun for example_subdag_operator.section-1 to None, run_after=None
[2022-12-27T11:30:16.486+0000] {logging_mixin.py:137} INFO - [2022-12-27T11:30:16.485+0000] {dag.py:3427} INFO - Setting next_dagrun for example_subdag_operator.section-2 to None, run_after=None
[2022-12-27T11:30:16.723+0000] {processor.py:175} INFO - Processing /home/airflow/.local/lib/python3.7/site-packages/airflow/example_dags/example_subdag_operator.py took 0.529 seconds
[2022-12-27T11:30:47.361+0000] {processor.py:153} INFO - Started process (PID=1132) to work on /home/airflow/.local/lib/python3.7/site-packages/airflow/example_dags/example_subdag_operator.py
[2022-12-27T11:30:47.362+0000] {processor.py:743} INFO - Processing file /home/airflow/.local/lib/python3.7/site-packages/airflow/example_dags/example_subdag_operator.py for tasks to queue
[2022-12-27T11:30:47.363+0000] {logging_mixin.py:137} INFO - [2022-12-27T11:30:47.363+0000] {dagbag.py:538} INFO - Filling up the DagBag from /home/airflow/.local/lib/python3.7/site-packages/airflow/example_dags/example_subdag_operator.py
[2022-12-27T11:30:47.410+0000] {processor.py:753} INFO - DAG(s) dict_keys(['example_subdag_operator.section-1', 'example_subdag_operator.section-2', 'example_subdag_operator']) retrieved from /home/airflow/.local/lib/python3.7/site-packages/airflow/example_dags/example_subdag_operator.py
[2022-12-27T11:30:47.465+0000] {logging_mixin.py:137} INFO - [2022-12-27T11:30:47.465+0000] {dag.py:2676} INFO - Sync 3 DAGs
[2022-12-27T11:30:47.562+0000] {logging_mixin.py:137} INFO - [2022-12-27T11:30:47.561+0000] {dag.py:3427} INFO - Setting next_dagrun for example_subdag_operator to 2022-01-01T00:00:00+00:00, run_after=2022-01-01T00:00:00+00:00
[2022-12-27T11:30:47.569+0000] {logging_mixin.py:137} INFO - [2022-12-27T11:30:47.569+0000] {dag.py:3427} INFO - Setting next_dagrun for example_subdag_operator.section-1 to None, run_after=None
[2022-12-27T11:30:47.572+0000] {logging_mixin.py:137} INFO - [2022-12-27T11:30:47.572+0000] {dag.py:3427} INFO - Setting next_dagrun for example_subdag_operator.section-2 to None, run_after=None
[2022-12-27T11:30:47.594+0000] {logging_mixin.py:137} INFO - [2022-12-27T11:30:47.594+0000] {dag.py:2676} INFO - Sync 2 DAGs
[2022-12-27T11:30:47.605+0000] {logging_mixin.py:137} INFO - [2022-12-27T11:30:47.604+0000] {dag.py:3427} INFO - Setting next_dagrun for example_subdag_operator.section-1 to None, run_after=None
[2022-12-27T11:30:47.606+0000] {logging_mixin.py:137} INFO - [2022-12-27T11:30:47.605+0000] {dag.py:3427} INFO - Setting next_dagrun for example_subdag_operator.section-2 to None, run_after=None
[2022-12-27T11:30:47.701+0000] {processor.py:175} INFO - Processing /home/airflow/.local/lib/python3.7/site-packages/airflow/example_dags/example_subdag_operator.py took 0.345 seconds
[2022-12-27T11:31:17.768+0000] {processor.py:153} INFO - Started process (PID=1201) to work on /home/airflow/.local/lib/python3.7/site-packages/airflow/example_dags/example_subdag_operator.py
[2022-12-27T11:31:17.769+0000] {processor.py:743} INFO - Processing file /home/airflow/.local/lib/python3.7/site-packages/airflow/example_dags/example_subdag_operator.py for tasks to queue
[2022-12-27T11:31:17.770+0000] {logging_mixin.py:137} INFO - [2022-12-27T11:31:17.770+0000] {dagbag.py:538} INFO - Filling up the DagBag from /home/airflow/.local/lib/python3.7/site-packages/airflow/example_dags/example_subdag_operator.py
[2022-12-27T11:31:17.812+0000] {processor.py:753} INFO - DAG(s) dict_keys(['example_subdag_operator.section-1', 'example_subdag_operator.section-2', 'example_subdag_operator']) retrieved from /home/airflow/.local/lib/python3.7/site-packages/airflow/example_dags/example_subdag_operator.py
[2022-12-27T11:31:17.847+0000] {logging_mixin.py:137} INFO - [2022-12-27T11:31:17.847+0000] {dag.py:2676} INFO - Sync 3 DAGs
[2022-12-27T11:31:17.879+0000] {logging_mixin.py:137} INFO - [2022-12-27T11:31:17.879+0000] {dag.py:3427} INFO - Setting next_dagrun for example_subdag_operator to 2022-01-01T00:00:00+00:00, run_after=2022-01-01T00:00:00+00:00
[2022-12-27T11:31:17.883+0000] {logging_mixin.py:137} INFO - [2022-12-27T11:31:17.883+0000] {dag.py:3427} INFO - Setting next_dagrun for example_subdag_operator.section-1 to None, run_after=None
[2022-12-27T11:31:17.884+0000] {logging_mixin.py:137} INFO - [2022-12-27T11:31:17.884+0000] {dag.py:3427} INFO - Setting next_dagrun for example_subdag_operator.section-2 to None, run_after=None
[2022-12-27T11:31:17.892+0000] {logging_mixin.py:137} INFO - [2022-12-27T11:31:17.892+0000] {dag.py:2676} INFO - Sync 2 DAGs
[2022-12-27T11:31:17.898+0000] {logging_mixin.py:137} INFO - [2022-12-27T11:31:17.898+0000] {dag.py:3427} INFO - Setting next_dagrun for example_subdag_operator.section-1 to None, run_after=None
[2022-12-27T11:31:17.899+0000] {logging_mixin.py:137} INFO - [2022-12-27T11:31:17.899+0000] {dag.py:3427} INFO - Setting next_dagrun for example_subdag_operator.section-2 to None, run_after=None
[2022-12-27T11:31:17.932+0000] {processor.py:175} INFO - Processing /home/airflow/.local/lib/python3.7/site-packages/airflow/example_dags/example_subdag_operator.py took 0.169 seconds
[2022-12-27T11:31:48.056+0000] {processor.py:153} INFO - Started process (PID=1268) to work on /home/airflow/.local/lib/python3.7/site-packages/airflow/example_dags/example_subdag_operator.py
[2022-12-27T11:31:48.058+0000] {processor.py:743} INFO - Processing file /home/airflow/.local/lib/python3.7/site-packages/airflow/example_dags/example_subdag_operator.py for tasks to queue
[2022-12-27T11:31:48.059+0000] {logging_mixin.py:137} INFO - [2022-12-27T11:31:48.059+0000] {dagbag.py:538} INFO - Filling up the DagBag from /home/airflow/.local/lib/python3.7/site-packages/airflow/example_dags/example_subdag_operator.py
[2022-12-27T11:31:48.098+0000] {processor.py:753} INFO - DAG(s) dict_keys(['example_subdag_operator.section-1', 'example_subdag_operator.section-2', 'example_subdag_operator']) retrieved from /home/airflow/.local/lib/python3.7/site-packages/airflow/example_dags/example_subdag_operator.py
[2022-12-27T11:31:48.129+0000] {logging_mixin.py:137} INFO - [2022-12-27T11:31:48.129+0000] {dag.py:2676} INFO - Sync 3 DAGs
[2022-12-27T11:31:48.154+0000] {logging_mixin.py:137} INFO - [2022-12-27T11:31:48.154+0000] {dag.py:3427} INFO - Setting next_dagrun for example_subdag_operator to 2022-01-01T00:00:00+00:00, run_after=2022-01-01T00:00:00+00:00
[2022-12-27T11:31:48.158+0000] {logging_mixin.py:137} INFO - [2022-12-27T11:31:48.158+0000] {dag.py:3427} INFO - Setting next_dagrun for example_subdag_operator.section-1 to None, run_after=None
[2022-12-27T11:31:48.159+0000] {logging_mixin.py:137} INFO - [2022-12-27T11:31:48.159+0000] {dag.py:3427} INFO - Setting next_dagrun for example_subdag_operator.section-2 to None, run_after=None
[2022-12-27T11:31:48.166+0000] {logging_mixin.py:137} INFO - [2022-12-27T11:31:48.166+0000] {dag.py:2676} INFO - Sync 2 DAGs
[2022-12-27T11:31:48.172+0000] {logging_mixin.py:137} INFO - [2022-12-27T11:31:48.172+0000] {dag.py:3427} INFO - Setting next_dagrun for example_subdag_operator.section-1 to None, run_after=None
[2022-12-27T11:31:48.172+0000] {logging_mixin.py:137} INFO - [2022-12-27T11:31:48.172+0000] {dag.py:3427} INFO - Setting next_dagrun for example_subdag_operator.section-2 to None, run_after=None
[2022-12-27T11:31:48.237+0000] {processor.py:175} INFO - Processing /home/airflow/.local/lib/python3.7/site-packages/airflow/example_dags/example_subdag_operator.py took 0.185 seconds
[2022-12-27T11:32:19.011+0000] {processor.py:153} INFO - Started process (PID=1331) to work on /home/airflow/.local/lib/python3.7/site-packages/airflow/example_dags/example_subdag_operator.py
[2022-12-27T11:32:19.012+0000] {processor.py:743} INFO - Processing file /home/airflow/.local/lib/python3.7/site-packages/airflow/example_dags/example_subdag_operator.py for tasks to queue
[2022-12-27T11:32:19.013+0000] {logging_mixin.py:137} INFO - [2022-12-27T11:32:19.013+0000] {dagbag.py:538} INFO - Filling up the DagBag from /home/airflow/.local/lib/python3.7/site-packages/airflow/example_dags/example_subdag_operator.py
[2022-12-27T11:32:19.054+0000] {processor.py:753} INFO - DAG(s) dict_keys(['example_subdag_operator.section-1', 'example_subdag_operator.section-2', 'example_subdag_operator']) retrieved from /home/airflow/.local/lib/python3.7/site-packages/airflow/example_dags/example_subdag_operator.py
[2022-12-27T11:32:19.093+0000] {logging_mixin.py:137} INFO - [2022-12-27T11:32:19.093+0000] {dag.py:2676} INFO - Sync 3 DAGs
[2022-12-27T11:32:19.127+0000] {logging_mixin.py:137} INFO - [2022-12-27T11:32:19.127+0000] {dag.py:3427} INFO - Setting next_dagrun for example_subdag_operator to 2022-01-01T00:00:00+00:00, run_after=2022-01-01T00:00:00+00:00
[2022-12-27T11:32:19.132+0000] {logging_mixin.py:137} INFO - [2022-12-27T11:32:19.132+0000] {dag.py:3427} INFO - Setting next_dagrun for example_subdag_operator.section-1 to None, run_after=None
[2022-12-27T11:32:19.133+0000] {logging_mixin.py:137} INFO - [2022-12-27T11:32:19.133+0000] {dag.py:3427} INFO - Setting next_dagrun for example_subdag_operator.section-2 to None, run_after=None
[2022-12-27T11:32:19.143+0000] {logging_mixin.py:137} INFO - [2022-12-27T11:32:19.143+0000] {dag.py:2676} INFO - Sync 2 DAGs
[2022-12-27T11:32:19.151+0000] {logging_mixin.py:137} INFO - [2022-12-27T11:32:19.151+0000] {dag.py:3427} INFO - Setting next_dagrun for example_subdag_operator.section-1 to None, run_after=None
[2022-12-27T11:32:19.152+0000] {logging_mixin.py:137} INFO - [2022-12-27T11:32:19.152+0000] {dag.py:3427} INFO - Setting next_dagrun for example_subdag_operator.section-2 to None, run_after=None
[2022-12-27T11:32:19.192+0000] {processor.py:175} INFO - Processing /home/airflow/.local/lib/python3.7/site-packages/airflow/example_dags/example_subdag_operator.py took 0.186 seconds
[2022-12-27T11:32:49.571+0000] {processor.py:153} INFO - Started process (PID=1401) to work on /home/airflow/.local/lib/python3.7/site-packages/airflow/example_dags/example_subdag_operator.py
[2022-12-27T11:32:49.573+0000] {processor.py:743} INFO - Processing file /home/airflow/.local/lib/python3.7/site-packages/airflow/example_dags/example_subdag_operator.py for tasks to queue
[2022-12-27T11:32:49.575+0000] {logging_mixin.py:137} INFO - [2022-12-27T11:32:49.574+0000] {dagbag.py:538} INFO - Filling up the DagBag from /home/airflow/.local/lib/python3.7/site-packages/airflow/example_dags/example_subdag_operator.py
[2022-12-27T11:32:49.659+0000] {processor.py:753} INFO - DAG(s) dict_keys(['example_subdag_operator.section-1', 'example_subdag_operator.section-2', 'example_subdag_operator']) retrieved from /home/airflow/.local/lib/python3.7/site-packages/airflow/example_dags/example_subdag_operator.py
[2022-12-27T11:32:49.738+0000] {logging_mixin.py:137} INFO - [2022-12-27T11:32:49.738+0000] {dag.py:2676} INFO - Sync 3 DAGs
[2022-12-27T11:32:49.795+0000] {logging_mixin.py:137} INFO - [2022-12-27T11:32:49.795+0000] {dag.py:3427} INFO - Setting next_dagrun for example_subdag_operator to 2022-01-01T00:00:00+00:00, run_after=2022-01-01T00:00:00+00:00
[2022-12-27T11:32:49.803+0000] {logging_mixin.py:137} INFO - [2022-12-27T11:32:49.803+0000] {dag.py:3427} INFO - Setting next_dagrun for example_subdag_operator.section-1 to None, run_after=None
[2022-12-27T11:32:49.806+0000] {logging_mixin.py:137} INFO - [2022-12-27T11:32:49.805+0000] {dag.py:3427} INFO - Setting next_dagrun for example_subdag_operator.section-2 to None, run_after=None
[2022-12-27T11:32:49.824+0000] {logging_mixin.py:137} INFO - [2022-12-27T11:32:49.823+0000] {dag.py:2676} INFO - Sync 2 DAGs
[2022-12-27T11:32:49.836+0000] {logging_mixin.py:137} INFO - [2022-12-27T11:32:49.836+0000] {dag.py:3427} INFO - Setting next_dagrun for example_subdag_operator.section-1 to None, run_after=None
[2022-12-27T11:32:49.837+0000] {logging_mixin.py:137} INFO - [2022-12-27T11:32:49.837+0000] {dag.py:3427} INFO - Setting next_dagrun for example_subdag_operator.section-2 to None, run_after=None
[2022-12-27T11:32:49.883+0000] {processor.py:175} INFO - Processing /home/airflow/.local/lib/python3.7/site-packages/airflow/example_dags/example_subdag_operator.py took 0.319 seconds
[2022-12-27T11:33:20.434+0000] {processor.py:153} INFO - Started process (PID=1468) to work on /home/airflow/.local/lib/python3.7/site-packages/airflow/example_dags/example_subdag_operator.py
[2022-12-27T11:33:20.435+0000] {processor.py:743} INFO - Processing file /home/airflow/.local/lib/python3.7/site-packages/airflow/example_dags/example_subdag_operator.py for tasks to queue
[2022-12-27T11:33:20.436+0000] {logging_mixin.py:137} INFO - [2022-12-27T11:33:20.436+0000] {dagbag.py:538} INFO - Filling up the DagBag from /home/airflow/.local/lib/python3.7/site-packages/airflow/example_dags/example_subdag_operator.py
[2022-12-27T11:33:20.496+0000] {processor.py:753} INFO - DAG(s) dict_keys(['example_subdag_operator.section-1', 'example_subdag_operator.section-2', 'example_subdag_operator']) retrieved from /home/airflow/.local/lib/python3.7/site-packages/airflow/example_dags/example_subdag_operator.py
[2022-12-27T11:33:20.530+0000] {logging_mixin.py:137} INFO - [2022-12-27T11:33:20.530+0000] {dag.py:2676} INFO - Sync 3 DAGs
[2022-12-27T11:33:20.559+0000] {logging_mixin.py:137} INFO - [2022-12-27T11:33:20.559+0000] {dag.py:3427} INFO - Setting next_dagrun for example_subdag_operator to 2022-01-01T00:00:00+00:00, run_after=2022-01-01T00:00:00+00:00
[2022-12-27T11:33:20.563+0000] {logging_mixin.py:137} INFO - [2022-12-27T11:33:20.563+0000] {dag.py:3427} INFO - Setting next_dagrun for example_subdag_operator.section-1 to None, run_after=None
[2022-12-27T11:33:20.565+0000] {logging_mixin.py:137} INFO - [2022-12-27T11:33:20.565+0000] {dag.py:3427} INFO - Setting next_dagrun for example_subdag_operator.section-2 to None, run_after=None
[2022-12-27T11:33:20.574+0000] {logging_mixin.py:137} INFO - [2022-12-27T11:33:20.573+0000] {dag.py:2676} INFO - Sync 2 DAGs
[2022-12-27T11:33:20.580+0000] {logging_mixin.py:137} INFO - [2022-12-27T11:33:20.580+0000] {dag.py:3427} INFO - Setting next_dagrun for example_subdag_operator.section-1 to None, run_after=None
[2022-12-27T11:33:20.580+0000] {logging_mixin.py:137} INFO - [2022-12-27T11:33:20.580+0000] {dag.py:3427} INFO - Setting next_dagrun for example_subdag_operator.section-2 to None, run_after=None
[2022-12-27T11:33:20.622+0000] {processor.py:175} INFO - Processing /home/airflow/.local/lib/python3.7/site-packages/airflow/example_dags/example_subdag_operator.py took 0.196 seconds
[2022-12-27T11:33:50.842+0000] {processor.py:153} INFO - Started process (PID=1530) to work on /home/airflow/.local/lib/python3.7/site-packages/airflow/example_dags/example_subdag_operator.py
[2022-12-27T11:33:50.843+0000] {processor.py:743} INFO - Processing file /home/airflow/.local/lib/python3.7/site-packages/airflow/example_dags/example_subdag_operator.py for tasks to queue
[2022-12-27T11:33:50.845+0000] {logging_mixin.py:137} INFO - [2022-12-27T11:33:50.844+0000] {dagbag.py:538} INFO - Filling up the DagBag from /home/airflow/.local/lib/python3.7/site-packages/airflow/example_dags/example_subdag_operator.py
[2022-12-27T11:33:50.886+0000] {processor.py:753} INFO - DAG(s) dict_keys(['example_subdag_operator.section-1', 'example_subdag_operator.section-2', 'example_subdag_operator']) retrieved from /home/airflow/.local/lib/python3.7/site-packages/airflow/example_dags/example_subdag_operator.py
[2022-12-27T11:33:50.922+0000] {logging_mixin.py:137} INFO - [2022-12-27T11:33:50.922+0000] {dag.py:2676} INFO - Sync 3 DAGs
[2022-12-27T11:33:50.950+0000] {logging_mixin.py:137} INFO - [2022-12-27T11:33:50.950+0000] {dag.py:3427} INFO - Setting next_dagrun for example_subdag_operator to 2022-01-01T00:00:00+00:00, run_after=2022-01-01T00:00:00+00:00
[2022-12-27T11:33:50.954+0000] {logging_mixin.py:137} INFO - [2022-12-27T11:33:50.954+0000] {dag.py:3427} INFO - Setting next_dagrun for example_subdag_operator.section-1 to None, run_after=None
[2022-12-27T11:33:50.956+0000] {logging_mixin.py:137} INFO - [2022-12-27T11:33:50.956+0000] {dag.py:3427} INFO - Setting next_dagrun for example_subdag_operator.section-2 to None, run_after=None
[2022-12-27T11:33:50.965+0000] {logging_mixin.py:137} INFO - [2022-12-27T11:33:50.964+0000] {dag.py:2676} INFO - Sync 2 DAGs
[2022-12-27T11:33:50.971+0000] {logging_mixin.py:137} INFO - [2022-12-27T11:33:50.971+0000] {dag.py:3427} INFO - Setting next_dagrun for example_subdag_operator.section-1 to None, run_after=None
[2022-12-27T11:33:50.971+0000] {logging_mixin.py:137} INFO - [2022-12-27T11:33:50.971+0000] {dag.py:3427} INFO - Setting next_dagrun for example_subdag_operator.section-2 to None, run_after=None
[2022-12-27T11:33:51.043+0000] {processor.py:175} INFO - Processing /home/airflow/.local/lib/python3.7/site-packages/airflow/example_dags/example_subdag_operator.py took 0.206 seconds
[2022-12-27T11:34:21.082+0000] {processor.py:153} INFO - Started process (PID=1591) to work on /home/airflow/.local/lib/python3.7/site-packages/airflow/example_dags/example_subdag_operator.py
[2022-12-27T11:34:21.084+0000] {processor.py:743} INFO - Processing file /home/airflow/.local/lib/python3.7/site-packages/airflow/example_dags/example_subdag_operator.py for tasks to queue
[2022-12-27T11:34:21.086+0000] {logging_mixin.py:137} INFO - [2022-12-27T11:34:21.086+0000] {dagbag.py:538} INFO - Filling up the DagBag from /home/airflow/.local/lib/python3.7/site-packages/airflow/example_dags/example_subdag_operator.py
[2022-12-27T11:34:21.175+0000] {processor.py:753} INFO - DAG(s) dict_keys(['example_subdag_operator.section-1', 'example_subdag_operator.section-2', 'example_subdag_operator']) retrieved from /home/airflow/.local/lib/python3.7/site-packages/airflow/example_dags/example_subdag_operator.py
[2022-12-27T11:34:21.243+0000] {logging_mixin.py:137} INFO - [2022-12-27T11:34:21.243+0000] {dag.py:2676} INFO - Sync 3 DAGs
[2022-12-27T11:34:21.328+0000] {logging_mixin.py:137} INFO - [2022-12-27T11:34:21.328+0000] {dag.py:3427} INFO - Setting next_dagrun for example_subdag_operator to 2022-01-01T00:00:00+00:00, run_after=2022-01-01T00:00:00+00:00
[2022-12-27T11:34:21.338+0000] {logging_mixin.py:137} INFO - [2022-12-27T11:34:21.338+0000] {dag.py:3427} INFO - Setting next_dagrun for example_subdag_operator.section-1 to None, run_after=None
[2022-12-27T11:34:21.340+0000] {logging_mixin.py:137} INFO - [2022-12-27T11:34:21.340+0000] {dag.py:3427} INFO - Setting next_dagrun for example_subdag_operator.section-2 to None, run_after=None
[2022-12-27T11:34:21.354+0000] {logging_mixin.py:137} INFO - [2022-12-27T11:34:21.354+0000] {dag.py:2676} INFO - Sync 2 DAGs
[2022-12-27T11:34:21.363+0000] {logging_mixin.py:137} INFO - [2022-12-27T11:34:21.362+0000] {dag.py:3427} INFO - Setting next_dagrun for example_subdag_operator.section-1 to None, run_after=None
[2022-12-27T11:34:21.363+0000] {logging_mixin.py:137} INFO - [2022-12-27T11:34:21.363+0000] {dag.py:3427} INFO - Setting next_dagrun for example_subdag_operator.section-2 to None, run_after=None
[2022-12-27T11:34:21.466+0000] {processor.py:175} INFO - Processing /home/airflow/.local/lib/python3.7/site-packages/airflow/example_dags/example_subdag_operator.py took 0.391 seconds
[2022-12-27T11:34:51.880+0000] {processor.py:153} INFO - Started process (PID=1666) to work on /home/airflow/.local/lib/python3.7/site-packages/airflow/example_dags/example_subdag_operator.py
[2022-12-27T11:34:51.881+0000] {processor.py:743} INFO - Processing file /home/airflow/.local/lib/python3.7/site-packages/airflow/example_dags/example_subdag_operator.py for tasks to queue
[2022-12-27T11:34:51.882+0000] {logging_mixin.py:137} INFO - [2022-12-27T11:34:51.882+0000] {dagbag.py:538} INFO - Filling up the DagBag from /home/airflow/.local/lib/python3.7/site-packages/airflow/example_dags/example_subdag_operator.py
[2022-12-27T11:34:51.923+0000] {processor.py:753} INFO - DAG(s) dict_keys(['example_subdag_operator.section-1', 'example_subdag_operator.section-2', 'example_subdag_operator']) retrieved from /home/airflow/.local/lib/python3.7/site-packages/airflow/example_dags/example_subdag_operator.py
[2022-12-27T11:34:51.962+0000] {logging_mixin.py:137} INFO - [2022-12-27T11:34:51.961+0000] {dag.py:2676} INFO - Sync 3 DAGs
[2022-12-27T11:34:51.994+0000] {logging_mixin.py:137} INFO - [2022-12-27T11:34:51.994+0000] {dag.py:3427} INFO - Setting next_dagrun for example_subdag_operator to 2022-01-01T00:00:00+00:00, run_after=2022-01-01T00:00:00+00:00
[2022-12-27T11:34:51.998+0000] {logging_mixin.py:137} INFO - [2022-12-27T11:34:51.998+0000] {dag.py:3427} INFO - Setting next_dagrun for example_subdag_operator.section-1 to None, run_after=None
[2022-12-27T11:34:52.000+0000] {logging_mixin.py:137} INFO - [2022-12-27T11:34:52.000+0000] {dag.py:3427} INFO - Setting next_dagrun for example_subdag_operator.section-2 to None, run_after=None
[2022-12-27T11:34:52.009+0000] {logging_mixin.py:137} INFO - [2022-12-27T11:34:52.009+0000] {dag.py:2676} INFO - Sync 2 DAGs
[2022-12-27T11:34:52.017+0000] {logging_mixin.py:137} INFO - [2022-12-27T11:34:52.017+0000] {dag.py:3427} INFO - Setting next_dagrun for example_subdag_operator.section-1 to None, run_after=None
[2022-12-27T11:34:52.018+0000] {logging_mixin.py:137} INFO - [2022-12-27T11:34:52.017+0000] {dag.py:3427} INFO - Setting next_dagrun for example_subdag_operator.section-2 to None, run_after=None
[2022-12-27T11:34:52.087+0000] {processor.py:175} INFO - Processing /home/airflow/.local/lib/python3.7/site-packages/airflow/example_dags/example_subdag_operator.py took 0.211 seconds
[2022-12-27T11:35:22.467+0000] {processor.py:153} INFO - Started process (PID=1728) to work on /home/airflow/.local/lib/python3.7/site-packages/airflow/example_dags/example_subdag_operator.py
[2022-12-27T11:35:22.468+0000] {processor.py:743} INFO - Processing file /home/airflow/.local/lib/python3.7/site-packages/airflow/example_dags/example_subdag_operator.py for tasks to queue
[2022-12-27T11:35:22.469+0000] {logging_mixin.py:137} INFO - [2022-12-27T11:35:22.469+0000] {dagbag.py:538} INFO - Filling up the DagBag from /home/airflow/.local/lib/python3.7/site-packages/airflow/example_dags/example_subdag_operator.py
[2022-12-27T11:35:22.521+0000] {processor.py:753} INFO - DAG(s) dict_keys(['example_subdag_operator.section-1', 'example_subdag_operator.section-2', 'example_subdag_operator']) retrieved from /home/airflow/.local/lib/python3.7/site-packages/airflow/example_dags/example_subdag_operator.py
[2022-12-27T11:35:22.556+0000] {logging_mixin.py:137} INFO - [2022-12-27T11:35:22.556+0000] {dag.py:2676} INFO - Sync 3 DAGs
[2022-12-27T11:35:22.585+0000] {logging_mixin.py:137} INFO - [2022-12-27T11:35:22.585+0000] {dag.py:3427} INFO - Setting next_dagrun for example_subdag_operator to 2022-01-01T00:00:00+00:00, run_after=2022-01-01T00:00:00+00:00
[2022-12-27T11:35:22.589+0000] {logging_mixin.py:137} INFO - [2022-12-27T11:35:22.589+0000] {dag.py:3427} INFO - Setting next_dagrun for example_subdag_operator.section-1 to None, run_after=None
[2022-12-27T11:35:22.590+0000] {logging_mixin.py:137} INFO - [2022-12-27T11:35:22.590+0000] {dag.py:3427} INFO - Setting next_dagrun for example_subdag_operator.section-2 to None, run_after=None
[2022-12-27T11:35:22.598+0000] {logging_mixin.py:137} INFO - [2022-12-27T11:35:22.598+0000] {dag.py:2676} INFO - Sync 2 DAGs
[2022-12-27T11:35:22.604+0000] {logging_mixin.py:137} INFO - [2022-12-27T11:35:22.604+0000] {dag.py:3427} INFO - Setting next_dagrun for example_subdag_operator.section-1 to None, run_after=None
[2022-12-27T11:35:22.605+0000] {logging_mixin.py:137} INFO - [2022-12-27T11:35:22.605+0000] {dag.py:3427} INFO - Setting next_dagrun for example_subdag_operator.section-2 to None, run_after=None
[2022-12-27T11:35:22.694+0000] {processor.py:175} INFO - Processing /home/airflow/.local/lib/python3.7/site-packages/airflow/example_dags/example_subdag_operator.py took 0.233 seconds
[2022-12-27T11:35:52.992+0000] {processor.py:153} INFO - Started process (PID=1791) to work on /home/airflow/.local/lib/python3.7/site-packages/airflow/example_dags/example_subdag_operator.py
[2022-12-27T11:35:52.993+0000] {processor.py:743} INFO - Processing file /home/airflow/.local/lib/python3.7/site-packages/airflow/example_dags/example_subdag_operator.py for tasks to queue
[2022-12-27T11:35:52.994+0000] {logging_mixin.py:137} INFO - [2022-12-27T11:35:52.994+0000] {dagbag.py:538} INFO - Filling up the DagBag from /home/airflow/.local/lib/python3.7/site-packages/airflow/example_dags/example_subdag_operator.py
[2022-12-27T11:35:53.036+0000] {processor.py:753} INFO - DAG(s) dict_keys(['example_subdag_operator.section-1', 'example_subdag_operator.section-2', 'example_subdag_operator']) retrieved from /home/airflow/.local/lib/python3.7/site-packages/airflow/example_dags/example_subdag_operator.py
[2022-12-27T11:35:53.072+0000] {logging_mixin.py:137} INFO - [2022-12-27T11:35:53.072+0000] {dag.py:2676} INFO - Sync 3 DAGs
[2022-12-27T11:35:53.102+0000] {logging_mixin.py:137} INFO - [2022-12-27T11:35:53.101+0000] {dag.py:3427} INFO - Setting next_dagrun for example_subdag_operator to 2022-01-01T00:00:00+00:00, run_after=2022-01-01T00:00:00+00:00
[2022-12-27T11:35:53.105+0000] {logging_mixin.py:137} INFO - [2022-12-27T11:35:53.105+0000] {dag.py:3427} INFO - Setting next_dagrun for example_subdag_operator.section-1 to None, run_after=None
[2022-12-27T11:35:53.107+0000] {logging_mixin.py:137} INFO - [2022-12-27T11:35:53.107+0000] {dag.py:3427} INFO - Setting next_dagrun for example_subdag_operator.section-2 to None, run_after=None
[2022-12-27T11:35:53.115+0000] {logging_mixin.py:137} INFO - [2022-12-27T11:35:53.115+0000] {dag.py:2676} INFO - Sync 2 DAGs
[2022-12-27T11:35:53.121+0000] {logging_mixin.py:137} INFO - [2022-12-27T11:35:53.121+0000] {dag.py:3427} INFO - Setting next_dagrun for example_subdag_operator.section-1 to None, run_after=None
[2022-12-27T11:35:53.121+0000] {logging_mixin.py:137} INFO - [2022-12-27T11:35:53.121+0000] {dag.py:3427} INFO - Setting next_dagrun for example_subdag_operator.section-2 to None, run_after=None
[2022-12-27T11:35:53.157+0000] {processor.py:175} INFO - Processing /home/airflow/.local/lib/python3.7/site-packages/airflow/example_dags/example_subdag_operator.py took 0.170 seconds
[2022-12-27T11:36:23.917+0000] {processor.py:153} INFO - Started process (PID=1866) to work on /home/airflow/.local/lib/python3.7/site-packages/airflow/example_dags/example_subdag_operator.py
[2022-12-27T11:36:23.918+0000] {processor.py:743} INFO - Processing file /home/airflow/.local/lib/python3.7/site-packages/airflow/example_dags/example_subdag_operator.py for tasks to queue
[2022-12-27T11:36:23.919+0000] {logging_mixin.py:137} INFO - [2022-12-27T11:36:23.919+0000] {dagbag.py:538} INFO - Filling up the DagBag from /home/airflow/.local/lib/python3.7/site-packages/airflow/example_dags/example_subdag_operator.py
[2022-12-27T11:36:23.973+0000] {processor.py:753} INFO - DAG(s) dict_keys(['example_subdag_operator.section-1', 'example_subdag_operator.section-2', 'example_subdag_operator']) retrieved from /home/airflow/.local/lib/python3.7/site-packages/airflow/example_dags/example_subdag_operator.py
[2022-12-27T11:36:24.054+0000] {logging_mixin.py:137} INFO - [2022-12-27T11:36:24.054+0000] {dag.py:2676} INFO - Sync 3 DAGs
[2022-12-27T11:36:24.125+0000] {logging_mixin.py:137} INFO - [2022-12-27T11:36:24.124+0000] {dag.py:3427} INFO - Setting next_dagrun for example_subdag_operator to 2022-01-01T00:00:00+00:00, run_after=2022-01-01T00:00:00+00:00
[2022-12-27T11:36:24.133+0000] {logging_mixin.py:137} INFO - [2022-12-27T11:36:24.132+0000] {dag.py:3427} INFO - Setting next_dagrun for example_subdag_operator.section-1 to None, run_after=None
[2022-12-27T11:36:24.136+0000] {logging_mixin.py:137} INFO - [2022-12-27T11:36:24.135+0000] {dag.py:3427} INFO - Setting next_dagrun for example_subdag_operator.section-2 to None, run_after=None
[2022-12-27T11:36:24.152+0000] {logging_mixin.py:137} INFO - [2022-12-27T11:36:24.151+0000] {dag.py:2676} INFO - Sync 2 DAGs
[2022-12-27T11:36:24.169+0000] {logging_mixin.py:137} INFO - [2022-12-27T11:36:24.169+0000] {dag.py:3427} INFO - Setting next_dagrun for example_subdag_operator.section-1 to None, run_after=None
[2022-12-27T11:36:24.171+0000] {logging_mixin.py:137} INFO - [2022-12-27T11:36:24.171+0000] {dag.py:3427} INFO - Setting next_dagrun for example_subdag_operator.section-2 to None, run_after=None
[2022-12-27T11:36:24.299+0000] {processor.py:175} INFO - Processing /home/airflow/.local/lib/python3.7/site-packages/airflow/example_dags/example_subdag_operator.py took 0.392 seconds
[2022-12-27T11:36:54.738+0000] {processor.py:153} INFO - Started process (PID=1929) to work on /home/airflow/.local/lib/python3.7/site-packages/airflow/example_dags/example_subdag_operator.py
[2022-12-27T11:36:54.739+0000] {processor.py:743} INFO - Processing file /home/airflow/.local/lib/python3.7/site-packages/airflow/example_dags/example_subdag_operator.py for tasks to queue
[2022-12-27T11:36:54.740+0000] {logging_mixin.py:137} INFO - [2022-12-27T11:36:54.740+0000] {dagbag.py:538} INFO - Filling up the DagBag from /home/airflow/.local/lib/python3.7/site-packages/airflow/example_dags/example_subdag_operator.py
[2022-12-27T11:36:54.780+0000] {processor.py:753} INFO - DAG(s) dict_keys(['example_subdag_operator.section-1', 'example_subdag_operator.section-2', 'example_subdag_operator']) retrieved from /home/airflow/.local/lib/python3.7/site-packages/airflow/example_dags/example_subdag_operator.py
[2022-12-27T11:36:54.813+0000] {logging_mixin.py:137} INFO - [2022-12-27T11:36:54.813+0000] {dag.py:2676} INFO - Sync 3 DAGs
[2022-12-27T11:36:54.841+0000] {logging_mixin.py:137} INFO - [2022-12-27T11:36:54.841+0000] {dag.py:3427} INFO - Setting next_dagrun for example_subdag_operator to 2022-01-01T00:00:00+00:00, run_after=2022-01-01T00:00:00+00:00
[2022-12-27T11:36:54.845+0000] {logging_mixin.py:137} INFO - [2022-12-27T11:36:54.845+0000] {dag.py:3427} INFO - Setting next_dagrun for example_subdag_operator.section-1 to None, run_after=None
[2022-12-27T11:36:54.847+0000] {logging_mixin.py:137} INFO - [2022-12-27T11:36:54.846+0000] {dag.py:3427} INFO - Setting next_dagrun for example_subdag_operator.section-2 to None, run_after=None
[2022-12-27T11:36:54.855+0000] {logging_mixin.py:137} INFO - [2022-12-27T11:36:54.855+0000] {dag.py:2676} INFO - Sync 2 DAGs
[2022-12-27T11:36:54.861+0000] {logging_mixin.py:137} INFO - [2022-12-27T11:36:54.861+0000] {dag.py:3427} INFO - Setting next_dagrun for example_subdag_operator.section-1 to None, run_after=None
[2022-12-27T11:36:54.861+0000] {logging_mixin.py:137} INFO - [2022-12-27T11:36:54.861+0000] {dag.py:3427} INFO - Setting next_dagrun for example_subdag_operator.section-2 to None, run_after=None
[2022-12-27T11:36:55.062+0000] {processor.py:175} INFO - Processing /home/airflow/.local/lib/python3.7/site-packages/airflow/example_dags/example_subdag_operator.py took 0.329 seconds
[2022-12-27T11:37:25.236+0000] {processor.py:153} INFO - Started process (PID=1991) to work on /home/airflow/.local/lib/python3.7/site-packages/airflow/example_dags/example_subdag_operator.py
[2022-12-27T11:37:25.238+0000] {processor.py:743} INFO - Processing file /home/airflow/.local/lib/python3.7/site-packages/airflow/example_dags/example_subdag_operator.py for tasks to queue
[2022-12-27T11:37:25.242+0000] {logging_mixin.py:137} INFO - [2022-12-27T11:37:25.242+0000] {dagbag.py:538} INFO - Filling up the DagBag from /home/airflow/.local/lib/python3.7/site-packages/airflow/example_dags/example_subdag_operator.py
[2022-12-27T11:37:25.306+0000] {processor.py:753} INFO - DAG(s) dict_keys(['example_subdag_operator.section-1', 'example_subdag_operator.section-2', 'example_subdag_operator']) retrieved from /home/airflow/.local/lib/python3.7/site-packages/airflow/example_dags/example_subdag_operator.py
[2022-12-27T11:37:25.377+0000] {logging_mixin.py:137} INFO - [2022-12-27T11:37:25.377+0000] {dag.py:2676} INFO - Sync 3 DAGs
[2022-12-27T11:37:25.443+0000] {logging_mixin.py:137} INFO - [2022-12-27T11:37:25.443+0000] {dag.py:3427} INFO - Setting next_dagrun for example_subdag_operator to 2022-01-01T00:00:00+00:00, run_after=2022-01-01T00:00:00+00:00
[2022-12-27T11:37:25.448+0000] {logging_mixin.py:137} INFO - [2022-12-27T11:37:25.448+0000] {dag.py:3427} INFO - Setting next_dagrun for example_subdag_operator.section-1 to None, run_after=None
[2022-12-27T11:37:25.449+0000] {logging_mixin.py:137} INFO - [2022-12-27T11:37:25.449+0000] {dag.py:3427} INFO - Setting next_dagrun for example_subdag_operator.section-2 to None, run_after=None
[2022-12-27T11:37:25.458+0000] {logging_mixin.py:137} INFO - [2022-12-27T11:37:25.458+0000] {dag.py:2676} INFO - Sync 2 DAGs
[2022-12-27T11:37:25.465+0000] {logging_mixin.py:137} INFO - [2022-12-27T11:37:25.465+0000] {dag.py:3427} INFO - Setting next_dagrun for example_subdag_operator.section-1 to None, run_after=None
[2022-12-27T11:37:25.466+0000] {logging_mixin.py:137} INFO - [2022-12-27T11:37:25.465+0000] {dag.py:3427} INFO - Setting next_dagrun for example_subdag_operator.section-2 to None, run_after=None
[2022-12-27T11:37:25.511+0000] {processor.py:175} INFO - Processing /home/airflow/.local/lib/python3.7/site-packages/airflow/example_dags/example_subdag_operator.py took 0.280 seconds
[2022-12-27T11:37:55.571+0000] {processor.py:153} INFO - Started process (PID=2053) to work on /home/airflow/.local/lib/python3.7/site-packages/airflow/example_dags/example_subdag_operator.py
[2022-12-27T11:37:55.574+0000] {processor.py:743} INFO - Processing file /home/airflow/.local/lib/python3.7/site-packages/airflow/example_dags/example_subdag_operator.py for tasks to queue
[2022-12-27T11:37:55.576+0000] {logging_mixin.py:137} INFO - [2022-12-27T11:37:55.576+0000] {dagbag.py:538} INFO - Filling up the DagBag from /home/airflow/.local/lib/python3.7/site-packages/airflow/example_dags/example_subdag_operator.py
[2022-12-27T11:37:55.616+0000] {processor.py:753} INFO - DAG(s) dict_keys(['example_subdag_operator.section-1', 'example_subdag_operator.section-2', 'example_subdag_operator']) retrieved from /home/airflow/.local/lib/python3.7/site-packages/airflow/example_dags/example_subdag_operator.py
[2022-12-27T11:37:55.646+0000] {logging_mixin.py:137} INFO - [2022-12-27T11:37:55.646+0000] {dag.py:2676} INFO - Sync 3 DAGs
[2022-12-27T11:37:55.672+0000] {logging_mixin.py:137} INFO - [2022-12-27T11:37:55.672+0000] {dag.py:3427} INFO - Setting next_dagrun for example_subdag_operator to 2022-01-01T00:00:00+00:00, run_after=2022-01-01T00:00:00+00:00
[2022-12-27T11:37:55.675+0000] {logging_mixin.py:137} INFO - [2022-12-27T11:37:55.675+0000] {dag.py:3427} INFO - Setting next_dagrun for example_subdag_operator.section-1 to None, run_after=None
[2022-12-27T11:37:55.677+0000] {logging_mixin.py:137} INFO - [2022-12-27T11:37:55.677+0000] {dag.py:3427} INFO - Setting next_dagrun for example_subdag_operator.section-2 to None, run_after=None
[2022-12-27T11:37:55.685+0000] {logging_mixin.py:137} INFO - [2022-12-27T11:37:55.685+0000] {dag.py:2676} INFO - Sync 2 DAGs
[2022-12-27T11:37:55.690+0000] {logging_mixin.py:137} INFO - [2022-12-27T11:37:55.690+0000] {dag.py:3427} INFO - Setting next_dagrun for example_subdag_operator.section-1 to None, run_after=None
[2022-12-27T11:37:55.690+0000] {logging_mixin.py:137} INFO - [2022-12-27T11:37:55.690+0000] {dag.py:3427} INFO - Setting next_dagrun for example_subdag_operator.section-2 to None, run_after=None
[2022-12-27T11:37:55.826+0000] {processor.py:175} INFO - Processing /home/airflow/.local/lib/python3.7/site-packages/airflow/example_dags/example_subdag_operator.py took 0.269 seconds
[2022-12-27T11:38:26.524+0000] {processor.py:153} INFO - Started process (PID=2126) to work on /home/airflow/.local/lib/python3.7/site-packages/airflow/example_dags/example_subdag_operator.py
[2022-12-27T11:38:26.525+0000] {processor.py:743} INFO - Processing file /home/airflow/.local/lib/python3.7/site-packages/airflow/example_dags/example_subdag_operator.py for tasks to queue
[2022-12-27T11:38:26.526+0000] {logging_mixin.py:137} INFO - [2022-12-27T11:38:26.526+0000] {dagbag.py:538} INFO - Filling up the DagBag from /home/airflow/.local/lib/python3.7/site-packages/airflow/example_dags/example_subdag_operator.py
[2022-12-27T11:38:26.576+0000] {processor.py:753} INFO - DAG(s) dict_keys(['example_subdag_operator.section-1', 'example_subdag_operator.section-2', 'example_subdag_operator']) retrieved from /home/airflow/.local/lib/python3.7/site-packages/airflow/example_dags/example_subdag_operator.py
[2022-12-27T11:38:26.625+0000] {logging_mixin.py:137} INFO - [2022-12-27T11:38:26.625+0000] {dag.py:2676} INFO - Sync 3 DAGs
[2022-12-27T11:38:26.658+0000] {logging_mixin.py:137} INFO - [2022-12-27T11:38:26.658+0000] {dag.py:3427} INFO - Setting next_dagrun for example_subdag_operator to 2022-01-01T00:00:00+00:00, run_after=2022-01-01T00:00:00+00:00
[2022-12-27T11:38:26.664+0000] {logging_mixin.py:137} INFO - [2022-12-27T11:38:26.664+0000] {dag.py:3427} INFO - Setting next_dagrun for example_subdag_operator.section-1 to None, run_after=None
[2022-12-27T11:38:26.666+0000] {logging_mixin.py:137} INFO - [2022-12-27T11:38:26.666+0000] {dag.py:3427} INFO - Setting next_dagrun for example_subdag_operator.section-2 to None, run_after=None
[2022-12-27T11:38:26.679+0000] {logging_mixin.py:137} INFO - [2022-12-27T11:38:26.679+0000] {dag.py:2676} INFO - Sync 2 DAGs
[2022-12-27T11:38:26.688+0000] {logging_mixin.py:137} INFO - [2022-12-27T11:38:26.688+0000] {dag.py:3427} INFO - Setting next_dagrun for example_subdag_operator.section-1 to None, run_after=None
[2022-12-27T11:38:26.689+0000] {logging_mixin.py:137} INFO - [2022-12-27T11:38:26.689+0000] {dag.py:3427} INFO - Setting next_dagrun for example_subdag_operator.section-2 to None, run_after=None
[2022-12-27T11:38:26.776+0000] {processor.py:175} INFO - Processing /home/airflow/.local/lib/python3.7/site-packages/airflow/example_dags/example_subdag_operator.py took 0.258 seconds
[2022-12-27T11:38:56.944+0000] {processor.py:153} INFO - Started process (PID=2191) to work on /home/airflow/.local/lib/python3.7/site-packages/airflow/example_dags/example_subdag_operator.py
[2022-12-27T11:38:56.945+0000] {processor.py:743} INFO - Processing file /home/airflow/.local/lib/python3.7/site-packages/airflow/example_dags/example_subdag_operator.py for tasks to queue
[2022-12-27T11:38:56.946+0000] {logging_mixin.py:137} INFO - [2022-12-27T11:38:56.946+0000] {dagbag.py:538} INFO - Filling up the DagBag from /home/airflow/.local/lib/python3.7/site-packages/airflow/example_dags/example_subdag_operator.py
[2022-12-27T11:38:56.991+0000] {processor.py:753} INFO - DAG(s) dict_keys(['example_subdag_operator.section-1', 'example_subdag_operator.section-2', 'example_subdag_operator']) retrieved from /home/airflow/.local/lib/python3.7/site-packages/airflow/example_dags/example_subdag_operator.py
[2022-12-27T11:38:57.049+0000] {logging_mixin.py:137} INFO - [2022-12-27T11:38:57.048+0000] {dag.py:2676} INFO - Sync 3 DAGs
[2022-12-27T11:38:57.095+0000] {logging_mixin.py:137} INFO - [2022-12-27T11:38:57.095+0000] {dag.py:3427} INFO - Setting next_dagrun for example_subdag_operator to 2022-01-01T00:00:00+00:00, run_after=2022-01-01T00:00:00+00:00
[2022-12-27T11:38:57.102+0000] {logging_mixin.py:137} INFO - [2022-12-27T11:38:57.102+0000] {dag.py:3427} INFO - Setting next_dagrun for example_subdag_operator.section-1 to None, run_after=None
[2022-12-27T11:38:57.104+0000] {logging_mixin.py:137} INFO - [2022-12-27T11:38:57.104+0000] {dag.py:3427} INFO - Setting next_dagrun for example_subdag_operator.section-2 to None, run_after=None
[2022-12-27T11:38:57.114+0000] {logging_mixin.py:137} INFO - [2022-12-27T11:38:57.113+0000] {dag.py:2676} INFO - Sync 2 DAGs
[2022-12-27T11:38:57.121+0000] {logging_mixin.py:137} INFO - [2022-12-27T11:38:57.121+0000] {dag.py:3427} INFO - Setting next_dagrun for example_subdag_operator.section-1 to None, run_after=None
[2022-12-27T11:38:57.128+0000] {logging_mixin.py:137} INFO - [2022-12-27T11:38:57.128+0000] {dag.py:3427} INFO - Setting next_dagrun for example_subdag_operator.section-2 to None, run_after=None
[2022-12-27T11:38:57.172+0000] {processor.py:175} INFO - Processing /home/airflow/.local/lib/python3.7/site-packages/airflow/example_dags/example_subdag_operator.py took 0.232 seconds
[2022-12-27T11:39:27.337+0000] {processor.py:153} INFO - Started process (PID=2252) to work on /home/airflow/.local/lib/python3.7/site-packages/airflow/example_dags/example_subdag_operator.py
[2022-12-27T11:39:27.339+0000] {processor.py:743} INFO - Processing file /home/airflow/.local/lib/python3.7/site-packages/airflow/example_dags/example_subdag_operator.py for tasks to queue
[2022-12-27T11:39:27.340+0000] {logging_mixin.py:137} INFO - [2022-12-27T11:39:27.340+0000] {dagbag.py:538} INFO - Filling up the DagBag from /home/airflow/.local/lib/python3.7/site-packages/airflow/example_dags/example_subdag_operator.py
[2022-12-27T11:39:27.390+0000] {processor.py:753} INFO - DAG(s) dict_keys(['example_subdag_operator.section-1', 'example_subdag_operator.section-2', 'example_subdag_operator']) retrieved from /home/airflow/.local/lib/python3.7/site-packages/airflow/example_dags/example_subdag_operator.py
[2022-12-27T11:39:27.443+0000] {logging_mixin.py:137} INFO - [2022-12-27T11:39:27.443+0000] {dag.py:2676} INFO - Sync 3 DAGs
[2022-12-27T11:39:27.510+0000] {logging_mixin.py:137} INFO - [2022-12-27T11:39:27.510+0000] {dag.py:3427} INFO - Setting next_dagrun for example_subdag_operator to 2022-01-01T00:00:00+00:00, run_after=2022-01-01T00:00:00+00:00
[2022-12-27T11:39:27.526+0000] {logging_mixin.py:137} INFO - [2022-12-27T11:39:27.526+0000] {dag.py:3427} INFO - Setting next_dagrun for example_subdag_operator.section-1 to None, run_after=None
[2022-12-27T11:39:27.529+0000] {logging_mixin.py:137} INFO - [2022-12-27T11:39:27.529+0000] {dag.py:3427} INFO - Setting next_dagrun for example_subdag_operator.section-2 to None, run_after=None
[2022-12-27T11:39:27.545+0000] {logging_mixin.py:137} INFO - [2022-12-27T11:39:27.545+0000] {dag.py:2676} INFO - Sync 2 DAGs
[2022-12-27T11:39:27.555+0000] {logging_mixin.py:137} INFO - [2022-12-27T11:39:27.555+0000] {dag.py:3427} INFO - Setting next_dagrun for example_subdag_operator.section-1 to None, run_after=None
[2022-12-27T11:39:27.556+0000] {logging_mixin.py:137} INFO - [2022-12-27T11:39:27.555+0000] {dag.py:3427} INFO - Setting next_dagrun for example_subdag_operator.section-2 to None, run_after=None
[2022-12-27T11:39:27.663+0000] {processor.py:175} INFO - Processing /home/airflow/.local/lib/python3.7/site-packages/airflow/example_dags/example_subdag_operator.py took 0.331 seconds
[2022-12-27T11:39:58.452+0000] {processor.py:153} INFO - Started process (PID=2326) to work on /home/airflow/.local/lib/python3.7/site-packages/airflow/example_dags/example_subdag_operator.py
[2022-12-27T11:39:58.453+0000] {processor.py:743} INFO - Processing file /home/airflow/.local/lib/python3.7/site-packages/airflow/example_dags/example_subdag_operator.py for tasks to queue
[2022-12-27T11:39:58.454+0000] {logging_mixin.py:137} INFO - [2022-12-27T11:39:58.454+0000] {dagbag.py:538} INFO - Filling up the DagBag from /home/airflow/.local/lib/python3.7/site-packages/airflow/example_dags/example_subdag_operator.py
[2022-12-27T11:39:58.489+0000] {processor.py:753} INFO - DAG(s) dict_keys(['example_subdag_operator.section-1', 'example_subdag_operator.section-2', 'example_subdag_operator']) retrieved from /home/airflow/.local/lib/python3.7/site-packages/airflow/example_dags/example_subdag_operator.py
[2022-12-27T11:39:58.531+0000] {logging_mixin.py:137} INFO - [2022-12-27T11:39:58.531+0000] {dag.py:2676} INFO - Sync 3 DAGs
[2022-12-27T11:39:58.560+0000] {logging_mixin.py:137} INFO - [2022-12-27T11:39:58.560+0000] {dag.py:3427} INFO - Setting next_dagrun for example_subdag_operator to 2022-01-01T00:00:00+00:00, run_after=2022-01-01T00:00:00+00:00
[2022-12-27T11:39:58.563+0000] {logging_mixin.py:137} INFO - [2022-12-27T11:39:58.563+0000] {dag.py:3427} INFO - Setting next_dagrun for example_subdag_operator.section-1 to None, run_after=None
[2022-12-27T11:39:58.565+0000] {logging_mixin.py:137} INFO - [2022-12-27T11:39:58.565+0000] {dag.py:3427} INFO - Setting next_dagrun for example_subdag_operator.section-2 to None, run_after=None
[2022-12-27T11:39:58.573+0000] {logging_mixin.py:137} INFO - [2022-12-27T11:39:58.573+0000] {dag.py:2676} INFO - Sync 2 DAGs
[2022-12-27T11:39:58.579+0000] {logging_mixin.py:137} INFO - [2022-12-27T11:39:58.578+0000] {dag.py:3427} INFO - Setting next_dagrun for example_subdag_operator.section-1 to None, run_after=None
[2022-12-27T11:39:58.579+0000] {logging_mixin.py:137} INFO - [2022-12-27T11:39:58.579+0000] {dag.py:3427} INFO - Setting next_dagrun for example_subdag_operator.section-2 to None, run_after=None
[2022-12-27T11:39:58.726+0000] {processor.py:175} INFO - Processing /home/airflow/.local/lib/python3.7/site-packages/airflow/example_dags/example_subdag_operator.py took 0.278 seconds
[2022-12-27T11:40:29.024+0000] {processor.py:153} INFO - Started process (PID=2388) to work on /home/airflow/.local/lib/python3.7/site-packages/airflow/example_dags/example_subdag_operator.py
[2022-12-27T11:40:29.025+0000] {processor.py:743} INFO - Processing file /home/airflow/.local/lib/python3.7/site-packages/airflow/example_dags/example_subdag_operator.py for tasks to queue
[2022-12-27T11:40:29.026+0000] {logging_mixin.py:137} INFO - [2022-12-27T11:40:29.025+0000] {dagbag.py:538} INFO - Filling up the DagBag from /home/airflow/.local/lib/python3.7/site-packages/airflow/example_dags/example_subdag_operator.py
[2022-12-27T11:40:29.072+0000] {processor.py:753} INFO - DAG(s) dict_keys(['example_subdag_operator.section-1', 'example_subdag_operator.section-2', 'example_subdag_operator']) retrieved from /home/airflow/.local/lib/python3.7/site-packages/airflow/example_dags/example_subdag_operator.py
[2022-12-27T11:40:29.126+0000] {logging_mixin.py:137} INFO - [2022-12-27T11:40:29.126+0000] {dag.py:2676} INFO - Sync 3 DAGs
[2022-12-27T11:40:29.164+0000] {logging_mixin.py:137} INFO - [2022-12-27T11:40:29.164+0000] {dag.py:3427} INFO - Setting next_dagrun for example_subdag_operator to 2022-01-01T00:00:00+00:00, run_after=2022-01-01T00:00:00+00:00
[2022-12-27T11:40:29.169+0000] {logging_mixin.py:137} INFO - [2022-12-27T11:40:29.169+0000] {dag.py:3427} INFO - Setting next_dagrun for example_subdag_operator.section-1 to None, run_after=None
[2022-12-27T11:40:29.171+0000] {logging_mixin.py:137} INFO - [2022-12-27T11:40:29.171+0000] {dag.py:3427} INFO - Setting next_dagrun for example_subdag_operator.section-2 to None, run_after=None
[2022-12-27T11:40:29.180+0000] {logging_mixin.py:137} INFO - [2022-12-27T11:40:29.180+0000] {dag.py:2676} INFO - Sync 2 DAGs
[2022-12-27T11:40:29.188+0000] {logging_mixin.py:137} INFO - [2022-12-27T11:40:29.187+0000] {dag.py:3427} INFO - Setting next_dagrun for example_subdag_operator.section-1 to None, run_after=None
[2022-12-27T11:40:29.188+0000] {logging_mixin.py:137} INFO - [2022-12-27T11:40:29.188+0000] {dag.py:3427} INFO - Setting next_dagrun for example_subdag_operator.section-2 to None, run_after=None
[2022-12-27T11:40:29.225+0000] {processor.py:175} INFO - Processing /home/airflow/.local/lib/python3.7/site-packages/airflow/example_dags/example_subdag_operator.py took 0.206 seconds
[2022-12-27T11:40:59.276+0000] {processor.py:153} INFO - Started process (PID=2448) to work on /home/airflow/.local/lib/python3.7/site-packages/airflow/example_dags/example_subdag_operator.py
[2022-12-27T11:40:59.279+0000] {processor.py:743} INFO - Processing file /home/airflow/.local/lib/python3.7/site-packages/airflow/example_dags/example_subdag_operator.py for tasks to queue
[2022-12-27T11:40:59.282+0000] {logging_mixin.py:137} INFO - [2022-12-27T11:40:59.282+0000] {dagbag.py:538} INFO - Filling up the DagBag from /home/airflow/.local/lib/python3.7/site-packages/airflow/example_dags/example_subdag_operator.py
[2022-12-27T11:40:59.382+0000] {processor.py:753} INFO - DAG(s) dict_keys(['example_subdag_operator.section-1', 'example_subdag_operator.section-2', 'example_subdag_operator']) retrieved from /home/airflow/.local/lib/python3.7/site-packages/airflow/example_dags/example_subdag_operator.py
[2022-12-27T11:40:59.420+0000] {logging_mixin.py:137} INFO - [2022-12-27T11:40:59.420+0000] {dag.py:2676} INFO - Sync 3 DAGs
[2022-12-27T11:40:59.485+0000] {logging_mixin.py:137} INFO - [2022-12-27T11:40:59.485+0000] {dag.py:3427} INFO - Setting next_dagrun for example_subdag_operator to 2022-01-01T00:00:00+00:00, run_after=2022-01-01T00:00:00+00:00
[2022-12-27T11:40:59.493+0000] {logging_mixin.py:137} INFO - [2022-12-27T11:40:59.492+0000] {dag.py:3427} INFO - Setting next_dagrun for example_subdag_operator.section-1 to None, run_after=None
[2022-12-27T11:40:59.496+0000] {logging_mixin.py:137} INFO - [2022-12-27T11:40:59.496+0000] {dag.py:3427} INFO - Setting next_dagrun for example_subdag_operator.section-2 to None, run_after=None
[2022-12-27T11:40:59.514+0000] {logging_mixin.py:137} INFO - [2022-12-27T11:40:59.514+0000] {dag.py:2676} INFO - Sync 2 DAGs
[2022-12-27T11:40:59.526+0000] {logging_mixin.py:137} INFO - [2022-12-27T11:40:59.526+0000] {dag.py:3427} INFO - Setting next_dagrun for example_subdag_operator.section-1 to None, run_after=None
[2022-12-27T11:40:59.527+0000] {logging_mixin.py:137} INFO - [2022-12-27T11:40:59.527+0000] {dag.py:3427} INFO - Setting next_dagrun for example_subdag_operator.section-2 to None, run_after=None
[2022-12-27T11:40:59.615+0000] {processor.py:175} INFO - Processing /home/airflow/.local/lib/python3.7/site-packages/airflow/example_dags/example_subdag_operator.py took 0.350 seconds
[2022-12-27T11:41:30.368+0000] {processor.py:153} INFO - Started process (PID=2511) to work on /home/airflow/.local/lib/python3.7/site-packages/airflow/example_dags/example_subdag_operator.py
[2022-12-27T11:41:30.370+0000] {processor.py:743} INFO - Processing file /home/airflow/.local/lib/python3.7/site-packages/airflow/example_dags/example_subdag_operator.py for tasks to queue
[2022-12-27T11:41:30.371+0000] {logging_mixin.py:137} INFO - [2022-12-27T11:41:30.371+0000] {dagbag.py:538} INFO - Filling up the DagBag from /home/airflow/.local/lib/python3.7/site-packages/airflow/example_dags/example_subdag_operator.py
[2022-12-27T11:41:30.426+0000] {processor.py:753} INFO - DAG(s) dict_keys(['example_subdag_operator.section-1', 'example_subdag_operator.section-2', 'example_subdag_operator']) retrieved from /home/airflow/.local/lib/python3.7/site-packages/airflow/example_dags/example_subdag_operator.py
[2022-12-27T11:41:30.480+0000] {logging_mixin.py:137} INFO - [2022-12-27T11:41:30.480+0000] {dag.py:2676} INFO - Sync 3 DAGs
[2022-12-27T11:41:30.534+0000] {logging_mixin.py:137} INFO - [2022-12-27T11:41:30.533+0000] {dag.py:3427} INFO - Setting next_dagrun for example_subdag_operator to 2022-01-01T00:00:00+00:00, run_after=2022-01-01T00:00:00+00:00
[2022-12-27T11:41:30.539+0000] {logging_mixin.py:137} INFO - [2022-12-27T11:41:30.538+0000] {dag.py:3427} INFO - Setting next_dagrun for example_subdag_operator.section-1 to None, run_after=None
[2022-12-27T11:41:30.540+0000] {logging_mixin.py:137} INFO - [2022-12-27T11:41:30.540+0000] {dag.py:3427} INFO - Setting next_dagrun for example_subdag_operator.section-2 to None, run_after=None
[2022-12-27T11:41:30.549+0000] {logging_mixin.py:137} INFO - [2022-12-27T11:41:30.549+0000] {dag.py:2676} INFO - Sync 2 DAGs
[2022-12-27T11:41:30.555+0000] {logging_mixin.py:137} INFO - [2022-12-27T11:41:30.555+0000] {dag.py:3427} INFO - Setting next_dagrun for example_subdag_operator.section-1 to None, run_after=None
[2022-12-27T11:41:30.556+0000] {logging_mixin.py:137} INFO - [2022-12-27T11:41:30.555+0000] {dag.py:3427} INFO - Setting next_dagrun for example_subdag_operator.section-2 to None, run_after=None
[2022-12-27T11:41:30.614+0000] {processor.py:175} INFO - Processing /home/airflow/.local/lib/python3.7/site-packages/airflow/example_dags/example_subdag_operator.py took 0.252 seconds
[2022-12-27T11:42:00.719+0000] {processor.py:153} INFO - Started process (PID=2571) to work on /home/airflow/.local/lib/python3.7/site-packages/airflow/example_dags/example_subdag_operator.py
[2022-12-27T11:42:00.721+0000] {processor.py:743} INFO - Processing file /home/airflow/.local/lib/python3.7/site-packages/airflow/example_dags/example_subdag_operator.py for tasks to queue
[2022-12-27T11:42:00.722+0000] {logging_mixin.py:137} INFO - [2022-12-27T11:42:00.722+0000] {dagbag.py:538} INFO - Filling up the DagBag from /home/airflow/.local/lib/python3.7/site-packages/airflow/example_dags/example_subdag_operator.py
[2022-12-27T11:42:00.758+0000] {processor.py:753} INFO - DAG(s) dict_keys(['example_subdag_operator.section-1', 'example_subdag_operator.section-2', 'example_subdag_operator']) retrieved from /home/airflow/.local/lib/python3.7/site-packages/airflow/example_dags/example_subdag_operator.py
[2022-12-27T11:42:00.787+0000] {logging_mixin.py:137} INFO - [2022-12-27T11:42:00.787+0000] {dag.py:2676} INFO - Sync 3 DAGs
[2022-12-27T11:42:00.813+0000] {logging_mixin.py:137} INFO - [2022-12-27T11:42:00.813+0000] {dag.py:3427} INFO - Setting next_dagrun for example_subdag_operator to 2022-01-01T00:00:00+00:00, run_after=2022-01-01T00:00:00+00:00
[2022-12-27T11:42:00.817+0000] {logging_mixin.py:137} INFO - [2022-12-27T11:42:00.817+0000] {dag.py:3427} INFO - Setting next_dagrun for example_subdag_operator.section-1 to None, run_after=None
[2022-12-27T11:42:00.818+0000] {logging_mixin.py:137} INFO - [2022-12-27T11:42:00.818+0000] {dag.py:3427} INFO - Setting next_dagrun for example_subdag_operator.section-2 to None, run_after=None
[2022-12-27T11:42:00.825+0000] {logging_mixin.py:137} INFO - [2022-12-27T11:42:00.825+0000] {dag.py:2676} INFO - Sync 2 DAGs
[2022-12-27T11:42:00.831+0000] {logging_mixin.py:137} INFO - [2022-12-27T11:42:00.831+0000] {dag.py:3427} INFO - Setting next_dagrun for example_subdag_operator.section-1 to None, run_after=None
[2022-12-27T11:42:00.832+0000] {logging_mixin.py:137} INFO - [2022-12-27T11:42:00.832+0000] {dag.py:3427} INFO - Setting next_dagrun for example_subdag_operator.section-2 to None, run_after=None
[2022-12-27T11:42:00.881+0000] {processor.py:175} INFO - Processing /home/airflow/.local/lib/python3.7/site-packages/airflow/example_dags/example_subdag_operator.py took 0.169 seconds
