[2022-12-27T11:22:24.489+0000] {processor.py:153} INFO - Started process (PID=55) to work on /home/airflow/.local/lib/python3.7/site-packages/airflow/example_dags/example_bash_operator.py
[2022-12-27T11:22:24.491+0000] {processor.py:743} INFO - Processing file /home/airflow/.local/lib/python3.7/site-packages/airflow/example_dags/example_bash_operator.py for tasks to queue
[2022-12-27T11:22:24.491+0000] {logging_mixin.py:137} INFO - [2022-12-27T11:22:24.491+0000] {dagbag.py:538} INFO - Filling up the DagBag from /home/airflow/.local/lib/python3.7/site-packages/airflow/example_dags/example_bash_operator.py
[2022-12-27T11:22:24.526+0000] {processor.py:753} INFO - DAG(s) dict_keys(['example_bash_operator']) retrieved from /home/airflow/.local/lib/python3.7/site-packages/airflow/example_dags/example_bash_operator.py
[2022-12-27T11:22:24.621+0000] {logging_mixin.py:137} INFO - [2022-12-27T11:22:24.621+0000] {dag.py:2676} INFO - Sync 1 DAGs
[2022-12-27T11:22:24.674+0000] {logging_mixin.py:137} INFO - [2022-12-27T11:22:24.674+0000] {dag.py:3427} INFO - Setting next_dagrun for example_bash_operator to 2022-12-26T00:00:00+00:00, run_after=2022-12-27T00:00:00+00:00
[2022-12-27T11:22:24.740+0000] {processor.py:175} INFO - Processing /home/airflow/.local/lib/python3.7/site-packages/airflow/example_dags/example_bash_operator.py took 0.255 seconds
[2022-12-27T11:22:54.837+0000] {processor.py:153} INFO - Started process (PID=117) to work on /home/airflow/.local/lib/python3.7/site-packages/airflow/example_dags/example_bash_operator.py
[2022-12-27T11:22:54.838+0000] {processor.py:743} INFO - Processing file /home/airflow/.local/lib/python3.7/site-packages/airflow/example_dags/example_bash_operator.py for tasks to queue
[2022-12-27T11:22:54.839+0000] {logging_mixin.py:137} INFO - [2022-12-27T11:22:54.839+0000] {dagbag.py:538} INFO - Filling up the DagBag from /home/airflow/.local/lib/python3.7/site-packages/airflow/example_dags/example_bash_operator.py
[2022-12-27T11:22:54.866+0000] {processor.py:753} INFO - DAG(s) dict_keys(['example_bash_operator']) retrieved from /home/airflow/.local/lib/python3.7/site-packages/airflow/example_dags/example_bash_operator.py
[2022-12-27T11:22:54.915+0000] {logging_mixin.py:137} INFO - [2022-12-27T11:22:54.915+0000] {dag.py:2676} INFO - Sync 1 DAGs
[2022-12-27T11:22:54.942+0000] {logging_mixin.py:137} INFO - [2022-12-27T11:22:54.942+0000] {dag.py:3427} INFO - Setting next_dagrun for example_bash_operator to 2022-12-26T00:00:00+00:00, run_after=2022-12-27T00:00:00+00:00
[2022-12-27T11:22:55.121+0000] {processor.py:175} INFO - Processing /home/airflow/.local/lib/python3.7/site-packages/airflow/example_dags/example_bash_operator.py took 0.288 seconds
[2022-12-27T11:23:25.385+0000] {processor.py:153} INFO - Started process (PID=180) to work on /home/airflow/.local/lib/python3.7/site-packages/airflow/example_dags/example_bash_operator.py
[2022-12-27T11:23:25.387+0000] {processor.py:743} INFO - Processing file /home/airflow/.local/lib/python3.7/site-packages/airflow/example_dags/example_bash_operator.py for tasks to queue
[2022-12-27T11:23:25.388+0000] {logging_mixin.py:137} INFO - [2022-12-27T11:23:25.387+0000] {dagbag.py:538} INFO - Filling up the DagBag from /home/airflow/.local/lib/python3.7/site-packages/airflow/example_dags/example_bash_operator.py
[2022-12-27T11:23:25.418+0000] {processor.py:753} INFO - DAG(s) dict_keys(['example_bash_operator']) retrieved from /home/airflow/.local/lib/python3.7/site-packages/airflow/example_dags/example_bash_operator.py
[2022-12-27T11:23:25.473+0000] {logging_mixin.py:137} INFO - [2022-12-27T11:23:25.473+0000] {dag.py:2676} INFO - Sync 1 DAGs
[2022-12-27T11:23:25.501+0000] {logging_mixin.py:137} INFO - [2022-12-27T11:23:25.501+0000] {dag.py:3427} INFO - Setting next_dagrun for example_bash_operator to 2022-12-26T00:00:00+00:00, run_after=2022-12-27T00:00:00+00:00
[2022-12-27T11:23:25.557+0000] {processor.py:175} INFO - Processing /home/airflow/.local/lib/python3.7/site-packages/airflow/example_dags/example_bash_operator.py took 0.177 seconds
[2022-12-27T11:23:55.672+0000] {processor.py:153} INFO - Started process (PID=242) to work on /home/airflow/.local/lib/python3.7/site-packages/airflow/example_dags/example_bash_operator.py
[2022-12-27T11:23:55.673+0000] {processor.py:743} INFO - Processing file /home/airflow/.local/lib/python3.7/site-packages/airflow/example_dags/example_bash_operator.py for tasks to queue
[2022-12-27T11:23:55.674+0000] {logging_mixin.py:137} INFO - [2022-12-27T11:23:55.674+0000] {dagbag.py:538} INFO - Filling up the DagBag from /home/airflow/.local/lib/python3.7/site-packages/airflow/example_dags/example_bash_operator.py
[2022-12-27T11:23:55.699+0000] {processor.py:753} INFO - DAG(s) dict_keys(['example_bash_operator']) retrieved from /home/airflow/.local/lib/python3.7/site-packages/airflow/example_dags/example_bash_operator.py
[2022-12-27T11:23:55.753+0000] {logging_mixin.py:137} INFO - [2022-12-27T11:23:55.752+0000] {dag.py:2676} INFO - Sync 1 DAGs
[2022-12-27T11:23:55.780+0000] {logging_mixin.py:137} INFO - [2022-12-27T11:23:55.779+0000] {dag.py:3427} INFO - Setting next_dagrun for example_bash_operator to 2022-12-26T00:00:00+00:00, run_after=2022-12-27T00:00:00+00:00
[2022-12-27T11:23:55.844+0000] {processor.py:175} INFO - Processing /home/airflow/.local/lib/python3.7/site-packages/airflow/example_dags/example_bash_operator.py took 0.177 seconds
[2022-12-27T11:24:26.064+0000] {processor.py:153} INFO - Started process (PID=318) to work on /home/airflow/.local/lib/python3.7/site-packages/airflow/example_dags/example_bash_operator.py
[2022-12-27T11:24:26.066+0000] {processor.py:743} INFO - Processing file /home/airflow/.local/lib/python3.7/site-packages/airflow/example_dags/example_bash_operator.py for tasks to queue
[2022-12-27T11:24:26.067+0000] {logging_mixin.py:137} INFO - [2022-12-27T11:24:26.067+0000] {dagbag.py:538} INFO - Filling up the DagBag from /home/airflow/.local/lib/python3.7/site-packages/airflow/example_dags/example_bash_operator.py
[2022-12-27T11:24:26.117+0000] {processor.py:753} INFO - DAG(s) dict_keys(['example_bash_operator']) retrieved from /home/airflow/.local/lib/python3.7/site-packages/airflow/example_dags/example_bash_operator.py
[2022-12-27T11:24:26.248+0000] {logging_mixin.py:137} INFO - [2022-12-27T11:24:26.247+0000] {dag.py:2676} INFO - Sync 1 DAGs
[2022-12-27T11:24:26.311+0000] {logging_mixin.py:137} INFO - [2022-12-27T11:24:26.311+0000] {dag.py:3427} INFO - Setting next_dagrun for example_bash_operator to 2022-12-26T00:00:00+00:00, run_after=2022-12-27T00:00:00+00:00
[2022-12-27T11:24:26.382+0000] {processor.py:175} INFO - Processing /home/airflow/.local/lib/python3.7/site-packages/airflow/example_dags/example_bash_operator.py took 0.327 seconds
[2022-12-27T11:24:56.938+0000] {processor.py:153} INFO - Started process (PID=381) to work on /home/airflow/.local/lib/python3.7/site-packages/airflow/example_dags/example_bash_operator.py
[2022-12-27T11:24:56.939+0000] {processor.py:743} INFO - Processing file /home/airflow/.local/lib/python3.7/site-packages/airflow/example_dags/example_bash_operator.py for tasks to queue
[2022-12-27T11:24:56.940+0000] {logging_mixin.py:137} INFO - [2022-12-27T11:24:56.940+0000] {dagbag.py:538} INFO - Filling up the DagBag from /home/airflow/.local/lib/python3.7/site-packages/airflow/example_dags/example_bash_operator.py
[2022-12-27T11:24:56.969+0000] {processor.py:753} INFO - DAG(s) dict_keys(['example_bash_operator']) retrieved from /home/airflow/.local/lib/python3.7/site-packages/airflow/example_dags/example_bash_operator.py
[2022-12-27T11:24:57.032+0000] {logging_mixin.py:137} INFO - [2022-12-27T11:24:57.031+0000] {dag.py:2676} INFO - Sync 1 DAGs
[2022-12-27T11:24:57.069+0000] {logging_mixin.py:137} INFO - [2022-12-27T11:24:57.069+0000] {dag.py:3427} INFO - Setting next_dagrun for example_bash_operator to 2022-12-26T00:00:00+00:00, run_after=2022-12-27T00:00:00+00:00
[2022-12-27T11:24:57.118+0000] {processor.py:175} INFO - Processing /home/airflow/.local/lib/python3.7/site-packages/airflow/example_dags/example_bash_operator.py took 0.185 seconds
[2022-12-27T11:25:28.013+0000] {processor.py:153} INFO - Started process (PID=443) to work on /home/airflow/.local/lib/python3.7/site-packages/airflow/example_dags/example_bash_operator.py
[2022-12-27T11:25:28.014+0000] {processor.py:743} INFO - Processing file /home/airflow/.local/lib/python3.7/site-packages/airflow/example_dags/example_bash_operator.py for tasks to queue
[2022-12-27T11:25:28.015+0000] {logging_mixin.py:137} INFO - [2022-12-27T11:25:28.015+0000] {dagbag.py:538} INFO - Filling up the DagBag from /home/airflow/.local/lib/python3.7/site-packages/airflow/example_dags/example_bash_operator.py
[2022-12-27T11:25:28.060+0000] {processor.py:753} INFO - DAG(s) dict_keys(['example_bash_operator']) retrieved from /home/airflow/.local/lib/python3.7/site-packages/airflow/example_dags/example_bash_operator.py
[2022-12-27T11:25:28.147+0000] {logging_mixin.py:137} INFO - [2022-12-27T11:25:28.147+0000] {dag.py:2676} INFO - Sync 1 DAGs
[2022-12-27T11:25:28.208+0000] {logging_mixin.py:137} INFO - [2022-12-27T11:25:28.208+0000] {dag.py:3427} INFO - Setting next_dagrun for example_bash_operator to 2022-12-26T00:00:00+00:00, run_after=2022-12-27T00:00:00+00:00
[2022-12-27T11:25:28.275+0000] {processor.py:175} INFO - Processing /home/airflow/.local/lib/python3.7/site-packages/airflow/example_dags/example_bash_operator.py took 0.270 seconds
[2022-12-27T11:25:58.536+0000] {processor.py:153} INFO - Started process (PID=505) to work on /home/airflow/.local/lib/python3.7/site-packages/airflow/example_dags/example_bash_operator.py
[2022-12-27T11:25:58.537+0000] {processor.py:743} INFO - Processing file /home/airflow/.local/lib/python3.7/site-packages/airflow/example_dags/example_bash_operator.py for tasks to queue
[2022-12-27T11:25:58.538+0000] {logging_mixin.py:137} INFO - [2022-12-27T11:25:58.538+0000] {dagbag.py:538} INFO - Filling up the DagBag from /home/airflow/.local/lib/python3.7/site-packages/airflow/example_dags/example_bash_operator.py
[2022-12-27T11:25:58.569+0000] {processor.py:753} INFO - DAG(s) dict_keys(['example_bash_operator']) retrieved from /home/airflow/.local/lib/python3.7/site-packages/airflow/example_dags/example_bash_operator.py
[2022-12-27T11:25:58.630+0000] {logging_mixin.py:137} INFO - [2022-12-27T11:25:58.630+0000] {dag.py:2676} INFO - Sync 1 DAGs
[2022-12-27T11:25:58.666+0000] {logging_mixin.py:137} INFO - [2022-12-27T11:25:58.666+0000] {dag.py:3427} INFO - Setting next_dagrun for example_bash_operator to 2022-12-26T00:00:00+00:00, run_after=2022-12-27T00:00:00+00:00
[2022-12-27T11:25:58.718+0000] {processor.py:175} INFO - Processing /home/airflow/.local/lib/python3.7/site-packages/airflow/example_dags/example_bash_operator.py took 0.187 seconds
[2022-12-27T11:26:29.505+0000] {processor.py:153} INFO - Started process (PID=579) to work on /home/airflow/.local/lib/python3.7/site-packages/airflow/example_dags/example_bash_operator.py
[2022-12-27T11:26:29.507+0000] {processor.py:743} INFO - Processing file /home/airflow/.local/lib/python3.7/site-packages/airflow/example_dags/example_bash_operator.py for tasks to queue
[2022-12-27T11:26:29.508+0000] {logging_mixin.py:137} INFO - [2022-12-27T11:26:29.508+0000] {dagbag.py:538} INFO - Filling up the DagBag from /home/airflow/.local/lib/python3.7/site-packages/airflow/example_dags/example_bash_operator.py
[2022-12-27T11:26:29.554+0000] {processor.py:753} INFO - DAG(s) dict_keys(['example_bash_operator']) retrieved from /home/airflow/.local/lib/python3.7/site-packages/airflow/example_dags/example_bash_operator.py
[2022-12-27T11:26:29.662+0000] {logging_mixin.py:137} INFO - [2022-12-27T11:26:29.661+0000] {dag.py:2676} INFO - Sync 1 DAGs
[2022-12-27T11:26:29.707+0000] {logging_mixin.py:137} INFO - [2022-12-27T11:26:29.707+0000] {dag.py:3427} INFO - Setting next_dagrun for example_bash_operator to 2022-12-26T00:00:00+00:00, run_after=2022-12-27T00:00:00+00:00
[2022-12-27T11:26:29.864+0000] {processor.py:175} INFO - Processing /home/airflow/.local/lib/python3.7/site-packages/airflow/example_dags/example_bash_operator.py took 0.368 seconds
[2022-12-27T11:27:00.119+0000] {processor.py:153} INFO - Started process (PID=640) to work on /home/airflow/.local/lib/python3.7/site-packages/airflow/example_dags/example_bash_operator.py
[2022-12-27T11:27:00.120+0000] {processor.py:743} INFO - Processing file /home/airflow/.local/lib/python3.7/site-packages/airflow/example_dags/example_bash_operator.py for tasks to queue
[2022-12-27T11:27:00.121+0000] {logging_mixin.py:137} INFO - [2022-12-27T11:27:00.121+0000] {dagbag.py:538} INFO - Filling up the DagBag from /home/airflow/.local/lib/python3.7/site-packages/airflow/example_dags/example_bash_operator.py
[2022-12-27T11:27:00.147+0000] {processor.py:753} INFO - DAG(s) dict_keys(['example_bash_operator']) retrieved from /home/airflow/.local/lib/python3.7/site-packages/airflow/example_dags/example_bash_operator.py
[2022-12-27T11:27:00.201+0000] {logging_mixin.py:137} INFO - [2022-12-27T11:27:00.201+0000] {dag.py:2676} INFO - Sync 1 DAGs
[2022-12-27T11:27:00.245+0000] {logging_mixin.py:137} INFO - [2022-12-27T11:27:00.245+0000] {dag.py:3427} INFO - Setting next_dagrun for example_bash_operator to 2022-12-26T00:00:00+00:00, run_after=2022-12-27T00:00:00+00:00
[2022-12-27T11:27:00.309+0000] {processor.py:175} INFO - Processing /home/airflow/.local/lib/python3.7/site-packages/airflow/example_dags/example_bash_operator.py took 0.194 seconds
[2022-12-27T11:27:31.072+0000] {processor.py:153} INFO - Started process (PID=701) to work on /home/airflow/.local/lib/python3.7/site-packages/airflow/example_dags/example_bash_operator.py
[2022-12-27T11:27:31.073+0000] {processor.py:743} INFO - Processing file /home/airflow/.local/lib/python3.7/site-packages/airflow/example_dags/example_bash_operator.py for tasks to queue
[2022-12-27T11:27:31.073+0000] {logging_mixin.py:137} INFO - [2022-12-27T11:27:31.073+0000] {dagbag.py:538} INFO - Filling up the DagBag from /home/airflow/.local/lib/python3.7/site-packages/airflow/example_dags/example_bash_operator.py
[2022-12-27T11:27:31.098+0000] {processor.py:753} INFO - DAG(s) dict_keys(['example_bash_operator']) retrieved from /home/airflow/.local/lib/python3.7/site-packages/airflow/example_dags/example_bash_operator.py
[2022-12-27T11:27:31.149+0000] {logging_mixin.py:137} INFO - [2022-12-27T11:27:31.149+0000] {dag.py:2676} INFO - Sync 1 DAGs
[2022-12-27T11:27:31.176+0000] {logging_mixin.py:137} INFO - [2022-12-27T11:27:31.176+0000] {dag.py:3427} INFO - Setting next_dagrun for example_bash_operator to 2022-12-26T00:00:00+00:00, run_after=2022-12-27T00:00:00+00:00
[2022-12-27T11:27:31.312+0000] {processor.py:175} INFO - Processing /home/airflow/.local/lib/python3.7/site-packages/airflow/example_dags/example_bash_operator.py took 0.244 seconds
[2022-12-27T11:28:02.350+0000] {processor.py:153} INFO - Started process (PID=772) to work on /home/airflow/.local/lib/python3.7/site-packages/airflow/example_dags/example_bash_operator.py
[2022-12-27T11:28:02.352+0000] {processor.py:743} INFO - Processing file /home/airflow/.local/lib/python3.7/site-packages/airflow/example_dags/example_bash_operator.py for tasks to queue
[2022-12-27T11:28:02.353+0000] {logging_mixin.py:137} INFO - [2022-12-27T11:28:02.353+0000] {dagbag.py:538} INFO - Filling up the DagBag from /home/airflow/.local/lib/python3.7/site-packages/airflow/example_dags/example_bash_operator.py
[2022-12-27T11:28:02.423+0000] {processor.py:753} INFO - DAG(s) dict_keys(['example_bash_operator']) retrieved from /home/airflow/.local/lib/python3.7/site-packages/airflow/example_dags/example_bash_operator.py
[2022-12-27T11:28:02.535+0000] {logging_mixin.py:137} INFO - [2022-12-27T11:28:02.535+0000] {dag.py:2676} INFO - Sync 1 DAGs
[2022-12-27T11:28:02.577+0000] {logging_mixin.py:137} INFO - [2022-12-27T11:28:02.577+0000] {dag.py:3427} INFO - Setting next_dagrun for example_bash_operator to 2022-12-26T00:00:00+00:00, run_after=2022-12-27T00:00:00+00:00
[2022-12-27T11:28:02.641+0000] {processor.py:175} INFO - Processing /home/airflow/.local/lib/python3.7/site-packages/airflow/example_dags/example_bash_operator.py took 0.300 seconds
[2022-12-27T11:28:33.243+0000] {processor.py:153} INFO - Started process (PID=837) to work on /home/airflow/.local/lib/python3.7/site-packages/airflow/example_dags/example_bash_operator.py
[2022-12-27T11:28:33.244+0000] {processor.py:743} INFO - Processing file /home/airflow/.local/lib/python3.7/site-packages/airflow/example_dags/example_bash_operator.py for tasks to queue
[2022-12-27T11:28:33.245+0000] {logging_mixin.py:137} INFO - [2022-12-27T11:28:33.245+0000] {dagbag.py:538} INFO - Filling up the DagBag from /home/airflow/.local/lib/python3.7/site-packages/airflow/example_dags/example_bash_operator.py
[2022-12-27T11:28:33.271+0000] {processor.py:753} INFO - DAG(s) dict_keys(['example_bash_operator']) retrieved from /home/airflow/.local/lib/python3.7/site-packages/airflow/example_dags/example_bash_operator.py
[2022-12-27T11:28:33.327+0000] {logging_mixin.py:137} INFO - [2022-12-27T11:28:33.327+0000] {dag.py:2676} INFO - Sync 1 DAGs
[2022-12-27T11:28:33.359+0000] {logging_mixin.py:137} INFO - [2022-12-27T11:28:33.359+0000] {dag.py:3427} INFO - Setting next_dagrun for example_bash_operator to 2022-12-26T00:00:00+00:00, run_after=2022-12-27T00:00:00+00:00
[2022-12-27T11:28:33.408+0000] {processor.py:175} INFO - Processing /home/airflow/.local/lib/python3.7/site-packages/airflow/example_dags/example_bash_operator.py took 0.169 seconds
[2022-12-27T11:29:03.693+0000] {processor.py:153} INFO - Started process (PID=900) to work on /home/airflow/.local/lib/python3.7/site-packages/airflow/example_dags/example_bash_operator.py
[2022-12-27T11:29:03.695+0000] {processor.py:743} INFO - Processing file /home/airflow/.local/lib/python3.7/site-packages/airflow/example_dags/example_bash_operator.py for tasks to queue
[2022-12-27T11:29:03.697+0000] {logging_mixin.py:137} INFO - [2022-12-27T11:29:03.696+0000] {dagbag.py:538} INFO - Filling up the DagBag from /home/airflow/.local/lib/python3.7/site-packages/airflow/example_dags/example_bash_operator.py
[2022-12-27T11:29:03.724+0000] {processor.py:753} INFO - DAG(s) dict_keys(['example_bash_operator']) retrieved from /home/airflow/.local/lib/python3.7/site-packages/airflow/example_dags/example_bash_operator.py
[2022-12-27T11:29:03.802+0000] {logging_mixin.py:137} INFO - [2022-12-27T11:29:03.802+0000] {dag.py:2676} INFO - Sync 1 DAGs
[2022-12-27T11:29:03.855+0000] {logging_mixin.py:137} INFO - [2022-12-27T11:29:03.855+0000] {dag.py:3427} INFO - Setting next_dagrun for example_bash_operator to 2022-12-26T00:00:00+00:00, run_after=2022-12-27T00:00:00+00:00
[2022-12-27T11:29:03.946+0000] {processor.py:175} INFO - Processing /home/airflow/.local/lib/python3.7/site-packages/airflow/example_dags/example_bash_operator.py took 0.259 seconds
[2022-12-27T11:29:34.089+0000] {processor.py:153} INFO - Started process (PID=962) to work on /home/airflow/.local/lib/python3.7/site-packages/airflow/example_dags/example_bash_operator.py
[2022-12-27T11:29:34.090+0000] {processor.py:743} INFO - Processing file /home/airflow/.local/lib/python3.7/site-packages/airflow/example_dags/example_bash_operator.py for tasks to queue
[2022-12-27T11:29:34.091+0000] {logging_mixin.py:137} INFO - [2022-12-27T11:29:34.091+0000] {dagbag.py:538} INFO - Filling up the DagBag from /home/airflow/.local/lib/python3.7/site-packages/airflow/example_dags/example_bash_operator.py
[2022-12-27T11:29:34.119+0000] {processor.py:753} INFO - DAG(s) dict_keys(['example_bash_operator']) retrieved from /home/airflow/.local/lib/python3.7/site-packages/airflow/example_dags/example_bash_operator.py
[2022-12-27T11:29:34.195+0000] {logging_mixin.py:137} INFO - [2022-12-27T11:29:34.195+0000] {dag.py:2676} INFO - Sync 1 DAGs
[2022-12-27T11:29:34.241+0000] {logging_mixin.py:137} INFO - [2022-12-27T11:29:34.241+0000] {dag.py:3427} INFO - Setting next_dagrun for example_bash_operator to 2022-12-26T00:00:00+00:00, run_after=2022-12-27T00:00:00+00:00
[2022-12-27T11:29:34.289+0000] {processor.py:175} INFO - Processing /home/airflow/.local/lib/python3.7/site-packages/airflow/example_dags/example_bash_operator.py took 0.205 seconds
[2022-12-27T11:30:04.734+0000] {processor.py:153} INFO - Started process (PID=1036) to work on /home/airflow/.local/lib/python3.7/site-packages/airflow/example_dags/example_bash_operator.py
[2022-12-27T11:30:04.735+0000] {processor.py:743} INFO - Processing file /home/airflow/.local/lib/python3.7/site-packages/airflow/example_dags/example_bash_operator.py for tasks to queue
[2022-12-27T11:30:04.735+0000] {logging_mixin.py:137} INFO - [2022-12-27T11:30:04.735+0000] {dagbag.py:538} INFO - Filling up the DagBag from /home/airflow/.local/lib/python3.7/site-packages/airflow/example_dags/example_bash_operator.py
[2022-12-27T11:30:04.761+0000] {processor.py:753} INFO - DAG(s) dict_keys(['example_bash_operator']) retrieved from /home/airflow/.local/lib/python3.7/site-packages/airflow/example_dags/example_bash_operator.py
[2022-12-27T11:30:04.819+0000] {logging_mixin.py:137} INFO - [2022-12-27T11:30:04.818+0000] {dag.py:2676} INFO - Sync 1 DAGs
[2022-12-27T11:30:04.846+0000] {logging_mixin.py:137} INFO - [2022-12-27T11:30:04.846+0000] {dag.py:3427} INFO - Setting next_dagrun for example_bash_operator to 2022-12-26T00:00:00+00:00, run_after=2022-12-27T00:00:00+00:00
[2022-12-27T11:30:04.915+0000] {processor.py:175} INFO - Processing /home/airflow/.local/lib/python3.7/site-packages/airflow/example_dags/example_bash_operator.py took 0.185 seconds
[2022-12-27T11:30:36.242+0000] {processor.py:153} INFO - Started process (PID=1098) to work on /home/airflow/.local/lib/python3.7/site-packages/airflow/example_dags/example_bash_operator.py
[2022-12-27T11:30:36.244+0000] {processor.py:743} INFO - Processing file /home/airflow/.local/lib/python3.7/site-packages/airflow/example_dags/example_bash_operator.py for tasks to queue
[2022-12-27T11:30:36.245+0000] {logging_mixin.py:137} INFO - [2022-12-27T11:30:36.245+0000] {dagbag.py:538} INFO - Filling up the DagBag from /home/airflow/.local/lib/python3.7/site-packages/airflow/example_dags/example_bash_operator.py
[2022-12-27T11:30:36.281+0000] {processor.py:753} INFO - DAG(s) dict_keys(['example_bash_operator']) retrieved from /home/airflow/.local/lib/python3.7/site-packages/airflow/example_dags/example_bash_operator.py
[2022-12-27T11:30:36.353+0000] {logging_mixin.py:137} INFO - [2022-12-27T11:30:36.353+0000] {dag.py:2676} INFO - Sync 1 DAGs
[2022-12-27T11:30:36.388+0000] {logging_mixin.py:137} INFO - [2022-12-27T11:30:36.388+0000] {dag.py:3427} INFO - Setting next_dagrun for example_bash_operator to 2022-12-26T00:00:00+00:00, run_after=2022-12-27T00:00:00+00:00
[2022-12-27T11:30:36.529+0000] {processor.py:175} INFO - Processing /home/airflow/.local/lib/python3.7/site-packages/airflow/example_dags/example_bash_operator.py took 0.291 seconds
[2022-12-27T11:31:07.618+0000] {processor.py:153} INFO - Started process (PID=1173) to work on /home/airflow/.local/lib/python3.7/site-packages/airflow/example_dags/example_bash_operator.py
[2022-12-27T11:31:07.620+0000] {processor.py:743} INFO - Processing file /home/airflow/.local/lib/python3.7/site-packages/airflow/example_dags/example_bash_operator.py for tasks to queue
[2022-12-27T11:31:07.622+0000] {logging_mixin.py:137} INFO - [2022-12-27T11:31:07.622+0000] {dagbag.py:538} INFO - Filling up the DagBag from /home/airflow/.local/lib/python3.7/site-packages/airflow/example_dags/example_bash_operator.py
[2022-12-27T11:31:07.674+0000] {processor.py:753} INFO - DAG(s) dict_keys(['example_bash_operator']) retrieved from /home/airflow/.local/lib/python3.7/site-packages/airflow/example_dags/example_bash_operator.py
[2022-12-27T11:31:07.779+0000] {logging_mixin.py:137} INFO - [2022-12-27T11:31:07.778+0000] {dag.py:2676} INFO - Sync 1 DAGs
[2022-12-27T11:31:07.851+0000] {logging_mixin.py:137} INFO - [2022-12-27T11:31:07.850+0000] {dag.py:3427} INFO - Setting next_dagrun for example_bash_operator to 2022-12-26T00:00:00+00:00, run_after=2022-12-27T00:00:00+00:00
[2022-12-27T11:31:07.931+0000] {processor.py:175} INFO - Processing /home/airflow/.local/lib/python3.7/site-packages/airflow/example_dags/example_bash_operator.py took 0.320 seconds
[2022-12-27T11:31:38.266+0000] {processor.py:153} INFO - Started process (PID=1235) to work on /home/airflow/.local/lib/python3.7/site-packages/airflow/example_dags/example_bash_operator.py
[2022-12-27T11:31:38.269+0000] {processor.py:743} INFO - Processing file /home/airflow/.local/lib/python3.7/site-packages/airflow/example_dags/example_bash_operator.py for tasks to queue
[2022-12-27T11:31:38.270+0000] {logging_mixin.py:137} INFO - [2022-12-27T11:31:38.270+0000] {dagbag.py:538} INFO - Filling up the DagBag from /home/airflow/.local/lib/python3.7/site-packages/airflow/example_dags/example_bash_operator.py
[2022-12-27T11:31:38.313+0000] {processor.py:753} INFO - DAG(s) dict_keys(['example_bash_operator']) retrieved from /home/airflow/.local/lib/python3.7/site-packages/airflow/example_dags/example_bash_operator.py
[2022-12-27T11:31:38.381+0000] {logging_mixin.py:137} INFO - [2022-12-27T11:31:38.380+0000] {dag.py:2676} INFO - Sync 1 DAGs
[2022-12-27T11:31:38.411+0000] {logging_mixin.py:137} INFO - [2022-12-27T11:31:38.411+0000] {dag.py:3427} INFO - Setting next_dagrun for example_bash_operator to 2022-12-26T00:00:00+00:00, run_after=2022-12-27T00:00:00+00:00
[2022-12-27T11:31:38.460+0000] {processor.py:175} INFO - Processing /home/airflow/.local/lib/python3.7/site-packages/airflow/example_dags/example_bash_operator.py took 0.199 seconds
[2022-12-27T11:32:09.391+0000] {processor.py:153} INFO - Started process (PID=1304) to work on /home/airflow/.local/lib/python3.7/site-packages/airflow/example_dags/example_bash_operator.py
[2022-12-27T11:32:09.392+0000] {processor.py:743} INFO - Processing file /home/airflow/.local/lib/python3.7/site-packages/airflow/example_dags/example_bash_operator.py for tasks to queue
[2022-12-27T11:32:09.393+0000] {logging_mixin.py:137} INFO - [2022-12-27T11:32:09.393+0000] {dagbag.py:538} INFO - Filling up the DagBag from /home/airflow/.local/lib/python3.7/site-packages/airflow/example_dags/example_bash_operator.py
[2022-12-27T11:32:09.427+0000] {processor.py:753} INFO - DAG(s) dict_keys(['example_bash_operator']) retrieved from /home/airflow/.local/lib/python3.7/site-packages/airflow/example_dags/example_bash_operator.py
[2022-12-27T11:32:09.502+0000] {logging_mixin.py:137} INFO - [2022-12-27T11:32:09.502+0000] {dag.py:2676} INFO - Sync 1 DAGs
[2022-12-27T11:32:09.541+0000] {logging_mixin.py:137} INFO - [2022-12-27T11:32:09.540+0000] {dag.py:3427} INFO - Setting next_dagrun for example_bash_operator to 2022-12-26T00:00:00+00:00, run_after=2022-12-27T00:00:00+00:00
[2022-12-27T11:32:09.591+0000] {processor.py:175} INFO - Processing /home/airflow/.local/lib/python3.7/site-packages/airflow/example_dags/example_bash_operator.py took 0.206 seconds
[2022-12-27T11:32:40.425+0000] {processor.py:153} INFO - Started process (PID=1372) to work on /home/airflow/.local/lib/python3.7/site-packages/airflow/example_dags/example_bash_operator.py
[2022-12-27T11:32:40.426+0000] {processor.py:743} INFO - Processing file /home/airflow/.local/lib/python3.7/site-packages/airflow/example_dags/example_bash_operator.py for tasks to queue
[2022-12-27T11:32:40.427+0000] {logging_mixin.py:137} INFO - [2022-12-27T11:32:40.427+0000] {dagbag.py:538} INFO - Filling up the DagBag from /home/airflow/.local/lib/python3.7/site-packages/airflow/example_dags/example_bash_operator.py
[2022-12-27T11:32:40.457+0000] {processor.py:753} INFO - DAG(s) dict_keys(['example_bash_operator']) retrieved from /home/airflow/.local/lib/python3.7/site-packages/airflow/example_dags/example_bash_operator.py
[2022-12-27T11:32:40.517+0000] {logging_mixin.py:137} INFO - [2022-12-27T11:32:40.517+0000] {dag.py:2676} INFO - Sync 1 DAGs
[2022-12-27T11:32:40.548+0000] {logging_mixin.py:137} INFO - [2022-12-27T11:32:40.548+0000] {dag.py:3427} INFO - Setting next_dagrun for example_bash_operator to 2022-12-26T00:00:00+00:00, run_after=2022-12-27T00:00:00+00:00
[2022-12-27T11:32:40.612+0000] {processor.py:175} INFO - Processing /home/airflow/.local/lib/python3.7/site-packages/airflow/example_dags/example_bash_operator.py took 0.194 seconds
[2022-12-27T11:33:10.861+0000] {processor.py:153} INFO - Started process (PID=1434) to work on /home/airflow/.local/lib/python3.7/site-packages/airflow/example_dags/example_bash_operator.py
[2022-12-27T11:33:10.863+0000] {processor.py:743} INFO - Processing file /home/airflow/.local/lib/python3.7/site-packages/airflow/example_dags/example_bash_operator.py for tasks to queue
[2022-12-27T11:33:10.864+0000] {logging_mixin.py:137} INFO - [2022-12-27T11:33:10.864+0000] {dagbag.py:538} INFO - Filling up the DagBag from /home/airflow/.local/lib/python3.7/site-packages/airflow/example_dags/example_bash_operator.py
[2022-12-27T11:33:10.903+0000] {processor.py:753} INFO - DAG(s) dict_keys(['example_bash_operator']) retrieved from /home/airflow/.local/lib/python3.7/site-packages/airflow/example_dags/example_bash_operator.py
[2022-12-27T11:33:10.966+0000] {logging_mixin.py:137} INFO - [2022-12-27T11:33:10.966+0000] {dag.py:2676} INFO - Sync 1 DAGs
[2022-12-27T11:33:11.000+0000] {logging_mixin.py:137} INFO - [2022-12-27T11:33:11.000+0000] {dag.py:3427} INFO - Setting next_dagrun for example_bash_operator to 2022-12-26T00:00:00+00:00, run_after=2022-12-27T00:00:00+00:00
[2022-12-27T11:33:11.050+0000] {processor.py:175} INFO - Processing /home/airflow/.local/lib/python3.7/site-packages/airflow/example_dags/example_bash_operator.py took 0.195 seconds
[2022-12-27T11:33:41.375+0000] {processor.py:153} INFO - Started process (PID=1496) to work on /home/airflow/.local/lib/python3.7/site-packages/airflow/example_dags/example_bash_operator.py
[2022-12-27T11:33:41.377+0000] {processor.py:743} INFO - Processing file /home/airflow/.local/lib/python3.7/site-packages/airflow/example_dags/example_bash_operator.py for tasks to queue
[2022-12-27T11:33:41.379+0000] {logging_mixin.py:137} INFO - [2022-12-27T11:33:41.379+0000] {dagbag.py:538} INFO - Filling up the DagBag from /home/airflow/.local/lib/python3.7/site-packages/airflow/example_dags/example_bash_operator.py
[2022-12-27T11:33:41.434+0000] {processor.py:753} INFO - DAG(s) dict_keys(['example_bash_operator']) retrieved from /home/airflow/.local/lib/python3.7/site-packages/airflow/example_dags/example_bash_operator.py
[2022-12-27T11:33:41.549+0000] {logging_mixin.py:137} INFO - [2022-12-27T11:33:41.548+0000] {dag.py:2676} INFO - Sync 1 DAGs
[2022-12-27T11:33:41.610+0000] {logging_mixin.py:137} INFO - [2022-12-27T11:33:41.609+0000] {dag.py:3427} INFO - Setting next_dagrun for example_bash_operator to 2022-12-26T00:00:00+00:00, run_after=2022-12-27T00:00:00+00:00
[2022-12-27T11:33:41.677+0000] {processor.py:175} INFO - Processing /home/airflow/.local/lib/python3.7/site-packages/airflow/example_dags/example_bash_operator.py took 0.309 seconds
[2022-12-27T11:34:12.100+0000] {processor.py:153} INFO - Started process (PID=1570) to work on /home/airflow/.local/lib/python3.7/site-packages/airflow/example_dags/example_bash_operator.py
[2022-12-27T11:34:12.102+0000] {processor.py:743} INFO - Processing file /home/airflow/.local/lib/python3.7/site-packages/airflow/example_dags/example_bash_operator.py for tasks to queue
[2022-12-27T11:34:12.104+0000] {logging_mixin.py:137} INFO - [2022-12-27T11:34:12.103+0000] {dagbag.py:538} INFO - Filling up the DagBag from /home/airflow/.local/lib/python3.7/site-packages/airflow/example_dags/example_bash_operator.py
[2022-12-27T11:34:12.147+0000] {processor.py:753} INFO - DAG(s) dict_keys(['example_bash_operator']) retrieved from /home/airflow/.local/lib/python3.7/site-packages/airflow/example_dags/example_bash_operator.py
[2022-12-27T11:34:12.234+0000] {logging_mixin.py:137} INFO - [2022-12-27T11:34:12.234+0000] {dag.py:2676} INFO - Sync 1 DAGs
[2022-12-27T11:34:12.284+0000] {logging_mixin.py:137} INFO - [2022-12-27T11:34:12.284+0000] {dag.py:3427} INFO - Setting next_dagrun for example_bash_operator to 2022-12-26T00:00:00+00:00, run_after=2022-12-27T00:00:00+00:00
[2022-12-27T11:34:12.335+0000] {processor.py:175} INFO - Processing /home/airflow/.local/lib/python3.7/site-packages/airflow/example_dags/example_bash_operator.py took 0.242 seconds
[2022-12-27T11:34:42.472+0000] {processor.py:153} INFO - Started process (PID=1632) to work on /home/airflow/.local/lib/python3.7/site-packages/airflow/example_dags/example_bash_operator.py
[2022-12-27T11:34:42.473+0000] {processor.py:743} INFO - Processing file /home/airflow/.local/lib/python3.7/site-packages/airflow/example_dags/example_bash_operator.py for tasks to queue
[2022-12-27T11:34:42.474+0000] {logging_mixin.py:137} INFO - [2022-12-27T11:34:42.474+0000] {dagbag.py:538} INFO - Filling up the DagBag from /home/airflow/.local/lib/python3.7/site-packages/airflow/example_dags/example_bash_operator.py
[2022-12-27T11:34:42.502+0000] {processor.py:753} INFO - DAG(s) dict_keys(['example_bash_operator']) retrieved from /home/airflow/.local/lib/python3.7/site-packages/airflow/example_dags/example_bash_operator.py
[2022-12-27T11:34:42.558+0000] {logging_mixin.py:137} INFO - [2022-12-27T11:34:42.558+0000] {dag.py:2676} INFO - Sync 1 DAGs
[2022-12-27T11:34:42.586+0000] {logging_mixin.py:137} INFO - [2022-12-27T11:34:42.586+0000] {dag.py:3427} INFO - Setting next_dagrun for example_bash_operator to 2022-12-26T00:00:00+00:00, run_after=2022-12-27T00:00:00+00:00
[2022-12-27T11:34:42.637+0000] {processor.py:175} INFO - Processing /home/airflow/.local/lib/python3.7/site-packages/airflow/example_dags/example_bash_operator.py took 0.170 seconds
[2022-12-27T11:35:13.223+0000] {processor.py:153} INFO - Started process (PID=1694) to work on /home/airflow/.local/lib/python3.7/site-packages/airflow/example_dags/example_bash_operator.py
[2022-12-27T11:35:13.225+0000] {processor.py:743} INFO - Processing file /home/airflow/.local/lib/python3.7/site-packages/airflow/example_dags/example_bash_operator.py for tasks to queue
[2022-12-27T11:35:13.227+0000] {logging_mixin.py:137} INFO - [2022-12-27T11:35:13.226+0000] {dagbag.py:538} INFO - Filling up the DagBag from /home/airflow/.local/lib/python3.7/site-packages/airflow/example_dags/example_bash_operator.py
[2022-12-27T11:35:13.287+0000] {processor.py:753} INFO - DAG(s) dict_keys(['example_bash_operator']) retrieved from /home/airflow/.local/lib/python3.7/site-packages/airflow/example_dags/example_bash_operator.py
[2022-12-27T11:35:13.401+0000] {logging_mixin.py:137} INFO - [2022-12-27T11:35:13.401+0000] {dag.py:2676} INFO - Sync 1 DAGs
[2022-12-27T11:35:13.465+0000] {logging_mixin.py:137} INFO - [2022-12-27T11:35:13.465+0000] {dag.py:3427} INFO - Setting next_dagrun for example_bash_operator to 2022-12-26T00:00:00+00:00, run_after=2022-12-27T00:00:00+00:00
[2022-12-27T11:35:13.541+0000] {processor.py:175} INFO - Processing /home/airflow/.local/lib/python3.7/site-packages/airflow/example_dags/example_bash_operator.py took 0.325 seconds
[2022-12-27T11:35:43.747+0000] {processor.py:153} INFO - Started process (PID=1769) to work on /home/airflow/.local/lib/python3.7/site-packages/airflow/example_dags/example_bash_operator.py
[2022-12-27T11:35:43.749+0000] {processor.py:743} INFO - Processing file /home/airflow/.local/lib/python3.7/site-packages/airflow/example_dags/example_bash_operator.py for tasks to queue
[2022-12-27T11:35:43.751+0000] {logging_mixin.py:137} INFO - [2022-12-27T11:35:43.751+0000] {dagbag.py:538} INFO - Filling up the DagBag from /home/airflow/.local/lib/python3.7/site-packages/airflow/example_dags/example_bash_operator.py
[2022-12-27T11:35:43.802+0000] {processor.py:753} INFO - DAG(s) dict_keys(['example_bash_operator']) retrieved from /home/airflow/.local/lib/python3.7/site-packages/airflow/example_dags/example_bash_operator.py
[2022-12-27T11:35:43.925+0000] {logging_mixin.py:137} INFO - [2022-12-27T11:35:43.925+0000] {dag.py:2676} INFO - Sync 1 DAGs
[2022-12-27T11:35:43.999+0000] {logging_mixin.py:137} INFO - [2022-12-27T11:35:43.998+0000] {dag.py:3427} INFO - Setting next_dagrun for example_bash_operator to 2022-12-26T00:00:00+00:00, run_after=2022-12-27T00:00:00+00:00
[2022-12-27T11:35:44.107+0000] {processor.py:175} INFO - Processing /home/airflow/.local/lib/python3.7/site-packages/airflow/example_dags/example_bash_operator.py took 0.369 seconds
[2022-12-27T11:36:15.121+0000] {processor.py:153} INFO - Started process (PID=1832) to work on /home/airflow/.local/lib/python3.7/site-packages/airflow/example_dags/example_bash_operator.py
[2022-12-27T11:36:15.122+0000] {processor.py:743} INFO - Processing file /home/airflow/.local/lib/python3.7/site-packages/airflow/example_dags/example_bash_operator.py for tasks to queue
[2022-12-27T11:36:15.123+0000] {logging_mixin.py:137} INFO - [2022-12-27T11:36:15.123+0000] {dagbag.py:538} INFO - Filling up the DagBag from /home/airflow/.local/lib/python3.7/site-packages/airflow/example_dags/example_bash_operator.py
[2022-12-27T11:36:15.154+0000] {processor.py:753} INFO - DAG(s) dict_keys(['example_bash_operator']) retrieved from /home/airflow/.local/lib/python3.7/site-packages/airflow/example_dags/example_bash_operator.py
[2022-12-27T11:36:15.209+0000] {logging_mixin.py:137} INFO - [2022-12-27T11:36:15.209+0000] {dag.py:2676} INFO - Sync 1 DAGs
[2022-12-27T11:36:15.240+0000] {logging_mixin.py:137} INFO - [2022-12-27T11:36:15.240+0000] {dag.py:3427} INFO - Setting next_dagrun for example_bash_operator to 2022-12-26T00:00:00+00:00, run_after=2022-12-27T00:00:00+00:00
[2022-12-27T11:36:15.556+0000] {processor.py:175} INFO - Processing /home/airflow/.local/lib/python3.7/site-packages/airflow/example_dags/example_bash_operator.py took 0.441 seconds
[2022-12-27T11:36:45.672+0000] {processor.py:153} INFO - Started process (PID=1894) to work on /home/airflow/.local/lib/python3.7/site-packages/airflow/example_dags/example_bash_operator.py
[2022-12-27T11:36:45.675+0000] {processor.py:743} INFO - Processing file /home/airflow/.local/lib/python3.7/site-packages/airflow/example_dags/example_bash_operator.py for tasks to queue
[2022-12-27T11:36:45.677+0000] {logging_mixin.py:137} INFO - [2022-12-27T11:36:45.676+0000] {dagbag.py:538} INFO - Filling up the DagBag from /home/airflow/.local/lib/python3.7/site-packages/airflow/example_dags/example_bash_operator.py
[2022-12-27T11:36:45.754+0000] {processor.py:753} INFO - DAG(s) dict_keys(['example_bash_operator']) retrieved from /home/airflow/.local/lib/python3.7/site-packages/airflow/example_dags/example_bash_operator.py
[2022-12-27T11:36:45.899+0000] {logging_mixin.py:137} INFO - [2022-12-27T11:36:45.899+0000] {dag.py:2676} INFO - Sync 1 DAGs
[2022-12-27T11:36:45.984+0000] {logging_mixin.py:137} INFO - [2022-12-27T11:36:45.983+0000] {dag.py:3427} INFO - Setting next_dagrun for example_bash_operator to 2022-12-26T00:00:00+00:00, run_after=2022-12-27T00:00:00+00:00
[2022-12-27T11:36:46.072+0000] {processor.py:175} INFO - Processing /home/airflow/.local/lib/python3.7/site-packages/airflow/example_dags/example_bash_operator.py took 0.411 seconds
[2022-12-27T11:37:16.484+0000] {processor.py:153} INFO - Started process (PID=1957) to work on /home/airflow/.local/lib/python3.7/site-packages/airflow/example_dags/example_bash_operator.py
[2022-12-27T11:37:16.487+0000] {processor.py:743} INFO - Processing file /home/airflow/.local/lib/python3.7/site-packages/airflow/example_dags/example_bash_operator.py for tasks to queue
[2022-12-27T11:37:16.489+0000] {logging_mixin.py:137} INFO - [2022-12-27T11:37:16.489+0000] {dagbag.py:538} INFO - Filling up the DagBag from /home/airflow/.local/lib/python3.7/site-packages/airflow/example_dags/example_bash_operator.py
[2022-12-27T11:37:16.554+0000] {processor.py:753} INFO - DAG(s) dict_keys(['example_bash_operator']) retrieved from /home/airflow/.local/lib/python3.7/site-packages/airflow/example_dags/example_bash_operator.py
[2022-12-27T11:37:16.667+0000] {logging_mixin.py:137} INFO - [2022-12-27T11:37:16.667+0000] {dag.py:2676} INFO - Sync 1 DAGs
[2022-12-27T11:37:16.731+0000] {logging_mixin.py:137} INFO - [2022-12-27T11:37:16.731+0000] {dag.py:3427} INFO - Setting next_dagrun for example_bash_operator to 2022-12-26T00:00:00+00:00, run_after=2022-12-27T00:00:00+00:00
[2022-12-27T11:37:16.806+0000] {processor.py:175} INFO - Processing /home/airflow/.local/lib/python3.7/site-packages/airflow/example_dags/example_bash_operator.py took 0.331 seconds
[2022-12-27T11:37:47.720+0000] {processor.py:153} INFO - Started process (PID=2032) to work on /home/airflow/.local/lib/python3.7/site-packages/airflow/example_dags/example_bash_operator.py
[2022-12-27T11:37:47.723+0000] {processor.py:743} INFO - Processing file /home/airflow/.local/lib/python3.7/site-packages/airflow/example_dags/example_bash_operator.py for tasks to queue
[2022-12-27T11:37:47.725+0000] {logging_mixin.py:137} INFO - [2022-12-27T11:37:47.725+0000] {dagbag.py:538} INFO - Filling up the DagBag from /home/airflow/.local/lib/python3.7/site-packages/airflow/example_dags/example_bash_operator.py
[2022-12-27T11:37:47.760+0000] {processor.py:753} INFO - DAG(s) dict_keys(['example_bash_operator']) retrieved from /home/airflow/.local/lib/python3.7/site-packages/airflow/example_dags/example_bash_operator.py
[2022-12-27T11:37:47.820+0000] {logging_mixin.py:137} INFO - [2022-12-27T11:37:47.820+0000] {dag.py:2676} INFO - Sync 1 DAGs
[2022-12-27T11:37:47.855+0000] {logging_mixin.py:137} INFO - [2022-12-27T11:37:47.855+0000] {dag.py:3427} INFO - Setting next_dagrun for example_bash_operator to 2022-12-26T00:00:00+00:00, run_after=2022-12-27T00:00:00+00:00
[2022-12-27T11:37:48.018+0000] {processor.py:175} INFO - Processing /home/airflow/.local/lib/python3.7/site-packages/airflow/example_dags/example_bash_operator.py took 0.303 seconds
[2022-12-27T11:38:18.817+0000] {processor.py:153} INFO - Started process (PID=2095) to work on /home/airflow/.local/lib/python3.7/site-packages/airflow/example_dags/example_bash_operator.py
[2022-12-27T11:38:18.824+0000] {processor.py:743} INFO - Processing file /home/airflow/.local/lib/python3.7/site-packages/airflow/example_dags/example_bash_operator.py for tasks to queue
[2022-12-27T11:38:18.825+0000] {logging_mixin.py:137} INFO - [2022-12-27T11:38:18.825+0000] {dagbag.py:538} INFO - Filling up the DagBag from /home/airflow/.local/lib/python3.7/site-packages/airflow/example_dags/example_bash_operator.py
[2022-12-27T11:38:18.856+0000] {processor.py:753} INFO - DAG(s) dict_keys(['example_bash_operator']) retrieved from /home/airflow/.local/lib/python3.7/site-packages/airflow/example_dags/example_bash_operator.py
[2022-12-27T11:38:18.921+0000] {logging_mixin.py:137} INFO - [2022-12-27T11:38:18.921+0000] {dag.py:2676} INFO - Sync 1 DAGs
[2022-12-27T11:38:18.957+0000] {logging_mixin.py:137} INFO - [2022-12-27T11:38:18.957+0000] {dag.py:3427} INFO - Setting next_dagrun for example_bash_operator to 2022-12-26T00:00:00+00:00, run_after=2022-12-27T00:00:00+00:00
[2022-12-27T11:38:19.020+0000] {processor.py:175} INFO - Processing /home/airflow/.local/lib/python3.7/site-packages/airflow/example_dags/example_bash_operator.py took 0.207 seconds
[2022-12-27T11:38:49.546+0000] {processor.py:153} INFO - Started process (PID=2157) to work on /home/airflow/.local/lib/python3.7/site-packages/airflow/example_dags/example_bash_operator.py
[2022-12-27T11:38:49.547+0000] {processor.py:743} INFO - Processing file /home/airflow/.local/lib/python3.7/site-packages/airflow/example_dags/example_bash_operator.py for tasks to queue
[2022-12-27T11:38:49.547+0000] {logging_mixin.py:137} INFO - [2022-12-27T11:38:49.547+0000] {dagbag.py:538} INFO - Filling up the DagBag from /home/airflow/.local/lib/python3.7/site-packages/airflow/example_dags/example_bash_operator.py
[2022-12-27T11:38:49.579+0000] {processor.py:753} INFO - DAG(s) dict_keys(['example_bash_operator']) retrieved from /home/airflow/.local/lib/python3.7/site-packages/airflow/example_dags/example_bash_operator.py
[2022-12-27T11:38:49.632+0000] {logging_mixin.py:137} INFO - [2022-12-27T11:38:49.632+0000] {dag.py:2676} INFO - Sync 1 DAGs
[2022-12-27T11:38:49.663+0000] {logging_mixin.py:137} INFO - [2022-12-27T11:38:49.663+0000] {dag.py:3427} INFO - Setting next_dagrun for example_bash_operator to 2022-12-26T00:00:00+00:00, run_after=2022-12-27T00:00:00+00:00
[2022-12-27T11:38:49.791+0000] {processor.py:175} INFO - Processing /home/airflow/.local/lib/python3.7/site-packages/airflow/example_dags/example_bash_operator.py took 0.250 seconds
[2022-12-27T11:39:19.961+0000] {processor.py:153} INFO - Started process (PID=2230) to work on /home/airflow/.local/lib/python3.7/site-packages/airflow/example_dags/example_bash_operator.py
[2022-12-27T11:39:19.962+0000] {processor.py:743} INFO - Processing file /home/airflow/.local/lib/python3.7/site-packages/airflow/example_dags/example_bash_operator.py for tasks to queue
[2022-12-27T11:39:19.963+0000] {logging_mixin.py:137} INFO - [2022-12-27T11:39:19.963+0000] {dagbag.py:538} INFO - Filling up the DagBag from /home/airflow/.local/lib/python3.7/site-packages/airflow/example_dags/example_bash_operator.py
[2022-12-27T11:39:19.989+0000] {processor.py:753} INFO - DAG(s) dict_keys(['example_bash_operator']) retrieved from /home/airflow/.local/lib/python3.7/site-packages/airflow/example_dags/example_bash_operator.py
[2022-12-27T11:39:20.044+0000] {logging_mixin.py:137} INFO - [2022-12-27T11:39:20.044+0000] {dag.py:2676} INFO - Sync 1 DAGs
[2022-12-27T11:39:20.075+0000] {logging_mixin.py:137} INFO - [2022-12-27T11:39:20.075+0000] {dag.py:3427} INFO - Setting next_dagrun for example_bash_operator to 2022-12-26T00:00:00+00:00, run_after=2022-12-27T00:00:00+00:00
[2022-12-27T11:39:20.125+0000] {processor.py:175} INFO - Processing /home/airflow/.local/lib/python3.7/site-packages/airflow/example_dags/example_bash_operator.py took 0.171 seconds
[2022-12-27T11:39:50.315+0000] {processor.py:153} INFO - Started process (PID=2292) to work on /home/airflow/.local/lib/python3.7/site-packages/airflow/example_dags/example_bash_operator.py
[2022-12-27T11:39:50.316+0000] {processor.py:743} INFO - Processing file /home/airflow/.local/lib/python3.7/site-packages/airflow/example_dags/example_bash_operator.py for tasks to queue
[2022-12-27T11:39:50.317+0000] {logging_mixin.py:137} INFO - [2022-12-27T11:39:50.317+0000] {dagbag.py:538} INFO - Filling up the DagBag from /home/airflow/.local/lib/python3.7/site-packages/airflow/example_dags/example_bash_operator.py
[2022-12-27T11:39:50.350+0000] {processor.py:753} INFO - DAG(s) dict_keys(['example_bash_operator']) retrieved from /home/airflow/.local/lib/python3.7/site-packages/airflow/example_dags/example_bash_operator.py
[2022-12-27T11:39:50.427+0000] {logging_mixin.py:137} INFO - [2022-12-27T11:39:50.427+0000] {dag.py:2676} INFO - Sync 1 DAGs
[2022-12-27T11:39:50.462+0000] {logging_mixin.py:137} INFO - [2022-12-27T11:39:50.462+0000] {dag.py:3427} INFO - Setting next_dagrun for example_bash_operator to 2022-12-26T00:00:00+00:00, run_after=2022-12-27T00:00:00+00:00
[2022-12-27T11:39:50.509+0000] {processor.py:175} INFO - Processing /home/airflow/.local/lib/python3.7/site-packages/airflow/example_dags/example_bash_operator.py took 0.198 seconds
[2022-12-27T11:40:21.034+0000] {processor.py:153} INFO - Started process (PID=2354) to work on /home/airflow/.local/lib/python3.7/site-packages/airflow/example_dags/example_bash_operator.py
[2022-12-27T11:40:21.035+0000] {processor.py:743} INFO - Processing file /home/airflow/.local/lib/python3.7/site-packages/airflow/example_dags/example_bash_operator.py for tasks to queue
[2022-12-27T11:40:21.036+0000] {logging_mixin.py:137} INFO - [2022-12-27T11:40:21.036+0000] {dagbag.py:538} INFO - Filling up the DagBag from /home/airflow/.local/lib/python3.7/site-packages/airflow/example_dags/example_bash_operator.py
[2022-12-27T11:40:21.067+0000] {processor.py:753} INFO - DAG(s) dict_keys(['example_bash_operator']) retrieved from /home/airflow/.local/lib/python3.7/site-packages/airflow/example_dags/example_bash_operator.py
[2022-12-27T11:40:21.143+0000] {logging_mixin.py:137} INFO - [2022-12-27T11:40:21.143+0000] {dag.py:2676} INFO - Sync 1 DAGs
[2022-12-27T11:40:21.180+0000] {logging_mixin.py:137} INFO - [2022-12-27T11:40:21.180+0000] {dag.py:3427} INFO - Setting next_dagrun for example_bash_operator to 2022-12-26T00:00:00+00:00, run_after=2022-12-27T00:00:00+00:00
[2022-12-27T11:40:21.304+0000] {processor.py:175} INFO - Processing /home/airflow/.local/lib/python3.7/site-packages/airflow/example_dags/example_bash_operator.py took 0.276 seconds
[2022-12-27T11:40:51.966+0000] {processor.py:153} INFO - Started process (PID=2416) to work on /home/airflow/.local/lib/python3.7/site-packages/airflow/example_dags/example_bash_operator.py
[2022-12-27T11:40:51.968+0000] {processor.py:743} INFO - Processing file /home/airflow/.local/lib/python3.7/site-packages/airflow/example_dags/example_bash_operator.py for tasks to queue
[2022-12-27T11:40:51.969+0000] {logging_mixin.py:137} INFO - [2022-12-27T11:40:51.969+0000] {dagbag.py:538} INFO - Filling up the DagBag from /home/airflow/.local/lib/python3.7/site-packages/airflow/example_dags/example_bash_operator.py
[2022-12-27T11:40:52.000+0000] {processor.py:753} INFO - DAG(s) dict_keys(['example_bash_operator']) retrieved from /home/airflow/.local/lib/python3.7/site-packages/airflow/example_dags/example_bash_operator.py
[2022-12-27T11:40:52.034+0000] {logging_mixin.py:137} INFO - [2022-12-27T11:40:52.034+0000] {dag.py:2676} INFO - Sync 1 DAGs
[2022-12-27T11:40:52.088+0000] {logging_mixin.py:137} INFO - [2022-12-27T11:40:52.088+0000] {dag.py:3427} INFO - Setting next_dagrun for example_bash_operator to 2022-12-26T00:00:00+00:00, run_after=2022-12-27T00:00:00+00:00
[2022-12-27T11:40:52.164+0000] {processor.py:175} INFO - Processing /home/airflow/.local/lib/python3.7/site-packages/airflow/example_dags/example_bash_operator.py took 0.204 seconds
[2022-12-27T11:41:22.373+0000] {processor.py:153} INFO - Started process (PID=2477) to work on /home/airflow/.local/lib/python3.7/site-packages/airflow/example_dags/example_bash_operator.py
[2022-12-27T11:41:22.374+0000] {processor.py:743} INFO - Processing file /home/airflow/.local/lib/python3.7/site-packages/airflow/example_dags/example_bash_operator.py for tasks to queue
[2022-12-27T11:41:22.375+0000] {logging_mixin.py:137} INFO - [2022-12-27T11:41:22.375+0000] {dagbag.py:538} INFO - Filling up the DagBag from /home/airflow/.local/lib/python3.7/site-packages/airflow/example_dags/example_bash_operator.py
[2022-12-27T11:41:22.400+0000] {processor.py:753} INFO - DAG(s) dict_keys(['example_bash_operator']) retrieved from /home/airflow/.local/lib/python3.7/site-packages/airflow/example_dags/example_bash_operator.py
[2022-12-27T11:41:22.460+0000] {logging_mixin.py:137} INFO - [2022-12-27T11:41:22.460+0000] {dag.py:2676} INFO - Sync 1 DAGs
[2022-12-27T11:41:22.493+0000] {logging_mixin.py:137} INFO - [2022-12-27T11:41:22.493+0000] {dag.py:3427} INFO - Setting next_dagrun for example_bash_operator to 2022-12-26T00:00:00+00:00, run_after=2022-12-27T00:00:00+00:00
[2022-12-27T11:41:22.706+0000] {processor.py:175} INFO - Processing /home/airflow/.local/lib/python3.7/site-packages/airflow/example_dags/example_bash_operator.py took 0.337 seconds
[2022-12-27T11:41:52.906+0000] {processor.py:153} INFO - Started process (PID=2547) to work on /home/airflow/.local/lib/python3.7/site-packages/airflow/example_dags/example_bash_operator.py
[2022-12-27T11:41:52.907+0000] {processor.py:743} INFO - Processing file /home/airflow/.local/lib/python3.7/site-packages/airflow/example_dags/example_bash_operator.py for tasks to queue
[2022-12-27T11:41:52.917+0000] {logging_mixin.py:137} INFO - [2022-12-27T11:41:52.917+0000] {dagbag.py:538} INFO - Filling up the DagBag from /home/airflow/.local/lib/python3.7/site-packages/airflow/example_dags/example_bash_operator.py
[2022-12-27T11:41:52.959+0000] {processor.py:753} INFO - DAG(s) dict_keys(['example_bash_operator']) retrieved from /home/airflow/.local/lib/python3.7/site-packages/airflow/example_dags/example_bash_operator.py
[2022-12-27T11:41:53.025+0000] {logging_mixin.py:137} INFO - [2022-12-27T11:41:53.025+0000] {dag.py:2676} INFO - Sync 1 DAGs
[2022-12-27T11:41:53.060+0000] {logging_mixin.py:137} INFO - [2022-12-27T11:41:53.060+0000] {dag.py:3427} INFO - Setting next_dagrun for example_bash_operator to 2022-12-26T00:00:00+00:00, run_after=2022-12-27T00:00:00+00:00
[2022-12-27T11:41:53.238+0000] {processor.py:175} INFO - Processing /home/airflow/.local/lib/python3.7/site-packages/airflow/example_dags/example_bash_operator.py took 0.337 seconds
