[2022-12-27T11:22:34.390+0000] {processor.py:153} INFO - Started process (PID=88) to work on /home/airflow/.local/lib/python3.7/site-packages/airflow/example_dags/example_branch_day_of_week_operator.py
[2022-12-27T11:22:34.392+0000] {processor.py:743} INFO - Processing file /home/airflow/.local/lib/python3.7/site-packages/airflow/example_dags/example_branch_day_of_week_operator.py for tasks to queue
[2022-12-27T11:22:34.392+0000] {logging_mixin.py:137} INFO - [2022-12-27T11:22:34.392+0000] {dagbag.py:538} INFO - Filling up the DagBag from /home/airflow/.local/lib/python3.7/site-packages/airflow/example_dags/example_branch_day_of_week_operator.py
[2022-12-27T11:22:34.412+0000] {processor.py:753} INFO - DAG(s) dict_keys(['example_weekday_branch_operator']) retrieved from /home/airflow/.local/lib/python3.7/site-packages/airflow/example_dags/example_branch_day_of_week_operator.py
[2022-12-27T11:22:34.451+0000] {logging_mixin.py:137} INFO - [2022-12-27T11:22:34.451+0000] {dag.py:2676} INFO - Sync 1 DAGs
[2022-12-27T11:22:34.477+0000] {logging_mixin.py:137} INFO - [2022-12-27T11:22:34.477+0000] {dag.py:3427} INFO - Setting next_dagrun for example_weekday_branch_operator to 2022-12-26T00:00:00+00:00, run_after=2022-12-27T00:00:00+00:00
[2022-12-27T11:22:34.620+0000] {processor.py:175} INFO - Processing /home/airflow/.local/lib/python3.7/site-packages/airflow/example_dags/example_branch_day_of_week_operator.py took 0.234 seconds
[2022-12-27T11:23:05.377+0000] {processor.py:153} INFO - Started process (PID=153) to work on /home/airflow/.local/lib/python3.7/site-packages/airflow/example_dags/example_branch_day_of_week_operator.py
[2022-12-27T11:23:05.380+0000] {processor.py:743} INFO - Processing file /home/airflow/.local/lib/python3.7/site-packages/airflow/example_dags/example_branch_day_of_week_operator.py for tasks to queue
[2022-12-27T11:23:05.382+0000] {logging_mixin.py:137} INFO - [2022-12-27T11:23:05.382+0000] {dagbag.py:538} INFO - Filling up the DagBag from /home/airflow/.local/lib/python3.7/site-packages/airflow/example_dags/example_branch_day_of_week_operator.py
[2022-12-27T11:23:05.439+0000] {processor.py:753} INFO - DAG(s) dict_keys(['example_weekday_branch_operator']) retrieved from /home/airflow/.local/lib/python3.7/site-packages/airflow/example_dags/example_branch_day_of_week_operator.py
[2022-12-27T11:23:05.546+0000] {logging_mixin.py:137} INFO - [2022-12-27T11:23:05.545+0000] {dag.py:2676} INFO - Sync 1 DAGs
[2022-12-27T11:23:05.617+0000] {logging_mixin.py:137} INFO - [2022-12-27T11:23:05.616+0000] {dag.py:3427} INFO - Setting next_dagrun for example_weekday_branch_operator to 2022-12-26T00:00:00+00:00, run_after=2022-12-27T00:00:00+00:00
[2022-12-27T11:23:05.714+0000] {processor.py:175} INFO - Processing /home/airflow/.local/lib/python3.7/site-packages/airflow/example_dags/example_branch_day_of_week_operator.py took 0.347 seconds
[2022-12-27T11:23:35.914+0000] {processor.py:153} INFO - Started process (PID=216) to work on /home/airflow/.local/lib/python3.7/site-packages/airflow/example_dags/example_branch_day_of_week_operator.py
[2022-12-27T11:23:35.915+0000] {processor.py:743} INFO - Processing file /home/airflow/.local/lib/python3.7/site-packages/airflow/example_dags/example_branch_day_of_week_operator.py for tasks to queue
[2022-12-27T11:23:35.915+0000] {logging_mixin.py:137} INFO - [2022-12-27T11:23:35.915+0000] {dagbag.py:538} INFO - Filling up the DagBag from /home/airflow/.local/lib/python3.7/site-packages/airflow/example_dags/example_branch_day_of_week_operator.py
[2022-12-27T11:23:35.933+0000] {processor.py:753} INFO - DAG(s) dict_keys(['example_weekday_branch_operator']) retrieved from /home/airflow/.local/lib/python3.7/site-packages/airflow/example_dags/example_branch_day_of_week_operator.py
[2022-12-27T11:23:35.978+0000] {logging_mixin.py:137} INFO - [2022-12-27T11:23:35.978+0000] {dag.py:2676} INFO - Sync 1 DAGs
[2022-12-27T11:23:36.008+0000] {logging_mixin.py:137} INFO - [2022-12-27T11:23:36.008+0000] {dag.py:3427} INFO - Setting next_dagrun for example_weekday_branch_operator to 2022-12-26T00:00:00+00:00, run_after=2022-12-27T00:00:00+00:00
[2022-12-27T11:23:36.053+0000] {processor.py:175} INFO - Processing /home/airflow/.local/lib/python3.7/site-packages/airflow/example_dags/example_branch_day_of_week_operator.py took 0.143 seconds
[2022-12-27T11:24:06.260+0000] {processor.py:153} INFO - Started process (PID=279) to work on /home/airflow/.local/lib/python3.7/site-packages/airflow/example_dags/example_branch_day_of_week_operator.py
[2022-12-27T11:24:06.261+0000] {processor.py:743} INFO - Processing file /home/airflow/.local/lib/python3.7/site-packages/airflow/example_dags/example_branch_day_of_week_operator.py for tasks to queue
[2022-12-27T11:24:06.262+0000] {logging_mixin.py:137} INFO - [2022-12-27T11:24:06.261+0000] {dagbag.py:538} INFO - Filling up the DagBag from /home/airflow/.local/lib/python3.7/site-packages/airflow/example_dags/example_branch_day_of_week_operator.py
[2022-12-27T11:24:06.282+0000] {processor.py:753} INFO - DAG(s) dict_keys(['example_weekday_branch_operator']) retrieved from /home/airflow/.local/lib/python3.7/site-packages/airflow/example_dags/example_branch_day_of_week_operator.py
[2022-12-27T11:24:06.342+0000] {logging_mixin.py:137} INFO - [2022-12-27T11:24:06.342+0000] {dag.py:2676} INFO - Sync 1 DAGs
[2022-12-27T11:24:06.372+0000] {logging_mixin.py:137} INFO - [2022-12-27T11:24:06.372+0000] {dag.py:3427} INFO - Setting next_dagrun for example_weekday_branch_operator to 2022-12-26T00:00:00+00:00, run_after=2022-12-27T00:00:00+00:00
[2022-12-27T11:24:06.530+0000] {processor.py:175} INFO - Processing /home/airflow/.local/lib/python3.7/site-packages/airflow/example_dags/example_branch_day_of_week_operator.py took 0.275 seconds
[2022-12-27T11:24:37.719+0000] {processor.py:153} INFO - Started process (PID=352) to work on /home/airflow/.local/lib/python3.7/site-packages/airflow/example_dags/example_branch_day_of_week_operator.py
[2022-12-27T11:24:37.722+0000] {processor.py:743} INFO - Processing file /home/airflow/.local/lib/python3.7/site-packages/airflow/example_dags/example_branch_day_of_week_operator.py for tasks to queue
[2022-12-27T11:24:37.724+0000] {logging_mixin.py:137} INFO - [2022-12-27T11:24:37.723+0000] {dagbag.py:538} INFO - Filling up the DagBag from /home/airflow/.local/lib/python3.7/site-packages/airflow/example_dags/example_branch_day_of_week_operator.py
[2022-12-27T11:24:37.779+0000] {processor.py:753} INFO - DAG(s) dict_keys(['example_weekday_branch_operator']) retrieved from /home/airflow/.local/lib/python3.7/site-packages/airflow/example_dags/example_branch_day_of_week_operator.py
[2022-12-27T11:24:37.879+0000] {logging_mixin.py:137} INFO - [2022-12-27T11:24:37.878+0000] {dag.py:2676} INFO - Sync 1 DAGs
[2022-12-27T11:24:37.940+0000] {logging_mixin.py:137} INFO - [2022-12-27T11:24:37.939+0000] {dag.py:3427} INFO - Setting next_dagrun for example_weekday_branch_operator to 2022-12-26T00:00:00+00:00, run_after=2022-12-27T00:00:00+00:00
[2022-12-27T11:24:38.045+0000] {processor.py:175} INFO - Processing /home/airflow/.local/lib/python3.7/site-packages/airflow/example_dags/example_branch_day_of_week_operator.py took 0.338 seconds
[2022-12-27T11:25:08.847+0000] {processor.py:153} INFO - Started process (PID=417) to work on /home/airflow/.local/lib/python3.7/site-packages/airflow/example_dags/example_branch_day_of_week_operator.py
[2022-12-27T11:25:08.849+0000] {processor.py:743} INFO - Processing file /home/airflow/.local/lib/python3.7/site-packages/airflow/example_dags/example_branch_day_of_week_operator.py for tasks to queue
[2022-12-27T11:25:08.850+0000] {logging_mixin.py:137} INFO - [2022-12-27T11:25:08.850+0000] {dagbag.py:538} INFO - Filling up the DagBag from /home/airflow/.local/lib/python3.7/site-packages/airflow/example_dags/example_branch_day_of_week_operator.py
[2022-12-27T11:25:08.876+0000] {processor.py:753} INFO - DAG(s) dict_keys(['example_weekday_branch_operator']) retrieved from /home/airflow/.local/lib/python3.7/site-packages/airflow/example_dags/example_branch_day_of_week_operator.py
[2022-12-27T11:25:08.921+0000] {logging_mixin.py:137} INFO - [2022-12-27T11:25:08.920+0000] {dag.py:2676} INFO - Sync 1 DAGs
[2022-12-27T11:25:08.959+0000] {logging_mixin.py:137} INFO - [2022-12-27T11:25:08.959+0000] {dag.py:3427} INFO - Setting next_dagrun for example_weekday_branch_operator to 2022-12-26T00:00:00+00:00, run_after=2022-12-27T00:00:00+00:00
[2022-12-27T11:25:09.029+0000] {processor.py:175} INFO - Processing /home/airflow/.local/lib/python3.7/site-packages/airflow/example_dags/example_branch_day_of_week_operator.py took 0.188 seconds
[2022-12-27T11:25:39.209+0000] {processor.py:153} INFO - Started process (PID=479) to work on /home/airflow/.local/lib/python3.7/site-packages/airflow/example_dags/example_branch_day_of_week_operator.py
[2022-12-27T11:25:39.210+0000] {processor.py:743} INFO - Processing file /home/airflow/.local/lib/python3.7/site-packages/airflow/example_dags/example_branch_day_of_week_operator.py for tasks to queue
[2022-12-27T11:25:39.212+0000] {logging_mixin.py:137} INFO - [2022-12-27T11:25:39.211+0000] {dagbag.py:538} INFO - Filling up the DagBag from /home/airflow/.local/lib/python3.7/site-packages/airflow/example_dags/example_branch_day_of_week_operator.py
[2022-12-27T11:25:39.240+0000] {processor.py:753} INFO - DAG(s) dict_keys(['example_weekday_branch_operator']) retrieved from /home/airflow/.local/lib/python3.7/site-packages/airflow/example_dags/example_branch_day_of_week_operator.py
[2022-12-27T11:25:39.302+0000] {logging_mixin.py:137} INFO - [2022-12-27T11:25:39.302+0000] {dag.py:2676} INFO - Sync 1 DAGs
[2022-12-27T11:25:39.350+0000] {logging_mixin.py:137} INFO - [2022-12-27T11:25:39.349+0000] {dag.py:3427} INFO - Setting next_dagrun for example_weekday_branch_operator to 2022-12-26T00:00:00+00:00, run_after=2022-12-27T00:00:00+00:00
[2022-12-27T11:25:39.595+0000] {processor.py:175} INFO - Processing /home/airflow/.local/lib/python3.7/site-packages/airflow/example_dags/example_branch_day_of_week_operator.py took 0.392 seconds
[2022-12-27T11:26:09.711+0000] {processor.py:153} INFO - Started process (PID=541) to work on /home/airflow/.local/lib/python3.7/site-packages/airflow/example_dags/example_branch_day_of_week_operator.py
[2022-12-27T11:26:09.712+0000] {processor.py:743} INFO - Processing file /home/airflow/.local/lib/python3.7/site-packages/airflow/example_dags/example_branch_day_of_week_operator.py for tasks to queue
[2022-12-27T11:26:09.713+0000] {logging_mixin.py:137} INFO - [2022-12-27T11:26:09.713+0000] {dagbag.py:538} INFO - Filling up the DagBag from /home/airflow/.local/lib/python3.7/site-packages/airflow/example_dags/example_branch_day_of_week_operator.py
[2022-12-27T11:26:09.732+0000] {processor.py:753} INFO - DAG(s) dict_keys(['example_weekday_branch_operator']) retrieved from /home/airflow/.local/lib/python3.7/site-packages/airflow/example_dags/example_branch_day_of_week_operator.py
[2022-12-27T11:26:09.778+0000] {logging_mixin.py:137} INFO - [2022-12-27T11:26:09.778+0000] {dag.py:2676} INFO - Sync 1 DAGs
[2022-12-27T11:26:09.812+0000] {logging_mixin.py:137} INFO - [2022-12-27T11:26:09.811+0000] {dag.py:3427} INFO - Setting next_dagrun for example_weekday_branch_operator to 2022-12-26T00:00:00+00:00, run_after=2022-12-27T00:00:00+00:00
[2022-12-27T11:26:09.884+0000] {processor.py:175} INFO - Processing /home/airflow/.local/lib/python3.7/site-packages/airflow/example_dags/example_branch_day_of_week_operator.py took 0.178 seconds
[2022-12-27T11:26:40.293+0000] {processor.py:153} INFO - Started process (PID=603) to work on /home/airflow/.local/lib/python3.7/site-packages/airflow/example_dags/example_branch_day_of_week_operator.py
[2022-12-27T11:26:40.295+0000] {processor.py:743} INFO - Processing file /home/airflow/.local/lib/python3.7/site-packages/airflow/example_dags/example_branch_day_of_week_operator.py for tasks to queue
[2022-12-27T11:26:40.296+0000] {logging_mixin.py:137} INFO - [2022-12-27T11:26:40.296+0000] {dagbag.py:538} INFO - Filling up the DagBag from /home/airflow/.local/lib/python3.7/site-packages/airflow/example_dags/example_branch_day_of_week_operator.py
[2022-12-27T11:26:40.343+0000] {processor.py:753} INFO - DAG(s) dict_keys(['example_weekday_branch_operator']) retrieved from /home/airflow/.local/lib/python3.7/site-packages/airflow/example_dags/example_branch_day_of_week_operator.py
[2022-12-27T11:26:40.466+0000] {logging_mixin.py:137} INFO - [2022-12-27T11:26:40.466+0000] {dag.py:2676} INFO - Sync 1 DAGs
[2022-12-27T11:26:40.546+0000] {logging_mixin.py:137} INFO - [2022-12-27T11:26:40.546+0000] {dag.py:3427} INFO - Setting next_dagrun for example_weekday_branch_operator to 2022-12-26T00:00:00+00:00, run_after=2022-12-27T00:00:00+00:00
[2022-12-27T11:26:40.616+0000] {processor.py:175} INFO - Processing /home/airflow/.local/lib/python3.7/site-packages/airflow/example_dags/example_branch_day_of_week_operator.py took 0.331 seconds
[2022-12-27T11:27:11.314+0000] {processor.py:153} INFO - Started process (PID=675) to work on /home/airflow/.local/lib/python3.7/site-packages/airflow/example_dags/example_branch_day_of_week_operator.py
[2022-12-27T11:27:11.316+0000] {processor.py:743} INFO - Processing file /home/airflow/.local/lib/python3.7/site-packages/airflow/example_dags/example_branch_day_of_week_operator.py for tasks to queue
[2022-12-27T11:27:11.318+0000] {logging_mixin.py:137} INFO - [2022-12-27T11:27:11.317+0000] {dagbag.py:538} INFO - Filling up the DagBag from /home/airflow/.local/lib/python3.7/site-packages/airflow/example_dags/example_branch_day_of_week_operator.py
[2022-12-27T11:27:11.361+0000] {processor.py:753} INFO - DAG(s) dict_keys(['example_weekday_branch_operator']) retrieved from /home/airflow/.local/lib/python3.7/site-packages/airflow/example_dags/example_branch_day_of_week_operator.py
[2022-12-27T11:27:11.434+0000] {logging_mixin.py:137} INFO - [2022-12-27T11:27:11.434+0000] {dag.py:2676} INFO - Sync 1 DAGs
[2022-12-27T11:27:11.472+0000] {logging_mixin.py:137} INFO - [2022-12-27T11:27:11.472+0000] {dag.py:3427} INFO - Setting next_dagrun for example_weekday_branch_operator to 2022-12-26T00:00:00+00:00, run_after=2022-12-27T00:00:00+00:00
[2022-12-27T11:27:11.561+0000] {processor.py:175} INFO - Processing /home/airflow/.local/lib/python3.7/site-packages/airflow/example_dags/example_branch_day_of_week_operator.py took 0.257 seconds
[2022-12-27T11:27:41.847+0000] {processor.py:153} INFO - Started process (PID=737) to work on /home/airflow/.local/lib/python3.7/site-packages/airflow/example_dags/example_branch_day_of_week_operator.py
[2022-12-27T11:27:41.848+0000] {processor.py:743} INFO - Processing file /home/airflow/.local/lib/python3.7/site-packages/airflow/example_dags/example_branch_day_of_week_operator.py for tasks to queue
[2022-12-27T11:27:41.848+0000] {logging_mixin.py:137} INFO - [2022-12-27T11:27:41.848+0000] {dagbag.py:538} INFO - Filling up the DagBag from /home/airflow/.local/lib/python3.7/site-packages/airflow/example_dags/example_branch_day_of_week_operator.py
[2022-12-27T11:27:41.870+0000] {processor.py:753} INFO - DAG(s) dict_keys(['example_weekday_branch_operator']) retrieved from /home/airflow/.local/lib/python3.7/site-packages/airflow/example_dags/example_branch_day_of_week_operator.py
[2022-12-27T11:27:41.915+0000] {logging_mixin.py:137} INFO - [2022-12-27T11:27:41.915+0000] {dag.py:2676} INFO - Sync 1 DAGs
[2022-12-27T11:27:41.947+0000] {logging_mixin.py:137} INFO - [2022-12-27T11:27:41.946+0000] {dag.py:3427} INFO - Setting next_dagrun for example_weekday_branch_operator to 2022-12-26T00:00:00+00:00, run_after=2022-12-27T00:00:00+00:00
[2022-12-27T11:27:42.024+0000] {processor.py:175} INFO - Processing /home/airflow/.local/lib/python3.7/site-packages/airflow/example_dags/example_branch_day_of_week_operator.py took 0.181 seconds
[2022-12-27T11:28:12.915+0000] {processor.py:153} INFO - Started process (PID=799) to work on /home/airflow/.local/lib/python3.7/site-packages/airflow/example_dags/example_branch_day_of_week_operator.py
[2022-12-27T11:28:12.918+0000] {processor.py:743} INFO - Processing file /home/airflow/.local/lib/python3.7/site-packages/airflow/example_dags/example_branch_day_of_week_operator.py for tasks to queue
[2022-12-27T11:28:12.919+0000] {logging_mixin.py:137} INFO - [2022-12-27T11:28:12.919+0000] {dagbag.py:538} INFO - Filling up the DagBag from /home/airflow/.local/lib/python3.7/site-packages/airflow/example_dags/example_branch_day_of_week_operator.py
[2022-12-27T11:28:12.957+0000] {processor.py:753} INFO - DAG(s) dict_keys(['example_weekday_branch_operator']) retrieved from /home/airflow/.local/lib/python3.7/site-packages/airflow/example_dags/example_branch_day_of_week_operator.py
[2022-12-27T11:28:13.049+0000] {logging_mixin.py:137} INFO - [2022-12-27T11:28:13.048+0000] {dag.py:2676} INFO - Sync 1 DAGs
[2022-12-27T11:28:13.109+0000] {logging_mixin.py:137} INFO - [2022-12-27T11:28:13.109+0000] {dag.py:3427} INFO - Setting next_dagrun for example_weekday_branch_operator to 2022-12-26T00:00:00+00:00, run_after=2022-12-27T00:00:00+00:00
[2022-12-27T11:28:13.249+0000] {processor.py:175} INFO - Processing /home/airflow/.local/lib/python3.7/site-packages/airflow/example_dags/example_branch_day_of_week_operator.py took 0.342 seconds
[2022-12-27T11:28:44.218+0000] {processor.py:153} INFO - Started process (PID=874) to work on /home/airflow/.local/lib/python3.7/site-packages/airflow/example_dags/example_branch_day_of_week_operator.py
[2022-12-27T11:28:44.219+0000] {processor.py:743} INFO - Processing file /home/airflow/.local/lib/python3.7/site-packages/airflow/example_dags/example_branch_day_of_week_operator.py for tasks to queue
[2022-12-27T11:28:44.221+0000] {logging_mixin.py:137} INFO - [2022-12-27T11:28:44.221+0000] {dagbag.py:538} INFO - Filling up the DagBag from /home/airflow/.local/lib/python3.7/site-packages/airflow/example_dags/example_branch_day_of_week_operator.py
[2022-12-27T11:28:44.259+0000] {processor.py:753} INFO - DAG(s) dict_keys(['example_weekday_branch_operator']) retrieved from /home/airflow/.local/lib/python3.7/site-packages/airflow/example_dags/example_branch_day_of_week_operator.py
[2022-12-27T11:28:44.369+0000] {logging_mixin.py:137} INFO - [2022-12-27T11:28:44.368+0000] {dag.py:2676} INFO - Sync 1 DAGs
[2022-12-27T11:28:44.442+0000] {logging_mixin.py:137} INFO - [2022-12-27T11:28:44.442+0000] {dag.py:3427} INFO - Setting next_dagrun for example_weekday_branch_operator to 2022-12-26T00:00:00+00:00, run_after=2022-12-27T00:00:00+00:00
[2022-12-27T11:28:44.646+0000] {processor.py:175} INFO - Processing /home/airflow/.local/lib/python3.7/site-packages/airflow/example_dags/example_branch_day_of_week_operator.py took 0.436 seconds
[2022-12-27T11:29:14.913+0000] {processor.py:153} INFO - Started process (PID=936) to work on /home/airflow/.local/lib/python3.7/site-packages/airflow/example_dags/example_branch_day_of_week_operator.py
[2022-12-27T11:29:14.914+0000] {processor.py:743} INFO - Processing file /home/airflow/.local/lib/python3.7/site-packages/airflow/example_dags/example_branch_day_of_week_operator.py for tasks to queue
[2022-12-27T11:29:14.915+0000] {logging_mixin.py:137} INFO - [2022-12-27T11:29:14.915+0000] {dagbag.py:538} INFO - Filling up the DagBag from /home/airflow/.local/lib/python3.7/site-packages/airflow/example_dags/example_branch_day_of_week_operator.py
[2022-12-27T11:29:14.936+0000] {processor.py:753} INFO - DAG(s) dict_keys(['example_weekday_branch_operator']) retrieved from /home/airflow/.local/lib/python3.7/site-packages/airflow/example_dags/example_branch_day_of_week_operator.py
[2022-12-27T11:29:14.987+0000] {logging_mixin.py:137} INFO - [2022-12-27T11:29:14.987+0000] {dag.py:2676} INFO - Sync 1 DAGs
[2022-12-27T11:29:15.033+0000] {logging_mixin.py:137} INFO - [2022-12-27T11:29:15.033+0000] {dag.py:3427} INFO - Setting next_dagrun for example_weekday_branch_operator to 2022-12-26T00:00:00+00:00, run_after=2022-12-27T00:00:00+00:00
[2022-12-27T11:29:15.159+0000] {processor.py:175} INFO - Processing /home/airflow/.local/lib/python3.7/site-packages/airflow/example_dags/example_branch_day_of_week_operator.py took 0.250 seconds
[2022-12-27T11:29:46.137+0000] {processor.py:153} INFO - Started process (PID=998) to work on /home/airflow/.local/lib/python3.7/site-packages/airflow/example_dags/example_branch_day_of_week_operator.py
[2022-12-27T11:29:46.138+0000] {processor.py:743} INFO - Processing file /home/airflow/.local/lib/python3.7/site-packages/airflow/example_dags/example_branch_day_of_week_operator.py for tasks to queue
[2022-12-27T11:29:46.139+0000] {logging_mixin.py:137} INFO - [2022-12-27T11:29:46.139+0000] {dagbag.py:538} INFO - Filling up the DagBag from /home/airflow/.local/lib/python3.7/site-packages/airflow/example_dags/example_branch_day_of_week_operator.py
[2022-12-27T11:29:46.158+0000] {processor.py:753} INFO - DAG(s) dict_keys(['example_weekday_branch_operator']) retrieved from /home/airflow/.local/lib/python3.7/site-packages/airflow/example_dags/example_branch_day_of_week_operator.py
[2022-12-27T11:29:46.204+0000] {logging_mixin.py:137} INFO - [2022-12-27T11:29:46.204+0000] {dag.py:2676} INFO - Sync 1 DAGs
[2022-12-27T11:29:46.237+0000] {logging_mixin.py:137} INFO - [2022-12-27T11:29:46.237+0000] {dag.py:3427} INFO - Setting next_dagrun for example_weekday_branch_operator to 2022-12-26T00:00:00+00:00, run_after=2022-12-27T00:00:00+00:00
[2022-12-27T11:29:46.301+0000] {processor.py:175} INFO - Processing /home/airflow/.local/lib/python3.7/site-packages/airflow/example_dags/example_branch_day_of_week_operator.py took 0.170 seconds
[2022-12-27T11:30:17.152+0000] {processor.py:153} INFO - Started process (PID=1072) to work on /home/airflow/.local/lib/python3.7/site-packages/airflow/example_dags/example_branch_day_of_week_operator.py
[2022-12-27T11:30:17.154+0000] {processor.py:743} INFO - Processing file /home/airflow/.local/lib/python3.7/site-packages/airflow/example_dags/example_branch_day_of_week_operator.py for tasks to queue
[2022-12-27T11:30:17.156+0000] {logging_mixin.py:137} INFO - [2022-12-27T11:30:17.155+0000] {dagbag.py:538} INFO - Filling up the DagBag from /home/airflow/.local/lib/python3.7/site-packages/airflow/example_dags/example_branch_day_of_week_operator.py
[2022-12-27T11:30:17.192+0000] {processor.py:753} INFO - DAG(s) dict_keys(['example_weekday_branch_operator']) retrieved from /home/airflow/.local/lib/python3.7/site-packages/airflow/example_dags/example_branch_day_of_week_operator.py
[2022-12-27T11:30:17.280+0000] {logging_mixin.py:137} INFO - [2022-12-27T11:30:17.279+0000] {dag.py:2676} INFO - Sync 1 DAGs
[2022-12-27T11:30:17.340+0000] {logging_mixin.py:137} INFO - [2022-12-27T11:30:17.339+0000] {dag.py:3427} INFO - Setting next_dagrun for example_weekday_branch_operator to 2022-12-26T00:00:00+00:00, run_after=2022-12-27T00:00:00+00:00
[2022-12-27T11:30:17.409+0000] {processor.py:175} INFO - Processing /home/airflow/.local/lib/python3.7/site-packages/airflow/example_dags/example_branch_day_of_week_operator.py took 0.265 seconds
[2022-12-27T11:30:47.850+0000] {processor.py:153} INFO - Started process (PID=1134) to work on /home/airflow/.local/lib/python3.7/site-packages/airflow/example_dags/example_branch_day_of_week_operator.py
[2022-12-27T11:30:47.852+0000] {processor.py:743} INFO - Processing file /home/airflow/.local/lib/python3.7/site-packages/airflow/example_dags/example_branch_day_of_week_operator.py for tasks to queue
[2022-12-27T11:30:47.854+0000] {logging_mixin.py:137} INFO - [2022-12-27T11:30:47.853+0000] {dagbag.py:538} INFO - Filling up the DagBag from /home/airflow/.local/lib/python3.7/site-packages/airflow/example_dags/example_branch_day_of_week_operator.py
[2022-12-27T11:30:47.890+0000] {processor.py:753} INFO - DAG(s) dict_keys(['example_weekday_branch_operator']) retrieved from /home/airflow/.local/lib/python3.7/site-packages/airflow/example_dags/example_branch_day_of_week_operator.py
[2022-12-27T11:30:47.985+0000] {logging_mixin.py:137} INFO - [2022-12-27T11:30:47.985+0000] {dag.py:2676} INFO - Sync 1 DAGs
[2022-12-27T11:30:48.048+0000] {logging_mixin.py:137} INFO - [2022-12-27T11:30:48.048+0000] {dag.py:3427} INFO - Setting next_dagrun for example_weekday_branch_operator to 2022-12-26T00:00:00+00:00, run_after=2022-12-27T00:00:00+00:00
[2022-12-27T11:30:48.224+0000] {processor.py:175} INFO - Processing /home/airflow/.local/lib/python3.7/site-packages/airflow/example_dags/example_branch_day_of_week_operator.py took 0.383 seconds
[2022-12-27T11:31:18.429+0000] {processor.py:153} INFO - Started process (PID=1206) to work on /home/airflow/.local/lib/python3.7/site-packages/airflow/example_dags/example_branch_day_of_week_operator.py
[2022-12-27T11:31:18.431+0000] {processor.py:743} INFO - Processing file /home/airflow/.local/lib/python3.7/site-packages/airflow/example_dags/example_branch_day_of_week_operator.py for tasks to queue
[2022-12-27T11:31:18.432+0000] {logging_mixin.py:137} INFO - [2022-12-27T11:31:18.432+0000] {dagbag.py:538} INFO - Filling up the DagBag from /home/airflow/.local/lib/python3.7/site-packages/airflow/example_dags/example_branch_day_of_week_operator.py
[2022-12-27T11:31:18.459+0000] {processor.py:753} INFO - DAG(s) dict_keys(['example_weekday_branch_operator']) retrieved from /home/airflow/.local/lib/python3.7/site-packages/airflow/example_dags/example_branch_day_of_week_operator.py
[2022-12-27T11:31:18.520+0000] {logging_mixin.py:137} INFO - [2022-12-27T11:31:18.520+0000] {dag.py:2676} INFO - Sync 1 DAGs
[2022-12-27T11:31:18.561+0000] {logging_mixin.py:137} INFO - [2022-12-27T11:31:18.561+0000] {dag.py:3427} INFO - Setting next_dagrun for example_weekday_branch_operator to 2022-12-26T00:00:00+00:00, run_after=2022-12-27T00:00:00+00:00
[2022-12-27T11:31:18.716+0000] {processor.py:175} INFO - Processing /home/airflow/.local/lib/python3.7/site-packages/airflow/example_dags/example_branch_day_of_week_operator.py took 0.293 seconds
[2022-12-27T11:31:48.771+0000] {processor.py:153} INFO - Started process (PID=1273) to work on /home/airflow/.local/lib/python3.7/site-packages/airflow/example_dags/example_branch_day_of_week_operator.py
[2022-12-27T11:31:48.772+0000] {processor.py:743} INFO - Processing file /home/airflow/.local/lib/python3.7/site-packages/airflow/example_dags/example_branch_day_of_week_operator.py for tasks to queue
[2022-12-27T11:31:48.773+0000] {logging_mixin.py:137} INFO - [2022-12-27T11:31:48.773+0000] {dagbag.py:538} INFO - Filling up the DagBag from /home/airflow/.local/lib/python3.7/site-packages/airflow/example_dags/example_branch_day_of_week_operator.py
[2022-12-27T11:31:48.789+0000] {processor.py:753} INFO - DAG(s) dict_keys(['example_weekday_branch_operator']) retrieved from /home/airflow/.local/lib/python3.7/site-packages/airflow/example_dags/example_branch_day_of_week_operator.py
[2022-12-27T11:31:48.828+0000] {logging_mixin.py:137} INFO - [2022-12-27T11:31:48.828+0000] {dag.py:2676} INFO - Sync 1 DAGs
[2022-12-27T11:31:48.857+0000] {logging_mixin.py:137} INFO - [2022-12-27T11:31:48.857+0000] {dag.py:3427} INFO - Setting next_dagrun for example_weekday_branch_operator to 2022-12-26T00:00:00+00:00, run_after=2022-12-27T00:00:00+00:00
[2022-12-27T11:31:48.898+0000] {processor.py:175} INFO - Processing /home/airflow/.local/lib/python3.7/site-packages/airflow/example_dags/example_branch_day_of_week_operator.py took 0.131 seconds
[2022-12-27T11:32:19.276+0000] {processor.py:153} INFO - Started process (PID=1333) to work on /home/airflow/.local/lib/python3.7/site-packages/airflow/example_dags/example_branch_day_of_week_operator.py
[2022-12-27T11:32:19.277+0000] {processor.py:743} INFO - Processing file /home/airflow/.local/lib/python3.7/site-packages/airflow/example_dags/example_branch_day_of_week_operator.py for tasks to queue
[2022-12-27T11:32:19.279+0000] {logging_mixin.py:137} INFO - [2022-12-27T11:32:19.279+0000] {dagbag.py:538} INFO - Filling up the DagBag from /home/airflow/.local/lib/python3.7/site-packages/airflow/example_dags/example_branch_day_of_week_operator.py
[2022-12-27T11:32:19.308+0000] {processor.py:753} INFO - DAG(s) dict_keys(['example_weekday_branch_operator']) retrieved from /home/airflow/.local/lib/python3.7/site-packages/airflow/example_dags/example_branch_day_of_week_operator.py
[2022-12-27T11:32:19.362+0000] {logging_mixin.py:137} INFO - [2022-12-27T11:32:19.362+0000] {dag.py:2676} INFO - Sync 1 DAGs
[2022-12-27T11:32:19.394+0000] {logging_mixin.py:137} INFO - [2022-12-27T11:32:19.393+0000] {dag.py:3427} INFO - Setting next_dagrun for example_weekday_branch_operator to 2022-12-26T00:00:00+00:00, run_after=2022-12-27T00:00:00+00:00
[2022-12-27T11:32:19.535+0000] {processor.py:175} INFO - Processing /home/airflow/.local/lib/python3.7/site-packages/airflow/example_dags/example_branch_day_of_week_operator.py took 0.265 seconds
[2022-12-27T11:32:50.168+0000] {processor.py:153} INFO - Started process (PID=1407) to work on /home/airflow/.local/lib/python3.7/site-packages/airflow/example_dags/example_branch_day_of_week_operator.py
[2022-12-27T11:32:50.171+0000] {processor.py:743} INFO - Processing file /home/airflow/.local/lib/python3.7/site-packages/airflow/example_dags/example_branch_day_of_week_operator.py for tasks to queue
[2022-12-27T11:32:50.172+0000] {logging_mixin.py:137} INFO - [2022-12-27T11:32:50.172+0000] {dagbag.py:538} INFO - Filling up the DagBag from /home/airflow/.local/lib/python3.7/site-packages/airflow/example_dags/example_branch_day_of_week_operator.py
[2022-12-27T11:32:50.209+0000] {processor.py:753} INFO - DAG(s) dict_keys(['example_weekday_branch_operator']) retrieved from /home/airflow/.local/lib/python3.7/site-packages/airflow/example_dags/example_branch_day_of_week_operator.py
[2022-12-27T11:32:50.294+0000] {logging_mixin.py:137} INFO - [2022-12-27T11:32:50.293+0000] {dag.py:2676} INFO - Sync 1 DAGs
[2022-12-27T11:32:50.353+0000] {logging_mixin.py:137} INFO - [2022-12-27T11:32:50.353+0000] {dag.py:3427} INFO - Setting next_dagrun for example_weekday_branch_operator to 2022-12-26T00:00:00+00:00, run_after=2022-12-27T00:00:00+00:00
[2022-12-27T11:32:50.460+0000] {processor.py:175} INFO - Processing /home/airflow/.local/lib/python3.7/site-packages/airflow/example_dags/example_branch_day_of_week_operator.py took 0.300 seconds
[2022-12-27T11:33:20.778+0000] {processor.py:153} INFO - Started process (PID=1472) to work on /home/airflow/.local/lib/python3.7/site-packages/airflow/example_dags/example_branch_day_of_week_operator.py
[2022-12-27T11:33:20.779+0000] {processor.py:743} INFO - Processing file /home/airflow/.local/lib/python3.7/site-packages/airflow/example_dags/example_branch_day_of_week_operator.py for tasks to queue
[2022-12-27T11:33:20.780+0000] {logging_mixin.py:137} INFO - [2022-12-27T11:33:20.780+0000] {dagbag.py:538} INFO - Filling up the DagBag from /home/airflow/.local/lib/python3.7/site-packages/airflow/example_dags/example_branch_day_of_week_operator.py
[2022-12-27T11:33:20.796+0000] {processor.py:753} INFO - DAG(s) dict_keys(['example_weekday_branch_operator']) retrieved from /home/airflow/.local/lib/python3.7/site-packages/airflow/example_dags/example_branch_day_of_week_operator.py
[2022-12-27T11:33:20.840+0000] {logging_mixin.py:137} INFO - [2022-12-27T11:33:20.840+0000] {dag.py:2676} INFO - Sync 1 DAGs
[2022-12-27T11:33:20.868+0000] {logging_mixin.py:137} INFO - [2022-12-27T11:33:20.868+0000] {dag.py:3427} INFO - Setting next_dagrun for example_weekday_branch_operator to 2022-12-26T00:00:00+00:00, run_after=2022-12-27T00:00:00+00:00
[2022-12-27T11:33:20.971+0000] {processor.py:175} INFO - Processing /home/airflow/.local/lib/python3.7/site-packages/airflow/example_dags/example_branch_day_of_week_operator.py took 0.197 seconds
[2022-12-27T11:33:51.154+0000] {processor.py:153} INFO - Started process (PID=1534) to work on /home/airflow/.local/lib/python3.7/site-packages/airflow/example_dags/example_branch_day_of_week_operator.py
[2022-12-27T11:33:51.155+0000] {processor.py:743} INFO - Processing file /home/airflow/.local/lib/python3.7/site-packages/airflow/example_dags/example_branch_day_of_week_operator.py for tasks to queue
[2022-12-27T11:33:51.156+0000] {logging_mixin.py:137} INFO - [2022-12-27T11:33:51.156+0000] {dagbag.py:538} INFO - Filling up the DagBag from /home/airflow/.local/lib/python3.7/site-packages/airflow/example_dags/example_branch_day_of_week_operator.py
[2022-12-27T11:33:51.177+0000] {processor.py:753} INFO - DAG(s) dict_keys(['example_weekday_branch_operator']) retrieved from /home/airflow/.local/lib/python3.7/site-packages/airflow/example_dags/example_branch_day_of_week_operator.py
[2022-12-27T11:33:51.227+0000] {logging_mixin.py:137} INFO - [2022-12-27T11:33:51.227+0000] {dag.py:2676} INFO - Sync 1 DAGs
[2022-12-27T11:33:51.267+0000] {logging_mixin.py:137} INFO - [2022-12-27T11:33:51.267+0000] {dag.py:3427} INFO - Setting next_dagrun for example_weekday_branch_operator to 2022-12-26T00:00:00+00:00, run_after=2022-12-27T00:00:00+00:00
[2022-12-27T11:33:51.320+0000] {processor.py:175} INFO - Processing /home/airflow/.local/lib/python3.7/site-packages/airflow/example_dags/example_branch_day_of_week_operator.py took 0.173 seconds
[2022-12-27T11:34:21.522+0000] {processor.py:153} INFO - Started process (PID=1594) to work on /home/airflow/.local/lib/python3.7/site-packages/airflow/example_dags/example_branch_day_of_week_operator.py
[2022-12-27T11:34:21.523+0000] {processor.py:743} INFO - Processing file /home/airflow/.local/lib/python3.7/site-packages/airflow/example_dags/example_branch_day_of_week_operator.py for tasks to queue
[2022-12-27T11:34:21.524+0000] {logging_mixin.py:137} INFO - [2022-12-27T11:34:21.524+0000] {dagbag.py:538} INFO - Filling up the DagBag from /home/airflow/.local/lib/python3.7/site-packages/airflow/example_dags/example_branch_day_of_week_operator.py
[2022-12-27T11:34:21.550+0000] {processor.py:753} INFO - DAG(s) dict_keys(['example_weekday_branch_operator']) retrieved from /home/airflow/.local/lib/python3.7/site-packages/airflow/example_dags/example_branch_day_of_week_operator.py
[2022-12-27T11:34:21.596+0000] {logging_mixin.py:137} INFO - [2022-12-27T11:34:21.596+0000] {dag.py:2676} INFO - Sync 1 DAGs
[2022-12-27T11:34:21.625+0000] {logging_mixin.py:137} INFO - [2022-12-27T11:34:21.625+0000] {dag.py:3427} INFO - Setting next_dagrun for example_weekday_branch_operator to 2022-12-26T00:00:00+00:00, run_after=2022-12-27T00:00:00+00:00
[2022-12-27T11:34:21.756+0000] {processor.py:175} INFO - Processing /home/airflow/.local/lib/python3.7/site-packages/airflow/example_dags/example_branch_day_of_week_operator.py took 0.238 seconds
[2022-12-27T11:34:52.151+0000] {processor.py:153} INFO - Started process (PID=1668) to work on /home/airflow/.local/lib/python3.7/site-packages/airflow/example_dags/example_branch_day_of_week_operator.py
[2022-12-27T11:34:52.152+0000] {processor.py:743} INFO - Processing file /home/airflow/.local/lib/python3.7/site-packages/airflow/example_dags/example_branch_day_of_week_operator.py for tasks to queue
[2022-12-27T11:34:52.153+0000] {logging_mixin.py:137} INFO - [2022-12-27T11:34:52.153+0000] {dagbag.py:538} INFO - Filling up the DagBag from /home/airflow/.local/lib/python3.7/site-packages/airflow/example_dags/example_branch_day_of_week_operator.py
[2022-12-27T11:34:52.172+0000] {processor.py:753} INFO - DAG(s) dict_keys(['example_weekday_branch_operator']) retrieved from /home/airflow/.local/lib/python3.7/site-packages/airflow/example_dags/example_branch_day_of_week_operator.py
[2022-12-27T11:34:52.228+0000] {logging_mixin.py:137} INFO - [2022-12-27T11:34:52.228+0000] {dag.py:2676} INFO - Sync 1 DAGs
[2022-12-27T11:34:52.274+0000] {logging_mixin.py:137} INFO - [2022-12-27T11:34:52.274+0000] {dag.py:3427} INFO - Setting next_dagrun for example_weekday_branch_operator to 2022-12-26T00:00:00+00:00, run_after=2022-12-27T00:00:00+00:00
[2022-12-27T11:34:52.420+0000] {processor.py:175} INFO - Processing /home/airflow/.local/lib/python3.7/site-packages/airflow/example_dags/example_branch_day_of_week_operator.py took 0.274 seconds
[2022-12-27T11:35:22.821+0000] {processor.py:153} INFO - Started process (PID=1730) to work on /home/airflow/.local/lib/python3.7/site-packages/airflow/example_dags/example_branch_day_of_week_operator.py
[2022-12-27T11:35:22.822+0000] {processor.py:743} INFO - Processing file /home/airflow/.local/lib/python3.7/site-packages/airflow/example_dags/example_branch_day_of_week_operator.py for tasks to queue
[2022-12-27T11:35:22.823+0000] {logging_mixin.py:137} INFO - [2022-12-27T11:35:22.823+0000] {dagbag.py:538} INFO - Filling up the DagBag from /home/airflow/.local/lib/python3.7/site-packages/airflow/example_dags/example_branch_day_of_week_operator.py
[2022-12-27T11:35:22.842+0000] {processor.py:753} INFO - DAG(s) dict_keys(['example_weekday_branch_operator']) retrieved from /home/airflow/.local/lib/python3.7/site-packages/airflow/example_dags/example_branch_day_of_week_operator.py
[2022-12-27T11:35:22.883+0000] {logging_mixin.py:137} INFO - [2022-12-27T11:35:22.883+0000] {dag.py:2676} INFO - Sync 1 DAGs
[2022-12-27T11:35:22.911+0000] {logging_mixin.py:137} INFO - [2022-12-27T11:35:22.911+0000] {dag.py:3427} INFO - Setting next_dagrun for example_weekday_branch_operator to 2022-12-26T00:00:00+00:00, run_after=2022-12-27T00:00:00+00:00
[2022-12-27T11:35:23.063+0000] {processor.py:175} INFO - Processing /home/airflow/.local/lib/python3.7/site-packages/airflow/example_dags/example_branch_day_of_week_operator.py took 0.246 seconds
[2022-12-27T11:35:53.225+0000] {processor.py:153} INFO - Started process (PID=1793) to work on /home/airflow/.local/lib/python3.7/site-packages/airflow/example_dags/example_branch_day_of_week_operator.py
[2022-12-27T11:35:53.226+0000] {processor.py:743} INFO - Processing file /home/airflow/.local/lib/python3.7/site-packages/airflow/example_dags/example_branch_day_of_week_operator.py for tasks to queue
[2022-12-27T11:35:53.227+0000] {logging_mixin.py:137} INFO - [2022-12-27T11:35:53.226+0000] {dagbag.py:538} INFO - Filling up the DagBag from /home/airflow/.local/lib/python3.7/site-packages/airflow/example_dags/example_branch_day_of_week_operator.py
[2022-12-27T11:35:53.245+0000] {processor.py:753} INFO - DAG(s) dict_keys(['example_weekday_branch_operator']) retrieved from /home/airflow/.local/lib/python3.7/site-packages/airflow/example_dags/example_branch_day_of_week_operator.py
[2022-12-27T11:35:53.289+0000] {logging_mixin.py:137} INFO - [2022-12-27T11:35:53.289+0000] {dag.py:2676} INFO - Sync 1 DAGs
[2022-12-27T11:35:53.317+0000] {logging_mixin.py:137} INFO - [2022-12-27T11:35:53.317+0000] {dag.py:3427} INFO - Setting next_dagrun for example_weekday_branch_operator to 2022-12-26T00:00:00+00:00, run_after=2022-12-27T00:00:00+00:00
[2022-12-27T11:35:53.389+0000] {processor.py:175} INFO - Processing /home/airflow/.local/lib/python3.7/site-packages/airflow/example_dags/example_branch_day_of_week_operator.py took 0.169 seconds
[2022-12-27T11:36:24.412+0000] {processor.py:153} INFO - Started process (PID=1868) to work on /home/airflow/.local/lib/python3.7/site-packages/airflow/example_dags/example_branch_day_of_week_operator.py
[2022-12-27T11:36:24.414+0000] {processor.py:743} INFO - Processing file /home/airflow/.local/lib/python3.7/site-packages/airflow/example_dags/example_branch_day_of_week_operator.py for tasks to queue
[2022-12-27T11:36:24.416+0000] {logging_mixin.py:137} INFO - [2022-12-27T11:36:24.416+0000] {dagbag.py:538} INFO - Filling up the DagBag from /home/airflow/.local/lib/python3.7/site-packages/airflow/example_dags/example_branch_day_of_week_operator.py
[2022-12-27T11:36:24.453+0000] {processor.py:753} INFO - DAG(s) dict_keys(['example_weekday_branch_operator']) retrieved from /home/airflow/.local/lib/python3.7/site-packages/airflow/example_dags/example_branch_day_of_week_operator.py
[2022-12-27T11:36:24.560+0000] {logging_mixin.py:137} INFO - [2022-12-27T11:36:24.560+0000] {dag.py:2676} INFO - Sync 1 DAGs
[2022-12-27T11:36:24.624+0000] {logging_mixin.py:137} INFO - [2022-12-27T11:36:24.623+0000] {dag.py:3427} INFO - Setting next_dagrun for example_weekday_branch_operator to 2022-12-26T00:00:00+00:00, run_after=2022-12-27T00:00:00+00:00
[2022-12-27T11:36:24.706+0000] {processor.py:175} INFO - Processing /home/airflow/.local/lib/python3.7/site-packages/airflow/example_dags/example_branch_day_of_week_operator.py took 0.302 seconds
[2022-12-27T11:36:55.270+0000] {processor.py:153} INFO - Started process (PID=1931) to work on /home/airflow/.local/lib/python3.7/site-packages/airflow/example_dags/example_branch_day_of_week_operator.py
[2022-12-27T11:36:55.271+0000] {processor.py:743} INFO - Processing file /home/airflow/.local/lib/python3.7/site-packages/airflow/example_dags/example_branch_day_of_week_operator.py for tasks to queue
[2022-12-27T11:36:55.272+0000] {logging_mixin.py:137} INFO - [2022-12-27T11:36:55.271+0000] {dagbag.py:538} INFO - Filling up the DagBag from /home/airflow/.local/lib/python3.7/site-packages/airflow/example_dags/example_branch_day_of_week_operator.py
[2022-12-27T11:36:55.289+0000] {processor.py:753} INFO - DAG(s) dict_keys(['example_weekday_branch_operator']) retrieved from /home/airflow/.local/lib/python3.7/site-packages/airflow/example_dags/example_branch_day_of_week_operator.py
[2022-12-27T11:36:55.337+0000] {logging_mixin.py:137} INFO - [2022-12-27T11:36:55.337+0000] {dag.py:2676} INFO - Sync 1 DAGs
[2022-12-27T11:36:55.372+0000] {logging_mixin.py:137} INFO - [2022-12-27T11:36:55.371+0000] {dag.py:3427} INFO - Setting next_dagrun for example_weekday_branch_operator to 2022-12-26T00:00:00+00:00, run_after=2022-12-27T00:00:00+00:00
[2022-12-27T11:36:55.573+0000] {processor.py:175} INFO - Processing /home/airflow/.local/lib/python3.7/site-packages/airflow/example_dags/example_branch_day_of_week_operator.py took 0.308 seconds
[2022-12-27T11:37:25.617+0000] {processor.py:153} INFO - Started process (PID=1993) to work on /home/airflow/.local/lib/python3.7/site-packages/airflow/example_dags/example_branch_day_of_week_operator.py
[2022-12-27T11:37:25.618+0000] {processor.py:743} INFO - Processing file /home/airflow/.local/lib/python3.7/site-packages/airflow/example_dags/example_branch_day_of_week_operator.py for tasks to queue
[2022-12-27T11:37:25.619+0000] {logging_mixin.py:137} INFO - [2022-12-27T11:37:25.619+0000] {dagbag.py:538} INFO - Filling up the DagBag from /home/airflow/.local/lib/python3.7/site-packages/airflow/example_dags/example_branch_day_of_week_operator.py
[2022-12-27T11:37:25.645+0000] {processor.py:753} INFO - DAG(s) dict_keys(['example_weekday_branch_operator']) retrieved from /home/airflow/.local/lib/python3.7/site-packages/airflow/example_dags/example_branch_day_of_week_operator.py
[2022-12-27T11:37:25.689+0000] {logging_mixin.py:137} INFO - [2022-12-27T11:37:25.689+0000] {dag.py:2676} INFO - Sync 1 DAGs
[2022-12-27T11:37:25.717+0000] {logging_mixin.py:137} INFO - [2022-12-27T11:37:25.717+0000] {dag.py:3427} INFO - Setting next_dagrun for example_weekday_branch_operator to 2022-12-26T00:00:00+00:00, run_after=2022-12-27T00:00:00+00:00
[2022-12-27T11:37:25.904+0000] {processor.py:175} INFO - Processing /home/airflow/.local/lib/python3.7/site-packages/airflow/example_dags/example_branch_day_of_week_operator.py took 0.292 seconds
[2022-12-27T11:37:56.057+0000] {processor.py:153} INFO - Started process (PID=2056) to work on /home/airflow/.local/lib/python3.7/site-packages/airflow/example_dags/example_branch_day_of_week_operator.py
[2022-12-27T11:37:56.058+0000] {processor.py:743} INFO - Processing file /home/airflow/.local/lib/python3.7/site-packages/airflow/example_dags/example_branch_day_of_week_operator.py for tasks to queue
[2022-12-27T11:37:56.059+0000] {logging_mixin.py:137} INFO - [2022-12-27T11:37:56.058+0000] {dagbag.py:538} INFO - Filling up the DagBag from /home/airflow/.local/lib/python3.7/site-packages/airflow/example_dags/example_branch_day_of_week_operator.py
[2022-12-27T11:37:56.077+0000] {processor.py:753} INFO - DAG(s) dict_keys(['example_weekday_branch_operator']) retrieved from /home/airflow/.local/lib/python3.7/site-packages/airflow/example_dags/example_branch_day_of_week_operator.py
[2022-12-27T11:37:56.121+0000] {logging_mixin.py:137} INFO - [2022-12-27T11:37:56.121+0000] {dag.py:2676} INFO - Sync 1 DAGs
[2022-12-27T11:37:56.155+0000] {logging_mixin.py:137} INFO - [2022-12-27T11:37:56.154+0000] {dag.py:3427} INFO - Setting next_dagrun for example_weekday_branch_operator to 2022-12-26T00:00:00+00:00, run_after=2022-12-27T00:00:00+00:00
[2022-12-27T11:37:56.203+0000] {processor.py:175} INFO - Processing /home/airflow/.local/lib/python3.7/site-packages/airflow/example_dags/example_branch_day_of_week_operator.py took 0.151 seconds
[2022-12-27T11:38:27.157+0000] {processor.py:153} INFO - Started process (PID=2131) to work on /home/airflow/.local/lib/python3.7/site-packages/airflow/example_dags/example_branch_day_of_week_operator.py
[2022-12-27T11:38:27.158+0000] {processor.py:743} INFO - Processing file /home/airflow/.local/lib/python3.7/site-packages/airflow/example_dags/example_branch_day_of_week_operator.py for tasks to queue
[2022-12-27T11:38:27.159+0000] {logging_mixin.py:137} INFO - [2022-12-27T11:38:27.159+0000] {dagbag.py:538} INFO - Filling up the DagBag from /home/airflow/.local/lib/python3.7/site-packages/airflow/example_dags/example_branch_day_of_week_operator.py
[2022-12-27T11:38:27.180+0000] {processor.py:753} INFO - DAG(s) dict_keys(['example_weekday_branch_operator']) retrieved from /home/airflow/.local/lib/python3.7/site-packages/airflow/example_dags/example_branch_day_of_week_operator.py
[2022-12-27T11:38:27.241+0000] {logging_mixin.py:137} INFO - [2022-12-27T11:38:27.241+0000] {dag.py:2676} INFO - Sync 1 DAGs
[2022-12-27T11:38:27.292+0000] {logging_mixin.py:137} INFO - [2022-12-27T11:38:27.292+0000] {dag.py:3427} INFO - Setting next_dagrun for example_weekday_branch_operator to 2022-12-26T00:00:00+00:00, run_after=2022-12-27T00:00:00+00:00
[2022-12-27T11:38:27.373+0000] {processor.py:175} INFO - Processing /home/airflow/.local/lib/python3.7/site-packages/airflow/example_dags/example_branch_day_of_week_operator.py took 0.222 seconds
[2022-12-27T11:38:57.439+0000] {processor.py:153} INFO - Started process (PID=2193) to work on /home/airflow/.local/lib/python3.7/site-packages/airflow/example_dags/example_branch_day_of_week_operator.py
[2022-12-27T11:38:57.441+0000] {processor.py:743} INFO - Processing file /home/airflow/.local/lib/python3.7/site-packages/airflow/example_dags/example_branch_day_of_week_operator.py for tasks to queue
[2022-12-27T11:38:57.443+0000] {logging_mixin.py:137} INFO - [2022-12-27T11:38:57.443+0000] {dagbag.py:538} INFO - Filling up the DagBag from /home/airflow/.local/lib/python3.7/site-packages/airflow/example_dags/example_branch_day_of_week_operator.py
[2022-12-27T11:38:57.499+0000] {processor.py:753} INFO - DAG(s) dict_keys(['example_weekday_branch_operator']) retrieved from /home/airflow/.local/lib/python3.7/site-packages/airflow/example_dags/example_branch_day_of_week_operator.py
[2022-12-27T11:38:57.585+0000] {logging_mixin.py:137} INFO - [2022-12-27T11:38:57.585+0000] {dag.py:2676} INFO - Sync 1 DAGs
[2022-12-27T11:38:57.647+0000] {logging_mixin.py:137} INFO - [2022-12-27T11:38:57.647+0000] {dag.py:3427} INFO - Setting next_dagrun for example_weekday_branch_operator to 2022-12-26T00:00:00+00:00, run_after=2022-12-27T00:00:00+00:00
[2022-12-27T11:38:57.725+0000] {processor.py:175} INFO - Processing /home/airflow/.local/lib/python3.7/site-packages/airflow/example_dags/example_branch_day_of_week_operator.py took 0.295 seconds
[2022-12-27T11:39:27.839+0000] {processor.py:153} INFO - Started process (PID=2254) to work on /home/airflow/.local/lib/python3.7/site-packages/airflow/example_dags/example_branch_day_of_week_operator.py
[2022-12-27T11:39:27.840+0000] {processor.py:743} INFO - Processing file /home/airflow/.local/lib/python3.7/site-packages/airflow/example_dags/example_branch_day_of_week_operator.py for tasks to queue
[2022-12-27T11:39:27.841+0000] {logging_mixin.py:137} INFO - [2022-12-27T11:39:27.841+0000] {dagbag.py:538} INFO - Filling up the DagBag from /home/airflow/.local/lib/python3.7/site-packages/airflow/example_dags/example_branch_day_of_week_operator.py
[2022-12-27T11:39:27.859+0000] {processor.py:753} INFO - DAG(s) dict_keys(['example_weekday_branch_operator']) retrieved from /home/airflow/.local/lib/python3.7/site-packages/airflow/example_dags/example_branch_day_of_week_operator.py
[2022-12-27T11:39:27.897+0000] {logging_mixin.py:137} INFO - [2022-12-27T11:39:27.897+0000] {dag.py:2676} INFO - Sync 1 DAGs
[2022-12-27T11:39:27.932+0000] {logging_mixin.py:137} INFO - [2022-12-27T11:39:27.931+0000] {dag.py:3427} INFO - Setting next_dagrun for example_weekday_branch_operator to 2022-12-26T00:00:00+00:00, run_after=2022-12-27T00:00:00+00:00
[2022-12-27T11:39:28.008+0000] {processor.py:175} INFO - Processing /home/airflow/.local/lib/python3.7/site-packages/airflow/example_dags/example_branch_day_of_week_operator.py took 0.173 seconds
[2022-12-27T11:39:58.849+0000] {processor.py:153} INFO - Started process (PID=2328) to work on /home/airflow/.local/lib/python3.7/site-packages/airflow/example_dags/example_branch_day_of_week_operator.py
[2022-12-27T11:39:58.850+0000] {processor.py:743} INFO - Processing file /home/airflow/.local/lib/python3.7/site-packages/airflow/example_dags/example_branch_day_of_week_operator.py for tasks to queue
[2022-12-27T11:39:58.851+0000] {logging_mixin.py:137} INFO - [2022-12-27T11:39:58.851+0000] {dagbag.py:538} INFO - Filling up the DagBag from /home/airflow/.local/lib/python3.7/site-packages/airflow/example_dags/example_branch_day_of_week_operator.py
[2022-12-27T11:39:58.869+0000] {processor.py:753} INFO - DAG(s) dict_keys(['example_weekday_branch_operator']) retrieved from /home/airflow/.local/lib/python3.7/site-packages/airflow/example_dags/example_branch_day_of_week_operator.py
[2022-12-27T11:39:58.908+0000] {logging_mixin.py:137} INFO - [2022-12-27T11:39:58.908+0000] {dag.py:2676} INFO - Sync 1 DAGs
[2022-12-27T11:39:58.937+0000] {logging_mixin.py:137} INFO - [2022-12-27T11:39:58.937+0000] {dag.py:3427} INFO - Setting next_dagrun for example_weekday_branch_operator to 2022-12-26T00:00:00+00:00, run_after=2022-12-27T00:00:00+00:00
[2022-12-27T11:39:59.453+0000] {processor.py:175} INFO - Processing /home/airflow/.local/lib/python3.7/site-packages/airflow/example_dags/example_branch_day_of_week_operator.py took 0.608 seconds
[2022-12-27T11:40:30.294+0000] {processor.py:153} INFO - Started process (PID=2390) to work on /home/airflow/.local/lib/python3.7/site-packages/airflow/example_dags/example_branch_day_of_week_operator.py
[2022-12-27T11:40:30.295+0000] {processor.py:743} INFO - Processing file /home/airflow/.local/lib/python3.7/site-packages/airflow/example_dags/example_branch_day_of_week_operator.py for tasks to queue
[2022-12-27T11:40:30.297+0000] {logging_mixin.py:137} INFO - [2022-12-27T11:40:30.296+0000] {dagbag.py:538} INFO - Filling up the DagBag from /home/airflow/.local/lib/python3.7/site-packages/airflow/example_dags/example_branch_day_of_week_operator.py
[2022-12-27T11:40:30.328+0000] {processor.py:753} INFO - DAG(s) dict_keys(['example_weekday_branch_operator']) retrieved from /home/airflow/.local/lib/python3.7/site-packages/airflow/example_dags/example_branch_day_of_week_operator.py
[2022-12-27T11:40:30.405+0000] {logging_mixin.py:137} INFO - [2022-12-27T11:40:30.404+0000] {dag.py:2676} INFO - Sync 1 DAGs
[2022-12-27T11:40:30.475+0000] {logging_mixin.py:137} INFO - [2022-12-27T11:40:30.474+0000] {dag.py:3427} INFO - Setting next_dagrun for example_weekday_branch_operator to 2022-12-26T00:00:00+00:00, run_after=2022-12-27T00:00:00+00:00
[2022-12-27T11:40:30.546+0000] {processor.py:175} INFO - Processing /home/airflow/.local/lib/python3.7/site-packages/airflow/example_dags/example_branch_day_of_week_operator.py took 0.259 seconds
[2022-12-27T11:41:01.040+0000] {processor.py:153} INFO - Started process (PID=2451) to work on /home/airflow/.local/lib/python3.7/site-packages/airflow/example_dags/example_branch_day_of_week_operator.py
[2022-12-27T11:41:01.047+0000] {processor.py:743} INFO - Processing file /home/airflow/.local/lib/python3.7/site-packages/airflow/example_dags/example_branch_day_of_week_operator.py for tasks to queue
[2022-12-27T11:41:01.050+0000] {logging_mixin.py:137} INFO - [2022-12-27T11:41:01.050+0000] {dagbag.py:538} INFO - Filling up the DagBag from /home/airflow/.local/lib/python3.7/site-packages/airflow/example_dags/example_branch_day_of_week_operator.py
[2022-12-27T11:41:01.132+0000] {processor.py:753} INFO - DAG(s) dict_keys(['example_weekday_branch_operator']) retrieved from /home/airflow/.local/lib/python3.7/site-packages/airflow/example_dags/example_branch_day_of_week_operator.py
[2022-12-27T11:41:01.226+0000] {logging_mixin.py:137} INFO - [2022-12-27T11:41:01.225+0000] {dag.py:2676} INFO - Sync 1 DAGs
[2022-12-27T11:41:01.311+0000] {logging_mixin.py:137} INFO - [2022-12-27T11:41:01.311+0000] {dag.py:3427} INFO - Setting next_dagrun for example_weekday_branch_operator to 2022-12-26T00:00:00+00:00, run_after=2022-12-27T00:00:00+00:00
[2022-12-27T11:41:01.537+0000] {processor.py:175} INFO - Processing /home/airflow/.local/lib/python3.7/site-packages/airflow/example_dags/example_branch_day_of_week_operator.py took 0.513 seconds
[2022-12-27T11:41:31.863+0000] {processor.py:153} INFO - Started process (PID=2513) to work on /home/airflow/.local/lib/python3.7/site-packages/airflow/example_dags/example_branch_day_of_week_operator.py
[2022-12-27T11:41:31.864+0000] {processor.py:743} INFO - Processing file /home/airflow/.local/lib/python3.7/site-packages/airflow/example_dags/example_branch_day_of_week_operator.py for tasks to queue
[2022-12-27T11:41:31.866+0000] {logging_mixin.py:137} INFO - [2022-12-27T11:41:31.865+0000] {dagbag.py:538} INFO - Filling up the DagBag from /home/airflow/.local/lib/python3.7/site-packages/airflow/example_dags/example_branch_day_of_week_operator.py
[2022-12-27T11:41:31.889+0000] {processor.py:753} INFO - DAG(s) dict_keys(['example_weekday_branch_operator']) retrieved from /home/airflow/.local/lib/python3.7/site-packages/airflow/example_dags/example_branch_day_of_week_operator.py
[2022-12-27T11:41:31.932+0000] {logging_mixin.py:137} INFO - [2022-12-27T11:41:31.931+0000] {dag.py:2676} INFO - Sync 1 DAGs
[2022-12-27T11:41:31.962+0000] {logging_mixin.py:137} INFO - [2022-12-27T11:41:31.962+0000] {dag.py:3427} INFO - Setting next_dagrun for example_weekday_branch_operator to 2022-12-26T00:00:00+00:00, run_after=2022-12-27T00:00:00+00:00
[2022-12-27T11:41:32.145+0000] {processor.py:175} INFO - Processing /home/airflow/.local/lib/python3.7/site-packages/airflow/example_dags/example_branch_day_of_week_operator.py took 0.290 seconds
[2022-12-27T11:42:03.111+0000] {processor.py:153} INFO - Started process (PID=2574) to work on /home/airflow/.local/lib/python3.7/site-packages/airflow/example_dags/example_branch_day_of_week_operator.py
[2022-12-27T11:42:03.112+0000] {processor.py:743} INFO - Processing file /home/airflow/.local/lib/python3.7/site-packages/airflow/example_dags/example_branch_day_of_week_operator.py for tasks to queue
[2022-12-27T11:42:03.113+0000] {logging_mixin.py:137} INFO - [2022-12-27T11:42:03.113+0000] {dagbag.py:538} INFO - Filling up the DagBag from /home/airflow/.local/lib/python3.7/site-packages/airflow/example_dags/example_branch_day_of_week_operator.py
[2022-12-27T11:42:03.146+0000] {processor.py:753} INFO - DAG(s) dict_keys(['example_weekday_branch_operator']) retrieved from /home/airflow/.local/lib/python3.7/site-packages/airflow/example_dags/example_branch_day_of_week_operator.py
[2022-12-27T11:42:03.205+0000] {logging_mixin.py:137} INFO - [2022-12-27T11:42:03.205+0000] {dag.py:2676} INFO - Sync 1 DAGs
[2022-12-27T11:42:03.239+0000] {logging_mixin.py:137} INFO - [2022-12-27T11:42:03.239+0000] {dag.py:3427} INFO - Setting next_dagrun for example_weekday_branch_operator to 2022-12-26T00:00:00+00:00, run_after=2022-12-27T00:00:00+00:00
[2022-12-27T11:42:03.339+0000] {processor.py:175} INFO - Processing /home/airflow/.local/lib/python3.7/site-packages/airflow/example_dags/example_branch_day_of_week_operator.py took 0.233 seconds
