[2022-12-27T11:22:27.310+0000] {processor.py:153} INFO - Started process (PID=66) to work on /home/airflow/.local/lib/python3.7/site-packages/airflow/example_dags/example_kubernetes_executor.py
[2022-12-27T11:22:27.312+0000] {processor.py:743} INFO - Processing file /home/airflow/.local/lib/python3.7/site-packages/airflow/example_dags/example_kubernetes_executor.py for tasks to queue
[2022-12-27T11:22:27.314+0000] {logging_mixin.py:137} INFO - [2022-12-27T11:22:27.314+0000] {dagbag.py:538} INFO - Filling up the DagBag from /home/airflow/.local/lib/python3.7/site-packages/airflow/example_dags/example_kubernetes_executor.py
[2022-12-27T11:22:27.401+0000] {processor.py:753} INFO - DAG(s) dict_keys(['example_kubernetes_executor']) retrieved from /home/airflow/.local/lib/python3.7/site-packages/airflow/example_dags/example_kubernetes_executor.py
[2022-12-27T11:22:27.498+0000] {logging_mixin.py:137} INFO - [2022-12-27T11:22:27.498+0000] {dag.py:2676} INFO - Sync 1 DAGs
[2022-12-27T11:22:27.583+0000] {logging_mixin.py:137} INFO - [2022-12-27T11:22:27.583+0000] {dag.py:3427} INFO - Setting next_dagrun for example_kubernetes_executor to None, run_after=None
[2022-12-27T11:22:27.678+0000] {processor.py:175} INFO - Processing /home/airflow/.local/lib/python3.7/site-packages/airflow/example_dags/example_kubernetes_executor.py took 0.376 seconds
[2022-12-27T11:22:58.078+0000] {processor.py:153} INFO - Started process (PID=128) to work on /home/airflow/.local/lib/python3.7/site-packages/airflow/example_dags/example_kubernetes_executor.py
[2022-12-27T11:22:58.079+0000] {processor.py:743} INFO - Processing file /home/airflow/.local/lib/python3.7/site-packages/airflow/example_dags/example_kubernetes_executor.py for tasks to queue
[2022-12-27T11:22:58.079+0000] {logging_mixin.py:137} INFO - [2022-12-27T11:22:58.079+0000] {dagbag.py:538} INFO - Filling up the DagBag from /home/airflow/.local/lib/python3.7/site-packages/airflow/example_dags/example_kubernetes_executor.py
[2022-12-27T11:22:58.114+0000] {processor.py:753} INFO - DAG(s) dict_keys(['example_kubernetes_executor']) retrieved from /home/airflow/.local/lib/python3.7/site-packages/airflow/example_dags/example_kubernetes_executor.py
[2022-12-27T11:22:58.158+0000] {logging_mixin.py:137} INFO - [2022-12-27T11:22:58.158+0000] {dag.py:2676} INFO - Sync 1 DAGs
[2022-12-27T11:22:58.185+0000] {logging_mixin.py:137} INFO - [2022-12-27T11:22:58.185+0000] {dag.py:3427} INFO - Setting next_dagrun for example_kubernetes_executor to None, run_after=None
[2022-12-27T11:22:58.421+0000] {processor.py:175} INFO - Processing /home/airflow/.local/lib/python3.7/site-packages/airflow/example_dags/example_kubernetes_executor.py took 0.347 seconds
[2022-12-27T11:23:28.629+0000] {processor.py:153} INFO - Started process (PID=191) to work on /home/airflow/.local/lib/python3.7/site-packages/airflow/example_dags/example_kubernetes_executor.py
[2022-12-27T11:23:28.630+0000] {processor.py:743} INFO - Processing file /home/airflow/.local/lib/python3.7/site-packages/airflow/example_dags/example_kubernetes_executor.py for tasks to queue
[2022-12-27T11:23:28.631+0000] {logging_mixin.py:137} INFO - [2022-12-27T11:23:28.631+0000] {dagbag.py:538} INFO - Filling up the DagBag from /home/airflow/.local/lib/python3.7/site-packages/airflow/example_dags/example_kubernetes_executor.py
[2022-12-27T11:23:28.676+0000] {processor.py:753} INFO - DAG(s) dict_keys(['example_kubernetes_executor']) retrieved from /home/airflow/.local/lib/python3.7/site-packages/airflow/example_dags/example_kubernetes_executor.py
[2022-12-27T11:23:28.726+0000] {logging_mixin.py:137} INFO - [2022-12-27T11:23:28.726+0000] {dag.py:2676} INFO - Sync 1 DAGs
[2022-12-27T11:23:28.783+0000] {logging_mixin.py:137} INFO - [2022-12-27T11:23:28.782+0000] {dag.py:3427} INFO - Setting next_dagrun for example_kubernetes_executor to None, run_after=None
[2022-12-27T11:23:28.853+0000] {processor.py:175} INFO - Processing /home/airflow/.local/lib/python3.7/site-packages/airflow/example_dags/example_kubernetes_executor.py took 0.228 seconds
[2022-12-27T11:23:59.369+0000] {processor.py:153} INFO - Started process (PID=266) to work on /home/airflow/.local/lib/python3.7/site-packages/airflow/example_dags/example_kubernetes_executor.py
[2022-12-27T11:23:59.371+0000] {processor.py:743} INFO - Processing file /home/airflow/.local/lib/python3.7/site-packages/airflow/example_dags/example_kubernetes_executor.py for tasks to queue
[2022-12-27T11:23:59.373+0000] {logging_mixin.py:137} INFO - [2022-12-27T11:23:59.373+0000] {dagbag.py:538} INFO - Filling up the DagBag from /home/airflow/.local/lib/python3.7/site-packages/airflow/example_dags/example_kubernetes_executor.py
[2022-12-27T11:23:59.438+0000] {processor.py:753} INFO - DAG(s) dict_keys(['example_kubernetes_executor']) retrieved from /home/airflow/.local/lib/python3.7/site-packages/airflow/example_dags/example_kubernetes_executor.py
[2022-12-27T11:23:59.535+0000] {logging_mixin.py:137} INFO - [2022-12-27T11:23:59.535+0000] {dag.py:2676} INFO - Sync 1 DAGs
[2022-12-27T11:23:59.598+0000] {logging_mixin.py:137} INFO - [2022-12-27T11:23:59.598+0000] {dag.py:3427} INFO - Setting next_dagrun for example_kubernetes_executor to None, run_after=None
[2022-12-27T11:23:59.845+0000] {processor.py:175} INFO - Processing /home/airflow/.local/lib/python3.7/site-packages/airflow/example_dags/example_kubernetes_executor.py took 0.483 seconds
[2022-12-27T11:24:30.745+0000] {processor.py:153} INFO - Started process (PID=329) to work on /home/airflow/.local/lib/python3.7/site-packages/airflow/example_dags/example_kubernetes_executor.py
[2022-12-27T11:24:30.747+0000] {processor.py:743} INFO - Processing file /home/airflow/.local/lib/python3.7/site-packages/airflow/example_dags/example_kubernetes_executor.py for tasks to queue
[2022-12-27T11:24:30.749+0000] {logging_mixin.py:137} INFO - [2022-12-27T11:24:30.749+0000] {dagbag.py:538} INFO - Filling up the DagBag from /home/airflow/.local/lib/python3.7/site-packages/airflow/example_dags/example_kubernetes_executor.py
[2022-12-27T11:24:30.830+0000] {processor.py:753} INFO - DAG(s) dict_keys(['example_kubernetes_executor']) retrieved from /home/airflow/.local/lib/python3.7/site-packages/airflow/example_dags/example_kubernetes_executor.py
[2022-12-27T11:24:30.944+0000] {logging_mixin.py:137} INFO - [2022-12-27T11:24:30.943+0000] {dag.py:2676} INFO - Sync 1 DAGs
[2022-12-27T11:24:31.020+0000] {logging_mixin.py:137} INFO - [2022-12-27T11:24:31.020+0000] {dag.py:3427} INFO - Setting next_dagrun for example_kubernetes_executor to None, run_after=None
[2022-12-27T11:24:31.272+0000] {processor.py:175} INFO - Processing /home/airflow/.local/lib/python3.7/site-packages/airflow/example_dags/example_kubernetes_executor.py took 0.536 seconds
[2022-12-27T11:25:02.113+0000] {processor.py:153} INFO - Started process (PID=392) to work on /home/airflow/.local/lib/python3.7/site-packages/airflow/example_dags/example_kubernetes_executor.py
[2022-12-27T11:25:02.114+0000] {processor.py:743} INFO - Processing file /home/airflow/.local/lib/python3.7/site-packages/airflow/example_dags/example_kubernetes_executor.py for tasks to queue
[2022-12-27T11:25:02.115+0000] {logging_mixin.py:137} INFO - [2022-12-27T11:25:02.115+0000] {dagbag.py:538} INFO - Filling up the DagBag from /home/airflow/.local/lib/python3.7/site-packages/airflow/example_dags/example_kubernetes_executor.py
[2022-12-27T11:25:02.147+0000] {processor.py:753} INFO - DAG(s) dict_keys(['example_kubernetes_executor']) retrieved from /home/airflow/.local/lib/python3.7/site-packages/airflow/example_dags/example_kubernetes_executor.py
[2022-12-27T11:25:02.193+0000] {logging_mixin.py:137} INFO - [2022-12-27T11:25:02.193+0000] {dag.py:2676} INFO - Sync 1 DAGs
[2022-12-27T11:25:02.222+0000] {logging_mixin.py:137} INFO - [2022-12-27T11:25:02.222+0000] {dag.py:3427} INFO - Setting next_dagrun for example_kubernetes_executor to None, run_after=None
[2022-12-27T11:25:02.295+0000] {processor.py:175} INFO - Processing /home/airflow/.local/lib/python3.7/site-packages/airflow/example_dags/example_kubernetes_executor.py took 0.187 seconds
[2022-12-27T11:25:32.884+0000] {processor.py:153} INFO - Started process (PID=466) to work on /home/airflow/.local/lib/python3.7/site-packages/airflow/example_dags/example_kubernetes_executor.py
[2022-12-27T11:25:32.885+0000] {processor.py:743} INFO - Processing file /home/airflow/.local/lib/python3.7/site-packages/airflow/example_dags/example_kubernetes_executor.py for tasks to queue
[2022-12-27T11:25:32.886+0000] {logging_mixin.py:137} INFO - [2022-12-27T11:25:32.886+0000] {dagbag.py:538} INFO - Filling up the DagBag from /home/airflow/.local/lib/python3.7/site-packages/airflow/example_dags/example_kubernetes_executor.py
[2022-12-27T11:25:32.926+0000] {processor.py:753} INFO - DAG(s) dict_keys(['example_kubernetes_executor']) retrieved from /home/airflow/.local/lib/python3.7/site-packages/airflow/example_dags/example_kubernetes_executor.py
[2022-12-27T11:25:32.984+0000] {logging_mixin.py:137} INFO - [2022-12-27T11:25:32.983+0000] {dag.py:2676} INFO - Sync 1 DAGs
[2022-12-27T11:25:33.019+0000] {logging_mixin.py:137} INFO - [2022-12-27T11:25:33.019+0000] {dag.py:3427} INFO - Setting next_dagrun for example_kubernetes_executor to None, run_after=None
[2022-12-27T11:25:33.130+0000] {processor.py:175} INFO - Processing /home/airflow/.local/lib/python3.7/site-packages/airflow/example_dags/example_kubernetes_executor.py took 0.250 seconds
[2022-12-27T11:26:03.494+0000] {processor.py:153} INFO - Started process (PID=528) to work on /home/airflow/.local/lib/python3.7/site-packages/airflow/example_dags/example_kubernetes_executor.py
[2022-12-27T11:26:03.496+0000] {processor.py:743} INFO - Processing file /home/airflow/.local/lib/python3.7/site-packages/airflow/example_dags/example_kubernetes_executor.py for tasks to queue
[2022-12-27T11:26:03.499+0000] {logging_mixin.py:137} INFO - [2022-12-27T11:26:03.498+0000] {dagbag.py:538} INFO - Filling up the DagBag from /home/airflow/.local/lib/python3.7/site-packages/airflow/example_dags/example_kubernetes_executor.py
[2022-12-27T11:26:03.578+0000] {processor.py:753} INFO - DAG(s) dict_keys(['example_kubernetes_executor']) retrieved from /home/airflow/.local/lib/python3.7/site-packages/airflow/example_dags/example_kubernetes_executor.py
[2022-12-27T11:26:03.687+0000] {logging_mixin.py:137} INFO - [2022-12-27T11:26:03.686+0000] {dag.py:2676} INFO - Sync 1 DAGs
[2022-12-27T11:26:03.750+0000] {logging_mixin.py:137} INFO - [2022-12-27T11:26:03.750+0000] {dag.py:3427} INFO - Setting next_dagrun for example_kubernetes_executor to None, run_after=None
[2022-12-27T11:26:03.828+0000] {processor.py:175} INFO - Processing /home/airflow/.local/lib/python3.7/site-packages/airflow/example_dags/example_kubernetes_executor.py took 0.344 seconds
[2022-12-27T11:26:33.924+0000] {processor.py:153} INFO - Started process (PID=590) to work on /home/airflow/.local/lib/python3.7/site-packages/airflow/example_dags/example_kubernetes_executor.py
[2022-12-27T11:26:33.925+0000] {processor.py:743} INFO - Processing file /home/airflow/.local/lib/python3.7/site-packages/airflow/example_dags/example_kubernetes_executor.py for tasks to queue
[2022-12-27T11:26:33.927+0000] {logging_mixin.py:137} INFO - [2022-12-27T11:26:33.927+0000] {dagbag.py:538} INFO - Filling up the DagBag from /home/airflow/.local/lib/python3.7/site-packages/airflow/example_dags/example_kubernetes_executor.py
[2022-12-27T11:26:33.979+0000] {processor.py:753} INFO - DAG(s) dict_keys(['example_kubernetes_executor']) retrieved from /home/airflow/.local/lib/python3.7/site-packages/airflow/example_dags/example_kubernetes_executor.py
[2022-12-27T11:26:34.037+0000] {logging_mixin.py:137} INFO - [2022-12-27T11:26:34.036+0000] {dag.py:2676} INFO - Sync 1 DAGs
[2022-12-27T11:26:34.076+0000] {logging_mixin.py:137} INFO - [2022-12-27T11:26:34.076+0000] {dag.py:3427} INFO - Setting next_dagrun for example_kubernetes_executor to None, run_after=None
[2022-12-27T11:26:34.267+0000] {processor.py:175} INFO - Processing /home/airflow/.local/lib/python3.7/site-packages/airflow/example_dags/example_kubernetes_executor.py took 0.351 seconds
[2022-12-27T11:27:04.343+0000] {processor.py:153} INFO - Started process (PID=651) to work on /home/airflow/.local/lib/python3.7/site-packages/airflow/example_dags/example_kubernetes_executor.py
[2022-12-27T11:27:04.344+0000] {processor.py:743} INFO - Processing file /home/airflow/.local/lib/python3.7/site-packages/airflow/example_dags/example_kubernetes_executor.py for tasks to queue
[2022-12-27T11:27:04.345+0000] {logging_mixin.py:137} INFO - [2022-12-27T11:27:04.345+0000] {dagbag.py:538} INFO - Filling up the DagBag from /home/airflow/.local/lib/python3.7/site-packages/airflow/example_dags/example_kubernetes_executor.py
[2022-12-27T11:27:04.378+0000] {processor.py:753} INFO - DAG(s) dict_keys(['example_kubernetes_executor']) retrieved from /home/airflow/.local/lib/python3.7/site-packages/airflow/example_dags/example_kubernetes_executor.py
[2022-12-27T11:27:04.424+0000] {logging_mixin.py:137} INFO - [2022-12-27T11:27:04.424+0000] {dag.py:2676} INFO - Sync 1 DAGs
[2022-12-27T11:27:04.453+0000] {logging_mixin.py:137} INFO - [2022-12-27T11:27:04.453+0000] {dag.py:3427} INFO - Setting next_dagrun for example_kubernetes_executor to None, run_after=None
[2022-12-27T11:27:04.510+0000] {processor.py:175} INFO - Processing /home/airflow/.local/lib/python3.7/site-packages/airflow/example_dags/example_kubernetes_executor.py took 0.171 seconds
[2022-12-27T11:27:35.307+0000] {processor.py:153} INFO - Started process (PID=712) to work on /home/airflow/.local/lib/python3.7/site-packages/airflow/example_dags/example_kubernetes_executor.py
[2022-12-27T11:27:35.309+0000] {processor.py:743} INFO - Processing file /home/airflow/.local/lib/python3.7/site-packages/airflow/example_dags/example_kubernetes_executor.py for tasks to queue
[2022-12-27T11:27:35.311+0000] {logging_mixin.py:137} INFO - [2022-12-27T11:27:35.311+0000] {dagbag.py:538} INFO - Filling up the DagBag from /home/airflow/.local/lib/python3.7/site-packages/airflow/example_dags/example_kubernetes_executor.py
[2022-12-27T11:27:35.398+0000] {processor.py:753} INFO - DAG(s) dict_keys(['example_kubernetes_executor']) retrieved from /home/airflow/.local/lib/python3.7/site-packages/airflow/example_dags/example_kubernetes_executor.py
[2022-12-27T11:27:35.533+0000] {logging_mixin.py:137} INFO - [2022-12-27T11:27:35.533+0000] {dag.py:2676} INFO - Sync 1 DAGs
[2022-12-27T11:27:35.605+0000] {logging_mixin.py:137} INFO - [2022-12-27T11:27:35.604+0000] {dag.py:3427} INFO - Setting next_dagrun for example_kubernetes_executor to None, run_after=None
[2022-12-27T11:27:35.673+0000] {processor.py:175} INFO - Processing /home/airflow/.local/lib/python3.7/site-packages/airflow/example_dags/example_kubernetes_executor.py took 0.374 seconds
[2022-12-27T11:28:05.794+0000] {processor.py:153} INFO - Started process (PID=786) to work on /home/airflow/.local/lib/python3.7/site-packages/airflow/example_dags/example_kubernetes_executor.py
[2022-12-27T11:28:05.795+0000] {processor.py:743} INFO - Processing file /home/airflow/.local/lib/python3.7/site-packages/airflow/example_dags/example_kubernetes_executor.py for tasks to queue
[2022-12-27T11:28:05.797+0000] {logging_mixin.py:137} INFO - [2022-12-27T11:28:05.797+0000] {dagbag.py:538} INFO - Filling up the DagBag from /home/airflow/.local/lib/python3.7/site-packages/airflow/example_dags/example_kubernetes_executor.py
[2022-12-27T11:28:05.868+0000] {processor.py:753} INFO - DAG(s) dict_keys(['example_kubernetes_executor']) retrieved from /home/airflow/.local/lib/python3.7/site-packages/airflow/example_dags/example_kubernetes_executor.py
[2022-12-27T11:28:05.972+0000] {logging_mixin.py:137} INFO - [2022-12-27T11:28:05.972+0000] {dag.py:2676} INFO - Sync 1 DAGs
[2022-12-27T11:28:06.045+0000] {logging_mixin.py:137} INFO - [2022-12-27T11:28:06.044+0000] {dag.py:3427} INFO - Setting next_dagrun for example_kubernetes_executor to None, run_after=None
[2022-12-27T11:28:06.120+0000] {processor.py:175} INFO - Processing /home/airflow/.local/lib/python3.7/site-packages/airflow/example_dags/example_kubernetes_executor.py took 0.334 seconds
[2022-12-27T11:28:36.273+0000] {processor.py:153} INFO - Started process (PID=848) to work on /home/airflow/.local/lib/python3.7/site-packages/airflow/example_dags/example_kubernetes_executor.py
[2022-12-27T11:28:36.274+0000] {processor.py:743} INFO - Processing file /home/airflow/.local/lib/python3.7/site-packages/airflow/example_dags/example_kubernetes_executor.py for tasks to queue
[2022-12-27T11:28:36.275+0000] {logging_mixin.py:137} INFO - [2022-12-27T11:28:36.275+0000] {dagbag.py:538} INFO - Filling up the DagBag from /home/airflow/.local/lib/python3.7/site-packages/airflow/example_dags/example_kubernetes_executor.py
[2022-12-27T11:28:36.314+0000] {processor.py:753} INFO - DAG(s) dict_keys(['example_kubernetes_executor']) retrieved from /home/airflow/.local/lib/python3.7/site-packages/airflow/example_dags/example_kubernetes_executor.py
[2022-12-27T11:28:36.371+0000] {logging_mixin.py:137} INFO - [2022-12-27T11:28:36.371+0000] {dag.py:2676} INFO - Sync 1 DAGs
[2022-12-27T11:28:36.401+0000] {logging_mixin.py:137} INFO - [2022-12-27T11:28:36.401+0000] {dag.py:3427} INFO - Setting next_dagrun for example_kubernetes_executor to None, run_after=None
[2022-12-27T11:28:36.501+0000] {processor.py:175} INFO - Processing /home/airflow/.local/lib/python3.7/site-packages/airflow/example_dags/example_kubernetes_executor.py took 0.232 seconds
[2022-12-27T11:29:06.962+0000] {processor.py:153} INFO - Started process (PID=911) to work on /home/airflow/.local/lib/python3.7/site-packages/airflow/example_dags/example_kubernetes_executor.py
[2022-12-27T11:29:06.964+0000] {processor.py:743} INFO - Processing file /home/airflow/.local/lib/python3.7/site-packages/airflow/example_dags/example_kubernetes_executor.py for tasks to queue
[2022-12-27T11:29:06.965+0000] {logging_mixin.py:137} INFO - [2022-12-27T11:29:06.965+0000] {dagbag.py:538} INFO - Filling up the DagBag from /home/airflow/.local/lib/python3.7/site-packages/airflow/example_dags/example_kubernetes_executor.py
[2022-12-27T11:29:07.045+0000] {processor.py:753} INFO - DAG(s) dict_keys(['example_kubernetes_executor']) retrieved from /home/airflow/.local/lib/python3.7/site-packages/airflow/example_dags/example_kubernetes_executor.py
[2022-12-27T11:29:07.149+0000] {logging_mixin.py:137} INFO - [2022-12-27T11:29:07.149+0000] {dag.py:2676} INFO - Sync 1 DAGs
[2022-12-27T11:29:07.206+0000] {logging_mixin.py:137} INFO - [2022-12-27T11:29:07.206+0000] {dag.py:3427} INFO - Setting next_dagrun for example_kubernetes_executor to None, run_after=None
[2022-12-27T11:29:07.270+0000] {processor.py:175} INFO - Processing /home/airflow/.local/lib/python3.7/site-packages/airflow/example_dags/example_kubernetes_executor.py took 0.316 seconds
[2022-12-27T11:29:37.383+0000] {processor.py:153} INFO - Started process (PID=985) to work on /home/airflow/.local/lib/python3.7/site-packages/airflow/example_dags/example_kubernetes_executor.py
[2022-12-27T11:29:37.385+0000] {processor.py:743} INFO - Processing file /home/airflow/.local/lib/python3.7/site-packages/airflow/example_dags/example_kubernetes_executor.py for tasks to queue
[2022-12-27T11:29:37.387+0000] {logging_mixin.py:137} INFO - [2022-12-27T11:29:37.386+0000] {dagbag.py:538} INFO - Filling up the DagBag from /home/airflow/.local/lib/python3.7/site-packages/airflow/example_dags/example_kubernetes_executor.py
[2022-12-27T11:29:37.455+0000] {processor.py:753} INFO - DAG(s) dict_keys(['example_kubernetes_executor']) retrieved from /home/airflow/.local/lib/python3.7/site-packages/airflow/example_dags/example_kubernetes_executor.py
[2022-12-27T11:29:37.550+0000] {logging_mixin.py:137} INFO - [2022-12-27T11:29:37.550+0000] {dag.py:2676} INFO - Sync 1 DAGs
[2022-12-27T11:29:37.605+0000] {logging_mixin.py:137} INFO - [2022-12-27T11:29:37.605+0000] {dag.py:3427} INFO - Setting next_dagrun for example_kubernetes_executor to None, run_after=None
[2022-12-27T11:29:37.728+0000] {processor.py:175} INFO - Processing /home/airflow/.local/lib/python3.7/site-packages/airflow/example_dags/example_kubernetes_executor.py took 0.352 seconds
[2022-12-27T11:30:07.807+0000] {processor.py:153} INFO - Started process (PID=1047) to work on /home/airflow/.local/lib/python3.7/site-packages/airflow/example_dags/example_kubernetes_executor.py
[2022-12-27T11:30:07.808+0000] {processor.py:743} INFO - Processing file /home/airflow/.local/lib/python3.7/site-packages/airflow/example_dags/example_kubernetes_executor.py for tasks to queue
[2022-12-27T11:30:07.809+0000] {logging_mixin.py:137} INFO - [2022-12-27T11:30:07.809+0000] {dagbag.py:538} INFO - Filling up the DagBag from /home/airflow/.local/lib/python3.7/site-packages/airflow/example_dags/example_kubernetes_executor.py
[2022-12-27T11:30:07.845+0000] {processor.py:753} INFO - DAG(s) dict_keys(['example_kubernetes_executor']) retrieved from /home/airflow/.local/lib/python3.7/site-packages/airflow/example_dags/example_kubernetes_executor.py
[2022-12-27T11:30:07.908+0000] {logging_mixin.py:137} INFO - [2022-12-27T11:30:07.908+0000] {dag.py:2676} INFO - Sync 1 DAGs
[2022-12-27T11:30:07.938+0000] {logging_mixin.py:137} INFO - [2022-12-27T11:30:07.938+0000] {dag.py:3427} INFO - Setting next_dagrun for example_kubernetes_executor to None, run_after=None
[2022-12-27T11:30:08.029+0000] {processor.py:175} INFO - Processing /home/airflow/.local/lib/python3.7/site-packages/airflow/example_dags/example_kubernetes_executor.py took 0.228 seconds
[2022-12-27T11:30:38.845+0000] {processor.py:153} INFO - Started process (PID=1109) to work on /home/airflow/.local/lib/python3.7/site-packages/airflow/example_dags/example_kubernetes_executor.py
[2022-12-27T11:30:38.846+0000] {processor.py:743} INFO - Processing file /home/airflow/.local/lib/python3.7/site-packages/airflow/example_dags/example_kubernetes_executor.py for tasks to queue
[2022-12-27T11:30:38.848+0000] {logging_mixin.py:137} INFO - [2022-12-27T11:30:38.847+0000] {dagbag.py:538} INFO - Filling up the DagBag from /home/airflow/.local/lib/python3.7/site-packages/airflow/example_dags/example_kubernetes_executor.py
[2022-12-27T11:30:38.884+0000] {processor.py:753} INFO - DAG(s) dict_keys(['example_kubernetes_executor']) retrieved from /home/airflow/.local/lib/python3.7/site-packages/airflow/example_dags/example_kubernetes_executor.py
[2022-12-27T11:30:38.937+0000] {logging_mixin.py:137} INFO - [2022-12-27T11:30:38.937+0000] {dag.py:2676} INFO - Sync 1 DAGs
[2022-12-27T11:30:38.966+0000] {logging_mixin.py:137} INFO - [2022-12-27T11:30:38.966+0000] {dag.py:3427} INFO - Setting next_dagrun for example_kubernetes_executor to None, run_after=None
[2022-12-27T11:30:39.020+0000] {processor.py:175} INFO - Processing /home/airflow/.local/lib/python3.7/site-packages/airflow/example_dags/example_kubernetes_executor.py took 0.182 seconds
[2022-12-27T11:31:09.206+0000] {processor.py:153} INFO - Started process (PID=1184) to work on /home/airflow/.local/lib/python3.7/site-packages/airflow/example_dags/example_kubernetes_executor.py
[2022-12-27T11:31:09.207+0000] {processor.py:743} INFO - Processing file /home/airflow/.local/lib/python3.7/site-packages/airflow/example_dags/example_kubernetes_executor.py for tasks to queue
[2022-12-27T11:31:09.208+0000] {logging_mixin.py:137} INFO - [2022-12-27T11:31:09.208+0000] {dagbag.py:538} INFO - Filling up the DagBag from /home/airflow/.local/lib/python3.7/site-packages/airflow/example_dags/example_kubernetes_executor.py
[2022-12-27T11:31:09.239+0000] {processor.py:753} INFO - DAG(s) dict_keys(['example_kubernetes_executor']) retrieved from /home/airflow/.local/lib/python3.7/site-packages/airflow/example_dags/example_kubernetes_executor.py
[2022-12-27T11:31:09.281+0000] {logging_mixin.py:137} INFO - [2022-12-27T11:31:09.281+0000] {dag.py:2676} INFO - Sync 1 DAGs
[2022-12-27T11:31:09.308+0000] {logging_mixin.py:137} INFO - [2022-12-27T11:31:09.308+0000] {dag.py:3427} INFO - Setting next_dagrun for example_kubernetes_executor to None, run_after=None
[2022-12-27T11:31:09.366+0000] {processor.py:175} INFO - Processing /home/airflow/.local/lib/python3.7/site-packages/airflow/example_dags/example_kubernetes_executor.py took 0.164 seconds
[2022-12-27T11:31:39.440+0000] {processor.py:153} INFO - Started process (PID=1246) to work on /home/airflow/.local/lib/python3.7/site-packages/airflow/example_dags/example_kubernetes_executor.py
[2022-12-27T11:31:39.441+0000] {processor.py:743} INFO - Processing file /home/airflow/.local/lib/python3.7/site-packages/airflow/example_dags/example_kubernetes_executor.py for tasks to queue
[2022-12-27T11:31:39.442+0000] {logging_mixin.py:137} INFO - [2022-12-27T11:31:39.442+0000] {dagbag.py:538} INFO - Filling up the DagBag from /home/airflow/.local/lib/python3.7/site-packages/airflow/example_dags/example_kubernetes_executor.py
[2022-12-27T11:31:39.472+0000] {processor.py:753} INFO - DAG(s) dict_keys(['example_kubernetes_executor']) retrieved from /home/airflow/.local/lib/python3.7/site-packages/airflow/example_dags/example_kubernetes_executor.py
[2022-12-27T11:31:39.517+0000] {logging_mixin.py:137} INFO - [2022-12-27T11:31:39.517+0000] {dag.py:2676} INFO - Sync 1 DAGs
[2022-12-27T11:31:39.542+0000] {logging_mixin.py:137} INFO - [2022-12-27T11:31:39.542+0000] {dag.py:3427} INFO - Setting next_dagrun for example_kubernetes_executor to None, run_after=None
[2022-12-27T11:31:39.588+0000] {processor.py:175} INFO - Processing /home/airflow/.local/lib/python3.7/site-packages/airflow/example_dags/example_kubernetes_executor.py took 0.152 seconds
[2022-12-27T11:32:10.689+0000] {processor.py:153} INFO - Started process (PID=1320) to work on /home/airflow/.local/lib/python3.7/site-packages/airflow/example_dags/example_kubernetes_executor.py
[2022-12-27T11:32:10.698+0000] {processor.py:743} INFO - Processing file /home/airflow/.local/lib/python3.7/site-packages/airflow/example_dags/example_kubernetes_executor.py for tasks to queue
[2022-12-27T11:32:10.700+0000] {logging_mixin.py:137} INFO - [2022-12-27T11:32:10.700+0000] {dagbag.py:538} INFO - Filling up the DagBag from /home/airflow/.local/lib/python3.7/site-packages/airflow/example_dags/example_kubernetes_executor.py
[2022-12-27T11:32:10.765+0000] {processor.py:753} INFO - DAG(s) dict_keys(['example_kubernetes_executor']) retrieved from /home/airflow/.local/lib/python3.7/site-packages/airflow/example_dags/example_kubernetes_executor.py
[2022-12-27T11:32:10.842+0000] {logging_mixin.py:137} INFO - [2022-12-27T11:32:10.842+0000] {dag.py:2676} INFO - Sync 1 DAGs
[2022-12-27T11:32:10.897+0000] {logging_mixin.py:137} INFO - [2022-12-27T11:32:10.897+0000] {dag.py:3427} INFO - Setting next_dagrun for example_kubernetes_executor to None, run_after=None
[2022-12-27T11:32:11.025+0000] {processor.py:175} INFO - Processing /home/airflow/.local/lib/python3.7/site-packages/airflow/example_dags/example_kubernetes_executor.py took 0.355 seconds
[2022-12-27T11:32:41.568+0000] {processor.py:153} INFO - Started process (PID=1383) to work on /home/airflow/.local/lib/python3.7/site-packages/airflow/example_dags/example_kubernetes_executor.py
[2022-12-27T11:32:41.569+0000] {processor.py:743} INFO - Processing file /home/airflow/.local/lib/python3.7/site-packages/airflow/example_dags/example_kubernetes_executor.py for tasks to queue
[2022-12-27T11:32:41.570+0000] {logging_mixin.py:137} INFO - [2022-12-27T11:32:41.570+0000] {dagbag.py:538} INFO - Filling up the DagBag from /home/airflow/.local/lib/python3.7/site-packages/airflow/example_dags/example_kubernetes_executor.py
[2022-12-27T11:32:41.612+0000] {processor.py:753} INFO - DAG(s) dict_keys(['example_kubernetes_executor']) retrieved from /home/airflow/.local/lib/python3.7/site-packages/airflow/example_dags/example_kubernetes_executor.py
[2022-12-27T11:32:41.662+0000] {logging_mixin.py:137} INFO - [2022-12-27T11:32:41.662+0000] {dag.py:2676} INFO - Sync 1 DAGs
[2022-12-27T11:32:41.700+0000] {logging_mixin.py:137} INFO - [2022-12-27T11:32:41.700+0000] {dag.py:3427} INFO - Setting next_dagrun for example_kubernetes_executor to None, run_after=None
[2022-12-27T11:32:41.755+0000] {processor.py:175} INFO - Processing /home/airflow/.local/lib/python3.7/site-packages/airflow/example_dags/example_kubernetes_executor.py took 0.193 seconds
[2022-12-27T11:33:12.128+0000] {processor.py:153} INFO - Started process (PID=1445) to work on /home/airflow/.local/lib/python3.7/site-packages/airflow/example_dags/example_kubernetes_executor.py
[2022-12-27T11:33:12.130+0000] {processor.py:743} INFO - Processing file /home/airflow/.local/lib/python3.7/site-packages/airflow/example_dags/example_kubernetes_executor.py for tasks to queue
[2022-12-27T11:33:12.131+0000] {logging_mixin.py:137} INFO - [2022-12-27T11:33:12.131+0000] {dagbag.py:538} INFO - Filling up the DagBag from /home/airflow/.local/lib/python3.7/site-packages/airflow/example_dags/example_kubernetes_executor.py
[2022-12-27T11:33:12.164+0000] {processor.py:753} INFO - DAG(s) dict_keys(['example_kubernetes_executor']) retrieved from /home/airflow/.local/lib/python3.7/site-packages/airflow/example_dags/example_kubernetes_executor.py
[2022-12-27T11:33:12.211+0000] {logging_mixin.py:137} INFO - [2022-12-27T11:33:12.211+0000] {dag.py:2676} INFO - Sync 1 DAGs
[2022-12-27T11:33:12.240+0000] {logging_mixin.py:137} INFO - [2022-12-27T11:33:12.240+0000] {dag.py:3427} INFO - Setting next_dagrun for example_kubernetes_executor to None, run_after=None
[2022-12-27T11:33:12.343+0000] {processor.py:175} INFO - Processing /home/airflow/.local/lib/python3.7/site-packages/airflow/example_dags/example_kubernetes_executor.py took 0.220 seconds
[2022-12-27T11:33:43.151+0000] {processor.py:153} INFO - Started process (PID=1516) to work on /home/airflow/.local/lib/python3.7/site-packages/airflow/example_dags/example_kubernetes_executor.py
[2022-12-27T11:33:43.152+0000] {processor.py:743} INFO - Processing file /home/airflow/.local/lib/python3.7/site-packages/airflow/example_dags/example_kubernetes_executor.py for tasks to queue
[2022-12-27T11:33:43.153+0000] {logging_mixin.py:137} INFO - [2022-12-27T11:33:43.153+0000] {dagbag.py:538} INFO - Filling up the DagBag from /home/airflow/.local/lib/python3.7/site-packages/airflow/example_dags/example_kubernetes_executor.py
[2022-12-27T11:33:43.192+0000] {processor.py:753} INFO - DAG(s) dict_keys(['example_kubernetes_executor']) retrieved from /home/airflow/.local/lib/python3.7/site-packages/airflow/example_dags/example_kubernetes_executor.py
[2022-12-27T11:33:43.260+0000] {logging_mixin.py:137} INFO - [2022-12-27T11:33:43.259+0000] {dag.py:2676} INFO - Sync 1 DAGs
[2022-12-27T11:33:43.301+0000] {logging_mixin.py:137} INFO - [2022-12-27T11:33:43.301+0000] {dag.py:3427} INFO - Setting next_dagrun for example_kubernetes_executor to None, run_after=None
[2022-12-27T11:33:43.358+0000] {processor.py:175} INFO - Processing /home/airflow/.local/lib/python3.7/site-packages/airflow/example_dags/example_kubernetes_executor.py took 0.211 seconds
[2022-12-27T11:34:13.526+0000] {processor.py:153} INFO - Started process (PID=1581) to work on /home/airflow/.local/lib/python3.7/site-packages/airflow/example_dags/example_kubernetes_executor.py
[2022-12-27T11:34:13.527+0000] {processor.py:743} INFO - Processing file /home/airflow/.local/lib/python3.7/site-packages/airflow/example_dags/example_kubernetes_executor.py for tasks to queue
[2022-12-27T11:34:13.528+0000] {logging_mixin.py:137} INFO - [2022-12-27T11:34:13.528+0000] {dagbag.py:538} INFO - Filling up the DagBag from /home/airflow/.local/lib/python3.7/site-packages/airflow/example_dags/example_kubernetes_executor.py
[2022-12-27T11:34:13.589+0000] {processor.py:753} INFO - DAG(s) dict_keys(['example_kubernetes_executor']) retrieved from /home/airflow/.local/lib/python3.7/site-packages/airflow/example_dags/example_kubernetes_executor.py
[2022-12-27T11:34:13.678+0000] {logging_mixin.py:137} INFO - [2022-12-27T11:34:13.678+0000] {dag.py:2676} INFO - Sync 1 DAGs
[2022-12-27T11:34:13.735+0000] {logging_mixin.py:137} INFO - [2022-12-27T11:34:13.734+0000] {dag.py:3427} INFO - Setting next_dagrun for example_kubernetes_executor to None, run_after=None
[2022-12-27T11:34:13.823+0000] {processor.py:175} INFO - Processing /home/airflow/.local/lib/python3.7/site-packages/airflow/example_dags/example_kubernetes_executor.py took 0.301 seconds
[2022-12-27T11:34:43.951+0000] {processor.py:153} INFO - Started process (PID=1643) to work on /home/airflow/.local/lib/python3.7/site-packages/airflow/example_dags/example_kubernetes_executor.py
[2022-12-27T11:34:43.952+0000] {processor.py:743} INFO - Processing file /home/airflow/.local/lib/python3.7/site-packages/airflow/example_dags/example_kubernetes_executor.py for tasks to queue
[2022-12-27T11:34:43.953+0000] {logging_mixin.py:137} INFO - [2022-12-27T11:34:43.953+0000] {dagbag.py:538} INFO - Filling up the DagBag from /home/airflow/.local/lib/python3.7/site-packages/airflow/example_dags/example_kubernetes_executor.py
[2022-12-27T11:34:43.985+0000] {processor.py:753} INFO - DAG(s) dict_keys(['example_kubernetes_executor']) retrieved from /home/airflow/.local/lib/python3.7/site-packages/airflow/example_dags/example_kubernetes_executor.py
[2022-12-27T11:34:44.036+0000] {logging_mixin.py:137} INFO - [2022-12-27T11:34:44.036+0000] {dag.py:2676} INFO - Sync 1 DAGs
[2022-12-27T11:34:44.065+0000] {logging_mixin.py:137} INFO - [2022-12-27T11:34:44.065+0000] {dag.py:3427} INFO - Setting next_dagrun for example_kubernetes_executor to None, run_after=None
[2022-12-27T11:34:44.113+0000] {processor.py:175} INFO - Processing /home/airflow/.local/lib/python3.7/site-packages/airflow/example_dags/example_kubernetes_executor.py took 0.167 seconds
[2022-12-27T11:35:14.954+0000] {processor.py:153} INFO - Started process (PID=1714) to work on /home/airflow/.local/lib/python3.7/site-packages/airflow/example_dags/example_kubernetes_executor.py
[2022-12-27T11:35:14.956+0000] {processor.py:743} INFO - Processing file /home/airflow/.local/lib/python3.7/site-packages/airflow/example_dags/example_kubernetes_executor.py for tasks to queue
[2022-12-27T11:35:14.957+0000] {logging_mixin.py:137} INFO - [2022-12-27T11:35:14.957+0000] {dagbag.py:538} INFO - Filling up the DagBag from /home/airflow/.local/lib/python3.7/site-packages/airflow/example_dags/example_kubernetes_executor.py
[2022-12-27T11:35:15.002+0000] {processor.py:753} INFO - DAG(s) dict_keys(['example_kubernetes_executor']) retrieved from /home/airflow/.local/lib/python3.7/site-packages/airflow/example_dags/example_kubernetes_executor.py
[2022-12-27T11:35:15.053+0000] {logging_mixin.py:137} INFO - [2022-12-27T11:35:15.053+0000] {dag.py:2676} INFO - Sync 1 DAGs
[2022-12-27T11:35:15.086+0000] {logging_mixin.py:137} INFO - [2022-12-27T11:35:15.086+0000] {dag.py:3427} INFO - Setting next_dagrun for example_kubernetes_executor to None, run_after=None
[2022-12-27T11:35:15.140+0000] {processor.py:175} INFO - Processing /home/airflow/.local/lib/python3.7/site-packages/airflow/example_dags/example_kubernetes_executor.py took 0.191 seconds
[2022-12-27T11:35:45.846+0000] {processor.py:153} INFO - Started process (PID=1780) to work on /home/airflow/.local/lib/python3.7/site-packages/airflow/example_dags/example_kubernetes_executor.py
[2022-12-27T11:35:45.848+0000] {processor.py:743} INFO - Processing file /home/airflow/.local/lib/python3.7/site-packages/airflow/example_dags/example_kubernetes_executor.py for tasks to queue
[2022-12-27T11:35:45.848+0000] {logging_mixin.py:137} INFO - [2022-12-27T11:35:45.848+0000] {dagbag.py:538} INFO - Filling up the DagBag from /home/airflow/.local/lib/python3.7/site-packages/airflow/example_dags/example_kubernetes_executor.py
[2022-12-27T11:35:45.886+0000] {processor.py:753} INFO - DAG(s) dict_keys(['example_kubernetes_executor']) retrieved from /home/airflow/.local/lib/python3.7/site-packages/airflow/example_dags/example_kubernetes_executor.py
[2022-12-27T11:35:45.941+0000] {logging_mixin.py:137} INFO - [2022-12-27T11:35:45.941+0000] {dag.py:2676} INFO - Sync 1 DAGs
[2022-12-27T11:35:45.973+0000] {logging_mixin.py:137} INFO - [2022-12-27T11:35:45.972+0000] {dag.py:3427} INFO - Setting next_dagrun for example_kubernetes_executor to None, run_after=None
[2022-12-27T11:35:46.031+0000] {processor.py:175} INFO - Processing /home/airflow/.local/lib/python3.7/site-packages/airflow/example_dags/example_kubernetes_executor.py took 0.188 seconds
[2022-12-27T11:36:16.561+0000] {processor.py:153} INFO - Started process (PID=1843) to work on /home/airflow/.local/lib/python3.7/site-packages/airflow/example_dags/example_kubernetes_executor.py
[2022-12-27T11:36:16.562+0000] {processor.py:743} INFO - Processing file /home/airflow/.local/lib/python3.7/site-packages/airflow/example_dags/example_kubernetes_executor.py for tasks to queue
[2022-12-27T11:36:16.564+0000] {logging_mixin.py:137} INFO - [2022-12-27T11:36:16.563+0000] {dagbag.py:538} INFO - Filling up the DagBag from /home/airflow/.local/lib/python3.7/site-packages/airflow/example_dags/example_kubernetes_executor.py
[2022-12-27T11:36:16.609+0000] {processor.py:753} INFO - DAG(s) dict_keys(['example_kubernetes_executor']) retrieved from /home/airflow/.local/lib/python3.7/site-packages/airflow/example_dags/example_kubernetes_executor.py
[2022-12-27T11:36:16.669+0000] {logging_mixin.py:137} INFO - [2022-12-27T11:36:16.669+0000] {dag.py:2676} INFO - Sync 1 DAGs
[2022-12-27T11:36:16.714+0000] {logging_mixin.py:137} INFO - [2022-12-27T11:36:16.714+0000] {dag.py:3427} INFO - Setting next_dagrun for example_kubernetes_executor to None, run_after=None
[2022-12-27T11:36:16.771+0000] {processor.py:175} INFO - Processing /home/airflow/.local/lib/python3.7/site-packages/airflow/example_dags/example_kubernetes_executor.py took 0.216 seconds
[2022-12-27T11:36:47.140+0000] {processor.py:153} INFO - Started process (PID=1905) to work on /home/airflow/.local/lib/python3.7/site-packages/airflow/example_dags/example_kubernetes_executor.py
[2022-12-27T11:36:47.141+0000] {processor.py:743} INFO - Processing file /home/airflow/.local/lib/python3.7/site-packages/airflow/example_dags/example_kubernetes_executor.py for tasks to queue
[2022-12-27T11:36:47.142+0000] {logging_mixin.py:137} INFO - [2022-12-27T11:36:47.142+0000] {dagbag.py:538} INFO - Filling up the DagBag from /home/airflow/.local/lib/python3.7/site-packages/airflow/example_dags/example_kubernetes_executor.py
[2022-12-27T11:36:47.172+0000] {processor.py:753} INFO - DAG(s) dict_keys(['example_kubernetes_executor']) retrieved from /home/airflow/.local/lib/python3.7/site-packages/airflow/example_dags/example_kubernetes_executor.py
[2022-12-27T11:36:47.220+0000] {logging_mixin.py:137} INFO - [2022-12-27T11:36:47.220+0000] {dag.py:2676} INFO - Sync 1 DAGs
[2022-12-27T11:36:47.249+0000] {logging_mixin.py:137} INFO - [2022-12-27T11:36:47.249+0000] {dag.py:3427} INFO - Setting next_dagrun for example_kubernetes_executor to None, run_after=None
[2022-12-27T11:36:47.302+0000] {processor.py:175} INFO - Processing /home/airflow/.local/lib/python3.7/site-packages/airflow/example_dags/example_kubernetes_executor.py took 0.165 seconds
[2022-12-27T11:37:18.046+0000] {processor.py:153} INFO - Started process (PID=1968) to work on /home/airflow/.local/lib/python3.7/site-packages/airflow/example_dags/example_kubernetes_executor.py
[2022-12-27T11:37:18.047+0000] {processor.py:743} INFO - Processing file /home/airflow/.local/lib/python3.7/site-packages/airflow/example_dags/example_kubernetes_executor.py for tasks to queue
[2022-12-27T11:37:18.048+0000] {logging_mixin.py:137} INFO - [2022-12-27T11:37:18.048+0000] {dagbag.py:538} INFO - Filling up the DagBag from /home/airflow/.local/lib/python3.7/site-packages/airflow/example_dags/example_kubernetes_executor.py
[2022-12-27T11:37:18.080+0000] {processor.py:753} INFO - DAG(s) dict_keys(['example_kubernetes_executor']) retrieved from /home/airflow/.local/lib/python3.7/site-packages/airflow/example_dags/example_kubernetes_executor.py
[2022-12-27T11:37:18.126+0000] {logging_mixin.py:137} INFO - [2022-12-27T11:37:18.125+0000] {dag.py:2676} INFO - Sync 1 DAGs
[2022-12-27T11:37:18.151+0000] {logging_mixin.py:137} INFO - [2022-12-27T11:37:18.151+0000] {dag.py:3427} INFO - Setting next_dagrun for example_kubernetes_executor to None, run_after=None
[2022-12-27T11:37:18.201+0000] {processor.py:175} INFO - Processing /home/airflow/.local/lib/python3.7/site-packages/airflow/example_dags/example_kubernetes_executor.py took 0.159 seconds
[2022-12-27T11:37:49.019+0000] {processor.py:153} INFO - Started process (PID=2043) to work on /home/airflow/.local/lib/python3.7/site-packages/airflow/example_dags/example_kubernetes_executor.py
[2022-12-27T11:37:49.020+0000] {processor.py:743} INFO - Processing file /home/airflow/.local/lib/python3.7/site-packages/airflow/example_dags/example_kubernetes_executor.py for tasks to queue
[2022-12-27T11:37:49.021+0000] {logging_mixin.py:137} INFO - [2022-12-27T11:37:49.021+0000] {dagbag.py:538} INFO - Filling up the DagBag from /home/airflow/.local/lib/python3.7/site-packages/airflow/example_dags/example_kubernetes_executor.py
[2022-12-27T11:37:49.064+0000] {processor.py:753} INFO - DAG(s) dict_keys(['example_kubernetes_executor']) retrieved from /home/airflow/.local/lib/python3.7/site-packages/airflow/example_dags/example_kubernetes_executor.py
[2022-12-27T11:37:49.130+0000] {logging_mixin.py:137} INFO - [2022-12-27T11:37:49.130+0000] {dag.py:2676} INFO - Sync 1 DAGs
[2022-12-27T11:37:49.165+0000] {logging_mixin.py:137} INFO - [2022-12-27T11:37:49.164+0000] {dag.py:3427} INFO - Setting next_dagrun for example_kubernetes_executor to None, run_after=None
[2022-12-27T11:37:49.259+0000] {processor.py:175} INFO - Processing /home/airflow/.local/lib/python3.7/site-packages/airflow/example_dags/example_kubernetes_executor.py took 0.245 seconds
[2022-12-27T11:38:20.156+0000] {processor.py:153} INFO - Started process (PID=2106) to work on /home/airflow/.local/lib/python3.7/site-packages/airflow/example_dags/example_kubernetes_executor.py
[2022-12-27T11:38:20.157+0000] {processor.py:743} INFO - Processing file /home/airflow/.local/lib/python3.7/site-packages/airflow/example_dags/example_kubernetes_executor.py for tasks to queue
[2022-12-27T11:38:20.158+0000] {logging_mixin.py:137} INFO - [2022-12-27T11:38:20.158+0000] {dagbag.py:538} INFO - Filling up the DagBag from /home/airflow/.local/lib/python3.7/site-packages/airflow/example_dags/example_kubernetes_executor.py
[2022-12-27T11:38:20.195+0000] {processor.py:753} INFO - DAG(s) dict_keys(['example_kubernetes_executor']) retrieved from /home/airflow/.local/lib/python3.7/site-packages/airflow/example_dags/example_kubernetes_executor.py
[2022-12-27T11:38:20.253+0000] {logging_mixin.py:137} INFO - [2022-12-27T11:38:20.253+0000] {dag.py:2676} INFO - Sync 1 DAGs
[2022-12-27T11:38:20.289+0000] {logging_mixin.py:137} INFO - [2022-12-27T11:38:20.289+0000] {dag.py:3427} INFO - Setting next_dagrun for example_kubernetes_executor to None, run_after=None
[2022-12-27T11:38:20.341+0000] {processor.py:175} INFO - Processing /home/airflow/.local/lib/python3.7/site-packages/airflow/example_dags/example_kubernetes_executor.py took 0.191 seconds
[2022-12-27T11:38:50.644+0000] {processor.py:153} INFO - Started process (PID=2168) to work on /home/airflow/.local/lib/python3.7/site-packages/airflow/example_dags/example_kubernetes_executor.py
[2022-12-27T11:38:50.645+0000] {processor.py:743} INFO - Processing file /home/airflow/.local/lib/python3.7/site-packages/airflow/example_dags/example_kubernetes_executor.py for tasks to queue
[2022-12-27T11:38:50.646+0000] {logging_mixin.py:137} INFO - [2022-12-27T11:38:50.646+0000] {dagbag.py:538} INFO - Filling up the DagBag from /home/airflow/.local/lib/python3.7/site-packages/airflow/example_dags/example_kubernetes_executor.py
[2022-12-27T11:38:50.679+0000] {processor.py:753} INFO - DAG(s) dict_keys(['example_kubernetes_executor']) retrieved from /home/airflow/.local/lib/python3.7/site-packages/airflow/example_dags/example_kubernetes_executor.py
[2022-12-27T11:38:50.724+0000] {logging_mixin.py:137} INFO - [2022-12-27T11:38:50.724+0000] {dag.py:2676} INFO - Sync 1 DAGs
[2022-12-27T11:38:50.756+0000] {logging_mixin.py:137} INFO - [2022-12-27T11:38:50.756+0000] {dag.py:3427} INFO - Setting next_dagrun for example_kubernetes_executor to None, run_after=None
[2022-12-27T11:38:50.805+0000] {processor.py:175} INFO - Processing /home/airflow/.local/lib/python3.7/site-packages/airflow/example_dags/example_kubernetes_executor.py took 0.166 seconds
[2022-12-27T11:39:21.263+0000] {processor.py:153} INFO - Started process (PID=2241) to work on /home/airflow/.local/lib/python3.7/site-packages/airflow/example_dags/example_kubernetes_executor.py
[2022-12-27T11:39:21.265+0000] {processor.py:743} INFO - Processing file /home/airflow/.local/lib/python3.7/site-packages/airflow/example_dags/example_kubernetes_executor.py for tasks to queue
[2022-12-27T11:39:21.266+0000] {logging_mixin.py:137} INFO - [2022-12-27T11:39:21.266+0000] {dagbag.py:538} INFO - Filling up the DagBag from /home/airflow/.local/lib/python3.7/site-packages/airflow/example_dags/example_kubernetes_executor.py
[2022-12-27T11:39:21.301+0000] {processor.py:753} INFO - DAG(s) dict_keys(['example_kubernetes_executor']) retrieved from /home/airflow/.local/lib/python3.7/site-packages/airflow/example_dags/example_kubernetes_executor.py
[2022-12-27T11:39:21.349+0000] {logging_mixin.py:137} INFO - [2022-12-27T11:39:21.349+0000] {dag.py:2676} INFO - Sync 1 DAGs
[2022-12-27T11:39:21.380+0000] {logging_mixin.py:137} INFO - [2022-12-27T11:39:21.380+0000] {dag.py:3427} INFO - Setting next_dagrun for example_kubernetes_executor to None, run_after=None
[2022-12-27T11:39:21.424+0000] {processor.py:175} INFO - Processing /home/airflow/.local/lib/python3.7/site-packages/airflow/example_dags/example_kubernetes_executor.py took 0.166 seconds
[2022-12-27T11:39:51.844+0000] {processor.py:153} INFO - Started process (PID=2303) to work on /home/airflow/.local/lib/python3.7/site-packages/airflow/example_dags/example_kubernetes_executor.py
[2022-12-27T11:39:51.846+0000] {processor.py:743} INFO - Processing file /home/airflow/.local/lib/python3.7/site-packages/airflow/example_dags/example_kubernetes_executor.py for tasks to queue
[2022-12-27T11:39:51.847+0000] {logging_mixin.py:137} INFO - [2022-12-27T11:39:51.847+0000] {dagbag.py:538} INFO - Filling up the DagBag from /home/airflow/.local/lib/python3.7/site-packages/airflow/example_dags/example_kubernetes_executor.py
[2022-12-27T11:39:51.913+0000] {processor.py:753} INFO - DAG(s) dict_keys(['example_kubernetes_executor']) retrieved from /home/airflow/.local/lib/python3.7/site-packages/airflow/example_dags/example_kubernetes_executor.py
[2022-12-27T11:39:52.019+0000] {logging_mixin.py:137} INFO - [2022-12-27T11:39:52.019+0000] {dag.py:2676} INFO - Sync 1 DAGs
[2022-12-27T11:39:52.076+0000] {logging_mixin.py:137} INFO - [2022-12-27T11:39:52.075+0000] {dag.py:3427} INFO - Setting next_dagrun for example_kubernetes_executor to None, run_after=None
[2022-12-27T11:39:52.149+0000] {processor.py:175} INFO - Processing /home/airflow/.local/lib/python3.7/site-packages/airflow/example_dags/example_kubernetes_executor.py took 0.313 seconds
[2022-12-27T11:40:22.569+0000] {processor.py:153} INFO - Started process (PID=2365) to work on /home/airflow/.local/lib/python3.7/site-packages/airflow/example_dags/example_kubernetes_executor.py
[2022-12-27T11:40:22.570+0000] {processor.py:743} INFO - Processing file /home/airflow/.local/lib/python3.7/site-packages/airflow/example_dags/example_kubernetes_executor.py for tasks to queue
[2022-12-27T11:40:22.571+0000] {logging_mixin.py:137} INFO - [2022-12-27T11:40:22.571+0000] {dagbag.py:538} INFO - Filling up the DagBag from /home/airflow/.local/lib/python3.7/site-packages/airflow/example_dags/example_kubernetes_executor.py
[2022-12-27T11:40:22.615+0000] {processor.py:753} INFO - DAG(s) dict_keys(['example_kubernetes_executor']) retrieved from /home/airflow/.local/lib/python3.7/site-packages/airflow/example_dags/example_kubernetes_executor.py
[2022-12-27T11:40:22.684+0000] {logging_mixin.py:137} INFO - [2022-12-27T11:40:22.684+0000] {dag.py:2676} INFO - Sync 1 DAGs
[2022-12-27T11:40:22.731+0000] {logging_mixin.py:137} INFO - [2022-12-27T11:40:22.730+0000] {dag.py:3427} INFO - Setting next_dagrun for example_kubernetes_executor to None, run_after=None
[2022-12-27T11:40:23.011+0000] {processor.py:175} INFO - Processing /home/airflow/.local/lib/python3.7/site-packages/airflow/example_dags/example_kubernetes_executor.py took 0.446 seconds
[2022-12-27T11:40:53.291+0000] {processor.py:153} INFO - Started process (PID=2427) to work on /home/airflow/.local/lib/python3.7/site-packages/airflow/example_dags/example_kubernetes_executor.py
[2022-12-27T11:40:53.292+0000] {processor.py:743} INFO - Processing file /home/airflow/.local/lib/python3.7/site-packages/airflow/example_dags/example_kubernetes_executor.py for tasks to queue
[2022-12-27T11:40:53.294+0000] {logging_mixin.py:137} INFO - [2022-12-27T11:40:53.294+0000] {dagbag.py:538} INFO - Filling up the DagBag from /home/airflow/.local/lib/python3.7/site-packages/airflow/example_dags/example_kubernetes_executor.py
[2022-12-27T11:40:53.328+0000] {processor.py:753} INFO - DAG(s) dict_keys(['example_kubernetes_executor']) retrieved from /home/airflow/.local/lib/python3.7/site-packages/airflow/example_dags/example_kubernetes_executor.py
[2022-12-27T11:40:53.355+0000] {logging_mixin.py:137} INFO - [2022-12-27T11:40:53.355+0000] {dag.py:2676} INFO - Sync 1 DAGs
[2022-12-27T11:40:53.385+0000] {logging_mixin.py:137} INFO - [2022-12-27T11:40:53.385+0000] {dag.py:3427} INFO - Setting next_dagrun for example_kubernetes_executor to None, run_after=None
[2022-12-27T11:40:53.458+0000] {processor.py:175} INFO - Processing /home/airflow/.local/lib/python3.7/site-packages/airflow/example_dags/example_kubernetes_executor.py took 0.171 seconds
[2022-12-27T11:41:23.653+0000] {processor.py:153} INFO - Started process (PID=2488) to work on /home/airflow/.local/lib/python3.7/site-packages/airflow/example_dags/example_kubernetes_executor.py
[2022-12-27T11:41:23.655+0000] {processor.py:743} INFO - Processing file /home/airflow/.local/lib/python3.7/site-packages/airflow/example_dags/example_kubernetes_executor.py for tasks to queue
[2022-12-27T11:41:23.656+0000] {logging_mixin.py:137} INFO - [2022-12-27T11:41:23.656+0000] {dagbag.py:538} INFO - Filling up the DagBag from /home/airflow/.local/lib/python3.7/site-packages/airflow/example_dags/example_kubernetes_executor.py
[2022-12-27T11:41:23.699+0000] {processor.py:753} INFO - DAG(s) dict_keys(['example_kubernetes_executor']) retrieved from /home/airflow/.local/lib/python3.7/site-packages/airflow/example_dags/example_kubernetes_executor.py
[2022-12-27T11:41:23.762+0000] {logging_mixin.py:137} INFO - [2022-12-27T11:41:23.762+0000] {dag.py:2676} INFO - Sync 1 DAGs
[2022-12-27T11:41:23.801+0000] {logging_mixin.py:137} INFO - [2022-12-27T11:41:23.800+0000] {dag.py:3427} INFO - Setting next_dagrun for example_kubernetes_executor to None, run_after=None
[2022-12-27T11:41:23.860+0000] {processor.py:175} INFO - Processing /home/airflow/.local/lib/python3.7/site-packages/airflow/example_dags/example_kubernetes_executor.py took 0.212 seconds
[2022-12-27T11:41:54.893+0000] {processor.py:153} INFO - Started process (PID=2561) to work on /home/airflow/.local/lib/python3.7/site-packages/airflow/example_dags/example_kubernetes_executor.py
[2022-12-27T11:41:54.895+0000] {processor.py:743} INFO - Processing file /home/airflow/.local/lib/python3.7/site-packages/airflow/example_dags/example_kubernetes_executor.py for tasks to queue
[2022-12-27T11:41:54.897+0000] {logging_mixin.py:137} INFO - [2022-12-27T11:41:54.896+0000] {dagbag.py:538} INFO - Filling up the DagBag from /home/airflow/.local/lib/python3.7/site-packages/airflow/example_dags/example_kubernetes_executor.py
[2022-12-27T11:41:54.963+0000] {processor.py:753} INFO - DAG(s) dict_keys(['example_kubernetes_executor']) retrieved from /home/airflow/.local/lib/python3.7/site-packages/airflow/example_dags/example_kubernetes_executor.py
[2022-12-27T11:41:55.063+0000] {logging_mixin.py:137} INFO - [2022-12-27T11:41:55.062+0000] {dag.py:2676} INFO - Sync 1 DAGs
[2022-12-27T11:41:55.122+0000] {logging_mixin.py:137} INFO - [2022-12-27T11:41:55.122+0000] {dag.py:3427} INFO - Setting next_dagrun for example_kubernetes_executor to None, run_after=None
[2022-12-27T11:41:55.203+0000] {processor.py:175} INFO - Processing /home/airflow/.local/lib/python3.7/site-packages/airflow/example_dags/example_kubernetes_executor.py took 0.319 seconds
