[2022-12-27T11:22:34.595+0000] {processor.py:153} INFO - Started process (PID=89) to work on /home/airflow/.local/lib/python3.7/site-packages/airflow/example_dags/example_nested_branch_dag.py
[2022-12-27T11:22:34.596+0000] {processor.py:743} INFO - Processing file /home/airflow/.local/lib/python3.7/site-packages/airflow/example_dags/example_nested_branch_dag.py for tasks to queue
[2022-12-27T11:22:34.597+0000] {logging_mixin.py:137} INFO - [2022-12-27T11:22:34.597+0000] {dagbag.py:538} INFO - Filling up the DagBag from /home/airflow/.local/lib/python3.7/site-packages/airflow/example_dags/example_nested_branch_dag.py
[2022-12-27T11:22:34.635+0000] {processor.py:753} INFO - DAG(s) dict_keys(['example_nested_branch_dag']) retrieved from /home/airflow/.local/lib/python3.7/site-packages/airflow/example_dags/example_nested_branch_dag.py
[2022-12-27T11:22:34.675+0000] {logging_mixin.py:137} INFO - [2022-12-27T11:22:34.675+0000] {dag.py:2676} INFO - Sync 1 DAGs
[2022-12-27T11:22:34.709+0000] {logging_mixin.py:137} INFO - [2022-12-27T11:22:34.709+0000] {dag.py:3427} INFO - Setting next_dagrun for example_nested_branch_dag to 2022-12-26T00:00:00+00:00, run_after=2022-12-27T00:00:00+00:00
[2022-12-27T11:22:35.173+0000] {processor.py:175} INFO - Processing /home/airflow/.local/lib/python3.7/site-packages/airflow/example_dags/example_nested_branch_dag.py took 0.583 seconds
[2022-12-27T11:23:05.735+0000] {processor.py:153} INFO - Started process (PID=154) to work on /home/airflow/.local/lib/python3.7/site-packages/airflow/example_dags/example_nested_branch_dag.py
[2022-12-27T11:23:05.737+0000] {processor.py:743} INFO - Processing file /home/airflow/.local/lib/python3.7/site-packages/airflow/example_dags/example_nested_branch_dag.py for tasks to queue
[2022-12-27T11:23:05.738+0000] {logging_mixin.py:137} INFO - [2022-12-27T11:23:05.738+0000] {dagbag.py:538} INFO - Filling up the DagBag from /home/airflow/.local/lib/python3.7/site-packages/airflow/example_dags/example_nested_branch_dag.py
[2022-12-27T11:23:05.801+0000] {processor.py:753} INFO - DAG(s) dict_keys(['example_nested_branch_dag']) retrieved from /home/airflow/.local/lib/python3.7/site-packages/airflow/example_dags/example_nested_branch_dag.py
[2022-12-27T11:23:05.898+0000] {logging_mixin.py:137} INFO - [2022-12-27T11:23:05.898+0000] {dag.py:2676} INFO - Sync 1 DAGs
[2022-12-27T11:23:05.960+0000] {logging_mixin.py:137} INFO - [2022-12-27T11:23:05.959+0000] {dag.py:3427} INFO - Setting next_dagrun for example_nested_branch_dag to 2022-12-26T00:00:00+00:00, run_after=2022-12-27T00:00:00+00:00
[2022-12-27T11:23:06.032+0000] {processor.py:175} INFO - Processing /home/airflow/.local/lib/python3.7/site-packages/airflow/example_dags/example_nested_branch_dag.py took 0.305 seconds
[2022-12-27T11:23:36.102+0000] {processor.py:153} INFO - Started process (PID=217) to work on /home/airflow/.local/lib/python3.7/site-packages/airflow/example_dags/example_nested_branch_dag.py
[2022-12-27T11:23:36.103+0000] {processor.py:743} INFO - Processing file /home/airflow/.local/lib/python3.7/site-packages/airflow/example_dags/example_nested_branch_dag.py for tasks to queue
[2022-12-27T11:23:36.104+0000] {logging_mixin.py:137} INFO - [2022-12-27T11:23:36.104+0000] {dagbag.py:538} INFO - Filling up the DagBag from /home/airflow/.local/lib/python3.7/site-packages/airflow/example_dags/example_nested_branch_dag.py
[2022-12-27T11:23:36.130+0000] {processor.py:753} INFO - DAG(s) dict_keys(['example_nested_branch_dag']) retrieved from /home/airflow/.local/lib/python3.7/site-packages/airflow/example_dags/example_nested_branch_dag.py
[2022-12-27T11:23:36.171+0000] {logging_mixin.py:137} INFO - [2022-12-27T11:23:36.171+0000] {dag.py:2676} INFO - Sync 1 DAGs
[2022-12-27T11:23:36.199+0000] {logging_mixin.py:137} INFO - [2022-12-27T11:23:36.199+0000] {dag.py:3427} INFO - Setting next_dagrun for example_nested_branch_dag to 2022-12-26T00:00:00+00:00, run_after=2022-12-27T00:00:00+00:00
[2022-12-27T11:23:36.240+0000] {processor.py:175} INFO - Processing /home/airflow/.local/lib/python3.7/site-packages/airflow/example_dags/example_nested_branch_dag.py took 0.141 seconds
[2022-12-27T11:24:06.497+0000] {processor.py:153} INFO - Started process (PID=280) to work on /home/airflow/.local/lib/python3.7/site-packages/airflow/example_dags/example_nested_branch_dag.py
[2022-12-27T11:24:06.499+0000] {processor.py:743} INFO - Processing file /home/airflow/.local/lib/python3.7/site-packages/airflow/example_dags/example_nested_branch_dag.py for tasks to queue
[2022-12-27T11:24:06.500+0000] {logging_mixin.py:137} INFO - [2022-12-27T11:24:06.499+0000] {dagbag.py:538} INFO - Filling up the DagBag from /home/airflow/.local/lib/python3.7/site-packages/airflow/example_dags/example_nested_branch_dag.py
[2022-12-27T11:24:06.531+0000] {processor.py:753} INFO - DAG(s) dict_keys(['example_nested_branch_dag']) retrieved from /home/airflow/.local/lib/python3.7/site-packages/airflow/example_dags/example_nested_branch_dag.py
[2022-12-27T11:24:06.578+0000] {logging_mixin.py:137} INFO - [2022-12-27T11:24:06.578+0000] {dag.py:2676} INFO - Sync 1 DAGs
[2022-12-27T11:24:06.610+0000] {logging_mixin.py:137} INFO - [2022-12-27T11:24:06.610+0000] {dag.py:3427} INFO - Setting next_dagrun for example_nested_branch_dag to 2022-12-26T00:00:00+00:00, run_after=2022-12-27T00:00:00+00:00
[2022-12-27T11:24:06.661+0000] {processor.py:175} INFO - Processing /home/airflow/.local/lib/python3.7/site-packages/airflow/example_dags/example_nested_branch_dag.py took 0.170 seconds
[2022-12-27T11:24:38.066+0000] {processor.py:153} INFO - Started process (PID=353) to work on /home/airflow/.local/lib/python3.7/site-packages/airflow/example_dags/example_nested_branch_dag.py
[2022-12-27T11:24:38.068+0000] {processor.py:743} INFO - Processing file /home/airflow/.local/lib/python3.7/site-packages/airflow/example_dags/example_nested_branch_dag.py for tasks to queue
[2022-12-27T11:24:38.070+0000] {logging_mixin.py:137} INFO - [2022-12-27T11:24:38.070+0000] {dagbag.py:538} INFO - Filling up the DagBag from /home/airflow/.local/lib/python3.7/site-packages/airflow/example_dags/example_nested_branch_dag.py
[2022-12-27T11:24:38.129+0000] {processor.py:753} INFO - DAG(s) dict_keys(['example_nested_branch_dag']) retrieved from /home/airflow/.local/lib/python3.7/site-packages/airflow/example_dags/example_nested_branch_dag.py
[2022-12-27T11:24:38.211+0000] {logging_mixin.py:137} INFO - [2022-12-27T11:24:38.211+0000] {dag.py:2676} INFO - Sync 1 DAGs
[2022-12-27T11:24:38.253+0000] {logging_mixin.py:137} INFO - [2022-12-27T11:24:38.253+0000] {dag.py:3427} INFO - Setting next_dagrun for example_nested_branch_dag to 2022-12-26T00:00:00+00:00, run_after=2022-12-27T00:00:00+00:00
[2022-12-27T11:24:38.329+0000] {processor.py:175} INFO - Processing /home/airflow/.local/lib/python3.7/site-packages/airflow/example_dags/example_nested_branch_dag.py took 0.271 seconds
[2022-12-27T11:25:08.878+0000] {processor.py:153} INFO - Started process (PID=418) to work on /home/airflow/.local/lib/python3.7/site-packages/airflow/example_dags/example_nested_branch_dag.py
[2022-12-27T11:25:08.880+0000] {processor.py:743} INFO - Processing file /home/airflow/.local/lib/python3.7/site-packages/airflow/example_dags/example_nested_branch_dag.py for tasks to queue
[2022-12-27T11:25:08.880+0000] {logging_mixin.py:137} INFO - [2022-12-27T11:25:08.880+0000] {dagbag.py:538} INFO - Filling up the DagBag from /home/airflow/.local/lib/python3.7/site-packages/airflow/example_dags/example_nested_branch_dag.py
[2022-12-27T11:25:08.912+0000] {processor.py:753} INFO - DAG(s) dict_keys(['example_nested_branch_dag']) retrieved from /home/airflow/.local/lib/python3.7/site-packages/airflow/example_dags/example_nested_branch_dag.py
[2022-12-27T11:25:08.962+0000] {logging_mixin.py:137} INFO - [2022-12-27T11:25:08.962+0000] {dag.py:2676} INFO - Sync 1 DAGs
[2022-12-27T11:25:08.990+0000] {logging_mixin.py:137} INFO - [2022-12-27T11:25:08.990+0000] {dag.py:3427} INFO - Setting next_dagrun for example_nested_branch_dag to 2022-12-26T00:00:00+00:00, run_after=2022-12-27T00:00:00+00:00
[2022-12-27T11:25:09.102+0000] {processor.py:175} INFO - Processing /home/airflow/.local/lib/python3.7/site-packages/airflow/example_dags/example_nested_branch_dag.py took 0.228 seconds
[2022-12-27T11:25:39.240+0000] {processor.py:153} INFO - Started process (PID=480) to work on /home/airflow/.local/lib/python3.7/site-packages/airflow/example_dags/example_nested_branch_dag.py
[2022-12-27T11:25:39.242+0000] {processor.py:743} INFO - Processing file /home/airflow/.local/lib/python3.7/site-packages/airflow/example_dags/example_nested_branch_dag.py for tasks to queue
[2022-12-27T11:25:39.243+0000] {logging_mixin.py:137} INFO - [2022-12-27T11:25:39.243+0000] {dagbag.py:538} INFO - Filling up the DagBag from /home/airflow/.local/lib/python3.7/site-packages/airflow/example_dags/example_nested_branch_dag.py
[2022-12-27T11:25:39.286+0000] {processor.py:753} INFO - DAG(s) dict_keys(['example_nested_branch_dag']) retrieved from /home/airflow/.local/lib/python3.7/site-packages/airflow/example_dags/example_nested_branch_dag.py
[2022-12-27T11:25:39.345+0000] {logging_mixin.py:137} INFO - [2022-12-27T11:25:39.345+0000] {dag.py:2676} INFO - Sync 1 DAGs
[2022-12-27T11:25:39.379+0000] {logging_mixin.py:137} INFO - [2022-12-27T11:25:39.378+0000] {dag.py:3427} INFO - Setting next_dagrun for example_nested_branch_dag to 2022-12-26T00:00:00+00:00, run_after=2022-12-27T00:00:00+00:00
[2022-12-27T11:25:39.595+0000] {processor.py:175} INFO - Processing /home/airflow/.local/lib/python3.7/site-packages/airflow/example_dags/example_nested_branch_dag.py took 0.359 seconds
[2022-12-27T11:26:09.915+0000] {processor.py:153} INFO - Started process (PID=542) to work on /home/airflow/.local/lib/python3.7/site-packages/airflow/example_dags/example_nested_branch_dag.py
[2022-12-27T11:26:09.917+0000] {processor.py:743} INFO - Processing file /home/airflow/.local/lib/python3.7/site-packages/airflow/example_dags/example_nested_branch_dag.py for tasks to queue
[2022-12-27T11:26:09.918+0000] {logging_mixin.py:137} INFO - [2022-12-27T11:26:09.917+0000] {dagbag.py:538} INFO - Filling up the DagBag from /home/airflow/.local/lib/python3.7/site-packages/airflow/example_dags/example_nested_branch_dag.py
[2022-12-27T11:26:09.953+0000] {processor.py:753} INFO - DAG(s) dict_keys(['example_nested_branch_dag']) retrieved from /home/airflow/.local/lib/python3.7/site-packages/airflow/example_dags/example_nested_branch_dag.py
[2022-12-27T11:26:10.009+0000] {logging_mixin.py:137} INFO - [2022-12-27T11:26:10.008+0000] {dag.py:2676} INFO - Sync 1 DAGs
[2022-12-27T11:26:10.044+0000] {logging_mixin.py:137} INFO - [2022-12-27T11:26:10.044+0000] {dag.py:3427} INFO - Setting next_dagrun for example_nested_branch_dag to 2022-12-26T00:00:00+00:00, run_after=2022-12-27T00:00:00+00:00
[2022-12-27T11:26:10.114+0000] {processor.py:175} INFO - Processing /home/airflow/.local/lib/python3.7/site-packages/airflow/example_dags/example_nested_branch_dag.py took 0.205 seconds
[2022-12-27T11:26:40.671+0000] {processor.py:153} INFO - Started process (PID=604) to work on /home/airflow/.local/lib/python3.7/site-packages/airflow/example_dags/example_nested_branch_dag.py
[2022-12-27T11:26:40.674+0000] {processor.py:743} INFO - Processing file /home/airflow/.local/lib/python3.7/site-packages/airflow/example_dags/example_nested_branch_dag.py for tasks to queue
[2022-12-27T11:26:40.675+0000] {logging_mixin.py:137} INFO - [2022-12-27T11:26:40.675+0000] {dagbag.py:538} INFO - Filling up the DagBag from /home/airflow/.local/lib/python3.7/site-packages/airflow/example_dags/example_nested_branch_dag.py
[2022-12-27T11:26:40.777+0000] {processor.py:753} INFO - DAG(s) dict_keys(['example_nested_branch_dag']) retrieved from /home/airflow/.local/lib/python3.7/site-packages/airflow/example_dags/example_nested_branch_dag.py
[2022-12-27T11:26:40.986+0000] {logging_mixin.py:137} INFO - [2022-12-27T11:26:40.986+0000] {dag.py:2676} INFO - Sync 1 DAGs
[2022-12-27T11:26:41.085+0000] {logging_mixin.py:137} INFO - [2022-12-27T11:26:41.085+0000] {dag.py:3427} INFO - Setting next_dagrun for example_nested_branch_dag to 2022-12-26T00:00:00+00:00, run_after=2022-12-27T00:00:00+00:00
[2022-12-27T11:26:41.386+0000] {processor.py:175} INFO - Processing /home/airflow/.local/lib/python3.7/site-packages/airflow/example_dags/example_nested_branch_dag.py took 0.728 seconds
[2022-12-27T11:27:11.554+0000] {processor.py:153} INFO - Started process (PID=676) to work on /home/airflow/.local/lib/python3.7/site-packages/airflow/example_dags/example_nested_branch_dag.py
[2022-12-27T11:27:11.555+0000] {processor.py:743} INFO - Processing file /home/airflow/.local/lib/python3.7/site-packages/airflow/example_dags/example_nested_branch_dag.py for tasks to queue
[2022-12-27T11:27:11.556+0000] {logging_mixin.py:137} INFO - [2022-12-27T11:27:11.556+0000] {dagbag.py:538} INFO - Filling up the DagBag from /home/airflow/.local/lib/python3.7/site-packages/airflow/example_dags/example_nested_branch_dag.py
[2022-12-27T11:27:11.598+0000] {processor.py:753} INFO - DAG(s) dict_keys(['example_nested_branch_dag']) retrieved from /home/airflow/.local/lib/python3.7/site-packages/airflow/example_dags/example_nested_branch_dag.py
[2022-12-27T11:27:11.655+0000] {logging_mixin.py:137} INFO - [2022-12-27T11:27:11.655+0000] {dag.py:2676} INFO - Sync 1 DAGs
[2022-12-27T11:27:11.697+0000] {logging_mixin.py:137} INFO - [2022-12-27T11:27:11.697+0000] {dag.py:3427} INFO - Setting next_dagrun for example_nested_branch_dag to 2022-12-26T00:00:00+00:00, run_after=2022-12-27T00:00:00+00:00
[2022-12-27T11:27:11.755+0000] {processor.py:175} INFO - Processing /home/airflow/.local/lib/python3.7/site-packages/airflow/example_dags/example_nested_branch_dag.py took 0.207 seconds
[2022-12-27T11:27:42.055+0000] {processor.py:153} INFO - Started process (PID=738) to work on /home/airflow/.local/lib/python3.7/site-packages/airflow/example_dags/example_nested_branch_dag.py
[2022-12-27T11:27:42.057+0000] {processor.py:743} INFO - Processing file /home/airflow/.local/lib/python3.7/site-packages/airflow/example_dags/example_nested_branch_dag.py for tasks to queue
[2022-12-27T11:27:42.058+0000] {logging_mixin.py:137} INFO - [2022-12-27T11:27:42.057+0000] {dagbag.py:538} INFO - Filling up the DagBag from /home/airflow/.local/lib/python3.7/site-packages/airflow/example_dags/example_nested_branch_dag.py
[2022-12-27T11:27:42.087+0000] {processor.py:753} INFO - DAG(s) dict_keys(['example_nested_branch_dag']) retrieved from /home/airflow/.local/lib/python3.7/site-packages/airflow/example_dags/example_nested_branch_dag.py
[2022-12-27T11:27:42.129+0000] {logging_mixin.py:137} INFO - [2022-12-27T11:27:42.129+0000] {dag.py:2676} INFO - Sync 1 DAGs
[2022-12-27T11:27:42.158+0000] {logging_mixin.py:137} INFO - [2022-12-27T11:27:42.158+0000] {dag.py:3427} INFO - Setting next_dagrun for example_nested_branch_dag to 2022-12-26T00:00:00+00:00, run_after=2022-12-27T00:00:00+00:00
[2022-12-27T11:27:42.234+0000] {processor.py:175} INFO - Processing /home/airflow/.local/lib/python3.7/site-packages/airflow/example_dags/example_nested_branch_dag.py took 0.183 seconds
[2022-12-27T11:28:13.206+0000] {processor.py:153} INFO - Started process (PID=800) to work on /home/airflow/.local/lib/python3.7/site-packages/airflow/example_dags/example_nested_branch_dag.py
[2022-12-27T11:28:13.208+0000] {processor.py:743} INFO - Processing file /home/airflow/.local/lib/python3.7/site-packages/airflow/example_dags/example_nested_branch_dag.py for tasks to queue
[2022-12-27T11:28:13.210+0000] {logging_mixin.py:137} INFO - [2022-12-27T11:28:13.210+0000] {dagbag.py:538} INFO - Filling up the DagBag from /home/airflow/.local/lib/python3.7/site-packages/airflow/example_dags/example_nested_branch_dag.py
[2022-12-27T11:28:13.267+0000] {processor.py:753} INFO - DAG(s) dict_keys(['example_nested_branch_dag']) retrieved from /home/airflow/.local/lib/python3.7/site-packages/airflow/example_dags/example_nested_branch_dag.py
[2022-12-27T11:28:13.355+0000] {logging_mixin.py:137} INFO - [2022-12-27T11:28:13.354+0000] {dag.py:2676} INFO - Sync 1 DAGs
[2022-12-27T11:28:13.413+0000] {logging_mixin.py:137} INFO - [2022-12-27T11:28:13.413+0000] {dag.py:3427} INFO - Setting next_dagrun for example_nested_branch_dag to 2022-12-26T00:00:00+00:00, run_after=2022-12-27T00:00:00+00:00
[2022-12-27T11:28:13.501+0000] {processor.py:175} INFO - Processing /home/airflow/.local/lib/python3.7/site-packages/airflow/example_dags/example_nested_branch_dag.py took 0.302 seconds
[2022-12-27T11:28:44.657+0000] {processor.py:153} INFO - Started process (PID=875) to work on /home/airflow/.local/lib/python3.7/site-packages/airflow/example_dags/example_nested_branch_dag.py
[2022-12-27T11:28:44.660+0000] {processor.py:743} INFO - Processing file /home/airflow/.local/lib/python3.7/site-packages/airflow/example_dags/example_nested_branch_dag.py for tasks to queue
[2022-12-27T11:28:44.663+0000] {logging_mixin.py:137} INFO - [2022-12-27T11:28:44.663+0000] {dagbag.py:538} INFO - Filling up the DagBag from /home/airflow/.local/lib/python3.7/site-packages/airflow/example_dags/example_nested_branch_dag.py
[2022-12-27T11:28:44.743+0000] {processor.py:753} INFO - DAG(s) dict_keys(['example_nested_branch_dag']) retrieved from /home/airflow/.local/lib/python3.7/site-packages/airflow/example_dags/example_nested_branch_dag.py
[2022-12-27T11:28:44.839+0000] {logging_mixin.py:137} INFO - [2022-12-27T11:28:44.838+0000] {dag.py:2676} INFO - Sync 1 DAGs
[2022-12-27T11:28:44.910+0000] {logging_mixin.py:137} INFO - [2022-12-27T11:28:44.910+0000] {dag.py:3427} INFO - Setting next_dagrun for example_nested_branch_dag to 2022-12-26T00:00:00+00:00, run_after=2022-12-27T00:00:00+00:00
[2022-12-27T11:28:44.995+0000] {processor.py:175} INFO - Processing /home/airflow/.local/lib/python3.7/site-packages/airflow/example_dags/example_nested_branch_dag.py took 0.353 seconds
[2022-12-27T11:29:15.047+0000] {processor.py:153} INFO - Started process (PID=938) to work on /home/airflow/.local/lib/python3.7/site-packages/airflow/example_dags/example_nested_branch_dag.py
[2022-12-27T11:29:15.048+0000] {processor.py:743} INFO - Processing file /home/airflow/.local/lib/python3.7/site-packages/airflow/example_dags/example_nested_branch_dag.py for tasks to queue
[2022-12-27T11:29:15.050+0000] {logging_mixin.py:137} INFO - [2022-12-27T11:29:15.049+0000] {dagbag.py:538} INFO - Filling up the DagBag from /home/airflow/.local/lib/python3.7/site-packages/airflow/example_dags/example_nested_branch_dag.py
[2022-12-27T11:29:15.095+0000] {processor.py:753} INFO - DAG(s) dict_keys(['example_nested_branch_dag']) retrieved from /home/airflow/.local/lib/python3.7/site-packages/airflow/example_dags/example_nested_branch_dag.py
[2022-12-27T11:29:15.166+0000] {logging_mixin.py:137} INFO - [2022-12-27T11:29:15.166+0000] {dag.py:2676} INFO - Sync 1 DAGs
[2022-12-27T11:29:15.236+0000] {logging_mixin.py:137} INFO - [2022-12-27T11:29:15.236+0000] {dag.py:3427} INFO - Setting next_dagrun for example_nested_branch_dag to 2022-12-26T00:00:00+00:00, run_after=2022-12-27T00:00:00+00:00
[2022-12-27T11:29:15.315+0000] {processor.py:175} INFO - Processing /home/airflow/.local/lib/python3.7/site-packages/airflow/example_dags/example_nested_branch_dag.py took 0.275 seconds
[2022-12-27T11:29:46.143+0000] {processor.py:153} INFO - Started process (PID=999) to work on /home/airflow/.local/lib/python3.7/site-packages/airflow/example_dags/example_nested_branch_dag.py
[2022-12-27T11:29:46.144+0000] {processor.py:743} INFO - Processing file /home/airflow/.local/lib/python3.7/site-packages/airflow/example_dags/example_nested_branch_dag.py for tasks to queue
[2022-12-27T11:29:46.145+0000] {logging_mixin.py:137} INFO - [2022-12-27T11:29:46.144+0000] {dagbag.py:538} INFO - Filling up the DagBag from /home/airflow/.local/lib/python3.7/site-packages/airflow/example_dags/example_nested_branch_dag.py
[2022-12-27T11:29:46.177+0000] {processor.py:753} INFO - DAG(s) dict_keys(['example_nested_branch_dag']) retrieved from /home/airflow/.local/lib/python3.7/site-packages/airflow/example_dags/example_nested_branch_dag.py
[2022-12-27T11:29:46.224+0000] {logging_mixin.py:137} INFO - [2022-12-27T11:29:46.224+0000] {dag.py:2676} INFO - Sync 1 DAGs
[2022-12-27T11:29:46.254+0000] {logging_mixin.py:137} INFO - [2022-12-27T11:29:46.253+0000] {dag.py:3427} INFO - Setting next_dagrun for example_nested_branch_dag to 2022-12-26T00:00:00+00:00, run_after=2022-12-27T00:00:00+00:00
[2022-12-27T11:29:46.319+0000] {processor.py:175} INFO - Processing /home/airflow/.local/lib/python3.7/site-packages/airflow/example_dags/example_nested_branch_dag.py took 0.180 seconds
[2022-12-27T11:30:17.163+0000] {processor.py:153} INFO - Started process (PID=1073) to work on /home/airflow/.local/lib/python3.7/site-packages/airflow/example_dags/example_nested_branch_dag.py
[2022-12-27T11:30:17.165+0000] {processor.py:743} INFO - Processing file /home/airflow/.local/lib/python3.7/site-packages/airflow/example_dags/example_nested_branch_dag.py for tasks to queue
[2022-12-27T11:30:17.166+0000] {logging_mixin.py:137} INFO - [2022-12-27T11:30:17.166+0000] {dagbag.py:538} INFO - Filling up the DagBag from /home/airflow/.local/lib/python3.7/site-packages/airflow/example_dags/example_nested_branch_dag.py
[2022-12-27T11:30:17.224+0000] {processor.py:753} INFO - DAG(s) dict_keys(['example_nested_branch_dag']) retrieved from /home/airflow/.local/lib/python3.7/site-packages/airflow/example_dags/example_nested_branch_dag.py
[2022-12-27T11:30:17.307+0000] {logging_mixin.py:137} INFO - [2022-12-27T11:30:17.307+0000] {dag.py:2676} INFO - Sync 1 DAGs
[2022-12-27T11:30:17.366+0000] {logging_mixin.py:137} INFO - [2022-12-27T11:30:17.366+0000] {dag.py:3427} INFO - Setting next_dagrun for example_nested_branch_dag to 2022-12-26T00:00:00+00:00, run_after=2022-12-27T00:00:00+00:00
[2022-12-27T11:30:17.434+0000] {processor.py:175} INFO - Processing /home/airflow/.local/lib/python3.7/site-packages/airflow/example_dags/example_nested_branch_dag.py took 0.280 seconds
[2022-12-27T11:30:48.251+0000] {processor.py:153} INFO - Started process (PID=1135) to work on /home/airflow/.local/lib/python3.7/site-packages/airflow/example_dags/example_nested_branch_dag.py
[2022-12-27T11:30:48.253+0000] {processor.py:743} INFO - Processing file /home/airflow/.local/lib/python3.7/site-packages/airflow/example_dags/example_nested_branch_dag.py for tasks to queue
[2022-12-27T11:30:48.255+0000] {logging_mixin.py:137} INFO - [2022-12-27T11:30:48.254+0000] {dagbag.py:538} INFO - Filling up the DagBag from /home/airflow/.local/lib/python3.7/site-packages/airflow/example_dags/example_nested_branch_dag.py
[2022-12-27T11:30:48.331+0000] {processor.py:753} INFO - DAG(s) dict_keys(['example_nested_branch_dag']) retrieved from /home/airflow/.local/lib/python3.7/site-packages/airflow/example_dags/example_nested_branch_dag.py
[2022-12-27T11:30:48.418+0000] {logging_mixin.py:137} INFO - [2022-12-27T11:30:48.418+0000] {dag.py:2676} INFO - Sync 1 DAGs
[2022-12-27T11:30:48.478+0000] {logging_mixin.py:137} INFO - [2022-12-27T11:30:48.478+0000] {dag.py:3427} INFO - Setting next_dagrun for example_nested_branch_dag to 2022-12-26T00:00:00+00:00, run_after=2022-12-27T00:00:00+00:00
[2022-12-27T11:30:48.569+0000] {processor.py:175} INFO - Processing /home/airflow/.local/lib/python3.7/site-packages/airflow/example_dags/example_nested_branch_dag.py took 0.332 seconds
[2022-12-27T11:31:18.741+0000] {processor.py:153} INFO - Started process (PID=1209) to work on /home/airflow/.local/lib/python3.7/site-packages/airflow/example_dags/example_nested_branch_dag.py
[2022-12-27T11:31:18.742+0000] {processor.py:743} INFO - Processing file /home/airflow/.local/lib/python3.7/site-packages/airflow/example_dags/example_nested_branch_dag.py for tasks to queue
[2022-12-27T11:31:18.743+0000] {logging_mixin.py:137} INFO - [2022-12-27T11:31:18.743+0000] {dagbag.py:538} INFO - Filling up the DagBag from /home/airflow/.local/lib/python3.7/site-packages/airflow/example_dags/example_nested_branch_dag.py
[2022-12-27T11:31:18.776+0000] {processor.py:753} INFO - DAG(s) dict_keys(['example_nested_branch_dag']) retrieved from /home/airflow/.local/lib/python3.7/site-packages/airflow/example_dags/example_nested_branch_dag.py
[2022-12-27T11:31:18.826+0000] {logging_mixin.py:137} INFO - [2022-12-27T11:31:18.826+0000] {dag.py:2676} INFO - Sync 1 DAGs
[2022-12-27T11:31:18.864+0000] {logging_mixin.py:137} INFO - [2022-12-27T11:31:18.863+0000] {dag.py:3427} INFO - Setting next_dagrun for example_nested_branch_dag to 2022-12-26T00:00:00+00:00, run_after=2022-12-27T00:00:00+00:00
[2022-12-27T11:31:18.977+0000] {processor.py:175} INFO - Processing /home/airflow/.local/lib/python3.7/site-packages/airflow/example_dags/example_nested_branch_dag.py took 0.240 seconds
[2022-12-27T11:31:49.799+0000] {processor.py:153} INFO - Started process (PID=1274) to work on /home/airflow/.local/lib/python3.7/site-packages/airflow/example_dags/example_nested_branch_dag.py
[2022-12-27T11:31:49.802+0000] {processor.py:743} INFO - Processing file /home/airflow/.local/lib/python3.7/site-packages/airflow/example_dags/example_nested_branch_dag.py for tasks to queue
[2022-12-27T11:31:49.804+0000] {logging_mixin.py:137} INFO - [2022-12-27T11:31:49.803+0000] {dagbag.py:538} INFO - Filling up the DagBag from /home/airflow/.local/lib/python3.7/site-packages/airflow/example_dags/example_nested_branch_dag.py
[2022-12-27T11:31:49.850+0000] {processor.py:753} INFO - DAG(s) dict_keys(['example_nested_branch_dag']) retrieved from /home/airflow/.local/lib/python3.7/site-packages/airflow/example_dags/example_nested_branch_dag.py
[2022-12-27T11:31:49.893+0000] {logging_mixin.py:137} INFO - [2022-12-27T11:31:49.893+0000] {dag.py:2676} INFO - Sync 1 DAGs
[2022-12-27T11:31:49.923+0000] {logging_mixin.py:137} INFO - [2022-12-27T11:31:49.923+0000] {dag.py:3427} INFO - Setting next_dagrun for example_nested_branch_dag to 2022-12-26T00:00:00+00:00, run_after=2022-12-27T00:00:00+00:00
[2022-12-27T11:31:49.967+0000] {processor.py:175} INFO - Processing /home/airflow/.local/lib/python3.7/site-packages/airflow/example_dags/example_nested_branch_dag.py took 0.178 seconds
[2022-12-27T11:32:20.571+0000] {processor.py:153} INFO - Started process (PID=1336) to work on /home/airflow/.local/lib/python3.7/site-packages/airflow/example_dags/example_nested_branch_dag.py
[2022-12-27T11:32:20.573+0000] {processor.py:743} INFO - Processing file /home/airflow/.local/lib/python3.7/site-packages/airflow/example_dags/example_nested_branch_dag.py for tasks to queue
[2022-12-27T11:32:20.574+0000] {logging_mixin.py:137} INFO - [2022-12-27T11:32:20.573+0000] {dagbag.py:538} INFO - Filling up the DagBag from /home/airflow/.local/lib/python3.7/site-packages/airflow/example_dags/example_nested_branch_dag.py
[2022-12-27T11:32:20.607+0000] {processor.py:753} INFO - DAG(s) dict_keys(['example_nested_branch_dag']) retrieved from /home/airflow/.local/lib/python3.7/site-packages/airflow/example_dags/example_nested_branch_dag.py
[2022-12-27T11:32:20.675+0000] {logging_mixin.py:137} INFO - [2022-12-27T11:32:20.675+0000] {dag.py:2676} INFO - Sync 1 DAGs
[2022-12-27T11:32:20.724+0000] {logging_mixin.py:137} INFO - [2022-12-27T11:32:20.724+0000] {dag.py:3427} INFO - Setting next_dagrun for example_nested_branch_dag to 2022-12-26T00:00:00+00:00, run_after=2022-12-27T00:00:00+00:00
[2022-12-27T11:32:20.780+0000] {processor.py:175} INFO - Processing /home/airflow/.local/lib/python3.7/site-packages/airflow/example_dags/example_nested_branch_dag.py took 0.213 seconds
[2022-12-27T11:32:51.316+0000] {processor.py:153} INFO - Started process (PID=1408) to work on /home/airflow/.local/lib/python3.7/site-packages/airflow/example_dags/example_nested_branch_dag.py
[2022-12-27T11:32:51.317+0000] {processor.py:743} INFO - Processing file /home/airflow/.local/lib/python3.7/site-packages/airflow/example_dags/example_nested_branch_dag.py for tasks to queue
[2022-12-27T11:32:51.319+0000] {logging_mixin.py:137} INFO - [2022-12-27T11:32:51.319+0000] {dagbag.py:538} INFO - Filling up the DagBag from /home/airflow/.local/lib/python3.7/site-packages/airflow/example_dags/example_nested_branch_dag.py
[2022-12-27T11:32:51.375+0000] {processor.py:753} INFO - DAG(s) dict_keys(['example_nested_branch_dag']) retrieved from /home/airflow/.local/lib/python3.7/site-packages/airflow/example_dags/example_nested_branch_dag.py
[2022-12-27T11:32:51.462+0000] {logging_mixin.py:137} INFO - [2022-12-27T11:32:51.462+0000] {dag.py:2676} INFO - Sync 1 DAGs
[2022-12-27T11:32:51.572+0000] {logging_mixin.py:137} INFO - [2022-12-27T11:32:51.571+0000] {dag.py:3427} INFO - Setting next_dagrun for example_nested_branch_dag to 2022-12-26T00:00:00+00:00, run_after=2022-12-27T00:00:00+00:00
[2022-12-27T11:32:51.666+0000] {processor.py:175} INFO - Processing /home/airflow/.local/lib/python3.7/site-packages/airflow/example_dags/example_nested_branch_dag.py took 0.359 seconds
[2022-12-27T11:33:21.882+0000] {processor.py:153} INFO - Started process (PID=1473) to work on /home/airflow/.local/lib/python3.7/site-packages/airflow/example_dags/example_nested_branch_dag.py
[2022-12-27T11:33:21.883+0000] {processor.py:743} INFO - Processing file /home/airflow/.local/lib/python3.7/site-packages/airflow/example_dags/example_nested_branch_dag.py for tasks to queue
[2022-12-27T11:33:21.884+0000] {logging_mixin.py:137} INFO - [2022-12-27T11:33:21.884+0000] {dagbag.py:538} INFO - Filling up the DagBag from /home/airflow/.local/lib/python3.7/site-packages/airflow/example_dags/example_nested_branch_dag.py
[2022-12-27T11:33:21.919+0000] {processor.py:753} INFO - DAG(s) dict_keys(['example_nested_branch_dag']) retrieved from /home/airflow/.local/lib/python3.7/site-packages/airflow/example_dags/example_nested_branch_dag.py
[2022-12-27T11:33:21.960+0000] {logging_mixin.py:137} INFO - [2022-12-27T11:33:21.960+0000] {dag.py:2676} INFO - Sync 1 DAGs
[2022-12-27T11:33:22.015+0000] {logging_mixin.py:137} INFO - [2022-12-27T11:33:22.015+0000] {dag.py:3427} INFO - Setting next_dagrun for example_nested_branch_dag to 2022-12-26T00:00:00+00:00, run_after=2022-12-27T00:00:00+00:00
[2022-12-27T11:33:22.064+0000] {processor.py:175} INFO - Processing /home/airflow/.local/lib/python3.7/site-packages/airflow/example_dags/example_nested_branch_dag.py took 0.190 seconds
[2022-12-27T11:33:52.327+0000] {processor.py:153} INFO - Started process (PID=1535) to work on /home/airflow/.local/lib/python3.7/site-packages/airflow/example_dags/example_nested_branch_dag.py
[2022-12-27T11:33:52.329+0000] {processor.py:743} INFO - Processing file /home/airflow/.local/lib/python3.7/site-packages/airflow/example_dags/example_nested_branch_dag.py for tasks to queue
[2022-12-27T11:33:52.329+0000] {logging_mixin.py:137} INFO - [2022-12-27T11:33:52.329+0000] {dagbag.py:538} INFO - Filling up the DagBag from /home/airflow/.local/lib/python3.7/site-packages/airflow/example_dags/example_nested_branch_dag.py
[2022-12-27T11:33:52.362+0000] {processor.py:753} INFO - DAG(s) dict_keys(['example_nested_branch_dag']) retrieved from /home/airflow/.local/lib/python3.7/site-packages/airflow/example_dags/example_nested_branch_dag.py
[2022-12-27T11:33:52.420+0000] {logging_mixin.py:137} INFO - [2022-12-27T11:33:52.420+0000] {dag.py:2676} INFO - Sync 1 DAGs
[2022-12-27T11:33:52.462+0000] {logging_mixin.py:137} INFO - [2022-12-27T11:33:52.462+0000] {dag.py:3427} INFO - Setting next_dagrun for example_nested_branch_dag to 2022-12-26T00:00:00+00:00, run_after=2022-12-27T00:00:00+00:00
[2022-12-27T11:33:52.509+0000] {processor.py:175} INFO - Processing /home/airflow/.local/lib/python3.7/site-packages/airflow/example_dags/example_nested_branch_dag.py took 0.186 seconds
[2022-12-27T11:34:22.795+0000] {processor.py:153} INFO - Started process (PID=1606) to work on /home/airflow/.local/lib/python3.7/site-packages/airflow/example_dags/example_nested_branch_dag.py
[2022-12-27T11:34:22.796+0000] {processor.py:743} INFO - Processing file /home/airflow/.local/lib/python3.7/site-packages/airflow/example_dags/example_nested_branch_dag.py for tasks to queue
[2022-12-27T11:34:22.798+0000] {logging_mixin.py:137} INFO - [2022-12-27T11:34:22.798+0000] {dagbag.py:538} INFO - Filling up the DagBag from /home/airflow/.local/lib/python3.7/site-packages/airflow/example_dags/example_nested_branch_dag.py
[2022-12-27T11:34:22.830+0000] {processor.py:753} INFO - DAG(s) dict_keys(['example_nested_branch_dag']) retrieved from /home/airflow/.local/lib/python3.7/site-packages/airflow/example_dags/example_nested_branch_dag.py
[2022-12-27T11:34:22.879+0000] {logging_mixin.py:137} INFO - [2022-12-27T11:34:22.879+0000] {dag.py:2676} INFO - Sync 1 DAGs
[2022-12-27T11:34:22.921+0000] {logging_mixin.py:137} INFO - [2022-12-27T11:34:22.921+0000] {dag.py:3427} INFO - Setting next_dagrun for example_nested_branch_dag to 2022-12-26T00:00:00+00:00, run_after=2022-12-27T00:00:00+00:00
[2022-12-27T11:34:22.972+0000] {processor.py:175} INFO - Processing /home/airflow/.local/lib/python3.7/site-packages/airflow/example_dags/example_nested_branch_dag.py took 0.182 seconds
[2022-12-27T11:34:53.526+0000] {processor.py:153} INFO - Started process (PID=1671) to work on /home/airflow/.local/lib/python3.7/site-packages/airflow/example_dags/example_nested_branch_dag.py
[2022-12-27T11:34:53.528+0000] {processor.py:743} INFO - Processing file /home/airflow/.local/lib/python3.7/site-packages/airflow/example_dags/example_nested_branch_dag.py for tasks to queue
[2022-12-27T11:34:53.531+0000] {logging_mixin.py:137} INFO - [2022-12-27T11:34:53.531+0000] {dagbag.py:538} INFO - Filling up the DagBag from /home/airflow/.local/lib/python3.7/site-packages/airflow/example_dags/example_nested_branch_dag.py
[2022-12-27T11:34:53.585+0000] {processor.py:753} INFO - DAG(s) dict_keys(['example_nested_branch_dag']) retrieved from /home/airflow/.local/lib/python3.7/site-packages/airflow/example_dags/example_nested_branch_dag.py
[2022-12-27T11:34:53.665+0000] {logging_mixin.py:137} INFO - [2022-12-27T11:34:53.664+0000] {dag.py:2676} INFO - Sync 1 DAGs
[2022-12-27T11:34:53.738+0000] {logging_mixin.py:137} INFO - [2022-12-27T11:34:53.738+0000] {dag.py:3427} INFO - Setting next_dagrun for example_nested_branch_dag to 2022-12-26T00:00:00+00:00, run_after=2022-12-27T00:00:00+00:00
[2022-12-27T11:34:53.876+0000] {processor.py:175} INFO - Processing /home/airflow/.local/lib/python3.7/site-packages/airflow/example_dags/example_nested_branch_dag.py took 0.357 seconds
[2022-12-27T11:35:24.098+0000] {processor.py:153} INFO - Started process (PID=1733) to work on /home/airflow/.local/lib/python3.7/site-packages/airflow/example_dags/example_nested_branch_dag.py
[2022-12-27T11:35:24.100+0000] {processor.py:743} INFO - Processing file /home/airflow/.local/lib/python3.7/site-packages/airflow/example_dags/example_nested_branch_dag.py for tasks to queue
[2022-12-27T11:35:24.101+0000] {logging_mixin.py:137} INFO - [2022-12-27T11:35:24.100+0000] {dagbag.py:538} INFO - Filling up the DagBag from /home/airflow/.local/lib/python3.7/site-packages/airflow/example_dags/example_nested_branch_dag.py
[2022-12-27T11:35:24.132+0000] {processor.py:753} INFO - DAG(s) dict_keys(['example_nested_branch_dag']) retrieved from /home/airflow/.local/lib/python3.7/site-packages/airflow/example_dags/example_nested_branch_dag.py
[2022-12-27T11:35:24.177+0000] {logging_mixin.py:137} INFO - [2022-12-27T11:35:24.177+0000] {dag.py:2676} INFO - Sync 1 DAGs
[2022-12-27T11:35:24.212+0000] {logging_mixin.py:137} INFO - [2022-12-27T11:35:24.212+0000] {dag.py:3427} INFO - Setting next_dagrun for example_nested_branch_dag to 2022-12-26T00:00:00+00:00, run_after=2022-12-27T00:00:00+00:00
[2022-12-27T11:35:24.314+0000] {processor.py:175} INFO - Processing /home/airflow/.local/lib/python3.7/site-packages/airflow/example_dags/example_nested_branch_dag.py took 0.220 seconds
[2022-12-27T11:35:54.436+0000] {processor.py:153} INFO - Started process (PID=1796) to work on /home/airflow/.local/lib/python3.7/site-packages/airflow/example_dags/example_nested_branch_dag.py
[2022-12-27T11:35:54.438+0000] {processor.py:743} INFO - Processing file /home/airflow/.local/lib/python3.7/site-packages/airflow/example_dags/example_nested_branch_dag.py for tasks to queue
[2022-12-27T11:35:54.440+0000] {logging_mixin.py:137} INFO - [2022-12-27T11:35:54.440+0000] {dagbag.py:538} INFO - Filling up the DagBag from /home/airflow/.local/lib/python3.7/site-packages/airflow/example_dags/example_nested_branch_dag.py
[2022-12-27T11:35:54.480+0000] {processor.py:753} INFO - DAG(s) dict_keys(['example_nested_branch_dag']) retrieved from /home/airflow/.local/lib/python3.7/site-packages/airflow/example_dags/example_nested_branch_dag.py
[2022-12-27T11:35:54.521+0000] {logging_mixin.py:137} INFO - [2022-12-27T11:35:54.521+0000] {dag.py:2676} INFO - Sync 1 DAGs
[2022-12-27T11:35:54.551+0000] {logging_mixin.py:137} INFO - [2022-12-27T11:35:54.551+0000] {dag.py:3427} INFO - Setting next_dagrun for example_nested_branch_dag to 2022-12-26T00:00:00+00:00, run_after=2022-12-27T00:00:00+00:00
[2022-12-27T11:35:54.630+0000] {processor.py:175} INFO - Processing /home/airflow/.local/lib/python3.7/site-packages/airflow/example_dags/example_nested_branch_dag.py took 0.203 seconds
[2022-12-27T11:36:24.813+0000] {processor.py:153} INFO - Started process (PID=1871) to work on /home/airflow/.local/lib/python3.7/site-packages/airflow/example_dags/example_nested_branch_dag.py
[2022-12-27T11:36:24.815+0000] {processor.py:743} INFO - Processing file /home/airflow/.local/lib/python3.7/site-packages/airflow/example_dags/example_nested_branch_dag.py for tasks to queue
[2022-12-27T11:36:24.817+0000] {logging_mixin.py:137} INFO - [2022-12-27T11:36:24.817+0000] {dagbag.py:538} INFO - Filling up the DagBag from /home/airflow/.local/lib/python3.7/site-packages/airflow/example_dags/example_nested_branch_dag.py
[2022-12-27T11:36:24.883+0000] {processor.py:753} INFO - DAG(s) dict_keys(['example_nested_branch_dag']) retrieved from /home/airflow/.local/lib/python3.7/site-packages/airflow/example_dags/example_nested_branch_dag.py
[2022-12-27T11:36:24.972+0000] {logging_mixin.py:137} INFO - [2022-12-27T11:36:24.972+0000] {dag.py:2676} INFO - Sync 1 DAGs
[2022-12-27T11:36:25.033+0000] {logging_mixin.py:137} INFO - [2022-12-27T11:36:25.033+0000] {dag.py:3427} INFO - Setting next_dagrun for example_nested_branch_dag to 2022-12-26T00:00:00+00:00, run_after=2022-12-27T00:00:00+00:00
[2022-12-27T11:36:25.102+0000] {processor.py:175} INFO - Processing /home/airflow/.local/lib/python3.7/site-packages/airflow/example_dags/example_nested_branch_dag.py took 0.297 seconds
[2022-12-27T11:36:55.275+0000] {processor.py:153} INFO - Started process (PID=1932) to work on /home/airflow/.local/lib/python3.7/site-packages/airflow/example_dags/example_nested_branch_dag.py
[2022-12-27T11:36:55.276+0000] {processor.py:743} INFO - Processing file /home/airflow/.local/lib/python3.7/site-packages/airflow/example_dags/example_nested_branch_dag.py for tasks to queue
[2022-12-27T11:36:55.277+0000] {logging_mixin.py:137} INFO - [2022-12-27T11:36:55.276+0000] {dagbag.py:538} INFO - Filling up the DagBag from /home/airflow/.local/lib/python3.7/site-packages/airflow/example_dags/example_nested_branch_dag.py
[2022-12-27T11:36:55.304+0000] {processor.py:753} INFO - DAG(s) dict_keys(['example_nested_branch_dag']) retrieved from /home/airflow/.local/lib/python3.7/site-packages/airflow/example_dags/example_nested_branch_dag.py
[2022-12-27T11:36:55.355+0000] {logging_mixin.py:137} INFO - [2022-12-27T11:36:55.355+0000] {dag.py:2676} INFO - Sync 1 DAGs
[2022-12-27T11:36:55.410+0000] {logging_mixin.py:137} INFO - [2022-12-27T11:36:55.409+0000] {dag.py:3427} INFO - Setting next_dagrun for example_nested_branch_dag to 2022-12-26T00:00:00+00:00, run_after=2022-12-27T00:00:00+00:00
[2022-12-27T11:36:55.592+0000] {processor.py:175} INFO - Processing /home/airflow/.local/lib/python3.7/site-packages/airflow/example_dags/example_nested_branch_dag.py took 0.321 seconds
[2022-12-27T11:37:25.887+0000] {processor.py:153} INFO - Started process (PID=1994) to work on /home/airflow/.local/lib/python3.7/site-packages/airflow/example_dags/example_nested_branch_dag.py
[2022-12-27T11:37:25.888+0000] {processor.py:743} INFO - Processing file /home/airflow/.local/lib/python3.7/site-packages/airflow/example_dags/example_nested_branch_dag.py for tasks to queue
[2022-12-27T11:37:25.889+0000] {logging_mixin.py:137} INFO - [2022-12-27T11:37:25.889+0000] {dagbag.py:538} INFO - Filling up the DagBag from /home/airflow/.local/lib/python3.7/site-packages/airflow/example_dags/example_nested_branch_dag.py
[2022-12-27T11:37:25.920+0000] {processor.py:753} INFO - DAG(s) dict_keys(['example_nested_branch_dag']) retrieved from /home/airflow/.local/lib/python3.7/site-packages/airflow/example_dags/example_nested_branch_dag.py
[2022-12-27T11:37:25.963+0000] {logging_mixin.py:137} INFO - [2022-12-27T11:37:25.963+0000] {dag.py:2676} INFO - Sync 1 DAGs
[2022-12-27T11:37:25.996+0000] {logging_mixin.py:137} INFO - [2022-12-27T11:37:25.996+0000] {dag.py:3427} INFO - Setting next_dagrun for example_nested_branch_dag to 2022-12-26T00:00:00+00:00, run_after=2022-12-27T00:00:00+00:00
[2022-12-27T11:37:26.182+0000] {processor.py:175} INFO - Processing /home/airflow/.local/lib/python3.7/site-packages/airflow/example_dags/example_nested_branch_dag.py took 0.299 seconds
[2022-12-27T11:37:56.287+0000] {processor.py:153} INFO - Started process (PID=2059) to work on /home/airflow/.local/lib/python3.7/site-packages/airflow/example_dags/example_nested_branch_dag.py
[2022-12-27T11:37:56.289+0000] {processor.py:743} INFO - Processing file /home/airflow/.local/lib/python3.7/site-packages/airflow/example_dags/example_nested_branch_dag.py for tasks to queue
[2022-12-27T11:37:56.289+0000] {logging_mixin.py:137} INFO - [2022-12-27T11:37:56.289+0000] {dagbag.py:538} INFO - Filling up the DagBag from /home/airflow/.local/lib/python3.7/site-packages/airflow/example_dags/example_nested_branch_dag.py
[2022-12-27T11:37:56.322+0000] {processor.py:753} INFO - DAG(s) dict_keys(['example_nested_branch_dag']) retrieved from /home/airflow/.local/lib/python3.7/site-packages/airflow/example_dags/example_nested_branch_dag.py
[2022-12-27T11:37:56.364+0000] {logging_mixin.py:137} INFO - [2022-12-27T11:37:56.364+0000] {dag.py:2676} INFO - Sync 1 DAGs
[2022-12-27T11:37:56.395+0000] {logging_mixin.py:137} INFO - [2022-12-27T11:37:56.395+0000] {dag.py:3427} INFO - Setting next_dagrun for example_nested_branch_dag to 2022-12-26T00:00:00+00:00, run_after=2022-12-27T00:00:00+00:00
[2022-12-27T11:37:56.453+0000] {processor.py:175} INFO - Processing /home/airflow/.local/lib/python3.7/site-packages/airflow/example_dags/example_nested_branch_dag.py took 0.170 seconds
[2022-12-27T11:38:27.162+0000] {processor.py:153} INFO - Started process (PID=2132) to work on /home/airflow/.local/lib/python3.7/site-packages/airflow/example_dags/example_nested_branch_dag.py
[2022-12-27T11:38:27.163+0000] {processor.py:743} INFO - Processing file /home/airflow/.local/lib/python3.7/site-packages/airflow/example_dags/example_nested_branch_dag.py for tasks to queue
[2022-12-27T11:38:27.165+0000] {logging_mixin.py:137} INFO - [2022-12-27T11:38:27.164+0000] {dagbag.py:538} INFO - Filling up the DagBag from /home/airflow/.local/lib/python3.7/site-packages/airflow/example_dags/example_nested_branch_dag.py
[2022-12-27T11:38:27.196+0000] {processor.py:753} INFO - DAG(s) dict_keys(['example_nested_branch_dag']) retrieved from /home/airflow/.local/lib/python3.7/site-packages/airflow/example_dags/example_nested_branch_dag.py
[2022-12-27T11:38:27.261+0000] {logging_mixin.py:137} INFO - [2022-12-27T11:38:27.261+0000] {dag.py:2676} INFO - Sync 1 DAGs
[2022-12-27T11:38:27.302+0000] {logging_mixin.py:137} INFO - [2022-12-27T11:38:27.302+0000] {dag.py:3427} INFO - Setting next_dagrun for example_nested_branch_dag to 2022-12-26T00:00:00+00:00, run_after=2022-12-27T00:00:00+00:00
[2022-12-27T11:38:27.377+0000] {processor.py:175} INFO - Processing /home/airflow/.local/lib/python3.7/site-packages/airflow/example_dags/example_nested_branch_dag.py took 0.220 seconds
[2022-12-27T11:38:57.439+0000] {processor.py:153} INFO - Started process (PID=2194) to work on /home/airflow/.local/lib/python3.7/site-packages/airflow/example_dags/example_nested_branch_dag.py
[2022-12-27T11:38:57.446+0000] {processor.py:743} INFO - Processing file /home/airflow/.local/lib/python3.7/site-packages/airflow/example_dags/example_nested_branch_dag.py for tasks to queue
[2022-12-27T11:38:57.447+0000] {logging_mixin.py:137} INFO - [2022-12-27T11:38:57.447+0000] {dagbag.py:538} INFO - Filling up the DagBag from /home/airflow/.local/lib/python3.7/site-packages/airflow/example_dags/example_nested_branch_dag.py
[2022-12-27T11:38:57.526+0000] {processor.py:753} INFO - DAG(s) dict_keys(['example_nested_branch_dag']) retrieved from /home/airflow/.local/lib/python3.7/site-packages/airflow/example_dags/example_nested_branch_dag.py
[2022-12-27T11:38:57.608+0000] {logging_mixin.py:137} INFO - [2022-12-27T11:38:57.608+0000] {dag.py:2676} INFO - Sync 1 DAGs
[2022-12-27T11:38:57.668+0000] {logging_mixin.py:137} INFO - [2022-12-27T11:38:57.668+0000] {dag.py:3427} INFO - Setting next_dagrun for example_nested_branch_dag to 2022-12-26T00:00:00+00:00, run_after=2022-12-27T00:00:00+00:00
[2022-12-27T11:38:57.754+0000] {processor.py:175} INFO - Processing /home/airflow/.local/lib/python3.7/site-packages/airflow/example_dags/example_nested_branch_dag.py took 0.322 seconds
[2022-12-27T11:39:27.935+0000] {processor.py:153} INFO - Started process (PID=2255) to work on /home/airflow/.local/lib/python3.7/site-packages/airflow/example_dags/example_nested_branch_dag.py
[2022-12-27T11:39:27.936+0000] {processor.py:743} INFO - Processing file /home/airflow/.local/lib/python3.7/site-packages/airflow/example_dags/example_nested_branch_dag.py for tasks to queue
[2022-12-27T11:39:27.937+0000] {logging_mixin.py:137} INFO - [2022-12-27T11:39:27.936+0000] {dagbag.py:538} INFO - Filling up the DagBag from /home/airflow/.local/lib/python3.7/site-packages/airflow/example_dags/example_nested_branch_dag.py
[2022-12-27T11:39:27.964+0000] {processor.py:753} INFO - DAG(s) dict_keys(['example_nested_branch_dag']) retrieved from /home/airflow/.local/lib/python3.7/site-packages/airflow/example_dags/example_nested_branch_dag.py
[2022-12-27T11:39:28.005+0000] {logging_mixin.py:137} INFO - [2022-12-27T11:39:28.005+0000] {dag.py:2676} INFO - Sync 1 DAGs
[2022-12-27T11:39:28.037+0000] {logging_mixin.py:137} INFO - [2022-12-27T11:39:28.037+0000] {dag.py:3427} INFO - Setting next_dagrun for example_nested_branch_dag to 2022-12-26T00:00:00+00:00, run_after=2022-12-27T00:00:00+00:00
[2022-12-27T11:39:28.089+0000] {processor.py:175} INFO - Processing /home/airflow/.local/lib/python3.7/site-packages/airflow/example_dags/example_nested_branch_dag.py took 0.159 seconds
[2022-12-27T11:39:58.975+0000] {processor.py:153} INFO - Started process (PID=2329) to work on /home/airflow/.local/lib/python3.7/site-packages/airflow/example_dags/example_nested_branch_dag.py
[2022-12-27T11:39:58.976+0000] {processor.py:743} INFO - Processing file /home/airflow/.local/lib/python3.7/site-packages/airflow/example_dags/example_nested_branch_dag.py for tasks to queue
[2022-12-27T11:39:58.978+0000] {logging_mixin.py:137} INFO - [2022-12-27T11:39:58.977+0000] {dagbag.py:538} INFO - Filling up the DagBag from /home/airflow/.local/lib/python3.7/site-packages/airflow/example_dags/example_nested_branch_dag.py
[2022-12-27T11:39:59.019+0000] {processor.py:753} INFO - DAG(s) dict_keys(['example_nested_branch_dag']) retrieved from /home/airflow/.local/lib/python3.7/site-packages/airflow/example_dags/example_nested_branch_dag.py
[2022-12-27T11:39:59.069+0000] {logging_mixin.py:137} INFO - [2022-12-27T11:39:59.069+0000] {dag.py:2676} INFO - Sync 1 DAGs
[2022-12-27T11:39:59.096+0000] {logging_mixin.py:137} INFO - [2022-12-27T11:39:59.096+0000] {dag.py:3427} INFO - Setting next_dagrun for example_nested_branch_dag to 2022-12-26T00:00:00+00:00, run_after=2022-12-27T00:00:00+00:00
[2022-12-27T11:39:59.627+0000] {processor.py:175} INFO - Processing /home/airflow/.local/lib/python3.7/site-packages/airflow/example_dags/example_nested_branch_dag.py took 0.659 seconds
[2022-12-27T11:40:30.306+0000] {processor.py:153} INFO - Started process (PID=2391) to work on /home/airflow/.local/lib/python3.7/site-packages/airflow/example_dags/example_nested_branch_dag.py
[2022-12-27T11:40:30.307+0000] {processor.py:743} INFO - Processing file /home/airflow/.local/lib/python3.7/site-packages/airflow/example_dags/example_nested_branch_dag.py for tasks to queue
[2022-12-27T11:40:30.309+0000] {logging_mixin.py:137} INFO - [2022-12-27T11:40:30.309+0000] {dagbag.py:538} INFO - Filling up the DagBag from /home/airflow/.local/lib/python3.7/site-packages/airflow/example_dags/example_nested_branch_dag.py
[2022-12-27T11:40:30.359+0000] {processor.py:753} INFO - DAG(s) dict_keys(['example_nested_branch_dag']) retrieved from /home/airflow/.local/lib/python3.7/site-packages/airflow/example_dags/example_nested_branch_dag.py
[2022-12-27T11:40:30.449+0000] {logging_mixin.py:137} INFO - [2022-12-27T11:40:30.449+0000] {dag.py:2676} INFO - Sync 1 DAGs
[2022-12-27T11:40:30.510+0000] {logging_mixin.py:137} INFO - [2022-12-27T11:40:30.510+0000] {dag.py:3427} INFO - Setting next_dagrun for example_nested_branch_dag to 2022-12-26T00:00:00+00:00, run_after=2022-12-27T00:00:00+00:00
[2022-12-27T11:40:30.565+0000] {processor.py:175} INFO - Processing /home/airflow/.local/lib/python3.7/site-packages/airflow/example_dags/example_nested_branch_dag.py took 0.266 seconds
[2022-12-27T11:41:01.081+0000] {processor.py:153} INFO - Started process (PID=2452) to work on /home/airflow/.local/lib/python3.7/site-packages/airflow/example_dags/example_nested_branch_dag.py
[2022-12-27T11:41:01.083+0000] {processor.py:743} INFO - Processing file /home/airflow/.local/lib/python3.7/site-packages/airflow/example_dags/example_nested_branch_dag.py for tasks to queue
[2022-12-27T11:41:01.085+0000] {logging_mixin.py:137} INFO - [2022-12-27T11:41:01.085+0000] {dagbag.py:538} INFO - Filling up the DagBag from /home/airflow/.local/lib/python3.7/site-packages/airflow/example_dags/example_nested_branch_dag.py
[2022-12-27T11:41:01.149+0000] {processor.py:753} INFO - DAG(s) dict_keys(['example_nested_branch_dag']) retrieved from /home/airflow/.local/lib/python3.7/site-packages/airflow/example_dags/example_nested_branch_dag.py
[2022-12-27T11:41:01.224+0000] {logging_mixin.py:137} INFO - [2022-12-27T11:41:01.224+0000] {dag.py:2676} INFO - Sync 1 DAGs
[2022-12-27T11:41:01.310+0000] {logging_mixin.py:137} INFO - [2022-12-27T11:41:01.309+0000] {dag.py:3427} INFO - Setting next_dagrun for example_nested_branch_dag to 2022-12-26T00:00:00+00:00, run_after=2022-12-27T00:00:00+00:00
[2022-12-27T11:41:01.534+0000] {processor.py:175} INFO - Processing /home/airflow/.local/lib/python3.7/site-packages/airflow/example_dags/example_nested_branch_dag.py took 0.480 seconds
[2022-12-27T11:41:31.870+0000] {processor.py:153} INFO - Started process (PID=2514) to work on /home/airflow/.local/lib/python3.7/site-packages/airflow/example_dags/example_nested_branch_dag.py
[2022-12-27T11:41:31.871+0000] {processor.py:743} INFO - Processing file /home/airflow/.local/lib/python3.7/site-packages/airflow/example_dags/example_nested_branch_dag.py for tasks to queue
[2022-12-27T11:41:31.872+0000] {logging_mixin.py:137} INFO - [2022-12-27T11:41:31.872+0000] {dagbag.py:538} INFO - Filling up the DagBag from /home/airflow/.local/lib/python3.7/site-packages/airflow/example_dags/example_nested_branch_dag.py
[2022-12-27T11:41:31.902+0000] {processor.py:753} INFO - DAG(s) dict_keys(['example_nested_branch_dag']) retrieved from /home/airflow/.local/lib/python3.7/site-packages/airflow/example_dags/example_nested_branch_dag.py
[2022-12-27T11:41:31.943+0000] {logging_mixin.py:137} INFO - [2022-12-27T11:41:31.943+0000] {dag.py:2676} INFO - Sync 1 DAGs
[2022-12-27T11:41:31.973+0000] {logging_mixin.py:137} INFO - [2022-12-27T11:41:31.973+0000] {dag.py:3427} INFO - Setting next_dagrun for example_nested_branch_dag to 2022-12-26T00:00:00+00:00, run_after=2022-12-27T00:00:00+00:00
[2022-12-27T11:41:32.155+0000] {processor.py:175} INFO - Processing /home/airflow/.local/lib/python3.7/site-packages/airflow/example_dags/example_nested_branch_dag.py took 0.291 seconds
[2022-12-27T11:42:03.117+0000] {processor.py:153} INFO - Started process (PID=2575) to work on /home/airflow/.local/lib/python3.7/site-packages/airflow/example_dags/example_nested_branch_dag.py
[2022-12-27T11:42:03.118+0000] {processor.py:743} INFO - Processing file /home/airflow/.local/lib/python3.7/site-packages/airflow/example_dags/example_nested_branch_dag.py for tasks to queue
[2022-12-27T11:42:03.120+0000] {logging_mixin.py:137} INFO - [2022-12-27T11:42:03.120+0000] {dagbag.py:538} INFO - Filling up the DagBag from /home/airflow/.local/lib/python3.7/site-packages/airflow/example_dags/example_nested_branch_dag.py
[2022-12-27T11:42:03.172+0000] {processor.py:753} INFO - DAG(s) dict_keys(['example_nested_branch_dag']) retrieved from /home/airflow/.local/lib/python3.7/site-packages/airflow/example_dags/example_nested_branch_dag.py
[2022-12-27T11:42:03.220+0000] {logging_mixin.py:137} INFO - [2022-12-27T11:42:03.220+0000] {dag.py:2676} INFO - Sync 1 DAGs
[2022-12-27T11:42:03.252+0000] {logging_mixin.py:137} INFO - [2022-12-27T11:42:03.252+0000] {dag.py:3427} INFO - Setting next_dagrun for example_nested_branch_dag to 2022-12-26T00:00:00+00:00, run_after=2022-12-27T00:00:00+00:00
[2022-12-27T11:42:03.368+0000] {processor.py:175} INFO - Processing /home/airflow/.local/lib/python3.7/site-packages/airflow/example_dags/example_nested_branch_dag.py took 0.256 seconds
