[2022-12-27T11:22:28.331+0000] {processor.py:153} INFO - Started process (PID=70) to work on /home/airflow/.local/lib/python3.7/site-packages/airflow/example_dags/example_local_kubernetes_executor.py
[2022-12-27T11:22:28.333+0000] {processor.py:743} INFO - Processing file /home/airflow/.local/lib/python3.7/site-packages/airflow/example_dags/example_local_kubernetes_executor.py for tasks to queue
[2022-12-27T11:22:28.334+0000] {logging_mixin.py:137} INFO - [2022-12-27T11:22:28.334+0000] {dagbag.py:538} INFO - Filling up the DagBag from /home/airflow/.local/lib/python3.7/site-packages/airflow/example_dags/example_local_kubernetes_executor.py
[2022-12-27T11:22:28.397+0000] {processor.py:753} INFO - DAG(s) dict_keys(['example_local_kubernetes_executor']) retrieved from /home/airflow/.local/lib/python3.7/site-packages/airflow/example_dags/example_local_kubernetes_executor.py
[2022-12-27T11:22:28.758+0000] {logging_mixin.py:137} INFO - [2022-12-27T11:22:28.758+0000] {dag.py:2676} INFO - Sync 1 DAGs
[2022-12-27T11:22:28.796+0000] {logging_mixin.py:137} INFO - [2022-12-27T11:22:28.796+0000] {dag.py:3427} INFO - Setting next_dagrun for example_local_kubernetes_executor to None, run_after=None
[2022-12-27T11:22:29.073+0000] {processor.py:175} INFO - Processing /home/airflow/.local/lib/python3.7/site-packages/airflow/example_dags/example_local_kubernetes_executor.py took 0.746 seconds
[2022-12-27T11:22:59.502+0000] {processor.py:153} INFO - Started process (PID=132) to work on /home/airflow/.local/lib/python3.7/site-packages/airflow/example_dags/example_local_kubernetes_executor.py
[2022-12-27T11:22:59.503+0000] {processor.py:743} INFO - Processing file /home/airflow/.local/lib/python3.7/site-packages/airflow/example_dags/example_local_kubernetes_executor.py for tasks to queue
[2022-12-27T11:22:59.504+0000] {logging_mixin.py:137} INFO - [2022-12-27T11:22:59.504+0000] {dagbag.py:538} INFO - Filling up the DagBag from /home/airflow/.local/lib/python3.7/site-packages/airflow/example_dags/example_local_kubernetes_executor.py
[2022-12-27T11:22:59.531+0000] {processor.py:753} INFO - DAG(s) dict_keys(['example_local_kubernetes_executor']) retrieved from /home/airflow/.local/lib/python3.7/site-packages/airflow/example_dags/example_local_kubernetes_executor.py
[2022-12-27T11:22:59.573+0000] {logging_mixin.py:137} INFO - [2022-12-27T11:22:59.573+0000] {dag.py:2676} INFO - Sync 1 DAGs
[2022-12-27T11:22:59.602+0000] {logging_mixin.py:137} INFO - [2022-12-27T11:22:59.602+0000] {dag.py:3427} INFO - Setting next_dagrun for example_local_kubernetes_executor to None, run_after=None
[2022-12-27T11:22:59.694+0000] {processor.py:175} INFO - Processing /home/airflow/.local/lib/python3.7/site-packages/airflow/example_dags/example_local_kubernetes_executor.py took 0.197 seconds
[2022-12-27T11:23:30.212+0000] {processor.py:153} INFO - Started process (PID=201) to work on /home/airflow/.local/lib/python3.7/site-packages/airflow/example_dags/example_local_kubernetes_executor.py
[2022-12-27T11:23:30.215+0000] {processor.py:743} INFO - Processing file /home/airflow/.local/lib/python3.7/site-packages/airflow/example_dags/example_local_kubernetes_executor.py for tasks to queue
[2022-12-27T11:23:30.217+0000] {logging_mixin.py:137} INFO - [2022-12-27T11:23:30.217+0000] {dagbag.py:538} INFO - Filling up the DagBag from /home/airflow/.local/lib/python3.7/site-packages/airflow/example_dags/example_local_kubernetes_executor.py
[2022-12-27T11:23:30.295+0000] {processor.py:753} INFO - DAG(s) dict_keys(['example_local_kubernetes_executor']) retrieved from /home/airflow/.local/lib/python3.7/site-packages/airflow/example_dags/example_local_kubernetes_executor.py
[2022-12-27T11:23:30.452+0000] {logging_mixin.py:137} INFO - [2022-12-27T11:23:30.452+0000] {dag.py:2676} INFO - Sync 1 DAGs
[2022-12-27T11:23:30.546+0000] {logging_mixin.py:137} INFO - [2022-12-27T11:23:30.546+0000] {dag.py:3427} INFO - Setting next_dagrun for example_local_kubernetes_executor to None, run_after=None
[2022-12-27T11:23:30.658+0000] {processor.py:175} INFO - Processing /home/airflow/.local/lib/python3.7/site-packages/airflow/example_dags/example_local_kubernetes_executor.py took 0.457 seconds
[2022-12-27T11:24:01.256+0000] {processor.py:153} INFO - Started process (PID=270) to work on /home/airflow/.local/lib/python3.7/site-packages/airflow/example_dags/example_local_kubernetes_executor.py
[2022-12-27T11:24:01.258+0000] {processor.py:743} INFO - Processing file /home/airflow/.local/lib/python3.7/site-packages/airflow/example_dags/example_local_kubernetes_executor.py for tasks to queue
[2022-12-27T11:24:01.259+0000] {logging_mixin.py:137} INFO - [2022-12-27T11:24:01.258+0000] {dagbag.py:538} INFO - Filling up the DagBag from /home/airflow/.local/lib/python3.7/site-packages/airflow/example_dags/example_local_kubernetes_executor.py
[2022-12-27T11:24:01.291+0000] {processor.py:753} INFO - DAG(s) dict_keys(['example_local_kubernetes_executor']) retrieved from /home/airflow/.local/lib/python3.7/site-packages/airflow/example_dags/example_local_kubernetes_executor.py
[2022-12-27T11:24:01.339+0000] {logging_mixin.py:137} INFO - [2022-12-27T11:24:01.339+0000] {dag.py:2676} INFO - Sync 1 DAGs
[2022-12-27T11:24:01.368+0000] {logging_mixin.py:137} INFO - [2022-12-27T11:24:01.368+0000] {dag.py:3427} INFO - Setting next_dagrun for example_local_kubernetes_executor to None, run_after=None
[2022-12-27T11:24:01.453+0000] {processor.py:175} INFO - Processing /home/airflow/.local/lib/python3.7/site-packages/airflow/example_dags/example_local_kubernetes_executor.py took 0.202 seconds
[2022-12-27T11:24:31.651+0000] {processor.py:153} INFO - Started process (PID=333) to work on /home/airflow/.local/lib/python3.7/site-packages/airflow/example_dags/example_local_kubernetes_executor.py
[2022-12-27T11:24:31.654+0000] {processor.py:743} INFO - Processing file /home/airflow/.local/lib/python3.7/site-packages/airflow/example_dags/example_local_kubernetes_executor.py for tasks to queue
[2022-12-27T11:24:31.655+0000] {logging_mixin.py:137} INFO - [2022-12-27T11:24:31.655+0000] {dagbag.py:538} INFO - Filling up the DagBag from /home/airflow/.local/lib/python3.7/site-packages/airflow/example_dags/example_local_kubernetes_executor.py
[2022-12-27T11:24:31.708+0000] {processor.py:753} INFO - DAG(s) dict_keys(['example_local_kubernetes_executor']) retrieved from /home/airflow/.local/lib/python3.7/site-packages/airflow/example_dags/example_local_kubernetes_executor.py
[2022-12-27T11:24:31.794+0000] {logging_mixin.py:137} INFO - [2022-12-27T11:24:31.794+0000] {dag.py:2676} INFO - Sync 1 DAGs
[2022-12-27T11:24:31.851+0000] {logging_mixin.py:137} INFO - [2022-12-27T11:24:31.851+0000] {dag.py:3427} INFO - Setting next_dagrun for example_local_kubernetes_executor to None, run_after=None
[2022-12-27T11:24:31.945+0000] {processor.py:175} INFO - Processing /home/airflow/.local/lib/python3.7/site-packages/airflow/example_dags/example_local_kubernetes_executor.py took 0.301 seconds
[2022-12-27T11:25:02.550+0000] {processor.py:153} INFO - Started process (PID=396) to work on /home/airflow/.local/lib/python3.7/site-packages/airflow/example_dags/example_local_kubernetes_executor.py
[2022-12-27T11:25:02.552+0000] {processor.py:743} INFO - Processing file /home/airflow/.local/lib/python3.7/site-packages/airflow/example_dags/example_local_kubernetes_executor.py for tasks to queue
[2022-12-27T11:25:02.553+0000] {logging_mixin.py:137} INFO - [2022-12-27T11:25:02.553+0000] {dagbag.py:538} INFO - Filling up the DagBag from /home/airflow/.local/lib/python3.7/site-packages/airflow/example_dags/example_local_kubernetes_executor.py
[2022-12-27T11:25:02.584+0000] {processor.py:753} INFO - DAG(s) dict_keys(['example_local_kubernetes_executor']) retrieved from /home/airflow/.local/lib/python3.7/site-packages/airflow/example_dags/example_local_kubernetes_executor.py
[2022-12-27T11:25:02.630+0000] {logging_mixin.py:137} INFO - [2022-12-27T11:25:02.630+0000] {dag.py:2676} INFO - Sync 1 DAGs
[2022-12-27T11:25:02.666+0000] {logging_mixin.py:137} INFO - [2022-12-27T11:25:02.666+0000] {dag.py:3427} INFO - Setting next_dagrun for example_local_kubernetes_executor to None, run_after=None
[2022-12-27T11:25:02.711+0000] {processor.py:175} INFO - Processing /home/airflow/.local/lib/python3.7/site-packages/airflow/example_dags/example_local_kubernetes_executor.py took 0.166 seconds
[2022-12-27T11:25:33.596+0000] {processor.py:153} INFO - Started process (PID=470) to work on /home/airflow/.local/lib/python3.7/site-packages/airflow/example_dags/example_local_kubernetes_executor.py
[2022-12-27T11:25:33.598+0000] {processor.py:743} INFO - Processing file /home/airflow/.local/lib/python3.7/site-packages/airflow/example_dags/example_local_kubernetes_executor.py for tasks to queue
[2022-12-27T11:25:33.599+0000] {logging_mixin.py:137} INFO - [2022-12-27T11:25:33.599+0000] {dagbag.py:538} INFO - Filling up the DagBag from /home/airflow/.local/lib/python3.7/site-packages/airflow/example_dags/example_local_kubernetes_executor.py
[2022-12-27T11:25:33.638+0000] {processor.py:753} INFO - DAG(s) dict_keys(['example_local_kubernetes_executor']) retrieved from /home/airflow/.local/lib/python3.7/site-packages/airflow/example_dags/example_local_kubernetes_executor.py
[2022-12-27T11:25:33.694+0000] {logging_mixin.py:137} INFO - [2022-12-27T11:25:33.694+0000] {dag.py:2676} INFO - Sync 1 DAGs
[2022-12-27T11:25:33.740+0000] {logging_mixin.py:137} INFO - [2022-12-27T11:25:33.740+0000] {dag.py:3427} INFO - Setting next_dagrun for example_local_kubernetes_executor to None, run_after=None
[2022-12-27T11:25:34.377+0000] {processor.py:175} INFO - Processing /home/airflow/.local/lib/python3.7/site-packages/airflow/example_dags/example_local_kubernetes_executor.py took 0.787 seconds
[2022-12-27T11:26:05.234+0000] {processor.py:153} INFO - Started process (PID=532) to work on /home/airflow/.local/lib/python3.7/site-packages/airflow/example_dags/example_local_kubernetes_executor.py
[2022-12-27T11:26:05.235+0000] {processor.py:743} INFO - Processing file /home/airflow/.local/lib/python3.7/site-packages/airflow/example_dags/example_local_kubernetes_executor.py for tasks to queue
[2022-12-27T11:26:05.237+0000] {logging_mixin.py:137} INFO - [2022-12-27T11:26:05.236+0000] {dagbag.py:538} INFO - Filling up the DagBag from /home/airflow/.local/lib/python3.7/site-packages/airflow/example_dags/example_local_kubernetes_executor.py
[2022-12-27T11:26:05.266+0000] {processor.py:753} INFO - DAG(s) dict_keys(['example_local_kubernetes_executor']) retrieved from /home/airflow/.local/lib/python3.7/site-packages/airflow/example_dags/example_local_kubernetes_executor.py
[2022-12-27T11:26:05.313+0000] {logging_mixin.py:137} INFO - [2022-12-27T11:26:05.313+0000] {dag.py:2676} INFO - Sync 1 DAGs
[2022-12-27T11:26:05.361+0000] {logging_mixin.py:137} INFO - [2022-12-27T11:26:05.361+0000] {dag.py:3427} INFO - Setting next_dagrun for example_local_kubernetes_executor to None, run_after=None
[2022-12-27T11:26:05.415+0000] {processor.py:175} INFO - Processing /home/airflow/.local/lib/python3.7/site-packages/airflow/example_dags/example_local_kubernetes_executor.py took 0.188 seconds
[2022-12-27T11:26:35.548+0000] {processor.py:153} INFO - Started process (PID=594) to work on /home/airflow/.local/lib/python3.7/site-packages/airflow/example_dags/example_local_kubernetes_executor.py
[2022-12-27T11:26:35.549+0000] {processor.py:743} INFO - Processing file /home/airflow/.local/lib/python3.7/site-packages/airflow/example_dags/example_local_kubernetes_executor.py for tasks to queue
[2022-12-27T11:26:35.550+0000] {logging_mixin.py:137} INFO - [2022-12-27T11:26:35.550+0000] {dagbag.py:538} INFO - Filling up the DagBag from /home/airflow/.local/lib/python3.7/site-packages/airflow/example_dags/example_local_kubernetes_executor.py
[2022-12-27T11:26:35.584+0000] {processor.py:753} INFO - DAG(s) dict_keys(['example_local_kubernetes_executor']) retrieved from /home/airflow/.local/lib/python3.7/site-packages/airflow/example_dags/example_local_kubernetes_executor.py
[2022-12-27T11:26:35.646+0000] {logging_mixin.py:137} INFO - [2022-12-27T11:26:35.645+0000] {dag.py:2676} INFO - Sync 1 DAGs
[2022-12-27T11:26:35.682+0000] {logging_mixin.py:137} INFO - [2022-12-27T11:26:35.682+0000] {dag.py:3427} INFO - Setting next_dagrun for example_local_kubernetes_executor to None, run_after=None
[2022-12-27T11:26:35.750+0000] {processor.py:175} INFO - Processing /home/airflow/.local/lib/python3.7/site-packages/airflow/example_dags/example_local_kubernetes_executor.py took 0.209 seconds
[2022-12-27T11:27:05.979+0000] {processor.py:153} INFO - Started process (PID=655) to work on /home/airflow/.local/lib/python3.7/site-packages/airflow/example_dags/example_local_kubernetes_executor.py
[2022-12-27T11:27:05.980+0000] {processor.py:743} INFO - Processing file /home/airflow/.local/lib/python3.7/site-packages/airflow/example_dags/example_local_kubernetes_executor.py for tasks to queue
[2022-12-27T11:27:05.981+0000] {logging_mixin.py:137} INFO - [2022-12-27T11:27:05.981+0000] {dagbag.py:538} INFO - Filling up the DagBag from /home/airflow/.local/lib/python3.7/site-packages/airflow/example_dags/example_local_kubernetes_executor.py
[2022-12-27T11:27:06.012+0000] {processor.py:753} INFO - DAG(s) dict_keys(['example_local_kubernetes_executor']) retrieved from /home/airflow/.local/lib/python3.7/site-packages/airflow/example_dags/example_local_kubernetes_executor.py
[2022-12-27T11:27:06.067+0000] {logging_mixin.py:137} INFO - [2022-12-27T11:27:06.067+0000] {dag.py:2676} INFO - Sync 1 DAGs
[2022-12-27T11:27:06.101+0000] {logging_mixin.py:137} INFO - [2022-12-27T11:27:06.101+0000] {dag.py:3427} INFO - Setting next_dagrun for example_local_kubernetes_executor to None, run_after=None
[2022-12-27T11:27:06.147+0000] {processor.py:175} INFO - Processing /home/airflow/.local/lib/python3.7/site-packages/airflow/example_dags/example_local_kubernetes_executor.py took 0.173 seconds
[2022-12-27T11:27:36.264+0000] {processor.py:153} INFO - Started process (PID=723) to work on /home/airflow/.local/lib/python3.7/site-packages/airflow/example_dags/example_local_kubernetes_executor.py
[2022-12-27T11:27:36.265+0000] {processor.py:743} INFO - Processing file /home/airflow/.local/lib/python3.7/site-packages/airflow/example_dags/example_local_kubernetes_executor.py for tasks to queue
[2022-12-27T11:27:36.266+0000] {logging_mixin.py:137} INFO - [2022-12-27T11:27:36.266+0000] {dagbag.py:538} INFO - Filling up the DagBag from /home/airflow/.local/lib/python3.7/site-packages/airflow/example_dags/example_local_kubernetes_executor.py
[2022-12-27T11:27:36.312+0000] {processor.py:753} INFO - DAG(s) dict_keys(['example_local_kubernetes_executor']) retrieved from /home/airflow/.local/lib/python3.7/site-packages/airflow/example_dags/example_local_kubernetes_executor.py
[2022-12-27T11:27:36.387+0000] {logging_mixin.py:137} INFO - [2022-12-27T11:27:36.387+0000] {dag.py:2676} INFO - Sync 1 DAGs
[2022-12-27T11:27:36.425+0000] {logging_mixin.py:137} INFO - [2022-12-27T11:27:36.425+0000] {dag.py:3427} INFO - Setting next_dagrun for example_local_kubernetes_executor to None, run_after=None
[2022-12-27T11:27:36.552+0000] {processor.py:175} INFO - Processing /home/airflow/.local/lib/python3.7/site-packages/airflow/example_dags/example_local_kubernetes_executor.py took 0.295 seconds
[2022-12-27T11:28:06.693+0000] {processor.py:153} INFO - Started process (PID=790) to work on /home/airflow/.local/lib/python3.7/site-packages/airflow/example_dags/example_local_kubernetes_executor.py
[2022-12-27T11:28:06.694+0000] {processor.py:743} INFO - Processing file /home/airflow/.local/lib/python3.7/site-packages/airflow/example_dags/example_local_kubernetes_executor.py for tasks to queue
[2022-12-27T11:28:06.695+0000] {logging_mixin.py:137} INFO - [2022-12-27T11:28:06.695+0000] {dagbag.py:538} INFO - Filling up the DagBag from /home/airflow/.local/lib/python3.7/site-packages/airflow/example_dags/example_local_kubernetes_executor.py
[2022-12-27T11:28:06.721+0000] {processor.py:753} INFO - DAG(s) dict_keys(['example_local_kubernetes_executor']) retrieved from /home/airflow/.local/lib/python3.7/site-packages/airflow/example_dags/example_local_kubernetes_executor.py
[2022-12-27T11:28:06.770+0000] {logging_mixin.py:137} INFO - [2022-12-27T11:28:06.770+0000] {dag.py:2676} INFO - Sync 1 DAGs
[2022-12-27T11:28:06.799+0000] {logging_mixin.py:137} INFO - [2022-12-27T11:28:06.798+0000] {dag.py:3427} INFO - Setting next_dagrun for example_local_kubernetes_executor to None, run_after=None
[2022-12-27T11:28:06.847+0000] {processor.py:175} INFO - Processing /home/airflow/.local/lib/python3.7/site-packages/airflow/example_dags/example_local_kubernetes_executor.py took 0.158 seconds
[2022-12-27T11:28:36.982+0000] {processor.py:153} INFO - Started process (PID=852) to work on /home/airflow/.local/lib/python3.7/site-packages/airflow/example_dags/example_local_kubernetes_executor.py
[2022-12-27T11:28:36.984+0000] {processor.py:743} INFO - Processing file /home/airflow/.local/lib/python3.7/site-packages/airflow/example_dags/example_local_kubernetes_executor.py for tasks to queue
[2022-12-27T11:28:36.985+0000] {logging_mixin.py:137} INFO - [2022-12-27T11:28:36.984+0000] {dagbag.py:538} INFO - Filling up the DagBag from /home/airflow/.local/lib/python3.7/site-packages/airflow/example_dags/example_local_kubernetes_executor.py
[2022-12-27T11:28:37.015+0000] {processor.py:753} INFO - DAG(s) dict_keys(['example_local_kubernetes_executor']) retrieved from /home/airflow/.local/lib/python3.7/site-packages/airflow/example_dags/example_local_kubernetes_executor.py
[2022-12-27T11:28:37.076+0000] {logging_mixin.py:137} INFO - [2022-12-27T11:28:37.076+0000] {dag.py:2676} INFO - Sync 1 DAGs
[2022-12-27T11:28:37.121+0000] {logging_mixin.py:137} INFO - [2022-12-27T11:28:37.120+0000] {dag.py:3427} INFO - Setting next_dagrun for example_local_kubernetes_executor to None, run_after=None
[2022-12-27T11:28:37.172+0000] {processor.py:175} INFO - Processing /home/airflow/.local/lib/python3.7/site-packages/airflow/example_dags/example_local_kubernetes_executor.py took 0.194 seconds
[2022-12-27T11:29:07.716+0000] {processor.py:153} INFO - Started process (PID=915) to work on /home/airflow/.local/lib/python3.7/site-packages/airflow/example_dags/example_local_kubernetes_executor.py
[2022-12-27T11:29:07.718+0000] {processor.py:743} INFO - Processing file /home/airflow/.local/lib/python3.7/site-packages/airflow/example_dags/example_local_kubernetes_executor.py for tasks to queue
[2022-12-27T11:29:07.720+0000] {logging_mixin.py:137} INFO - [2022-12-27T11:29:07.719+0000] {dagbag.py:538} INFO - Filling up the DagBag from /home/airflow/.local/lib/python3.7/site-packages/airflow/example_dags/example_local_kubernetes_executor.py
[2022-12-27T11:29:07.791+0000] {processor.py:753} INFO - DAG(s) dict_keys(['example_local_kubernetes_executor']) retrieved from /home/airflow/.local/lib/python3.7/site-packages/airflow/example_dags/example_local_kubernetes_executor.py
[2022-12-27T11:29:07.876+0000] {logging_mixin.py:137} INFO - [2022-12-27T11:29:07.875+0000] {dag.py:2676} INFO - Sync 1 DAGs
[2022-12-27T11:29:07.934+0000] {logging_mixin.py:137} INFO - [2022-12-27T11:29:07.934+0000] {dag.py:3427} INFO - Setting next_dagrun for example_local_kubernetes_executor to None, run_after=None
[2022-12-27T11:29:08.002+0000] {processor.py:175} INFO - Processing /home/airflow/.local/lib/python3.7/site-packages/airflow/example_dags/example_local_kubernetes_executor.py took 0.297 seconds
[2022-12-27T11:29:38.459+0000] {processor.py:153} INFO - Started process (PID=989) to work on /home/airflow/.local/lib/python3.7/site-packages/airflow/example_dags/example_local_kubernetes_executor.py
[2022-12-27T11:29:38.461+0000] {processor.py:743} INFO - Processing file /home/airflow/.local/lib/python3.7/site-packages/airflow/example_dags/example_local_kubernetes_executor.py for tasks to queue
[2022-12-27T11:29:38.463+0000] {logging_mixin.py:137} INFO - [2022-12-27T11:29:38.463+0000] {dagbag.py:538} INFO - Filling up the DagBag from /home/airflow/.local/lib/python3.7/site-packages/airflow/example_dags/example_local_kubernetes_executor.py
[2022-12-27T11:29:38.517+0000] {processor.py:753} INFO - DAG(s) dict_keys(['example_local_kubernetes_executor']) retrieved from /home/airflow/.local/lib/python3.7/site-packages/airflow/example_dags/example_local_kubernetes_executor.py
[2022-12-27T11:29:38.580+0000] {logging_mixin.py:137} INFO - [2022-12-27T11:29:38.580+0000] {dag.py:2676} INFO - Sync 1 DAGs
[2022-12-27T11:29:38.608+0000] {logging_mixin.py:137} INFO - [2022-12-27T11:29:38.608+0000] {dag.py:3427} INFO - Setting next_dagrun for example_local_kubernetes_executor to None, run_after=None
[2022-12-27T11:29:38.656+0000] {processor.py:175} INFO - Processing /home/airflow/.local/lib/python3.7/site-packages/airflow/example_dags/example_local_kubernetes_executor.py took 0.207 seconds
[2022-12-27T11:30:09.366+0000] {processor.py:153} INFO - Started process (PID=1051) to work on /home/airflow/.local/lib/python3.7/site-packages/airflow/example_dags/example_local_kubernetes_executor.py
[2022-12-27T11:30:09.367+0000] {processor.py:743} INFO - Processing file /home/airflow/.local/lib/python3.7/site-packages/airflow/example_dags/example_local_kubernetes_executor.py for tasks to queue
[2022-12-27T11:30:09.368+0000] {logging_mixin.py:137} INFO - [2022-12-27T11:30:09.368+0000] {dagbag.py:538} INFO - Filling up the DagBag from /home/airflow/.local/lib/python3.7/site-packages/airflow/example_dags/example_local_kubernetes_executor.py
[2022-12-27T11:30:09.400+0000] {processor.py:753} INFO - DAG(s) dict_keys(['example_local_kubernetes_executor']) retrieved from /home/airflow/.local/lib/python3.7/site-packages/airflow/example_dags/example_local_kubernetes_executor.py
[2022-12-27T11:30:09.452+0000] {logging_mixin.py:137} INFO - [2022-12-27T11:30:09.451+0000] {dag.py:2676} INFO - Sync 1 DAGs
[2022-12-27T11:30:09.485+0000] {logging_mixin.py:137} INFO - [2022-12-27T11:30:09.485+0000] {dag.py:3427} INFO - Setting next_dagrun for example_local_kubernetes_executor to None, run_after=None
[2022-12-27T11:30:09.577+0000] {processor.py:175} INFO - Processing /home/airflow/.local/lib/python3.7/site-packages/airflow/example_dags/example_local_kubernetes_executor.py took 0.215 seconds
[2022-12-27T11:30:40.296+0000] {processor.py:153} INFO - Started process (PID=1119) to work on /home/airflow/.local/lib/python3.7/site-packages/airflow/example_dags/example_local_kubernetes_executor.py
[2022-12-27T11:30:40.298+0000] {processor.py:743} INFO - Processing file /home/airflow/.local/lib/python3.7/site-packages/airflow/example_dags/example_local_kubernetes_executor.py for tasks to queue
[2022-12-27T11:30:40.299+0000] {logging_mixin.py:137} INFO - [2022-12-27T11:30:40.299+0000] {dagbag.py:538} INFO - Filling up the DagBag from /home/airflow/.local/lib/python3.7/site-packages/airflow/example_dags/example_local_kubernetes_executor.py
[2022-12-27T11:30:40.339+0000] {processor.py:753} INFO - DAG(s) dict_keys(['example_local_kubernetes_executor']) retrieved from /home/airflow/.local/lib/python3.7/site-packages/airflow/example_dags/example_local_kubernetes_executor.py
[2022-12-27T11:30:40.412+0000] {logging_mixin.py:137} INFO - [2022-12-27T11:30:40.412+0000] {dag.py:2676} INFO - Sync 1 DAGs
[2022-12-27T11:30:40.465+0000] {logging_mixin.py:137} INFO - [2022-12-27T11:30:40.464+0000] {dag.py:3427} INFO - Setting next_dagrun for example_local_kubernetes_executor to None, run_after=None
[2022-12-27T11:30:40.529+0000] {processor.py:175} INFO - Processing /home/airflow/.local/lib/python3.7/site-packages/airflow/example_dags/example_local_kubernetes_executor.py took 0.240 seconds
[2022-12-27T11:31:10.602+0000] {processor.py:153} INFO - Started process (PID=1188) to work on /home/airflow/.local/lib/python3.7/site-packages/airflow/example_dags/example_local_kubernetes_executor.py
[2022-12-27T11:31:10.603+0000] {processor.py:743} INFO - Processing file /home/airflow/.local/lib/python3.7/site-packages/airflow/example_dags/example_local_kubernetes_executor.py for tasks to queue
[2022-12-27T11:31:10.604+0000] {logging_mixin.py:137} INFO - [2022-12-27T11:31:10.604+0000] {dagbag.py:538} INFO - Filling up the DagBag from /home/airflow/.local/lib/python3.7/site-packages/airflow/example_dags/example_local_kubernetes_executor.py
[2022-12-27T11:31:10.631+0000] {processor.py:753} INFO - DAG(s) dict_keys(['example_local_kubernetes_executor']) retrieved from /home/airflow/.local/lib/python3.7/site-packages/airflow/example_dags/example_local_kubernetes_executor.py
[2022-12-27T11:31:10.678+0000] {logging_mixin.py:137} INFO - [2022-12-27T11:31:10.677+0000] {dag.py:2676} INFO - Sync 1 DAGs
[2022-12-27T11:31:10.705+0000] {logging_mixin.py:137} INFO - [2022-12-27T11:31:10.705+0000] {dag.py:3427} INFO - Setting next_dagrun for example_local_kubernetes_executor to None, run_after=None
[2022-12-27T11:31:10.759+0000] {processor.py:175} INFO - Processing /home/airflow/.local/lib/python3.7/site-packages/airflow/example_dags/example_local_kubernetes_executor.py took 0.161 seconds
[2022-12-27T11:31:41.068+0000] {processor.py:153} INFO - Started process (PID=1250) to work on /home/airflow/.local/lib/python3.7/site-packages/airflow/example_dags/example_local_kubernetes_executor.py
[2022-12-27T11:31:41.070+0000] {processor.py:743} INFO - Processing file /home/airflow/.local/lib/python3.7/site-packages/airflow/example_dags/example_local_kubernetes_executor.py for tasks to queue
[2022-12-27T11:31:41.072+0000] {logging_mixin.py:137} INFO - [2022-12-27T11:31:41.072+0000] {dagbag.py:538} INFO - Filling up the DagBag from /home/airflow/.local/lib/python3.7/site-packages/airflow/example_dags/example_local_kubernetes_executor.py
[2022-12-27T11:31:41.144+0000] {processor.py:753} INFO - DAG(s) dict_keys(['example_local_kubernetes_executor']) retrieved from /home/airflow/.local/lib/python3.7/site-packages/airflow/example_dags/example_local_kubernetes_executor.py
[2022-12-27T11:31:41.230+0000] {logging_mixin.py:137} INFO - [2022-12-27T11:31:41.230+0000] {dag.py:2676} INFO - Sync 1 DAGs
[2022-12-27T11:31:41.287+0000] {logging_mixin.py:137} INFO - [2022-12-27T11:31:41.287+0000] {dag.py:3427} INFO - Setting next_dagrun for example_local_kubernetes_executor to None, run_after=None
[2022-12-27T11:31:41.360+0000] {processor.py:175} INFO - Processing /home/airflow/.local/lib/python3.7/site-packages/airflow/example_dags/example_local_kubernetes_executor.py took 0.299 seconds
[2022-12-27T11:32:12.270+0000] {processor.py:153} INFO - Started process (PID=1324) to work on /home/airflow/.local/lib/python3.7/site-packages/airflow/example_dags/example_local_kubernetes_executor.py
[2022-12-27T11:32:12.271+0000] {processor.py:743} INFO - Processing file /home/airflow/.local/lib/python3.7/site-packages/airflow/example_dags/example_local_kubernetes_executor.py for tasks to queue
[2022-12-27T11:32:12.272+0000] {logging_mixin.py:137} INFO - [2022-12-27T11:32:12.271+0000] {dagbag.py:538} INFO - Filling up the DagBag from /home/airflow/.local/lib/python3.7/site-packages/airflow/example_dags/example_local_kubernetes_executor.py
[2022-12-27T11:32:12.297+0000] {processor.py:753} INFO - DAG(s) dict_keys(['example_local_kubernetes_executor']) retrieved from /home/airflow/.local/lib/python3.7/site-packages/airflow/example_dags/example_local_kubernetes_executor.py
[2022-12-27T11:32:12.349+0000] {logging_mixin.py:137} INFO - [2022-12-27T11:32:12.349+0000] {dag.py:2676} INFO - Sync 1 DAGs
[2022-12-27T11:32:12.380+0000] {logging_mixin.py:137} INFO - [2022-12-27T11:32:12.380+0000] {dag.py:3427} INFO - Setting next_dagrun for example_local_kubernetes_executor to None, run_after=None
[2022-12-27T11:32:12.471+0000] {processor.py:175} INFO - Processing /home/airflow/.local/lib/python3.7/site-packages/airflow/example_dags/example_local_kubernetes_executor.py took 0.206 seconds
[2022-12-27T11:32:42.913+0000] {processor.py:153} INFO - Started process (PID=1387) to work on /home/airflow/.local/lib/python3.7/site-packages/airflow/example_dags/example_local_kubernetes_executor.py
[2022-12-27T11:32:42.914+0000] {processor.py:743} INFO - Processing file /home/airflow/.local/lib/python3.7/site-packages/airflow/example_dags/example_local_kubernetes_executor.py for tasks to queue
[2022-12-27T11:32:42.915+0000] {logging_mixin.py:137} INFO - [2022-12-27T11:32:42.915+0000] {dagbag.py:538} INFO - Filling up the DagBag from /home/airflow/.local/lib/python3.7/site-packages/airflow/example_dags/example_local_kubernetes_executor.py
[2022-12-27T11:32:42.944+0000] {processor.py:753} INFO - DAG(s) dict_keys(['example_local_kubernetes_executor']) retrieved from /home/airflow/.local/lib/python3.7/site-packages/airflow/example_dags/example_local_kubernetes_executor.py
[2022-12-27T11:32:42.990+0000] {logging_mixin.py:137} INFO - [2022-12-27T11:32:42.990+0000] {dag.py:2676} INFO - Sync 1 DAGs
[2022-12-27T11:32:43.020+0000] {logging_mixin.py:137} INFO - [2022-12-27T11:32:43.020+0000] {dag.py:3427} INFO - Setting next_dagrun for example_local_kubernetes_executor to None, run_after=None
[2022-12-27T11:32:43.077+0000] {processor.py:175} INFO - Processing /home/airflow/.local/lib/python3.7/site-packages/airflow/example_dags/example_local_kubernetes_executor.py took 0.169 seconds
[2022-12-27T11:33:13.464+0000] {processor.py:153} INFO - Started process (PID=1449) to work on /home/airflow/.local/lib/python3.7/site-packages/airflow/example_dags/example_local_kubernetes_executor.py
[2022-12-27T11:33:13.465+0000] {processor.py:743} INFO - Processing file /home/airflow/.local/lib/python3.7/site-packages/airflow/example_dags/example_local_kubernetes_executor.py for tasks to queue
[2022-12-27T11:33:13.466+0000] {logging_mixin.py:137} INFO - [2022-12-27T11:33:13.466+0000] {dagbag.py:538} INFO - Filling up the DagBag from /home/airflow/.local/lib/python3.7/site-packages/airflow/example_dags/example_local_kubernetes_executor.py
[2022-12-27T11:33:13.494+0000] {processor.py:753} INFO - DAG(s) dict_keys(['example_local_kubernetes_executor']) retrieved from /home/airflow/.local/lib/python3.7/site-packages/airflow/example_dags/example_local_kubernetes_executor.py
[2022-12-27T11:33:13.550+0000] {logging_mixin.py:137} INFO - [2022-12-27T11:33:13.550+0000] {dag.py:2676} INFO - Sync 1 DAGs
[2022-12-27T11:33:13.583+0000] {logging_mixin.py:137} INFO - [2022-12-27T11:33:13.583+0000] {dag.py:3427} INFO - Setting next_dagrun for example_local_kubernetes_executor to None, run_after=None
[2022-12-27T11:33:13.635+0000] {processor.py:175} INFO - Processing /home/airflow/.local/lib/python3.7/site-packages/airflow/example_dags/example_local_kubernetes_executor.py took 0.175 seconds
[2022-12-27T11:33:44.556+0000] {processor.py:153} INFO - Started process (PID=1523) to work on /home/airflow/.local/lib/python3.7/site-packages/airflow/example_dags/example_local_kubernetes_executor.py
[2022-12-27T11:33:44.558+0000] {processor.py:743} INFO - Processing file /home/airflow/.local/lib/python3.7/site-packages/airflow/example_dags/example_local_kubernetes_executor.py for tasks to queue
[2022-12-27T11:33:44.560+0000] {logging_mixin.py:137} INFO - [2022-12-27T11:33:44.560+0000] {dagbag.py:538} INFO - Filling up the DagBag from /home/airflow/.local/lib/python3.7/site-packages/airflow/example_dags/example_local_kubernetes_executor.py
[2022-12-27T11:33:44.615+0000] {processor.py:753} INFO - DAG(s) dict_keys(['example_local_kubernetes_executor']) retrieved from /home/airflow/.local/lib/python3.7/site-packages/airflow/example_dags/example_local_kubernetes_executor.py
[2022-12-27T11:33:44.716+0000] {logging_mixin.py:137} INFO - [2022-12-27T11:33:44.715+0000] {dag.py:2676} INFO - Sync 1 DAGs
[2022-12-27T11:33:44.788+0000] {logging_mixin.py:137} INFO - [2022-12-27T11:33:44.787+0000] {dag.py:3427} INFO - Setting next_dagrun for example_local_kubernetes_executor to None, run_after=None
[2022-12-27T11:33:44.885+0000] {processor.py:175} INFO - Processing /home/airflow/.local/lib/python3.7/site-packages/airflow/example_dags/example_local_kubernetes_executor.py took 0.336 seconds
[2022-12-27T11:34:15.022+0000] {processor.py:153} INFO - Started process (PID=1585) to work on /home/airflow/.local/lib/python3.7/site-packages/airflow/example_dags/example_local_kubernetes_executor.py
[2022-12-27T11:34:15.024+0000] {processor.py:743} INFO - Processing file /home/airflow/.local/lib/python3.7/site-packages/airflow/example_dags/example_local_kubernetes_executor.py for tasks to queue
[2022-12-27T11:34:15.025+0000] {logging_mixin.py:137} INFO - [2022-12-27T11:34:15.025+0000] {dagbag.py:538} INFO - Filling up the DagBag from /home/airflow/.local/lib/python3.7/site-packages/airflow/example_dags/example_local_kubernetes_executor.py
[2022-12-27T11:34:15.077+0000] {processor.py:753} INFO - DAG(s) dict_keys(['example_local_kubernetes_executor']) retrieved from /home/airflow/.local/lib/python3.7/site-packages/airflow/example_dags/example_local_kubernetes_executor.py
[2022-12-27T11:34:15.168+0000] {logging_mixin.py:137} INFO - [2022-12-27T11:34:15.168+0000] {dag.py:2676} INFO - Sync 1 DAGs
[2022-12-27T11:34:15.211+0000] {logging_mixin.py:137} INFO - [2022-12-27T11:34:15.211+0000] {dag.py:3427} INFO - Setting next_dagrun for example_local_kubernetes_executor to None, run_after=None
[2022-12-27T11:34:15.411+0000] {processor.py:175} INFO - Processing /home/airflow/.local/lib/python3.7/site-packages/airflow/example_dags/example_local_kubernetes_executor.py took 0.397 seconds
[2022-12-27T11:34:46.179+0000] {processor.py:153} INFO - Started process (PID=1647) to work on /home/airflow/.local/lib/python3.7/site-packages/airflow/example_dags/example_local_kubernetes_executor.py
[2022-12-27T11:34:46.180+0000] {processor.py:743} INFO - Processing file /home/airflow/.local/lib/python3.7/site-packages/airflow/example_dags/example_local_kubernetes_executor.py for tasks to queue
[2022-12-27T11:34:46.181+0000] {logging_mixin.py:137} INFO - [2022-12-27T11:34:46.181+0000] {dagbag.py:538} INFO - Filling up the DagBag from /home/airflow/.local/lib/python3.7/site-packages/airflow/example_dags/example_local_kubernetes_executor.py
[2022-12-27T11:34:46.210+0000] {processor.py:753} INFO - DAG(s) dict_keys(['example_local_kubernetes_executor']) retrieved from /home/airflow/.local/lib/python3.7/site-packages/airflow/example_dags/example_local_kubernetes_executor.py
[2022-12-27T11:34:46.260+0000] {logging_mixin.py:137} INFO - [2022-12-27T11:34:46.259+0000] {dag.py:2676} INFO - Sync 1 DAGs
[2022-12-27T11:34:46.292+0000] {logging_mixin.py:137} INFO - [2022-12-27T11:34:46.291+0000] {dag.py:3427} INFO - Setting next_dagrun for example_local_kubernetes_executor to None, run_after=None
[2022-12-27T11:34:46.335+0000] {processor.py:175} INFO - Processing /home/airflow/.local/lib/python3.7/site-packages/airflow/example_dags/example_local_kubernetes_executor.py took 0.161 seconds
[2022-12-27T11:35:16.597+0000] {processor.py:153} INFO - Started process (PID=1721) to work on /home/airflow/.local/lib/python3.7/site-packages/airflow/example_dags/example_local_kubernetes_executor.py
[2022-12-27T11:35:16.599+0000] {processor.py:743} INFO - Processing file /home/airflow/.local/lib/python3.7/site-packages/airflow/example_dags/example_local_kubernetes_executor.py for tasks to queue
[2022-12-27T11:35:16.600+0000] {logging_mixin.py:137} INFO - [2022-12-27T11:35:16.600+0000] {dagbag.py:538} INFO - Filling up the DagBag from /home/airflow/.local/lib/python3.7/site-packages/airflow/example_dags/example_local_kubernetes_executor.py
[2022-12-27T11:35:16.653+0000] {processor.py:753} INFO - DAG(s) dict_keys(['example_local_kubernetes_executor']) retrieved from /home/airflow/.local/lib/python3.7/site-packages/airflow/example_dags/example_local_kubernetes_executor.py
[2022-12-27T11:35:16.755+0000] {logging_mixin.py:137} INFO - [2022-12-27T11:35:16.755+0000] {dag.py:2676} INFO - Sync 1 DAGs
[2022-12-27T11:35:16.850+0000] {logging_mixin.py:137} INFO - [2022-12-27T11:35:16.849+0000] {dag.py:3427} INFO - Setting next_dagrun for example_local_kubernetes_executor to None, run_after=None
[2022-12-27T11:35:16.926+0000] {processor.py:175} INFO - Processing /home/airflow/.local/lib/python3.7/site-packages/airflow/example_dags/example_local_kubernetes_executor.py took 0.337 seconds
[2022-12-27T11:35:47.273+0000] {processor.py:153} INFO - Started process (PID=1784) to work on /home/airflow/.local/lib/python3.7/site-packages/airflow/example_dags/example_local_kubernetes_executor.py
[2022-12-27T11:35:47.274+0000] {processor.py:743} INFO - Processing file /home/airflow/.local/lib/python3.7/site-packages/airflow/example_dags/example_local_kubernetes_executor.py for tasks to queue
[2022-12-27T11:35:47.274+0000] {logging_mixin.py:137} INFO - [2022-12-27T11:35:47.274+0000] {dagbag.py:538} INFO - Filling up the DagBag from /home/airflow/.local/lib/python3.7/site-packages/airflow/example_dags/example_local_kubernetes_executor.py
[2022-12-27T11:35:47.300+0000] {processor.py:753} INFO - DAG(s) dict_keys(['example_local_kubernetes_executor']) retrieved from /home/airflow/.local/lib/python3.7/site-packages/airflow/example_dags/example_local_kubernetes_executor.py
[2022-12-27T11:35:47.340+0000] {logging_mixin.py:137} INFO - [2022-12-27T11:35:47.340+0000] {dag.py:2676} INFO - Sync 1 DAGs
[2022-12-27T11:35:47.365+0000] {logging_mixin.py:137} INFO - [2022-12-27T11:35:47.365+0000] {dag.py:3427} INFO - Setting next_dagrun for example_local_kubernetes_executor to None, run_after=None
[2022-12-27T11:35:47.407+0000] {processor.py:175} INFO - Processing /home/airflow/.local/lib/python3.7/site-packages/airflow/example_dags/example_local_kubernetes_executor.py took 0.139 seconds
[2022-12-27T11:36:18.218+0000] {processor.py:153} INFO - Started process (PID=1847) to work on /home/airflow/.local/lib/python3.7/site-packages/airflow/example_dags/example_local_kubernetes_executor.py
[2022-12-27T11:36:18.220+0000] {processor.py:743} INFO - Processing file /home/airflow/.local/lib/python3.7/site-packages/airflow/example_dags/example_local_kubernetes_executor.py for tasks to queue
[2022-12-27T11:36:18.222+0000] {logging_mixin.py:137} INFO - [2022-12-27T11:36:18.222+0000] {dagbag.py:538} INFO - Filling up the DagBag from /home/airflow/.local/lib/python3.7/site-packages/airflow/example_dags/example_local_kubernetes_executor.py
[2022-12-27T11:36:18.274+0000] {processor.py:753} INFO - DAG(s) dict_keys(['example_local_kubernetes_executor']) retrieved from /home/airflow/.local/lib/python3.7/site-packages/airflow/example_dags/example_local_kubernetes_executor.py
[2022-12-27T11:36:18.362+0000] {logging_mixin.py:137} INFO - [2022-12-27T11:36:18.362+0000] {dag.py:2676} INFO - Sync 1 DAGs
[2022-12-27T11:36:18.420+0000] {logging_mixin.py:137} INFO - [2022-12-27T11:36:18.420+0000] {dag.py:3427} INFO - Setting next_dagrun for example_local_kubernetes_executor to None, run_after=None
[2022-12-27T11:36:18.504+0000] {processor.py:175} INFO - Processing /home/airflow/.local/lib/python3.7/site-packages/airflow/example_dags/example_local_kubernetes_executor.py took 0.296 seconds
[2022-12-27T11:36:48.555+0000] {processor.py:153} INFO - Started process (PID=1909) to work on /home/airflow/.local/lib/python3.7/site-packages/airflow/example_dags/example_local_kubernetes_executor.py
[2022-12-27T11:36:48.556+0000] {processor.py:743} INFO - Processing file /home/airflow/.local/lib/python3.7/site-packages/airflow/example_dags/example_local_kubernetes_executor.py for tasks to queue
[2022-12-27T11:36:48.556+0000] {logging_mixin.py:137} INFO - [2022-12-27T11:36:48.556+0000] {dagbag.py:538} INFO - Filling up the DagBag from /home/airflow/.local/lib/python3.7/site-packages/airflow/example_dags/example_local_kubernetes_executor.py
[2022-12-27T11:36:48.583+0000] {processor.py:753} INFO - DAG(s) dict_keys(['example_local_kubernetes_executor']) retrieved from /home/airflow/.local/lib/python3.7/site-packages/airflow/example_dags/example_local_kubernetes_executor.py
[2022-12-27T11:36:48.626+0000] {logging_mixin.py:137} INFO - [2022-12-27T11:36:48.625+0000] {dag.py:2676} INFO - Sync 1 DAGs
[2022-12-27T11:36:48.657+0000] {logging_mixin.py:137} INFO - [2022-12-27T11:36:48.657+0000] {dag.py:3427} INFO - Setting next_dagrun for example_local_kubernetes_executor to None, run_after=None
[2022-12-27T11:36:48.721+0000] {processor.py:175} INFO - Processing /home/airflow/.local/lib/python3.7/site-packages/airflow/example_dags/example_local_kubernetes_executor.py took 0.170 seconds
[2022-12-27T11:37:19.505+0000] {processor.py:153} INFO - Started process (PID=1978) to work on /home/airflow/.local/lib/python3.7/site-packages/airflow/example_dags/example_local_kubernetes_executor.py
[2022-12-27T11:37:19.507+0000] {processor.py:743} INFO - Processing file /home/airflow/.local/lib/python3.7/site-packages/airflow/example_dags/example_local_kubernetes_executor.py for tasks to queue
[2022-12-27T11:37:19.508+0000] {logging_mixin.py:137} INFO - [2022-12-27T11:37:19.507+0000] {dagbag.py:538} INFO - Filling up the DagBag from /home/airflow/.local/lib/python3.7/site-packages/airflow/example_dags/example_local_kubernetes_executor.py
[2022-12-27T11:37:19.539+0000] {processor.py:753} INFO - DAG(s) dict_keys(['example_local_kubernetes_executor']) retrieved from /home/airflow/.local/lib/python3.7/site-packages/airflow/example_dags/example_local_kubernetes_executor.py
[2022-12-27T11:37:19.583+0000] {logging_mixin.py:137} INFO - [2022-12-27T11:37:19.582+0000] {dag.py:2676} INFO - Sync 1 DAGs
[2022-12-27T11:37:19.612+0000] {logging_mixin.py:137} INFO - [2022-12-27T11:37:19.612+0000] {dag.py:3427} INFO - Setting next_dagrun for example_local_kubernetes_executor to None, run_after=None
[2022-12-27T11:37:19.707+0000] {processor.py:175} INFO - Processing /home/airflow/.local/lib/python3.7/site-packages/airflow/example_dags/example_local_kubernetes_executor.py took 0.206 seconds
[2022-12-27T11:37:49.772+0000] {processor.py:153} INFO - Started process (PID=2047) to work on /home/airflow/.local/lib/python3.7/site-packages/airflow/example_dags/example_local_kubernetes_executor.py
[2022-12-27T11:37:49.773+0000] {processor.py:743} INFO - Processing file /home/airflow/.local/lib/python3.7/site-packages/airflow/example_dags/example_local_kubernetes_executor.py for tasks to queue
[2022-12-27T11:37:49.774+0000] {logging_mixin.py:137} INFO - [2022-12-27T11:37:49.774+0000] {dagbag.py:538} INFO - Filling up the DagBag from /home/airflow/.local/lib/python3.7/site-packages/airflow/example_dags/example_local_kubernetes_executor.py
[2022-12-27T11:37:49.801+0000] {processor.py:753} INFO - DAG(s) dict_keys(['example_local_kubernetes_executor']) retrieved from /home/airflow/.local/lib/python3.7/site-packages/airflow/example_dags/example_local_kubernetes_executor.py
[2022-12-27T11:37:49.845+0000] {logging_mixin.py:137} INFO - [2022-12-27T11:37:49.845+0000] {dag.py:2676} INFO - Sync 1 DAGs
[2022-12-27T11:37:49.875+0000] {logging_mixin.py:137} INFO - [2022-12-27T11:37:49.875+0000] {dag.py:3427} INFO - Setting next_dagrun for example_local_kubernetes_executor to None, run_after=None
[2022-12-27T11:37:49.958+0000] {processor.py:175} INFO - Processing /home/airflow/.local/lib/python3.7/site-packages/airflow/example_dags/example_local_kubernetes_executor.py took 0.194 seconds
[2022-12-27T11:38:20.620+0000] {processor.py:153} INFO - Started process (PID=2110) to work on /home/airflow/.local/lib/python3.7/site-packages/airflow/example_dags/example_local_kubernetes_executor.py
[2022-12-27T11:38:20.621+0000] {processor.py:743} INFO - Processing file /home/airflow/.local/lib/python3.7/site-packages/airflow/example_dags/example_local_kubernetes_executor.py for tasks to queue
[2022-12-27T11:38:20.622+0000] {logging_mixin.py:137} INFO - [2022-12-27T11:38:20.622+0000] {dagbag.py:538} INFO - Filling up the DagBag from /home/airflow/.local/lib/python3.7/site-packages/airflow/example_dags/example_local_kubernetes_executor.py
[2022-12-27T11:38:20.647+0000] {processor.py:753} INFO - DAG(s) dict_keys(['example_local_kubernetes_executor']) retrieved from /home/airflow/.local/lib/python3.7/site-packages/airflow/example_dags/example_local_kubernetes_executor.py
[2022-12-27T11:38:20.694+0000] {logging_mixin.py:137} INFO - [2022-12-27T11:38:20.694+0000] {dag.py:2676} INFO - Sync 1 DAGs
[2022-12-27T11:38:20.720+0000] {logging_mixin.py:137} INFO - [2022-12-27T11:38:20.720+0000] {dag.py:3427} INFO - Setting next_dagrun for example_local_kubernetes_executor to None, run_after=None
[2022-12-27T11:38:20.764+0000] {processor.py:175} INFO - Processing /home/airflow/.local/lib/python3.7/site-packages/airflow/example_dags/example_local_kubernetes_executor.py took 0.149 seconds
[2022-12-27T11:38:51.097+0000] {processor.py:153} INFO - Started process (PID=2179) to work on /home/airflow/.local/lib/python3.7/site-packages/airflow/example_dags/example_local_kubernetes_executor.py
[2022-12-27T11:38:51.098+0000] {processor.py:743} INFO - Processing file /home/airflow/.local/lib/python3.7/site-packages/airflow/example_dags/example_local_kubernetes_executor.py for tasks to queue
[2022-12-27T11:38:51.099+0000] {logging_mixin.py:137} INFO - [2022-12-27T11:38:51.099+0000] {dagbag.py:538} INFO - Filling up the DagBag from /home/airflow/.local/lib/python3.7/site-packages/airflow/example_dags/example_local_kubernetes_executor.py
[2022-12-27T11:38:51.138+0000] {processor.py:753} INFO - DAG(s) dict_keys(['example_local_kubernetes_executor']) retrieved from /home/airflow/.local/lib/python3.7/site-packages/airflow/example_dags/example_local_kubernetes_executor.py
[2022-12-27T11:38:51.191+0000] {logging_mixin.py:137} INFO - [2022-12-27T11:38:51.190+0000] {dag.py:2676} INFO - Sync 1 DAGs
[2022-12-27T11:38:51.223+0000] {logging_mixin.py:137} INFO - [2022-12-27T11:38:51.223+0000] {dag.py:3427} INFO - Setting next_dagrun for example_local_kubernetes_executor to None, run_after=None
[2022-12-27T11:38:51.299+0000] {processor.py:175} INFO - Processing /home/airflow/.local/lib/python3.7/site-packages/airflow/example_dags/example_local_kubernetes_executor.py took 0.209 seconds
[2022-12-27T11:39:21.665+0000] {processor.py:153} INFO - Started process (PID=2245) to work on /home/airflow/.local/lib/python3.7/site-packages/airflow/example_dags/example_local_kubernetes_executor.py
[2022-12-27T11:39:21.665+0000] {processor.py:743} INFO - Processing file /home/airflow/.local/lib/python3.7/site-packages/airflow/example_dags/example_local_kubernetes_executor.py for tasks to queue
[2022-12-27T11:39:21.666+0000] {logging_mixin.py:137} INFO - [2022-12-27T11:39:21.666+0000] {dagbag.py:538} INFO - Filling up the DagBag from /home/airflow/.local/lib/python3.7/site-packages/airflow/example_dags/example_local_kubernetes_executor.py
[2022-12-27T11:39:21.695+0000] {processor.py:753} INFO - DAG(s) dict_keys(['example_local_kubernetes_executor']) retrieved from /home/airflow/.local/lib/python3.7/site-packages/airflow/example_dags/example_local_kubernetes_executor.py
[2022-12-27T11:39:21.774+0000] {logging_mixin.py:137} INFO - [2022-12-27T11:39:21.774+0000] {dag.py:2676} INFO - Sync 1 DAGs
[2022-12-27T11:39:21.823+0000] {logging_mixin.py:137} INFO - [2022-12-27T11:39:21.822+0000] {dag.py:3427} INFO - Setting next_dagrun for example_local_kubernetes_executor to None, run_after=None
[2022-12-27T11:39:22.126+0000] {processor.py:175} INFO - Processing /home/airflow/.local/lib/python3.7/site-packages/airflow/example_dags/example_local_kubernetes_executor.py took 0.466 seconds
[2022-12-27T11:39:52.628+0000] {processor.py:153} INFO - Started process (PID=2307) to work on /home/airflow/.local/lib/python3.7/site-packages/airflow/example_dags/example_local_kubernetes_executor.py
[2022-12-27T11:39:52.630+0000] {processor.py:743} INFO - Processing file /home/airflow/.local/lib/python3.7/site-packages/airflow/example_dags/example_local_kubernetes_executor.py for tasks to queue
[2022-12-27T11:39:52.632+0000] {logging_mixin.py:137} INFO - [2022-12-27T11:39:52.632+0000] {dagbag.py:538} INFO - Filling up the DagBag from /home/airflow/.local/lib/python3.7/site-packages/airflow/example_dags/example_local_kubernetes_executor.py
[2022-12-27T11:39:52.687+0000] {processor.py:753} INFO - DAG(s) dict_keys(['example_local_kubernetes_executor']) retrieved from /home/airflow/.local/lib/python3.7/site-packages/airflow/example_dags/example_local_kubernetes_executor.py
[2022-12-27T11:39:52.774+0000] {logging_mixin.py:137} INFO - [2022-12-27T11:39:52.774+0000] {dag.py:2676} INFO - Sync 1 DAGs
[2022-12-27T11:39:52.829+0000] {logging_mixin.py:137} INFO - [2022-12-27T11:39:52.828+0000] {dag.py:3427} INFO - Setting next_dagrun for example_local_kubernetes_executor to None, run_after=None
[2022-12-27T11:39:52.906+0000] {processor.py:175} INFO - Processing /home/airflow/.local/lib/python3.7/site-packages/airflow/example_dags/example_local_kubernetes_executor.py took 0.288 seconds
[2022-12-27T11:40:23.770+0000] {processor.py:153} INFO - Started process (PID=2378) to work on /home/airflow/.local/lib/python3.7/site-packages/airflow/example_dags/example_local_kubernetes_executor.py
[2022-12-27T11:40:23.772+0000] {processor.py:743} INFO - Processing file /home/airflow/.local/lib/python3.7/site-packages/airflow/example_dags/example_local_kubernetes_executor.py for tasks to queue
[2022-12-27T11:40:23.773+0000] {logging_mixin.py:137} INFO - [2022-12-27T11:40:23.773+0000] {dagbag.py:538} INFO - Filling up the DagBag from /home/airflow/.local/lib/python3.7/site-packages/airflow/example_dags/example_local_kubernetes_executor.py
[2022-12-27T11:40:23.812+0000] {processor.py:753} INFO - DAG(s) dict_keys(['example_local_kubernetes_executor']) retrieved from /home/airflow/.local/lib/python3.7/site-packages/airflow/example_dags/example_local_kubernetes_executor.py
[2022-12-27T11:40:23.871+0000] {logging_mixin.py:137} INFO - [2022-12-27T11:40:23.870+0000] {dag.py:2676} INFO - Sync 1 DAGs
[2022-12-27T11:40:23.907+0000] {logging_mixin.py:137} INFO - [2022-12-27T11:40:23.907+0000] {dag.py:3427} INFO - Setting next_dagrun for example_local_kubernetes_executor to None, run_after=None
[2022-12-27T11:40:23.993+0000] {processor.py:175} INFO - Processing /home/airflow/.local/lib/python3.7/site-packages/airflow/example_dags/example_local_kubernetes_executor.py took 0.229 seconds
[2022-12-27T11:40:54.738+0000] {processor.py:153} INFO - Started process (PID=2431) to work on /home/airflow/.local/lib/python3.7/site-packages/airflow/example_dags/example_local_kubernetes_executor.py
[2022-12-27T11:40:54.740+0000] {processor.py:743} INFO - Processing file /home/airflow/.local/lib/python3.7/site-packages/airflow/example_dags/example_local_kubernetes_executor.py for tasks to queue
[2022-12-27T11:40:54.741+0000] {logging_mixin.py:137} INFO - [2022-12-27T11:40:54.741+0000] {dagbag.py:538} INFO - Filling up the DagBag from /home/airflow/.local/lib/python3.7/site-packages/airflow/example_dags/example_local_kubernetes_executor.py
[2022-12-27T11:40:54.767+0000] {processor.py:753} INFO - DAG(s) dict_keys(['example_local_kubernetes_executor']) retrieved from /home/airflow/.local/lib/python3.7/site-packages/airflow/example_dags/example_local_kubernetes_executor.py
[2022-12-27T11:40:54.791+0000] {logging_mixin.py:137} INFO - [2022-12-27T11:40:54.791+0000] {dag.py:2676} INFO - Sync 1 DAGs
[2022-12-27T11:40:54.818+0000] {logging_mixin.py:137} INFO - [2022-12-27T11:40:54.818+0000] {dag.py:3427} INFO - Setting next_dagrun for example_local_kubernetes_executor to None, run_after=None
[2022-12-27T11:40:54.863+0000] {processor.py:175} INFO - Processing /home/airflow/.local/lib/python3.7/site-packages/airflow/example_dags/example_local_kubernetes_executor.py took 0.129 seconds
[2022-12-27T11:41:25.314+0000] {processor.py:153} INFO - Started process (PID=2499) to work on /home/airflow/.local/lib/python3.7/site-packages/airflow/example_dags/example_local_kubernetes_executor.py
[2022-12-27T11:41:25.317+0000] {processor.py:743} INFO - Processing file /home/airflow/.local/lib/python3.7/site-packages/airflow/example_dags/example_local_kubernetes_executor.py for tasks to queue
[2022-12-27T11:41:25.322+0000] {logging_mixin.py:137} INFO - [2022-12-27T11:41:25.321+0000] {dagbag.py:538} INFO - Filling up the DagBag from /home/airflow/.local/lib/python3.7/site-packages/airflow/example_dags/example_local_kubernetes_executor.py
[2022-12-27T11:41:25.392+0000] {processor.py:753} INFO - DAG(s) dict_keys(['example_local_kubernetes_executor']) retrieved from /home/airflow/.local/lib/python3.7/site-packages/airflow/example_dags/example_local_kubernetes_executor.py
[2022-12-27T11:41:25.493+0000] {logging_mixin.py:137} INFO - [2022-12-27T11:41:25.493+0000] {dag.py:2676} INFO - Sync 1 DAGs
[2022-12-27T11:41:25.590+0000] {logging_mixin.py:137} INFO - [2022-12-27T11:41:25.589+0000] {dag.py:3427} INFO - Setting next_dagrun for example_local_kubernetes_executor to None, run_after=None
[2022-12-27T11:41:25.689+0000] {processor.py:175} INFO - Processing /home/airflow/.local/lib/python3.7/site-packages/airflow/example_dags/example_local_kubernetes_executor.py took 0.390 seconds
[2022-12-27T11:41:55.825+0000] {processor.py:153} INFO - Started process (PID=2565) to work on /home/airflow/.local/lib/python3.7/site-packages/airflow/example_dags/example_local_kubernetes_executor.py
[2022-12-27T11:41:55.832+0000] {processor.py:743} INFO - Processing file /home/airflow/.local/lib/python3.7/site-packages/airflow/example_dags/example_local_kubernetes_executor.py for tasks to queue
[2022-12-27T11:41:55.834+0000] {logging_mixin.py:137} INFO - [2022-12-27T11:41:55.833+0000] {dagbag.py:538} INFO - Filling up the DagBag from /home/airflow/.local/lib/python3.7/site-packages/airflow/example_dags/example_local_kubernetes_executor.py
[2022-12-27T11:41:55.882+0000] {processor.py:753} INFO - DAG(s) dict_keys(['example_local_kubernetes_executor']) retrieved from /home/airflow/.local/lib/python3.7/site-packages/airflow/example_dags/example_local_kubernetes_executor.py
[2022-12-27T11:41:55.937+0000] {logging_mixin.py:137} INFO - [2022-12-27T11:41:55.937+0000] {dag.py:2676} INFO - Sync 1 DAGs
[2022-12-27T11:41:55.966+0000] {logging_mixin.py:137} INFO - [2022-12-27T11:41:55.966+0000] {dag.py:3427} INFO - Setting next_dagrun for example_local_kubernetes_executor to None, run_after=None
[2022-12-27T11:41:56.123+0000] {processor.py:175} INFO - Processing /home/airflow/.local/lib/python3.7/site-packages/airflow/example_dags/example_local_kubernetes_executor.py took 0.305 seconds
