[2022-12-27T11:22:29.103+0000] {processor.py:153} INFO - Started process (PID=72) to work on /home/airflow/.local/lib/python3.7/site-packages/airflow/example_dags/example_sensors.py
[2022-12-27T11:22:29.104+0000] {processor.py:743} INFO - Processing file /home/airflow/.local/lib/python3.7/site-packages/airflow/example_dags/example_sensors.py for tasks to queue
[2022-12-27T11:22:29.105+0000] {logging_mixin.py:137} INFO - [2022-12-27T11:22:29.105+0000] {dagbag.py:538} INFO - Filling up the DagBag from /home/airflow/.local/lib/python3.7/site-packages/airflow/example_dags/example_sensors.py
[2022-12-27T11:22:29.136+0000] {processor.py:753} INFO - DAG(s) dict_keys(['example_sensors']) retrieved from /home/airflow/.local/lib/python3.7/site-packages/airflow/example_dags/example_sensors.py
[2022-12-27T11:22:29.188+0000] {logging_mixin.py:137} INFO - [2022-12-27T11:22:29.188+0000] {dag.py:2676} INFO - Sync 1 DAGs
[2022-12-27T11:22:29.231+0000] {logging_mixin.py:137} INFO - [2022-12-27T11:22:29.231+0000] {dag.py:3427} INFO - Setting next_dagrun for example_sensors to None, run_after=None
[2022-12-27T11:22:29.852+0000] {processor.py:175} INFO - Processing /home/airflow/.local/lib/python3.7/site-packages/airflow/example_dags/example_sensors.py took 0.753 seconds
[2022-12-27T11:22:59.937+0000] {processor.py:153} INFO - Started process (PID=134) to work on /home/airflow/.local/lib/python3.7/site-packages/airflow/example_dags/example_sensors.py
[2022-12-27T11:22:59.938+0000] {processor.py:743} INFO - Processing file /home/airflow/.local/lib/python3.7/site-packages/airflow/example_dags/example_sensors.py for tasks to queue
[2022-12-27T11:22:59.939+0000] {logging_mixin.py:137} INFO - [2022-12-27T11:22:59.939+0000] {dagbag.py:538} INFO - Filling up the DagBag from /home/airflow/.local/lib/python3.7/site-packages/airflow/example_dags/example_sensors.py
[2022-12-27T11:22:59.962+0000] {processor.py:753} INFO - DAG(s) dict_keys(['example_sensors']) retrieved from /home/airflow/.local/lib/python3.7/site-packages/airflow/example_dags/example_sensors.py
[2022-12-27T11:23:00.001+0000] {logging_mixin.py:137} INFO - [2022-12-27T11:23:00.001+0000] {dag.py:2676} INFO - Sync 1 DAGs
[2022-12-27T11:23:00.027+0000] {logging_mixin.py:137} INFO - [2022-12-27T11:23:00.027+0000] {dag.py:3427} INFO - Setting next_dagrun for example_sensors to None, run_after=None
[2022-12-27T11:23:00.143+0000] {processor.py:175} INFO - Processing /home/airflow/.local/lib/python3.7/site-packages/airflow/example_dags/example_sensors.py took 0.211 seconds
[2022-12-27T11:23:30.721+0000] {processor.py:153} INFO - Started process (PID=204) to work on /home/airflow/.local/lib/python3.7/site-packages/airflow/example_dags/example_sensors.py
[2022-12-27T11:23:30.723+0000] {processor.py:743} INFO - Processing file /home/airflow/.local/lib/python3.7/site-packages/airflow/example_dags/example_sensors.py for tasks to queue
[2022-12-27T11:23:30.725+0000] {logging_mixin.py:137} INFO - [2022-12-27T11:23:30.725+0000] {dagbag.py:538} INFO - Filling up the DagBag from /home/airflow/.local/lib/python3.7/site-packages/airflow/example_dags/example_sensors.py
[2022-12-27T11:23:30.773+0000] {processor.py:753} INFO - DAG(s) dict_keys(['example_sensors']) retrieved from /home/airflow/.local/lib/python3.7/site-packages/airflow/example_dags/example_sensors.py
[2022-12-27T11:23:30.864+0000] {logging_mixin.py:137} INFO - [2022-12-27T11:23:30.863+0000] {dag.py:2676} INFO - Sync 1 DAGs
[2022-12-27T11:23:30.919+0000] {logging_mixin.py:137} INFO - [2022-12-27T11:23:30.919+0000] {dag.py:3427} INFO - Setting next_dagrun for example_sensors to None, run_after=None
[2022-12-27T11:23:31.006+0000] {processor.py:175} INFO - Processing /home/airflow/.local/lib/python3.7/site-packages/airflow/example_dags/example_sensors.py took 0.293 seconds
[2022-12-27T11:24:01.480+0000] {processor.py:153} INFO - Started process (PID=272) to work on /home/airflow/.local/lib/python3.7/site-packages/airflow/example_dags/example_sensors.py
[2022-12-27T11:24:01.481+0000] {processor.py:743} INFO - Processing file /home/airflow/.local/lib/python3.7/site-packages/airflow/example_dags/example_sensors.py for tasks to queue
[2022-12-27T11:24:01.482+0000] {logging_mixin.py:137} INFO - [2022-12-27T11:24:01.482+0000] {dagbag.py:538} INFO - Filling up the DagBag from /home/airflow/.local/lib/python3.7/site-packages/airflow/example_dags/example_sensors.py
[2022-12-27T11:24:01.505+0000] {processor.py:753} INFO - DAG(s) dict_keys(['example_sensors']) retrieved from /home/airflow/.local/lib/python3.7/site-packages/airflow/example_dags/example_sensors.py
[2022-12-27T11:24:01.549+0000] {logging_mixin.py:137} INFO - [2022-12-27T11:24:01.549+0000] {dag.py:2676} INFO - Sync 1 DAGs
[2022-12-27T11:24:01.576+0000] {logging_mixin.py:137} INFO - [2022-12-27T11:24:01.576+0000] {dag.py:3427} INFO - Setting next_dagrun for example_sensors to None, run_after=None
[2022-12-27T11:24:01.639+0000] {processor.py:175} INFO - Processing /home/airflow/.local/lib/python3.7/site-packages/airflow/example_dags/example_sensors.py took 0.162 seconds
[2022-12-27T11:24:31.973+0000] {processor.py:153} INFO - Started process (PID=335) to work on /home/airflow/.local/lib/python3.7/site-packages/airflow/example_dags/example_sensors.py
[2022-12-27T11:24:31.974+0000] {processor.py:743} INFO - Processing file /home/airflow/.local/lib/python3.7/site-packages/airflow/example_dags/example_sensors.py for tasks to queue
[2022-12-27T11:24:31.975+0000] {logging_mixin.py:137} INFO - [2022-12-27T11:24:31.975+0000] {dagbag.py:538} INFO - Filling up the DagBag from /home/airflow/.local/lib/python3.7/site-packages/airflow/example_dags/example_sensors.py
[2022-12-27T11:24:31.998+0000] {processor.py:753} INFO - DAG(s) dict_keys(['example_sensors']) retrieved from /home/airflow/.local/lib/python3.7/site-packages/airflow/example_dags/example_sensors.py
[2022-12-27T11:24:32.043+0000] {logging_mixin.py:137} INFO - [2022-12-27T11:24:32.043+0000] {dag.py:2676} INFO - Sync 1 DAGs
[2022-12-27T11:24:32.071+0000] {logging_mixin.py:137} INFO - [2022-12-27T11:24:32.071+0000] {dag.py:3427} INFO - Setting next_dagrun for example_sensors to None, run_after=None
[2022-12-27T11:24:32.228+0000] {processor.py:175} INFO - Processing /home/airflow/.local/lib/python3.7/site-packages/airflow/example_dags/example_sensors.py took 0.258 seconds
[2022-12-27T11:25:02.745+0000] {processor.py:153} INFO - Started process (PID=398) to work on /home/airflow/.local/lib/python3.7/site-packages/airflow/example_dags/example_sensors.py
[2022-12-27T11:25:02.746+0000] {processor.py:743} INFO - Processing file /home/airflow/.local/lib/python3.7/site-packages/airflow/example_dags/example_sensors.py for tasks to queue
[2022-12-27T11:25:02.747+0000] {logging_mixin.py:137} INFO - [2022-12-27T11:25:02.747+0000] {dagbag.py:538} INFO - Filling up the DagBag from /home/airflow/.local/lib/python3.7/site-packages/airflow/example_dags/example_sensors.py
[2022-12-27T11:25:02.773+0000] {processor.py:753} INFO - DAG(s) dict_keys(['example_sensors']) retrieved from /home/airflow/.local/lib/python3.7/site-packages/airflow/example_dags/example_sensors.py
[2022-12-27T11:25:02.821+0000] {logging_mixin.py:137} INFO - [2022-12-27T11:25:02.821+0000] {dag.py:2676} INFO - Sync 1 DAGs
[2022-12-27T11:25:02.856+0000] {logging_mixin.py:137} INFO - [2022-12-27T11:25:02.856+0000] {dag.py:3427} INFO - Setting next_dagrun for example_sensors to None, run_after=None
[2022-12-27T11:25:02.903+0000] {processor.py:175} INFO - Processing /home/airflow/.local/lib/python3.7/site-packages/airflow/example_dags/example_sensors.py took 0.164 seconds
[2022-12-27T11:25:34.417+0000] {processor.py:153} INFO - Started process (PID=472) to work on /home/airflow/.local/lib/python3.7/site-packages/airflow/example_dags/example_sensors.py
[2022-12-27T11:25:34.418+0000] {processor.py:743} INFO - Processing file /home/airflow/.local/lib/python3.7/site-packages/airflow/example_dags/example_sensors.py for tasks to queue
[2022-12-27T11:25:34.419+0000] {logging_mixin.py:137} INFO - [2022-12-27T11:25:34.419+0000] {dagbag.py:538} INFO - Filling up the DagBag from /home/airflow/.local/lib/python3.7/site-packages/airflow/example_dags/example_sensors.py
[2022-12-27T11:25:34.449+0000] {processor.py:753} INFO - DAG(s) dict_keys(['example_sensors']) retrieved from /home/airflow/.local/lib/python3.7/site-packages/airflow/example_dags/example_sensors.py
[2022-12-27T11:25:34.509+0000] {logging_mixin.py:137} INFO - [2022-12-27T11:25:34.509+0000] {dag.py:2676} INFO - Sync 1 DAGs
[2022-12-27T11:25:34.545+0000] {logging_mixin.py:137} INFO - [2022-12-27T11:25:34.545+0000] {dag.py:3427} INFO - Setting next_dagrun for example_sensors to None, run_after=None
[2022-12-27T11:25:35.090+0000] {processor.py:175} INFO - Processing /home/airflow/.local/lib/python3.7/site-packages/airflow/example_dags/example_sensors.py took 0.679 seconds
[2022-12-27T11:26:05.442+0000] {processor.py:153} INFO - Started process (PID=534) to work on /home/airflow/.local/lib/python3.7/site-packages/airflow/example_dags/example_sensors.py
[2022-12-27T11:26:05.443+0000] {processor.py:743} INFO - Processing file /home/airflow/.local/lib/python3.7/site-packages/airflow/example_dags/example_sensors.py for tasks to queue
[2022-12-27T11:26:05.444+0000] {logging_mixin.py:137} INFO - [2022-12-27T11:26:05.444+0000] {dagbag.py:538} INFO - Filling up the DagBag from /home/airflow/.local/lib/python3.7/site-packages/airflow/example_dags/example_sensors.py
[2022-12-27T11:26:05.469+0000] {processor.py:753} INFO - DAG(s) dict_keys(['example_sensors']) retrieved from /home/airflow/.local/lib/python3.7/site-packages/airflow/example_dags/example_sensors.py
[2022-12-27T11:26:05.517+0000] {logging_mixin.py:137} INFO - [2022-12-27T11:26:05.517+0000] {dag.py:2676} INFO - Sync 1 DAGs
[2022-12-27T11:26:05.548+0000] {logging_mixin.py:137} INFO - [2022-12-27T11:26:05.548+0000] {dag.py:3427} INFO - Setting next_dagrun for example_sensors to None, run_after=None
[2022-12-27T11:26:05.602+0000] {processor.py:175} INFO - Processing /home/airflow/.local/lib/python3.7/site-packages/airflow/example_dags/example_sensors.py took 0.164 seconds
[2022-12-27T11:26:35.781+0000] {processor.py:153} INFO - Started process (PID=596) to work on /home/airflow/.local/lib/python3.7/site-packages/airflow/example_dags/example_sensors.py
[2022-12-27T11:26:35.782+0000] {processor.py:743} INFO - Processing file /home/airflow/.local/lib/python3.7/site-packages/airflow/example_dags/example_sensors.py for tasks to queue
[2022-12-27T11:26:35.783+0000] {logging_mixin.py:137} INFO - [2022-12-27T11:26:35.783+0000] {dagbag.py:538} INFO - Filling up the DagBag from /home/airflow/.local/lib/python3.7/site-packages/airflow/example_dags/example_sensors.py
[2022-12-27T11:26:35.812+0000] {processor.py:753} INFO - DAG(s) dict_keys(['example_sensors']) retrieved from /home/airflow/.local/lib/python3.7/site-packages/airflow/example_dags/example_sensors.py
[2022-12-27T11:26:35.863+0000] {logging_mixin.py:137} INFO - [2022-12-27T11:26:35.862+0000] {dag.py:2676} INFO - Sync 1 DAGs
[2022-12-27T11:26:35.893+0000] {logging_mixin.py:137} INFO - [2022-12-27T11:26:35.893+0000] {dag.py:3427} INFO - Setting next_dagrun for example_sensors to None, run_after=None
[2022-12-27T11:26:35.976+0000] {processor.py:175} INFO - Processing /home/airflow/.local/lib/python3.7/site-packages/airflow/example_dags/example_sensors.py took 0.201 seconds
[2022-12-27T11:27:06.177+0000] {processor.py:153} INFO - Started process (PID=657) to work on /home/airflow/.local/lib/python3.7/site-packages/airflow/example_dags/example_sensors.py
[2022-12-27T11:27:06.178+0000] {processor.py:743} INFO - Processing file /home/airflow/.local/lib/python3.7/site-packages/airflow/example_dags/example_sensors.py for tasks to queue
[2022-12-27T11:27:06.179+0000] {logging_mixin.py:137} INFO - [2022-12-27T11:27:06.179+0000] {dagbag.py:538} INFO - Filling up the DagBag from /home/airflow/.local/lib/python3.7/site-packages/airflow/example_dags/example_sensors.py
[2022-12-27T11:27:06.204+0000] {processor.py:753} INFO - DAG(s) dict_keys(['example_sensors']) retrieved from /home/airflow/.local/lib/python3.7/site-packages/airflow/example_dags/example_sensors.py
[2022-12-27T11:27:06.248+0000] {logging_mixin.py:137} INFO - [2022-12-27T11:27:06.248+0000] {dag.py:2676} INFO - Sync 1 DAGs
[2022-12-27T11:27:06.278+0000] {logging_mixin.py:137} INFO - [2022-12-27T11:27:06.277+0000] {dag.py:3427} INFO - Setting next_dagrun for example_sensors to None, run_after=None
[2022-12-27T11:27:06.331+0000] {processor.py:175} INFO - Processing /home/airflow/.local/lib/python3.7/site-packages/airflow/example_dags/example_sensors.py took 0.159 seconds
[2022-12-27T11:27:36.587+0000] {processor.py:153} INFO - Started process (PID=727) to work on /home/airflow/.local/lib/python3.7/site-packages/airflow/example_dags/example_sensors.py
[2022-12-27T11:27:36.588+0000] {processor.py:743} INFO - Processing file /home/airflow/.local/lib/python3.7/site-packages/airflow/example_dags/example_sensors.py for tasks to queue
[2022-12-27T11:27:36.589+0000] {logging_mixin.py:137} INFO - [2022-12-27T11:27:36.589+0000] {dagbag.py:538} INFO - Filling up the DagBag from /home/airflow/.local/lib/python3.7/site-packages/airflow/example_dags/example_sensors.py
[2022-12-27T11:27:36.617+0000] {processor.py:753} INFO - DAG(s) dict_keys(['example_sensors']) retrieved from /home/airflow/.local/lib/python3.7/site-packages/airflow/example_dags/example_sensors.py
[2022-12-27T11:27:36.693+0000] {logging_mixin.py:137} INFO - [2022-12-27T11:27:36.692+0000] {dag.py:2676} INFO - Sync 1 DAGs
[2022-12-27T11:27:36.752+0000] {logging_mixin.py:137} INFO - [2022-12-27T11:27:36.752+0000] {dag.py:3427} INFO - Setting next_dagrun for example_sensors to None, run_after=None
[2022-12-27T11:27:36.821+0000] {processor.py:175} INFO - Processing /home/airflow/.local/lib/python3.7/site-packages/airflow/example_dags/example_sensors.py took 0.242 seconds
[2022-12-27T11:28:06.874+0000] {processor.py:153} INFO - Started process (PID=792) to work on /home/airflow/.local/lib/python3.7/site-packages/airflow/example_dags/example_sensors.py
[2022-12-27T11:28:06.876+0000] {processor.py:743} INFO - Processing file /home/airflow/.local/lib/python3.7/site-packages/airflow/example_dags/example_sensors.py for tasks to queue
[2022-12-27T11:28:06.878+0000] {logging_mixin.py:137} INFO - [2022-12-27T11:28:06.877+0000] {dagbag.py:538} INFO - Filling up the DagBag from /home/airflow/.local/lib/python3.7/site-packages/airflow/example_dags/example_sensors.py
[2022-12-27T11:28:06.902+0000] {processor.py:753} INFO - DAG(s) dict_keys(['example_sensors']) retrieved from /home/airflow/.local/lib/python3.7/site-packages/airflow/example_dags/example_sensors.py
[2022-12-27T11:28:06.947+0000] {logging_mixin.py:137} INFO - [2022-12-27T11:28:06.947+0000] {dag.py:2676} INFO - Sync 1 DAGs
[2022-12-27T11:28:06.973+0000] {logging_mixin.py:137} INFO - [2022-12-27T11:28:06.973+0000] {dag.py:3427} INFO - Setting next_dagrun for example_sensors to None, run_after=None
[2022-12-27T11:28:07.017+0000] {processor.py:175} INFO - Processing /home/airflow/.local/lib/python3.7/site-packages/airflow/example_dags/example_sensors.py took 0.147 seconds
[2022-12-27T11:28:37.200+0000] {processor.py:153} INFO - Started process (PID=854) to work on /home/airflow/.local/lib/python3.7/site-packages/airflow/example_dags/example_sensors.py
[2022-12-27T11:28:37.201+0000] {processor.py:743} INFO - Processing file /home/airflow/.local/lib/python3.7/site-packages/airflow/example_dags/example_sensors.py for tasks to queue
[2022-12-27T11:28:37.202+0000] {logging_mixin.py:137} INFO - [2022-12-27T11:28:37.202+0000] {dagbag.py:538} INFO - Filling up the DagBag from /home/airflow/.local/lib/python3.7/site-packages/airflow/example_dags/example_sensors.py
[2022-12-27T11:28:37.228+0000] {processor.py:753} INFO - DAG(s) dict_keys(['example_sensors']) retrieved from /home/airflow/.local/lib/python3.7/site-packages/airflow/example_dags/example_sensors.py
[2022-12-27T11:28:37.273+0000] {logging_mixin.py:137} INFO - [2022-12-27T11:28:37.273+0000] {dag.py:2676} INFO - Sync 1 DAGs
[2022-12-27T11:28:37.303+0000] {logging_mixin.py:137} INFO - [2022-12-27T11:28:37.303+0000] {dag.py:3427} INFO - Setting next_dagrun for example_sensors to None, run_after=None
[2022-12-27T11:28:37.355+0000] {processor.py:175} INFO - Processing /home/airflow/.local/lib/python3.7/site-packages/airflow/example_dags/example_sensors.py took 0.160 seconds
[2022-12-27T11:29:08.054+0000] {processor.py:153} INFO - Started process (PID=917) to work on /home/airflow/.local/lib/python3.7/site-packages/airflow/example_dags/example_sensors.py
[2022-12-27T11:29:08.056+0000] {processor.py:743} INFO - Processing file /home/airflow/.local/lib/python3.7/site-packages/airflow/example_dags/example_sensors.py for tasks to queue
[2022-12-27T11:29:08.058+0000] {logging_mixin.py:137} INFO - [2022-12-27T11:29:08.058+0000] {dagbag.py:538} INFO - Filling up the DagBag from /home/airflow/.local/lib/python3.7/site-packages/airflow/example_dags/example_sensors.py
[2022-12-27T11:29:08.103+0000] {processor.py:753} INFO - DAG(s) dict_keys(['example_sensors']) retrieved from /home/airflow/.local/lib/python3.7/site-packages/airflow/example_dags/example_sensors.py
[2022-12-27T11:29:08.192+0000] {logging_mixin.py:137} INFO - [2022-12-27T11:29:08.192+0000] {dag.py:2676} INFO - Sync 1 DAGs
[2022-12-27T11:29:08.250+0000] {logging_mixin.py:137} INFO - [2022-12-27T11:29:08.250+0000] {dag.py:3427} INFO - Setting next_dagrun for example_sensors to None, run_after=None
[2022-12-27T11:29:08.317+0000] {processor.py:175} INFO - Processing /home/airflow/.local/lib/python3.7/site-packages/airflow/example_dags/example_sensors.py took 0.270 seconds
[2022-12-27T11:29:38.684+0000] {processor.py:153} INFO - Started process (PID=991) to work on /home/airflow/.local/lib/python3.7/site-packages/airflow/example_dags/example_sensors.py
[2022-12-27T11:29:38.701+0000] {processor.py:743} INFO - Processing file /home/airflow/.local/lib/python3.7/site-packages/airflow/example_dags/example_sensors.py for tasks to queue
[2022-12-27T11:29:38.702+0000] {logging_mixin.py:137} INFO - [2022-12-27T11:29:38.702+0000] {dagbag.py:538} INFO - Filling up the DagBag from /home/airflow/.local/lib/python3.7/site-packages/airflow/example_dags/example_sensors.py
[2022-12-27T11:29:38.745+0000] {processor.py:753} INFO - DAG(s) dict_keys(['example_sensors']) retrieved from /home/airflow/.local/lib/python3.7/site-packages/airflow/example_dags/example_sensors.py
[2022-12-27T11:29:38.787+0000] {logging_mixin.py:137} INFO - [2022-12-27T11:29:38.787+0000] {dag.py:2676} INFO - Sync 1 DAGs
[2022-12-27T11:29:38.814+0000] {logging_mixin.py:137} INFO - [2022-12-27T11:29:38.814+0000] {dag.py:3427} INFO - Setting next_dagrun for example_sensors to None, run_after=None
[2022-12-27T11:29:38.863+0000] {processor.py:175} INFO - Processing /home/airflow/.local/lib/python3.7/site-packages/airflow/example_dags/example_sensors.py took 0.184 seconds
[2022-12-27T11:30:09.608+0000] {processor.py:153} INFO - Started process (PID=1053) to work on /home/airflow/.local/lib/python3.7/site-packages/airflow/example_dags/example_sensors.py
[2022-12-27T11:30:09.609+0000] {processor.py:743} INFO - Processing file /home/airflow/.local/lib/python3.7/site-packages/airflow/example_dags/example_sensors.py for tasks to queue
[2022-12-27T11:30:09.610+0000] {logging_mixin.py:137} INFO - [2022-12-27T11:30:09.610+0000] {dagbag.py:538} INFO - Filling up the DagBag from /home/airflow/.local/lib/python3.7/site-packages/airflow/example_dags/example_sensors.py
[2022-12-27T11:30:09.638+0000] {processor.py:753} INFO - DAG(s) dict_keys(['example_sensors']) retrieved from /home/airflow/.local/lib/python3.7/site-packages/airflow/example_dags/example_sensors.py
[2022-12-27T11:30:09.685+0000] {logging_mixin.py:137} INFO - [2022-12-27T11:30:09.685+0000] {dag.py:2676} INFO - Sync 1 DAGs
[2022-12-27T11:30:09.719+0000] {logging_mixin.py:137} INFO - [2022-12-27T11:30:09.718+0000] {dag.py:3427} INFO - Setting next_dagrun for example_sensors to None, run_after=None
[2022-12-27T11:30:09.770+0000] {processor.py:175} INFO - Processing /home/airflow/.local/lib/python3.7/site-packages/airflow/example_dags/example_sensors.py took 0.166 seconds
[2022-12-27T11:30:40.565+0000] {processor.py:153} INFO - Started process (PID=1122) to work on /home/airflow/.local/lib/python3.7/site-packages/airflow/example_dags/example_sensors.py
[2022-12-27T11:30:40.566+0000] {processor.py:743} INFO - Processing file /home/airflow/.local/lib/python3.7/site-packages/airflow/example_dags/example_sensors.py for tasks to queue
[2022-12-27T11:30:40.567+0000] {logging_mixin.py:137} INFO - [2022-12-27T11:30:40.567+0000] {dagbag.py:538} INFO - Filling up the DagBag from /home/airflow/.local/lib/python3.7/site-packages/airflow/example_dags/example_sensors.py
[2022-12-27T11:30:40.604+0000] {processor.py:753} INFO - DAG(s) dict_keys(['example_sensors']) retrieved from /home/airflow/.local/lib/python3.7/site-packages/airflow/example_dags/example_sensors.py
[2022-12-27T11:30:40.676+0000] {logging_mixin.py:137} INFO - [2022-12-27T11:30:40.676+0000] {dag.py:2676} INFO - Sync 1 DAGs
[2022-12-27T11:30:40.709+0000] {logging_mixin.py:137} INFO - [2022-12-27T11:30:40.709+0000] {dag.py:3427} INFO - Setting next_dagrun for example_sensors to None, run_after=None
[2022-12-27T11:30:40.773+0000] {processor.py:175} INFO - Processing /home/airflow/.local/lib/python3.7/site-packages/airflow/example_dags/example_sensors.py took 0.213 seconds
[2022-12-27T11:31:10.928+0000] {processor.py:153} INFO - Started process (PID=1190) to work on /home/airflow/.local/lib/python3.7/site-packages/airflow/example_dags/example_sensors.py
[2022-12-27T11:31:10.929+0000] {processor.py:743} INFO - Processing file /home/airflow/.local/lib/python3.7/site-packages/airflow/example_dags/example_sensors.py for tasks to queue
[2022-12-27T11:31:10.930+0000] {logging_mixin.py:137} INFO - [2022-12-27T11:31:10.930+0000] {dagbag.py:538} INFO - Filling up the DagBag from /home/airflow/.local/lib/python3.7/site-packages/airflow/example_dags/example_sensors.py
[2022-12-27T11:31:10.950+0000] {processor.py:753} INFO - DAG(s) dict_keys(['example_sensors']) retrieved from /home/airflow/.local/lib/python3.7/site-packages/airflow/example_dags/example_sensors.py
[2022-12-27T11:31:10.991+0000] {logging_mixin.py:137} INFO - [2022-12-27T11:31:10.991+0000] {dag.py:2676} INFO - Sync 1 DAGs
[2022-12-27T11:31:11.018+0000] {logging_mixin.py:137} INFO - [2022-12-27T11:31:11.018+0000] {dag.py:3427} INFO - Setting next_dagrun for example_sensors to None, run_after=None
[2022-12-27T11:31:11.063+0000] {processor.py:175} INFO - Processing /home/airflow/.local/lib/python3.7/site-packages/airflow/example_dags/example_sensors.py took 0.139 seconds
[2022-12-27T11:31:41.421+0000] {processor.py:153} INFO - Started process (PID=1252) to work on /home/airflow/.local/lib/python3.7/site-packages/airflow/example_dags/example_sensors.py
[2022-12-27T11:31:41.424+0000] {processor.py:743} INFO - Processing file /home/airflow/.local/lib/python3.7/site-packages/airflow/example_dags/example_sensors.py for tasks to queue
[2022-12-27T11:31:41.426+0000] {logging_mixin.py:137} INFO - [2022-12-27T11:31:41.426+0000] {dagbag.py:538} INFO - Filling up the DagBag from /home/airflow/.local/lib/python3.7/site-packages/airflow/example_dags/example_sensors.py
[2022-12-27T11:31:41.495+0000] {processor.py:753} INFO - DAG(s) dict_keys(['example_sensors']) retrieved from /home/airflow/.local/lib/python3.7/site-packages/airflow/example_dags/example_sensors.py
[2022-12-27T11:31:41.616+0000] {logging_mixin.py:137} INFO - [2022-12-27T11:31:41.616+0000] {dag.py:2676} INFO - Sync 1 DAGs
[2022-12-27T11:31:41.672+0000] {logging_mixin.py:137} INFO - [2022-12-27T11:31:41.672+0000] {dag.py:3427} INFO - Setting next_dagrun for example_sensors to None, run_after=None
[2022-12-27T11:31:41.744+0000] {processor.py:175} INFO - Processing /home/airflow/.local/lib/python3.7/site-packages/airflow/example_dags/example_sensors.py took 0.333 seconds
[2022-12-27T11:32:12.527+0000] {processor.py:153} INFO - Started process (PID=1326) to work on /home/airflow/.local/lib/python3.7/site-packages/airflow/example_dags/example_sensors.py
[2022-12-27T11:32:12.528+0000] {processor.py:743} INFO - Processing file /home/airflow/.local/lib/python3.7/site-packages/airflow/example_dags/example_sensors.py for tasks to queue
[2022-12-27T11:32:12.529+0000] {logging_mixin.py:137} INFO - [2022-12-27T11:32:12.529+0000] {dagbag.py:538} INFO - Filling up the DagBag from /home/airflow/.local/lib/python3.7/site-packages/airflow/example_dags/example_sensors.py
[2022-12-27T11:32:12.551+0000] {processor.py:753} INFO - DAG(s) dict_keys(['example_sensors']) retrieved from /home/airflow/.local/lib/python3.7/site-packages/airflow/example_dags/example_sensors.py
[2022-12-27T11:32:12.596+0000] {logging_mixin.py:137} INFO - [2022-12-27T11:32:12.596+0000] {dag.py:2676} INFO - Sync 1 DAGs
[2022-12-27T11:32:12.625+0000] {logging_mixin.py:137} INFO - [2022-12-27T11:32:12.625+0000] {dag.py:3427} INFO - Setting next_dagrun for example_sensors to None, run_after=None
[2022-12-27T11:32:12.690+0000] {processor.py:175} INFO - Processing /home/airflow/.local/lib/python3.7/site-packages/airflow/example_dags/example_sensors.py took 0.166 seconds
[2022-12-27T11:32:43.131+0000] {processor.py:153} INFO - Started process (PID=1389) to work on /home/airflow/.local/lib/python3.7/site-packages/airflow/example_dags/example_sensors.py
[2022-12-27T11:32:43.132+0000] {processor.py:743} INFO - Processing file /home/airflow/.local/lib/python3.7/site-packages/airflow/example_dags/example_sensors.py for tasks to queue
[2022-12-27T11:32:43.132+0000] {logging_mixin.py:137} INFO - [2022-12-27T11:32:43.132+0000] {dagbag.py:538} INFO - Filling up the DagBag from /home/airflow/.local/lib/python3.7/site-packages/airflow/example_dags/example_sensors.py
[2022-12-27T11:32:43.161+0000] {processor.py:753} INFO - DAG(s) dict_keys(['example_sensors']) retrieved from /home/airflow/.local/lib/python3.7/site-packages/airflow/example_dags/example_sensors.py
[2022-12-27T11:32:43.214+0000] {logging_mixin.py:137} INFO - [2022-12-27T11:32:43.214+0000] {dag.py:2676} INFO - Sync 1 DAGs
[2022-12-27T11:32:43.246+0000] {logging_mixin.py:137} INFO - [2022-12-27T11:32:43.246+0000] {dag.py:3427} INFO - Setting next_dagrun for example_sensors to None, run_after=None
[2022-12-27T11:32:43.317+0000] {processor.py:175} INFO - Processing /home/airflow/.local/lib/python3.7/site-packages/airflow/example_dags/example_sensors.py took 0.191 seconds
[2022-12-27T11:33:13.717+0000] {processor.py:153} INFO - Started process (PID=1451) to work on /home/airflow/.local/lib/python3.7/site-packages/airflow/example_dags/example_sensors.py
[2022-12-27T11:33:13.720+0000] {processor.py:743} INFO - Processing file /home/airflow/.local/lib/python3.7/site-packages/airflow/example_dags/example_sensors.py for tasks to queue
[2022-12-27T11:33:13.721+0000] {logging_mixin.py:137} INFO - [2022-12-27T11:33:13.721+0000] {dagbag.py:538} INFO - Filling up the DagBag from /home/airflow/.local/lib/python3.7/site-packages/airflow/example_dags/example_sensors.py
[2022-12-27T11:33:13.767+0000] {processor.py:753} INFO - DAG(s) dict_keys(['example_sensors']) retrieved from /home/airflow/.local/lib/python3.7/site-packages/airflow/example_dags/example_sensors.py
[2022-12-27T11:33:13.855+0000] {logging_mixin.py:137} INFO - [2022-12-27T11:33:13.855+0000] {dag.py:2676} INFO - Sync 1 DAGs
[2022-12-27T11:33:13.934+0000] {logging_mixin.py:137} INFO - [2022-12-27T11:33:13.933+0000] {dag.py:3427} INFO - Setting next_dagrun for example_sensors to None, run_after=None
[2022-12-27T11:33:14.051+0000] {processor.py:175} INFO - Processing /home/airflow/.local/lib/python3.7/site-packages/airflow/example_dags/example_sensors.py took 0.342 seconds
[2022-12-27T11:33:44.943+0000] {processor.py:153} INFO - Started process (PID=1525) to work on /home/airflow/.local/lib/python3.7/site-packages/airflow/example_dags/example_sensors.py
[2022-12-27T11:33:44.946+0000] {processor.py:743} INFO - Processing file /home/airflow/.local/lib/python3.7/site-packages/airflow/example_dags/example_sensors.py for tasks to queue
[2022-12-27T11:33:44.948+0000] {logging_mixin.py:137} INFO - [2022-12-27T11:33:44.948+0000] {dagbag.py:538} INFO - Filling up the DagBag from /home/airflow/.local/lib/python3.7/site-packages/airflow/example_dags/example_sensors.py
[2022-12-27T11:33:45.016+0000] {processor.py:753} INFO - DAG(s) dict_keys(['example_sensors']) retrieved from /home/airflow/.local/lib/python3.7/site-packages/airflow/example_dags/example_sensors.py
[2022-12-27T11:33:45.137+0000] {logging_mixin.py:137} INFO - [2022-12-27T11:33:45.137+0000] {dag.py:2676} INFO - Sync 1 DAGs
[2022-12-27T11:33:45.215+0000] {logging_mixin.py:137} INFO - [2022-12-27T11:33:45.215+0000] {dag.py:3427} INFO - Setting next_dagrun for example_sensors to None, run_after=None
[2022-12-27T11:33:45.325+0000] {processor.py:175} INFO - Processing /home/airflow/.local/lib/python3.7/site-packages/airflow/example_dags/example_sensors.py took 0.393 seconds
[2022-12-27T11:34:15.641+0000] {processor.py:153} INFO - Started process (PID=1587) to work on /home/airflow/.local/lib/python3.7/site-packages/airflow/example_dags/example_sensors.py
[2022-12-27T11:34:15.642+0000] {processor.py:743} INFO - Processing file /home/airflow/.local/lib/python3.7/site-packages/airflow/example_dags/example_sensors.py for tasks to queue
[2022-12-27T11:34:15.643+0000] {logging_mixin.py:137} INFO - [2022-12-27T11:34:15.643+0000] {dagbag.py:538} INFO - Filling up the DagBag from /home/airflow/.local/lib/python3.7/site-packages/airflow/example_dags/example_sensors.py
[2022-12-27T11:34:15.665+0000] {processor.py:753} INFO - DAG(s) dict_keys(['example_sensors']) retrieved from /home/airflow/.local/lib/python3.7/site-packages/airflow/example_dags/example_sensors.py
[2022-12-27T11:34:15.706+0000] {logging_mixin.py:137} INFO - [2022-12-27T11:34:15.706+0000] {dag.py:2676} INFO - Sync 1 DAGs
[2022-12-27T11:34:15.731+0000] {logging_mixin.py:137} INFO - [2022-12-27T11:34:15.731+0000] {dag.py:3427} INFO - Setting next_dagrun for example_sensors to None, run_after=None
[2022-12-27T11:34:15.774+0000] {processor.py:175} INFO - Processing /home/airflow/.local/lib/python3.7/site-packages/airflow/example_dags/example_sensors.py took 0.136 seconds
[2022-12-27T11:34:46.394+0000] {processor.py:153} INFO - Started process (PID=1649) to work on /home/airflow/.local/lib/python3.7/site-packages/airflow/example_dags/example_sensors.py
[2022-12-27T11:34:46.395+0000] {processor.py:743} INFO - Processing file /home/airflow/.local/lib/python3.7/site-packages/airflow/example_dags/example_sensors.py for tasks to queue
[2022-12-27T11:34:46.396+0000] {logging_mixin.py:137} INFO - [2022-12-27T11:34:46.396+0000] {dagbag.py:538} INFO - Filling up the DagBag from /home/airflow/.local/lib/python3.7/site-packages/airflow/example_dags/example_sensors.py
[2022-12-27T11:34:46.423+0000] {processor.py:753} INFO - DAG(s) dict_keys(['example_sensors']) retrieved from /home/airflow/.local/lib/python3.7/site-packages/airflow/example_dags/example_sensors.py
[2022-12-27T11:34:46.472+0000] {logging_mixin.py:137} INFO - [2022-12-27T11:34:46.472+0000] {dag.py:2676} INFO - Sync 1 DAGs
[2022-12-27T11:34:46.503+0000] {logging_mixin.py:137} INFO - [2022-12-27T11:34:46.503+0000] {dag.py:3427} INFO - Setting next_dagrun for example_sensors to None, run_after=None
[2022-12-27T11:34:46.557+0000] {processor.py:175} INFO - Processing /home/airflow/.local/lib/python3.7/site-packages/airflow/example_dags/example_sensors.py took 0.167 seconds
[2022-12-27T11:35:17.095+0000] {processor.py:153} INFO - Started process (PID=1723) to work on /home/airflow/.local/lib/python3.7/site-packages/airflow/example_dags/example_sensors.py
[2022-12-27T11:35:17.098+0000] {processor.py:743} INFO - Processing file /home/airflow/.local/lib/python3.7/site-packages/airflow/example_dags/example_sensors.py for tasks to queue
[2022-12-27T11:35:17.100+0000] {logging_mixin.py:137} INFO - [2022-12-27T11:35:17.099+0000] {dagbag.py:538} INFO - Filling up the DagBag from /home/airflow/.local/lib/python3.7/site-packages/airflow/example_dags/example_sensors.py
[2022-12-27T11:35:17.165+0000] {processor.py:753} INFO - DAG(s) dict_keys(['example_sensors']) retrieved from /home/airflow/.local/lib/python3.7/site-packages/airflow/example_dags/example_sensors.py
[2022-12-27T11:35:17.268+0000] {logging_mixin.py:137} INFO - [2022-12-27T11:35:17.267+0000] {dag.py:2676} INFO - Sync 1 DAGs
[2022-12-27T11:35:17.326+0000] {logging_mixin.py:137} INFO - [2022-12-27T11:35:17.326+0000] {dag.py:3427} INFO - Setting next_dagrun for example_sensors to None, run_after=None
[2022-12-27T11:35:17.449+0000] {processor.py:175} INFO - Processing /home/airflow/.local/lib/python3.7/site-packages/airflow/example_dags/example_sensors.py took 0.366 seconds
[2022-12-27T11:35:48.337+0000] {processor.py:153} INFO - Started process (PID=1786) to work on /home/airflow/.local/lib/python3.7/site-packages/airflow/example_dags/example_sensors.py
[2022-12-27T11:35:48.338+0000] {processor.py:743} INFO - Processing file /home/airflow/.local/lib/python3.7/site-packages/airflow/example_dags/example_sensors.py for tasks to queue
[2022-12-27T11:35:48.339+0000] {logging_mixin.py:137} INFO - [2022-12-27T11:35:48.339+0000] {dagbag.py:538} INFO - Filling up the DagBag from /home/airflow/.local/lib/python3.7/site-packages/airflow/example_dags/example_sensors.py
[2022-12-27T11:35:48.362+0000] {processor.py:753} INFO - DAG(s) dict_keys(['example_sensors']) retrieved from /home/airflow/.local/lib/python3.7/site-packages/airflow/example_dags/example_sensors.py
[2022-12-27T11:35:48.408+0000] {logging_mixin.py:137} INFO - [2022-12-27T11:35:48.408+0000] {dag.py:2676} INFO - Sync 1 DAGs
[2022-12-27T11:35:48.437+0000] {logging_mixin.py:137} INFO - [2022-12-27T11:35:48.437+0000] {dag.py:3427} INFO - Setting next_dagrun for example_sensors to None, run_after=None
[2022-12-27T11:35:48.520+0000] {processor.py:175} INFO - Processing /home/airflow/.local/lib/python3.7/site-packages/airflow/example_dags/example_sensors.py took 0.189 seconds
[2022-12-27T11:36:19.357+0000] {processor.py:153} INFO - Started process (PID=1849) to work on /home/airflow/.local/lib/python3.7/site-packages/airflow/example_dags/example_sensors.py
[2022-12-27T11:36:19.358+0000] {processor.py:743} INFO - Processing file /home/airflow/.local/lib/python3.7/site-packages/airflow/example_dags/example_sensors.py for tasks to queue
[2022-12-27T11:36:19.360+0000] {logging_mixin.py:137} INFO - [2022-12-27T11:36:19.359+0000] {dagbag.py:538} INFO - Filling up the DagBag from /home/airflow/.local/lib/python3.7/site-packages/airflow/example_dags/example_sensors.py
[2022-12-27T11:36:19.393+0000] {processor.py:753} INFO - DAG(s) dict_keys(['example_sensors']) retrieved from /home/airflow/.local/lib/python3.7/site-packages/airflow/example_dags/example_sensors.py
[2022-12-27T11:36:19.448+0000] {logging_mixin.py:137} INFO - [2022-12-27T11:36:19.447+0000] {dag.py:2676} INFO - Sync 1 DAGs
[2022-12-27T11:36:19.483+0000] {logging_mixin.py:137} INFO - [2022-12-27T11:36:19.483+0000] {dag.py:3427} INFO - Setting next_dagrun for example_sensors to None, run_after=None
[2022-12-27T11:36:19.653+0000] {processor.py:175} INFO - Processing /home/airflow/.local/lib/python3.7/site-packages/airflow/example_dags/example_sensors.py took 0.301 seconds
[2022-12-27T11:36:49.813+0000] {processor.py:153} INFO - Started process (PID=1919) to work on /home/airflow/.local/lib/python3.7/site-packages/airflow/example_dags/example_sensors.py
[2022-12-27T11:36:49.815+0000] {processor.py:743} INFO - Processing file /home/airflow/.local/lib/python3.7/site-packages/airflow/example_dags/example_sensors.py for tasks to queue
[2022-12-27T11:36:49.816+0000] {logging_mixin.py:137} INFO - [2022-12-27T11:36:49.816+0000] {dagbag.py:538} INFO - Filling up the DagBag from /home/airflow/.local/lib/python3.7/site-packages/airflow/example_dags/example_sensors.py
[2022-12-27T11:36:49.872+0000] {processor.py:753} INFO - DAG(s) dict_keys(['example_sensors']) retrieved from /home/airflow/.local/lib/python3.7/site-packages/airflow/example_dags/example_sensors.py
[2022-12-27T11:36:49.973+0000] {logging_mixin.py:137} INFO - [2022-12-27T11:36:49.972+0000] {dag.py:2676} INFO - Sync 1 DAGs
[2022-12-27T11:36:50.042+0000] {logging_mixin.py:137} INFO - [2022-12-27T11:36:50.042+0000] {dag.py:3427} INFO - Setting next_dagrun for example_sensors to None, run_after=None
[2022-12-27T11:36:50.218+0000] {processor.py:175} INFO - Processing /home/airflow/.local/lib/python3.7/site-packages/airflow/example_dags/example_sensors.py took 0.414 seconds
[2022-12-27T11:37:20.554+0000] {processor.py:153} INFO - Started process (PID=1983) to work on /home/airflow/.local/lib/python3.7/site-packages/airflow/example_dags/example_sensors.py
[2022-12-27T11:37:20.556+0000] {processor.py:743} INFO - Processing file /home/airflow/.local/lib/python3.7/site-packages/airflow/example_dags/example_sensors.py for tasks to queue
[2022-12-27T11:37:20.557+0000] {logging_mixin.py:137} INFO - [2022-12-27T11:37:20.557+0000] {dagbag.py:538} INFO - Filling up the DagBag from /home/airflow/.local/lib/python3.7/site-packages/airflow/example_dags/example_sensors.py
[2022-12-27T11:37:20.603+0000] {processor.py:753} INFO - DAG(s) dict_keys(['example_sensors']) retrieved from /home/airflow/.local/lib/python3.7/site-packages/airflow/example_dags/example_sensors.py
[2022-12-27T11:37:20.692+0000] {logging_mixin.py:137} INFO - [2022-12-27T11:37:20.691+0000] {dag.py:2676} INFO - Sync 1 DAGs
[2022-12-27T11:37:20.750+0000] {logging_mixin.py:137} INFO - [2022-12-27T11:37:20.749+0000] {dag.py:3427} INFO - Setting next_dagrun for example_sensors to None, run_after=None
[2022-12-27T11:37:20.811+0000] {processor.py:175} INFO - Processing /home/airflow/.local/lib/python3.7/site-packages/airflow/example_dags/example_sensors.py took 0.267 seconds
[2022-12-27T11:37:51.023+0000] {processor.py:153} INFO - Started process (PID=2049) to work on /home/airflow/.local/lib/python3.7/site-packages/airflow/example_dags/example_sensors.py
[2022-12-27T11:37:51.024+0000] {processor.py:743} INFO - Processing file /home/airflow/.local/lib/python3.7/site-packages/airflow/example_dags/example_sensors.py for tasks to queue
[2022-12-27T11:37:51.024+0000] {logging_mixin.py:137} INFO - [2022-12-27T11:37:51.024+0000] {dagbag.py:538} INFO - Filling up the DagBag from /home/airflow/.local/lib/python3.7/site-packages/airflow/example_dags/example_sensors.py
[2022-12-27T11:37:51.050+0000] {processor.py:753} INFO - DAG(s) dict_keys(['example_sensors']) retrieved from /home/airflow/.local/lib/python3.7/site-packages/airflow/example_dags/example_sensors.py
[2022-12-27T11:37:51.095+0000] {logging_mixin.py:137} INFO - [2022-12-27T11:37:51.095+0000] {dag.py:2676} INFO - Sync 1 DAGs
[2022-12-27T11:37:51.124+0000] {logging_mixin.py:137} INFO - [2022-12-27T11:37:51.124+0000] {dag.py:3427} INFO - Setting next_dagrun for example_sensors to None, run_after=None
[2022-12-27T11:37:51.304+0000] {processor.py:175} INFO - Processing /home/airflow/.local/lib/python3.7/site-packages/airflow/example_dags/example_sensors.py took 0.286 seconds
[2022-12-27T11:38:21.728+0000] {processor.py:153} INFO - Started process (PID=2112) to work on /home/airflow/.local/lib/python3.7/site-packages/airflow/example_dags/example_sensors.py
[2022-12-27T11:38:21.730+0000] {processor.py:743} INFO - Processing file /home/airflow/.local/lib/python3.7/site-packages/airflow/example_dags/example_sensors.py for tasks to queue
[2022-12-27T11:38:21.732+0000] {logging_mixin.py:137} INFO - [2022-12-27T11:38:21.732+0000] {dagbag.py:538} INFO - Filling up the DagBag from /home/airflow/.local/lib/python3.7/site-packages/airflow/example_dags/example_sensors.py
[2022-12-27T11:38:21.777+0000] {processor.py:753} INFO - DAG(s) dict_keys(['example_sensors']) retrieved from /home/airflow/.local/lib/python3.7/site-packages/airflow/example_dags/example_sensors.py
[2022-12-27T11:38:21.874+0000] {logging_mixin.py:137} INFO - [2022-12-27T11:38:21.874+0000] {dag.py:2676} INFO - Sync 1 DAGs
[2022-12-27T11:38:21.929+0000] {logging_mixin.py:137} INFO - [2022-12-27T11:38:21.929+0000] {dag.py:3427} INFO - Setting next_dagrun for example_sensors to None, run_after=None
[2022-12-27T11:38:22.029+0000] {processor.py:175} INFO - Processing /home/airflow/.local/lib/python3.7/site-packages/airflow/example_dags/example_sensors.py took 0.310 seconds
[2022-12-27T11:38:52.249+0000] {processor.py:153} INFO - Started process (PID=2183) to work on /home/airflow/.local/lib/python3.7/site-packages/airflow/example_dags/example_sensors.py
[2022-12-27T11:38:52.252+0000] {processor.py:743} INFO - Processing file /home/airflow/.local/lib/python3.7/site-packages/airflow/example_dags/example_sensors.py for tasks to queue
[2022-12-27T11:38:52.254+0000] {logging_mixin.py:137} INFO - [2022-12-27T11:38:52.254+0000] {dagbag.py:538} INFO - Filling up the DagBag from /home/airflow/.local/lib/python3.7/site-packages/airflow/example_dags/example_sensors.py
[2022-12-27T11:38:52.322+0000] {processor.py:753} INFO - DAG(s) dict_keys(['example_sensors']) retrieved from /home/airflow/.local/lib/python3.7/site-packages/airflow/example_dags/example_sensors.py
[2022-12-27T11:38:52.450+0000] {logging_mixin.py:137} INFO - [2022-12-27T11:38:52.449+0000] {dag.py:2676} INFO - Sync 1 DAGs
[2022-12-27T11:38:52.531+0000] {logging_mixin.py:137} INFO - [2022-12-27T11:38:52.531+0000] {dag.py:3427} INFO - Setting next_dagrun for example_sensors to None, run_after=None
[2022-12-27T11:38:52.617+0000] {processor.py:175} INFO - Processing /home/airflow/.local/lib/python3.7/site-packages/airflow/example_dags/example_sensors.py took 0.379 seconds
[2022-12-27T11:39:22.804+0000] {processor.py:153} INFO - Started process (PID=2247) to work on /home/airflow/.local/lib/python3.7/site-packages/airflow/example_dags/example_sensors.py
[2022-12-27T11:39:22.805+0000] {processor.py:743} INFO - Processing file /home/airflow/.local/lib/python3.7/site-packages/airflow/example_dags/example_sensors.py for tasks to queue
[2022-12-27T11:39:22.806+0000] {logging_mixin.py:137} INFO - [2022-12-27T11:39:22.806+0000] {dagbag.py:538} INFO - Filling up the DagBag from /home/airflow/.local/lib/python3.7/site-packages/airflow/example_dags/example_sensors.py
[2022-12-27T11:39:22.835+0000] {processor.py:753} INFO - DAG(s) dict_keys(['example_sensors']) retrieved from /home/airflow/.local/lib/python3.7/site-packages/airflow/example_dags/example_sensors.py
[2022-12-27T11:39:22.888+0000] {logging_mixin.py:137} INFO - [2022-12-27T11:39:22.888+0000] {dag.py:2676} INFO - Sync 1 DAGs
[2022-12-27T11:39:22.923+0000] {logging_mixin.py:137} INFO - [2022-12-27T11:39:22.923+0000] {dag.py:3427} INFO - Setting next_dagrun for example_sensors to None, run_after=None
[2022-12-27T11:39:22.993+0000] {processor.py:175} INFO - Processing /home/airflow/.local/lib/python3.7/site-packages/airflow/example_dags/example_sensors.py took 0.194 seconds
[2022-12-27T11:39:53.729+0000] {processor.py:153} INFO - Started process (PID=2309) to work on /home/airflow/.local/lib/python3.7/site-packages/airflow/example_dags/example_sensors.py
[2022-12-27T11:39:53.730+0000] {processor.py:743} INFO - Processing file /home/airflow/.local/lib/python3.7/site-packages/airflow/example_dags/example_sensors.py for tasks to queue
[2022-12-27T11:39:53.731+0000] {logging_mixin.py:137} INFO - [2022-12-27T11:39:53.731+0000] {dagbag.py:538} INFO - Filling up the DagBag from /home/airflow/.local/lib/python3.7/site-packages/airflow/example_dags/example_sensors.py
[2022-12-27T11:39:53.755+0000] {processor.py:753} INFO - DAG(s) dict_keys(['example_sensors']) retrieved from /home/airflow/.local/lib/python3.7/site-packages/airflow/example_dags/example_sensors.py
[2022-12-27T11:39:53.804+0000] {logging_mixin.py:137} INFO - [2022-12-27T11:39:53.804+0000] {dag.py:2676} INFO - Sync 1 DAGs
[2022-12-27T11:39:53.832+0000] {logging_mixin.py:137} INFO - [2022-12-27T11:39:53.832+0000] {dag.py:3427} INFO - Setting next_dagrun for example_sensors to None, run_after=None
[2022-12-27T11:39:54.030+0000] {processor.py:175} INFO - Processing /home/airflow/.local/lib/python3.7/site-packages/airflow/example_dags/example_sensors.py took 0.304 seconds
[2022-12-27T11:40:24.888+0000] {processor.py:153} INFO - Started process (PID=2383) to work on /home/airflow/.local/lib/python3.7/site-packages/airflow/example_dags/example_sensors.py
[2022-12-27T11:40:24.891+0000] {processor.py:743} INFO - Processing file /home/airflow/.local/lib/python3.7/site-packages/airflow/example_dags/example_sensors.py for tasks to queue
[2022-12-27T11:40:24.893+0000] {logging_mixin.py:137} INFO - [2022-12-27T11:40:24.893+0000] {dagbag.py:538} INFO - Filling up the DagBag from /home/airflow/.local/lib/python3.7/site-packages/airflow/example_dags/example_sensors.py
[2022-12-27T11:40:24.958+0000] {processor.py:753} INFO - DAG(s) dict_keys(['example_sensors']) retrieved from /home/airflow/.local/lib/python3.7/site-packages/airflow/example_dags/example_sensors.py
[2022-12-27T11:40:25.065+0000] {logging_mixin.py:137} INFO - [2022-12-27T11:40:25.064+0000] {dag.py:2676} INFO - Sync 1 DAGs
[2022-12-27T11:40:25.138+0000] {logging_mixin.py:137} INFO - [2022-12-27T11:40:25.137+0000] {dag.py:3427} INFO - Setting next_dagrun for example_sensors to None, run_after=None
[2022-12-27T11:40:25.261+0000] {processor.py:175} INFO - Processing /home/airflow/.local/lib/python3.7/site-packages/airflow/example_dags/example_sensors.py took 0.389 seconds
[2022-12-27T11:40:55.806+0000] {processor.py:153} INFO - Started process (PID=2433) to work on /home/airflow/.local/lib/python3.7/site-packages/airflow/example_dags/example_sensors.py
[2022-12-27T11:40:55.807+0000] {processor.py:743} INFO - Processing file /home/airflow/.local/lib/python3.7/site-packages/airflow/example_dags/example_sensors.py for tasks to queue
[2022-12-27T11:40:55.808+0000] {logging_mixin.py:137} INFO - [2022-12-27T11:40:55.808+0000] {dagbag.py:538} INFO - Filling up the DagBag from /home/airflow/.local/lib/python3.7/site-packages/airflow/example_dags/example_sensors.py
[2022-12-27T11:40:55.831+0000] {processor.py:753} INFO - DAG(s) dict_keys(['example_sensors']) retrieved from /home/airflow/.local/lib/python3.7/site-packages/airflow/example_dags/example_sensors.py
[2022-12-27T11:40:55.860+0000] {logging_mixin.py:137} INFO - [2022-12-27T11:40:55.860+0000] {dag.py:2676} INFO - Sync 1 DAGs
[2022-12-27T11:40:55.890+0000] {logging_mixin.py:137} INFO - [2022-12-27T11:40:55.890+0000] {dag.py:3427} INFO - Setting next_dagrun for example_sensors to None, run_after=None
[2022-12-27T11:40:56.009+0000] {processor.py:175} INFO - Processing /home/airflow/.local/lib/python3.7/site-packages/airflow/example_dags/example_sensors.py took 0.208 seconds
[2022-12-27T11:41:26.345+0000] {processor.py:153} INFO - Started process (PID=2503) to work on /home/airflow/.local/lib/python3.7/site-packages/airflow/example_dags/example_sensors.py
[2022-12-27T11:41:26.347+0000] {processor.py:743} INFO - Processing file /home/airflow/.local/lib/python3.7/site-packages/airflow/example_dags/example_sensors.py for tasks to queue
[2022-12-27T11:41:26.348+0000] {logging_mixin.py:137} INFO - [2022-12-27T11:41:26.347+0000] {dagbag.py:538} INFO - Filling up the DagBag from /home/airflow/.local/lib/python3.7/site-packages/airflow/example_dags/example_sensors.py
[2022-12-27T11:41:26.375+0000] {processor.py:753} INFO - DAG(s) dict_keys(['example_sensors']) retrieved from /home/airflow/.local/lib/python3.7/site-packages/airflow/example_dags/example_sensors.py
[2022-12-27T11:41:26.445+0000] {logging_mixin.py:137} INFO - [2022-12-27T11:41:26.445+0000] {dag.py:2676} INFO - Sync 1 DAGs
[2022-12-27T11:41:26.490+0000] {logging_mixin.py:137} INFO - [2022-12-27T11:41:26.490+0000] {dag.py:3427} INFO - Setting next_dagrun for example_sensors to None, run_after=None
[2022-12-27T11:41:26.773+0000] {processor.py:175} INFO - Processing /home/airflow/.local/lib/python3.7/site-packages/airflow/example_dags/example_sensors.py took 0.433 seconds
[2022-12-27T11:41:56.890+0000] {processor.py:153} INFO - Started process (PID=2567) to work on /home/airflow/.local/lib/python3.7/site-packages/airflow/example_dags/example_sensors.py
[2022-12-27T11:41:56.892+0000] {processor.py:743} INFO - Processing file /home/airflow/.local/lib/python3.7/site-packages/airflow/example_dags/example_sensors.py for tasks to queue
[2022-12-27T11:41:56.893+0000] {logging_mixin.py:137} INFO - [2022-12-27T11:41:56.893+0000] {dagbag.py:538} INFO - Filling up the DagBag from /home/airflow/.local/lib/python3.7/site-packages/airflow/example_dags/example_sensors.py
[2022-12-27T11:41:56.922+0000] {processor.py:753} INFO - DAG(s) dict_keys(['example_sensors']) retrieved from /home/airflow/.local/lib/python3.7/site-packages/airflow/example_dags/example_sensors.py
[2022-12-27T11:41:56.966+0000] {logging_mixin.py:137} INFO - [2022-12-27T11:41:56.966+0000] {dag.py:2676} INFO - Sync 1 DAGs
[2022-12-27T11:41:56.997+0000] {logging_mixin.py:137} INFO - [2022-12-27T11:41:56.997+0000] {dag.py:3427} INFO - Setting next_dagrun for example_sensors to None, run_after=None
[2022-12-27T11:41:57.132+0000] {processor.py:175} INFO - Processing /home/airflow/.local/lib/python3.7/site-packages/airflow/example_dags/example_sensors.py took 0.248 seconds
