[2022-12-27T11:22:27.788+0000] {processor.py:153} INFO - Started process (PID=68) to work on /home/airflow/.local/lib/python3.7/site-packages/airflow/example_dags/example_short_circuit_decorator.py
[2022-12-27T11:22:27.790+0000] {processor.py:743} INFO - Processing file /home/airflow/.local/lib/python3.7/site-packages/airflow/example_dags/example_short_circuit_decorator.py for tasks to queue
[2022-12-27T11:22:27.799+0000] {logging_mixin.py:137} INFO - [2022-12-27T11:22:27.799+0000] {dagbag.py:538} INFO - Filling up the DagBag from /home/airflow/.local/lib/python3.7/site-packages/airflow/example_dags/example_short_circuit_decorator.py
[2022-12-27T11:22:27.922+0000] {processor.py:753} INFO - DAG(s) dict_keys(['example_short_circuit_decorator']) retrieved from /home/airflow/.local/lib/python3.7/site-packages/airflow/example_dags/example_short_circuit_decorator.py
[2022-12-27T11:22:27.996+0000] {logging_mixin.py:137} INFO - [2022-12-27T11:22:27.995+0000] {dag.py:2676} INFO - Sync 1 DAGs
[2022-12-27T11:22:28.065+0000] {logging_mixin.py:137} INFO - [2022-12-27T11:22:28.065+0000] {dag.py:3427} INFO - Setting next_dagrun for example_short_circuit_decorator to 2022-12-26T11:22:28.064651+00:00, run_after=2022-12-27T11:22:28.064651+00:00
[2022-12-27T11:22:28.301+0000] {processor.py:175} INFO - Processing /home/airflow/.local/lib/python3.7/site-packages/airflow/example_dags/example_short_circuit_decorator.py took 0.531 seconds
[2022-12-27T11:22:58.447+0000] {processor.py:153} INFO - Started process (PID=130) to work on /home/airflow/.local/lib/python3.7/site-packages/airflow/example_dags/example_short_circuit_decorator.py
[2022-12-27T11:22:58.448+0000] {processor.py:743} INFO - Processing file /home/airflow/.local/lib/python3.7/site-packages/airflow/example_dags/example_short_circuit_decorator.py for tasks to queue
[2022-12-27T11:22:58.449+0000] {logging_mixin.py:137} INFO - [2022-12-27T11:22:58.449+0000] {dagbag.py:538} INFO - Filling up the DagBag from /home/airflow/.local/lib/python3.7/site-packages/airflow/example_dags/example_short_circuit_decorator.py
[2022-12-27T11:22:58.479+0000] {processor.py:753} INFO - DAG(s) dict_keys(['example_short_circuit_decorator']) retrieved from /home/airflow/.local/lib/python3.7/site-packages/airflow/example_dags/example_short_circuit_decorator.py
[2022-12-27T11:22:58.516+0000] {logging_mixin.py:137} INFO - [2022-12-27T11:22:58.516+0000] {dag.py:2676} INFO - Sync 1 DAGs
[2022-12-27T11:22:58.542+0000] {logging_mixin.py:137} INFO - [2022-12-27T11:22:58.541+0000] {dag.py:3427} INFO - Setting next_dagrun for example_short_circuit_decorator to 2022-12-26T11:22:58.541586+00:00, run_after=2022-12-27T11:22:58.541586+00:00
[2022-12-27T11:22:58.593+0000] {processor.py:175} INFO - Processing /home/airflow/.local/lib/python3.7/site-packages/airflow/example_dags/example_short_circuit_decorator.py took 0.150 seconds
[2022-12-27T11:23:28.908+0000] {processor.py:153} INFO - Started process (PID=193) to work on /home/airflow/.local/lib/python3.7/site-packages/airflow/example_dags/example_short_circuit_decorator.py
[2022-12-27T11:23:28.911+0000] {processor.py:743} INFO - Processing file /home/airflow/.local/lib/python3.7/site-packages/airflow/example_dags/example_short_circuit_decorator.py for tasks to queue
[2022-12-27T11:23:28.913+0000] {logging_mixin.py:137} INFO - [2022-12-27T11:23:28.913+0000] {dagbag.py:538} INFO - Filling up the DagBag from /home/airflow/.local/lib/python3.7/site-packages/airflow/example_dags/example_short_circuit_decorator.py
[2022-12-27T11:23:28.996+0000] {processor.py:753} INFO - DAG(s) dict_keys(['example_short_circuit_decorator']) retrieved from /home/airflow/.local/lib/python3.7/site-packages/airflow/example_dags/example_short_circuit_decorator.py
[2022-12-27T11:23:29.087+0000] {logging_mixin.py:137} INFO - [2022-12-27T11:23:29.087+0000] {dag.py:2676} INFO - Sync 1 DAGs
[2022-12-27T11:23:29.148+0000] {logging_mixin.py:137} INFO - [2022-12-27T11:23:29.147+0000] {dag.py:3427} INFO - Setting next_dagrun for example_short_circuit_decorator to 2022-12-26T11:23:29.146883+00:00, run_after=2022-12-27T11:23:29.146883+00:00
[2022-12-27T11:23:29.218+0000] {processor.py:175} INFO - Processing /home/airflow/.local/lib/python3.7/site-packages/airflow/example_dags/example_short_circuit_decorator.py took 0.319 seconds
[2022-12-27T11:23:59.916+0000] {processor.py:153} INFO - Started process (PID=268) to work on /home/airflow/.local/lib/python3.7/site-packages/airflow/example_dags/example_short_circuit_decorator.py
[2022-12-27T11:23:59.918+0000] {processor.py:743} INFO - Processing file /home/airflow/.local/lib/python3.7/site-packages/airflow/example_dags/example_short_circuit_decorator.py for tasks to queue
[2022-12-27T11:23:59.920+0000] {logging_mixin.py:137} INFO - [2022-12-27T11:23:59.919+0000] {dagbag.py:538} INFO - Filling up the DagBag from /home/airflow/.local/lib/python3.7/site-packages/airflow/example_dags/example_short_circuit_decorator.py
[2022-12-27T11:23:59.977+0000] {processor.py:753} INFO - DAG(s) dict_keys(['example_short_circuit_decorator']) retrieved from /home/airflow/.local/lib/python3.7/site-packages/airflow/example_dags/example_short_circuit_decorator.py
[2022-12-27T11:24:00.063+0000] {logging_mixin.py:137} INFO - [2022-12-27T11:24:00.062+0000] {dag.py:2676} INFO - Sync 1 DAGs
[2022-12-27T11:24:00.119+0000] {logging_mixin.py:137} INFO - [2022-12-27T11:24:00.119+0000] {dag.py:3427} INFO - Setting next_dagrun for example_short_circuit_decorator to 2022-12-26T11:24:00.118844+00:00, run_after=2022-12-27T11:24:00.118844+00:00
[2022-12-27T11:24:00.198+0000] {processor.py:175} INFO - Processing /home/airflow/.local/lib/python3.7/site-packages/airflow/example_dags/example_short_circuit_decorator.py took 0.291 seconds
[2022-12-27T11:24:31.327+0000] {processor.py:153} INFO - Started process (PID=331) to work on /home/airflow/.local/lib/python3.7/site-packages/airflow/example_dags/example_short_circuit_decorator.py
[2022-12-27T11:24:31.330+0000] {processor.py:743} INFO - Processing file /home/airflow/.local/lib/python3.7/site-packages/airflow/example_dags/example_short_circuit_decorator.py for tasks to queue
[2022-12-27T11:24:31.332+0000] {logging_mixin.py:137} INFO - [2022-12-27T11:24:31.331+0000] {dagbag.py:538} INFO - Filling up the DagBag from /home/airflow/.local/lib/python3.7/site-packages/airflow/example_dags/example_short_circuit_decorator.py
[2022-12-27T11:24:31.393+0000] {processor.py:753} INFO - DAG(s) dict_keys(['example_short_circuit_decorator']) retrieved from /home/airflow/.local/lib/python3.7/site-packages/airflow/example_dags/example_short_circuit_decorator.py
[2022-12-27T11:24:31.474+0000] {logging_mixin.py:137} INFO - [2022-12-27T11:24:31.474+0000] {dag.py:2676} INFO - Sync 1 DAGs
[2022-12-27T11:24:31.533+0000] {logging_mixin.py:137} INFO - [2022-12-27T11:24:31.533+0000] {dag.py:3427} INFO - Setting next_dagrun for example_short_circuit_decorator to 2022-12-26T11:24:31.532918+00:00, run_after=2022-12-27T11:24:31.532918+00:00
[2022-12-27T11:24:31.597+0000] {processor.py:175} INFO - Processing /home/airflow/.local/lib/python3.7/site-packages/airflow/example_dags/example_short_circuit_decorator.py took 0.278 seconds
[2022-12-27T11:25:02.346+0000] {processor.py:153} INFO - Started process (PID=394) to work on /home/airflow/.local/lib/python3.7/site-packages/airflow/example_dags/example_short_circuit_decorator.py
[2022-12-27T11:25:02.348+0000] {processor.py:743} INFO - Processing file /home/airflow/.local/lib/python3.7/site-packages/airflow/example_dags/example_short_circuit_decorator.py for tasks to queue
[2022-12-27T11:25:02.349+0000] {logging_mixin.py:137} INFO - [2022-12-27T11:25:02.349+0000] {dagbag.py:538} INFO - Filling up the DagBag from /home/airflow/.local/lib/python3.7/site-packages/airflow/example_dags/example_short_circuit_decorator.py
[2022-12-27T11:25:02.384+0000] {processor.py:753} INFO - DAG(s) dict_keys(['example_short_circuit_decorator']) retrieved from /home/airflow/.local/lib/python3.7/site-packages/airflow/example_dags/example_short_circuit_decorator.py
[2022-12-27T11:25:02.430+0000] {logging_mixin.py:137} INFO - [2022-12-27T11:25:02.430+0000] {dag.py:2676} INFO - Sync 1 DAGs
[2022-12-27T11:25:02.466+0000] {logging_mixin.py:137} INFO - [2022-12-27T11:25:02.466+0000] {dag.py:3427} INFO - Setting next_dagrun for example_short_circuit_decorator to 2022-12-26T11:25:02.466170+00:00, run_after=2022-12-27T11:25:02.466170+00:00
[2022-12-27T11:25:02.514+0000] {processor.py:175} INFO - Processing /home/airflow/.local/lib/python3.7/site-packages/airflow/example_dags/example_short_circuit_decorator.py took 0.173 seconds
[2022-12-27T11:25:33.164+0000] {processor.py:153} INFO - Started process (PID=468) to work on /home/airflow/.local/lib/python3.7/site-packages/airflow/example_dags/example_short_circuit_decorator.py
[2022-12-27T11:25:33.165+0000] {processor.py:743} INFO - Processing file /home/airflow/.local/lib/python3.7/site-packages/airflow/example_dags/example_short_circuit_decorator.py for tasks to queue
[2022-12-27T11:25:33.166+0000] {logging_mixin.py:137} INFO - [2022-12-27T11:25:33.166+0000] {dagbag.py:538} INFO - Filling up the DagBag from /home/airflow/.local/lib/python3.7/site-packages/airflow/example_dags/example_short_circuit_decorator.py
[2022-12-27T11:25:33.216+0000] {processor.py:753} INFO - DAG(s) dict_keys(['example_short_circuit_decorator']) retrieved from /home/airflow/.local/lib/python3.7/site-packages/airflow/example_dags/example_short_circuit_decorator.py
[2022-12-27T11:25:33.292+0000] {logging_mixin.py:137} INFO - [2022-12-27T11:25:33.292+0000] {dag.py:2676} INFO - Sync 1 DAGs
[2022-12-27T11:25:33.335+0000] {logging_mixin.py:137} INFO - [2022-12-27T11:25:33.335+0000] {dag.py:3427} INFO - Setting next_dagrun for example_short_circuit_decorator to 2022-12-26T11:25:33.335006+00:00, run_after=2022-12-27T11:25:33.335006+00:00
[2022-12-27T11:25:33.559+0000] {processor.py:175} INFO - Processing /home/airflow/.local/lib/python3.7/site-packages/airflow/example_dags/example_short_circuit_decorator.py took 0.400 seconds
[2022-12-27T11:26:03.859+0000] {processor.py:153} INFO - Started process (PID=530) to work on /home/airflow/.local/lib/python3.7/site-packages/airflow/example_dags/example_short_circuit_decorator.py
[2022-12-27T11:26:03.860+0000] {processor.py:743} INFO - Processing file /home/airflow/.local/lib/python3.7/site-packages/airflow/example_dags/example_short_circuit_decorator.py for tasks to queue
[2022-12-27T11:26:03.861+0000] {logging_mixin.py:137} INFO - [2022-12-27T11:26:03.861+0000] {dagbag.py:538} INFO - Filling up the DagBag from /home/airflow/.local/lib/python3.7/site-packages/airflow/example_dags/example_short_circuit_decorator.py
[2022-12-27T11:26:03.892+0000] {processor.py:753} INFO - DAG(s) dict_keys(['example_short_circuit_decorator']) retrieved from /home/airflow/.local/lib/python3.7/site-packages/airflow/example_dags/example_short_circuit_decorator.py
[2022-12-27T11:26:03.936+0000] {logging_mixin.py:137} INFO - [2022-12-27T11:26:03.936+0000] {dag.py:2676} INFO - Sync 1 DAGs
[2022-12-27T11:26:03.966+0000] {logging_mixin.py:137} INFO - [2022-12-27T11:26:03.966+0000] {dag.py:3427} INFO - Setting next_dagrun for example_short_circuit_decorator to 2022-12-26T11:26:03.966364+00:00, run_after=2022-12-27T11:26:03.966364+00:00
[2022-12-27T11:26:04.172+0000] {processor.py:175} INFO - Processing /home/airflow/.local/lib/python3.7/site-packages/airflow/example_dags/example_short_circuit_decorator.py took 0.317 seconds
[2022-12-27T11:26:34.300+0000] {processor.py:153} INFO - Started process (PID=592) to work on /home/airflow/.local/lib/python3.7/site-packages/airflow/example_dags/example_short_circuit_decorator.py
[2022-12-27T11:26:34.302+0000] {processor.py:743} INFO - Processing file /home/airflow/.local/lib/python3.7/site-packages/airflow/example_dags/example_short_circuit_decorator.py for tasks to queue
[2022-12-27T11:26:34.303+0000] {logging_mixin.py:137} INFO - [2022-12-27T11:26:34.303+0000] {dagbag.py:538} INFO - Filling up the DagBag from /home/airflow/.local/lib/python3.7/site-packages/airflow/example_dags/example_short_circuit_decorator.py
[2022-12-27T11:26:34.347+0000] {processor.py:753} INFO - DAG(s) dict_keys(['example_short_circuit_decorator']) retrieved from /home/airflow/.local/lib/python3.7/site-packages/airflow/example_dags/example_short_circuit_decorator.py
[2022-12-27T11:26:34.398+0000] {logging_mixin.py:137} INFO - [2022-12-27T11:26:34.398+0000] {dag.py:2676} INFO - Sync 1 DAGs
[2022-12-27T11:26:34.437+0000] {logging_mixin.py:137} INFO - [2022-12-27T11:26:34.437+0000] {dag.py:3427} INFO - Setting next_dagrun for example_short_circuit_decorator to 2022-12-26T11:26:34.437439+00:00, run_after=2022-12-27T11:26:34.437439+00:00
[2022-12-27T11:26:34.500+0000] {processor.py:175} INFO - Processing /home/airflow/.local/lib/python3.7/site-packages/airflow/example_dags/example_short_circuit_decorator.py took 0.203 seconds
[2022-12-27T11:27:04.542+0000] {processor.py:153} INFO - Started process (PID=653) to work on /home/airflow/.local/lib/python3.7/site-packages/airflow/example_dags/example_short_circuit_decorator.py
[2022-12-27T11:27:04.543+0000] {processor.py:743} INFO - Processing file /home/airflow/.local/lib/python3.7/site-packages/airflow/example_dags/example_short_circuit_decorator.py for tasks to queue
[2022-12-27T11:27:04.544+0000] {logging_mixin.py:137} INFO - [2022-12-27T11:27:04.544+0000] {dagbag.py:538} INFO - Filling up the DagBag from /home/airflow/.local/lib/python3.7/site-packages/airflow/example_dags/example_short_circuit_decorator.py
[2022-12-27T11:27:04.575+0000] {processor.py:753} INFO - DAG(s) dict_keys(['example_short_circuit_decorator']) retrieved from /home/airflow/.local/lib/python3.7/site-packages/airflow/example_dags/example_short_circuit_decorator.py
[2022-12-27T11:27:04.623+0000] {logging_mixin.py:137} INFO - [2022-12-27T11:27:04.623+0000] {dag.py:2676} INFO - Sync 1 DAGs
[2022-12-27T11:27:04.652+0000] {logging_mixin.py:137} INFO - [2022-12-27T11:27:04.652+0000] {dag.py:3427} INFO - Setting next_dagrun for example_short_circuit_decorator to 2022-12-26T11:27:04.652270+00:00, run_after=2022-12-27T11:27:04.652270+00:00
[2022-12-27T11:27:04.718+0000] {processor.py:175} INFO - Processing /home/airflow/.local/lib/python3.7/site-packages/airflow/example_dags/example_short_circuit_decorator.py took 0.180 seconds
[2022-12-27T11:27:35.731+0000] {processor.py:153} INFO - Started process (PID=714) to work on /home/airflow/.local/lib/python3.7/site-packages/airflow/example_dags/example_short_circuit_decorator.py
[2022-12-27T11:27:35.734+0000] {processor.py:743} INFO - Processing file /home/airflow/.local/lib/python3.7/site-packages/airflow/example_dags/example_short_circuit_decorator.py for tasks to queue
[2022-12-27T11:27:35.736+0000] {logging_mixin.py:137} INFO - [2022-12-27T11:27:35.735+0000] {dagbag.py:538} INFO - Filling up the DagBag from /home/airflow/.local/lib/python3.7/site-packages/airflow/example_dags/example_short_circuit_decorator.py
[2022-12-27T11:27:35.801+0000] {processor.py:753} INFO - DAG(s) dict_keys(['example_short_circuit_decorator']) retrieved from /home/airflow/.local/lib/python3.7/site-packages/airflow/example_dags/example_short_circuit_decorator.py
[2022-12-27T11:27:35.892+0000] {logging_mixin.py:137} INFO - [2022-12-27T11:27:35.892+0000] {dag.py:2676} INFO - Sync 1 DAGs
[2022-12-27T11:27:35.961+0000] {logging_mixin.py:137} INFO - [2022-12-27T11:27:35.961+0000] {dag.py:3427} INFO - Setting next_dagrun for example_short_circuit_decorator to 2022-12-26T11:27:35.961045+00:00, run_after=2022-12-27T11:27:35.961045+00:00
[2022-12-27T11:27:36.050+0000] {processor.py:175} INFO - Processing /home/airflow/.local/lib/python3.7/site-packages/airflow/example_dags/example_short_circuit_decorator.py took 0.327 seconds
[2022-12-27T11:28:06.172+0000] {processor.py:153} INFO - Started process (PID=788) to work on /home/airflow/.local/lib/python3.7/site-packages/airflow/example_dags/example_short_circuit_decorator.py
[2022-12-27T11:28:06.174+0000] {processor.py:743} INFO - Processing file /home/airflow/.local/lib/python3.7/site-packages/airflow/example_dags/example_short_circuit_decorator.py for tasks to queue
[2022-12-27T11:28:06.176+0000] {logging_mixin.py:137} INFO - [2022-12-27T11:28:06.175+0000] {dagbag.py:538} INFO - Filling up the DagBag from /home/airflow/.local/lib/python3.7/site-packages/airflow/example_dags/example_short_circuit_decorator.py
[2022-12-27T11:28:06.237+0000] {processor.py:753} INFO - DAG(s) dict_keys(['example_short_circuit_decorator']) retrieved from /home/airflow/.local/lib/python3.7/site-packages/airflow/example_dags/example_short_circuit_decorator.py
[2022-12-27T11:28:06.325+0000] {logging_mixin.py:137} INFO - [2022-12-27T11:28:06.325+0000] {dag.py:2676} INFO - Sync 1 DAGs
[2022-12-27T11:28:06.380+0000] {logging_mixin.py:137} INFO - [2022-12-27T11:28:06.379+0000] {dag.py:3427} INFO - Setting next_dagrun for example_short_circuit_decorator to 2022-12-26T11:28:06.379365+00:00, run_after=2022-12-27T11:28:06.379365+00:00
[2022-12-27T11:28:06.483+0000] {processor.py:175} INFO - Processing /home/airflow/.local/lib/python3.7/site-packages/airflow/example_dags/example_short_circuit_decorator.py took 0.320 seconds
[2022-12-27T11:28:36.536+0000] {processor.py:153} INFO - Started process (PID=850) to work on /home/airflow/.local/lib/python3.7/site-packages/airflow/example_dags/example_short_circuit_decorator.py
[2022-12-27T11:28:36.538+0000] {processor.py:743} INFO - Processing file /home/airflow/.local/lib/python3.7/site-packages/airflow/example_dags/example_short_circuit_decorator.py for tasks to queue
[2022-12-27T11:28:36.539+0000] {logging_mixin.py:137} INFO - [2022-12-27T11:28:36.539+0000] {dagbag.py:538} INFO - Filling up the DagBag from /home/airflow/.local/lib/python3.7/site-packages/airflow/example_dags/example_short_circuit_decorator.py
[2022-12-27T11:28:36.574+0000] {processor.py:753} INFO - DAG(s) dict_keys(['example_short_circuit_decorator']) retrieved from /home/airflow/.local/lib/python3.7/site-packages/airflow/example_dags/example_short_circuit_decorator.py
[2022-12-27T11:28:36.628+0000] {logging_mixin.py:137} INFO - [2022-12-27T11:28:36.628+0000] {dag.py:2676} INFO - Sync 1 DAGs
[2022-12-27T11:28:36.665+0000] {logging_mixin.py:137} INFO - [2022-12-27T11:28:36.664+0000] {dag.py:3427} INFO - Setting next_dagrun for example_short_circuit_decorator to 2022-12-26T11:28:36.664547+00:00, run_after=2022-12-27T11:28:36.664547+00:00
[2022-12-27T11:28:36.722+0000] {processor.py:175} INFO - Processing /home/airflow/.local/lib/python3.7/site-packages/airflow/example_dags/example_short_circuit_decorator.py took 0.190 seconds
[2022-12-27T11:29:07.324+0000] {processor.py:153} INFO - Started process (PID=913) to work on /home/airflow/.local/lib/python3.7/site-packages/airflow/example_dags/example_short_circuit_decorator.py
[2022-12-27T11:29:07.326+0000] {processor.py:743} INFO - Processing file /home/airflow/.local/lib/python3.7/site-packages/airflow/example_dags/example_short_circuit_decorator.py for tasks to queue
[2022-12-27T11:29:07.327+0000] {logging_mixin.py:137} INFO - [2022-12-27T11:29:07.327+0000] {dagbag.py:538} INFO - Filling up the DagBag from /home/airflow/.local/lib/python3.7/site-packages/airflow/example_dags/example_short_circuit_decorator.py
[2022-12-27T11:29:07.384+0000] {processor.py:753} INFO - DAG(s) dict_keys(['example_short_circuit_decorator']) retrieved from /home/airflow/.local/lib/python3.7/site-packages/airflow/example_dags/example_short_circuit_decorator.py
[2022-12-27T11:29:07.466+0000] {logging_mixin.py:137} INFO - [2022-12-27T11:29:07.465+0000] {dag.py:2676} INFO - Sync 1 DAGs
[2022-12-27T11:29:07.527+0000] {logging_mixin.py:137} INFO - [2022-12-27T11:29:07.526+0000] {dag.py:3427} INFO - Setting next_dagrun for example_short_circuit_decorator to 2022-12-26T11:29:07.526384+00:00, run_after=2022-12-27T11:29:07.526384+00:00
[2022-12-27T11:29:07.659+0000] {processor.py:175} INFO - Processing /home/airflow/.local/lib/python3.7/site-packages/airflow/example_dags/example_short_circuit_decorator.py took 0.342 seconds
[2022-12-27T11:29:38.101+0000] {processor.py:153} INFO - Started process (PID=987) to work on /home/airflow/.local/lib/python3.7/site-packages/airflow/example_dags/example_short_circuit_decorator.py
[2022-12-27T11:29:38.103+0000] {processor.py:743} INFO - Processing file /home/airflow/.local/lib/python3.7/site-packages/airflow/example_dags/example_short_circuit_decorator.py for tasks to queue
[2022-12-27T11:29:38.104+0000] {logging_mixin.py:137} INFO - [2022-12-27T11:29:38.104+0000] {dagbag.py:538} INFO - Filling up the DagBag from /home/airflow/.local/lib/python3.7/site-packages/airflow/example_dags/example_short_circuit_decorator.py
[2022-12-27T11:29:38.160+0000] {processor.py:753} INFO - DAG(s) dict_keys(['example_short_circuit_decorator']) retrieved from /home/airflow/.local/lib/python3.7/site-packages/airflow/example_dags/example_short_circuit_decorator.py
[2022-12-27T11:29:38.244+0000] {logging_mixin.py:137} INFO - [2022-12-27T11:29:38.244+0000] {dag.py:2676} INFO - Sync 1 DAGs
[2022-12-27T11:29:38.300+0000] {logging_mixin.py:137} INFO - [2022-12-27T11:29:38.300+0000] {dag.py:3427} INFO - Setting next_dagrun for example_short_circuit_decorator to 2022-12-26T11:29:38.299859+00:00, run_after=2022-12-27T11:29:38.299859+00:00
[2022-12-27T11:29:38.404+0000] {processor.py:175} INFO - Processing /home/airflow/.local/lib/python3.7/site-packages/airflow/example_dags/example_short_circuit_decorator.py took 0.311 seconds
[2022-12-27T11:30:09.071+0000] {processor.py:153} INFO - Started process (PID=1049) to work on /home/airflow/.local/lib/python3.7/site-packages/airflow/example_dags/example_short_circuit_decorator.py
[2022-12-27T11:30:09.072+0000] {processor.py:743} INFO - Processing file /home/airflow/.local/lib/python3.7/site-packages/airflow/example_dags/example_short_circuit_decorator.py for tasks to queue
[2022-12-27T11:30:09.074+0000] {logging_mixin.py:137} INFO - [2022-12-27T11:30:09.074+0000] {dagbag.py:538} INFO - Filling up the DagBag from /home/airflow/.local/lib/python3.7/site-packages/airflow/example_dags/example_short_circuit_decorator.py
[2022-12-27T11:30:09.120+0000] {processor.py:753} INFO - DAG(s) dict_keys(['example_short_circuit_decorator']) retrieved from /home/airflow/.local/lib/python3.7/site-packages/airflow/example_dags/example_short_circuit_decorator.py
[2022-12-27T11:30:09.182+0000] {logging_mixin.py:137} INFO - [2022-12-27T11:30:09.182+0000] {dag.py:2676} INFO - Sync 1 DAGs
[2022-12-27T11:30:09.225+0000] {logging_mixin.py:137} INFO - [2022-12-27T11:30:09.225+0000] {dag.py:3427} INFO - Setting next_dagrun for example_short_circuit_decorator to 2022-12-26T11:30:09.224622+00:00, run_after=2022-12-27T11:30:09.224622+00:00
[2022-12-27T11:30:09.332+0000] {processor.py:175} INFO - Processing /home/airflow/.local/lib/python3.7/site-packages/airflow/example_dags/example_short_circuit_decorator.py took 0.267 seconds
[2022-12-27T11:30:40.072+0000] {processor.py:153} INFO - Started process (PID=1111) to work on /home/airflow/.local/lib/python3.7/site-packages/airflow/example_dags/example_short_circuit_decorator.py
[2022-12-27T11:30:40.073+0000] {processor.py:743} INFO - Processing file /home/airflow/.local/lib/python3.7/site-packages/airflow/example_dags/example_short_circuit_decorator.py for tasks to queue
[2022-12-27T11:30:40.075+0000] {logging_mixin.py:137} INFO - [2022-12-27T11:30:40.074+0000] {dagbag.py:538} INFO - Filling up the DagBag from /home/airflow/.local/lib/python3.7/site-packages/airflow/example_dags/example_short_circuit_decorator.py
[2022-12-27T11:30:40.111+0000] {processor.py:753} INFO - DAG(s) dict_keys(['example_short_circuit_decorator']) retrieved from /home/airflow/.local/lib/python3.7/site-packages/airflow/example_dags/example_short_circuit_decorator.py
[2022-12-27T11:30:40.154+0000] {logging_mixin.py:137} INFO - [2022-12-27T11:30:40.154+0000] {dag.py:2676} INFO - Sync 1 DAGs
[2022-12-27T11:30:40.187+0000] {logging_mixin.py:137} INFO - [2022-12-27T11:30:40.186+0000] {dag.py:3427} INFO - Setting next_dagrun for example_short_circuit_decorator to 2022-12-26T11:30:40.186593+00:00, run_after=2022-12-27T11:30:40.186593+00:00
[2022-12-27T11:30:40.256+0000] {processor.py:175} INFO - Processing /home/airflow/.local/lib/python3.7/site-packages/airflow/example_dags/example_short_circuit_decorator.py took 0.190 seconds
[2022-12-27T11:31:10.413+0000] {processor.py:153} INFO - Started process (PID=1186) to work on /home/airflow/.local/lib/python3.7/site-packages/airflow/example_dags/example_short_circuit_decorator.py
[2022-12-27T11:31:10.414+0000] {processor.py:743} INFO - Processing file /home/airflow/.local/lib/python3.7/site-packages/airflow/example_dags/example_short_circuit_decorator.py for tasks to queue
[2022-12-27T11:31:10.415+0000] {logging_mixin.py:137} INFO - [2022-12-27T11:31:10.415+0000] {dagbag.py:538} INFO - Filling up the DagBag from /home/airflow/.local/lib/python3.7/site-packages/airflow/example_dags/example_short_circuit_decorator.py
[2022-12-27T11:31:10.446+0000] {processor.py:753} INFO - DAG(s) dict_keys(['example_short_circuit_decorator']) retrieved from /home/airflow/.local/lib/python3.7/site-packages/airflow/example_dags/example_short_circuit_decorator.py
[2022-12-27T11:31:10.488+0000] {logging_mixin.py:137} INFO - [2022-12-27T11:31:10.488+0000] {dag.py:2676} INFO - Sync 1 DAGs
[2022-12-27T11:31:10.517+0000] {logging_mixin.py:137} INFO - [2022-12-27T11:31:10.517+0000] {dag.py:3427} INFO - Setting next_dagrun for example_short_circuit_decorator to 2022-12-26T11:31:10.517209+00:00, run_after=2022-12-27T11:31:10.517209+00:00
[2022-12-27T11:31:10.574+0000] {processor.py:175} INFO - Processing /home/airflow/.local/lib/python3.7/site-packages/airflow/example_dags/example_short_circuit_decorator.py took 0.167 seconds
[2022-12-27T11:31:40.650+0000] {processor.py:153} INFO - Started process (PID=1248) to work on /home/airflow/.local/lib/python3.7/site-packages/airflow/example_dags/example_short_circuit_decorator.py
[2022-12-27T11:31:40.652+0000] {processor.py:743} INFO - Processing file /home/airflow/.local/lib/python3.7/site-packages/airflow/example_dags/example_short_circuit_decorator.py for tasks to queue
[2022-12-27T11:31:40.654+0000] {logging_mixin.py:137} INFO - [2022-12-27T11:31:40.654+0000] {dagbag.py:538} INFO - Filling up the DagBag from /home/airflow/.local/lib/python3.7/site-packages/airflow/example_dags/example_short_circuit_decorator.py
[2022-12-27T11:31:40.739+0000] {processor.py:753} INFO - DAG(s) dict_keys(['example_short_circuit_decorator']) retrieved from /home/airflow/.local/lib/python3.7/site-packages/airflow/example_dags/example_short_circuit_decorator.py
[2022-12-27T11:31:40.889+0000] {logging_mixin.py:137} INFO - [2022-12-27T11:31:40.888+0000] {dag.py:2676} INFO - Sync 1 DAGs
[2022-12-27T11:31:40.945+0000] {logging_mixin.py:137} INFO - [2022-12-27T11:31:40.945+0000] {dag.py:3427} INFO - Setting next_dagrun for example_short_circuit_decorator to 2022-12-26T11:31:40.944593+00:00, run_after=2022-12-27T11:31:40.944593+00:00
[2022-12-27T11:31:41.013+0000] {processor.py:175} INFO - Processing /home/airflow/.local/lib/python3.7/site-packages/airflow/example_dags/example_short_circuit_decorator.py took 0.375 seconds
[2022-12-27T11:32:11.057+0000] {processor.py:153} INFO - Started process (PID=1322) to work on /home/airflow/.local/lib/python3.7/site-packages/airflow/example_dags/example_short_circuit_decorator.py
[2022-12-27T11:32:11.058+0000] {processor.py:743} INFO - Processing file /home/airflow/.local/lib/python3.7/site-packages/airflow/example_dags/example_short_circuit_decorator.py for tasks to queue
[2022-12-27T11:32:11.059+0000] {logging_mixin.py:137} INFO - [2022-12-27T11:32:11.059+0000] {dagbag.py:538} INFO - Filling up the DagBag from /home/airflow/.local/lib/python3.7/site-packages/airflow/example_dags/example_short_circuit_decorator.py
[2022-12-27T11:32:11.090+0000] {processor.py:753} INFO - DAG(s) dict_keys(['example_short_circuit_decorator']) retrieved from /home/airflow/.local/lib/python3.7/site-packages/airflow/example_dags/example_short_circuit_decorator.py
[2022-12-27T11:32:11.141+0000] {logging_mixin.py:137} INFO - [2022-12-27T11:32:11.141+0000] {dag.py:2676} INFO - Sync 1 DAGs
[2022-12-27T11:32:11.172+0000] {logging_mixin.py:137} INFO - [2022-12-27T11:32:11.172+0000] {dag.py:3427} INFO - Setting next_dagrun for example_short_circuit_decorator to 2022-12-26T11:32:11.172457+00:00, run_after=2022-12-27T11:32:11.172457+00:00
[2022-12-27T11:32:11.220+0000] {processor.py:175} INFO - Processing /home/airflow/.local/lib/python3.7/site-packages/airflow/example_dags/example_short_circuit_decorator.py took 0.168 seconds
[2022-12-27T11:32:41.783+0000] {processor.py:153} INFO - Started process (PID=1385) to work on /home/airflow/.local/lib/python3.7/site-packages/airflow/example_dags/example_short_circuit_decorator.py
[2022-12-27T11:32:41.784+0000] {processor.py:743} INFO - Processing file /home/airflow/.local/lib/python3.7/site-packages/airflow/example_dags/example_short_circuit_decorator.py for tasks to queue
[2022-12-27T11:32:41.785+0000] {logging_mixin.py:137} INFO - [2022-12-27T11:32:41.785+0000] {dagbag.py:538} INFO - Filling up the DagBag from /home/airflow/.local/lib/python3.7/site-packages/airflow/example_dags/example_short_circuit_decorator.py
[2022-12-27T11:32:41.817+0000] {processor.py:753} INFO - DAG(s) dict_keys(['example_short_circuit_decorator']) retrieved from /home/airflow/.local/lib/python3.7/site-packages/airflow/example_dags/example_short_circuit_decorator.py
[2022-12-27T11:32:41.867+0000] {logging_mixin.py:137} INFO - [2022-12-27T11:32:41.867+0000] {dag.py:2676} INFO - Sync 1 DAGs
[2022-12-27T11:32:41.896+0000] {logging_mixin.py:137} INFO - [2022-12-27T11:32:41.896+0000] {dag.py:3427} INFO - Setting next_dagrun for example_short_circuit_decorator to 2022-12-26T11:32:41.896198+00:00, run_after=2022-12-27T11:32:41.896198+00:00
[2022-12-27T11:32:41.968+0000] {processor.py:175} INFO - Processing /home/airflow/.local/lib/python3.7/site-packages/airflow/example_dags/example_short_circuit_decorator.py took 0.189 seconds
[2022-12-27T11:33:12.374+0000] {processor.py:153} INFO - Started process (PID=1447) to work on /home/airflow/.local/lib/python3.7/site-packages/airflow/example_dags/example_short_circuit_decorator.py
[2022-12-27T11:33:12.375+0000] {processor.py:743} INFO - Processing file /home/airflow/.local/lib/python3.7/site-packages/airflow/example_dags/example_short_circuit_decorator.py for tasks to queue
[2022-12-27T11:33:12.376+0000] {logging_mixin.py:137} INFO - [2022-12-27T11:33:12.376+0000] {dagbag.py:538} INFO - Filling up the DagBag from /home/airflow/.local/lib/python3.7/site-packages/airflow/example_dags/example_short_circuit_decorator.py
[2022-12-27T11:33:12.407+0000] {processor.py:753} INFO - DAG(s) dict_keys(['example_short_circuit_decorator']) retrieved from /home/airflow/.local/lib/python3.7/site-packages/airflow/example_dags/example_short_circuit_decorator.py
[2022-12-27T11:33:12.462+0000] {logging_mixin.py:137} INFO - [2022-12-27T11:33:12.462+0000] {dag.py:2676} INFO - Sync 1 DAGs
[2022-12-27T11:33:12.494+0000] {logging_mixin.py:137} INFO - [2022-12-27T11:33:12.494+0000] {dag.py:3427} INFO - Setting next_dagrun for example_short_circuit_decorator to 2022-12-26T11:33:12.494021+00:00, run_after=2022-12-27T11:33:12.494021+00:00
[2022-12-27T11:33:12.591+0000] {processor.py:175} INFO - Processing /home/airflow/.local/lib/python3.7/site-packages/airflow/example_dags/example_short_circuit_decorator.py took 0.222 seconds
[2022-12-27T11:33:43.389+0000] {processor.py:153} INFO - Started process (PID=1518) to work on /home/airflow/.local/lib/python3.7/site-packages/airflow/example_dags/example_short_circuit_decorator.py
[2022-12-27T11:33:43.390+0000] {processor.py:743} INFO - Processing file /home/airflow/.local/lib/python3.7/site-packages/airflow/example_dags/example_short_circuit_decorator.py for tasks to queue
[2022-12-27T11:33:43.391+0000] {logging_mixin.py:137} INFO - [2022-12-27T11:33:43.391+0000] {dagbag.py:538} INFO - Filling up the DagBag from /home/airflow/.local/lib/python3.7/site-packages/airflow/example_dags/example_short_circuit_decorator.py
[2022-12-27T11:33:43.423+0000] {processor.py:753} INFO - DAG(s) dict_keys(['example_short_circuit_decorator']) retrieved from /home/airflow/.local/lib/python3.7/site-packages/airflow/example_dags/example_short_circuit_decorator.py
[2022-12-27T11:33:43.469+0000] {logging_mixin.py:137} INFO - [2022-12-27T11:33:43.469+0000] {dag.py:2676} INFO - Sync 1 DAGs
[2022-12-27T11:33:43.506+0000] {logging_mixin.py:137} INFO - [2022-12-27T11:33:43.506+0000] {dag.py:3427} INFO - Setting next_dagrun for example_short_circuit_decorator to 2022-12-26T11:33:43.506023+00:00, run_after=2022-12-27T11:33:43.506023+00:00
[2022-12-27T11:33:43.566+0000] {processor.py:175} INFO - Processing /home/airflow/.local/lib/python3.7/site-packages/airflow/example_dags/example_short_circuit_decorator.py took 0.181 seconds
[2022-12-27T11:34:13.878+0000] {processor.py:153} INFO - Started process (PID=1583) to work on /home/airflow/.local/lib/python3.7/site-packages/airflow/example_dags/example_short_circuit_decorator.py
[2022-12-27T11:34:13.880+0000] {processor.py:743} INFO - Processing file /home/airflow/.local/lib/python3.7/site-packages/airflow/example_dags/example_short_circuit_decorator.py for tasks to queue
[2022-12-27T11:34:13.882+0000] {logging_mixin.py:137} INFO - [2022-12-27T11:34:13.881+0000] {dagbag.py:538} INFO - Filling up the DagBag from /home/airflow/.local/lib/python3.7/site-packages/airflow/example_dags/example_short_circuit_decorator.py
[2022-12-27T11:34:13.941+0000] {processor.py:753} INFO - DAG(s) dict_keys(['example_short_circuit_decorator']) retrieved from /home/airflow/.local/lib/python3.7/site-packages/airflow/example_dags/example_short_circuit_decorator.py
[2022-12-27T11:34:14.029+0000] {logging_mixin.py:137} INFO - [2022-12-27T11:34:14.028+0000] {dag.py:2676} INFO - Sync 1 DAGs
[2022-12-27T11:34:14.090+0000] {logging_mixin.py:137} INFO - [2022-12-27T11:34:14.089+0000] {dag.py:3427} INFO - Setting next_dagrun for example_short_circuit_decorator to 2022-12-26T11:34:14.089380+00:00, run_after=2022-12-27T11:34:14.089380+00:00
[2022-12-27T11:34:14.173+0000] {processor.py:175} INFO - Processing /home/airflow/.local/lib/python3.7/site-packages/airflow/example_dags/example_short_circuit_decorator.py took 0.304 seconds
[2022-12-27T11:34:45.145+0000] {processor.py:153} INFO - Started process (PID=1645) to work on /home/airflow/.local/lib/python3.7/site-packages/airflow/example_dags/example_short_circuit_decorator.py
[2022-12-27T11:34:45.146+0000] {processor.py:743} INFO - Processing file /home/airflow/.local/lib/python3.7/site-packages/airflow/example_dags/example_short_circuit_decorator.py for tasks to queue
[2022-12-27T11:34:45.147+0000] {logging_mixin.py:137} INFO - [2022-12-27T11:34:45.146+0000] {dagbag.py:538} INFO - Filling up the DagBag from /home/airflow/.local/lib/python3.7/site-packages/airflow/example_dags/example_short_circuit_decorator.py
[2022-12-27T11:34:45.176+0000] {processor.py:753} INFO - DAG(s) dict_keys(['example_short_circuit_decorator']) retrieved from /home/airflow/.local/lib/python3.7/site-packages/airflow/example_dags/example_short_circuit_decorator.py
[2022-12-27T11:34:45.218+0000] {logging_mixin.py:137} INFO - [2022-12-27T11:34:45.218+0000] {dag.py:2676} INFO - Sync 1 DAGs
[2022-12-27T11:34:45.247+0000] {logging_mixin.py:137} INFO - [2022-12-27T11:34:45.247+0000] {dag.py:3427} INFO - Setting next_dagrun for example_short_circuit_decorator to 2022-12-26T11:34:45.247189+00:00, run_after=2022-12-27T11:34:45.247189+00:00
[2022-12-27T11:34:45.314+0000] {processor.py:175} INFO - Processing /home/airflow/.local/lib/python3.7/site-packages/airflow/example_dags/example_short_circuit_decorator.py took 0.174 seconds
[2022-12-27T11:35:16.188+0000] {processor.py:153} INFO - Started process (PID=1719) to work on /home/airflow/.local/lib/python3.7/site-packages/airflow/example_dags/example_short_circuit_decorator.py
[2022-12-27T11:35:16.190+0000] {processor.py:743} INFO - Processing file /home/airflow/.local/lib/python3.7/site-packages/airflow/example_dags/example_short_circuit_decorator.py for tasks to queue
[2022-12-27T11:35:16.191+0000] {logging_mixin.py:137} INFO - [2022-12-27T11:35:16.191+0000] {dagbag.py:538} INFO - Filling up the DagBag from /home/airflow/.local/lib/python3.7/site-packages/airflow/example_dags/example_short_circuit_decorator.py
[2022-12-27T11:35:16.250+0000] {processor.py:753} INFO - DAG(s) dict_keys(['example_short_circuit_decorator']) retrieved from /home/airflow/.local/lib/python3.7/site-packages/airflow/example_dags/example_short_circuit_decorator.py
[2022-12-27T11:35:16.363+0000] {logging_mixin.py:137} INFO - [2022-12-27T11:35:16.363+0000] {dag.py:2676} INFO - Sync 1 DAGs
[2022-12-27T11:35:16.445+0000] {logging_mixin.py:137} INFO - [2022-12-27T11:35:16.445+0000] {dag.py:3427} INFO - Setting next_dagrun for example_short_circuit_decorator to 2022-12-26T11:35:16.444869+00:00, run_after=2022-12-27T11:35:16.444869+00:00
[2022-12-27T11:35:16.525+0000] {processor.py:175} INFO - Processing /home/airflow/.local/lib/python3.7/site-packages/airflow/example_dags/example_short_circuit_decorator.py took 0.345 seconds
[2022-12-27T11:35:47.093+0000] {processor.py:153} INFO - Started process (PID=1782) to work on /home/airflow/.local/lib/python3.7/site-packages/airflow/example_dags/example_short_circuit_decorator.py
[2022-12-27T11:35:47.095+0000] {processor.py:743} INFO - Processing file /home/airflow/.local/lib/python3.7/site-packages/airflow/example_dags/example_short_circuit_decorator.py for tasks to queue
[2022-12-27T11:35:47.096+0000] {logging_mixin.py:137} INFO - [2022-12-27T11:35:47.096+0000] {dagbag.py:538} INFO - Filling up the DagBag from /home/airflow/.local/lib/python3.7/site-packages/airflow/example_dags/example_short_circuit_decorator.py
[2022-12-27T11:35:47.128+0000] {processor.py:753} INFO - DAG(s) dict_keys(['example_short_circuit_decorator']) retrieved from /home/airflow/.local/lib/python3.7/site-packages/airflow/example_dags/example_short_circuit_decorator.py
[2022-12-27T11:35:47.169+0000] {logging_mixin.py:137} INFO - [2022-12-27T11:35:47.169+0000] {dag.py:2676} INFO - Sync 1 DAGs
[2022-12-27T11:35:47.204+0000] {logging_mixin.py:137} INFO - [2022-12-27T11:35:47.203+0000] {dag.py:3427} INFO - Setting next_dagrun for example_short_circuit_decorator to 2022-12-26T11:35:47.203652+00:00, run_after=2022-12-27T11:35:47.203652+00:00
[2022-12-27T11:35:47.248+0000] {processor.py:175} INFO - Processing /home/airflow/.local/lib/python3.7/site-packages/airflow/example_dags/example_short_circuit_decorator.py took 0.162 seconds
[2022-12-27T11:36:17.817+0000] {processor.py:153} INFO - Started process (PID=1845) to work on /home/airflow/.local/lib/python3.7/site-packages/airflow/example_dags/example_short_circuit_decorator.py
[2022-12-27T11:36:17.818+0000] {processor.py:743} INFO - Processing file /home/airflow/.local/lib/python3.7/site-packages/airflow/example_dags/example_short_circuit_decorator.py for tasks to queue
[2022-12-27T11:36:17.820+0000] {logging_mixin.py:137} INFO - [2022-12-27T11:36:17.820+0000] {dagbag.py:538} INFO - Filling up the DagBag from /home/airflow/.local/lib/python3.7/site-packages/airflow/example_dags/example_short_circuit_decorator.py
[2022-12-27T11:36:17.875+0000] {processor.py:753} INFO - DAG(s) dict_keys(['example_short_circuit_decorator']) retrieved from /home/airflow/.local/lib/python3.7/site-packages/airflow/example_dags/example_short_circuit_decorator.py
[2022-12-27T11:36:17.980+0000] {logging_mixin.py:137} INFO - [2022-12-27T11:36:17.980+0000] {dag.py:2676} INFO - Sync 1 DAGs
[2022-12-27T11:36:18.046+0000] {logging_mixin.py:137} INFO - [2022-12-27T11:36:18.046+0000] {dag.py:3427} INFO - Setting next_dagrun for example_short_circuit_decorator to 2022-12-26T11:36:18.045926+00:00, run_after=2022-12-27T11:36:18.045926+00:00
[2022-12-27T11:36:18.166+0000] {processor.py:175} INFO - Processing /home/airflow/.local/lib/python3.7/site-packages/airflow/example_dags/example_short_circuit_decorator.py took 0.357 seconds
[2022-12-27T11:36:48.337+0000] {processor.py:153} INFO - Started process (PID=1907) to work on /home/airflow/.local/lib/python3.7/site-packages/airflow/example_dags/example_short_circuit_decorator.py
[2022-12-27T11:36:48.338+0000] {processor.py:743} INFO - Processing file /home/airflow/.local/lib/python3.7/site-packages/airflow/example_dags/example_short_circuit_decorator.py for tasks to queue
[2022-12-27T11:36:48.339+0000] {logging_mixin.py:137} INFO - [2022-12-27T11:36:48.339+0000] {dagbag.py:538} INFO - Filling up the DagBag from /home/airflow/.local/lib/python3.7/site-packages/airflow/example_dags/example_short_circuit_decorator.py
[2022-12-27T11:36:48.370+0000] {processor.py:753} INFO - DAG(s) dict_keys(['example_short_circuit_decorator']) retrieved from /home/airflow/.local/lib/python3.7/site-packages/airflow/example_dags/example_short_circuit_decorator.py
[2022-12-27T11:36:48.417+0000] {logging_mixin.py:137} INFO - [2022-12-27T11:36:48.417+0000] {dag.py:2676} INFO - Sync 1 DAGs
[2022-12-27T11:36:48.450+0000] {logging_mixin.py:137} INFO - [2022-12-27T11:36:48.450+0000] {dag.py:3427} INFO - Setting next_dagrun for example_short_circuit_decorator to 2022-12-26T11:36:48.450099+00:00, run_after=2022-12-27T11:36:48.450099+00:00
[2022-12-27T11:36:48.503+0000] {processor.py:175} INFO - Processing /home/airflow/.local/lib/python3.7/site-packages/airflow/example_dags/example_short_circuit_decorator.py took 0.171 seconds
[2022-12-27T11:37:19.269+0000] {processor.py:153} INFO - Started process (PID=1970) to work on /home/airflow/.local/lib/python3.7/site-packages/airflow/example_dags/example_short_circuit_decorator.py
[2022-12-27T11:37:19.271+0000] {processor.py:743} INFO - Processing file /home/airflow/.local/lib/python3.7/site-packages/airflow/example_dags/example_short_circuit_decorator.py for tasks to queue
[2022-12-27T11:37:19.272+0000] {logging_mixin.py:137} INFO - [2022-12-27T11:37:19.271+0000] {dagbag.py:538} INFO - Filling up the DagBag from /home/airflow/.local/lib/python3.7/site-packages/airflow/example_dags/example_short_circuit_decorator.py
[2022-12-27T11:37:19.304+0000] {processor.py:753} INFO - DAG(s) dict_keys(['example_short_circuit_decorator']) retrieved from /home/airflow/.local/lib/python3.7/site-packages/airflow/example_dags/example_short_circuit_decorator.py
[2022-12-27T11:37:19.356+0000] {logging_mixin.py:137} INFO - [2022-12-27T11:37:19.355+0000] {dag.py:2676} INFO - Sync 1 DAGs
[2022-12-27T11:37:19.400+0000] {logging_mixin.py:137} INFO - [2022-12-27T11:37:19.399+0000] {dag.py:3427} INFO - Setting next_dagrun for example_short_circuit_decorator to 2022-12-26T11:37:19.399598+00:00, run_after=2022-12-27T11:37:19.399598+00:00
[2022-12-27T11:37:19.467+0000] {processor.py:175} INFO - Processing /home/airflow/.local/lib/python3.7/site-packages/airflow/example_dags/example_short_circuit_decorator.py took 0.206 seconds
[2022-12-27T11:37:49.539+0000] {processor.py:153} INFO - Started process (PID=2045) to work on /home/airflow/.local/lib/python3.7/site-packages/airflow/example_dags/example_short_circuit_decorator.py
[2022-12-27T11:37:49.540+0000] {processor.py:743} INFO - Processing file /home/airflow/.local/lib/python3.7/site-packages/airflow/example_dags/example_short_circuit_decorator.py for tasks to queue
[2022-12-27T11:37:49.542+0000] {logging_mixin.py:137} INFO - [2022-12-27T11:37:49.541+0000] {dagbag.py:538} INFO - Filling up the DagBag from /home/airflow/.local/lib/python3.7/site-packages/airflow/example_dags/example_short_circuit_decorator.py
[2022-12-27T11:37:49.574+0000] {processor.py:753} INFO - DAG(s) dict_keys(['example_short_circuit_decorator']) retrieved from /home/airflow/.local/lib/python3.7/site-packages/airflow/example_dags/example_short_circuit_decorator.py
[2022-12-27T11:37:49.630+0000] {logging_mixin.py:137} INFO - [2022-12-27T11:37:49.630+0000] {dag.py:2676} INFO - Sync 1 DAGs
[2022-12-27T11:37:49.678+0000] {logging_mixin.py:137} INFO - [2022-12-27T11:37:49.678+0000] {dag.py:3427} INFO - Setting next_dagrun for example_short_circuit_decorator to 2022-12-26T11:37:49.678273+00:00, run_after=2022-12-27T11:37:49.678273+00:00
[2022-12-27T11:37:49.729+0000] {processor.py:175} INFO - Processing /home/airflow/.local/lib/python3.7/site-packages/airflow/example_dags/example_short_circuit_decorator.py took 0.197 seconds
[2022-12-27T11:38:20.382+0000] {processor.py:153} INFO - Started process (PID=2108) to work on /home/airflow/.local/lib/python3.7/site-packages/airflow/example_dags/example_short_circuit_decorator.py
[2022-12-27T11:38:20.383+0000] {processor.py:743} INFO - Processing file /home/airflow/.local/lib/python3.7/site-packages/airflow/example_dags/example_short_circuit_decorator.py for tasks to queue
[2022-12-27T11:38:20.384+0000] {logging_mixin.py:137} INFO - [2022-12-27T11:38:20.384+0000] {dagbag.py:538} INFO - Filling up the DagBag from /home/airflow/.local/lib/python3.7/site-packages/airflow/example_dags/example_short_circuit_decorator.py
[2022-12-27T11:38:20.416+0000] {processor.py:753} INFO - DAG(s) dict_keys(['example_short_circuit_decorator']) retrieved from /home/airflow/.local/lib/python3.7/site-packages/airflow/example_dags/example_short_circuit_decorator.py
[2022-12-27T11:38:20.459+0000] {logging_mixin.py:137} INFO - [2022-12-27T11:38:20.459+0000] {dag.py:2676} INFO - Sync 1 DAGs
[2022-12-27T11:38:20.488+0000] {logging_mixin.py:137} INFO - [2022-12-27T11:38:20.488+0000] {dag.py:3427} INFO - Setting next_dagrun for example_short_circuit_decorator to 2022-12-26T11:38:20.488404+00:00, run_after=2022-12-27T11:38:20.488404+00:00
[2022-12-27T11:38:20.590+0000] {processor.py:175} INFO - Processing /home/airflow/.local/lib/python3.7/site-packages/airflow/example_dags/example_short_circuit_decorator.py took 0.214 seconds
[2022-12-27T11:38:50.834+0000] {processor.py:153} INFO - Started process (PID=2170) to work on /home/airflow/.local/lib/python3.7/site-packages/airflow/example_dags/example_short_circuit_decorator.py
[2022-12-27T11:38:50.835+0000] {processor.py:743} INFO - Processing file /home/airflow/.local/lib/python3.7/site-packages/airflow/example_dags/example_short_circuit_decorator.py for tasks to queue
[2022-12-27T11:38:50.837+0000] {logging_mixin.py:137} INFO - [2022-12-27T11:38:50.837+0000] {dagbag.py:538} INFO - Filling up the DagBag from /home/airflow/.local/lib/python3.7/site-packages/airflow/example_dags/example_short_circuit_decorator.py
[2022-12-27T11:38:50.869+0000] {processor.py:753} INFO - DAG(s) dict_keys(['example_short_circuit_decorator']) retrieved from /home/airflow/.local/lib/python3.7/site-packages/airflow/example_dags/example_short_circuit_decorator.py
[2022-12-27T11:38:50.929+0000] {logging_mixin.py:137} INFO - [2022-12-27T11:38:50.929+0000] {dag.py:2676} INFO - Sync 1 DAGs
[2022-12-27T11:38:50.964+0000] {logging_mixin.py:137} INFO - [2022-12-27T11:38:50.963+0000] {dag.py:3427} INFO - Setting next_dagrun for example_short_circuit_decorator to 2022-12-26T11:38:50.963696+00:00, run_after=2022-12-27T11:38:50.963696+00:00
[2022-12-27T11:38:51.061+0000] {processor.py:175} INFO - Processing /home/airflow/.local/lib/python3.7/site-packages/airflow/example_dags/example_short_circuit_decorator.py took 0.231 seconds
[2022-12-27T11:39:21.453+0000] {processor.py:153} INFO - Started process (PID=2243) to work on /home/airflow/.local/lib/python3.7/site-packages/airflow/example_dags/example_short_circuit_decorator.py
[2022-12-27T11:39:21.454+0000] {processor.py:743} INFO - Processing file /home/airflow/.local/lib/python3.7/site-packages/airflow/example_dags/example_short_circuit_decorator.py for tasks to queue
[2022-12-27T11:39:21.456+0000] {logging_mixin.py:137} INFO - [2022-12-27T11:39:21.456+0000] {dagbag.py:538} INFO - Filling up the DagBag from /home/airflow/.local/lib/python3.7/site-packages/airflow/example_dags/example_short_circuit_decorator.py
[2022-12-27T11:39:21.484+0000] {processor.py:753} INFO - DAG(s) dict_keys(['example_short_circuit_decorator']) retrieved from /home/airflow/.local/lib/python3.7/site-packages/airflow/example_dags/example_short_circuit_decorator.py
[2022-12-27T11:39:21.530+0000] {logging_mixin.py:137} INFO - [2022-12-27T11:39:21.530+0000] {dag.py:2676} INFO - Sync 1 DAGs
[2022-12-27T11:39:21.575+0000] {logging_mixin.py:137} INFO - [2022-12-27T11:39:21.575+0000] {dag.py:3427} INFO - Setting next_dagrun for example_short_circuit_decorator to 2022-12-26T11:39:21.574790+00:00, run_after=2022-12-27T11:39:21.574790+00:00
[2022-12-27T11:39:21.630+0000] {processor.py:175} INFO - Processing /home/airflow/.local/lib/python3.7/site-packages/airflow/example_dags/example_short_circuit_decorator.py took 0.181 seconds
[2022-12-27T11:39:52.207+0000] {processor.py:153} INFO - Started process (PID=2305) to work on /home/airflow/.local/lib/python3.7/site-packages/airflow/example_dags/example_short_circuit_decorator.py
[2022-12-27T11:39:52.209+0000] {processor.py:743} INFO - Processing file /home/airflow/.local/lib/python3.7/site-packages/airflow/example_dags/example_short_circuit_decorator.py for tasks to queue
[2022-12-27T11:39:52.212+0000] {logging_mixin.py:137} INFO - [2022-12-27T11:39:52.212+0000] {dagbag.py:538} INFO - Filling up the DagBag from /home/airflow/.local/lib/python3.7/site-packages/airflow/example_dags/example_short_circuit_decorator.py
[2022-12-27T11:39:52.274+0000] {processor.py:753} INFO - DAG(s) dict_keys(['example_short_circuit_decorator']) retrieved from /home/airflow/.local/lib/python3.7/site-packages/airflow/example_dags/example_short_circuit_decorator.py
[2022-12-27T11:39:52.363+0000] {logging_mixin.py:137} INFO - [2022-12-27T11:39:52.363+0000] {dag.py:2676} INFO - Sync 1 DAGs
[2022-12-27T11:39:52.424+0000] {logging_mixin.py:137} INFO - [2022-12-27T11:39:52.424+0000] {dag.py:3427} INFO - Setting next_dagrun for example_short_circuit_decorator to 2022-12-26T11:39:52.424097+00:00, run_after=2022-12-27T11:39:52.424097+00:00
[2022-12-27T11:39:52.575+0000] {processor.py:175} INFO - Processing /home/airflow/.local/lib/python3.7/site-packages/airflow/example_dags/example_short_circuit_decorator.py took 0.378 seconds
[2022-12-27T11:40:23.412+0000] {processor.py:153} INFO - Started process (PID=2373) to work on /home/airflow/.local/lib/python3.7/site-packages/airflow/example_dags/example_short_circuit_decorator.py
[2022-12-27T11:40:23.414+0000] {processor.py:743} INFO - Processing file /home/airflow/.local/lib/python3.7/site-packages/airflow/example_dags/example_short_circuit_decorator.py for tasks to queue
[2022-12-27T11:40:23.414+0000] {logging_mixin.py:137} INFO - [2022-12-27T11:40:23.414+0000] {dagbag.py:538} INFO - Filling up the DagBag from /home/airflow/.local/lib/python3.7/site-packages/airflow/example_dags/example_short_circuit_decorator.py
[2022-12-27T11:40:23.456+0000] {processor.py:753} INFO - DAG(s) dict_keys(['example_short_circuit_decorator']) retrieved from /home/airflow/.local/lib/python3.7/site-packages/airflow/example_dags/example_short_circuit_decorator.py
[2022-12-27T11:40:23.517+0000] {logging_mixin.py:137} INFO - [2022-12-27T11:40:23.517+0000] {dag.py:2676} INFO - Sync 1 DAGs
[2022-12-27T11:40:23.568+0000] {logging_mixin.py:137} INFO - [2022-12-27T11:40:23.567+0000] {dag.py:3427} INFO - Setting next_dagrun for example_short_circuit_decorator to 2022-12-26T11:40:23.567324+00:00, run_after=2022-12-27T11:40:23.567324+00:00
[2022-12-27T11:40:23.814+0000] {processor.py:175} INFO - Processing /home/airflow/.local/lib/python3.7/site-packages/airflow/example_dags/example_short_circuit_decorator.py took 0.406 seconds
[2022-12-27T11:40:54.528+0000] {processor.py:153} INFO - Started process (PID=2429) to work on /home/airflow/.local/lib/python3.7/site-packages/airflow/example_dags/example_short_circuit_decorator.py
[2022-12-27T11:40:54.529+0000] {processor.py:743} INFO - Processing file /home/airflow/.local/lib/python3.7/site-packages/airflow/example_dags/example_short_circuit_decorator.py for tasks to queue
[2022-12-27T11:40:54.530+0000] {logging_mixin.py:137} INFO - [2022-12-27T11:40:54.530+0000] {dagbag.py:538} INFO - Filling up the DagBag from /home/airflow/.local/lib/python3.7/site-packages/airflow/example_dags/example_short_circuit_decorator.py
[2022-12-27T11:40:54.561+0000] {processor.py:753} INFO - DAG(s) dict_keys(['example_short_circuit_decorator']) retrieved from /home/airflow/.local/lib/python3.7/site-packages/airflow/example_dags/example_short_circuit_decorator.py
[2022-12-27T11:40:54.590+0000] {logging_mixin.py:137} INFO - [2022-12-27T11:40:54.590+0000] {dag.py:2676} INFO - Sync 1 DAGs
[2022-12-27T11:40:54.619+0000] {logging_mixin.py:137} INFO - [2022-12-27T11:40:54.619+0000] {dag.py:3427} INFO - Setting next_dagrun for example_short_circuit_decorator to 2022-12-26T11:40:54.618819+00:00, run_after=2022-12-27T11:40:54.618819+00:00
[2022-12-27T11:40:54.711+0000] {processor.py:175} INFO - Processing /home/airflow/.local/lib/python3.7/site-packages/airflow/example_dags/example_short_circuit_decorator.py took 0.191 seconds
[2022-12-27T11:41:24.909+0000] {processor.py:153} INFO - Started process (PID=2496) to work on /home/airflow/.local/lib/python3.7/site-packages/airflow/example_dags/example_short_circuit_decorator.py
[2022-12-27T11:41:24.912+0000] {processor.py:743} INFO - Processing file /home/airflow/.local/lib/python3.7/site-packages/airflow/example_dags/example_short_circuit_decorator.py for tasks to queue
[2022-12-27T11:41:24.914+0000] {logging_mixin.py:137} INFO - [2022-12-27T11:41:24.914+0000] {dagbag.py:538} INFO - Filling up the DagBag from /home/airflow/.local/lib/python3.7/site-packages/airflow/example_dags/example_short_circuit_decorator.py
[2022-12-27T11:41:25.007+0000] {processor.py:753} INFO - DAG(s) dict_keys(['example_short_circuit_decorator']) retrieved from /home/airflow/.local/lib/python3.7/site-packages/airflow/example_dags/example_short_circuit_decorator.py
[2022-12-27T11:41:25.132+0000] {logging_mixin.py:137} INFO - [2022-12-27T11:41:25.132+0000] {dag.py:2676} INFO - Sync 1 DAGs
[2022-12-27T11:41:25.191+0000] {logging_mixin.py:137} INFO - [2022-12-27T11:41:25.191+0000] {dag.py:3427} INFO - Setting next_dagrun for example_short_circuit_decorator to 2022-12-26T11:41:25.190979+00:00, run_after=2022-12-27T11:41:25.190979+00:00
[2022-12-27T11:41:25.256+0000] {processor.py:175} INFO - Processing /home/airflow/.local/lib/python3.7/site-packages/airflow/example_dags/example_short_circuit_decorator.py took 0.354 seconds
[2022-12-27T11:41:55.338+0000] {processor.py:153} INFO - Started process (PID=2563) to work on /home/airflow/.local/lib/python3.7/site-packages/airflow/example_dags/example_short_circuit_decorator.py
[2022-12-27T11:41:55.340+0000] {processor.py:743} INFO - Processing file /home/airflow/.local/lib/python3.7/site-packages/airflow/example_dags/example_short_circuit_decorator.py for tasks to queue
[2022-12-27T11:41:55.341+0000] {logging_mixin.py:137} INFO - [2022-12-27T11:41:55.341+0000] {dagbag.py:538} INFO - Filling up the DagBag from /home/airflow/.local/lib/python3.7/site-packages/airflow/example_dags/example_short_circuit_decorator.py
[2022-12-27T11:41:55.418+0000] {processor.py:753} INFO - DAG(s) dict_keys(['example_short_circuit_decorator']) retrieved from /home/airflow/.local/lib/python3.7/site-packages/airflow/example_dags/example_short_circuit_decorator.py
[2022-12-27T11:41:55.541+0000] {logging_mixin.py:137} INFO - [2022-12-27T11:41:55.541+0000] {dag.py:2676} INFO - Sync 1 DAGs
[2022-12-27T11:41:55.621+0000] {logging_mixin.py:137} INFO - [2022-12-27T11:41:55.621+0000] {dag.py:3427} INFO - Setting next_dagrun for example_short_circuit_decorator to 2022-12-26T11:41:55.620693+00:00, run_after=2022-12-27T11:41:55.620693+00:00
[2022-12-27T11:41:55.759+0000] {processor.py:175} INFO - Processing /home/airflow/.local/lib/python3.7/site-packages/airflow/example_dags/example_short_circuit_decorator.py took 0.429 seconds
