[2022-12-27T11:22:34.648+0000] {processor.py:153} INFO - Started process (PID=90) to work on /home/airflow/.local/lib/python3.7/site-packages/airflow/example_dags/example_datasets.py
[2022-12-27T11:22:34.649+0000] {processor.py:743} INFO - Processing file /home/airflow/.local/lib/python3.7/site-packages/airflow/example_dags/example_datasets.py for tasks to queue
[2022-12-27T11:22:34.650+0000] {logging_mixin.py:137} INFO - [2022-12-27T11:22:34.650+0000] {dagbag.py:538} INFO - Filling up the DagBag from /home/airflow/.local/lib/python3.7/site-packages/airflow/example_dags/example_datasets.py
[2022-12-27T11:22:34.674+0000] {processor.py:753} INFO - DAG(s) dict_keys(['dataset_produces_1', 'dataset_consumes_unknown_never_scheduled', 'dataset_produces_2', 'dataset_consumes_1_and_2', 'dataset_consumes_1_never_scheduled', 'dataset_consumes_1']) retrieved from /home/airflow/.local/lib/python3.7/site-packages/airflow/example_dags/example_datasets.py
[2022-12-27T11:22:34.785+0000] {logging_mixin.py:137} INFO - [2022-12-27T11:22:34.785+0000] {dag.py:2676} INFO - Sync 6 DAGs
[2022-12-27T11:22:34.812+0000] {logging_mixin.py:137} INFO - [2022-12-27T11:22:34.811+0000] {dag.py:3427} INFO - Setting next_dagrun for dataset_consumes_1 to None, run_after=None
[2022-12-27T11:22:34.815+0000] {logging_mixin.py:137} INFO - [2022-12-27T11:22:34.815+0000] {dag.py:3427} INFO - Setting next_dagrun for dataset_consumes_1_and_2 to None, run_after=None
[2022-12-27T11:22:34.816+0000] {logging_mixin.py:137} INFO - [2022-12-27T11:22:34.816+0000] {dag.py:3427} INFO - Setting next_dagrun for dataset_consumes_1_never_scheduled to None, run_after=None
[2022-12-27T11:22:34.817+0000] {logging_mixin.py:137} INFO - [2022-12-27T11:22:34.817+0000] {dag.py:3427} INFO - Setting next_dagrun for dataset_consumes_unknown_never_scheduled to None, run_after=None
[2022-12-27T11:22:34.820+0000] {logging_mixin.py:137} INFO - [2022-12-27T11:22:34.820+0000] {dag.py:3427} INFO - Setting next_dagrun for dataset_produces_1 to 2022-12-26T00:00:00+00:00, run_after=2022-12-27T00:00:00+00:00
[2022-12-27T11:22:34.821+0000] {logging_mixin.py:137} INFO - [2022-12-27T11:22:34.821+0000] {dag.py:3427} INFO - Setting next_dagrun for dataset_produces_2 to None, run_after=None
[2022-12-27T11:22:35.172+0000] {processor.py:175} INFO - Processing /home/airflow/.local/lib/python3.7/site-packages/airflow/example_dags/example_datasets.py took 0.528 seconds
[2022-12-27T11:23:05.792+0000] {processor.py:153} INFO - Started process (PID=155) to work on /home/airflow/.local/lib/python3.7/site-packages/airflow/example_dags/example_datasets.py
[2022-12-27T11:23:05.795+0000] {processor.py:743} INFO - Processing file /home/airflow/.local/lib/python3.7/site-packages/airflow/example_dags/example_datasets.py for tasks to queue
[2022-12-27T11:23:05.797+0000] {logging_mixin.py:137} INFO - [2022-12-27T11:23:05.797+0000] {dagbag.py:538} INFO - Filling up the DagBag from /home/airflow/.local/lib/python3.7/site-packages/airflow/example_dags/example_datasets.py
[2022-12-27T11:23:05.863+0000] {processor.py:753} INFO - DAG(s) dict_keys(['dataset_consumes_1_never_scheduled', 'dataset_produces_1', 'dataset_consumes_1', 'dataset_consumes_1_and_2', 'dataset_produces_2', 'dataset_consumes_unknown_never_scheduled']) retrieved from /home/airflow/.local/lib/python3.7/site-packages/airflow/example_dags/example_datasets.py
[2022-12-27T11:23:05.986+0000] {logging_mixin.py:137} INFO - [2022-12-27T11:23:05.986+0000] {dag.py:2676} INFO - Sync 6 DAGs
[2022-12-27T11:23:06.063+0000] {logging_mixin.py:137} INFO - [2022-12-27T11:23:06.063+0000] {dag.py:3427} INFO - Setting next_dagrun for dataset_consumes_1 to None, run_after=None
[2022-12-27T11:23:06.072+0000] {logging_mixin.py:137} INFO - [2022-12-27T11:23:06.071+0000] {dag.py:3427} INFO - Setting next_dagrun for dataset_consumes_1_and_2 to None, run_after=None
[2022-12-27T11:23:06.075+0000] {logging_mixin.py:137} INFO - [2022-12-27T11:23:06.074+0000] {dag.py:3427} INFO - Setting next_dagrun for dataset_consumes_1_never_scheduled to None, run_after=None
[2022-12-27T11:23:06.078+0000] {logging_mixin.py:137} INFO - [2022-12-27T11:23:06.078+0000] {dag.py:3427} INFO - Setting next_dagrun for dataset_consumes_unknown_never_scheduled to None, run_after=None
[2022-12-27T11:23:06.085+0000] {logging_mixin.py:137} INFO - [2022-12-27T11:23:06.084+0000] {dag.py:3427} INFO - Setting next_dagrun for dataset_produces_1 to 2022-12-26T00:00:00+00:00, run_after=2022-12-27T00:00:00+00:00
[2022-12-27T11:23:06.087+0000] {logging_mixin.py:137} INFO - [2022-12-27T11:23:06.087+0000] {dag.py:3427} INFO - Setting next_dagrun for dataset_produces_2 to None, run_after=None
[2022-12-27T11:23:06.182+0000] {processor.py:175} INFO - Processing /home/airflow/.local/lib/python3.7/site-packages/airflow/example_dags/example_datasets.py took 0.401 seconds
[2022-12-27T11:23:36.265+0000] {processor.py:153} INFO - Started process (PID=218) to work on /home/airflow/.local/lib/python3.7/site-packages/airflow/example_dags/example_datasets.py
[2022-12-27T11:23:36.266+0000] {processor.py:743} INFO - Processing file /home/airflow/.local/lib/python3.7/site-packages/airflow/example_dags/example_datasets.py for tasks to queue
[2022-12-27T11:23:36.267+0000] {logging_mixin.py:137} INFO - [2022-12-27T11:23:36.267+0000] {dagbag.py:538} INFO - Filling up the DagBag from /home/airflow/.local/lib/python3.7/site-packages/airflow/example_dags/example_datasets.py
[2022-12-27T11:23:36.286+0000] {processor.py:753} INFO - DAG(s) dict_keys(['dataset_consumes_unknown_never_scheduled', 'dataset_produces_1', 'dataset_produces_2', 'dataset_consumes_1_and_2', 'dataset_consumes_1_never_scheduled', 'dataset_consumes_1']) retrieved from /home/airflow/.local/lib/python3.7/site-packages/airflow/example_dags/example_datasets.py
[2022-12-27T11:23:36.345+0000] {logging_mixin.py:137} INFO - [2022-12-27T11:23:36.345+0000] {dag.py:2676} INFO - Sync 6 DAGs
[2022-12-27T11:23:36.373+0000] {logging_mixin.py:137} INFO - [2022-12-27T11:23:36.373+0000] {dag.py:3427} INFO - Setting next_dagrun for dataset_consumes_1 to None, run_after=None
[2022-12-27T11:23:36.376+0000] {logging_mixin.py:137} INFO - [2022-12-27T11:23:36.376+0000] {dag.py:3427} INFO - Setting next_dagrun for dataset_consumes_1_and_2 to None, run_after=None
[2022-12-27T11:23:36.378+0000] {logging_mixin.py:137} INFO - [2022-12-27T11:23:36.377+0000] {dag.py:3427} INFO - Setting next_dagrun for dataset_consumes_1_never_scheduled to None, run_after=None
[2022-12-27T11:23:36.379+0000] {logging_mixin.py:137} INFO - [2022-12-27T11:23:36.379+0000] {dag.py:3427} INFO - Setting next_dagrun for dataset_consumes_unknown_never_scheduled to None, run_after=None
[2022-12-27T11:23:36.381+0000] {logging_mixin.py:137} INFO - [2022-12-27T11:23:36.381+0000] {dag.py:3427} INFO - Setting next_dagrun for dataset_produces_1 to 2022-12-26T00:00:00+00:00, run_after=2022-12-27T00:00:00+00:00
[2022-12-27T11:23:36.382+0000] {logging_mixin.py:137} INFO - [2022-12-27T11:23:36.382+0000] {dag.py:3427} INFO - Setting next_dagrun for dataset_produces_2 to None, run_after=None
[2022-12-27T11:23:36.442+0000] {processor.py:175} INFO - Processing /home/airflow/.local/lib/python3.7/site-packages/airflow/example_dags/example_datasets.py took 0.181 seconds
[2022-12-27T11:24:06.563+0000] {processor.py:153} INFO - Started process (PID=281) to work on /home/airflow/.local/lib/python3.7/site-packages/airflow/example_dags/example_datasets.py
[2022-12-27T11:24:06.564+0000] {processor.py:743} INFO - Processing file /home/airflow/.local/lib/python3.7/site-packages/airflow/example_dags/example_datasets.py for tasks to queue
[2022-12-27T11:24:06.565+0000] {logging_mixin.py:137} INFO - [2022-12-27T11:24:06.565+0000] {dagbag.py:538} INFO - Filling up the DagBag from /home/airflow/.local/lib/python3.7/site-packages/airflow/example_dags/example_datasets.py
[2022-12-27T11:24:06.584+0000] {processor.py:753} INFO - DAG(s) dict_keys(['dataset_consumes_1_and_2', 'dataset_consumes_1_never_scheduled', 'dataset_consumes_1', 'dataset_produces_2', 'dataset_produces_1', 'dataset_consumes_unknown_never_scheduled']) retrieved from /home/airflow/.local/lib/python3.7/site-packages/airflow/example_dags/example_datasets.py
[2022-12-27T11:24:06.640+0000] {logging_mixin.py:137} INFO - [2022-12-27T11:24:06.640+0000] {dag.py:2676} INFO - Sync 6 DAGs
[2022-12-27T11:24:06.670+0000] {logging_mixin.py:137} INFO - [2022-12-27T11:24:06.670+0000] {dag.py:3427} INFO - Setting next_dagrun for dataset_consumes_1 to None, run_after=None
[2022-12-27T11:24:06.675+0000] {logging_mixin.py:137} INFO - [2022-12-27T11:24:06.674+0000] {dag.py:3427} INFO - Setting next_dagrun for dataset_consumes_1_and_2 to None, run_after=None
[2022-12-27T11:24:06.676+0000] {logging_mixin.py:137} INFO - [2022-12-27T11:24:06.676+0000] {dag.py:3427} INFO - Setting next_dagrun for dataset_consumes_1_never_scheduled to None, run_after=None
[2022-12-27T11:24:06.678+0000] {logging_mixin.py:137} INFO - [2022-12-27T11:24:06.678+0000] {dag.py:3427} INFO - Setting next_dagrun for dataset_consumes_unknown_never_scheduled to None, run_after=None
[2022-12-27T11:24:06.681+0000] {logging_mixin.py:137} INFO - [2022-12-27T11:24:06.681+0000] {dag.py:3427} INFO - Setting next_dagrun for dataset_produces_1 to 2022-12-26T00:00:00+00:00, run_after=2022-12-27T00:00:00+00:00
[2022-12-27T11:24:06.682+0000] {logging_mixin.py:137} INFO - [2022-12-27T11:24:06.682+0000] {dag.py:3427} INFO - Setting next_dagrun for dataset_produces_2 to None, run_after=None
[2022-12-27T11:24:06.753+0000] {processor.py:175} INFO - Processing /home/airflow/.local/lib/python3.7/site-packages/airflow/example_dags/example_datasets.py took 0.195 seconds
[2022-12-27T11:24:38.103+0000] {processor.py:153} INFO - Started process (PID=354) to work on /home/airflow/.local/lib/python3.7/site-packages/airflow/example_dags/example_datasets.py
[2022-12-27T11:24:38.105+0000] {processor.py:743} INFO - Processing file /home/airflow/.local/lib/python3.7/site-packages/airflow/example_dags/example_datasets.py for tasks to queue
[2022-12-27T11:24:38.107+0000] {logging_mixin.py:137} INFO - [2022-12-27T11:24:38.106+0000] {dagbag.py:538} INFO - Filling up the DagBag from /home/airflow/.local/lib/python3.7/site-packages/airflow/example_dags/example_datasets.py
[2022-12-27T11:24:38.146+0000] {processor.py:753} INFO - DAG(s) dict_keys(['dataset_consumes_1_and_2', 'dataset_consumes_1_never_scheduled', 'dataset_consumes_unknown_never_scheduled', 'dataset_consumes_1', 'dataset_produces_2', 'dataset_produces_1']) retrieved from /home/airflow/.local/lib/python3.7/site-packages/airflow/example_dags/example_datasets.py
[2022-12-27T11:24:38.219+0000] {logging_mixin.py:137} INFO - [2022-12-27T11:24:38.219+0000] {dag.py:2676} INFO - Sync 6 DAGs
[2022-12-27T11:24:38.257+0000] {logging_mixin.py:137} INFO - [2022-12-27T11:24:38.257+0000] {dag.py:3427} INFO - Setting next_dagrun for dataset_consumes_1 to None, run_after=None
[2022-12-27T11:24:38.264+0000] {logging_mixin.py:137} INFO - [2022-12-27T11:24:38.264+0000] {dag.py:3427} INFO - Setting next_dagrun for dataset_consumes_1_and_2 to None, run_after=None
[2022-12-27T11:24:38.265+0000] {logging_mixin.py:137} INFO - [2022-12-27T11:24:38.265+0000] {dag.py:3427} INFO - Setting next_dagrun for dataset_consumes_1_never_scheduled to None, run_after=None
[2022-12-27T11:24:38.267+0000] {logging_mixin.py:137} INFO - [2022-12-27T11:24:38.267+0000] {dag.py:3427} INFO - Setting next_dagrun for dataset_consumes_unknown_never_scheduled to None, run_after=None
[2022-12-27T11:24:38.271+0000] {logging_mixin.py:137} INFO - [2022-12-27T11:24:38.270+0000] {dag.py:3427} INFO - Setting next_dagrun for dataset_produces_1 to 2022-12-26T00:00:00+00:00, run_after=2022-12-27T00:00:00+00:00
[2022-12-27T11:24:38.274+0000] {logging_mixin.py:137} INFO - [2022-12-27T11:24:38.273+0000] {dag.py:3427} INFO - Setting next_dagrun for dataset_produces_2 to None, run_after=None
[2022-12-27T11:24:38.374+0000] {processor.py:175} INFO - Processing /home/airflow/.local/lib/python3.7/site-packages/airflow/example_dags/example_datasets.py took 0.278 seconds
[2022-12-27T11:25:09.054+0000] {processor.py:153} INFO - Started process (PID=419) to work on /home/airflow/.local/lib/python3.7/site-packages/airflow/example_dags/example_datasets.py
[2022-12-27T11:25:09.055+0000] {processor.py:743} INFO - Processing file /home/airflow/.local/lib/python3.7/site-packages/airflow/example_dags/example_datasets.py for tasks to queue
[2022-12-27T11:25:09.056+0000] {logging_mixin.py:137} INFO - [2022-12-27T11:25:09.056+0000] {dagbag.py:538} INFO - Filling up the DagBag from /home/airflow/.local/lib/python3.7/site-packages/airflow/example_dags/example_datasets.py
[2022-12-27T11:25:09.073+0000] {processor.py:753} INFO - DAG(s) dict_keys(['dataset_produces_1', 'dataset_consumes_unknown_never_scheduled', 'dataset_produces_2', 'dataset_consumes_1_never_scheduled', 'dataset_consumes_1_and_2', 'dataset_consumes_1']) retrieved from /home/airflow/.local/lib/python3.7/site-packages/airflow/example_dags/example_datasets.py
[2022-12-27T11:25:09.129+0000] {logging_mixin.py:137} INFO - [2022-12-27T11:25:09.129+0000] {dag.py:2676} INFO - Sync 6 DAGs
[2022-12-27T11:25:09.162+0000] {logging_mixin.py:137} INFO - [2022-12-27T11:25:09.161+0000] {dag.py:3427} INFO - Setting next_dagrun for dataset_consumes_1 to None, run_after=None
[2022-12-27T11:25:09.165+0000] {logging_mixin.py:137} INFO - [2022-12-27T11:25:09.165+0000] {dag.py:3427} INFO - Setting next_dagrun for dataset_consumes_1_and_2 to None, run_after=None
[2022-12-27T11:25:09.167+0000] {logging_mixin.py:137} INFO - [2022-12-27T11:25:09.167+0000] {dag.py:3427} INFO - Setting next_dagrun for dataset_consumes_1_never_scheduled to None, run_after=None
[2022-12-27T11:25:09.168+0000] {logging_mixin.py:137} INFO - [2022-12-27T11:25:09.168+0000] {dag.py:3427} INFO - Setting next_dagrun for dataset_consumes_unknown_never_scheduled to None, run_after=None
[2022-12-27T11:25:09.171+0000] {logging_mixin.py:137} INFO - [2022-12-27T11:25:09.171+0000] {dag.py:3427} INFO - Setting next_dagrun for dataset_produces_1 to 2022-12-26T00:00:00+00:00, run_after=2022-12-27T00:00:00+00:00
[2022-12-27T11:25:09.172+0000] {logging_mixin.py:137} INFO - [2022-12-27T11:25:09.172+0000] {dag.py:3427} INFO - Setting next_dagrun for dataset_produces_2 to None, run_after=None
[2022-12-27T11:25:09.260+0000] {processor.py:175} INFO - Processing /home/airflow/.local/lib/python3.7/site-packages/airflow/example_dags/example_datasets.py took 0.209 seconds
[2022-12-27T11:25:39.675+0000] {processor.py:153} INFO - Started process (PID=482) to work on /home/airflow/.local/lib/python3.7/site-packages/airflow/example_dags/example_datasets.py
[2022-12-27T11:25:39.676+0000] {processor.py:743} INFO - Processing file /home/airflow/.local/lib/python3.7/site-packages/airflow/example_dags/example_datasets.py for tasks to queue
[2022-12-27T11:25:39.677+0000] {logging_mixin.py:137} INFO - [2022-12-27T11:25:39.677+0000] {dagbag.py:538} INFO - Filling up the DagBag from /home/airflow/.local/lib/python3.7/site-packages/airflow/example_dags/example_datasets.py
[2022-12-27T11:25:39.698+0000] {processor.py:753} INFO - DAG(s) dict_keys(['dataset_consumes_1_never_scheduled', 'dataset_consumes_unknown_never_scheduled', 'dataset_consumes_1_and_2', 'dataset_consumes_1', 'dataset_produces_1', 'dataset_produces_2']) retrieved from /home/airflow/.local/lib/python3.7/site-packages/airflow/example_dags/example_datasets.py
[2022-12-27T11:25:39.759+0000] {logging_mixin.py:137} INFO - [2022-12-27T11:25:39.758+0000] {dag.py:2676} INFO - Sync 6 DAGs
[2022-12-27T11:25:39.790+0000] {logging_mixin.py:137} INFO - [2022-12-27T11:25:39.790+0000] {dag.py:3427} INFO - Setting next_dagrun for dataset_consumes_1 to None, run_after=None
[2022-12-27T11:25:39.794+0000] {logging_mixin.py:137} INFO - [2022-12-27T11:25:39.793+0000] {dag.py:3427} INFO - Setting next_dagrun for dataset_consumes_1_and_2 to None, run_after=None
[2022-12-27T11:25:39.795+0000] {logging_mixin.py:137} INFO - [2022-12-27T11:25:39.795+0000] {dag.py:3427} INFO - Setting next_dagrun for dataset_consumes_1_never_scheduled to None, run_after=None
[2022-12-27T11:25:39.796+0000] {logging_mixin.py:137} INFO - [2022-12-27T11:25:39.796+0000] {dag.py:3427} INFO - Setting next_dagrun for dataset_consumes_unknown_never_scheduled to None, run_after=None
[2022-12-27T11:25:39.798+0000] {logging_mixin.py:137} INFO - [2022-12-27T11:25:39.798+0000] {dag.py:3427} INFO - Setting next_dagrun for dataset_produces_1 to 2022-12-26T00:00:00+00:00, run_after=2022-12-27T00:00:00+00:00
[2022-12-27T11:25:39.800+0000] {logging_mixin.py:137} INFO - [2022-12-27T11:25:39.800+0000] {dag.py:3427} INFO - Setting next_dagrun for dataset_produces_2 to None, run_after=None
[2022-12-27T11:25:39.858+0000] {processor.py:175} INFO - Processing /home/airflow/.local/lib/python3.7/site-packages/airflow/example_dags/example_datasets.py took 0.187 seconds
[2022-12-27T11:26:09.975+0000] {processor.py:153} INFO - Started process (PID=544) to work on /home/airflow/.local/lib/python3.7/site-packages/airflow/example_dags/example_datasets.py
[2022-12-27T11:26:09.977+0000] {processor.py:743} INFO - Processing file /home/airflow/.local/lib/python3.7/site-packages/airflow/example_dags/example_datasets.py for tasks to queue
[2022-12-27T11:26:09.978+0000] {logging_mixin.py:137} INFO - [2022-12-27T11:26:09.977+0000] {dagbag.py:538} INFO - Filling up the DagBag from /home/airflow/.local/lib/python3.7/site-packages/airflow/example_dags/example_datasets.py
[2022-12-27T11:26:10.002+0000] {processor.py:753} INFO - DAG(s) dict_keys(['dataset_consumes_1', 'dataset_consumes_unknown_never_scheduled', 'dataset_produces_2', 'dataset_consumes_1_never_scheduled', 'dataset_consumes_1_and_2', 'dataset_produces_1']) retrieved from /home/airflow/.local/lib/python3.7/site-packages/airflow/example_dags/example_datasets.py
[2022-12-27T11:26:10.069+0000] {logging_mixin.py:137} INFO - [2022-12-27T11:26:10.069+0000] {dag.py:2676} INFO - Sync 6 DAGs
[2022-12-27T11:26:10.100+0000] {logging_mixin.py:137} INFO - [2022-12-27T11:26:10.100+0000] {dag.py:3427} INFO - Setting next_dagrun for dataset_consumes_1 to None, run_after=None
[2022-12-27T11:26:10.105+0000] {logging_mixin.py:137} INFO - [2022-12-27T11:26:10.105+0000] {dag.py:3427} INFO - Setting next_dagrun for dataset_consumes_1_and_2 to None, run_after=None
[2022-12-27T11:26:10.107+0000] {logging_mixin.py:137} INFO - [2022-12-27T11:26:10.107+0000] {dag.py:3427} INFO - Setting next_dagrun for dataset_consumes_1_never_scheduled to None, run_after=None
[2022-12-27T11:26:10.109+0000] {logging_mixin.py:137} INFO - [2022-12-27T11:26:10.108+0000] {dag.py:3427} INFO - Setting next_dagrun for dataset_consumes_unknown_never_scheduled to None, run_after=None
[2022-12-27T11:26:10.112+0000] {logging_mixin.py:137} INFO - [2022-12-27T11:26:10.112+0000] {dag.py:3427} INFO - Setting next_dagrun for dataset_produces_1 to 2022-12-26T00:00:00+00:00, run_after=2022-12-27T00:00:00+00:00
[2022-12-27T11:26:10.113+0000] {logging_mixin.py:137} INFO - [2022-12-27T11:26:10.113+0000] {dag.py:3427} INFO - Setting next_dagrun for dataset_produces_2 to None, run_after=None
[2022-12-27T11:26:10.182+0000] {processor.py:175} INFO - Processing /home/airflow/.local/lib/python3.7/site-packages/airflow/example_dags/example_datasets.py took 0.211 seconds
[2022-12-27T11:26:40.689+0000] {processor.py:153} INFO - Started process (PID=605) to work on /home/airflow/.local/lib/python3.7/site-packages/airflow/example_dags/example_datasets.py
[2022-12-27T11:26:40.692+0000] {processor.py:743} INFO - Processing file /home/airflow/.local/lib/python3.7/site-packages/airflow/example_dags/example_datasets.py for tasks to queue
[2022-12-27T11:26:40.699+0000] {logging_mixin.py:137} INFO - [2022-12-27T11:26:40.698+0000] {dagbag.py:538} INFO - Filling up the DagBag from /home/airflow/.local/lib/python3.7/site-packages/airflow/example_dags/example_datasets.py
[2022-12-27T11:26:40.796+0000] {processor.py:753} INFO - DAG(s) dict_keys(['dataset_consumes_1', 'dataset_produces_2', 'dataset_produces_1', 'dataset_consumes_1_and_2', 'dataset_consumes_unknown_never_scheduled', 'dataset_consumes_1_never_scheduled']) retrieved from /home/airflow/.local/lib/python3.7/site-packages/airflow/example_dags/example_datasets.py
[2022-12-27T11:26:40.946+0000] {logging_mixin.py:137} INFO - [2022-12-27T11:26:40.946+0000] {dag.py:2676} INFO - Sync 6 DAGs
[2022-12-27T11:26:41.080+0000] {logging_mixin.py:137} INFO - [2022-12-27T11:26:41.079+0000] {dag.py:3427} INFO - Setting next_dagrun for dataset_consumes_1 to None, run_after=None
[2022-12-27T11:26:41.110+0000] {logging_mixin.py:137} INFO - [2022-12-27T11:26:41.109+0000] {dag.py:3427} INFO - Setting next_dagrun for dataset_consumes_1_and_2 to None, run_after=None
[2022-12-27T11:26:41.116+0000] {logging_mixin.py:137} INFO - [2022-12-27T11:26:41.115+0000] {dag.py:3427} INFO - Setting next_dagrun for dataset_consumes_1_never_scheduled to None, run_after=None
[2022-12-27T11:26:41.122+0000] {logging_mixin.py:137} INFO - [2022-12-27T11:26:41.121+0000] {dag.py:3427} INFO - Setting next_dagrun for dataset_consumes_unknown_never_scheduled to None, run_after=None
[2022-12-27T11:26:41.134+0000] {logging_mixin.py:137} INFO - [2022-12-27T11:26:41.133+0000] {dag.py:3427} INFO - Setting next_dagrun for dataset_produces_1 to 2022-12-26T00:00:00+00:00, run_after=2022-12-27T00:00:00+00:00
[2022-12-27T11:26:41.139+0000] {logging_mixin.py:137} INFO - [2022-12-27T11:26:41.139+0000] {dag.py:3427} INFO - Setting next_dagrun for dataset_produces_2 to None, run_after=None
[2022-12-27T11:26:41.430+0000] {processor.py:175} INFO - Processing /home/airflow/.local/lib/python3.7/site-packages/airflow/example_dags/example_datasets.py took 0.753 seconds
[2022-12-27T11:27:11.590+0000] {processor.py:153} INFO - Started process (PID=677) to work on /home/airflow/.local/lib/python3.7/site-packages/airflow/example_dags/example_datasets.py
[2022-12-27T11:27:11.591+0000] {processor.py:743} INFO - Processing file /home/airflow/.local/lib/python3.7/site-packages/airflow/example_dags/example_datasets.py for tasks to queue
[2022-12-27T11:27:11.592+0000] {logging_mixin.py:137} INFO - [2022-12-27T11:27:11.592+0000] {dagbag.py:538} INFO - Filling up the DagBag from /home/airflow/.local/lib/python3.7/site-packages/airflow/example_dags/example_datasets.py
[2022-12-27T11:27:11.614+0000] {processor.py:753} INFO - DAG(s) dict_keys(['dataset_consumes_1_never_scheduled', 'dataset_consumes_unknown_never_scheduled', 'dataset_consumes_1_and_2', 'dataset_produces_2', 'dataset_produces_1', 'dataset_consumes_1']) retrieved from /home/airflow/.local/lib/python3.7/site-packages/airflow/example_dags/example_datasets.py
[2022-12-27T11:27:11.694+0000] {logging_mixin.py:137} INFO - [2022-12-27T11:27:11.693+0000] {dag.py:2676} INFO - Sync 6 DAGs
[2022-12-27T11:27:11.732+0000] {logging_mixin.py:137} INFO - [2022-12-27T11:27:11.732+0000] {dag.py:3427} INFO - Setting next_dagrun for dataset_consumes_1 to None, run_after=None
[2022-12-27T11:27:11.736+0000] {logging_mixin.py:137} INFO - [2022-12-27T11:27:11.736+0000] {dag.py:3427} INFO - Setting next_dagrun for dataset_consumes_1_and_2 to None, run_after=None
[2022-12-27T11:27:11.738+0000] {logging_mixin.py:137} INFO - [2022-12-27T11:27:11.738+0000] {dag.py:3427} INFO - Setting next_dagrun for dataset_consumes_1_never_scheduled to None, run_after=None
[2022-12-27T11:27:11.740+0000] {logging_mixin.py:137} INFO - [2022-12-27T11:27:11.740+0000] {dag.py:3427} INFO - Setting next_dagrun for dataset_consumes_unknown_never_scheduled to None, run_after=None
[2022-12-27T11:27:11.744+0000] {logging_mixin.py:137} INFO - [2022-12-27T11:27:11.744+0000] {dag.py:3427} INFO - Setting next_dagrun for dataset_produces_1 to 2022-12-26T00:00:00+00:00, run_after=2022-12-27T00:00:00+00:00
[2022-12-27T11:27:11.746+0000] {logging_mixin.py:137} INFO - [2022-12-27T11:27:11.746+0000] {dag.py:3427} INFO - Setting next_dagrun for dataset_produces_2 to None, run_after=None
[2022-12-27T11:27:11.825+0000] {processor.py:175} INFO - Processing /home/airflow/.local/lib/python3.7/site-packages/airflow/example_dags/example_datasets.py took 0.239 seconds
[2022-12-27T11:27:42.266+0000] {processor.py:153} INFO - Started process (PID=739) to work on /home/airflow/.local/lib/python3.7/site-packages/airflow/example_dags/example_datasets.py
[2022-12-27T11:27:42.267+0000] {processor.py:743} INFO - Processing file /home/airflow/.local/lib/python3.7/site-packages/airflow/example_dags/example_datasets.py for tasks to queue
[2022-12-27T11:27:42.268+0000] {logging_mixin.py:137} INFO - [2022-12-27T11:27:42.268+0000] {dagbag.py:538} INFO - Filling up the DagBag from /home/airflow/.local/lib/python3.7/site-packages/airflow/example_dags/example_datasets.py
[2022-12-27T11:27:42.296+0000] {processor.py:753} INFO - DAG(s) dict_keys(['dataset_consumes_1_never_scheduled', 'dataset_consumes_1_and_2', 'dataset_produces_2', 'dataset_consumes_unknown_never_scheduled', 'dataset_produces_1', 'dataset_consumes_1']) retrieved from /home/airflow/.local/lib/python3.7/site-packages/airflow/example_dags/example_datasets.py
[2022-12-27T11:27:42.380+0000] {logging_mixin.py:137} INFO - [2022-12-27T11:27:42.380+0000] {dag.py:2676} INFO - Sync 6 DAGs
[2022-12-27T11:27:42.415+0000] {logging_mixin.py:137} INFO - [2022-12-27T11:27:42.415+0000] {dag.py:3427} INFO - Setting next_dagrun for dataset_consumes_1 to None, run_after=None
[2022-12-27T11:27:42.421+0000] {logging_mixin.py:137} INFO - [2022-12-27T11:27:42.420+0000] {dag.py:3427} INFO - Setting next_dagrun for dataset_consumes_1_and_2 to None, run_after=None
[2022-12-27T11:27:42.423+0000] {logging_mixin.py:137} INFO - [2022-12-27T11:27:42.423+0000] {dag.py:3427} INFO - Setting next_dagrun for dataset_consumes_1_never_scheduled to None, run_after=None
[2022-12-27T11:27:42.425+0000] {logging_mixin.py:137} INFO - [2022-12-27T11:27:42.425+0000] {dag.py:3427} INFO - Setting next_dagrun for dataset_consumes_unknown_never_scheduled to None, run_after=None
[2022-12-27T11:27:42.430+0000] {logging_mixin.py:137} INFO - [2022-12-27T11:27:42.430+0000] {dag.py:3427} INFO - Setting next_dagrun for dataset_produces_1 to 2022-12-26T00:00:00+00:00, run_after=2022-12-27T00:00:00+00:00
[2022-12-27T11:27:42.432+0000] {logging_mixin.py:137} INFO - [2022-12-27T11:27:42.432+0000] {dag.py:3427} INFO - Setting next_dagrun for dataset_produces_2 to None, run_after=None
[2022-12-27T11:27:42.540+0000] {processor.py:175} INFO - Processing /home/airflow/.local/lib/python3.7/site-packages/airflow/example_dags/example_datasets.py took 0.279 seconds
[2022-12-27T11:28:13.384+0000] {processor.py:153} INFO - Started process (PID=802) to work on /home/airflow/.local/lib/python3.7/site-packages/airflow/example_dags/example_datasets.py
[2022-12-27T11:28:13.387+0000] {processor.py:743} INFO - Processing file /home/airflow/.local/lib/python3.7/site-packages/airflow/example_dags/example_datasets.py for tasks to queue
[2022-12-27T11:28:13.388+0000] {logging_mixin.py:137} INFO - [2022-12-27T11:28:13.388+0000] {dagbag.py:538} INFO - Filling up the DagBag from /home/airflow/.local/lib/python3.7/site-packages/airflow/example_dags/example_datasets.py
[2022-12-27T11:28:13.428+0000] {processor.py:753} INFO - DAG(s) dict_keys(['dataset_produces_2', 'dataset_consumes_unknown_never_scheduled', 'dataset_consumes_1_never_scheduled', 'dataset_consumes_1_and_2', 'dataset_produces_1', 'dataset_consumes_1']) retrieved from /home/airflow/.local/lib/python3.7/site-packages/airflow/example_dags/example_datasets.py
[2022-12-27T11:28:13.569+0000] {logging_mixin.py:137} INFO - [2022-12-27T11:28:13.569+0000] {dag.py:2676} INFO - Sync 6 DAGs
[2022-12-27T11:28:13.640+0000] {logging_mixin.py:137} INFO - [2022-12-27T11:28:13.639+0000] {dag.py:3427} INFO - Setting next_dagrun for dataset_consumes_1 to None, run_after=None
[2022-12-27T11:28:13.647+0000] {logging_mixin.py:137} INFO - [2022-12-27T11:28:13.647+0000] {dag.py:3427} INFO - Setting next_dagrun for dataset_consumes_1_and_2 to None, run_after=None
[2022-12-27T11:28:13.650+0000] {logging_mixin.py:137} INFO - [2022-12-27T11:28:13.649+0000] {dag.py:3427} INFO - Setting next_dagrun for dataset_consumes_1_never_scheduled to None, run_after=None
[2022-12-27T11:28:13.652+0000] {logging_mixin.py:137} INFO - [2022-12-27T11:28:13.652+0000] {dag.py:3427} INFO - Setting next_dagrun for dataset_consumes_unknown_never_scheduled to None, run_after=None
[2022-12-27T11:28:13.657+0000] {logging_mixin.py:137} INFO - [2022-12-27T11:28:13.657+0000] {dag.py:3427} INFO - Setting next_dagrun for dataset_produces_1 to 2022-12-26T00:00:00+00:00, run_after=2022-12-27T00:00:00+00:00
[2022-12-27T11:28:13.660+0000] {logging_mixin.py:137} INFO - [2022-12-27T11:28:13.660+0000] {dag.py:3427} INFO - Setting next_dagrun for dataset_produces_2 to None, run_after=None
[2022-12-27T11:28:13.755+0000] {processor.py:175} INFO - Processing /home/airflow/.local/lib/python3.7/site-packages/airflow/example_dags/example_datasets.py took 0.379 seconds
[2022-12-27T11:28:44.912+0000] {processor.py:153} INFO - Started process (PID=878) to work on /home/airflow/.local/lib/python3.7/site-packages/airflow/example_dags/example_datasets.py
[2022-12-27T11:28:44.914+0000] {processor.py:743} INFO - Processing file /home/airflow/.local/lib/python3.7/site-packages/airflow/example_dags/example_datasets.py for tasks to queue
[2022-12-27T11:28:44.915+0000] {logging_mixin.py:137} INFO - [2022-12-27T11:28:44.915+0000] {dagbag.py:538} INFO - Filling up the DagBag from /home/airflow/.local/lib/python3.7/site-packages/airflow/example_dags/example_datasets.py
[2022-12-27T11:28:44.959+0000] {processor.py:753} INFO - DAG(s) dict_keys(['dataset_produces_2', 'dataset_consumes_1_never_scheduled', 'dataset_produces_1', 'dataset_consumes_unknown_never_scheduled', 'dataset_consumes_1', 'dataset_consumes_1_and_2']) retrieved from /home/airflow/.local/lib/python3.7/site-packages/airflow/example_dags/example_datasets.py
[2022-12-27T11:28:45.080+0000] {logging_mixin.py:137} INFO - [2022-12-27T11:28:45.079+0000] {dag.py:2676} INFO - Sync 6 DAGs
[2022-12-27T11:28:45.142+0000] {logging_mixin.py:137} INFO - [2022-12-27T11:28:45.142+0000] {dag.py:3427} INFO - Setting next_dagrun for dataset_consumes_1 to None, run_after=None
[2022-12-27T11:28:45.152+0000] {logging_mixin.py:137} INFO - [2022-12-27T11:28:45.152+0000] {dag.py:3427} INFO - Setting next_dagrun for dataset_consumes_1_and_2 to None, run_after=None
[2022-12-27T11:28:45.156+0000] {logging_mixin.py:137} INFO - [2022-12-27T11:28:45.155+0000] {dag.py:3427} INFO - Setting next_dagrun for dataset_consumes_1_never_scheduled to None, run_after=None
[2022-12-27T11:28:45.159+0000] {logging_mixin.py:137} INFO - [2022-12-27T11:28:45.159+0000] {dag.py:3427} INFO - Setting next_dagrun for dataset_consumes_unknown_never_scheduled to None, run_after=None
[2022-12-27T11:28:45.168+0000] {logging_mixin.py:137} INFO - [2022-12-27T11:28:45.168+0000] {dag.py:3427} INFO - Setting next_dagrun for dataset_produces_1 to 2022-12-26T00:00:00+00:00, run_after=2022-12-27T00:00:00+00:00
[2022-12-27T11:28:45.171+0000] {logging_mixin.py:137} INFO - [2022-12-27T11:28:45.171+0000] {dag.py:3427} INFO - Setting next_dagrun for dataset_produces_2 to None, run_after=None
[2022-12-27T11:28:45.286+0000] {processor.py:175} INFO - Processing /home/airflow/.local/lib/python3.7/site-packages/airflow/example_dags/example_datasets.py took 0.382 seconds
[2022-12-27T11:29:15.340+0000] {processor.py:153} INFO - Started process (PID=940) to work on /home/airflow/.local/lib/python3.7/site-packages/airflow/example_dags/example_datasets.py
[2022-12-27T11:29:15.341+0000] {processor.py:743} INFO - Processing file /home/airflow/.local/lib/python3.7/site-packages/airflow/example_dags/example_datasets.py for tasks to queue
[2022-12-27T11:29:15.342+0000] {logging_mixin.py:137} INFO - [2022-12-27T11:29:15.342+0000] {dagbag.py:538} INFO - Filling up the DagBag from /home/airflow/.local/lib/python3.7/site-packages/airflow/example_dags/example_datasets.py
[2022-12-27T11:29:15.361+0000] {processor.py:753} INFO - DAG(s) dict_keys(['dataset_produces_2', 'dataset_consumes_unknown_never_scheduled', 'dataset_consumes_1', 'dataset_consumes_1_never_scheduled', 'dataset_produces_1', 'dataset_consumes_1_and_2']) retrieved from /home/airflow/.local/lib/python3.7/site-packages/airflow/example_dags/example_datasets.py
[2022-12-27T11:29:15.434+0000] {logging_mixin.py:137} INFO - [2022-12-27T11:29:15.433+0000] {dag.py:2676} INFO - Sync 6 DAGs
[2022-12-27T11:29:15.472+0000] {logging_mixin.py:137} INFO - [2022-12-27T11:29:15.471+0000] {dag.py:3427} INFO - Setting next_dagrun for dataset_consumes_1 to None, run_after=None
[2022-12-27T11:29:15.476+0000] {logging_mixin.py:137} INFO - [2022-12-27T11:29:15.476+0000] {dag.py:3427} INFO - Setting next_dagrun for dataset_consumes_1_and_2 to None, run_after=None
[2022-12-27T11:29:15.478+0000] {logging_mixin.py:137} INFO - [2022-12-27T11:29:15.477+0000] {dag.py:3427} INFO - Setting next_dagrun for dataset_consumes_1_never_scheduled to None, run_after=None
[2022-12-27T11:29:15.479+0000] {logging_mixin.py:137} INFO - [2022-12-27T11:29:15.479+0000] {dag.py:3427} INFO - Setting next_dagrun for dataset_consumes_unknown_never_scheduled to None, run_after=None
[2022-12-27T11:29:15.482+0000] {logging_mixin.py:137} INFO - [2022-12-27T11:29:15.482+0000] {dag.py:3427} INFO - Setting next_dagrun for dataset_produces_1 to 2022-12-26T00:00:00+00:00, run_after=2022-12-27T00:00:00+00:00
[2022-12-27T11:29:15.483+0000] {logging_mixin.py:137} INFO - [2022-12-27T11:29:15.483+0000] {dag.py:3427} INFO - Setting next_dagrun for dataset_produces_2 to None, run_after=None
[2022-12-27T11:29:15.572+0000] {processor.py:175} INFO - Processing /home/airflow/.local/lib/python3.7/site-packages/airflow/example_dags/example_datasets.py took 0.236 seconds
[2022-12-27T11:29:46.381+0000] {processor.py:153} INFO - Started process (PID=1002) to work on /home/airflow/.local/lib/python3.7/site-packages/airflow/example_dags/example_datasets.py
[2022-12-27T11:29:46.383+0000] {processor.py:743} INFO - Processing file /home/airflow/.local/lib/python3.7/site-packages/airflow/example_dags/example_datasets.py for tasks to queue
[2022-12-27T11:29:46.383+0000] {logging_mixin.py:137} INFO - [2022-12-27T11:29:46.383+0000] {dagbag.py:538} INFO - Filling up the DagBag from /home/airflow/.local/lib/python3.7/site-packages/airflow/example_dags/example_datasets.py
[2022-12-27T11:29:46.402+0000] {processor.py:753} INFO - DAG(s) dict_keys(['dataset_consumes_1_never_scheduled', 'dataset_produces_2', 'dataset_consumes_1', 'dataset_consumes_1_and_2', 'dataset_produces_1', 'dataset_consumes_unknown_never_scheduled']) retrieved from /home/airflow/.local/lib/python3.7/site-packages/airflow/example_dags/example_datasets.py
[2022-12-27T11:29:46.452+0000] {logging_mixin.py:137} INFO - [2022-12-27T11:29:46.451+0000] {dag.py:2676} INFO - Sync 6 DAGs
[2022-12-27T11:29:46.479+0000] {logging_mixin.py:137} INFO - [2022-12-27T11:29:46.479+0000] {dag.py:3427} INFO - Setting next_dagrun for dataset_consumes_1 to None, run_after=None
[2022-12-27T11:29:46.482+0000] {logging_mixin.py:137} INFO - [2022-12-27T11:29:46.482+0000] {dag.py:3427} INFO - Setting next_dagrun for dataset_consumes_1_and_2 to None, run_after=None
[2022-12-27T11:29:46.483+0000] {logging_mixin.py:137} INFO - [2022-12-27T11:29:46.483+0000] {dag.py:3427} INFO - Setting next_dagrun for dataset_consumes_1_never_scheduled to None, run_after=None
[2022-12-27T11:29:46.484+0000] {logging_mixin.py:137} INFO - [2022-12-27T11:29:46.484+0000] {dag.py:3427} INFO - Setting next_dagrun for dataset_consumes_unknown_never_scheduled to None, run_after=None
[2022-12-27T11:29:46.487+0000] {logging_mixin.py:137} INFO - [2022-12-27T11:29:46.487+0000] {dag.py:3427} INFO - Setting next_dagrun for dataset_produces_1 to 2022-12-26T00:00:00+00:00, run_after=2022-12-27T00:00:00+00:00
[2022-12-27T11:29:46.488+0000] {logging_mixin.py:137} INFO - [2022-12-27T11:29:46.488+0000] {dag.py:3427} INFO - Setting next_dagrun for dataset_produces_2 to None, run_after=None
[2022-12-27T11:29:46.581+0000] {processor.py:175} INFO - Processing /home/airflow/.local/lib/python3.7/site-packages/airflow/example_dags/example_datasets.py took 0.204 seconds
[2022-12-27T11:30:17.462+0000] {processor.py:153} INFO - Started process (PID=1074) to work on /home/airflow/.local/lib/python3.7/site-packages/airflow/example_dags/example_datasets.py
[2022-12-27T11:30:17.464+0000] {processor.py:743} INFO - Processing file /home/airflow/.local/lib/python3.7/site-packages/airflow/example_dags/example_datasets.py for tasks to queue
[2022-12-27T11:30:17.465+0000] {logging_mixin.py:137} INFO - [2022-12-27T11:30:17.465+0000] {dagbag.py:538} INFO - Filling up the DagBag from /home/airflow/.local/lib/python3.7/site-packages/airflow/example_dags/example_datasets.py
[2022-12-27T11:30:17.514+0000] {processor.py:753} INFO - DAG(s) dict_keys(['dataset_consumes_1_never_scheduled', 'dataset_consumes_1_and_2', 'dataset_consumes_1', 'dataset_consumes_unknown_never_scheduled', 'dataset_produces_2', 'dataset_produces_1']) retrieved from /home/airflow/.local/lib/python3.7/site-packages/airflow/example_dags/example_datasets.py
[2022-12-27T11:30:17.635+0000] {logging_mixin.py:137} INFO - [2022-12-27T11:30:17.635+0000] {dag.py:2676} INFO - Sync 6 DAGs
[2022-12-27T11:30:17.696+0000] {logging_mixin.py:137} INFO - [2022-12-27T11:30:17.696+0000] {dag.py:3427} INFO - Setting next_dagrun for dataset_consumes_1 to None, run_after=None
[2022-12-27T11:30:17.703+0000] {logging_mixin.py:137} INFO - [2022-12-27T11:30:17.703+0000] {dag.py:3427} INFO - Setting next_dagrun for dataset_consumes_1_and_2 to None, run_after=None
[2022-12-27T11:30:17.706+0000] {logging_mixin.py:137} INFO - [2022-12-27T11:30:17.706+0000] {dag.py:3427} INFO - Setting next_dagrun for dataset_consumes_1_never_scheduled to None, run_after=None
[2022-12-27T11:30:17.708+0000] {logging_mixin.py:137} INFO - [2022-12-27T11:30:17.708+0000] {dag.py:3427} INFO - Setting next_dagrun for dataset_consumes_unknown_never_scheduled to None, run_after=None
[2022-12-27T11:30:17.714+0000] {logging_mixin.py:137} INFO - [2022-12-27T11:30:17.714+0000] {dag.py:3427} INFO - Setting next_dagrun for dataset_produces_1 to 2022-12-26T00:00:00+00:00, run_after=2022-12-27T00:00:00+00:00
[2022-12-27T11:30:17.716+0000] {logging_mixin.py:137} INFO - [2022-12-27T11:30:17.716+0000] {dag.py:3427} INFO - Setting next_dagrun for dataset_produces_2 to None, run_after=None
[2022-12-27T11:30:17.814+0000] {processor.py:175} INFO - Processing /home/airflow/.local/lib/python3.7/site-packages/airflow/example_dags/example_datasets.py took 0.361 seconds
[2022-12-27T11:30:48.516+0000] {processor.py:153} INFO - Started process (PID=1138) to work on /home/airflow/.local/lib/python3.7/site-packages/airflow/example_dags/example_datasets.py
[2022-12-27T11:30:48.519+0000] {processor.py:743} INFO - Processing file /home/airflow/.local/lib/python3.7/site-packages/airflow/example_dags/example_datasets.py for tasks to queue
[2022-12-27T11:30:48.521+0000] {logging_mixin.py:137} INFO - [2022-12-27T11:30:48.520+0000] {dagbag.py:538} INFO - Filling up the DagBag from /home/airflow/.local/lib/python3.7/site-packages/airflow/example_dags/example_datasets.py
[2022-12-27T11:30:48.563+0000] {processor.py:753} INFO - DAG(s) dict_keys(['dataset_produces_1', 'dataset_consumes_1', 'dataset_produces_2', 'dataset_consumes_1_and_2', 'dataset_consumes_1_never_scheduled', 'dataset_consumes_unknown_never_scheduled']) retrieved from /home/airflow/.local/lib/python3.7/site-packages/airflow/example_dags/example_datasets.py
[2022-12-27T11:30:48.680+0000] {logging_mixin.py:137} INFO - [2022-12-27T11:30:48.679+0000] {dag.py:2676} INFO - Sync 6 DAGs
[2022-12-27T11:30:48.740+0000] {logging_mixin.py:137} INFO - [2022-12-27T11:30:48.740+0000] {dag.py:3427} INFO - Setting next_dagrun for dataset_consumes_1 to None, run_after=None
[2022-12-27T11:30:48.748+0000] {logging_mixin.py:137} INFO - [2022-12-27T11:30:48.748+0000] {dag.py:3427} INFO - Setting next_dagrun for dataset_consumes_1_and_2 to None, run_after=None
[2022-12-27T11:30:48.751+0000] {logging_mixin.py:137} INFO - [2022-12-27T11:30:48.751+0000] {dag.py:3427} INFO - Setting next_dagrun for dataset_consumes_1_never_scheduled to None, run_after=None
[2022-12-27T11:30:48.753+0000] {logging_mixin.py:137} INFO - [2022-12-27T11:30:48.753+0000] {dag.py:3427} INFO - Setting next_dagrun for dataset_consumes_unknown_never_scheduled to None, run_after=None
[2022-12-27T11:30:48.759+0000] {logging_mixin.py:137} INFO - [2022-12-27T11:30:48.759+0000] {dag.py:3427} INFO - Setting next_dagrun for dataset_produces_1 to 2022-12-26T00:00:00+00:00, run_after=2022-12-27T00:00:00+00:00
[2022-12-27T11:30:48.762+0000] {logging_mixin.py:137} INFO - [2022-12-27T11:30:48.762+0000] {dag.py:3427} INFO - Setting next_dagrun for dataset_produces_2 to None, run_after=None
[2022-12-27T11:30:48.909+0000] {processor.py:175} INFO - Processing /home/airflow/.local/lib/python3.7/site-packages/airflow/example_dags/example_datasets.py took 0.403 seconds
[2022-12-27T11:31:19.004+0000] {processor.py:153} INFO - Started process (PID=1213) to work on /home/airflow/.local/lib/python3.7/site-packages/airflow/example_dags/example_datasets.py
[2022-12-27T11:31:19.006+0000] {processor.py:743} INFO - Processing file /home/airflow/.local/lib/python3.7/site-packages/airflow/example_dags/example_datasets.py for tasks to queue
[2022-12-27T11:31:19.006+0000] {logging_mixin.py:137} INFO - [2022-12-27T11:31:19.006+0000] {dagbag.py:538} INFO - Filling up the DagBag from /home/airflow/.local/lib/python3.7/site-packages/airflow/example_dags/example_datasets.py
[2022-12-27T11:31:19.025+0000] {processor.py:753} INFO - DAG(s) dict_keys(['dataset_consumes_1', 'dataset_consumes_1_never_scheduled', 'dataset_consumes_unknown_never_scheduled', 'dataset_produces_2', 'dataset_produces_1', 'dataset_consumes_1_and_2']) retrieved from /home/airflow/.local/lib/python3.7/site-packages/airflow/example_dags/example_datasets.py
[2022-12-27T11:31:19.085+0000] {logging_mixin.py:137} INFO - [2022-12-27T11:31:19.085+0000] {dag.py:2676} INFO - Sync 6 DAGs
[2022-12-27T11:31:19.118+0000] {logging_mixin.py:137} INFO - [2022-12-27T11:31:19.118+0000] {dag.py:3427} INFO - Setting next_dagrun for dataset_consumes_1 to None, run_after=None
[2022-12-27T11:31:19.122+0000] {logging_mixin.py:137} INFO - [2022-12-27T11:31:19.122+0000] {dag.py:3427} INFO - Setting next_dagrun for dataset_consumes_1_and_2 to None, run_after=None
[2022-12-27T11:31:19.124+0000] {logging_mixin.py:137} INFO - [2022-12-27T11:31:19.124+0000] {dag.py:3427} INFO - Setting next_dagrun for dataset_consumes_1_never_scheduled to None, run_after=None
[2022-12-27T11:31:19.125+0000] {logging_mixin.py:137} INFO - [2022-12-27T11:31:19.125+0000] {dag.py:3427} INFO - Setting next_dagrun for dataset_consumes_unknown_never_scheduled to None, run_after=None
[2022-12-27T11:31:19.128+0000] {logging_mixin.py:137} INFO - [2022-12-27T11:31:19.128+0000] {dag.py:3427} INFO - Setting next_dagrun for dataset_produces_1 to 2022-12-26T00:00:00+00:00, run_after=2022-12-27T00:00:00+00:00
[2022-12-27T11:31:19.130+0000] {logging_mixin.py:137} INFO - [2022-12-27T11:31:19.130+0000] {dag.py:3427} INFO - Setting next_dagrun for dataset_produces_2 to None, run_after=None
[2022-12-27T11:31:19.197+0000] {processor.py:175} INFO - Processing /home/airflow/.local/lib/python3.7/site-packages/airflow/example_dags/example_datasets.py took 0.196 seconds
[2022-12-27T11:31:49.811+0000] {processor.py:153} INFO - Started process (PID=1275) to work on /home/airflow/.local/lib/python3.7/site-packages/airflow/example_dags/example_datasets.py
[2022-12-27T11:31:49.814+0000] {processor.py:743} INFO - Processing file /home/airflow/.local/lib/python3.7/site-packages/airflow/example_dags/example_datasets.py for tasks to queue
[2022-12-27T11:31:49.816+0000] {logging_mixin.py:137} INFO - [2022-12-27T11:31:49.815+0000] {dagbag.py:538} INFO - Filling up the DagBag from /home/airflow/.local/lib/python3.7/site-packages/airflow/example_dags/example_datasets.py
[2022-12-27T11:31:49.845+0000] {processor.py:753} INFO - DAG(s) dict_keys(['dataset_consumes_unknown_never_scheduled', 'dataset_produces_2', 'dataset_consumes_1_never_scheduled', 'dataset_consumes_1_and_2', 'dataset_consumes_1', 'dataset_produces_1']) retrieved from /home/airflow/.local/lib/python3.7/site-packages/airflow/example_dags/example_datasets.py
[2022-12-27T11:31:49.906+0000] {logging_mixin.py:137} INFO - [2022-12-27T11:31:49.906+0000] {dag.py:2676} INFO - Sync 6 DAGs
[2022-12-27T11:31:49.938+0000] {logging_mixin.py:137} INFO - [2022-12-27T11:31:49.938+0000] {dag.py:3427} INFO - Setting next_dagrun for dataset_consumes_1 to None, run_after=None
[2022-12-27T11:31:49.941+0000] {logging_mixin.py:137} INFO - [2022-12-27T11:31:49.941+0000] {dag.py:3427} INFO - Setting next_dagrun for dataset_consumes_1_and_2 to None, run_after=None
[2022-12-27T11:31:49.942+0000] {logging_mixin.py:137} INFO - [2022-12-27T11:31:49.942+0000] {dag.py:3427} INFO - Setting next_dagrun for dataset_consumes_1_never_scheduled to None, run_after=None
[2022-12-27T11:31:49.943+0000] {logging_mixin.py:137} INFO - [2022-12-27T11:31:49.943+0000] {dag.py:3427} INFO - Setting next_dagrun for dataset_consumes_unknown_never_scheduled to None, run_after=None
[2022-12-27T11:31:49.947+0000] {logging_mixin.py:137} INFO - [2022-12-27T11:31:49.947+0000] {dag.py:3427} INFO - Setting next_dagrun for dataset_produces_1 to 2022-12-26T00:00:00+00:00, run_after=2022-12-27T00:00:00+00:00
[2022-12-27T11:31:49.949+0000] {logging_mixin.py:137} INFO - [2022-12-27T11:31:49.949+0000] {dag.py:3427} INFO - Setting next_dagrun for dataset_produces_2 to None, run_after=None
[2022-12-27T11:31:50.014+0000] {processor.py:175} INFO - Processing /home/airflow/.local/lib/python3.7/site-packages/airflow/example_dags/example_datasets.py took 0.212 seconds
[2022-12-27T11:32:20.595+0000] {processor.py:153} INFO - Started process (PID=1337) to work on /home/airflow/.local/lib/python3.7/site-packages/airflow/example_dags/example_datasets.py
[2022-12-27T11:32:20.596+0000] {processor.py:743} INFO - Processing file /home/airflow/.local/lib/python3.7/site-packages/airflow/example_dags/example_datasets.py for tasks to queue
[2022-12-27T11:32:20.598+0000] {logging_mixin.py:137} INFO - [2022-12-27T11:32:20.597+0000] {dagbag.py:538} INFO - Filling up the DagBag from /home/airflow/.local/lib/python3.7/site-packages/airflow/example_dags/example_datasets.py
[2022-12-27T11:32:20.628+0000] {processor.py:753} INFO - DAG(s) dict_keys(['dataset_consumes_1_never_scheduled', 'dataset_consumes_unknown_never_scheduled', 'dataset_produces_1', 'dataset_produces_2', 'dataset_consumes_1_and_2', 'dataset_consumes_1']) retrieved from /home/airflow/.local/lib/python3.7/site-packages/airflow/example_dags/example_datasets.py
[2022-12-27T11:32:20.718+0000] {logging_mixin.py:137} INFO - [2022-12-27T11:32:20.718+0000] {dag.py:2676} INFO - Sync 6 DAGs
[2022-12-27T11:32:20.755+0000] {logging_mixin.py:137} INFO - [2022-12-27T11:32:20.755+0000] {dag.py:3427} INFO - Setting next_dagrun for dataset_consumes_1 to None, run_after=None
[2022-12-27T11:32:20.759+0000] {logging_mixin.py:137} INFO - [2022-12-27T11:32:20.759+0000] {dag.py:3427} INFO - Setting next_dagrun for dataset_consumes_1_and_2 to None, run_after=None
[2022-12-27T11:32:20.761+0000] {logging_mixin.py:137} INFO - [2022-12-27T11:32:20.761+0000] {dag.py:3427} INFO - Setting next_dagrun for dataset_consumes_1_never_scheduled to None, run_after=None
[2022-12-27T11:32:20.763+0000] {logging_mixin.py:137} INFO - [2022-12-27T11:32:20.763+0000] {dag.py:3427} INFO - Setting next_dagrun for dataset_consumes_unknown_never_scheduled to None, run_after=None
[2022-12-27T11:32:20.768+0000] {logging_mixin.py:137} INFO - [2022-12-27T11:32:20.768+0000] {dag.py:3427} INFO - Setting next_dagrun for dataset_produces_1 to 2022-12-26T00:00:00+00:00, run_after=2022-12-27T00:00:00+00:00
[2022-12-27T11:32:20.770+0000] {logging_mixin.py:137} INFO - [2022-12-27T11:32:20.770+0000] {dag.py:3427} INFO - Setting next_dagrun for dataset_produces_2 to None, run_after=None
[2022-12-27T11:32:20.880+0000] {processor.py:175} INFO - Processing /home/airflow/.local/lib/python3.7/site-packages/airflow/example_dags/example_datasets.py took 0.291 seconds
[2022-12-27T11:32:51.320+0000] {processor.py:153} INFO - Started process (PID=1409) to work on /home/airflow/.local/lib/python3.7/site-packages/airflow/example_dags/example_datasets.py
[2022-12-27T11:32:51.322+0000] {processor.py:743} INFO - Processing file /home/airflow/.local/lib/python3.7/site-packages/airflow/example_dags/example_datasets.py for tasks to queue
[2022-12-27T11:32:51.324+0000] {logging_mixin.py:137} INFO - [2022-12-27T11:32:51.324+0000] {dagbag.py:538} INFO - Filling up the DagBag from /home/airflow/.local/lib/python3.7/site-packages/airflow/example_dags/example_datasets.py
[2022-12-27T11:32:51.362+0000] {processor.py:753} INFO - DAG(s) dict_keys(['dataset_consumes_1_never_scheduled', 'dataset_produces_1', 'dataset_consumes_unknown_never_scheduled', 'dataset_produces_2', 'dataset_consumes_1', 'dataset_consumes_1_and_2']) retrieved from /home/airflow/.local/lib/python3.7/site-packages/airflow/example_dags/example_datasets.py
[2022-12-27T11:32:51.478+0000] {logging_mixin.py:137} INFO - [2022-12-27T11:32:51.478+0000] {dag.py:2676} INFO - Sync 6 DAGs
[2022-12-27T11:32:51.537+0000] {logging_mixin.py:137} INFO - [2022-12-27T11:32:51.537+0000] {dag.py:3427} INFO - Setting next_dagrun for dataset_consumes_1 to None, run_after=None
[2022-12-27T11:32:51.544+0000] {logging_mixin.py:137} INFO - [2022-12-27T11:32:51.544+0000] {dag.py:3427} INFO - Setting next_dagrun for dataset_consumes_1_and_2 to None, run_after=None
[2022-12-27T11:32:51.547+0000] {logging_mixin.py:137} INFO - [2022-12-27T11:32:51.547+0000] {dag.py:3427} INFO - Setting next_dagrun for dataset_consumes_1_never_scheduled to None, run_after=None
[2022-12-27T11:32:51.550+0000] {logging_mixin.py:137} INFO - [2022-12-27T11:32:51.549+0000] {dag.py:3427} INFO - Setting next_dagrun for dataset_consumes_unknown_never_scheduled to None, run_after=None
[2022-12-27T11:32:51.555+0000] {logging_mixin.py:137} INFO - [2022-12-27T11:32:51.555+0000] {dag.py:3427} INFO - Setting next_dagrun for dataset_produces_1 to 2022-12-26T00:00:00+00:00, run_after=2022-12-27T00:00:00+00:00
[2022-12-27T11:32:51.557+0000] {logging_mixin.py:137} INFO - [2022-12-27T11:32:51.557+0000] {dag.py:3427} INFO - Setting next_dagrun for dataset_produces_2 to None, run_after=None
[2022-12-27T11:32:51.643+0000] {processor.py:175} INFO - Processing /home/airflow/.local/lib/python3.7/site-packages/airflow/example_dags/example_datasets.py took 0.330 seconds
[2022-12-27T11:33:21.889+0000] {processor.py:153} INFO - Started process (PID=1474) to work on /home/airflow/.local/lib/python3.7/site-packages/airflow/example_dags/example_datasets.py
[2022-12-27T11:33:21.890+0000] {processor.py:743} INFO - Processing file /home/airflow/.local/lib/python3.7/site-packages/airflow/example_dags/example_datasets.py for tasks to queue
[2022-12-27T11:33:21.891+0000] {logging_mixin.py:137} INFO - [2022-12-27T11:33:21.891+0000] {dagbag.py:538} INFO - Filling up the DagBag from /home/airflow/.local/lib/python3.7/site-packages/airflow/example_dags/example_datasets.py
[2022-12-27T11:33:21.915+0000] {processor.py:753} INFO - DAG(s) dict_keys(['dataset_produces_2', 'dataset_consumes_1', 'dataset_consumes_unknown_never_scheduled', 'dataset_consumes_1_never_scheduled', 'dataset_consumes_1_and_2', 'dataset_produces_1']) retrieved from /home/airflow/.local/lib/python3.7/site-packages/airflow/example_dags/example_datasets.py
[2022-12-27T11:33:21.975+0000] {logging_mixin.py:137} INFO - [2022-12-27T11:33:21.975+0000] {dag.py:2676} INFO - Sync 6 DAGs
[2022-12-27T11:33:22.043+0000] {logging_mixin.py:137} INFO - [2022-12-27T11:33:22.043+0000] {dag.py:3427} INFO - Setting next_dagrun for dataset_consumes_1 to None, run_after=None
[2022-12-27T11:33:22.047+0000] {logging_mixin.py:137} INFO - [2022-12-27T11:33:22.047+0000] {dag.py:3427} INFO - Setting next_dagrun for dataset_consumes_1_and_2 to None, run_after=None
[2022-12-27T11:33:22.048+0000] {logging_mixin.py:137} INFO - [2022-12-27T11:33:22.048+0000] {dag.py:3427} INFO - Setting next_dagrun for dataset_consumes_1_never_scheduled to None, run_after=None
[2022-12-27T11:33:22.050+0000] {logging_mixin.py:137} INFO - [2022-12-27T11:33:22.050+0000] {dag.py:3427} INFO - Setting next_dagrun for dataset_consumes_unknown_never_scheduled to None, run_after=None
[2022-12-27T11:33:22.053+0000] {logging_mixin.py:137} INFO - [2022-12-27T11:33:22.052+0000] {dag.py:3427} INFO - Setting next_dagrun for dataset_produces_1 to 2022-12-26T00:00:00+00:00, run_after=2022-12-27T00:00:00+00:00
[2022-12-27T11:33:22.054+0000] {logging_mixin.py:137} INFO - [2022-12-27T11:33:22.054+0000] {dag.py:3427} INFO - Setting next_dagrun for dataset_produces_2 to None, run_after=None
[2022-12-27T11:33:22.122+0000] {processor.py:175} INFO - Processing /home/airflow/.local/lib/python3.7/site-packages/airflow/example_dags/example_datasets.py took 0.240 seconds
[2022-12-27T11:33:52.335+0000] {processor.py:153} INFO - Started process (PID=1536) to work on /home/airflow/.local/lib/python3.7/site-packages/airflow/example_dags/example_datasets.py
[2022-12-27T11:33:52.336+0000] {processor.py:743} INFO - Processing file /home/airflow/.local/lib/python3.7/site-packages/airflow/example_dags/example_datasets.py for tasks to queue
[2022-12-27T11:33:52.337+0000] {logging_mixin.py:137} INFO - [2022-12-27T11:33:52.337+0000] {dagbag.py:538} INFO - Filling up the DagBag from /home/airflow/.local/lib/python3.7/site-packages/airflow/example_dags/example_datasets.py
[2022-12-27T11:33:52.359+0000] {processor.py:753} INFO - DAG(s) dict_keys(['dataset_consumes_unknown_never_scheduled', 'dataset_produces_1', 'dataset_consumes_1_never_scheduled', 'dataset_produces_2', 'dataset_consumes_1', 'dataset_consumes_1_and_2']) retrieved from /home/airflow/.local/lib/python3.7/site-packages/airflow/example_dags/example_datasets.py
[2022-12-27T11:33:52.427+0000] {logging_mixin.py:137} INFO - [2022-12-27T11:33:52.427+0000] {dag.py:2676} INFO - Sync 6 DAGs
[2022-12-27T11:33:52.460+0000] {logging_mixin.py:137} INFO - [2022-12-27T11:33:52.460+0000] {dag.py:3427} INFO - Setting next_dagrun for dataset_consumes_1 to None, run_after=None
[2022-12-27T11:33:52.466+0000] {logging_mixin.py:137} INFO - [2022-12-27T11:33:52.465+0000] {dag.py:3427} INFO - Setting next_dagrun for dataset_consumes_1_and_2 to None, run_after=None
[2022-12-27T11:33:52.468+0000] {logging_mixin.py:137} INFO - [2022-12-27T11:33:52.468+0000] {dag.py:3427} INFO - Setting next_dagrun for dataset_consumes_1_never_scheduled to None, run_after=None
[2022-12-27T11:33:52.470+0000] {logging_mixin.py:137} INFO - [2022-12-27T11:33:52.470+0000] {dag.py:3427} INFO - Setting next_dagrun for dataset_consumes_unknown_never_scheduled to None, run_after=None
[2022-12-27T11:33:52.473+0000] {logging_mixin.py:137} INFO - [2022-12-27T11:33:52.473+0000] {dag.py:3427} INFO - Setting next_dagrun for dataset_produces_1 to 2022-12-26T00:00:00+00:00, run_after=2022-12-27T00:00:00+00:00
[2022-12-27T11:33:52.475+0000] {logging_mixin.py:137} INFO - [2022-12-27T11:33:52.475+0000] {dag.py:3427} INFO - Setting next_dagrun for dataset_produces_2 to None, run_after=None
[2022-12-27T11:33:52.543+0000] {processor.py:175} INFO - Processing /home/airflow/.local/lib/python3.7/site-packages/airflow/example_dags/example_datasets.py took 0.213 seconds
[2022-12-27T11:34:22.805+0000] {processor.py:153} INFO - Started process (PID=1607) to work on /home/airflow/.local/lib/python3.7/site-packages/airflow/example_dags/example_datasets.py
[2022-12-27T11:34:22.806+0000] {processor.py:743} INFO - Processing file /home/airflow/.local/lib/python3.7/site-packages/airflow/example_dags/example_datasets.py for tasks to queue
[2022-12-27T11:34:22.807+0000] {logging_mixin.py:137} INFO - [2022-12-27T11:34:22.807+0000] {dagbag.py:538} INFO - Filling up the DagBag from /home/airflow/.local/lib/python3.7/site-packages/airflow/example_dags/example_datasets.py
[2022-12-27T11:34:22.835+0000] {processor.py:753} INFO - DAG(s) dict_keys(['dataset_consumes_1', 'dataset_consumes_1_and_2', 'dataset_produces_1', 'dataset_consumes_1_never_scheduled', 'dataset_consumes_unknown_never_scheduled', 'dataset_produces_2']) retrieved from /home/airflow/.local/lib/python3.7/site-packages/airflow/example_dags/example_datasets.py
[2022-12-27T11:34:22.907+0000] {logging_mixin.py:137} INFO - [2022-12-27T11:34:22.907+0000] {dag.py:2676} INFO - Sync 6 DAGs
[2022-12-27T11:34:22.939+0000] {logging_mixin.py:137} INFO - [2022-12-27T11:34:22.939+0000] {dag.py:3427} INFO - Setting next_dagrun for dataset_consumes_1 to None, run_after=None
[2022-12-27T11:34:22.943+0000] {logging_mixin.py:137} INFO - [2022-12-27T11:34:22.943+0000] {dag.py:3427} INFO - Setting next_dagrun for dataset_consumes_1_and_2 to None, run_after=None
[2022-12-27T11:34:22.944+0000] {logging_mixin.py:137} INFO - [2022-12-27T11:34:22.944+0000] {dag.py:3427} INFO - Setting next_dagrun for dataset_consumes_1_never_scheduled to None, run_after=None
[2022-12-27T11:34:22.946+0000] {logging_mixin.py:137} INFO - [2022-12-27T11:34:22.945+0000] {dag.py:3427} INFO - Setting next_dagrun for dataset_consumes_unknown_never_scheduled to None, run_after=None
[2022-12-27T11:34:22.948+0000] {logging_mixin.py:137} INFO - [2022-12-27T11:34:22.948+0000] {dag.py:3427} INFO - Setting next_dagrun for dataset_produces_1 to 2022-12-26T00:00:00+00:00, run_after=2022-12-27T00:00:00+00:00
[2022-12-27T11:34:22.950+0000] {logging_mixin.py:137} INFO - [2022-12-27T11:34:22.949+0000] {dag.py:3427} INFO - Setting next_dagrun for dataset_produces_2 to None, run_after=None
[2022-12-27T11:34:23.017+0000] {processor.py:175} INFO - Processing /home/airflow/.local/lib/python3.7/site-packages/airflow/example_dags/example_datasets.py took 0.220 seconds
[2022-12-27T11:34:53.537+0000] {processor.py:153} INFO - Started process (PID=1672) to work on /home/airflow/.local/lib/python3.7/site-packages/airflow/example_dags/example_datasets.py
[2022-12-27T11:34:53.539+0000] {processor.py:743} INFO - Processing file /home/airflow/.local/lib/python3.7/site-packages/airflow/example_dags/example_datasets.py for tasks to queue
[2022-12-27T11:34:53.540+0000] {logging_mixin.py:137} INFO - [2022-12-27T11:34:53.540+0000] {dagbag.py:538} INFO - Filling up the DagBag from /home/airflow/.local/lib/python3.7/site-packages/airflow/example_dags/example_datasets.py
[2022-12-27T11:34:53.578+0000] {processor.py:753} INFO - DAG(s) dict_keys(['dataset_consumes_1_and_2', 'dataset_produces_2', 'dataset_consumes_1_never_scheduled', 'dataset_consumes_unknown_never_scheduled', 'dataset_produces_1', 'dataset_consumes_1']) retrieved from /home/airflow/.local/lib/python3.7/site-packages/airflow/example_dags/example_datasets.py
[2022-12-27T11:34:53.697+0000] {logging_mixin.py:137} INFO - [2022-12-27T11:34:53.697+0000] {dag.py:2676} INFO - Sync 6 DAGs
[2022-12-27T11:34:53.760+0000] {logging_mixin.py:137} INFO - [2022-12-27T11:34:53.760+0000] {dag.py:3427} INFO - Setting next_dagrun for dataset_consumes_1 to None, run_after=None
[2022-12-27T11:34:53.767+0000] {logging_mixin.py:137} INFO - [2022-12-27T11:34:53.767+0000] {dag.py:3427} INFO - Setting next_dagrun for dataset_consumes_1_and_2 to None, run_after=None
[2022-12-27T11:34:53.769+0000] {logging_mixin.py:137} INFO - [2022-12-27T11:34:53.769+0000] {dag.py:3427} INFO - Setting next_dagrun for dataset_consumes_1_never_scheduled to None, run_after=None
[2022-12-27T11:34:53.772+0000] {logging_mixin.py:137} INFO - [2022-12-27T11:34:53.772+0000] {dag.py:3427} INFO - Setting next_dagrun for dataset_consumes_unknown_never_scheduled to None, run_after=None
[2022-12-27T11:34:53.778+0000] {logging_mixin.py:137} INFO - [2022-12-27T11:34:53.777+0000] {dag.py:3427} INFO - Setting next_dagrun for dataset_produces_1 to 2022-12-26T00:00:00+00:00, run_after=2022-12-27T00:00:00+00:00
[2022-12-27T11:34:53.780+0000] {logging_mixin.py:137} INFO - [2022-12-27T11:34:53.780+0000] {dag.py:3427} INFO - Setting next_dagrun for dataset_produces_2 to None, run_after=None
[2022-12-27T11:34:53.901+0000] {processor.py:175} INFO - Processing /home/airflow/.local/lib/python3.7/site-packages/airflow/example_dags/example_datasets.py took 0.372 seconds
[2022-12-27T11:35:24.106+0000] {processor.py:153} INFO - Started process (PID=1734) to work on /home/airflow/.local/lib/python3.7/site-packages/airflow/example_dags/example_datasets.py
[2022-12-27T11:35:24.107+0000] {processor.py:743} INFO - Processing file /home/airflow/.local/lib/python3.7/site-packages/airflow/example_dags/example_datasets.py for tasks to queue
[2022-12-27T11:35:24.107+0000] {logging_mixin.py:137} INFO - [2022-12-27T11:35:24.107+0000] {dagbag.py:538} INFO - Filling up the DagBag from /home/airflow/.local/lib/python3.7/site-packages/airflow/example_dags/example_datasets.py
[2022-12-27T11:35:24.128+0000] {processor.py:753} INFO - DAG(s) dict_keys(['dataset_produces_2', 'dataset_consumes_1', 'dataset_consumes_1_and_2', 'dataset_produces_1', 'dataset_consumes_unknown_never_scheduled', 'dataset_consumes_1_never_scheduled']) retrieved from /home/airflow/.local/lib/python3.7/site-packages/airflow/example_dags/example_datasets.py
[2022-12-27T11:35:24.194+0000] {logging_mixin.py:137} INFO - [2022-12-27T11:35:24.194+0000] {dag.py:2676} INFO - Sync 6 DAGs
[2022-12-27T11:35:24.228+0000] {logging_mixin.py:137} INFO - [2022-12-27T11:35:24.228+0000] {dag.py:3427} INFO - Setting next_dagrun for dataset_consumes_1 to None, run_after=None
[2022-12-27T11:35:24.232+0000] {logging_mixin.py:137} INFO - [2022-12-27T11:35:24.232+0000] {dag.py:3427} INFO - Setting next_dagrun for dataset_consumes_1_and_2 to None, run_after=None
[2022-12-27T11:35:24.233+0000] {logging_mixin.py:137} INFO - [2022-12-27T11:35:24.233+0000] {dag.py:3427} INFO - Setting next_dagrun for dataset_consumes_1_never_scheduled to None, run_after=None
[2022-12-27T11:35:24.235+0000] {logging_mixin.py:137} INFO - [2022-12-27T11:35:24.234+0000] {dag.py:3427} INFO - Setting next_dagrun for dataset_consumes_unknown_never_scheduled to None, run_after=None
[2022-12-27T11:35:24.237+0000] {logging_mixin.py:137} INFO - [2022-12-27T11:35:24.237+0000] {dag.py:3427} INFO - Setting next_dagrun for dataset_produces_1 to 2022-12-26T00:00:00+00:00, run_after=2022-12-27T00:00:00+00:00
[2022-12-27T11:35:24.239+0000] {logging_mixin.py:137} INFO - [2022-12-27T11:35:24.239+0000] {dag.py:3427} INFO - Setting next_dagrun for dataset_produces_2 to None, run_after=None
[2022-12-27T11:35:24.350+0000] {processor.py:175} INFO - Processing /home/airflow/.local/lib/python3.7/site-packages/airflow/example_dags/example_datasets.py took 0.248 seconds
[2022-12-27T11:35:54.445+0000] {processor.py:153} INFO - Started process (PID=1797) to work on /home/airflow/.local/lib/python3.7/site-packages/airflow/example_dags/example_datasets.py
[2022-12-27T11:35:54.447+0000] {processor.py:743} INFO - Processing file /home/airflow/.local/lib/python3.7/site-packages/airflow/example_dags/example_datasets.py for tasks to queue
[2022-12-27T11:35:54.449+0000] {logging_mixin.py:137} INFO - [2022-12-27T11:35:54.449+0000] {dagbag.py:538} INFO - Filling up the DagBag from /home/airflow/.local/lib/python3.7/site-packages/airflow/example_dags/example_datasets.py
[2022-12-27T11:35:54.474+0000] {processor.py:753} INFO - DAG(s) dict_keys(['dataset_consumes_1', 'dataset_produces_2', 'dataset_consumes_unknown_never_scheduled', 'dataset_consumes_1_and_2', 'dataset_consumes_1_never_scheduled', 'dataset_produces_1']) retrieved from /home/airflow/.local/lib/python3.7/site-packages/airflow/example_dags/example_datasets.py
[2022-12-27T11:35:54.533+0000] {logging_mixin.py:137} INFO - [2022-12-27T11:35:54.533+0000] {dag.py:2676} INFO - Sync 6 DAGs
[2022-12-27T11:35:54.563+0000] {logging_mixin.py:137} INFO - [2022-12-27T11:35:54.563+0000] {dag.py:3427} INFO - Setting next_dagrun for dataset_consumes_1 to None, run_after=None
[2022-12-27T11:35:54.567+0000] {logging_mixin.py:137} INFO - [2022-12-27T11:35:54.566+0000] {dag.py:3427} INFO - Setting next_dagrun for dataset_consumes_1_and_2 to None, run_after=None
[2022-12-27T11:35:54.568+0000] {logging_mixin.py:137} INFO - [2022-12-27T11:35:54.568+0000] {dag.py:3427} INFO - Setting next_dagrun for dataset_consumes_1_never_scheduled to None, run_after=None
[2022-12-27T11:35:54.569+0000] {logging_mixin.py:137} INFO - [2022-12-27T11:35:54.569+0000] {dag.py:3427} INFO - Setting next_dagrun for dataset_consumes_unknown_never_scheduled to None, run_after=None
[2022-12-27T11:35:54.571+0000] {logging_mixin.py:137} INFO - [2022-12-27T11:35:54.571+0000] {dag.py:3427} INFO - Setting next_dagrun for dataset_produces_1 to 2022-12-26T00:00:00+00:00, run_after=2022-12-27T00:00:00+00:00
[2022-12-27T11:35:54.572+0000] {logging_mixin.py:137} INFO - [2022-12-27T11:35:54.572+0000] {dag.py:3427} INFO - Setting next_dagrun for dataset_produces_2 to None, run_after=None
[2022-12-27T11:35:54.656+0000] {processor.py:175} INFO - Processing /home/airflow/.local/lib/python3.7/site-packages/airflow/example_dags/example_datasets.py took 0.219 seconds
[2022-12-27T11:36:24.872+0000] {processor.py:153} INFO - Started process (PID=1872) to work on /home/airflow/.local/lib/python3.7/site-packages/airflow/example_dags/example_datasets.py
[2022-12-27T11:36:24.874+0000] {processor.py:743} INFO - Processing file /home/airflow/.local/lib/python3.7/site-packages/airflow/example_dags/example_datasets.py for tasks to queue
[2022-12-27T11:36:24.876+0000] {logging_mixin.py:137} INFO - [2022-12-27T11:36:24.875+0000] {dagbag.py:538} INFO - Filling up the DagBag from /home/airflow/.local/lib/python3.7/site-packages/airflow/example_dags/example_datasets.py
[2022-12-27T11:36:24.916+0000] {processor.py:753} INFO - DAG(s) dict_keys(['dataset_consumes_1', 'dataset_consumes_1_never_scheduled', 'dataset_consumes_unknown_never_scheduled', 'dataset_consumes_1_and_2', 'dataset_produces_2', 'dataset_produces_1']) retrieved from /home/airflow/.local/lib/python3.7/site-packages/airflow/example_dags/example_datasets.py
[2022-12-27T11:36:25.036+0000] {logging_mixin.py:137} INFO - [2022-12-27T11:36:25.036+0000] {dag.py:2676} INFO - Sync 6 DAGs
[2022-12-27T11:36:25.111+0000] {logging_mixin.py:137} INFO - [2022-12-27T11:36:25.110+0000] {dag.py:3427} INFO - Setting next_dagrun for dataset_consumes_1 to None, run_after=None
[2022-12-27T11:36:25.127+0000] {logging_mixin.py:137} INFO - [2022-12-27T11:36:25.127+0000] {dag.py:3427} INFO - Setting next_dagrun for dataset_consumes_1_and_2 to None, run_after=None
[2022-12-27T11:36:25.130+0000] {logging_mixin.py:137} INFO - [2022-12-27T11:36:25.130+0000] {dag.py:3427} INFO - Setting next_dagrun for dataset_consumes_1_never_scheduled to None, run_after=None
[2022-12-27T11:36:25.133+0000] {logging_mixin.py:137} INFO - [2022-12-27T11:36:25.132+0000] {dag.py:3427} INFO - Setting next_dagrun for dataset_consumes_unknown_never_scheduled to None, run_after=None
[2022-12-27T11:36:25.146+0000] {logging_mixin.py:137} INFO - [2022-12-27T11:36:25.146+0000] {dag.py:3427} INFO - Setting next_dagrun for dataset_produces_1 to 2022-12-26T00:00:00+00:00, run_after=2022-12-27T00:00:00+00:00
[2022-12-27T11:36:25.149+0000] {logging_mixin.py:137} INFO - [2022-12-27T11:36:25.149+0000] {dag.py:3427} INFO - Setting next_dagrun for dataset_produces_2 to None, run_after=None
[2022-12-27T11:36:25.282+0000] {processor.py:175} INFO - Processing /home/airflow/.local/lib/python3.7/site-packages/airflow/example_dags/example_datasets.py took 0.418 seconds
[2022-12-27T11:36:55.738+0000] {processor.py:153} INFO - Started process (PID=1935) to work on /home/airflow/.local/lib/python3.7/site-packages/airflow/example_dags/example_datasets.py
[2022-12-27T11:36:55.739+0000] {processor.py:743} INFO - Processing file /home/airflow/.local/lib/python3.7/site-packages/airflow/example_dags/example_datasets.py for tasks to queue
[2022-12-27T11:36:55.740+0000] {logging_mixin.py:137} INFO - [2022-12-27T11:36:55.740+0000] {dagbag.py:538} INFO - Filling up the DagBag from /home/airflow/.local/lib/python3.7/site-packages/airflow/example_dags/example_datasets.py
[2022-12-27T11:36:55.760+0000] {processor.py:753} INFO - DAG(s) dict_keys(['dataset_consumes_1', 'dataset_consumes_1_never_scheduled', 'dataset_produces_1', 'dataset_consumes_unknown_never_scheduled', 'dataset_consumes_1_and_2', 'dataset_produces_2']) retrieved from /home/airflow/.local/lib/python3.7/site-packages/airflow/example_dags/example_datasets.py
[2022-12-27T11:36:55.814+0000] {logging_mixin.py:137} INFO - [2022-12-27T11:36:55.814+0000] {dag.py:2676} INFO - Sync 6 DAGs
[2022-12-27T11:36:55.841+0000] {logging_mixin.py:137} INFO - [2022-12-27T11:36:55.841+0000] {dag.py:3427} INFO - Setting next_dagrun for dataset_consumes_1 to None, run_after=None
[2022-12-27T11:36:55.844+0000] {logging_mixin.py:137} INFO - [2022-12-27T11:36:55.844+0000] {dag.py:3427} INFO - Setting next_dagrun for dataset_consumes_1_and_2 to None, run_after=None
[2022-12-27T11:36:55.845+0000] {logging_mixin.py:137} INFO - [2022-12-27T11:36:55.845+0000] {dag.py:3427} INFO - Setting next_dagrun for dataset_consumes_1_never_scheduled to None, run_after=None
[2022-12-27T11:36:55.846+0000] {logging_mixin.py:137} INFO - [2022-12-27T11:36:55.846+0000] {dag.py:3427} INFO - Setting next_dagrun for dataset_consumes_unknown_never_scheduled to None, run_after=None
[2022-12-27T11:36:55.849+0000] {logging_mixin.py:137} INFO - [2022-12-27T11:36:55.849+0000] {dag.py:3427} INFO - Setting next_dagrun for dataset_produces_1 to 2022-12-26T00:00:00+00:00, run_after=2022-12-27T00:00:00+00:00
[2022-12-27T11:36:55.850+0000] {logging_mixin.py:137} INFO - [2022-12-27T11:36:55.850+0000] {dag.py:3427} INFO - Setting next_dagrun for dataset_produces_2 to None, run_after=None
[2022-12-27T11:36:55.958+0000] {processor.py:175} INFO - Processing /home/airflow/.local/lib/python3.7/site-packages/airflow/example_dags/example_datasets.py took 0.224 seconds
[2022-12-27T11:37:26.025+0000] {processor.py:153} INFO - Started process (PID=1997) to work on /home/airflow/.local/lib/python3.7/site-packages/airflow/example_dags/example_datasets.py
[2022-12-27T11:37:26.026+0000] {processor.py:743} INFO - Processing file /home/airflow/.local/lib/python3.7/site-packages/airflow/example_dags/example_datasets.py for tasks to queue
[2022-12-27T11:37:26.027+0000] {logging_mixin.py:137} INFO - [2022-12-27T11:37:26.027+0000] {dagbag.py:538} INFO - Filling up the DagBag from /home/airflow/.local/lib/python3.7/site-packages/airflow/example_dags/example_datasets.py
[2022-12-27T11:37:26.044+0000] {processor.py:753} INFO - DAG(s) dict_keys(['dataset_produces_2', 'dataset_consumes_1', 'dataset_consumes_unknown_never_scheduled', 'dataset_produces_1', 'dataset_consumes_1_and_2', 'dataset_consumes_1_never_scheduled']) retrieved from /home/airflow/.local/lib/python3.7/site-packages/airflow/example_dags/example_datasets.py
[2022-12-27T11:37:26.095+0000] {logging_mixin.py:137} INFO - [2022-12-27T11:37:26.095+0000] {dag.py:2676} INFO - Sync 6 DAGs
[2022-12-27T11:37:26.123+0000] {logging_mixin.py:137} INFO - [2022-12-27T11:37:26.123+0000] {dag.py:3427} INFO - Setting next_dagrun for dataset_consumes_1 to None, run_after=None
[2022-12-27T11:37:26.127+0000] {logging_mixin.py:137} INFO - [2022-12-27T11:37:26.127+0000] {dag.py:3427} INFO - Setting next_dagrun for dataset_consumes_1_and_2 to None, run_after=None
[2022-12-27T11:37:26.128+0000] {logging_mixin.py:137} INFO - [2022-12-27T11:37:26.128+0000] {dag.py:3427} INFO - Setting next_dagrun for dataset_consumes_1_never_scheduled to None, run_after=None
[2022-12-27T11:37:26.129+0000] {logging_mixin.py:137} INFO - [2022-12-27T11:37:26.129+0000] {dag.py:3427} INFO - Setting next_dagrun for dataset_consumes_unknown_never_scheduled to None, run_after=None
[2022-12-27T11:37:26.132+0000] {logging_mixin.py:137} INFO - [2022-12-27T11:37:26.132+0000] {dag.py:3427} INFO - Setting next_dagrun for dataset_produces_1 to 2022-12-26T00:00:00+00:00, run_after=2022-12-27T00:00:00+00:00
[2022-12-27T11:37:26.133+0000] {logging_mixin.py:137} INFO - [2022-12-27T11:37:26.133+0000] {dag.py:3427} INFO - Setting next_dagrun for dataset_produces_2 to None, run_after=None
[2022-12-27T11:37:26.212+0000] {processor.py:175} INFO - Processing /home/airflow/.local/lib/python3.7/site-packages/airflow/example_dags/example_datasets.py took 0.191 seconds
[2022-12-27T11:37:56.312+0000] {processor.py:153} INFO - Started process (PID=2060) to work on /home/airflow/.local/lib/python3.7/site-packages/airflow/example_dags/example_datasets.py
[2022-12-27T11:37:56.313+0000] {processor.py:743} INFO - Processing file /home/airflow/.local/lib/python3.7/site-packages/airflow/example_dags/example_datasets.py for tasks to queue
[2022-12-27T11:37:56.314+0000] {logging_mixin.py:137} INFO - [2022-12-27T11:37:56.313+0000] {dagbag.py:538} INFO - Filling up the DagBag from /home/airflow/.local/lib/python3.7/site-packages/airflow/example_dags/example_datasets.py
[2022-12-27T11:37:56.332+0000] {processor.py:753} INFO - DAG(s) dict_keys(['dataset_produces_1', 'dataset_produces_2', 'dataset_consumes_1_and_2', 'dataset_consumes_1_never_scheduled', 'dataset_consumes_unknown_never_scheduled', 'dataset_consumes_1']) retrieved from /home/airflow/.local/lib/python3.7/site-packages/airflow/example_dags/example_datasets.py
[2022-12-27T11:37:56.392+0000] {logging_mixin.py:137} INFO - [2022-12-27T11:37:56.392+0000] {dag.py:2676} INFO - Sync 6 DAGs
[2022-12-27T11:37:56.420+0000] {logging_mixin.py:137} INFO - [2022-12-27T11:37:56.420+0000] {dag.py:3427} INFO - Setting next_dagrun for dataset_consumes_1 to None, run_after=None
[2022-12-27T11:37:56.424+0000] {logging_mixin.py:137} INFO - [2022-12-27T11:37:56.423+0000] {dag.py:3427} INFO - Setting next_dagrun for dataset_consumes_1_and_2 to None, run_after=None
[2022-12-27T11:37:56.425+0000] {logging_mixin.py:137} INFO - [2022-12-27T11:37:56.425+0000] {dag.py:3427} INFO - Setting next_dagrun for dataset_consumes_1_never_scheduled to None, run_after=None
[2022-12-27T11:37:56.426+0000] {logging_mixin.py:137} INFO - [2022-12-27T11:37:56.426+0000] {dag.py:3427} INFO - Setting next_dagrun for dataset_consumes_unknown_never_scheduled to None, run_after=None
[2022-12-27T11:37:56.428+0000] {logging_mixin.py:137} INFO - [2022-12-27T11:37:56.428+0000] {dag.py:3427} INFO - Setting next_dagrun for dataset_produces_1 to 2022-12-26T00:00:00+00:00, run_after=2022-12-27T00:00:00+00:00
[2022-12-27T11:37:56.429+0000] {logging_mixin.py:137} INFO - [2022-12-27T11:37:56.429+0000] {dag.py:3427} INFO - Setting next_dagrun for dataset_produces_2 to None, run_after=None
[2022-12-27T11:37:56.499+0000] {processor.py:175} INFO - Processing /home/airflow/.local/lib/python3.7/site-packages/airflow/example_dags/example_datasets.py took 0.191 seconds
[2022-12-27T11:38:27.495+0000] {processor.py:153} INFO - Started process (PID=2135) to work on /home/airflow/.local/lib/python3.7/site-packages/airflow/example_dags/example_datasets.py
[2022-12-27T11:38:27.496+0000] {processor.py:743} INFO - Processing file /home/airflow/.local/lib/python3.7/site-packages/airflow/example_dags/example_datasets.py for tasks to queue
[2022-12-27T11:38:27.496+0000] {logging_mixin.py:137} INFO - [2022-12-27T11:38:27.496+0000] {dagbag.py:538} INFO - Filling up the DagBag from /home/airflow/.local/lib/python3.7/site-packages/airflow/example_dags/example_datasets.py
[2022-12-27T11:38:27.515+0000] {processor.py:753} INFO - DAG(s) dict_keys(['dataset_consumes_1', 'dataset_produces_1', 'dataset_produces_2', 'dataset_consumes_1_never_scheduled', 'dataset_consumes_1_and_2', 'dataset_consumes_unknown_never_scheduled']) retrieved from /home/airflow/.local/lib/python3.7/site-packages/airflow/example_dags/example_datasets.py
[2022-12-27T11:38:27.586+0000] {logging_mixin.py:137} INFO - [2022-12-27T11:38:27.586+0000] {dag.py:2676} INFO - Sync 6 DAGs
[2022-12-27T11:38:27.622+0000] {logging_mixin.py:137} INFO - [2022-12-27T11:38:27.622+0000] {dag.py:3427} INFO - Setting next_dagrun for dataset_consumes_1 to None, run_after=None
[2022-12-27T11:38:27.627+0000] {logging_mixin.py:137} INFO - [2022-12-27T11:38:27.627+0000] {dag.py:3427} INFO - Setting next_dagrun for dataset_consumes_1_and_2 to None, run_after=None
[2022-12-27T11:38:27.629+0000] {logging_mixin.py:137} INFO - [2022-12-27T11:38:27.629+0000] {dag.py:3427} INFO - Setting next_dagrun for dataset_consumes_1_never_scheduled to None, run_after=None
[2022-12-27T11:38:27.630+0000] {logging_mixin.py:137} INFO - [2022-12-27T11:38:27.630+0000] {dag.py:3427} INFO - Setting next_dagrun for dataset_consumes_unknown_never_scheduled to None, run_after=None
[2022-12-27T11:38:27.635+0000] {logging_mixin.py:137} INFO - [2022-12-27T11:38:27.634+0000] {dag.py:3427} INFO - Setting next_dagrun for dataset_produces_1 to 2022-12-26T00:00:00+00:00, run_after=2022-12-27T00:00:00+00:00
[2022-12-27T11:38:27.637+0000] {logging_mixin.py:137} INFO - [2022-12-27T11:38:27.637+0000] {dag.py:3427} INFO - Setting next_dagrun for dataset_produces_2 to None, run_after=None
[2022-12-27T11:38:27.726+0000] {processor.py:175} INFO - Processing /home/airflow/.local/lib/python3.7/site-packages/airflow/example_dags/example_datasets.py took 0.235 seconds
[2022-12-27T11:38:57.783+0000] {processor.py:153} INFO - Started process (PID=2195) to work on /home/airflow/.local/lib/python3.7/site-packages/airflow/example_dags/example_datasets.py
[2022-12-27T11:38:57.792+0000] {processor.py:743} INFO - Processing file /home/airflow/.local/lib/python3.7/site-packages/airflow/example_dags/example_datasets.py for tasks to queue
[2022-12-27T11:38:57.795+0000] {logging_mixin.py:137} INFO - [2022-12-27T11:38:57.794+0000] {dagbag.py:538} INFO - Filling up the DagBag from /home/airflow/.local/lib/python3.7/site-packages/airflow/example_dags/example_datasets.py
[2022-12-27T11:38:57.838+0000] {processor.py:753} INFO - DAG(s) dict_keys(['dataset_produces_1', 'dataset_consumes_1_and_2', 'dataset_consumes_1', 'dataset_consumes_1_never_scheduled', 'dataset_produces_2', 'dataset_consumes_unknown_never_scheduled']) retrieved from /home/airflow/.local/lib/python3.7/site-packages/airflow/example_dags/example_datasets.py
[2022-12-27T11:38:57.961+0000] {logging_mixin.py:137} INFO - [2022-12-27T11:38:57.960+0000] {dag.py:2676} INFO - Sync 6 DAGs
[2022-12-27T11:38:58.021+0000] {logging_mixin.py:137} INFO - [2022-12-27T11:38:58.021+0000] {dag.py:3427} INFO - Setting next_dagrun for dataset_consumes_1 to None, run_after=None
[2022-12-27T11:38:58.028+0000] {logging_mixin.py:137} INFO - [2022-12-27T11:38:58.028+0000] {dag.py:3427} INFO - Setting next_dagrun for dataset_consumes_1_and_2 to None, run_after=None
[2022-12-27T11:38:58.031+0000] {logging_mixin.py:137} INFO - [2022-12-27T11:38:58.031+0000] {dag.py:3427} INFO - Setting next_dagrun for dataset_consumes_1_never_scheduled to None, run_after=None
[2022-12-27T11:38:58.034+0000] {logging_mixin.py:137} INFO - [2022-12-27T11:38:58.034+0000] {dag.py:3427} INFO - Setting next_dagrun for dataset_consumes_unknown_never_scheduled to None, run_after=None
[2022-12-27T11:38:58.039+0000] {logging_mixin.py:137} INFO - [2022-12-27T11:38:58.039+0000] {dag.py:3427} INFO - Setting next_dagrun for dataset_produces_1 to 2022-12-26T00:00:00+00:00, run_after=2022-12-27T00:00:00+00:00
[2022-12-27T11:38:58.042+0000] {logging_mixin.py:137} INFO - [2022-12-27T11:38:58.042+0000] {dag.py:3427} INFO - Setting next_dagrun for dataset_produces_2 to None, run_after=None
[2022-12-27T11:38:58.167+0000] {processor.py:175} INFO - Processing /home/airflow/.local/lib/python3.7/site-packages/airflow/example_dags/example_datasets.py took 0.391 seconds
[2022-12-27T11:39:29.159+0000] {processor.py:153} INFO - Started process (PID=2258) to work on /home/airflow/.local/lib/python3.7/site-packages/airflow/example_dags/example_datasets.py
[2022-12-27T11:39:29.161+0000] {processor.py:743} INFO - Processing file /home/airflow/.local/lib/python3.7/site-packages/airflow/example_dags/example_datasets.py for tasks to queue
[2022-12-27T11:39:29.162+0000] {logging_mixin.py:137} INFO - [2022-12-27T11:39:29.162+0000] {dagbag.py:538} INFO - Filling up the DagBag from /home/airflow/.local/lib/python3.7/site-packages/airflow/example_dags/example_datasets.py
[2022-12-27T11:39:29.182+0000] {processor.py:753} INFO - DAG(s) dict_keys(['dataset_consumes_unknown_never_scheduled', 'dataset_produces_2', 'dataset_produces_1', 'dataset_consumes_1_never_scheduled', 'dataset_consumes_1', 'dataset_consumes_1_and_2']) retrieved from /home/airflow/.local/lib/python3.7/site-packages/airflow/example_dags/example_datasets.py
[2022-12-27T11:39:29.236+0000] {logging_mixin.py:137} INFO - [2022-12-27T11:39:29.236+0000] {dag.py:2676} INFO - Sync 6 DAGs
[2022-12-27T11:39:29.265+0000] {logging_mixin.py:137} INFO - [2022-12-27T11:39:29.265+0000] {dag.py:3427} INFO - Setting next_dagrun for dataset_consumes_1 to None, run_after=None
[2022-12-27T11:39:29.268+0000] {logging_mixin.py:137} INFO - [2022-12-27T11:39:29.268+0000] {dag.py:3427} INFO - Setting next_dagrun for dataset_consumes_1_and_2 to None, run_after=None
[2022-12-27T11:39:29.270+0000] {logging_mixin.py:137} INFO - [2022-12-27T11:39:29.270+0000] {dag.py:3427} INFO - Setting next_dagrun for dataset_consumes_1_never_scheduled to None, run_after=None
[2022-12-27T11:39:29.271+0000] {logging_mixin.py:137} INFO - [2022-12-27T11:39:29.271+0000] {dag.py:3427} INFO - Setting next_dagrun for dataset_consumes_unknown_never_scheduled to None, run_after=None
[2022-12-27T11:39:29.274+0000] {logging_mixin.py:137} INFO - [2022-12-27T11:39:29.274+0000] {dag.py:3427} INFO - Setting next_dagrun for dataset_produces_1 to 2022-12-26T00:00:00+00:00, run_after=2022-12-27T00:00:00+00:00
[2022-12-27T11:39:29.275+0000] {logging_mixin.py:137} INFO - [2022-12-27T11:39:29.275+0000] {dag.py:3427} INFO - Setting next_dagrun for dataset_produces_2 to None, run_after=None
[2022-12-27T11:39:29.338+0000] {processor.py:175} INFO - Processing /home/airflow/.local/lib/python3.7/site-packages/airflow/example_dags/example_datasets.py took 0.185 seconds
[2022-12-27T11:39:59.587+0000] {processor.py:153} INFO - Started process (PID=2332) to work on /home/airflow/.local/lib/python3.7/site-packages/airflow/example_dags/example_datasets.py
[2022-12-27T11:39:59.588+0000] {processor.py:743} INFO - Processing file /home/airflow/.local/lib/python3.7/site-packages/airflow/example_dags/example_datasets.py for tasks to queue
[2022-12-27T11:39:59.588+0000] {logging_mixin.py:137} INFO - [2022-12-27T11:39:59.588+0000] {dagbag.py:538} INFO - Filling up the DagBag from /home/airflow/.local/lib/python3.7/site-packages/airflow/example_dags/example_datasets.py
[2022-12-27T11:39:59.605+0000] {processor.py:753} INFO - DAG(s) dict_keys(['dataset_produces_2', 'dataset_consumes_1', 'dataset_consumes_1_and_2', 'dataset_produces_1', 'dataset_consumes_1_never_scheduled', 'dataset_consumes_unknown_never_scheduled']) retrieved from /home/airflow/.local/lib/python3.7/site-packages/airflow/example_dags/example_datasets.py
[2022-12-27T11:39:59.661+0000] {logging_mixin.py:137} INFO - [2022-12-27T11:39:59.660+0000] {dag.py:2676} INFO - Sync 6 DAGs
[2022-12-27T11:39:59.687+0000] {logging_mixin.py:137} INFO - [2022-12-27T11:39:59.687+0000] {dag.py:3427} INFO - Setting next_dagrun for dataset_consumes_1 to None, run_after=None
[2022-12-27T11:39:59.690+0000] {logging_mixin.py:137} INFO - [2022-12-27T11:39:59.690+0000] {dag.py:3427} INFO - Setting next_dagrun for dataset_consumes_1_and_2 to None, run_after=None
[2022-12-27T11:39:59.692+0000] {logging_mixin.py:137} INFO - [2022-12-27T11:39:59.692+0000] {dag.py:3427} INFO - Setting next_dagrun for dataset_consumes_1_never_scheduled to None, run_after=None
[2022-12-27T11:39:59.693+0000] {logging_mixin.py:137} INFO - [2022-12-27T11:39:59.693+0000] {dag.py:3427} INFO - Setting next_dagrun for dataset_consumes_unknown_never_scheduled to None, run_after=None
[2022-12-27T11:39:59.695+0000] {logging_mixin.py:137} INFO - [2022-12-27T11:39:59.695+0000] {dag.py:3427} INFO - Setting next_dagrun for dataset_produces_1 to 2022-12-26T00:00:00+00:00, run_after=2022-12-27T00:00:00+00:00
[2022-12-27T11:39:59.696+0000] {logging_mixin.py:137} INFO - [2022-12-27T11:39:59.696+0000] {dag.py:3427} INFO - Setting next_dagrun for dataset_produces_2 to None, run_after=None
[2022-12-27T11:39:59.822+0000] {processor.py:175} INFO - Processing /home/airflow/.local/lib/python3.7/site-packages/airflow/example_dags/example_datasets.py took 0.239 seconds
[2022-12-27T11:40:30.589+0000] {processor.py:153} INFO - Started process (PID=2392) to work on /home/airflow/.local/lib/python3.7/site-packages/airflow/example_dags/example_datasets.py
[2022-12-27T11:40:30.591+0000] {processor.py:743} INFO - Processing file /home/airflow/.local/lib/python3.7/site-packages/airflow/example_dags/example_datasets.py for tasks to queue
[2022-12-27T11:40:30.592+0000] {logging_mixin.py:137} INFO - [2022-12-27T11:40:30.592+0000] {dagbag.py:538} INFO - Filling up the DagBag from /home/airflow/.local/lib/python3.7/site-packages/airflow/example_dags/example_datasets.py
[2022-12-27T11:40:30.624+0000] {processor.py:753} INFO - DAG(s) dict_keys(['dataset_consumes_1', 'dataset_consumes_1_and_2', 'dataset_produces_1', 'dataset_consumes_unknown_never_scheduled', 'dataset_produces_2', 'dataset_consumes_1_never_scheduled']) retrieved from /home/airflow/.local/lib/python3.7/site-packages/airflow/example_dags/example_datasets.py
[2022-12-27T11:40:30.717+0000] {logging_mixin.py:137} INFO - [2022-12-27T11:40:30.717+0000] {dag.py:2676} INFO - Sync 6 DAGs
[2022-12-27T11:40:30.755+0000] {logging_mixin.py:137} INFO - [2022-12-27T11:40:30.755+0000] {dag.py:3427} INFO - Setting next_dagrun for dataset_consumes_1 to None, run_after=None
[2022-12-27T11:40:30.761+0000] {logging_mixin.py:137} INFO - [2022-12-27T11:40:30.761+0000] {dag.py:3427} INFO - Setting next_dagrun for dataset_consumes_1_and_2 to None, run_after=None
[2022-12-27T11:40:30.762+0000] {logging_mixin.py:137} INFO - [2022-12-27T11:40:30.762+0000] {dag.py:3427} INFO - Setting next_dagrun for dataset_consumes_1_never_scheduled to None, run_after=None
[2022-12-27T11:40:30.764+0000] {logging_mixin.py:137} INFO - [2022-12-27T11:40:30.764+0000] {dag.py:3427} INFO - Setting next_dagrun for dataset_consumes_unknown_never_scheduled to None, run_after=None
[2022-12-27T11:40:30.768+0000] {logging_mixin.py:137} INFO - [2022-12-27T11:40:30.768+0000] {dag.py:3427} INFO - Setting next_dagrun for dataset_produces_1 to 2022-12-26T00:00:00+00:00, run_after=2022-12-27T00:00:00+00:00
[2022-12-27T11:40:30.770+0000] {logging_mixin.py:137} INFO - [2022-12-27T11:40:30.770+0000] {dag.py:3427} INFO - Setting next_dagrun for dataset_produces_2 to None, run_after=None
[2022-12-27T11:40:30.853+0000] {processor.py:175} INFO - Processing /home/airflow/.local/lib/python3.7/site-packages/airflow/example_dags/example_datasets.py took 0.275 seconds
[2022-12-27T11:41:01.646+0000] {processor.py:153} INFO - Started process (PID=2453) to work on /home/airflow/.local/lib/python3.7/site-packages/airflow/example_dags/example_datasets.py
[2022-12-27T11:41:01.651+0000] {processor.py:743} INFO - Processing file /home/airflow/.local/lib/python3.7/site-packages/airflow/example_dags/example_datasets.py for tasks to queue
[2022-12-27T11:41:01.656+0000] {logging_mixin.py:137} INFO - [2022-12-27T11:41:01.655+0000] {dagbag.py:538} INFO - Filling up the DagBag from /home/airflow/.local/lib/python3.7/site-packages/airflow/example_dags/example_datasets.py
[2022-12-27T11:41:01.717+0000] {processor.py:753} INFO - DAG(s) dict_keys(['dataset_consumes_unknown_never_scheduled', 'dataset_produces_2', 'dataset_consumes_1', 'dataset_consumes_1_never_scheduled', 'dataset_consumes_1_and_2', 'dataset_produces_1']) retrieved from /home/airflow/.local/lib/python3.7/site-packages/airflow/example_dags/example_datasets.py
[2022-12-27T11:41:01.789+0000] {logging_mixin.py:137} INFO - [2022-12-27T11:41:01.788+0000] {dag.py:2676} INFO - Sync 6 DAGs
[2022-12-27T11:41:01.856+0000] {logging_mixin.py:137} INFO - [2022-12-27T11:41:01.855+0000] {dag.py:3427} INFO - Setting next_dagrun for dataset_consumes_1 to None, run_after=None
[2022-12-27T11:41:01.863+0000] {logging_mixin.py:137} INFO - [2022-12-27T11:41:01.863+0000] {dag.py:3427} INFO - Setting next_dagrun for dataset_consumes_1_and_2 to None, run_after=None
[2022-12-27T11:41:01.867+0000] {logging_mixin.py:137} INFO - [2022-12-27T11:41:01.866+0000] {dag.py:3427} INFO - Setting next_dagrun for dataset_consumes_1_never_scheduled to None, run_after=None
[2022-12-27T11:41:01.869+0000] {logging_mixin.py:137} INFO - [2022-12-27T11:41:01.869+0000] {dag.py:3427} INFO - Setting next_dagrun for dataset_consumes_unknown_never_scheduled to None, run_after=None
[2022-12-27T11:41:01.875+0000] {logging_mixin.py:137} INFO - [2022-12-27T11:41:01.874+0000] {dag.py:3427} INFO - Setting next_dagrun for dataset_produces_1 to 2022-12-26T00:00:00+00:00, run_after=2022-12-27T00:00:00+00:00
[2022-12-27T11:41:01.877+0000] {logging_mixin.py:137} INFO - [2022-12-27T11:41:01.877+0000] {dag.py:3427} INFO - Setting next_dagrun for dataset_produces_2 to None, run_after=None
[2022-12-27T11:41:01.982+0000] {processor.py:175} INFO - Processing /home/airflow/.local/lib/python3.7/site-packages/airflow/example_dags/example_datasets.py took 0.355 seconds
[2022-12-27T11:41:32.178+0000] {processor.py:153} INFO - Started process (PID=2515) to work on /home/airflow/.local/lib/python3.7/site-packages/airflow/example_dags/example_datasets.py
[2022-12-27T11:41:32.179+0000] {processor.py:743} INFO - Processing file /home/airflow/.local/lib/python3.7/site-packages/airflow/example_dags/example_datasets.py for tasks to queue
[2022-12-27T11:41:32.180+0000] {logging_mixin.py:137} INFO - [2022-12-27T11:41:32.180+0000] {dagbag.py:538} INFO - Filling up the DagBag from /home/airflow/.local/lib/python3.7/site-packages/airflow/example_dags/example_datasets.py
[2022-12-27T11:41:32.198+0000] {processor.py:753} INFO - DAG(s) dict_keys(['dataset_consumes_unknown_never_scheduled', 'dataset_produces_2', 'dataset_produces_1', 'dataset_consumes_1_never_scheduled', 'dataset_consumes_1', 'dataset_consumes_1_and_2']) retrieved from /home/airflow/.local/lib/python3.7/site-packages/airflow/example_dags/example_datasets.py
[2022-12-27T11:41:32.294+0000] {logging_mixin.py:137} INFO - [2022-12-27T11:41:32.294+0000] {dag.py:2676} INFO - Sync 6 DAGs
[2022-12-27T11:41:32.319+0000] {logging_mixin.py:137} INFO - [2022-12-27T11:41:32.319+0000] {dag.py:3427} INFO - Setting next_dagrun for dataset_consumes_1 to None, run_after=None
[2022-12-27T11:41:32.322+0000] {logging_mixin.py:137} INFO - [2022-12-27T11:41:32.322+0000] {dag.py:3427} INFO - Setting next_dagrun for dataset_consumes_1_and_2 to None, run_after=None
[2022-12-27T11:41:32.323+0000] {logging_mixin.py:137} INFO - [2022-12-27T11:41:32.323+0000] {dag.py:3427} INFO - Setting next_dagrun for dataset_consumes_1_never_scheduled to None, run_after=None
[2022-12-27T11:41:32.325+0000] {logging_mixin.py:137} INFO - [2022-12-27T11:41:32.324+0000] {dag.py:3427} INFO - Setting next_dagrun for dataset_consumes_unknown_never_scheduled to None, run_after=None
[2022-12-27T11:41:32.327+0000] {logging_mixin.py:137} INFO - [2022-12-27T11:41:32.327+0000] {dag.py:3427} INFO - Setting next_dagrun for dataset_produces_1 to 2022-12-26T00:00:00+00:00, run_after=2022-12-27T00:00:00+00:00
[2022-12-27T11:41:32.328+0000] {logging_mixin.py:137} INFO - [2022-12-27T11:41:32.328+0000] {dag.py:3427} INFO - Setting next_dagrun for dataset_produces_2 to None, run_after=None
[2022-12-27T11:41:32.409+0000] {processor.py:175} INFO - Processing /home/airflow/.local/lib/python3.7/site-packages/airflow/example_dags/example_datasets.py took 0.235 seconds
[2022-12-27T11:42:03.365+0000] {processor.py:153} INFO - Started process (PID=2576) to work on /home/airflow/.local/lib/python3.7/site-packages/airflow/example_dags/example_datasets.py
[2022-12-27T11:42:03.366+0000] {processor.py:743} INFO - Processing file /home/airflow/.local/lib/python3.7/site-packages/airflow/example_dags/example_datasets.py for tasks to queue
[2022-12-27T11:42:03.367+0000] {logging_mixin.py:137} INFO - [2022-12-27T11:42:03.367+0000] {dagbag.py:538} INFO - Filling up the DagBag from /home/airflow/.local/lib/python3.7/site-packages/airflow/example_dags/example_datasets.py
[2022-12-27T11:42:03.389+0000] {processor.py:753} INFO - DAG(s) dict_keys(['dataset_produces_1', 'dataset_consumes_1_and_2', 'dataset_consumes_unknown_never_scheduled', 'dataset_produces_2', 'dataset_consumes_1', 'dataset_consumes_1_never_scheduled']) retrieved from /home/airflow/.local/lib/python3.7/site-packages/airflow/example_dags/example_datasets.py
[2022-12-27T11:42:03.456+0000] {logging_mixin.py:137} INFO - [2022-12-27T11:42:03.455+0000] {dag.py:2676} INFO - Sync 6 DAGs
[2022-12-27T11:42:03.498+0000] {logging_mixin.py:137} INFO - [2022-12-27T11:42:03.497+0000] {dag.py:3427} INFO - Setting next_dagrun for dataset_consumes_1 to None, run_after=None
[2022-12-27T11:42:03.501+0000] {logging_mixin.py:137} INFO - [2022-12-27T11:42:03.501+0000] {dag.py:3427} INFO - Setting next_dagrun for dataset_consumes_1_and_2 to None, run_after=None
[2022-12-27T11:42:03.503+0000] {logging_mixin.py:137} INFO - [2022-12-27T11:42:03.503+0000] {dag.py:3427} INFO - Setting next_dagrun for dataset_consumes_1_never_scheduled to None, run_after=None
[2022-12-27T11:42:03.505+0000] {logging_mixin.py:137} INFO - [2022-12-27T11:42:03.505+0000] {dag.py:3427} INFO - Setting next_dagrun for dataset_consumes_unknown_never_scheduled to None, run_after=None
[2022-12-27T11:42:03.511+0000] {logging_mixin.py:137} INFO - [2022-12-27T11:42:03.510+0000] {dag.py:3427} INFO - Setting next_dagrun for dataset_produces_1 to 2022-12-26T00:00:00+00:00, run_after=2022-12-27T00:00:00+00:00
[2022-12-27T11:42:03.513+0000] {logging_mixin.py:137} INFO - [2022-12-27T11:42:03.513+0000] {dag.py:3427} INFO - Setting next_dagrun for dataset_produces_2 to None, run_after=None
[2022-12-27T11:42:03.611+0000] {processor.py:175} INFO - Processing /home/airflow/.local/lib/python3.7/site-packages/airflow/example_dags/example_datasets.py took 0.250 seconds
