[2022-12-27T11:22:26.353+0000] {processor.py:153} INFO - Started process (PID=63) to work on /home/airflow/.local/lib/python3.7/site-packages/airflow/example_dags/example_xcomargs.py
[2022-12-27T11:22:26.356+0000] {processor.py:743} INFO - Processing file /home/airflow/.local/lib/python3.7/site-packages/airflow/example_dags/example_xcomargs.py for tasks to queue
[2022-12-27T11:22:26.358+0000] {logging_mixin.py:137} INFO - [2022-12-27T11:22:26.358+0000] {dagbag.py:538} INFO - Filling up the DagBag from /home/airflow/.local/lib/python3.7/site-packages/airflow/example_dags/example_xcomargs.py
[2022-12-27T11:22:26.445+0000] {processor.py:753} INFO - DAG(s) dict_keys(['example_xcom_args_with_operators', 'example_xcom_args']) retrieved from /home/airflow/.local/lib/python3.7/site-packages/airflow/example_dags/example_xcomargs.py
[2022-12-27T11:22:26.585+0000] {logging_mixin.py:137} INFO - [2022-12-27T11:22:26.585+0000] {dag.py:2676} INFO - Sync 2 DAGs
[2022-12-27T11:22:26.704+0000] {logging_mixin.py:137} INFO - [2022-12-27T11:22:26.703+0000] {dag.py:3427} INFO - Setting next_dagrun for example_xcom_args to None, run_after=None
[2022-12-27T11:22:26.714+0000] {logging_mixin.py:137} INFO - [2022-12-27T11:22:26.714+0000] {dag.py:3427} INFO - Setting next_dagrun for example_xcom_args_with_operators to None, run_after=None
[2022-12-27T11:22:26.803+0000] {processor.py:175} INFO - Processing /home/airflow/.local/lib/python3.7/site-packages/airflow/example_dags/example_xcomargs.py took 0.484 seconds
[2022-12-27T11:22:57.758+0000] {processor.py:153} INFO - Started process (PID=125) to work on /home/airflow/.local/lib/python3.7/site-packages/airflow/example_dags/example_xcomargs.py
[2022-12-27T11:22:57.760+0000] {processor.py:743} INFO - Processing file /home/airflow/.local/lib/python3.7/site-packages/airflow/example_dags/example_xcomargs.py for tasks to queue
[2022-12-27T11:22:57.761+0000] {logging_mixin.py:137} INFO - [2022-12-27T11:22:57.761+0000] {dagbag.py:538} INFO - Filling up the DagBag from /home/airflow/.local/lib/python3.7/site-packages/airflow/example_dags/example_xcomargs.py
[2022-12-27T11:22:57.796+0000] {processor.py:753} INFO - DAG(s) dict_keys(['example_xcom_args_with_operators', 'example_xcom_args']) retrieved from /home/airflow/.local/lib/python3.7/site-packages/airflow/example_dags/example_xcomargs.py
[2022-12-27T11:22:57.840+0000] {logging_mixin.py:137} INFO - [2022-12-27T11:22:57.840+0000] {dag.py:2676} INFO - Sync 2 DAGs
[2022-12-27T11:22:57.870+0000] {logging_mixin.py:137} INFO - [2022-12-27T11:22:57.870+0000] {dag.py:3427} INFO - Setting next_dagrun for example_xcom_args to None, run_after=None
[2022-12-27T11:22:57.874+0000] {logging_mixin.py:137} INFO - [2022-12-27T11:22:57.874+0000] {dag.py:3427} INFO - Setting next_dagrun for example_xcom_args_with_operators to None, run_after=None
[2022-12-27T11:22:58.050+0000] {processor.py:175} INFO - Processing /home/airflow/.local/lib/python3.7/site-packages/airflow/example_dags/example_xcomargs.py took 0.302 seconds
[2022-12-27T11:23:28.404+0000] {processor.py:153} INFO - Started process (PID=188) to work on /home/airflow/.local/lib/python3.7/site-packages/airflow/example_dags/example_xcomargs.py
[2022-12-27T11:23:28.405+0000] {processor.py:743} INFO - Processing file /home/airflow/.local/lib/python3.7/site-packages/airflow/example_dags/example_xcomargs.py for tasks to queue
[2022-12-27T11:23:28.406+0000] {logging_mixin.py:137} INFO - [2022-12-27T11:23:28.406+0000] {dagbag.py:538} INFO - Filling up the DagBag from /home/airflow/.local/lib/python3.7/site-packages/airflow/example_dags/example_xcomargs.py
[2022-12-27T11:23:28.448+0000] {processor.py:753} INFO - DAG(s) dict_keys(['example_xcom_args_with_operators', 'example_xcom_args']) retrieved from /home/airflow/.local/lib/python3.7/site-packages/airflow/example_dags/example_xcomargs.py
[2022-12-27T11:23:28.500+0000] {logging_mixin.py:137} INFO - [2022-12-27T11:23:28.500+0000] {dag.py:2676} INFO - Sync 2 DAGs
[2022-12-27T11:23:28.533+0000] {logging_mixin.py:137} INFO - [2022-12-27T11:23:28.533+0000] {dag.py:3427} INFO - Setting next_dagrun for example_xcom_args to None, run_after=None
[2022-12-27T11:23:28.537+0000] {logging_mixin.py:137} INFO - [2022-12-27T11:23:28.537+0000] {dag.py:3427} INFO - Setting next_dagrun for example_xcom_args_with_operators to None, run_after=None
[2022-12-27T11:23:28.597+0000] {processor.py:175} INFO - Processing /home/airflow/.local/lib/python3.7/site-packages/airflow/example_dags/example_xcomargs.py took 0.198 seconds
[2022-12-27T11:23:58.991+0000] {processor.py:153} INFO - Started process (PID=263) to work on /home/airflow/.local/lib/python3.7/site-packages/airflow/example_dags/example_xcomargs.py
[2022-12-27T11:23:58.997+0000] {processor.py:743} INFO - Processing file /home/airflow/.local/lib/python3.7/site-packages/airflow/example_dags/example_xcomargs.py for tasks to queue
[2022-12-27T11:23:59.005+0000] {logging_mixin.py:137} INFO - [2022-12-27T11:23:59.005+0000] {dagbag.py:538} INFO - Filling up the DagBag from /home/airflow/.local/lib/python3.7/site-packages/airflow/example_dags/example_xcomargs.py
[2022-12-27T11:23:59.073+0000] {processor.py:753} INFO - DAG(s) dict_keys(['example_xcom_args_with_operators', 'example_xcom_args']) retrieved from /home/airflow/.local/lib/python3.7/site-packages/airflow/example_dags/example_xcomargs.py
[2022-12-27T11:23:59.169+0000] {logging_mixin.py:137} INFO - [2022-12-27T11:23:59.169+0000] {dag.py:2676} INFO - Sync 2 DAGs
[2022-12-27T11:23:59.232+0000] {logging_mixin.py:137} INFO - [2022-12-27T11:23:59.231+0000] {dag.py:3427} INFO - Setting next_dagrun for example_xcom_args to None, run_after=None
[2022-12-27T11:23:59.240+0000] {logging_mixin.py:137} INFO - [2022-12-27T11:23:59.240+0000] {dag.py:3427} INFO - Setting next_dagrun for example_xcom_args_with_operators to None, run_after=None
[2022-12-27T11:23:59.310+0000] {processor.py:175} INFO - Processing /home/airflow/.local/lib/python3.7/site-packages/airflow/example_dags/example_xcomargs.py took 0.333 seconds
[2022-12-27T11:24:29.468+0000] {processor.py:153} INFO - Started process (PID=326) to work on /home/airflow/.local/lib/python3.7/site-packages/airflow/example_dags/example_xcomargs.py
[2022-12-27T11:24:29.469+0000] {processor.py:743} INFO - Processing file /home/airflow/.local/lib/python3.7/site-packages/airflow/example_dags/example_xcomargs.py for tasks to queue
[2022-12-27T11:24:29.470+0000] {logging_mixin.py:137} INFO - [2022-12-27T11:24:29.470+0000] {dagbag.py:538} INFO - Filling up the DagBag from /home/airflow/.local/lib/python3.7/site-packages/airflow/example_dags/example_xcomargs.py
[2022-12-27T11:24:29.509+0000] {processor.py:753} INFO - DAG(s) dict_keys(['example_xcom_args', 'example_xcom_args_with_operators']) retrieved from /home/airflow/.local/lib/python3.7/site-packages/airflow/example_dags/example_xcomargs.py
[2022-12-27T11:24:29.559+0000] {logging_mixin.py:137} INFO - [2022-12-27T11:24:29.559+0000] {dag.py:2676} INFO - Sync 2 DAGs
[2022-12-27T11:24:29.595+0000] {logging_mixin.py:137} INFO - [2022-12-27T11:24:29.595+0000] {dag.py:3427} INFO - Setting next_dagrun for example_xcom_args to None, run_after=None
[2022-12-27T11:24:29.599+0000] {logging_mixin.py:137} INFO - [2022-12-27T11:24:29.599+0000] {dag.py:3427} INFO - Setting next_dagrun for example_xcom_args_with_operators to None, run_after=None
[2022-12-27T11:24:29.699+0000] {processor.py:175} INFO - Processing /home/airflow/.local/lib/python3.7/site-packages/airflow/example_dags/example_xcomargs.py took 0.237 seconds
[2022-12-27T11:24:59.803+0000] {processor.py:153} INFO - Started process (PID=389) to work on /home/airflow/.local/lib/python3.7/site-packages/airflow/example_dags/example_xcomargs.py
[2022-12-27T11:24:59.804+0000] {processor.py:743} INFO - Processing file /home/airflow/.local/lib/python3.7/site-packages/airflow/example_dags/example_xcomargs.py for tasks to queue
[2022-12-27T11:24:59.805+0000] {logging_mixin.py:137} INFO - [2022-12-27T11:24:59.805+0000] {dagbag.py:538} INFO - Filling up the DagBag from /home/airflow/.local/lib/python3.7/site-packages/airflow/example_dags/example_xcomargs.py
[2022-12-27T11:24:59.836+0000] {processor.py:753} INFO - DAG(s) dict_keys(['example_xcom_args_with_operators', 'example_xcom_args']) retrieved from /home/airflow/.local/lib/python3.7/site-packages/airflow/example_dags/example_xcomargs.py
[2022-12-27T11:24:59.902+0000] {logging_mixin.py:137} INFO - [2022-12-27T11:24:59.902+0000] {dag.py:2676} INFO - Sync 2 DAGs
[2022-12-27T11:24:59.938+0000] {logging_mixin.py:137} INFO - [2022-12-27T11:24:59.938+0000] {dag.py:3427} INFO - Setting next_dagrun for example_xcom_args to None, run_after=None
[2022-12-27T11:24:59.942+0000] {logging_mixin.py:137} INFO - [2022-12-27T11:24:59.942+0000] {dag.py:3427} INFO - Setting next_dagrun for example_xcom_args_with_operators to None, run_after=None
[2022-12-27T11:25:00.125+0000] {processor.py:175} INFO - Processing /home/airflow/.local/lib/python3.7/site-packages/airflow/example_dags/example_xcomargs.py took 0.329 seconds
[2022-12-27T11:25:30.487+0000] {processor.py:153} INFO - Started process (PID=451) to work on /home/airflow/.local/lib/python3.7/site-packages/airflow/example_dags/example_xcomargs.py
[2022-12-27T11:25:30.490+0000] {processor.py:743} INFO - Processing file /home/airflow/.local/lib/python3.7/site-packages/airflow/example_dags/example_xcomargs.py for tasks to queue
[2022-12-27T11:25:30.492+0000] {logging_mixin.py:137} INFO - [2022-12-27T11:25:30.491+0000] {dagbag.py:538} INFO - Filling up the DagBag from /home/airflow/.local/lib/python3.7/site-packages/airflow/example_dags/example_xcomargs.py
[2022-12-27T11:25:30.558+0000] {processor.py:753} INFO - DAG(s) dict_keys(['example_xcom_args', 'example_xcom_args_with_operators']) retrieved from /home/airflow/.local/lib/python3.7/site-packages/airflow/example_dags/example_xcomargs.py
[2022-12-27T11:25:30.670+0000] {logging_mixin.py:137} INFO - [2022-12-27T11:25:30.670+0000] {dag.py:2676} INFO - Sync 2 DAGs
[2022-12-27T11:25:30.740+0000] {logging_mixin.py:137} INFO - [2022-12-27T11:25:30.739+0000] {dag.py:3427} INFO - Setting next_dagrun for example_xcom_args to None, run_after=None
[2022-12-27T11:25:30.749+0000] {logging_mixin.py:137} INFO - [2022-12-27T11:25:30.749+0000] {dag.py:3427} INFO - Setting next_dagrun for example_xcom_args_with_operators to None, run_after=None
[2022-12-27T11:25:30.814+0000] {processor.py:175} INFO - Processing /home/airflow/.local/lib/python3.7/site-packages/airflow/example_dags/example_xcomargs.py took 0.338 seconds
[2022-12-27T11:26:00.881+0000] {processor.py:153} INFO - Started process (PID=525) to work on /home/airflow/.local/lib/python3.7/site-packages/airflow/example_dags/example_xcomargs.py
[2022-12-27T11:26:00.882+0000] {processor.py:743} INFO - Processing file /home/airflow/.local/lib/python3.7/site-packages/airflow/example_dags/example_xcomargs.py for tasks to queue
[2022-12-27T11:26:00.883+0000] {logging_mixin.py:137} INFO - [2022-12-27T11:26:00.883+0000] {dagbag.py:538} INFO - Filling up the DagBag from /home/airflow/.local/lib/python3.7/site-packages/airflow/example_dags/example_xcomargs.py
[2022-12-27T11:26:00.931+0000] {processor.py:753} INFO - DAG(s) dict_keys(['example_xcom_args_with_operators', 'example_xcom_args']) retrieved from /home/airflow/.local/lib/python3.7/site-packages/airflow/example_dags/example_xcomargs.py
[2022-12-27T11:26:01.054+0000] {logging_mixin.py:137} INFO - [2022-12-27T11:26:01.054+0000] {dag.py:2676} INFO - Sync 2 DAGs
[2022-12-27T11:26:01.121+0000] {logging_mixin.py:137} INFO - [2022-12-27T11:26:01.120+0000] {dag.py:3427} INFO - Setting next_dagrun for example_xcom_args to None, run_after=None
[2022-12-27T11:26:01.129+0000] {logging_mixin.py:137} INFO - [2022-12-27T11:26:01.129+0000] {dag.py:3427} INFO - Setting next_dagrun for example_xcom_args_with_operators to None, run_after=None
[2022-12-27T11:26:01.398+0000] {processor.py:175} INFO - Processing /home/airflow/.local/lib/python3.7/site-packages/airflow/example_dags/example_xcomargs.py took 0.522 seconds
[2022-12-27T11:26:32.200+0000] {processor.py:153} INFO - Started process (PID=587) to work on /home/airflow/.local/lib/python3.7/site-packages/airflow/example_dags/example_xcomargs.py
[2022-12-27T11:26:32.201+0000] {processor.py:743} INFO - Processing file /home/airflow/.local/lib/python3.7/site-packages/airflow/example_dags/example_xcomargs.py for tasks to queue
[2022-12-27T11:26:32.202+0000] {logging_mixin.py:137} INFO - [2022-12-27T11:26:32.202+0000] {dagbag.py:538} INFO - Filling up the DagBag from /home/airflow/.local/lib/python3.7/site-packages/airflow/example_dags/example_xcomargs.py
[2022-12-27T11:26:32.232+0000] {processor.py:753} INFO - DAG(s) dict_keys(['example_xcom_args_with_operators', 'example_xcom_args']) retrieved from /home/airflow/.local/lib/python3.7/site-packages/airflow/example_dags/example_xcomargs.py
[2022-12-27T11:26:32.293+0000] {logging_mixin.py:137} INFO - [2022-12-27T11:26:32.293+0000] {dag.py:2676} INFO - Sync 2 DAGs
[2022-12-27T11:26:32.330+0000] {logging_mixin.py:137} INFO - [2022-12-27T11:26:32.330+0000] {dag.py:3427} INFO - Setting next_dagrun for example_xcom_args to None, run_after=None
[2022-12-27T11:26:32.334+0000] {logging_mixin.py:137} INFO - [2022-12-27T11:26:32.334+0000] {dag.py:3427} INFO - Setting next_dagrun for example_xcom_args_with_operators to None, run_after=None
[2022-12-27T11:26:32.657+0000] {processor.py:175} INFO - Processing /home/airflow/.local/lib/python3.7/site-packages/airflow/example_dags/example_xcomargs.py took 0.462 seconds
[2022-12-27T11:27:02.934+0000] {processor.py:153} INFO - Started process (PID=648) to work on /home/airflow/.local/lib/python3.7/site-packages/airflow/example_dags/example_xcomargs.py
[2022-12-27T11:27:02.936+0000] {processor.py:743} INFO - Processing file /home/airflow/.local/lib/python3.7/site-packages/airflow/example_dags/example_xcomargs.py for tasks to queue
[2022-12-27T11:27:02.937+0000] {logging_mixin.py:137} INFO - [2022-12-27T11:27:02.937+0000] {dagbag.py:538} INFO - Filling up the DagBag from /home/airflow/.local/lib/python3.7/site-packages/airflow/example_dags/example_xcomargs.py
[2022-12-27T11:27:02.971+0000] {processor.py:753} INFO - DAG(s) dict_keys(['example_xcom_args_with_operators', 'example_xcom_args']) retrieved from /home/airflow/.local/lib/python3.7/site-packages/airflow/example_dags/example_xcomargs.py
[2022-12-27T11:27:03.016+0000] {logging_mixin.py:137} INFO - [2022-12-27T11:27:03.015+0000] {dag.py:2676} INFO - Sync 2 DAGs
[2022-12-27T11:27:03.044+0000] {logging_mixin.py:137} INFO - [2022-12-27T11:27:03.044+0000] {dag.py:3427} INFO - Setting next_dagrun for example_xcom_args to None, run_after=None
[2022-12-27T11:27:03.047+0000] {logging_mixin.py:137} INFO - [2022-12-27T11:27:03.047+0000] {dag.py:3427} INFO - Setting next_dagrun for example_xcom_args_with_operators to None, run_after=None
[2022-12-27T11:27:03.141+0000] {processor.py:175} INFO - Processing /home/airflow/.local/lib/python3.7/site-packages/airflow/example_dags/example_xcomargs.py took 0.214 seconds
[2022-12-27T11:27:33.903+0000] {processor.py:153} INFO - Started process (PID=709) to work on /home/airflow/.local/lib/python3.7/site-packages/airflow/example_dags/example_xcomargs.py
[2022-12-27T11:27:33.904+0000] {processor.py:743} INFO - Processing file /home/airflow/.local/lib/python3.7/site-packages/airflow/example_dags/example_xcomargs.py for tasks to queue
[2022-12-27T11:27:33.905+0000] {logging_mixin.py:137} INFO - [2022-12-27T11:27:33.905+0000] {dagbag.py:538} INFO - Filling up the DagBag from /home/airflow/.local/lib/python3.7/site-packages/airflow/example_dags/example_xcomargs.py
[2022-12-27T11:27:33.935+0000] {processor.py:753} INFO - DAG(s) dict_keys(['example_xcom_args_with_operators', 'example_xcom_args']) retrieved from /home/airflow/.local/lib/python3.7/site-packages/airflow/example_dags/example_xcomargs.py
[2022-12-27T11:27:34.029+0000] {logging_mixin.py:137} INFO - [2022-12-27T11:27:34.028+0000] {dag.py:2676} INFO - Sync 2 DAGs
[2022-12-27T11:27:34.095+0000] {logging_mixin.py:137} INFO - [2022-12-27T11:27:34.095+0000] {dag.py:3427} INFO - Setting next_dagrun for example_xcom_args to None, run_after=None
[2022-12-27T11:27:34.104+0000] {logging_mixin.py:137} INFO - [2022-12-27T11:27:34.104+0000] {dag.py:3427} INFO - Setting next_dagrun for example_xcom_args_with_operators to None, run_after=None
[2022-12-27T11:27:34.222+0000] {processor.py:175} INFO - Processing /home/airflow/.local/lib/python3.7/site-packages/airflow/example_dags/example_xcomargs.py took 0.324 seconds
[2022-12-27T11:28:04.333+0000] {processor.py:153} INFO - Started process (PID=783) to work on /home/airflow/.local/lib/python3.7/site-packages/airflow/example_dags/example_xcomargs.py
[2022-12-27T11:28:04.334+0000] {processor.py:743} INFO - Processing file /home/airflow/.local/lib/python3.7/site-packages/airflow/example_dags/example_xcomargs.py for tasks to queue
[2022-12-27T11:28:04.335+0000] {logging_mixin.py:137} INFO - [2022-12-27T11:28:04.335+0000] {dagbag.py:538} INFO - Filling up the DagBag from /home/airflow/.local/lib/python3.7/site-packages/airflow/example_dags/example_xcomargs.py
[2022-12-27T11:28:04.370+0000] {processor.py:753} INFO - DAG(s) dict_keys(['example_xcom_args', 'example_xcom_args_with_operators']) retrieved from /home/airflow/.local/lib/python3.7/site-packages/airflow/example_dags/example_xcomargs.py
[2022-12-27T11:28:04.424+0000] {logging_mixin.py:137} INFO - [2022-12-27T11:28:04.424+0000] {dag.py:2676} INFO - Sync 2 DAGs
[2022-12-27T11:28:04.457+0000] {logging_mixin.py:137} INFO - [2022-12-27T11:28:04.456+0000] {dag.py:3427} INFO - Setting next_dagrun for example_xcom_args to None, run_after=None
[2022-12-27T11:28:04.461+0000] {logging_mixin.py:137} INFO - [2022-12-27T11:28:04.461+0000] {dag.py:3427} INFO - Setting next_dagrun for example_xcom_args_with_operators to None, run_after=None
[2022-12-27T11:28:04.523+0000] {processor.py:175} INFO - Processing /home/airflow/.local/lib/python3.7/site-packages/airflow/example_dags/example_xcomargs.py took 0.196 seconds
[2022-12-27T11:28:34.928+0000] {processor.py:153} INFO - Started process (PID=845) to work on /home/airflow/.local/lib/python3.7/site-packages/airflow/example_dags/example_xcomargs.py
[2022-12-27T11:28:34.930+0000] {processor.py:743} INFO - Processing file /home/airflow/.local/lib/python3.7/site-packages/airflow/example_dags/example_xcomargs.py for tasks to queue
[2022-12-27T11:28:34.931+0000] {logging_mixin.py:137} INFO - [2022-12-27T11:28:34.931+0000] {dagbag.py:538} INFO - Filling up the DagBag from /home/airflow/.local/lib/python3.7/site-packages/airflow/example_dags/example_xcomargs.py
[2022-12-27T11:28:34.962+0000] {processor.py:753} INFO - DAG(s) dict_keys(['example_xcom_args_with_operators', 'example_xcom_args']) retrieved from /home/airflow/.local/lib/python3.7/site-packages/airflow/example_dags/example_xcomargs.py
[2022-12-27T11:28:35.011+0000] {logging_mixin.py:137} INFO - [2022-12-27T11:28:35.011+0000] {dag.py:2676} INFO - Sync 2 DAGs
[2022-12-27T11:28:35.039+0000] {logging_mixin.py:137} INFO - [2022-12-27T11:28:35.039+0000] {dag.py:3427} INFO - Setting next_dagrun for example_xcom_args to None, run_after=None
[2022-12-27T11:28:35.044+0000] {logging_mixin.py:137} INFO - [2022-12-27T11:28:35.044+0000] {dag.py:3427} INFO - Setting next_dagrun for example_xcom_args_with_operators to None, run_after=None
[2022-12-27T11:28:35.112+0000] {processor.py:175} INFO - Processing /home/airflow/.local/lib/python3.7/site-packages/airflow/example_dags/example_xcomargs.py took 0.191 seconds
[2022-12-27T11:29:05.728+0000] {processor.py:153} INFO - Started process (PID=908) to work on /home/airflow/.local/lib/python3.7/site-packages/airflow/example_dags/example_xcomargs.py
[2022-12-27T11:29:05.729+0000] {processor.py:743} INFO - Processing file /home/airflow/.local/lib/python3.7/site-packages/airflow/example_dags/example_xcomargs.py for tasks to queue
[2022-12-27T11:29:05.730+0000] {logging_mixin.py:137} INFO - [2022-12-27T11:29:05.730+0000] {dagbag.py:538} INFO - Filling up the DagBag from /home/airflow/.local/lib/python3.7/site-packages/airflow/example_dags/example_xcomargs.py
[2022-12-27T11:29:05.760+0000] {processor.py:753} INFO - DAG(s) dict_keys(['example_xcom_args_with_operators', 'example_xcom_args']) retrieved from /home/airflow/.local/lib/python3.7/site-packages/airflow/example_dags/example_xcomargs.py
[2022-12-27T11:29:05.812+0000] {logging_mixin.py:137} INFO - [2022-12-27T11:29:05.812+0000] {dag.py:2676} INFO - Sync 2 DAGs
[2022-12-27T11:29:05.845+0000] {logging_mixin.py:137} INFO - [2022-12-27T11:29:05.844+0000] {dag.py:3427} INFO - Setting next_dagrun for example_xcom_args to None, run_after=None
[2022-12-27T11:29:05.848+0000] {logging_mixin.py:137} INFO - [2022-12-27T11:29:05.848+0000] {dag.py:3427} INFO - Setting next_dagrun for example_xcom_args_with_operators to None, run_after=None
[2022-12-27T11:29:05.898+0000] {processor.py:175} INFO - Processing /home/airflow/.local/lib/python3.7/site-packages/airflow/example_dags/example_xcomargs.py took 0.174 seconds
[2022-12-27T11:29:35.986+0000] {processor.py:153} INFO - Started process (PID=982) to work on /home/airflow/.local/lib/python3.7/site-packages/airflow/example_dags/example_xcomargs.py
[2022-12-27T11:29:35.988+0000] {processor.py:743} INFO - Processing file /home/airflow/.local/lib/python3.7/site-packages/airflow/example_dags/example_xcomargs.py for tasks to queue
[2022-12-27T11:29:35.990+0000] {logging_mixin.py:137} INFO - [2022-12-27T11:29:35.990+0000] {dagbag.py:538} INFO - Filling up the DagBag from /home/airflow/.local/lib/python3.7/site-packages/airflow/example_dags/example_xcomargs.py
[2022-12-27T11:29:36.062+0000] {processor.py:753} INFO - DAG(s) dict_keys(['example_xcom_args_with_operators', 'example_xcom_args']) retrieved from /home/airflow/.local/lib/python3.7/site-packages/airflow/example_dags/example_xcomargs.py
[2022-12-27T11:29:36.155+0000] {logging_mixin.py:137} INFO - [2022-12-27T11:29:36.155+0000] {dag.py:2676} INFO - Sync 2 DAGs
[2022-12-27T11:29:36.221+0000] {logging_mixin.py:137} INFO - [2022-12-27T11:29:36.221+0000] {dag.py:3427} INFO - Setting next_dagrun for example_xcom_args to None, run_after=None
[2022-12-27T11:29:36.229+0000] {logging_mixin.py:137} INFO - [2022-12-27T11:29:36.229+0000] {dag.py:3427} INFO - Setting next_dagrun for example_xcom_args_with_operators to None, run_after=None
[2022-12-27T11:29:36.298+0000] {processor.py:175} INFO - Processing /home/airflow/.local/lib/python3.7/site-packages/airflow/example_dags/example_xcomargs.py took 0.324 seconds
[2022-12-27T11:30:06.483+0000] {processor.py:153} INFO - Started process (PID=1044) to work on /home/airflow/.local/lib/python3.7/site-packages/airflow/example_dags/example_xcomargs.py
[2022-12-27T11:30:06.484+0000] {processor.py:743} INFO - Processing file /home/airflow/.local/lib/python3.7/site-packages/airflow/example_dags/example_xcomargs.py for tasks to queue
[2022-12-27T11:30:06.485+0000] {logging_mixin.py:137} INFO - [2022-12-27T11:30:06.485+0000] {dagbag.py:538} INFO - Filling up the DagBag from /home/airflow/.local/lib/python3.7/site-packages/airflow/example_dags/example_xcomargs.py
[2022-12-27T11:30:06.511+0000] {processor.py:753} INFO - DAG(s) dict_keys(['example_xcom_args_with_operators', 'example_xcom_args']) retrieved from /home/airflow/.local/lib/python3.7/site-packages/airflow/example_dags/example_xcomargs.py
[2022-12-27T11:30:06.558+0000] {logging_mixin.py:137} INFO - [2022-12-27T11:30:06.558+0000] {dag.py:2676} INFO - Sync 2 DAGs
[2022-12-27T11:30:06.587+0000] {logging_mixin.py:137} INFO - [2022-12-27T11:30:06.587+0000] {dag.py:3427} INFO - Setting next_dagrun for example_xcom_args to None, run_after=None
[2022-12-27T11:30:06.590+0000] {logging_mixin.py:137} INFO - [2022-12-27T11:30:06.590+0000] {dag.py:3427} INFO - Setting next_dagrun for example_xcom_args_with_operators to None, run_after=None
[2022-12-27T11:30:06.642+0000] {processor.py:175} INFO - Processing /home/airflow/.local/lib/python3.7/site-packages/airflow/example_dags/example_xcomargs.py took 0.162 seconds
[2022-12-27T11:30:37.408+0000] {processor.py:153} INFO - Started process (PID=1106) to work on /home/airflow/.local/lib/python3.7/site-packages/airflow/example_dags/example_xcomargs.py
[2022-12-27T11:30:37.410+0000] {processor.py:743} INFO - Processing file /home/airflow/.local/lib/python3.7/site-packages/airflow/example_dags/example_xcomargs.py for tasks to queue
[2022-12-27T11:30:37.412+0000] {logging_mixin.py:137} INFO - [2022-12-27T11:30:37.412+0000] {dagbag.py:538} INFO - Filling up the DagBag from /home/airflow/.local/lib/python3.7/site-packages/airflow/example_dags/example_xcomargs.py
[2022-12-27T11:30:37.470+0000] {processor.py:753} INFO - DAG(s) dict_keys(['example_xcom_args_with_operators', 'example_xcom_args']) retrieved from /home/airflow/.local/lib/python3.7/site-packages/airflow/example_dags/example_xcomargs.py
[2022-12-27T11:30:37.563+0000] {logging_mixin.py:137} INFO - [2022-12-27T11:30:37.563+0000] {dag.py:2676} INFO - Sync 2 DAGs
[2022-12-27T11:30:37.624+0000] {logging_mixin.py:137} INFO - [2022-12-27T11:30:37.624+0000] {dag.py:3427} INFO - Setting next_dagrun for example_xcom_args to None, run_after=None
[2022-12-27T11:30:37.633+0000] {logging_mixin.py:137} INFO - [2022-12-27T11:30:37.632+0000] {dag.py:3427} INFO - Setting next_dagrun for example_xcom_args_with_operators to None, run_after=None
[2022-12-27T11:30:37.762+0000] {processor.py:175} INFO - Processing /home/airflow/.local/lib/python3.7/site-packages/airflow/example_dags/example_xcomargs.py took 0.362 seconds
[2022-12-27T11:31:08.759+0000] {processor.py:153} INFO - Started process (PID=1181) to work on /home/airflow/.local/lib/python3.7/site-packages/airflow/example_dags/example_xcomargs.py
[2022-12-27T11:31:08.760+0000] {processor.py:743} INFO - Processing file /home/airflow/.local/lib/python3.7/site-packages/airflow/example_dags/example_xcomargs.py for tasks to queue
[2022-12-27T11:31:08.760+0000] {logging_mixin.py:137} INFO - [2022-12-27T11:31:08.760+0000] {dagbag.py:538} INFO - Filling up the DagBag from /home/airflow/.local/lib/python3.7/site-packages/airflow/example_dags/example_xcomargs.py
[2022-12-27T11:31:08.788+0000] {processor.py:753} INFO - DAG(s) dict_keys(['example_xcom_args_with_operators', 'example_xcom_args']) retrieved from /home/airflow/.local/lib/python3.7/site-packages/airflow/example_dags/example_xcomargs.py
[2022-12-27T11:31:08.839+0000] {logging_mixin.py:137} INFO - [2022-12-27T11:31:08.839+0000] {dag.py:2676} INFO - Sync 2 DAGs
[2022-12-27T11:31:08.873+0000] {logging_mixin.py:137} INFO - [2022-12-27T11:31:08.873+0000] {dag.py:3427} INFO - Setting next_dagrun for example_xcom_args to None, run_after=None
[2022-12-27T11:31:08.879+0000] {logging_mixin.py:137} INFO - [2022-12-27T11:31:08.879+0000] {dag.py:3427} INFO - Setting next_dagrun for example_xcom_args_with_operators to None, run_after=None
[2022-12-27T11:31:08.998+0000] {processor.py:175} INFO - Processing /home/airflow/.local/lib/python3.7/site-packages/airflow/example_dags/example_xcomargs.py took 0.243 seconds
[2022-12-27T11:31:39.092+0000] {processor.py:153} INFO - Started process (PID=1243) to work on /home/airflow/.local/lib/python3.7/site-packages/airflow/example_dags/example_xcomargs.py
[2022-12-27T11:31:39.093+0000] {processor.py:743} INFO - Processing file /home/airflow/.local/lib/python3.7/site-packages/airflow/example_dags/example_xcomargs.py for tasks to queue
[2022-12-27T11:31:39.094+0000] {logging_mixin.py:137} INFO - [2022-12-27T11:31:39.094+0000] {dagbag.py:538} INFO - Filling up the DagBag from /home/airflow/.local/lib/python3.7/site-packages/airflow/example_dags/example_xcomargs.py
[2022-12-27T11:31:39.119+0000] {processor.py:753} INFO - DAG(s) dict_keys(['example_xcom_args_with_operators', 'example_xcom_args']) retrieved from /home/airflow/.local/lib/python3.7/site-packages/airflow/example_dags/example_xcomargs.py
[2022-12-27T11:31:39.167+0000] {logging_mixin.py:137} INFO - [2022-12-27T11:31:39.166+0000] {dag.py:2676} INFO - Sync 2 DAGs
[2022-12-27T11:31:39.196+0000] {logging_mixin.py:137} INFO - [2022-12-27T11:31:39.195+0000] {dag.py:3427} INFO - Setting next_dagrun for example_xcom_args to None, run_after=None
[2022-12-27T11:31:39.199+0000] {logging_mixin.py:137} INFO - [2022-12-27T11:31:39.199+0000] {dag.py:3427} INFO - Setting next_dagrun for example_xcom_args_with_operators to None, run_after=None
[2022-12-27T11:31:39.245+0000] {processor.py:175} INFO - Processing /home/airflow/.local/lib/python3.7/site-packages/airflow/example_dags/example_xcomargs.py took 0.157 seconds
[2022-12-27T11:32:10.327+0000] {processor.py:153} INFO - Started process (PID=1314) to work on /home/airflow/.local/lib/python3.7/site-packages/airflow/example_dags/example_xcomargs.py
[2022-12-27T11:32:10.328+0000] {processor.py:743} INFO - Processing file /home/airflow/.local/lib/python3.7/site-packages/airflow/example_dags/example_xcomargs.py for tasks to queue
[2022-12-27T11:32:10.328+0000] {logging_mixin.py:137} INFO - [2022-12-27T11:32:10.328+0000] {dagbag.py:538} INFO - Filling up the DagBag from /home/airflow/.local/lib/python3.7/site-packages/airflow/example_dags/example_xcomargs.py
[2022-12-27T11:32:10.360+0000] {processor.py:753} INFO - DAG(s) dict_keys(['example_xcom_args_with_operators', 'example_xcom_args']) retrieved from /home/airflow/.local/lib/python3.7/site-packages/airflow/example_dags/example_xcomargs.py
[2022-12-27T11:32:10.425+0000] {logging_mixin.py:137} INFO - [2022-12-27T11:32:10.425+0000] {dag.py:2676} INFO - Sync 2 DAGs
[2022-12-27T11:32:10.455+0000] {logging_mixin.py:137} INFO - [2022-12-27T11:32:10.455+0000] {dag.py:3427} INFO - Setting next_dagrun for example_xcom_args to None, run_after=None
[2022-12-27T11:32:10.459+0000] {logging_mixin.py:137} INFO - [2022-12-27T11:32:10.459+0000] {dag.py:3427} INFO - Setting next_dagrun for example_xcom_args_with_operators to None, run_after=None
[2022-12-27T11:32:10.513+0000] {processor.py:175} INFO - Processing /home/airflow/.local/lib/python3.7/site-packages/airflow/example_dags/example_xcomargs.py took 0.191 seconds
[2022-12-27T11:32:41.190+0000] {processor.py:153} INFO - Started process (PID=1380) to work on /home/airflow/.local/lib/python3.7/site-packages/airflow/example_dags/example_xcomargs.py
[2022-12-27T11:32:41.191+0000] {processor.py:743} INFO - Processing file /home/airflow/.local/lib/python3.7/site-packages/airflow/example_dags/example_xcomargs.py for tasks to queue
[2022-12-27T11:32:41.192+0000] {logging_mixin.py:137} INFO - [2022-12-27T11:32:41.192+0000] {dagbag.py:538} INFO - Filling up the DagBag from /home/airflow/.local/lib/python3.7/site-packages/airflow/example_dags/example_xcomargs.py
[2022-12-27T11:32:41.222+0000] {processor.py:753} INFO - DAG(s) dict_keys(['example_xcom_args_with_operators', 'example_xcom_args']) retrieved from /home/airflow/.local/lib/python3.7/site-packages/airflow/example_dags/example_xcomargs.py
[2022-12-27T11:32:41.271+0000] {logging_mixin.py:137} INFO - [2022-12-27T11:32:41.271+0000] {dag.py:2676} INFO - Sync 2 DAGs
[2022-12-27T11:32:41.308+0000] {logging_mixin.py:137} INFO - [2022-12-27T11:32:41.308+0000] {dag.py:3427} INFO - Setting next_dagrun for example_xcom_args to None, run_after=None
[2022-12-27T11:32:41.313+0000] {logging_mixin.py:137} INFO - [2022-12-27T11:32:41.313+0000] {dag.py:3427} INFO - Setting next_dagrun for example_xcom_args_with_operators to None, run_after=None
[2022-12-27T11:32:41.438+0000] {processor.py:175} INFO - Processing /home/airflow/.local/lib/python3.7/site-packages/airflow/example_dags/example_xcomargs.py took 0.252 seconds
[2022-12-27T11:33:11.792+0000] {processor.py:153} INFO - Started process (PID=1442) to work on /home/airflow/.local/lib/python3.7/site-packages/airflow/example_dags/example_xcomargs.py
[2022-12-27T11:33:11.793+0000] {processor.py:743} INFO - Processing file /home/airflow/.local/lib/python3.7/site-packages/airflow/example_dags/example_xcomargs.py for tasks to queue
[2022-12-27T11:33:11.794+0000] {logging_mixin.py:137} INFO - [2022-12-27T11:33:11.794+0000] {dagbag.py:538} INFO - Filling up the DagBag from /home/airflow/.local/lib/python3.7/site-packages/airflow/example_dags/example_xcomargs.py
[2022-12-27T11:33:11.827+0000] {processor.py:753} INFO - DAG(s) dict_keys(['example_xcom_args_with_operators', 'example_xcom_args']) retrieved from /home/airflow/.local/lib/python3.7/site-packages/airflow/example_dags/example_xcomargs.py
[2022-12-27T11:33:11.881+0000] {logging_mixin.py:137} INFO - [2022-12-27T11:33:11.881+0000] {dag.py:2676} INFO - Sync 2 DAGs
[2022-12-27T11:33:11.921+0000] {logging_mixin.py:137} INFO - [2022-12-27T11:33:11.920+0000] {dag.py:3427} INFO - Setting next_dagrun for example_xcom_args to None, run_after=None
[2022-12-27T11:33:11.927+0000] {logging_mixin.py:137} INFO - [2022-12-27T11:33:11.927+0000] {dag.py:3427} INFO - Setting next_dagrun for example_xcom_args_with_operators to None, run_after=None
[2022-12-27T11:33:11.976+0000] {processor.py:175} INFO - Processing /home/airflow/.local/lib/python3.7/site-packages/airflow/example_dags/example_xcomargs.py took 0.192 seconds
[2022-12-27T11:33:42.909+0000] {processor.py:153} INFO - Started process (PID=1511) to work on /home/airflow/.local/lib/python3.7/site-packages/airflow/example_dags/example_xcomargs.py
[2022-12-27T11:33:42.910+0000] {processor.py:743} INFO - Processing file /home/airflow/.local/lib/python3.7/site-packages/airflow/example_dags/example_xcomargs.py for tasks to queue
[2022-12-27T11:33:42.912+0000] {logging_mixin.py:137} INFO - [2022-12-27T11:33:42.911+0000] {dagbag.py:538} INFO - Filling up the DagBag from /home/airflow/.local/lib/python3.7/site-packages/airflow/example_dags/example_xcomargs.py
[2022-12-27T11:33:42.943+0000] {processor.py:753} INFO - DAG(s) dict_keys(['example_xcom_args', 'example_xcom_args_with_operators']) retrieved from /home/airflow/.local/lib/python3.7/site-packages/airflow/example_dags/example_xcomargs.py
[2022-12-27T11:33:42.999+0000] {logging_mixin.py:137} INFO - [2022-12-27T11:33:42.998+0000] {dag.py:2676} INFO - Sync 2 DAGs
[2022-12-27T11:33:43.037+0000] {logging_mixin.py:137} INFO - [2022-12-27T11:33:43.037+0000] {dag.py:3427} INFO - Setting next_dagrun for example_xcom_args to None, run_after=None
[2022-12-27T11:33:43.042+0000] {logging_mixin.py:137} INFO - [2022-12-27T11:33:43.041+0000] {dag.py:3427} INFO - Setting next_dagrun for example_xcom_args_with_operators to None, run_after=None
[2022-12-27T11:33:43.092+0000] {processor.py:175} INFO - Processing /home/airflow/.local/lib/python3.7/site-packages/airflow/example_dags/example_xcomargs.py took 0.190 seconds
[2022-12-27T11:34:13.122+0000] {processor.py:153} INFO - Started process (PID=1578) to work on /home/airflow/.local/lib/python3.7/site-packages/airflow/example_dags/example_xcomargs.py
[2022-12-27T11:34:13.123+0000] {processor.py:743} INFO - Processing file /home/airflow/.local/lib/python3.7/site-packages/airflow/example_dags/example_xcomargs.py for tasks to queue
[2022-12-27T11:34:13.124+0000] {logging_mixin.py:137} INFO - [2022-12-27T11:34:13.124+0000] {dagbag.py:538} INFO - Filling up the DagBag from /home/airflow/.local/lib/python3.7/site-packages/airflow/example_dags/example_xcomargs.py
[2022-12-27T11:34:13.158+0000] {processor.py:753} INFO - DAG(s) dict_keys(['example_xcom_args_with_operators', 'example_xcom_args']) retrieved from /home/airflow/.local/lib/python3.7/site-packages/airflow/example_dags/example_xcomargs.py
[2022-12-27T11:34:13.208+0000] {logging_mixin.py:137} INFO - [2022-12-27T11:34:13.208+0000] {dag.py:2676} INFO - Sync 2 DAGs
[2022-12-27T11:34:13.244+0000] {logging_mixin.py:137} INFO - [2022-12-27T11:34:13.244+0000] {dag.py:3427} INFO - Setting next_dagrun for example_xcom_args to None, run_after=None
[2022-12-27T11:34:13.255+0000] {logging_mixin.py:137} INFO - [2022-12-27T11:34:13.254+0000] {dag.py:3427} INFO - Setting next_dagrun for example_xcom_args_with_operators to None, run_after=None
[2022-12-27T11:34:13.327+0000] {processor.py:175} INFO - Processing /home/airflow/.local/lib/python3.7/site-packages/airflow/example_dags/example_xcomargs.py took 0.209 seconds
[2022-12-27T11:34:43.504+0000] {processor.py:153} INFO - Started process (PID=1640) to work on /home/airflow/.local/lib/python3.7/site-packages/airflow/example_dags/example_xcomargs.py
[2022-12-27T11:34:43.505+0000] {processor.py:743} INFO - Processing file /home/airflow/.local/lib/python3.7/site-packages/airflow/example_dags/example_xcomargs.py for tasks to queue
[2022-12-27T11:34:43.505+0000] {logging_mixin.py:137} INFO - [2022-12-27T11:34:43.505+0000] {dagbag.py:538} INFO - Filling up the DagBag from /home/airflow/.local/lib/python3.7/site-packages/airflow/example_dags/example_xcomargs.py
[2022-12-27T11:34:43.533+0000] {processor.py:753} INFO - DAG(s) dict_keys(['example_xcom_args_with_operators', 'example_xcom_args']) retrieved from /home/airflow/.local/lib/python3.7/site-packages/airflow/example_dags/example_xcomargs.py
[2022-12-27T11:34:43.593+0000] {logging_mixin.py:137} INFO - [2022-12-27T11:34:43.592+0000] {dag.py:2676} INFO - Sync 2 DAGs
[2022-12-27T11:34:43.632+0000] {logging_mixin.py:137} INFO - [2022-12-27T11:34:43.632+0000] {dag.py:3427} INFO - Setting next_dagrun for example_xcom_args to None, run_after=None
[2022-12-27T11:34:43.640+0000] {logging_mixin.py:137} INFO - [2022-12-27T11:34:43.640+0000] {dag.py:3427} INFO - Setting next_dagrun for example_xcom_args_with_operators to None, run_after=None
[2022-12-27T11:34:43.695+0000] {processor.py:175} INFO - Processing /home/airflow/.local/lib/python3.7/site-packages/airflow/example_dags/example_xcomargs.py took 0.196 seconds
[2022-12-27T11:35:14.499+0000] {processor.py:153} INFO - Started process (PID=1702) to work on /home/airflow/.local/lib/python3.7/site-packages/airflow/example_dags/example_xcomargs.py
[2022-12-27T11:35:14.500+0000] {processor.py:743} INFO - Processing file /home/airflow/.local/lib/python3.7/site-packages/airflow/example_dags/example_xcomargs.py for tasks to queue
[2022-12-27T11:35:14.502+0000] {logging_mixin.py:137} INFO - [2022-12-27T11:35:14.501+0000] {dagbag.py:538} INFO - Filling up the DagBag from /home/airflow/.local/lib/python3.7/site-packages/airflow/example_dags/example_xcomargs.py
[2022-12-27T11:35:14.549+0000] {processor.py:753} INFO - DAG(s) dict_keys(['example_xcom_args_with_operators', 'example_xcom_args']) retrieved from /home/airflow/.local/lib/python3.7/site-packages/airflow/example_dags/example_xcomargs.py
[2022-12-27T11:35:14.615+0000] {logging_mixin.py:137} INFO - [2022-12-27T11:35:14.615+0000] {dag.py:2676} INFO - Sync 2 DAGs
[2022-12-27T11:35:14.651+0000] {logging_mixin.py:137} INFO - [2022-12-27T11:35:14.650+0000] {dag.py:3427} INFO - Setting next_dagrun for example_xcom_args to None, run_after=None
[2022-12-27T11:35:14.655+0000] {logging_mixin.py:137} INFO - [2022-12-27T11:35:14.655+0000] {dag.py:3427} INFO - Setting next_dagrun for example_xcom_args_with_operators to None, run_after=None
[2022-12-27T11:35:14.708+0000] {processor.py:175} INFO - Processing /home/airflow/.local/lib/python3.7/site-packages/airflow/example_dags/example_xcomargs.py took 0.213 seconds
[2022-12-27T11:35:45.476+0000] {processor.py:153} INFO - Started process (PID=1777) to work on /home/airflow/.local/lib/python3.7/site-packages/airflow/example_dags/example_xcomargs.py
[2022-12-27T11:35:45.477+0000] {processor.py:743} INFO - Processing file /home/airflow/.local/lib/python3.7/site-packages/airflow/example_dags/example_xcomargs.py for tasks to queue
[2022-12-27T11:35:45.478+0000] {logging_mixin.py:137} INFO - [2022-12-27T11:35:45.478+0000] {dagbag.py:538} INFO - Filling up the DagBag from /home/airflow/.local/lib/python3.7/site-packages/airflow/example_dags/example_xcomargs.py
[2022-12-27T11:35:45.513+0000] {processor.py:753} INFO - DAG(s) dict_keys(['example_xcom_args', 'example_xcom_args_with_operators']) retrieved from /home/airflow/.local/lib/python3.7/site-packages/airflow/example_dags/example_xcomargs.py
[2022-12-27T11:35:45.574+0000] {logging_mixin.py:137} INFO - [2022-12-27T11:35:45.574+0000] {dag.py:2676} INFO - Sync 2 DAGs
[2022-12-27T11:35:45.607+0000] {logging_mixin.py:137} INFO - [2022-12-27T11:35:45.607+0000] {dag.py:3427} INFO - Setting next_dagrun for example_xcom_args to None, run_after=None
[2022-12-27T11:35:45.612+0000] {logging_mixin.py:137} INFO - [2022-12-27T11:35:45.611+0000] {dag.py:3427} INFO - Setting next_dagrun for example_xcom_args_with_operators to None, run_after=None
[2022-12-27T11:35:45.666+0000] {processor.py:175} INFO - Processing /home/airflow/.local/lib/python3.7/site-packages/airflow/example_dags/example_xcomargs.py took 0.196 seconds
[2022-12-27T11:36:16.274+0000] {processor.py:153} INFO - Started process (PID=1840) to work on /home/airflow/.local/lib/python3.7/site-packages/airflow/example_dags/example_xcomargs.py
[2022-12-27T11:36:16.275+0000] {processor.py:743} INFO - Processing file /home/airflow/.local/lib/python3.7/site-packages/airflow/example_dags/example_xcomargs.py for tasks to queue
[2022-12-27T11:36:16.276+0000] {logging_mixin.py:137} INFO - [2022-12-27T11:36:16.276+0000] {dagbag.py:538} INFO - Filling up the DagBag from /home/airflow/.local/lib/python3.7/site-packages/airflow/example_dags/example_xcomargs.py
[2022-12-27T11:36:16.304+0000] {processor.py:753} INFO - DAG(s) dict_keys(['example_xcom_args_with_operators', 'example_xcom_args']) retrieved from /home/airflow/.local/lib/python3.7/site-packages/airflow/example_dags/example_xcomargs.py
[2022-12-27T11:36:16.365+0000] {logging_mixin.py:137} INFO - [2022-12-27T11:36:16.365+0000] {dag.py:2676} INFO - Sync 2 DAGs
[2022-12-27T11:36:16.405+0000] {logging_mixin.py:137} INFO - [2022-12-27T11:36:16.405+0000] {dag.py:3427} INFO - Setting next_dagrun for example_xcom_args to None, run_after=None
[2022-12-27T11:36:16.411+0000] {logging_mixin.py:137} INFO - [2022-12-27T11:36:16.411+0000] {dag.py:3427} INFO - Setting next_dagrun for example_xcom_args_with_operators to None, run_after=None
[2022-12-27T11:36:16.462+0000] {processor.py:175} INFO - Processing /home/airflow/.local/lib/python3.7/site-packages/airflow/example_dags/example_xcomargs.py took 0.193 seconds
[2022-12-27T11:36:46.849+0000] {processor.py:153} INFO - Started process (PID=1902) to work on /home/airflow/.local/lib/python3.7/site-packages/airflow/example_dags/example_xcomargs.py
[2022-12-27T11:36:46.850+0000] {processor.py:743} INFO - Processing file /home/airflow/.local/lib/python3.7/site-packages/airflow/example_dags/example_xcomargs.py for tasks to queue
[2022-12-27T11:36:46.851+0000] {logging_mixin.py:137} INFO - [2022-12-27T11:36:46.851+0000] {dagbag.py:538} INFO - Filling up the DagBag from /home/airflow/.local/lib/python3.7/site-packages/airflow/example_dags/example_xcomargs.py
[2022-12-27T11:36:46.878+0000] {processor.py:753} INFO - DAG(s) dict_keys(['example_xcom_args', 'example_xcom_args_with_operators']) retrieved from /home/airflow/.local/lib/python3.7/site-packages/airflow/example_dags/example_xcomargs.py
[2022-12-27T11:36:46.922+0000] {logging_mixin.py:137} INFO - [2022-12-27T11:36:46.922+0000] {dag.py:2676} INFO - Sync 2 DAGs
[2022-12-27T11:36:46.951+0000] {logging_mixin.py:137} INFO - [2022-12-27T11:36:46.951+0000] {dag.py:3427} INFO - Setting next_dagrun for example_xcom_args to None, run_after=None
[2022-12-27T11:36:46.956+0000] {logging_mixin.py:137} INFO - [2022-12-27T11:36:46.956+0000] {dag.py:3427} INFO - Setting next_dagrun for example_xcom_args_with_operators to None, run_after=None
[2022-12-27T11:36:47.003+0000] {processor.py:175} INFO - Processing /home/airflow/.local/lib/python3.7/site-packages/airflow/example_dags/example_xcomargs.py took 0.159 seconds
[2022-12-27T11:37:17.848+0000] {processor.py:153} INFO - Started process (PID=1965) to work on /home/airflow/.local/lib/python3.7/site-packages/airflow/example_dags/example_xcomargs.py
[2022-12-27T11:37:17.849+0000] {processor.py:743} INFO - Processing file /home/airflow/.local/lib/python3.7/site-packages/airflow/example_dags/example_xcomargs.py for tasks to queue
[2022-12-27T11:37:17.850+0000] {logging_mixin.py:137} INFO - [2022-12-27T11:37:17.850+0000] {dagbag.py:538} INFO - Filling up the DagBag from /home/airflow/.local/lib/python3.7/site-packages/airflow/example_dags/example_xcomargs.py
[2022-12-27T11:37:17.880+0000] {processor.py:753} INFO - DAG(s) dict_keys(['example_xcom_args', 'example_xcom_args_with_operators']) retrieved from /home/airflow/.local/lib/python3.7/site-packages/airflow/example_dags/example_xcomargs.py
[2022-12-27T11:37:17.926+0000] {logging_mixin.py:137} INFO - [2022-12-27T11:37:17.926+0000] {dag.py:2676} INFO - Sync 2 DAGs
[2022-12-27T11:37:17.955+0000] {logging_mixin.py:137} INFO - [2022-12-27T11:37:17.955+0000] {dag.py:3427} INFO - Setting next_dagrun for example_xcom_args to None, run_after=None
[2022-12-27T11:37:17.959+0000] {logging_mixin.py:137} INFO - [2022-12-27T11:37:17.959+0000] {dag.py:3427} INFO - Setting next_dagrun for example_xcom_args_with_operators to None, run_after=None
[2022-12-27T11:37:18.019+0000] {processor.py:175} INFO - Processing /home/airflow/.local/lib/python3.7/site-packages/airflow/example_dags/example_xcomargs.py took 0.174 seconds
[2022-12-27T11:37:48.680+0000] {processor.py:153} INFO - Started process (PID=2040) to work on /home/airflow/.local/lib/python3.7/site-packages/airflow/example_dags/example_xcomargs.py
[2022-12-27T11:37:48.682+0000] {processor.py:743} INFO - Processing file /home/airflow/.local/lib/python3.7/site-packages/airflow/example_dags/example_xcomargs.py for tasks to queue
[2022-12-27T11:37:48.684+0000] {logging_mixin.py:137} INFO - [2022-12-27T11:37:48.684+0000] {dagbag.py:538} INFO - Filling up the DagBag from /home/airflow/.local/lib/python3.7/site-packages/airflow/example_dags/example_xcomargs.py
[2022-12-27T11:37:48.720+0000] {processor.py:753} INFO - DAG(s) dict_keys(['example_xcom_args_with_operators', 'example_xcom_args']) retrieved from /home/airflow/.local/lib/python3.7/site-packages/airflow/example_dags/example_xcomargs.py
[2022-12-27T11:37:48.786+0000] {logging_mixin.py:137} INFO - [2022-12-27T11:37:48.786+0000] {dag.py:2676} INFO - Sync 2 DAGs
[2022-12-27T11:37:48.819+0000] {logging_mixin.py:137} INFO - [2022-12-27T11:37:48.819+0000] {dag.py:3427} INFO - Setting next_dagrun for example_xcom_args to None, run_after=None
[2022-12-27T11:37:48.824+0000] {logging_mixin.py:137} INFO - [2022-12-27T11:37:48.824+0000] {dag.py:3427} INFO - Setting next_dagrun for example_xcom_args_with_operators to None, run_after=None
[2022-12-27T11:37:48.879+0000] {processor.py:175} INFO - Processing /home/airflow/.local/lib/python3.7/site-packages/airflow/example_dags/example_xcomargs.py took 0.203 seconds
[2022-12-27T11:38:19.901+0000] {processor.py:153} INFO - Started process (PID=2103) to work on /home/airflow/.local/lib/python3.7/site-packages/airflow/example_dags/example_xcomargs.py
[2022-12-27T11:38:19.903+0000] {processor.py:743} INFO - Processing file /home/airflow/.local/lib/python3.7/site-packages/airflow/example_dags/example_xcomargs.py for tasks to queue
[2022-12-27T11:38:19.904+0000] {logging_mixin.py:137} INFO - [2022-12-27T11:38:19.904+0000] {dagbag.py:538} INFO - Filling up the DagBag from /home/airflow/.local/lib/python3.7/site-packages/airflow/example_dags/example_xcomargs.py
[2022-12-27T11:38:19.933+0000] {processor.py:753} INFO - DAG(s) dict_keys(['example_xcom_args', 'example_xcom_args_with_operators']) retrieved from /home/airflow/.local/lib/python3.7/site-packages/airflow/example_dags/example_xcomargs.py
[2022-12-27T11:38:19.986+0000] {logging_mixin.py:137} INFO - [2022-12-27T11:38:19.986+0000] {dag.py:2676} INFO - Sync 2 DAGs
[2022-12-27T11:38:20.019+0000] {logging_mixin.py:137} INFO - [2022-12-27T11:38:20.019+0000] {dag.py:3427} INFO - Setting next_dagrun for example_xcom_args to None, run_after=None
[2022-12-27T11:38:20.023+0000] {logging_mixin.py:137} INFO - [2022-12-27T11:38:20.023+0000] {dag.py:3427} INFO - Setting next_dagrun for example_xcom_args_with_operators to None, run_after=None
[2022-12-27T11:38:20.074+0000] {processor.py:175} INFO - Processing /home/airflow/.local/lib/python3.7/site-packages/airflow/example_dags/example_xcomargs.py took 0.177 seconds
[2022-12-27T11:38:50.356+0000] {processor.py:153} INFO - Started process (PID=2165) to work on /home/airflow/.local/lib/python3.7/site-packages/airflow/example_dags/example_xcomargs.py
[2022-12-27T11:38:50.358+0000] {processor.py:743} INFO - Processing file /home/airflow/.local/lib/python3.7/site-packages/airflow/example_dags/example_xcomargs.py for tasks to queue
[2022-12-27T11:38:50.359+0000] {logging_mixin.py:137} INFO - [2022-12-27T11:38:50.359+0000] {dagbag.py:538} INFO - Filling up the DagBag from /home/airflow/.local/lib/python3.7/site-packages/airflow/example_dags/example_xcomargs.py
[2022-12-27T11:38:50.402+0000] {processor.py:753} INFO - DAG(s) dict_keys(['example_xcom_args', 'example_xcom_args_with_operators']) retrieved from /home/airflow/.local/lib/python3.7/site-packages/airflow/example_dags/example_xcomargs.py
[2022-12-27T11:38:50.448+0000] {logging_mixin.py:137} INFO - [2022-12-27T11:38:50.448+0000] {dag.py:2676} INFO - Sync 2 DAGs
[2022-12-27T11:38:50.478+0000] {logging_mixin.py:137} INFO - [2022-12-27T11:38:50.478+0000] {dag.py:3427} INFO - Setting next_dagrun for example_xcom_args to None, run_after=None
[2022-12-27T11:38:50.483+0000] {logging_mixin.py:137} INFO - [2022-12-27T11:38:50.483+0000] {dag.py:3427} INFO - Setting next_dagrun for example_xcom_args_with_operators to None, run_after=None
[2022-12-27T11:38:50.556+0000] {processor.py:175} INFO - Processing /home/airflow/.local/lib/python3.7/site-packages/airflow/example_dags/example_xcomargs.py took 0.205 seconds
[2022-12-27T11:39:20.895+0000] {processor.py:153} INFO - Started process (PID=2238) to work on /home/airflow/.local/lib/python3.7/site-packages/airflow/example_dags/example_xcomargs.py
[2022-12-27T11:39:20.897+0000] {processor.py:743} INFO - Processing file /home/airflow/.local/lib/python3.7/site-packages/airflow/example_dags/example_xcomargs.py for tasks to queue
[2022-12-27T11:39:20.897+0000] {logging_mixin.py:137} INFO - [2022-12-27T11:39:20.897+0000] {dagbag.py:538} INFO - Filling up the DagBag from /home/airflow/.local/lib/python3.7/site-packages/airflow/example_dags/example_xcomargs.py
[2022-12-27T11:39:20.936+0000] {processor.py:753} INFO - DAG(s) dict_keys(['example_xcom_args', 'example_xcom_args_with_operators']) retrieved from /home/airflow/.local/lib/python3.7/site-packages/airflow/example_dags/example_xcomargs.py
[2022-12-27T11:39:20.983+0000] {logging_mixin.py:137} INFO - [2022-12-27T11:39:20.983+0000] {dag.py:2676} INFO - Sync 2 DAGs
[2022-12-27T11:39:21.013+0000] {logging_mixin.py:137} INFO - [2022-12-27T11:39:21.013+0000] {dag.py:3427} INFO - Setting next_dagrun for example_xcom_args to None, run_after=None
[2022-12-27T11:39:21.017+0000] {logging_mixin.py:137} INFO - [2022-12-27T11:39:21.017+0000] {dag.py:3427} INFO - Setting next_dagrun for example_xcom_args_with_operators to None, run_after=None
[2022-12-27T11:39:21.147+0000] {processor.py:175} INFO - Processing /home/airflow/.local/lib/python3.7/site-packages/airflow/example_dags/example_xcomargs.py took 0.256 seconds
[2022-12-27T11:39:51.216+0000] {processor.py:153} INFO - Started process (PID=2300) to work on /home/airflow/.local/lib/python3.7/site-packages/airflow/example_dags/example_xcomargs.py
[2022-12-27T11:39:51.217+0000] {processor.py:743} INFO - Processing file /home/airflow/.local/lib/python3.7/site-packages/airflow/example_dags/example_xcomargs.py for tasks to queue
[2022-12-27T11:39:51.218+0000] {logging_mixin.py:137} INFO - [2022-12-27T11:39:51.218+0000] {dagbag.py:538} INFO - Filling up the DagBag from /home/airflow/.local/lib/python3.7/site-packages/airflow/example_dags/example_xcomargs.py
[2022-12-27T11:39:51.254+0000] {processor.py:753} INFO - DAG(s) dict_keys(['example_xcom_args', 'example_xcom_args_with_operators']) retrieved from /home/airflow/.local/lib/python3.7/site-packages/airflow/example_dags/example_xcomargs.py
[2022-12-27T11:39:51.312+0000] {logging_mixin.py:137} INFO - [2022-12-27T11:39:51.312+0000] {dag.py:2676} INFO - Sync 2 DAGs
[2022-12-27T11:39:51.344+0000] {logging_mixin.py:137} INFO - [2022-12-27T11:39:51.344+0000] {dag.py:3427} INFO - Setting next_dagrun for example_xcom_args to None, run_after=None
[2022-12-27T11:39:51.348+0000] {logging_mixin.py:137} INFO - [2022-12-27T11:39:51.348+0000] {dag.py:3427} INFO - Setting next_dagrun for example_xcom_args_with_operators to None, run_after=None
[2022-12-27T11:39:51.401+0000] {processor.py:175} INFO - Processing /home/airflow/.local/lib/python3.7/site-packages/airflow/example_dags/example_xcomargs.py took 0.191 seconds
[2022-12-27T11:40:22.043+0000] {processor.py:153} INFO - Started process (PID=2362) to work on /home/airflow/.local/lib/python3.7/site-packages/airflow/example_dags/example_xcomargs.py
[2022-12-27T11:40:22.044+0000] {processor.py:743} INFO - Processing file /home/airflow/.local/lib/python3.7/site-packages/airflow/example_dags/example_xcomargs.py for tasks to queue
[2022-12-27T11:40:22.045+0000] {logging_mixin.py:137} INFO - [2022-12-27T11:40:22.045+0000] {dagbag.py:538} INFO - Filling up the DagBag from /home/airflow/.local/lib/python3.7/site-packages/airflow/example_dags/example_xcomargs.py
[2022-12-27T11:40:22.072+0000] {processor.py:753} INFO - DAG(s) dict_keys(['example_xcom_args_with_operators', 'example_xcom_args']) retrieved from /home/airflow/.local/lib/python3.7/site-packages/airflow/example_dags/example_xcomargs.py
[2022-12-27T11:40:22.116+0000] {logging_mixin.py:137} INFO - [2022-12-27T11:40:22.116+0000] {dag.py:2676} INFO - Sync 2 DAGs
[2022-12-27T11:40:22.143+0000] {logging_mixin.py:137} INFO - [2022-12-27T11:40:22.143+0000] {dag.py:3427} INFO - Setting next_dagrun for example_xcom_args to None, run_after=None
[2022-12-27T11:40:22.146+0000] {logging_mixin.py:137} INFO - [2022-12-27T11:40:22.146+0000] {dag.py:3427} INFO - Setting next_dagrun for example_xcom_args_with_operators to None, run_after=None
[2022-12-27T11:40:22.247+0000] {processor.py:175} INFO - Processing /home/airflow/.local/lib/python3.7/site-packages/airflow/example_dags/example_xcomargs.py took 0.207 seconds
[2022-12-27T11:40:53.025+0000] {processor.py:153} INFO - Started process (PID=2424) to work on /home/airflow/.local/lib/python3.7/site-packages/airflow/example_dags/example_xcomargs.py
[2022-12-27T11:40:53.026+0000] {processor.py:743} INFO - Processing file /home/airflow/.local/lib/python3.7/site-packages/airflow/example_dags/example_xcomargs.py for tasks to queue
[2022-12-27T11:40:53.027+0000] {logging_mixin.py:137} INFO - [2022-12-27T11:40:53.026+0000] {dagbag.py:538} INFO - Filling up the DagBag from /home/airflow/.local/lib/python3.7/site-packages/airflow/example_dags/example_xcomargs.py
[2022-12-27T11:40:53.054+0000] {processor.py:753} INFO - DAG(s) dict_keys(['example_xcom_args', 'example_xcom_args_with_operators']) retrieved from /home/airflow/.local/lib/python3.7/site-packages/airflow/example_dags/example_xcomargs.py
[2022-12-27T11:40:53.082+0000] {logging_mixin.py:137} INFO - [2022-12-27T11:40:53.082+0000] {dag.py:2676} INFO - Sync 2 DAGs
[2022-12-27T11:40:53.109+0000] {logging_mixin.py:137} INFO - [2022-12-27T11:40:53.109+0000] {dag.py:3427} INFO - Setting next_dagrun for example_xcom_args to None, run_after=None
[2022-12-27T11:40:53.113+0000] {logging_mixin.py:137} INFO - [2022-12-27T11:40:53.113+0000] {dag.py:3427} INFO - Setting next_dagrun for example_xcom_args_with_operators to None, run_after=None
[2022-12-27T11:40:53.164+0000] {processor.py:175} INFO - Processing /home/airflow/.local/lib/python3.7/site-packages/airflow/example_dags/example_xcomargs.py took 0.143 seconds
[2022-12-27T11:41:23.293+0000] {processor.py:153} INFO - Started process (PID=2485) to work on /home/airflow/.local/lib/python3.7/site-packages/airflow/example_dags/example_xcomargs.py
[2022-12-27T11:41:23.294+0000] {processor.py:743} INFO - Processing file /home/airflow/.local/lib/python3.7/site-packages/airflow/example_dags/example_xcomargs.py for tasks to queue
[2022-12-27T11:41:23.294+0000] {logging_mixin.py:137} INFO - [2022-12-27T11:41:23.294+0000] {dagbag.py:538} INFO - Filling up the DagBag from /home/airflow/.local/lib/python3.7/site-packages/airflow/example_dags/example_xcomargs.py
[2022-12-27T11:41:23.322+0000] {processor.py:753} INFO - DAG(s) dict_keys(['example_xcom_args_with_operators', 'example_xcom_args']) retrieved from /home/airflow/.local/lib/python3.7/site-packages/airflow/example_dags/example_xcomargs.py
[2022-12-27T11:41:23.368+0000] {logging_mixin.py:137} INFO - [2022-12-27T11:41:23.367+0000] {dag.py:2676} INFO - Sync 2 DAGs
[2022-12-27T11:41:23.395+0000] {logging_mixin.py:137} INFO - [2022-12-27T11:41:23.395+0000] {dag.py:3427} INFO - Setting next_dagrun for example_xcom_args to None, run_after=None
[2022-12-27T11:41:23.398+0000] {logging_mixin.py:137} INFO - [2022-12-27T11:41:23.398+0000] {dag.py:3427} INFO - Setting next_dagrun for example_xcom_args_with_operators to None, run_after=None
[2022-12-27T11:41:23.449+0000] {processor.py:175} INFO - Processing /home/airflow/.local/lib/python3.7/site-packages/airflow/example_dags/example_xcomargs.py took 0.161 seconds
[2022-12-27T11:41:54.226+0000] {processor.py:153} INFO - Started process (PID=2558) to work on /home/airflow/.local/lib/python3.7/site-packages/airflow/example_dags/example_xcomargs.py
[2022-12-27T11:41:54.228+0000] {processor.py:743} INFO - Processing file /home/airflow/.local/lib/python3.7/site-packages/airflow/example_dags/example_xcomargs.py for tasks to queue
[2022-12-27T11:41:54.229+0000] {logging_mixin.py:137} INFO - [2022-12-27T11:41:54.229+0000] {dagbag.py:538} INFO - Filling up the DagBag from /home/airflow/.local/lib/python3.7/site-packages/airflow/example_dags/example_xcomargs.py
[2022-12-27T11:41:54.276+0000] {processor.py:753} INFO - DAG(s) dict_keys(['example_xcom_args_with_operators', 'example_xcom_args']) retrieved from /home/airflow/.local/lib/python3.7/site-packages/airflow/example_dags/example_xcomargs.py
[2022-12-27T11:41:54.375+0000] {logging_mixin.py:137} INFO - [2022-12-27T11:41:54.375+0000] {dag.py:2676} INFO - Sync 2 DAGs
[2022-12-27T11:41:54.455+0000] {logging_mixin.py:137} INFO - [2022-12-27T11:41:54.455+0000] {dag.py:3427} INFO - Setting next_dagrun for example_xcom_args to None, run_after=None
[2022-12-27T11:41:54.466+0000] {logging_mixin.py:137} INFO - [2022-12-27T11:41:54.466+0000] {dag.py:3427} INFO - Setting next_dagrun for example_xcom_args_with_operators to None, run_after=None
[2022-12-27T11:41:54.537+0000] {processor.py:175} INFO - Processing /home/airflow/.local/lib/python3.7/site-packages/airflow/example_dags/example_xcomargs.py took 0.317 seconds
