[2022-12-27T11:22:22.986+0000] {processor.py:153} INFO - Started process (PID=50) to work on /home/airflow/.local/lib/python3.7/site-packages/airflow/example_dags/example_branch_python_dop_operator_3.py
[2022-12-27T11:22:22.998+0000] {processor.py:743} INFO - Processing file /home/airflow/.local/lib/python3.7/site-packages/airflow/example_dags/example_branch_python_dop_operator_3.py for tasks to queue
[2022-12-27T11:22:23.000+0000] {logging_mixin.py:137} INFO - [2022-12-27T11:22:23.000+0000] {dagbag.py:538} INFO - Filling up the DagBag from /home/airflow/.local/lib/python3.7/site-packages/airflow/example_dags/example_branch_python_dop_operator_3.py
[2022-12-27T11:22:23.117+0000] {processor.py:753} INFO - DAG(s) dict_keys(['example_branch_dop_operator_v3']) retrieved from /home/airflow/.local/lib/python3.7/site-packages/airflow/example_dags/example_branch_python_dop_operator_3.py
[2022-12-27T11:22:23.194+0000] {logging_mixin.py:137} INFO - [2022-12-27T11:22:23.194+0000] {dag.py:2676} INFO - Sync 1 DAGs
[2022-12-27T11:22:23.257+0000] {logging_mixin.py:137} INFO - [2022-12-27T11:22:23.257+0000] {dag.py:3427} INFO - Setting next_dagrun for example_branch_dop_operator_v3 to 2022-12-27T11:21:00+00:00, run_after=2022-12-27T11:22:00+00:00
[2022-12-27T11:22:23.884+0000] {processor.py:175} INFO - Processing /home/airflow/.local/lib/python3.7/site-packages/airflow/example_dags/example_branch_python_dop_operator_3.py took 0.906 seconds
[2022-12-27T11:22:54.010+0000] {processor.py:153} INFO - Started process (PID=112) to work on /home/airflow/.local/lib/python3.7/site-packages/airflow/example_dags/example_branch_python_dop_operator_3.py
[2022-12-27T11:22:54.011+0000] {processor.py:743} INFO - Processing file /home/airflow/.local/lib/python3.7/site-packages/airflow/example_dags/example_branch_python_dop_operator_3.py for tasks to queue
[2022-12-27T11:22:54.013+0000] {logging_mixin.py:137} INFO - [2022-12-27T11:22:54.013+0000] {dagbag.py:538} INFO - Filling up the DagBag from /home/airflow/.local/lib/python3.7/site-packages/airflow/example_dags/example_branch_python_dop_operator_3.py
[2022-12-27T11:22:54.046+0000] {processor.py:753} INFO - DAG(s) dict_keys(['example_branch_dop_operator_v3']) retrieved from /home/airflow/.local/lib/python3.7/site-packages/airflow/example_dags/example_branch_python_dop_operator_3.py
[2022-12-27T11:22:54.087+0000] {logging_mixin.py:137} INFO - [2022-12-27T11:22:54.086+0000] {dag.py:2676} INFO - Sync 1 DAGs
[2022-12-27T11:22:54.124+0000] {logging_mixin.py:137} INFO - [2022-12-27T11:22:54.124+0000] {dag.py:3427} INFO - Setting next_dagrun for example_branch_dop_operator_v3 to 2022-12-27T11:21:00+00:00, run_after=2022-12-27T11:22:00+00:00
[2022-12-27T11:22:54.170+0000] {processor.py:175} INFO - Processing /home/airflow/.local/lib/python3.7/site-packages/airflow/example_dags/example_branch_python_dop_operator_3.py took 0.167 seconds
[2022-12-27T11:23:24.742+0000] {processor.py:153} INFO - Started process (PID=175) to work on /home/airflow/.local/lib/python3.7/site-packages/airflow/example_dags/example_branch_python_dop_operator_3.py
[2022-12-27T11:23:24.743+0000] {processor.py:743} INFO - Processing file /home/airflow/.local/lib/python3.7/site-packages/airflow/example_dags/example_branch_python_dop_operator_3.py for tasks to queue
[2022-12-27T11:23:24.744+0000] {logging_mixin.py:137} INFO - [2022-12-27T11:23:24.744+0000] {dagbag.py:538} INFO - Filling up the DagBag from /home/airflow/.local/lib/python3.7/site-packages/airflow/example_dags/example_branch_python_dop_operator_3.py
[2022-12-27T11:23:24.773+0000] {processor.py:753} INFO - DAG(s) dict_keys(['example_branch_dop_operator_v3']) retrieved from /home/airflow/.local/lib/python3.7/site-packages/airflow/example_dags/example_branch_python_dop_operator_3.py
[2022-12-27T11:23:24.822+0000] {logging_mixin.py:137} INFO - [2022-12-27T11:23:24.822+0000] {dag.py:2676} INFO - Sync 1 DAGs
[2022-12-27T11:23:24.855+0000] {logging_mixin.py:137} INFO - [2022-12-27T11:23:24.855+0000] {dag.py:3427} INFO - Setting next_dagrun for example_branch_dop_operator_v3 to 2022-12-27T11:22:00+00:00, run_after=2022-12-27T11:23:00+00:00
[2022-12-27T11:23:25.038+0000] {processor.py:175} INFO - Processing /home/airflow/.local/lib/python3.7/site-packages/airflow/example_dags/example_branch_python_dop_operator_3.py took 0.302 seconds
[2022-12-27T11:23:55.261+0000] {processor.py:153} INFO - Started process (PID=237) to work on /home/airflow/.local/lib/python3.7/site-packages/airflow/example_dags/example_branch_python_dop_operator_3.py
[2022-12-27T11:23:55.263+0000] {processor.py:743} INFO - Processing file /home/airflow/.local/lib/python3.7/site-packages/airflow/example_dags/example_branch_python_dop_operator_3.py for tasks to queue
[2022-12-27T11:23:55.264+0000] {logging_mixin.py:137} INFO - [2022-12-27T11:23:55.263+0000] {dagbag.py:538} INFO - Filling up the DagBag from /home/airflow/.local/lib/python3.7/site-packages/airflow/example_dags/example_branch_python_dop_operator_3.py
[2022-12-27T11:23:55.295+0000] {processor.py:753} INFO - DAG(s) dict_keys(['example_branch_dop_operator_v3']) retrieved from /home/airflow/.local/lib/python3.7/site-packages/airflow/example_dags/example_branch_python_dop_operator_3.py
[2022-12-27T11:23:55.347+0000] {logging_mixin.py:137} INFO - [2022-12-27T11:23:55.347+0000] {dag.py:2676} INFO - Sync 1 DAGs
[2022-12-27T11:23:55.400+0000] {logging_mixin.py:137} INFO - [2022-12-27T11:23:55.400+0000] {dag.py:3427} INFO - Setting next_dagrun for example_branch_dop_operator_v3 to 2022-12-27T11:22:00+00:00, run_after=2022-12-27T11:23:00+00:00
[2022-12-27T11:23:55.463+0000] {processor.py:175} INFO - Processing /home/airflow/.local/lib/python3.7/site-packages/airflow/example_dags/example_branch_python_dop_operator_3.py took 0.208 seconds
[2022-12-27T11:24:25.588+0000] {processor.py:153} INFO - Started process (PID=313) to work on /home/airflow/.local/lib/python3.7/site-packages/airflow/example_dags/example_branch_python_dop_operator_3.py
[2022-12-27T11:24:25.589+0000] {processor.py:743} INFO - Processing file /home/airflow/.local/lib/python3.7/site-packages/airflow/example_dags/example_branch_python_dop_operator_3.py for tasks to queue
[2022-12-27T11:24:25.591+0000] {logging_mixin.py:137} INFO - [2022-12-27T11:24:25.590+0000] {dagbag.py:538} INFO - Filling up the DagBag from /home/airflow/.local/lib/python3.7/site-packages/airflow/example_dags/example_branch_python_dop_operator_3.py
[2022-12-27T11:24:25.619+0000] {processor.py:753} INFO - DAG(s) dict_keys(['example_branch_dop_operator_v3']) retrieved from /home/airflow/.local/lib/python3.7/site-packages/airflow/example_dags/example_branch_python_dop_operator_3.py
[2022-12-27T11:24:25.666+0000] {logging_mixin.py:137} INFO - [2022-12-27T11:24:25.666+0000] {dag.py:2676} INFO - Sync 1 DAGs
[2022-12-27T11:24:25.704+0000] {logging_mixin.py:137} INFO - [2022-12-27T11:24:25.704+0000] {dag.py:3427} INFO - Setting next_dagrun for example_branch_dop_operator_v3 to 2022-12-27T11:23:00+00:00, run_after=2022-12-27T11:24:00+00:00
[2022-12-27T11:24:25.756+0000] {processor.py:175} INFO - Processing /home/airflow/.local/lib/python3.7/site-packages/airflow/example_dags/example_branch_python_dop_operator_3.py took 0.172 seconds
[2022-12-27T11:24:56.288+0000] {processor.py:153} INFO - Started process (PID=376) to work on /home/airflow/.local/lib/python3.7/site-packages/airflow/example_dags/example_branch_python_dop_operator_3.py
[2022-12-27T11:24:56.290+0000] {processor.py:743} INFO - Processing file /home/airflow/.local/lib/python3.7/site-packages/airflow/example_dags/example_branch_python_dop_operator_3.py for tasks to queue
[2022-12-27T11:24:56.292+0000] {logging_mixin.py:137} INFO - [2022-12-27T11:24:56.291+0000] {dagbag.py:538} INFO - Filling up the DagBag from /home/airflow/.local/lib/python3.7/site-packages/airflow/example_dags/example_branch_python_dop_operator_3.py
[2022-12-27T11:24:56.357+0000] {processor.py:753} INFO - DAG(s) dict_keys(['example_branch_dop_operator_v3']) retrieved from /home/airflow/.local/lib/python3.7/site-packages/airflow/example_dags/example_branch_python_dop_operator_3.py
[2022-12-27T11:24:56.442+0000] {logging_mixin.py:137} INFO - [2022-12-27T11:24:56.442+0000] {dag.py:2676} INFO - Sync 1 DAGs
[2022-12-27T11:24:56.516+0000] {logging_mixin.py:137} INFO - [2022-12-27T11:24:56.516+0000] {dag.py:3427} INFO - Setting next_dagrun for example_branch_dop_operator_v3 to 2022-12-27T11:23:00+00:00, run_after=2022-12-27T11:24:00+00:00
[2022-12-27T11:24:56.585+0000] {processor.py:175} INFO - Processing /home/airflow/.local/lib/python3.7/site-packages/airflow/example_dags/example_branch_python_dop_operator_3.py took 0.306 seconds
[2022-12-27T11:25:27.190+0000] {processor.py:153} INFO - Started process (PID=438) to work on /home/airflow/.local/lib/python3.7/site-packages/airflow/example_dags/example_branch_python_dop_operator_3.py
[2022-12-27T11:25:27.191+0000] {processor.py:743} INFO - Processing file /home/airflow/.local/lib/python3.7/site-packages/airflow/example_dags/example_branch_python_dop_operator_3.py for tasks to queue
[2022-12-27T11:25:27.192+0000] {logging_mixin.py:137} INFO - [2022-12-27T11:25:27.192+0000] {dagbag.py:538} INFO - Filling up the DagBag from /home/airflow/.local/lib/python3.7/site-packages/airflow/example_dags/example_branch_python_dop_operator_3.py
[2022-12-27T11:25:27.230+0000] {processor.py:753} INFO - DAG(s) dict_keys(['example_branch_dop_operator_v3']) retrieved from /home/airflow/.local/lib/python3.7/site-packages/airflow/example_dags/example_branch_python_dop_operator_3.py
[2022-12-27T11:25:27.292+0000] {logging_mixin.py:137} INFO - [2022-12-27T11:25:27.291+0000] {dag.py:2676} INFO - Sync 1 DAGs
[2022-12-27T11:25:27.358+0000] {logging_mixin.py:137} INFO - [2022-12-27T11:25:27.358+0000] {dag.py:3427} INFO - Setting next_dagrun for example_branch_dop_operator_v3 to 2022-12-27T11:24:00+00:00, run_after=2022-12-27T11:25:00+00:00
[2022-12-27T11:25:27.448+0000] {processor.py:175} INFO - Processing /home/airflow/.local/lib/python3.7/site-packages/airflow/example_dags/example_branch_python_dop_operator_3.py took 0.264 seconds
[2022-12-27T11:25:57.713+0000] {processor.py:153} INFO - Started process (PID=500) to work on /home/airflow/.local/lib/python3.7/site-packages/airflow/example_dags/example_branch_python_dop_operator_3.py
[2022-12-27T11:25:57.715+0000] {processor.py:743} INFO - Processing file /home/airflow/.local/lib/python3.7/site-packages/airflow/example_dags/example_branch_python_dop_operator_3.py for tasks to queue
[2022-12-27T11:25:57.717+0000] {logging_mixin.py:137} INFO - [2022-12-27T11:25:57.717+0000] {dagbag.py:538} INFO - Filling up the DagBag from /home/airflow/.local/lib/python3.7/site-packages/airflow/example_dags/example_branch_python_dop_operator_3.py
[2022-12-27T11:25:57.800+0000] {processor.py:753} INFO - DAG(s) dict_keys(['example_branch_dop_operator_v3']) retrieved from /home/airflow/.local/lib/python3.7/site-packages/airflow/example_dags/example_branch_python_dop_operator_3.py
[2022-12-27T11:25:57.919+0000] {logging_mixin.py:137} INFO - [2022-12-27T11:25:57.919+0000] {dag.py:2676} INFO - Sync 1 DAGs
[2022-12-27T11:25:58.045+0000] {logging_mixin.py:137} INFO - [2022-12-27T11:25:58.044+0000] {dag.py:3427} INFO - Setting next_dagrun for example_branch_dop_operator_v3 to 2022-12-27T11:24:00+00:00, run_after=2022-12-27T11:25:00+00:00
[2022-12-27T11:25:58.147+0000] {processor.py:175} INFO - Processing /home/airflow/.local/lib/python3.7/site-packages/airflow/example_dags/example_branch_python_dop_operator_3.py took 0.444 seconds
[2022-12-27T11:26:28.477+0000] {processor.py:153} INFO - Started process (PID=571) to work on /home/airflow/.local/lib/python3.7/site-packages/airflow/example_dags/example_branch_python_dop_operator_3.py
[2022-12-27T11:26:28.481+0000] {processor.py:743} INFO - Processing file /home/airflow/.local/lib/python3.7/site-packages/airflow/example_dags/example_branch_python_dop_operator_3.py for tasks to queue
[2022-12-27T11:26:28.482+0000] {logging_mixin.py:137} INFO - [2022-12-27T11:26:28.481+0000] {dagbag.py:538} INFO - Filling up the DagBag from /home/airflow/.local/lib/python3.7/site-packages/airflow/example_dags/example_branch_python_dop_operator_3.py
[2022-12-27T11:26:28.523+0000] {processor.py:753} INFO - DAG(s) dict_keys(['example_branch_dop_operator_v3']) retrieved from /home/airflow/.local/lib/python3.7/site-packages/airflow/example_dags/example_branch_python_dop_operator_3.py
[2022-12-27T11:26:28.592+0000] {logging_mixin.py:137} INFO - [2022-12-27T11:26:28.592+0000] {dag.py:2676} INFO - Sync 1 DAGs
[2022-12-27T11:26:28.669+0000] {logging_mixin.py:137} INFO - [2022-12-27T11:26:28.669+0000] {dag.py:3427} INFO - Setting next_dagrun for example_branch_dop_operator_v3 to 2022-12-27T11:25:00+00:00, run_after=2022-12-27T11:26:00+00:00
[2022-12-27T11:26:28.862+0000] {processor.py:175} INFO - Processing /home/airflow/.local/lib/python3.7/site-packages/airflow/example_dags/example_branch_python_dop_operator_3.py took 0.393 seconds
[2022-12-27T11:26:59.632+0000] {processor.py:153} INFO - Started process (PID=635) to work on /home/airflow/.local/lib/python3.7/site-packages/airflow/example_dags/example_branch_python_dop_operator_3.py
[2022-12-27T11:26:59.633+0000] {processor.py:743} INFO - Processing file /home/airflow/.local/lib/python3.7/site-packages/airflow/example_dags/example_branch_python_dop_operator_3.py for tasks to queue
[2022-12-27T11:26:59.634+0000] {logging_mixin.py:137} INFO - [2022-12-27T11:26:59.634+0000] {dagbag.py:538} INFO - Filling up the DagBag from /home/airflow/.local/lib/python3.7/site-packages/airflow/example_dags/example_branch_python_dop_operator_3.py
[2022-12-27T11:26:59.669+0000] {processor.py:753} INFO - DAG(s) dict_keys(['example_branch_dop_operator_v3']) retrieved from /home/airflow/.local/lib/python3.7/site-packages/airflow/example_dags/example_branch_python_dop_operator_3.py
[2022-12-27T11:26:59.718+0000] {logging_mixin.py:137} INFO - [2022-12-27T11:26:59.717+0000] {dag.py:2676} INFO - Sync 1 DAGs
[2022-12-27T11:26:59.753+0000] {logging_mixin.py:137} INFO - [2022-12-27T11:26:59.753+0000] {dag.py:3427} INFO - Setting next_dagrun for example_branch_dop_operator_v3 to 2022-12-27T11:25:00+00:00, run_after=2022-12-27T11:26:00+00:00
[2022-12-27T11:26:59.806+0000] {processor.py:175} INFO - Processing /home/airflow/.local/lib/python3.7/site-packages/airflow/example_dags/example_branch_python_dop_operator_3.py took 0.178 seconds
[2022-12-27T11:27:30.549+0000] {processor.py:153} INFO - Started process (PID=696) to work on /home/airflow/.local/lib/python3.7/site-packages/airflow/example_dags/example_branch_python_dop_operator_3.py
[2022-12-27T11:27:30.551+0000] {processor.py:743} INFO - Processing file /home/airflow/.local/lib/python3.7/site-packages/airflow/example_dags/example_branch_python_dop_operator_3.py for tasks to queue
[2022-12-27T11:27:30.552+0000] {logging_mixin.py:137} INFO - [2022-12-27T11:27:30.552+0000] {dagbag.py:538} INFO - Filling up the DagBag from /home/airflow/.local/lib/python3.7/site-packages/airflow/example_dags/example_branch_python_dop_operator_3.py
[2022-12-27T11:27:30.585+0000] {processor.py:753} INFO - DAG(s) dict_keys(['example_branch_dop_operator_v3']) retrieved from /home/airflow/.local/lib/python3.7/site-packages/airflow/example_dags/example_branch_python_dop_operator_3.py
[2022-12-27T11:27:30.625+0000] {logging_mixin.py:137} INFO - [2022-12-27T11:27:30.625+0000] {dag.py:2676} INFO - Sync 1 DAGs
[2022-12-27T11:27:30.659+0000] {logging_mixin.py:137} INFO - [2022-12-27T11:27:30.658+0000] {dag.py:3427} INFO - Setting next_dagrun for example_branch_dop_operator_v3 to 2022-12-27T11:26:00+00:00, run_after=2022-12-27T11:27:00+00:00
[2022-12-27T11:27:30.831+0000] {processor.py:175} INFO - Processing /home/airflow/.local/lib/python3.7/site-packages/airflow/example_dags/example_branch_python_dop_operator_3.py took 0.288 seconds
[2022-12-27T11:28:01.544+0000] {processor.py:153} INFO - Started process (PID=765) to work on /home/airflow/.local/lib/python3.7/site-packages/airflow/example_dags/example_branch_python_dop_operator_3.py
[2022-12-27T11:28:01.547+0000] {processor.py:743} INFO - Processing file /home/airflow/.local/lib/python3.7/site-packages/airflow/example_dags/example_branch_python_dop_operator_3.py for tasks to queue
[2022-12-27T11:28:01.549+0000] {logging_mixin.py:137} INFO - [2022-12-27T11:28:01.548+0000] {dagbag.py:538} INFO - Filling up the DagBag from /home/airflow/.local/lib/python3.7/site-packages/airflow/example_dags/example_branch_python_dop_operator_3.py
[2022-12-27T11:28:01.635+0000] {processor.py:753} INFO - DAG(s) dict_keys(['example_branch_dop_operator_v3']) retrieved from /home/airflow/.local/lib/python3.7/site-packages/airflow/example_dags/example_branch_python_dop_operator_3.py
[2022-12-27T11:28:01.730+0000] {logging_mixin.py:137} INFO - [2022-12-27T11:28:01.729+0000] {dag.py:2676} INFO - Sync 1 DAGs
[2022-12-27T11:28:01.801+0000] {logging_mixin.py:137} INFO - [2022-12-27T11:28:01.801+0000] {dag.py:3427} INFO - Setting next_dagrun for example_branch_dop_operator_v3 to 2022-12-27T11:27:00+00:00, run_after=2022-12-27T11:28:00+00:00
[2022-12-27T11:28:01.872+0000] {processor.py:175} INFO - Processing /home/airflow/.local/lib/python3.7/site-packages/airflow/example_dags/example_branch_python_dop_operator_3.py took 0.338 seconds
[2022-12-27T11:28:32.590+0000] {processor.py:153} INFO - Started process (PID=832) to work on /home/airflow/.local/lib/python3.7/site-packages/airflow/example_dags/example_branch_python_dop_operator_3.py
[2022-12-27T11:28:32.591+0000] {processor.py:743} INFO - Processing file /home/airflow/.local/lib/python3.7/site-packages/airflow/example_dags/example_branch_python_dop_operator_3.py for tasks to queue
[2022-12-27T11:28:32.592+0000] {logging_mixin.py:137} INFO - [2022-12-27T11:28:32.592+0000] {dagbag.py:538} INFO - Filling up the DagBag from /home/airflow/.local/lib/python3.7/site-packages/airflow/example_dags/example_branch_python_dop_operator_3.py
[2022-12-27T11:28:32.624+0000] {processor.py:753} INFO - DAG(s) dict_keys(['example_branch_dop_operator_v3']) retrieved from /home/airflow/.local/lib/python3.7/site-packages/airflow/example_dags/example_branch_python_dop_operator_3.py
[2022-12-27T11:28:32.663+0000] {logging_mixin.py:137} INFO - [2022-12-27T11:28:32.663+0000] {dag.py:2676} INFO - Sync 1 DAGs
[2022-12-27T11:28:32.693+0000] {logging_mixin.py:137} INFO - [2022-12-27T11:28:32.693+0000] {dag.py:3427} INFO - Setting next_dagrun for example_branch_dop_operator_v3 to 2022-12-27T11:27:00+00:00, run_after=2022-12-27T11:28:00+00:00
[2022-12-27T11:28:32.843+0000] {processor.py:175} INFO - Processing /home/airflow/.local/lib/python3.7/site-packages/airflow/example_dags/example_branch_python_dop_operator_3.py took 0.257 seconds
[2022-12-27T11:29:03.014+0000] {processor.py:153} INFO - Started process (PID=895) to work on /home/airflow/.local/lib/python3.7/site-packages/airflow/example_dags/example_branch_python_dop_operator_3.py
[2022-12-27T11:29:03.015+0000] {processor.py:743} INFO - Processing file /home/airflow/.local/lib/python3.7/site-packages/airflow/example_dags/example_branch_python_dop_operator_3.py for tasks to queue
[2022-12-27T11:29:03.016+0000] {logging_mixin.py:137} INFO - [2022-12-27T11:29:03.016+0000] {dagbag.py:538} INFO - Filling up the DagBag from /home/airflow/.local/lib/python3.7/site-packages/airflow/example_dags/example_branch_python_dop_operator_3.py
[2022-12-27T11:29:03.045+0000] {processor.py:753} INFO - DAG(s) dict_keys(['example_branch_dop_operator_v3']) retrieved from /home/airflow/.local/lib/python3.7/site-packages/airflow/example_dags/example_branch_python_dop_operator_3.py
[2022-12-27T11:29:03.095+0000] {logging_mixin.py:137} INFO - [2022-12-27T11:29:03.095+0000] {dag.py:2676} INFO - Sync 1 DAGs
[2022-12-27T11:29:03.135+0000] {logging_mixin.py:137} INFO - [2022-12-27T11:29:03.135+0000] {dag.py:3427} INFO - Setting next_dagrun for example_branch_dop_operator_v3 to 2022-12-27T11:28:00+00:00, run_after=2022-12-27T11:29:00+00:00
[2022-12-27T11:29:03.260+0000] {processor.py:175} INFO - Processing /home/airflow/.local/lib/python3.7/site-packages/airflow/example_dags/example_branch_python_dop_operator_3.py took 0.249 seconds
[2022-12-27T11:29:33.387+0000] {processor.py:153} INFO - Started process (PID=957) to work on /home/airflow/.local/lib/python3.7/site-packages/airflow/example_dags/example_branch_python_dop_operator_3.py
[2022-12-27T11:29:33.388+0000] {processor.py:743} INFO - Processing file /home/airflow/.local/lib/python3.7/site-packages/airflow/example_dags/example_branch_python_dop_operator_3.py for tasks to queue
[2022-12-27T11:29:33.389+0000] {logging_mixin.py:137} INFO - [2022-12-27T11:29:33.389+0000] {dagbag.py:538} INFO - Filling up the DagBag from /home/airflow/.local/lib/python3.7/site-packages/airflow/example_dags/example_branch_python_dop_operator_3.py
[2022-12-27T11:29:33.417+0000] {processor.py:753} INFO - DAG(s) dict_keys(['example_branch_dop_operator_v3']) retrieved from /home/airflow/.local/lib/python3.7/site-packages/airflow/example_dags/example_branch_python_dop_operator_3.py
[2022-12-27T11:29:33.460+0000] {logging_mixin.py:137} INFO - [2022-12-27T11:29:33.460+0000] {dag.py:2676} INFO - Sync 1 DAGs
[2022-12-27T11:29:33.494+0000] {logging_mixin.py:137} INFO - [2022-12-27T11:29:33.494+0000] {dag.py:3427} INFO - Setting next_dagrun for example_branch_dop_operator_v3 to 2022-12-27T11:28:00+00:00, run_after=2022-12-27T11:29:00+00:00
[2022-12-27T11:29:33.537+0000] {processor.py:175} INFO - Processing /home/airflow/.local/lib/python3.7/site-packages/airflow/example_dags/example_branch_python_dop_operator_3.py took 0.154 seconds
[2022-12-27T11:30:04.091+0000] {processor.py:153} INFO - Started process (PID=1031) to work on /home/airflow/.local/lib/python3.7/site-packages/airflow/example_dags/example_branch_python_dop_operator_3.py
[2022-12-27T11:30:04.092+0000] {processor.py:743} INFO - Processing file /home/airflow/.local/lib/python3.7/site-packages/airflow/example_dags/example_branch_python_dop_operator_3.py for tasks to queue
[2022-12-27T11:30:04.094+0000] {logging_mixin.py:137} INFO - [2022-12-27T11:30:04.094+0000] {dagbag.py:538} INFO - Filling up the DagBag from /home/airflow/.local/lib/python3.7/site-packages/airflow/example_dags/example_branch_python_dop_operator_3.py
[2022-12-27T11:30:04.150+0000] {processor.py:753} INFO - DAG(s) dict_keys(['example_branch_dop_operator_v3']) retrieved from /home/airflow/.local/lib/python3.7/site-packages/airflow/example_dags/example_branch_python_dop_operator_3.py
[2022-12-27T11:30:04.229+0000] {logging_mixin.py:137} INFO - [2022-12-27T11:30:04.229+0000] {dag.py:2676} INFO - Sync 1 DAGs
[2022-12-27T11:30:04.296+0000] {logging_mixin.py:137} INFO - [2022-12-27T11:30:04.296+0000] {dag.py:3427} INFO - Setting next_dagrun for example_branch_dop_operator_v3 to 2022-12-27T11:29:00+00:00, run_after=2022-12-27T11:30:00+00:00
[2022-12-27T11:30:04.368+0000] {processor.py:175} INFO - Processing /home/airflow/.local/lib/python3.7/site-packages/airflow/example_dags/example_branch_python_dop_operator_3.py took 0.286 seconds
[2022-12-27T11:30:35.361+0000] {processor.py:153} INFO - Started process (PID=1093) to work on /home/airflow/.local/lib/python3.7/site-packages/airflow/example_dags/example_branch_python_dop_operator_3.py
[2022-12-27T11:30:35.364+0000] {processor.py:743} INFO - Processing file /home/airflow/.local/lib/python3.7/site-packages/airflow/example_dags/example_branch_python_dop_operator_3.py for tasks to queue
[2022-12-27T11:30:35.367+0000] {logging_mixin.py:137} INFO - [2022-12-27T11:30:35.366+0000] {dagbag.py:538} INFO - Filling up the DagBag from /home/airflow/.local/lib/python3.7/site-packages/airflow/example_dags/example_branch_python_dop_operator_3.py
[2022-12-27T11:30:35.430+0000] {processor.py:753} INFO - DAG(s) dict_keys(['example_branch_dop_operator_v3']) retrieved from /home/airflow/.local/lib/python3.7/site-packages/airflow/example_dags/example_branch_python_dop_operator_3.py
[2022-12-27T11:30:35.546+0000] {logging_mixin.py:137} INFO - [2022-12-27T11:30:35.546+0000] {dag.py:2676} INFO - Sync 1 DAGs
[2022-12-27T11:30:35.649+0000] {logging_mixin.py:137} INFO - [2022-12-27T11:30:35.649+0000] {dag.py:3427} INFO - Setting next_dagrun for example_branch_dop_operator_v3 to 2022-12-27T11:29:00+00:00, run_after=2022-12-27T11:30:00+00:00
[2022-12-27T11:30:35.776+0000] {processor.py:175} INFO - Processing /home/airflow/.local/lib/python3.7/site-packages/airflow/example_dags/example_branch_python_dop_operator_3.py took 0.426 seconds
[2022-12-27T11:31:06.508+0000] {processor.py:153} INFO - Started process (PID=1168) to work on /home/airflow/.local/lib/python3.7/site-packages/airflow/example_dags/example_branch_python_dop_operator_3.py
[2022-12-27T11:31:06.510+0000] {processor.py:743} INFO - Processing file /home/airflow/.local/lib/python3.7/site-packages/airflow/example_dags/example_branch_python_dop_operator_3.py for tasks to queue
[2022-12-27T11:31:06.511+0000] {logging_mixin.py:137} INFO - [2022-12-27T11:31:06.511+0000] {dagbag.py:538} INFO - Filling up the DagBag from /home/airflow/.local/lib/python3.7/site-packages/airflow/example_dags/example_branch_python_dop_operator_3.py
[2022-12-27T11:31:06.551+0000] {processor.py:753} INFO - DAG(s) dict_keys(['example_branch_dop_operator_v3']) retrieved from /home/airflow/.local/lib/python3.7/site-packages/airflow/example_dags/example_branch_python_dop_operator_3.py
[2022-12-27T11:31:06.605+0000] {logging_mixin.py:137} INFO - [2022-12-27T11:31:06.605+0000] {dag.py:2676} INFO - Sync 1 DAGs
[2022-12-27T11:31:06.652+0000] {logging_mixin.py:137} INFO - [2022-12-27T11:31:06.651+0000] {dag.py:3427} INFO - Setting next_dagrun for example_branch_dop_operator_v3 to 2022-12-27T11:30:00+00:00, run_after=2022-12-27T11:31:00+00:00
[2022-12-27T11:31:06.903+0000] {processor.py:175} INFO - Processing /home/airflow/.local/lib/python3.7/site-packages/airflow/example_dags/example_branch_python_dop_operator_3.py took 0.401 seconds
[2022-12-27T11:31:37.848+0000] {processor.py:153} INFO - Started process (PID=1230) to work on /home/airflow/.local/lib/python3.7/site-packages/airflow/example_dags/example_branch_python_dop_operator_3.py
[2022-12-27T11:31:37.850+0000] {processor.py:743} INFO - Processing file /home/airflow/.local/lib/python3.7/site-packages/airflow/example_dags/example_branch_python_dop_operator_3.py for tasks to queue
[2022-12-27T11:31:37.852+0000] {logging_mixin.py:137} INFO - [2022-12-27T11:31:37.851+0000] {dagbag.py:538} INFO - Filling up the DagBag from /home/airflow/.local/lib/python3.7/site-packages/airflow/example_dags/example_branch_python_dop_operator_3.py
[2022-12-27T11:31:37.881+0000] {processor.py:753} INFO - DAG(s) dict_keys(['example_branch_dop_operator_v3']) retrieved from /home/airflow/.local/lib/python3.7/site-packages/airflow/example_dags/example_branch_python_dop_operator_3.py
[2022-12-27T11:31:37.923+0000] {logging_mixin.py:137} INFO - [2022-12-27T11:31:37.923+0000] {dag.py:2676} INFO - Sync 1 DAGs
[2022-12-27T11:31:37.963+0000] {logging_mixin.py:137} INFO - [2022-12-27T11:31:37.963+0000] {dag.py:3427} INFO - Setting next_dagrun for example_branch_dop_operator_v3 to 2022-12-27T11:30:00+00:00, run_after=2022-12-27T11:31:00+00:00
[2022-12-27T11:31:38.034+0000] {processor.py:175} INFO - Processing /home/airflow/.local/lib/python3.7/site-packages/airflow/example_dags/example_branch_python_dop_operator_3.py took 0.193 seconds
[2022-12-27T11:32:08.803+0000] {processor.py:153} INFO - Started process (PID=1292) to work on /home/airflow/.local/lib/python3.7/site-packages/airflow/example_dags/example_branch_python_dop_operator_3.py
[2022-12-27T11:32:08.804+0000] {processor.py:743} INFO - Processing file /home/airflow/.local/lib/python3.7/site-packages/airflow/example_dags/example_branch_python_dop_operator_3.py for tasks to queue
[2022-12-27T11:32:08.806+0000] {logging_mixin.py:137} INFO - [2022-12-27T11:32:08.805+0000] {dagbag.py:538} INFO - Filling up the DagBag from /home/airflow/.local/lib/python3.7/site-packages/airflow/example_dags/example_branch_python_dop_operator_3.py
[2022-12-27T11:32:08.839+0000] {processor.py:753} INFO - DAG(s) dict_keys(['example_branch_dop_operator_v3']) retrieved from /home/airflow/.local/lib/python3.7/site-packages/airflow/example_dags/example_branch_python_dop_operator_3.py
[2022-12-27T11:32:08.894+0000] {logging_mixin.py:137} INFO - [2022-12-27T11:32:08.894+0000] {dag.py:2676} INFO - Sync 1 DAGs
[2022-12-27T11:32:08.936+0000] {logging_mixin.py:137} INFO - [2022-12-27T11:32:08.936+0000] {dag.py:3427} INFO - Setting next_dagrun for example_branch_dop_operator_v3 to 2022-12-27T11:31:00+00:00, run_after=2022-12-27T11:32:00+00:00
[2022-12-27T11:32:09.041+0000] {processor.py:175} INFO - Processing /home/airflow/.local/lib/python3.7/site-packages/airflow/example_dags/example_branch_python_dop_operator_3.py took 0.244 seconds
[2022-12-27T11:32:39.609+0000] {processor.py:153} INFO - Started process (PID=1367) to work on /home/airflow/.local/lib/python3.7/site-packages/airflow/example_dags/example_branch_python_dop_operator_3.py
[2022-12-27T11:32:39.611+0000] {processor.py:743} INFO - Processing file /home/airflow/.local/lib/python3.7/site-packages/airflow/example_dags/example_branch_python_dop_operator_3.py for tasks to queue
[2022-12-27T11:32:39.612+0000] {logging_mixin.py:137} INFO - [2022-12-27T11:32:39.612+0000] {dagbag.py:538} INFO - Filling up the DagBag from /home/airflow/.local/lib/python3.7/site-packages/airflow/example_dags/example_branch_python_dop_operator_3.py
[2022-12-27T11:32:39.641+0000] {processor.py:753} INFO - DAG(s) dict_keys(['example_branch_dop_operator_v3']) retrieved from /home/airflow/.local/lib/python3.7/site-packages/airflow/example_dags/example_branch_python_dop_operator_3.py
[2022-12-27T11:32:39.682+0000] {logging_mixin.py:137} INFO - [2022-12-27T11:32:39.682+0000] {dag.py:2676} INFO - Sync 1 DAGs
[2022-12-27T11:32:39.723+0000] {logging_mixin.py:137} INFO - [2022-12-27T11:32:39.723+0000] {dag.py:3427} INFO - Setting next_dagrun for example_branch_dop_operator_v3 to 2022-12-27T11:31:00+00:00, run_after=2022-12-27T11:32:00+00:00
[2022-12-27T11:32:39.853+0000] {processor.py:175} INFO - Processing /home/airflow/.local/lib/python3.7/site-packages/airflow/example_dags/example_branch_python_dop_operator_3.py took 0.251 seconds
[2022-12-27T11:33:10.439+0000] {processor.py:153} INFO - Started process (PID=1429) to work on /home/airflow/.local/lib/python3.7/site-packages/airflow/example_dags/example_branch_python_dop_operator_3.py
[2022-12-27T11:33:10.440+0000] {processor.py:743} INFO - Processing file /home/airflow/.local/lib/python3.7/site-packages/airflow/example_dags/example_branch_python_dop_operator_3.py for tasks to queue
[2022-12-27T11:33:10.441+0000] {logging_mixin.py:137} INFO - [2022-12-27T11:33:10.441+0000] {dagbag.py:538} INFO - Filling up the DagBag from /home/airflow/.local/lib/python3.7/site-packages/airflow/example_dags/example_branch_python_dop_operator_3.py
[2022-12-27T11:33:10.472+0000] {processor.py:753} INFO - DAG(s) dict_keys(['example_branch_dop_operator_v3']) retrieved from /home/airflow/.local/lib/python3.7/site-packages/airflow/example_dags/example_branch_python_dop_operator_3.py
[2022-12-27T11:33:10.521+0000] {logging_mixin.py:137} INFO - [2022-12-27T11:33:10.521+0000] {dag.py:2676} INFO - Sync 1 DAGs
[2022-12-27T11:33:10.560+0000] {logging_mixin.py:137} INFO - [2022-12-27T11:33:10.559+0000] {dag.py:3427} INFO - Setting next_dagrun for example_branch_dop_operator_v3 to 2022-12-27T11:32:00+00:00, run_after=2022-12-27T11:33:00+00:00
[2022-12-27T11:33:10.607+0000] {processor.py:175} INFO - Processing /home/airflow/.local/lib/python3.7/site-packages/airflow/example_dags/example_branch_python_dop_operator_3.py took 0.173 seconds
[2022-12-27T11:33:40.683+0000] {processor.py:153} INFO - Started process (PID=1491) to work on /home/airflow/.local/lib/python3.7/site-packages/airflow/example_dags/example_branch_python_dop_operator_3.py
[2022-12-27T11:33:40.684+0000] {processor.py:743} INFO - Processing file /home/airflow/.local/lib/python3.7/site-packages/airflow/example_dags/example_branch_python_dop_operator_3.py for tasks to queue
[2022-12-27T11:33:40.685+0000] {logging_mixin.py:137} INFO - [2022-12-27T11:33:40.685+0000] {dagbag.py:538} INFO - Filling up the DagBag from /home/airflow/.local/lib/python3.7/site-packages/airflow/example_dags/example_branch_python_dop_operator_3.py
[2022-12-27T11:33:40.715+0000] {processor.py:753} INFO - DAG(s) dict_keys(['example_branch_dop_operator_v3']) retrieved from /home/airflow/.local/lib/python3.7/site-packages/airflow/example_dags/example_branch_python_dop_operator_3.py
[2022-12-27T11:33:40.768+0000] {logging_mixin.py:137} INFO - [2022-12-27T11:33:40.767+0000] {dag.py:2676} INFO - Sync 1 DAGs
[2022-12-27T11:33:40.811+0000] {logging_mixin.py:137} INFO - [2022-12-27T11:33:40.810+0000] {dag.py:3427} INFO - Setting next_dagrun for example_branch_dop_operator_v3 to 2022-12-27T11:32:00+00:00, run_after=2022-12-27T11:33:00+00:00
[2022-12-27T11:33:41.052+0000] {processor.py:175} INFO - Processing /home/airflow/.local/lib/python3.7/site-packages/airflow/example_dags/example_branch_python_dop_operator_3.py took 0.376 seconds
[2022-12-27T11:34:11.224+0000] {processor.py:153} INFO - Started process (PID=1565) to work on /home/airflow/.local/lib/python3.7/site-packages/airflow/example_dags/example_branch_python_dop_operator_3.py
[2022-12-27T11:34:11.227+0000] {processor.py:743} INFO - Processing file /home/airflow/.local/lib/python3.7/site-packages/airflow/example_dags/example_branch_python_dop_operator_3.py for tasks to queue
[2022-12-27T11:34:11.229+0000] {logging_mixin.py:137} INFO - [2022-12-27T11:34:11.229+0000] {dagbag.py:538} INFO - Filling up the DagBag from /home/airflow/.local/lib/python3.7/site-packages/airflow/example_dags/example_branch_python_dop_operator_3.py
[2022-12-27T11:34:11.284+0000] {processor.py:753} INFO - DAG(s) dict_keys(['example_branch_dop_operator_v3']) retrieved from /home/airflow/.local/lib/python3.7/site-packages/airflow/example_dags/example_branch_python_dop_operator_3.py
[2022-12-27T11:34:11.367+0000] {logging_mixin.py:137} INFO - [2022-12-27T11:34:11.366+0000] {dag.py:2676} INFO - Sync 1 DAGs
[2022-12-27T11:34:11.445+0000] {logging_mixin.py:137} INFO - [2022-12-27T11:34:11.444+0000] {dag.py:3427} INFO - Setting next_dagrun for example_branch_dop_operator_v3 to 2022-12-27T11:33:00+00:00, run_after=2022-12-27T11:34:00+00:00
[2022-12-27T11:34:11.609+0000] {processor.py:175} INFO - Processing /home/airflow/.local/lib/python3.7/site-packages/airflow/example_dags/example_branch_python_dop_operator_3.py took 0.396 seconds
[2022-12-27T11:34:41.870+0000] {processor.py:153} INFO - Started process (PID=1627) to work on /home/airflow/.local/lib/python3.7/site-packages/airflow/example_dags/example_branch_python_dop_operator_3.py
[2022-12-27T11:34:41.872+0000] {processor.py:743} INFO - Processing file /home/airflow/.local/lib/python3.7/site-packages/airflow/example_dags/example_branch_python_dop_operator_3.py for tasks to queue
[2022-12-27T11:34:41.873+0000] {logging_mixin.py:137} INFO - [2022-12-27T11:34:41.873+0000] {dagbag.py:538} INFO - Filling up the DagBag from /home/airflow/.local/lib/python3.7/site-packages/airflow/example_dags/example_branch_python_dop_operator_3.py
[2022-12-27T11:34:41.901+0000] {processor.py:753} INFO - DAG(s) dict_keys(['example_branch_dop_operator_v3']) retrieved from /home/airflow/.local/lib/python3.7/site-packages/airflow/example_dags/example_branch_python_dop_operator_3.py
[2022-12-27T11:34:41.942+0000] {logging_mixin.py:137} INFO - [2022-12-27T11:34:41.942+0000] {dag.py:2676} INFO - Sync 1 DAGs
[2022-12-27T11:34:41.975+0000] {logging_mixin.py:137} INFO - [2022-12-27T11:34:41.974+0000] {dag.py:3427} INFO - Setting next_dagrun for example_branch_dop_operator_v3 to 2022-12-27T11:33:00+00:00, run_after=2022-12-27T11:34:00+00:00
[2022-12-27T11:34:42.123+0000] {processor.py:175} INFO - Processing /home/airflow/.local/lib/python3.7/site-packages/airflow/example_dags/example_branch_python_dop_operator_3.py took 0.263 seconds
[2022-12-27T11:35:12.544+0000] {processor.py:153} INFO - Started process (PID=1689) to work on /home/airflow/.local/lib/python3.7/site-packages/airflow/example_dags/example_branch_python_dop_operator_3.py
[2022-12-27T11:35:12.546+0000] {processor.py:743} INFO - Processing file /home/airflow/.local/lib/python3.7/site-packages/airflow/example_dags/example_branch_python_dop_operator_3.py for tasks to queue
[2022-12-27T11:35:12.547+0000] {logging_mixin.py:137} INFO - [2022-12-27T11:35:12.547+0000] {dagbag.py:538} INFO - Filling up the DagBag from /home/airflow/.local/lib/python3.7/site-packages/airflow/example_dags/example_branch_python_dop_operator_3.py
[2022-12-27T11:35:12.582+0000] {processor.py:753} INFO - DAG(s) dict_keys(['example_branch_dop_operator_v3']) retrieved from /home/airflow/.local/lib/python3.7/site-packages/airflow/example_dags/example_branch_python_dop_operator_3.py
[2022-12-27T11:35:12.630+0000] {logging_mixin.py:137} INFO - [2022-12-27T11:35:12.630+0000] {dag.py:2676} INFO - Sync 1 DAGs
[2022-12-27T11:35:12.674+0000] {logging_mixin.py:137} INFO - [2022-12-27T11:35:12.674+0000] {dag.py:3427} INFO - Setting next_dagrun for example_branch_dop_operator_v3 to 2022-12-27T11:34:00+00:00, run_after=2022-12-27T11:35:00+00:00
[2022-12-27T11:35:12.766+0000] {processor.py:175} INFO - Processing /home/airflow/.local/lib/python3.7/site-packages/airflow/example_dags/example_branch_python_dop_operator_3.py took 0.227 seconds
[2022-12-27T11:35:42.916+0000] {processor.py:153} INFO - Started process (PID=1764) to work on /home/airflow/.local/lib/python3.7/site-packages/airflow/example_dags/example_branch_python_dop_operator_3.py
[2022-12-27T11:35:42.918+0000] {processor.py:743} INFO - Processing file /home/airflow/.local/lib/python3.7/site-packages/airflow/example_dags/example_branch_python_dop_operator_3.py for tasks to queue
[2022-12-27T11:35:42.920+0000] {logging_mixin.py:137} INFO - [2022-12-27T11:35:42.919+0000] {dagbag.py:538} INFO - Filling up the DagBag from /home/airflow/.local/lib/python3.7/site-packages/airflow/example_dags/example_branch_python_dop_operator_3.py
[2022-12-27T11:35:42.980+0000] {processor.py:753} INFO - DAG(s) dict_keys(['example_branch_dop_operator_v3']) retrieved from /home/airflow/.local/lib/python3.7/site-packages/airflow/example_dags/example_branch_python_dop_operator_3.py
[2022-12-27T11:35:43.063+0000] {logging_mixin.py:137} INFO - [2022-12-27T11:35:43.063+0000] {dag.py:2676} INFO - Sync 1 DAGs
[2022-12-27T11:35:43.128+0000] {logging_mixin.py:137} INFO - [2022-12-27T11:35:43.128+0000] {dag.py:3427} INFO - Setting next_dagrun for example_branch_dop_operator_v3 to 2022-12-27T11:34:00+00:00, run_after=2022-12-27T11:35:00+00:00
[2022-12-27T11:35:43.228+0000] {processor.py:175} INFO - Processing /home/airflow/.local/lib/python3.7/site-packages/airflow/example_dags/example_branch_python_dop_operator_3.py took 0.319 seconds
[2022-12-27T11:36:13.359+0000] {processor.py:153} INFO - Started process (PID=1827) to work on /home/airflow/.local/lib/python3.7/site-packages/airflow/example_dags/example_branch_python_dop_operator_3.py
[2022-12-27T11:36:13.360+0000] {processor.py:743} INFO - Processing file /home/airflow/.local/lib/python3.7/site-packages/airflow/example_dags/example_branch_python_dop_operator_3.py for tasks to queue
[2022-12-27T11:36:13.361+0000] {logging_mixin.py:137} INFO - [2022-12-27T11:36:13.361+0000] {dagbag.py:538} INFO - Filling up the DagBag from /home/airflow/.local/lib/python3.7/site-packages/airflow/example_dags/example_branch_python_dop_operator_3.py
[2022-12-27T11:36:13.390+0000] {processor.py:753} INFO - DAG(s) dict_keys(['example_branch_dop_operator_v3']) retrieved from /home/airflow/.local/lib/python3.7/site-packages/airflow/example_dags/example_branch_python_dop_operator_3.py
[2022-12-27T11:36:13.433+0000] {logging_mixin.py:137} INFO - [2022-12-27T11:36:13.433+0000] {dag.py:2676} INFO - Sync 1 DAGs
[2022-12-27T11:36:13.468+0000] {logging_mixin.py:137} INFO - [2022-12-27T11:36:13.468+0000] {dag.py:3427} INFO - Setting next_dagrun for example_branch_dop_operator_v3 to 2022-12-27T11:35:00+00:00, run_after=2022-12-27T11:36:00+00:00
[2022-12-27T11:36:13.522+0000] {processor.py:175} INFO - Processing /home/airflow/.local/lib/python3.7/site-packages/airflow/example_dags/example_branch_python_dop_operator_3.py took 0.168 seconds
[2022-12-27T11:36:43.783+0000] {processor.py:153} INFO - Started process (PID=1889) to work on /home/airflow/.local/lib/python3.7/site-packages/airflow/example_dags/example_branch_python_dop_operator_3.py
[2022-12-27T11:36:43.786+0000] {processor.py:743} INFO - Processing file /home/airflow/.local/lib/python3.7/site-packages/airflow/example_dags/example_branch_python_dop_operator_3.py for tasks to queue
[2022-12-27T11:36:43.788+0000] {logging_mixin.py:137} INFO - [2022-12-27T11:36:43.787+0000] {dagbag.py:538} INFO - Filling up the DagBag from /home/airflow/.local/lib/python3.7/site-packages/airflow/example_dags/example_branch_python_dop_operator_3.py
[2022-12-27T11:36:43.904+0000] {processor.py:753} INFO - DAG(s) dict_keys(['example_branch_dop_operator_v3']) retrieved from /home/airflow/.local/lib/python3.7/site-packages/airflow/example_dags/example_branch_python_dop_operator_3.py
[2022-12-27T11:36:44.001+0000] {logging_mixin.py:137} INFO - [2022-12-27T11:36:44.001+0000] {dag.py:2676} INFO - Sync 1 DAGs
[2022-12-27T11:36:44.065+0000] {logging_mixin.py:137} INFO - [2022-12-27T11:36:44.065+0000] {dag.py:3427} INFO - Setting next_dagrun for example_branch_dop_operator_v3 to 2022-12-27T11:35:00+00:00, run_after=2022-12-27T11:36:00+00:00
[2022-12-27T11:36:44.158+0000] {processor.py:175} INFO - Processing /home/airflow/.local/lib/python3.7/site-packages/airflow/example_dags/example_branch_python_dop_operator_3.py took 0.386 seconds
[2022-12-27T11:37:14.506+0000] {processor.py:153} INFO - Started process (PID=1952) to work on /home/airflow/.local/lib/python3.7/site-packages/airflow/example_dags/example_branch_python_dop_operator_3.py
[2022-12-27T11:37:14.507+0000] {processor.py:743} INFO - Processing file /home/airflow/.local/lib/python3.7/site-packages/airflow/example_dags/example_branch_python_dop_operator_3.py for tasks to queue
[2022-12-27T11:37:14.508+0000] {logging_mixin.py:137} INFO - [2022-12-27T11:37:14.508+0000] {dagbag.py:538} INFO - Filling up the DagBag from /home/airflow/.local/lib/python3.7/site-packages/airflow/example_dags/example_branch_python_dop_operator_3.py
[2022-12-27T11:37:14.543+0000] {processor.py:753} INFO - DAG(s) dict_keys(['example_branch_dop_operator_v3']) retrieved from /home/airflow/.local/lib/python3.7/site-packages/airflow/example_dags/example_branch_python_dop_operator_3.py
[2022-12-27T11:37:14.589+0000] {logging_mixin.py:137} INFO - [2022-12-27T11:37:14.589+0000] {dag.py:2676} INFO - Sync 1 DAGs
[2022-12-27T11:37:14.622+0000] {logging_mixin.py:137} INFO - [2022-12-27T11:37:14.622+0000] {dag.py:3427} INFO - Setting next_dagrun for example_branch_dop_operator_v3 to 2022-12-27T11:36:00+00:00, run_after=2022-12-27T11:37:00+00:00
[2022-12-27T11:37:14.753+0000] {processor.py:175} INFO - Processing /home/airflow/.local/lib/python3.7/site-packages/airflow/example_dags/example_branch_python_dop_operator_3.py took 0.253 seconds
[2022-12-27T11:37:45.169+0000] {processor.py:153} INFO - Started process (PID=2015) to work on /home/airflow/.local/lib/python3.7/site-packages/airflow/example_dags/example_branch_python_dop_operator_3.py
[2022-12-27T11:37:45.171+0000] {processor.py:743} INFO - Processing file /home/airflow/.local/lib/python3.7/site-packages/airflow/example_dags/example_branch_python_dop_operator_3.py for tasks to queue
[2022-12-27T11:37:45.173+0000] {logging_mixin.py:137} INFO - [2022-12-27T11:37:45.172+0000] {dagbag.py:538} INFO - Filling up the DagBag from /home/airflow/.local/lib/python3.7/site-packages/airflow/example_dags/example_branch_python_dop_operator_3.py
[2022-12-27T11:37:45.209+0000] {processor.py:753} INFO - DAG(s) dict_keys(['example_branch_dop_operator_v3']) retrieved from /home/airflow/.local/lib/python3.7/site-packages/airflow/example_dags/example_branch_python_dop_operator_3.py
[2022-12-27T11:37:45.256+0000] {logging_mixin.py:137} INFO - [2022-12-27T11:37:45.256+0000] {dag.py:2676} INFO - Sync 1 DAGs
[2022-12-27T11:37:45.290+0000] {logging_mixin.py:137} INFO - [2022-12-27T11:37:45.290+0000] {dag.py:3427} INFO - Setting next_dagrun for example_branch_dop_operator_v3 to 2022-12-27T11:36:00+00:00, run_after=2022-12-27T11:37:00+00:00
[2022-12-27T11:37:45.458+0000] {processor.py:175} INFO - Processing /home/airflow/.local/lib/python3.7/site-packages/airflow/example_dags/example_branch_python_dop_operator_3.py took 0.298 seconds
[2022-12-27T11:38:16.057+0000] {processor.py:153} INFO - Started process (PID=2090) to work on /home/airflow/.local/lib/python3.7/site-packages/airflow/example_dags/example_branch_python_dop_operator_3.py
[2022-12-27T11:38:16.059+0000] {processor.py:743} INFO - Processing file /home/airflow/.local/lib/python3.7/site-packages/airflow/example_dags/example_branch_python_dop_operator_3.py for tasks to queue
[2022-12-27T11:38:16.061+0000] {logging_mixin.py:137} INFO - [2022-12-27T11:38:16.061+0000] {dagbag.py:538} INFO - Filling up the DagBag from /home/airflow/.local/lib/python3.7/site-packages/airflow/example_dags/example_branch_python_dop_operator_3.py
[2022-12-27T11:38:16.115+0000] {processor.py:753} INFO - DAG(s) dict_keys(['example_branch_dop_operator_v3']) retrieved from /home/airflow/.local/lib/python3.7/site-packages/airflow/example_dags/example_branch_python_dop_operator_3.py
[2022-12-27T11:38:16.207+0000] {logging_mixin.py:137} INFO - [2022-12-27T11:38:16.207+0000] {dag.py:2676} INFO - Sync 1 DAGs
[2022-12-27T11:38:16.337+0000] {logging_mixin.py:137} INFO - [2022-12-27T11:38:16.336+0000] {dag.py:3427} INFO - Setting next_dagrun for example_branch_dop_operator_v3 to 2022-12-27T11:37:00+00:00, run_after=2022-12-27T11:38:00+00:00
[2022-12-27T11:38:16.507+0000] {processor.py:175} INFO - Processing /home/airflow/.local/lib/python3.7/site-packages/airflow/example_dags/example_branch_python_dop_operator_3.py took 0.454 seconds
[2022-12-27T11:38:47.045+0000] {processor.py:153} INFO - Started process (PID=2152) to work on /home/airflow/.local/lib/python3.7/site-packages/airflow/example_dags/example_branch_python_dop_operator_3.py
[2022-12-27T11:38:47.046+0000] {processor.py:743} INFO - Processing file /home/airflow/.local/lib/python3.7/site-packages/airflow/example_dags/example_branch_python_dop_operator_3.py for tasks to queue
[2022-12-27T11:38:47.048+0000] {logging_mixin.py:137} INFO - [2022-12-27T11:38:47.047+0000] {dagbag.py:538} INFO - Filling up the DagBag from /home/airflow/.local/lib/python3.7/site-packages/airflow/example_dags/example_branch_python_dop_operator_3.py
[2022-12-27T11:38:47.076+0000] {processor.py:753} INFO - DAG(s) dict_keys(['example_branch_dop_operator_v3']) retrieved from /home/airflow/.local/lib/python3.7/site-packages/airflow/example_dags/example_branch_python_dop_operator_3.py
[2022-12-27T11:38:47.123+0000] {logging_mixin.py:137} INFO - [2022-12-27T11:38:47.123+0000] {dag.py:2676} INFO - Sync 1 DAGs
[2022-12-27T11:38:47.157+0000] {logging_mixin.py:137} INFO - [2022-12-27T11:38:47.157+0000] {dag.py:3427} INFO - Setting next_dagrun for example_branch_dop_operator_v3 to 2022-12-27T11:37:00+00:00, run_after=2022-12-27T11:38:00+00:00
[2022-12-27T11:38:47.239+0000] {processor.py:175} INFO - Processing /home/airflow/.local/lib/python3.7/site-packages/airflow/example_dags/example_branch_python_dop_operator_3.py took 0.202 seconds
[2022-12-27T11:39:17.508+0000] {processor.py:153} INFO - Started process (PID=2214) to work on /home/airflow/.local/lib/python3.7/site-packages/airflow/example_dags/example_branch_python_dop_operator_3.py
[2022-12-27T11:39:17.509+0000] {processor.py:743} INFO - Processing file /home/airflow/.local/lib/python3.7/site-packages/airflow/example_dags/example_branch_python_dop_operator_3.py for tasks to queue
[2022-12-27T11:39:17.511+0000] {logging_mixin.py:137} INFO - [2022-12-27T11:39:17.510+0000] {dagbag.py:538} INFO - Filling up the DagBag from /home/airflow/.local/lib/python3.7/site-packages/airflow/example_dags/example_branch_python_dop_operator_3.py
[2022-12-27T11:39:17.544+0000] {processor.py:753} INFO - DAG(s) dict_keys(['example_branch_dop_operator_v3']) retrieved from /home/airflow/.local/lib/python3.7/site-packages/airflow/example_dags/example_branch_python_dop_operator_3.py
[2022-12-27T11:39:17.593+0000] {logging_mixin.py:137} INFO - [2022-12-27T11:39:17.593+0000] {dag.py:2676} INFO - Sync 1 DAGs
[2022-12-27T11:39:17.633+0000] {logging_mixin.py:137} INFO - [2022-12-27T11:39:17.633+0000] {dag.py:3427} INFO - Setting next_dagrun for example_branch_dop_operator_v3 to 2022-12-27T11:38:00+00:00, run_after=2022-12-27T11:39:00+00:00
[2022-12-27T11:39:17.703+0000] {processor.py:175} INFO - Processing /home/airflow/.local/lib/python3.7/site-packages/airflow/example_dags/example_branch_python_dop_operator_3.py took 0.203 seconds
[2022-12-27T11:39:47.765+0000] {processor.py:153} INFO - Started process (PID=2287) to work on /home/airflow/.local/lib/python3.7/site-packages/airflow/example_dags/example_branch_python_dop_operator_3.py
[2022-12-27T11:39:47.766+0000] {processor.py:743} INFO - Processing file /home/airflow/.local/lib/python3.7/site-packages/airflow/example_dags/example_branch_python_dop_operator_3.py for tasks to queue
[2022-12-27T11:39:47.767+0000] {logging_mixin.py:137} INFO - [2022-12-27T11:39:47.766+0000] {dagbag.py:538} INFO - Filling up the DagBag from /home/airflow/.local/lib/python3.7/site-packages/airflow/example_dags/example_branch_python_dop_operator_3.py
[2022-12-27T11:39:47.797+0000] {processor.py:753} INFO - DAG(s) dict_keys(['example_branch_dop_operator_v3']) retrieved from /home/airflow/.local/lib/python3.7/site-packages/airflow/example_dags/example_branch_python_dop_operator_3.py
[2022-12-27T11:39:47.845+0000] {logging_mixin.py:137} INFO - [2022-12-27T11:39:47.845+0000] {dag.py:2676} INFO - Sync 1 DAGs
[2022-12-27T11:39:47.886+0000] {logging_mixin.py:137} INFO - [2022-12-27T11:39:47.885+0000] {dag.py:3427} INFO - Setting next_dagrun for example_branch_dop_operator_v3 to 2022-12-27T11:38:00+00:00, run_after=2022-12-27T11:39:00+00:00
[2022-12-27T11:39:47.938+0000] {processor.py:175} INFO - Processing /home/airflow/.local/lib/python3.7/site-packages/airflow/example_dags/example_branch_python_dop_operator_3.py took 0.177 seconds
[2022-12-27T11:40:18.351+0000] {processor.py:153} INFO - Started process (PID=2349) to work on /home/airflow/.local/lib/python3.7/site-packages/airflow/example_dags/example_branch_python_dop_operator_3.py
[2022-12-27T11:40:18.354+0000] {processor.py:743} INFO - Processing file /home/airflow/.local/lib/python3.7/site-packages/airflow/example_dags/example_branch_python_dop_operator_3.py for tasks to queue
[2022-12-27T11:40:18.356+0000] {logging_mixin.py:137} INFO - [2022-12-27T11:40:18.356+0000] {dagbag.py:538} INFO - Filling up the DagBag from /home/airflow/.local/lib/python3.7/site-packages/airflow/example_dags/example_branch_python_dop_operator_3.py
[2022-12-27T11:40:18.437+0000] {processor.py:753} INFO - DAG(s) dict_keys(['example_branch_dop_operator_v3']) retrieved from /home/airflow/.local/lib/python3.7/site-packages/airflow/example_dags/example_branch_python_dop_operator_3.py
[2022-12-27T11:40:18.537+0000] {logging_mixin.py:137} INFO - [2022-12-27T11:40:18.537+0000] {dag.py:2676} INFO - Sync 1 DAGs
[2022-12-27T11:40:18.611+0000] {logging_mixin.py:137} INFO - [2022-12-27T11:40:18.611+0000] {dag.py:3427} INFO - Setting next_dagrun for example_branch_dop_operator_v3 to 2022-12-27T11:39:00+00:00, run_after=2022-12-27T11:40:00+00:00
[2022-12-27T11:40:18.721+0000] {processor.py:175} INFO - Processing /home/airflow/.local/lib/python3.7/site-packages/airflow/example_dags/example_branch_python_dop_operator_3.py took 0.383 seconds
[2022-12-27T11:40:48.924+0000] {processor.py:153} INFO - Started process (PID=2411) to work on /home/airflow/.local/lib/python3.7/site-packages/airflow/example_dags/example_branch_python_dop_operator_3.py
[2022-12-27T11:40:48.926+0000] {processor.py:743} INFO - Processing file /home/airflow/.local/lib/python3.7/site-packages/airflow/example_dags/example_branch_python_dop_operator_3.py for tasks to queue
[2022-12-27T11:40:48.929+0000] {logging_mixin.py:137} INFO - [2022-12-27T11:40:48.928+0000] {dagbag.py:538} INFO - Filling up the DagBag from /home/airflow/.local/lib/python3.7/site-packages/airflow/example_dags/example_branch_python_dop_operator_3.py
[2022-12-27T11:40:49.010+0000] {processor.py:753} INFO - DAG(s) dict_keys(['example_branch_dop_operator_v3']) retrieved from /home/airflow/.local/lib/python3.7/site-packages/airflow/example_dags/example_branch_python_dop_operator_3.py
[2022-12-27T11:40:49.091+0000] {logging_mixin.py:137} INFO - [2022-12-27T11:40:49.091+0000] {dag.py:2676} INFO - Sync 1 DAGs
[2022-12-27T11:40:49.176+0000] {logging_mixin.py:137} INFO - [2022-12-27T11:40:49.176+0000] {dag.py:3427} INFO - Setting next_dagrun for example_branch_dop_operator_v3 to 2022-12-27T11:39:00+00:00, run_after=2022-12-27T11:40:00+00:00
[2022-12-27T11:40:49.437+0000] {processor.py:175} INFO - Processing /home/airflow/.local/lib/python3.7/site-packages/airflow/example_dags/example_branch_python_dop_operator_3.py took 0.527 seconds
[2022-12-27T11:41:19.832+0000] {processor.py:153} INFO - Started process (PID=2472) to work on /home/airflow/.local/lib/python3.7/site-packages/airflow/example_dags/example_branch_python_dop_operator_3.py
[2022-12-27T11:41:19.834+0000] {processor.py:743} INFO - Processing file /home/airflow/.local/lib/python3.7/site-packages/airflow/example_dags/example_branch_python_dop_operator_3.py for tasks to queue
[2022-12-27T11:41:19.836+0000] {logging_mixin.py:137} INFO - [2022-12-27T11:41:19.836+0000] {dagbag.py:538} INFO - Filling up the DagBag from /home/airflow/.local/lib/python3.7/site-packages/airflow/example_dags/example_branch_python_dop_operator_3.py
[2022-12-27T11:41:19.880+0000] {processor.py:753} INFO - DAG(s) dict_keys(['example_branch_dop_operator_v3']) retrieved from /home/airflow/.local/lib/python3.7/site-packages/airflow/example_dags/example_branch_python_dop_operator_3.py
[2022-12-27T11:41:19.923+0000] {logging_mixin.py:137} INFO - [2022-12-27T11:41:19.923+0000] {dag.py:2676} INFO - Sync 1 DAGs
[2022-12-27T11:41:19.957+0000] {logging_mixin.py:137} INFO - [2022-12-27T11:41:19.957+0000] {dag.py:3427} INFO - Setting next_dagrun for example_branch_dop_operator_v3 to 2022-12-27T11:40:00+00:00, run_after=2022-12-27T11:41:00+00:00
[2022-12-27T11:41:20.122+0000] {processor.py:175} INFO - Processing /home/airflow/.local/lib/python3.7/site-packages/airflow/example_dags/example_branch_python_dop_operator_3.py took 0.302 seconds
[2022-12-27T11:41:50.212+0000] {processor.py:153} INFO - Started process (PID=2533) to work on /home/airflow/.local/lib/python3.7/site-packages/airflow/example_dags/example_branch_python_dop_operator_3.py
[2022-12-27T11:41:50.214+0000] {processor.py:743} INFO - Processing file /home/airflow/.local/lib/python3.7/site-packages/airflow/example_dags/example_branch_python_dop_operator_3.py for tasks to queue
[2022-12-27T11:41:50.215+0000] {logging_mixin.py:137} INFO - [2022-12-27T11:41:50.214+0000] {dagbag.py:538} INFO - Filling up the DagBag from /home/airflow/.local/lib/python3.7/site-packages/airflow/example_dags/example_branch_python_dop_operator_3.py
[2022-12-27T11:41:50.249+0000] {processor.py:753} INFO - DAG(s) dict_keys(['example_branch_dop_operator_v3']) retrieved from /home/airflow/.local/lib/python3.7/site-packages/airflow/example_dags/example_branch_python_dop_operator_3.py
[2022-12-27T11:41:50.296+0000] {logging_mixin.py:137} INFO - [2022-12-27T11:41:50.296+0000] {dag.py:2676} INFO - Sync 1 DAGs
[2022-12-27T11:41:50.338+0000] {logging_mixin.py:137} INFO - [2022-12-27T11:41:50.338+0000] {dag.py:3427} INFO - Setting next_dagrun for example_branch_dop_operator_v3 to 2022-12-27T11:40:00+00:00, run_after=2022-12-27T11:41:00+00:00
[2022-12-27T11:41:50.435+0000] {processor.py:175} INFO - Processing /home/airflow/.local/lib/python3.7/site-packages/airflow/example_dags/example_branch_python_dop_operator_3.py took 0.229 seconds
