[2022-12-27T11:22:19.921+0000] {processor.py:153} INFO - Started process (PID=47) to work on /home/airflow/.local/lib/python3.7/site-packages/airflow/example_dags/example_branch_labels.py
[2022-12-27T11:22:19.926+0000] {processor.py:743} INFO - Processing file /home/airflow/.local/lib/python3.7/site-packages/airflow/example_dags/example_branch_labels.py for tasks to queue
[2022-12-27T11:22:19.931+0000] {logging_mixin.py:137} INFO - [2022-12-27T11:22:19.930+0000] {dagbag.py:538} INFO - Filling up the DagBag from /home/airflow/.local/lib/python3.7/site-packages/airflow/example_dags/example_branch_labels.py
[2022-12-27T11:22:20.080+0000] {processor.py:753} INFO - DAG(s) dict_keys(['example_branch_labels']) retrieved from /home/airflow/.local/lib/python3.7/site-packages/airflow/example_dags/example_branch_labels.py
[2022-12-27T11:22:20.238+0000] {logging_mixin.py:137} INFO - [2022-12-27T11:22:20.238+0000] {dag.py:2676} INFO - Sync 1 DAGs
[2022-12-27T11:22:20.304+0000] {logging_mixin.py:137} INFO - [2022-12-27T11:22:20.304+0000] {dag.py:3427} INFO - Setting next_dagrun for example_branch_labels to 2022-12-26T00:00:00+00:00, run_after=2022-12-27T00:00:00+00:00
[2022-12-27T11:22:22.223+0000] {processor.py:175} INFO - Processing /home/airflow/.local/lib/python3.7/site-packages/airflow/example_dags/example_branch_labels.py took 2.315 seconds
[2022-12-27T11:22:52.459+0000] {processor.py:153} INFO - Started process (PID=109) to work on /home/airflow/.local/lib/python3.7/site-packages/airflow/example_dags/example_branch_labels.py
[2022-12-27T11:22:52.461+0000] {processor.py:743} INFO - Processing file /home/airflow/.local/lib/python3.7/site-packages/airflow/example_dags/example_branch_labels.py for tasks to queue
[2022-12-27T11:22:52.463+0000] {logging_mixin.py:137} INFO - [2022-12-27T11:22:52.462+0000] {dagbag.py:538} INFO - Filling up the DagBag from /home/airflow/.local/lib/python3.7/site-packages/airflow/example_dags/example_branch_labels.py
[2022-12-27T11:22:52.504+0000] {processor.py:753} INFO - DAG(s) dict_keys(['example_branch_labels']) retrieved from /home/airflow/.local/lib/python3.7/site-packages/airflow/example_dags/example_branch_labels.py
[2022-12-27T11:22:52.588+0000] {logging_mixin.py:137} INFO - [2022-12-27T11:22:52.588+0000] {dag.py:2676} INFO - Sync 1 DAGs
[2022-12-27T11:22:52.650+0000] {logging_mixin.py:137} INFO - [2022-12-27T11:22:52.649+0000] {dag.py:3427} INFO - Setting next_dagrun for example_branch_labels to 2022-12-26T00:00:00+00:00, run_after=2022-12-27T00:00:00+00:00
[2022-12-27T11:22:52.840+0000] {processor.py:175} INFO - Processing /home/airflow/.local/lib/python3.7/site-packages/airflow/example_dags/example_branch_labels.py took 0.387 seconds
[2022-12-27T11:23:23.439+0000] {processor.py:153} INFO - Started process (PID=172) to work on /home/airflow/.local/lib/python3.7/site-packages/airflow/example_dags/example_branch_labels.py
[2022-12-27T11:23:23.440+0000] {processor.py:743} INFO - Processing file /home/airflow/.local/lib/python3.7/site-packages/airflow/example_dags/example_branch_labels.py for tasks to queue
[2022-12-27T11:23:23.441+0000] {logging_mixin.py:137} INFO - [2022-12-27T11:23:23.441+0000] {dagbag.py:538} INFO - Filling up the DagBag from /home/airflow/.local/lib/python3.7/site-packages/airflow/example_dags/example_branch_labels.py
[2022-12-27T11:23:23.460+0000] {processor.py:753} INFO - DAG(s) dict_keys(['example_branch_labels']) retrieved from /home/airflow/.local/lib/python3.7/site-packages/airflow/example_dags/example_branch_labels.py
[2022-12-27T11:23:23.507+0000] {logging_mixin.py:137} INFO - [2022-12-27T11:23:23.507+0000] {dag.py:2676} INFO - Sync 1 DAGs
[2022-12-27T11:23:23.548+0000] {logging_mixin.py:137} INFO - [2022-12-27T11:23:23.548+0000] {dag.py:3427} INFO - Setting next_dagrun for example_branch_labels to 2022-12-26T00:00:00+00:00, run_after=2022-12-27T00:00:00+00:00
[2022-12-27T11:23:23.640+0000] {processor.py:175} INFO - Processing /home/airflow/.local/lib/python3.7/site-packages/airflow/example_dags/example_branch_labels.py took 0.208 seconds
[2022-12-27T11:23:54.551+0000] {processor.py:153} INFO - Started process (PID=234) to work on /home/airflow/.local/lib/python3.7/site-packages/airflow/example_dags/example_branch_labels.py
[2022-12-27T11:23:54.552+0000] {processor.py:743} INFO - Processing file /home/airflow/.local/lib/python3.7/site-packages/airflow/example_dags/example_branch_labels.py for tasks to queue
[2022-12-27T11:23:54.553+0000] {logging_mixin.py:137} INFO - [2022-12-27T11:23:54.553+0000] {dagbag.py:538} INFO - Filling up the DagBag from /home/airflow/.local/lib/python3.7/site-packages/airflow/example_dags/example_branch_labels.py
[2022-12-27T11:23:54.570+0000] {processor.py:753} INFO - DAG(s) dict_keys(['example_branch_labels']) retrieved from /home/airflow/.local/lib/python3.7/site-packages/airflow/example_dags/example_branch_labels.py
[2022-12-27T11:23:54.614+0000] {logging_mixin.py:137} INFO - [2022-12-27T11:23:54.613+0000] {dag.py:2676} INFO - Sync 1 DAGs
[2022-12-27T11:23:54.644+0000] {logging_mixin.py:137} INFO - [2022-12-27T11:23:54.644+0000] {dag.py:3427} INFO - Setting next_dagrun for example_branch_labels to 2022-12-26T00:00:00+00:00, run_after=2022-12-27T00:00:00+00:00
[2022-12-27T11:23:54.781+0000] {processor.py:175} INFO - Processing /home/airflow/.local/lib/python3.7/site-packages/airflow/example_dags/example_branch_labels.py took 0.233 seconds
[2022-12-27T11:24:24.954+0000] {processor.py:153} INFO - Started process (PID=310) to work on /home/airflow/.local/lib/python3.7/site-packages/airflow/example_dags/example_branch_labels.py
[2022-12-27T11:24:24.955+0000] {processor.py:743} INFO - Processing file /home/airflow/.local/lib/python3.7/site-packages/airflow/example_dags/example_branch_labels.py for tasks to queue
[2022-12-27T11:24:24.956+0000] {logging_mixin.py:137} INFO - [2022-12-27T11:24:24.956+0000] {dagbag.py:538} INFO - Filling up the DagBag from /home/airflow/.local/lib/python3.7/site-packages/airflow/example_dags/example_branch_labels.py
[2022-12-27T11:24:24.987+0000] {processor.py:753} INFO - DAG(s) dict_keys(['example_branch_labels']) retrieved from /home/airflow/.local/lib/python3.7/site-packages/airflow/example_dags/example_branch_labels.py
[2022-12-27T11:24:25.052+0000] {logging_mixin.py:137} INFO - [2022-12-27T11:24:25.052+0000] {dag.py:2676} INFO - Sync 1 DAGs
[2022-12-27T11:24:25.090+0000] {logging_mixin.py:137} INFO - [2022-12-27T11:24:25.090+0000] {dag.py:3427} INFO - Setting next_dagrun for example_branch_labels to 2022-12-26T00:00:00+00:00, run_after=2022-12-27T00:00:00+00:00
[2022-12-27T11:24:25.151+0000] {processor.py:175} INFO - Processing /home/airflow/.local/lib/python3.7/site-packages/airflow/example_dags/example_branch_labels.py took 0.203 seconds
[2022-12-27T11:24:55.594+0000] {processor.py:153} INFO - Started process (PID=373) to work on /home/airflow/.local/lib/python3.7/site-packages/airflow/example_dags/example_branch_labels.py
[2022-12-27T11:24:55.596+0000] {processor.py:743} INFO - Processing file /home/airflow/.local/lib/python3.7/site-packages/airflow/example_dags/example_branch_labels.py for tasks to queue
[2022-12-27T11:24:55.598+0000] {logging_mixin.py:137} INFO - [2022-12-27T11:24:55.598+0000] {dagbag.py:538} INFO - Filling up the DagBag from /home/airflow/.local/lib/python3.7/site-packages/airflow/example_dags/example_branch_labels.py
[2022-12-27T11:24:55.642+0000] {processor.py:753} INFO - DAG(s) dict_keys(['example_branch_labels']) retrieved from /home/airflow/.local/lib/python3.7/site-packages/airflow/example_dags/example_branch_labels.py
[2022-12-27T11:24:55.725+0000] {logging_mixin.py:137} INFO - [2022-12-27T11:24:55.725+0000] {dag.py:2676} INFO - Sync 1 DAGs
[2022-12-27T11:24:55.785+0000] {logging_mixin.py:137} INFO - [2022-12-27T11:24:55.785+0000] {dag.py:3427} INFO - Setting next_dagrun for example_branch_labels to 2022-12-26T00:00:00+00:00, run_after=2022-12-27T00:00:00+00:00
[2022-12-27T11:24:55.858+0000] {processor.py:175} INFO - Processing /home/airflow/.local/lib/python3.7/site-packages/airflow/example_dags/example_branch_labels.py took 0.274 seconds
[2022-12-27T11:25:26.395+0000] {processor.py:153} INFO - Started process (PID=435) to work on /home/airflow/.local/lib/python3.7/site-packages/airflow/example_dags/example_branch_labels.py
[2022-12-27T11:25:26.397+0000] {processor.py:743} INFO - Processing file /home/airflow/.local/lib/python3.7/site-packages/airflow/example_dags/example_branch_labels.py for tasks to queue
[2022-12-27T11:25:26.398+0000] {logging_mixin.py:137} INFO - [2022-12-27T11:25:26.398+0000] {dagbag.py:538} INFO - Filling up the DagBag from /home/airflow/.local/lib/python3.7/site-packages/airflow/example_dags/example_branch_labels.py
[2022-12-27T11:25:26.426+0000] {processor.py:753} INFO - DAG(s) dict_keys(['example_branch_labels']) retrieved from /home/airflow/.local/lib/python3.7/site-packages/airflow/example_dags/example_branch_labels.py
[2022-12-27T11:25:26.477+0000] {logging_mixin.py:137} INFO - [2022-12-27T11:25:26.477+0000] {dag.py:2676} INFO - Sync 1 DAGs
[2022-12-27T11:25:26.519+0000] {logging_mixin.py:137} INFO - [2022-12-27T11:25:26.519+0000] {dag.py:3427} INFO - Setting next_dagrun for example_branch_labels to 2022-12-26T00:00:00+00:00, run_after=2022-12-27T00:00:00+00:00
[2022-12-27T11:25:26.626+0000] {processor.py:175} INFO - Processing /home/airflow/.local/lib/python3.7/site-packages/airflow/example_dags/example_branch_labels.py took 0.239 seconds
[2022-12-27T11:25:56.898+0000] {processor.py:153} INFO - Started process (PID=497) to work on /home/airflow/.local/lib/python3.7/site-packages/airflow/example_dags/example_branch_labels.py
[2022-12-27T11:25:56.901+0000] {processor.py:743} INFO - Processing file /home/airflow/.local/lib/python3.7/site-packages/airflow/example_dags/example_branch_labels.py for tasks to queue
[2022-12-27T11:25:56.903+0000] {logging_mixin.py:137} INFO - [2022-12-27T11:25:56.903+0000] {dagbag.py:538} INFO - Filling up the DagBag from /home/airflow/.local/lib/python3.7/site-packages/airflow/example_dags/example_branch_labels.py
[2022-12-27T11:25:56.959+0000] {processor.py:753} INFO - DAG(s) dict_keys(['example_branch_labels']) retrieved from /home/airflow/.local/lib/python3.7/site-packages/airflow/example_dags/example_branch_labels.py
[2022-12-27T11:25:57.095+0000] {logging_mixin.py:137} INFO - [2022-12-27T11:25:57.095+0000] {dag.py:2676} INFO - Sync 1 DAGs
[2022-12-27T11:25:57.181+0000] {logging_mixin.py:137} INFO - [2022-12-27T11:25:57.181+0000] {dag.py:3427} INFO - Setting next_dagrun for example_branch_labels to 2022-12-26T00:00:00+00:00, run_after=2022-12-27T00:00:00+00:00
[2022-12-27T11:25:57.283+0000] {processor.py:175} INFO - Processing /home/airflow/.local/lib/python3.7/site-packages/airflow/example_dags/example_branch_labels.py took 0.399 seconds
[2022-12-27T11:26:27.427+0000] {processor.py:153} INFO - Started process (PID=568) to work on /home/airflow/.local/lib/python3.7/site-packages/airflow/example_dags/example_branch_labels.py
[2022-12-27T11:26:27.430+0000] {processor.py:743} INFO - Processing file /home/airflow/.local/lib/python3.7/site-packages/airflow/example_dags/example_branch_labels.py for tasks to queue
[2022-12-27T11:26:27.432+0000] {logging_mixin.py:137} INFO - [2022-12-27T11:26:27.431+0000] {dagbag.py:538} INFO - Filling up the DagBag from /home/airflow/.local/lib/python3.7/site-packages/airflow/example_dags/example_branch_labels.py
[2022-12-27T11:26:27.484+0000] {processor.py:753} INFO - DAG(s) dict_keys(['example_branch_labels']) retrieved from /home/airflow/.local/lib/python3.7/site-packages/airflow/example_dags/example_branch_labels.py
[2022-12-27T11:26:27.608+0000] {logging_mixin.py:137} INFO - [2022-12-27T11:26:27.607+0000] {dag.py:2676} INFO - Sync 1 DAGs
[2022-12-27T11:26:27.706+0000] {logging_mixin.py:137} INFO - [2022-12-27T11:26:27.705+0000] {dag.py:3427} INFO - Setting next_dagrun for example_branch_labels to 2022-12-26T00:00:00+00:00, run_after=2022-12-27T00:00:00+00:00
[2022-12-27T11:26:27.834+0000] {processor.py:175} INFO - Processing /home/airflow/.local/lib/python3.7/site-packages/airflow/example_dags/example_branch_labels.py took 0.417 seconds
[2022-12-27T11:26:58.717+0000] {processor.py:153} INFO - Started process (PID=632) to work on /home/airflow/.local/lib/python3.7/site-packages/airflow/example_dags/example_branch_labels.py
[2022-12-27T11:26:58.719+0000] {processor.py:743} INFO - Processing file /home/airflow/.local/lib/python3.7/site-packages/airflow/example_dags/example_branch_labels.py for tasks to queue
[2022-12-27T11:26:58.720+0000] {logging_mixin.py:137} INFO - [2022-12-27T11:26:58.720+0000] {dagbag.py:538} INFO - Filling up the DagBag from /home/airflow/.local/lib/python3.7/site-packages/airflow/example_dags/example_branch_labels.py
[2022-12-27T11:26:58.755+0000] {processor.py:753} INFO - DAG(s) dict_keys(['example_branch_labels']) retrieved from /home/airflow/.local/lib/python3.7/site-packages/airflow/example_dags/example_branch_labels.py
[2022-12-27T11:26:58.859+0000] {logging_mixin.py:137} INFO - [2022-12-27T11:26:58.858+0000] {dag.py:2676} INFO - Sync 1 DAGs
[2022-12-27T11:26:58.923+0000] {logging_mixin.py:137} INFO - [2022-12-27T11:26:58.922+0000] {dag.py:3427} INFO - Setting next_dagrun for example_branch_labels to 2022-12-26T00:00:00+00:00, run_after=2022-12-27T00:00:00+00:00
[2022-12-27T11:26:59.016+0000] {processor.py:175} INFO - Processing /home/airflow/.local/lib/python3.7/site-packages/airflow/example_dags/example_branch_labels.py took 0.307 seconds
[2022-12-27T11:27:29.097+0000] {processor.py:153} INFO - Started process (PID=693) to work on /home/airflow/.local/lib/python3.7/site-packages/airflow/example_dags/example_branch_labels.py
[2022-12-27T11:27:29.098+0000] {processor.py:743} INFO - Processing file /home/airflow/.local/lib/python3.7/site-packages/airflow/example_dags/example_branch_labels.py for tasks to queue
[2022-12-27T11:27:29.099+0000] {logging_mixin.py:137} INFO - [2022-12-27T11:27:29.099+0000] {dagbag.py:538} INFO - Filling up the DagBag from /home/airflow/.local/lib/python3.7/site-packages/airflow/example_dags/example_branch_labels.py
[2022-12-27T11:27:29.117+0000] {processor.py:753} INFO - DAG(s) dict_keys(['example_branch_labels']) retrieved from /home/airflow/.local/lib/python3.7/site-packages/airflow/example_dags/example_branch_labels.py
[2022-12-27T11:27:29.159+0000] {logging_mixin.py:137} INFO - [2022-12-27T11:27:29.158+0000] {dag.py:2676} INFO - Sync 1 DAGs
[2022-12-27T11:27:29.190+0000] {logging_mixin.py:137} INFO - [2022-12-27T11:27:29.190+0000] {dag.py:3427} INFO - Setting next_dagrun for example_branch_labels to 2022-12-26T00:00:00+00:00, run_after=2022-12-27T00:00:00+00:00
[2022-12-27T11:27:29.236+0000] {processor.py:175} INFO - Processing /home/airflow/.local/lib/python3.7/site-packages/airflow/example_dags/example_branch_labels.py took 0.143 seconds
[2022-12-27T11:27:59.542+0000] {processor.py:153} INFO - Started process (PID=755) to work on /home/airflow/.local/lib/python3.7/site-packages/airflow/example_dags/example_branch_labels.py
[2022-12-27T11:27:59.543+0000] {processor.py:743} INFO - Processing file /home/airflow/.local/lib/python3.7/site-packages/airflow/example_dags/example_branch_labels.py for tasks to queue
[2022-12-27T11:27:59.544+0000] {logging_mixin.py:137} INFO - [2022-12-27T11:27:59.544+0000] {dagbag.py:538} INFO - Filling up the DagBag from /home/airflow/.local/lib/python3.7/site-packages/airflow/example_dags/example_branch_labels.py
[2022-12-27T11:27:59.570+0000] {processor.py:753} INFO - DAG(s) dict_keys(['example_branch_labels']) retrieved from /home/airflow/.local/lib/python3.7/site-packages/airflow/example_dags/example_branch_labels.py
[2022-12-27T11:27:59.646+0000] {logging_mixin.py:137} INFO - [2022-12-27T11:27:59.646+0000] {dag.py:2676} INFO - Sync 1 DAGs
[2022-12-27T11:27:59.735+0000] {logging_mixin.py:137} INFO - [2022-12-27T11:27:59.734+0000] {dag.py:3427} INFO - Setting next_dagrun for example_branch_labels to 2022-12-26T00:00:00+00:00, run_after=2022-12-27T00:00:00+00:00
[2022-12-27T11:27:59.810+0000] {processor.py:175} INFO - Processing /home/airflow/.local/lib/python3.7/site-packages/airflow/example_dags/example_branch_labels.py took 0.273 seconds
[2022-12-27T11:28:29.936+0000] {processor.py:153} INFO - Started process (PID=829) to work on /home/airflow/.local/lib/python3.7/site-packages/airflow/example_dags/example_branch_labels.py
[2022-12-27T11:28:29.938+0000] {processor.py:743} INFO - Processing file /home/airflow/.local/lib/python3.7/site-packages/airflow/example_dags/example_branch_labels.py for tasks to queue
[2022-12-27T11:28:29.940+0000] {logging_mixin.py:137} INFO - [2022-12-27T11:28:29.940+0000] {dagbag.py:538} INFO - Filling up the DagBag from /home/airflow/.local/lib/python3.7/site-packages/airflow/example_dags/example_branch_labels.py
[2022-12-27T11:28:29.973+0000] {processor.py:753} INFO - DAG(s) dict_keys(['example_branch_labels']) retrieved from /home/airflow/.local/lib/python3.7/site-packages/airflow/example_dags/example_branch_labels.py
[2022-12-27T11:28:30.058+0000] {logging_mixin.py:137} INFO - [2022-12-27T11:28:30.058+0000] {dag.py:2676} INFO - Sync 1 DAGs
[2022-12-27T11:28:30.117+0000] {logging_mixin.py:137} INFO - [2022-12-27T11:28:30.117+0000] {dag.py:3427} INFO - Setting next_dagrun for example_branch_labels to 2022-12-26T00:00:00+00:00, run_after=2022-12-27T00:00:00+00:00
[2022-12-27T11:28:30.187+0000] {processor.py:175} INFO - Processing /home/airflow/.local/lib/python3.7/site-packages/airflow/example_dags/example_branch_labels.py took 0.259 seconds
[2022-12-27T11:29:00.434+0000] {processor.py:153} INFO - Started process (PID=892) to work on /home/airflow/.local/lib/python3.7/site-packages/airflow/example_dags/example_branch_labels.py
[2022-12-27T11:29:00.436+0000] {processor.py:743} INFO - Processing file /home/airflow/.local/lib/python3.7/site-packages/airflow/example_dags/example_branch_labels.py for tasks to queue
[2022-12-27T11:29:00.437+0000] {logging_mixin.py:137} INFO - [2022-12-27T11:29:00.437+0000] {dagbag.py:538} INFO - Filling up the DagBag from /home/airflow/.local/lib/python3.7/site-packages/airflow/example_dags/example_branch_labels.py
[2022-12-27T11:29:00.464+0000] {processor.py:753} INFO - DAG(s) dict_keys(['example_branch_labels']) retrieved from /home/airflow/.local/lib/python3.7/site-packages/airflow/example_dags/example_branch_labels.py
[2022-12-27T11:29:00.511+0000] {logging_mixin.py:137} INFO - [2022-12-27T11:29:00.511+0000] {dag.py:2676} INFO - Sync 1 DAGs
[2022-12-27T11:29:00.542+0000] {logging_mixin.py:137} INFO - [2022-12-27T11:29:00.542+0000] {dag.py:3427} INFO - Setting next_dagrun for example_branch_labels to 2022-12-26T00:00:00+00:00, run_after=2022-12-27T00:00:00+00:00
[2022-12-27T11:29:00.628+0000] {processor.py:175} INFO - Processing /home/airflow/.local/lib/python3.7/site-packages/airflow/example_dags/example_branch_labels.py took 0.200 seconds
[2022-12-27T11:29:30.696+0000] {processor.py:153} INFO - Started process (PID=954) to work on /home/airflow/.local/lib/python3.7/site-packages/airflow/example_dags/example_branch_labels.py
[2022-12-27T11:29:30.697+0000] {processor.py:743} INFO - Processing file /home/airflow/.local/lib/python3.7/site-packages/airflow/example_dags/example_branch_labels.py for tasks to queue
[2022-12-27T11:29:30.698+0000] {logging_mixin.py:137} INFO - [2022-12-27T11:29:30.698+0000] {dagbag.py:538} INFO - Filling up the DagBag from /home/airflow/.local/lib/python3.7/site-packages/airflow/example_dags/example_branch_labels.py
[2022-12-27T11:29:30.718+0000] {processor.py:753} INFO - DAG(s) dict_keys(['example_branch_labels']) retrieved from /home/airflow/.local/lib/python3.7/site-packages/airflow/example_dags/example_branch_labels.py
[2022-12-27T11:29:30.771+0000] {logging_mixin.py:137} INFO - [2022-12-27T11:29:30.771+0000] {dag.py:2676} INFO - Sync 1 DAGs
[2022-12-27T11:29:30.814+0000] {logging_mixin.py:137} INFO - [2022-12-27T11:29:30.813+0000] {dag.py:3427} INFO - Setting next_dagrun for example_branch_labels to 2022-12-26T00:00:00+00:00, run_after=2022-12-27T00:00:00+00:00
[2022-12-27T11:29:30.899+0000] {processor.py:175} INFO - Processing /home/airflow/.local/lib/python3.7/site-packages/airflow/example_dags/example_branch_labels.py took 0.208 seconds
[2022-12-27T11:30:01.520+0000] {processor.py:153} INFO - Started process (PID=1028) to work on /home/airflow/.local/lib/python3.7/site-packages/airflow/example_dags/example_branch_labels.py
[2022-12-27T11:30:01.522+0000] {processor.py:743} INFO - Processing file /home/airflow/.local/lib/python3.7/site-packages/airflow/example_dags/example_branch_labels.py for tasks to queue
[2022-12-27T11:30:01.524+0000] {logging_mixin.py:137} INFO - [2022-12-27T11:30:01.523+0000] {dagbag.py:538} INFO - Filling up the DagBag from /home/airflow/.local/lib/python3.7/site-packages/airflow/example_dags/example_branch_labels.py
[2022-12-27T11:30:01.557+0000] {processor.py:753} INFO - DAG(s) dict_keys(['example_branch_labels']) retrieved from /home/airflow/.local/lib/python3.7/site-packages/airflow/example_dags/example_branch_labels.py
[2022-12-27T11:30:01.613+0000] {logging_mixin.py:137} INFO - [2022-12-27T11:30:01.613+0000] {dag.py:2676} INFO - Sync 1 DAGs
[2022-12-27T11:30:01.660+0000] {logging_mixin.py:137} INFO - [2022-12-27T11:30:01.659+0000] {dag.py:3427} INFO - Setting next_dagrun for example_branch_labels to 2022-12-26T00:00:00+00:00, run_after=2022-12-27T00:00:00+00:00
[2022-12-27T11:30:01.706+0000] {processor.py:175} INFO - Processing /home/airflow/.local/lib/python3.7/site-packages/airflow/example_dags/example_branch_labels.py took 0.197 seconds
[2022-12-27T11:30:31.785+0000] {processor.py:153} INFO - Started process (PID=1090) to work on /home/airflow/.local/lib/python3.7/site-packages/airflow/example_dags/example_branch_labels.py
[2022-12-27T11:30:31.786+0000] {processor.py:743} INFO - Processing file /home/airflow/.local/lib/python3.7/site-packages/airflow/example_dags/example_branch_labels.py for tasks to queue
[2022-12-27T11:30:31.787+0000] {logging_mixin.py:137} INFO - [2022-12-27T11:30:31.787+0000] {dagbag.py:538} INFO - Filling up the DagBag from /home/airflow/.local/lib/python3.7/site-packages/airflow/example_dags/example_branch_labels.py
[2022-12-27T11:30:31.804+0000] {processor.py:753} INFO - DAG(s) dict_keys(['example_branch_labels']) retrieved from /home/airflow/.local/lib/python3.7/site-packages/airflow/example_dags/example_branch_labels.py
[2022-12-27T11:30:31.847+0000] {logging_mixin.py:137} INFO - [2022-12-27T11:30:31.847+0000] {dag.py:2676} INFO - Sync 1 DAGs
[2022-12-27T11:30:31.875+0000] {logging_mixin.py:137} INFO - [2022-12-27T11:30:31.875+0000] {dag.py:3427} INFO - Setting next_dagrun for example_branch_labels to 2022-12-26T00:00:00+00:00, run_after=2022-12-27T00:00:00+00:00
[2022-12-27T11:30:31.966+0000] {processor.py:175} INFO - Processing /home/airflow/.local/lib/python3.7/site-packages/airflow/example_dags/example_branch_labels.py took 0.185 seconds
[2022-12-27T11:31:02.106+0000] {processor.py:153} INFO - Started process (PID=1153) to work on /home/airflow/.local/lib/python3.7/site-packages/airflow/example_dags/example_branch_labels.py
[2022-12-27T11:31:02.108+0000] {processor.py:743} INFO - Processing file /home/airflow/.local/lib/python3.7/site-packages/airflow/example_dags/example_branch_labels.py for tasks to queue
[2022-12-27T11:31:02.111+0000] {logging_mixin.py:137} INFO - [2022-12-27T11:31:02.110+0000] {dagbag.py:538} INFO - Filling up the DagBag from /home/airflow/.local/lib/python3.7/site-packages/airflow/example_dags/example_branch_labels.py
[2022-12-27T11:31:02.163+0000] {processor.py:753} INFO - DAG(s) dict_keys(['example_branch_labels']) retrieved from /home/airflow/.local/lib/python3.7/site-packages/airflow/example_dags/example_branch_labels.py
[2022-12-27T11:31:02.302+0000] {logging_mixin.py:137} INFO - [2022-12-27T11:31:02.301+0000] {dag.py:2676} INFO - Sync 1 DAGs
[2022-12-27T11:31:02.375+0000] {logging_mixin.py:137} INFO - [2022-12-27T11:31:02.375+0000] {dag.py:3427} INFO - Setting next_dagrun for example_branch_labels to 2022-12-26T00:00:00+00:00, run_after=2022-12-27T00:00:00+00:00
[2022-12-27T11:31:02.442+0000] {processor.py:175} INFO - Processing /home/airflow/.local/lib/python3.7/site-packages/airflow/example_dags/example_branch_labels.py took 0.348 seconds
[2022-12-27T11:31:33.172+0000] {processor.py:153} INFO - Started process (PID=1227) to work on /home/airflow/.local/lib/python3.7/site-packages/airflow/example_dags/example_branch_labels.py
[2022-12-27T11:31:33.173+0000] {processor.py:743} INFO - Processing file /home/airflow/.local/lib/python3.7/site-packages/airflow/example_dags/example_branch_labels.py for tasks to queue
[2022-12-27T11:31:33.175+0000] {logging_mixin.py:137} INFO - [2022-12-27T11:31:33.174+0000] {dagbag.py:538} INFO - Filling up the DagBag from /home/airflow/.local/lib/python3.7/site-packages/airflow/example_dags/example_branch_labels.py
[2022-12-27T11:31:33.199+0000] {processor.py:753} INFO - DAG(s) dict_keys(['example_branch_labels']) retrieved from /home/airflow/.local/lib/python3.7/site-packages/airflow/example_dags/example_branch_labels.py
[2022-12-27T11:31:33.259+0000] {logging_mixin.py:137} INFO - [2022-12-27T11:31:33.259+0000] {dag.py:2676} INFO - Sync 1 DAGs
[2022-12-27T11:31:33.330+0000] {logging_mixin.py:137} INFO - [2022-12-27T11:31:33.330+0000] {dag.py:3427} INFO - Setting next_dagrun for example_branch_labels to 2022-12-26T00:00:00+00:00, run_after=2022-12-27T00:00:00+00:00
[2022-12-27T11:31:33.521+0000] {processor.py:175} INFO - Processing /home/airflow/.local/lib/python3.7/site-packages/airflow/example_dags/example_branch_labels.py took 0.353 seconds
[2022-12-27T11:32:04.159+0000] {processor.py:153} INFO - Started process (PID=1289) to work on /home/airflow/.local/lib/python3.7/site-packages/airflow/example_dags/example_branch_labels.py
[2022-12-27T11:32:04.160+0000] {processor.py:743} INFO - Processing file /home/airflow/.local/lib/python3.7/site-packages/airflow/example_dags/example_branch_labels.py for tasks to queue
[2022-12-27T11:32:04.161+0000] {logging_mixin.py:137} INFO - [2022-12-27T11:32:04.161+0000] {dagbag.py:538} INFO - Filling up the DagBag from /home/airflow/.local/lib/python3.7/site-packages/airflow/example_dags/example_branch_labels.py
[2022-12-27T11:32:04.178+0000] {processor.py:753} INFO - DAG(s) dict_keys(['example_branch_labels']) retrieved from /home/airflow/.local/lib/python3.7/site-packages/airflow/example_dags/example_branch_labels.py
[2022-12-27T11:32:04.232+0000] {logging_mixin.py:137} INFO - [2022-12-27T11:32:04.231+0000] {dag.py:2676} INFO - Sync 1 DAGs
[2022-12-27T11:32:04.262+0000] {logging_mixin.py:137} INFO - [2022-12-27T11:32:04.262+0000] {dag.py:3427} INFO - Setting next_dagrun for example_branch_labels to 2022-12-26T00:00:00+00:00, run_after=2022-12-27T00:00:00+00:00
[2022-12-27T11:32:04.344+0000] {processor.py:175} INFO - Processing /home/airflow/.local/lib/python3.7/site-packages/airflow/example_dags/example_branch_labels.py took 0.191 seconds
[2022-12-27T11:32:34.921+0000] {processor.py:153} INFO - Started process (PID=1351) to work on /home/airflow/.local/lib/python3.7/site-packages/airflow/example_dags/example_branch_labels.py
[2022-12-27T11:32:34.923+0000] {processor.py:743} INFO - Processing file /home/airflow/.local/lib/python3.7/site-packages/airflow/example_dags/example_branch_labels.py for tasks to queue
[2022-12-27T11:32:34.925+0000] {logging_mixin.py:137} INFO - [2022-12-27T11:32:34.925+0000] {dagbag.py:538} INFO - Filling up the DagBag from /home/airflow/.local/lib/python3.7/site-packages/airflow/example_dags/example_branch_labels.py
[2022-12-27T11:32:34.958+0000] {processor.py:753} INFO - DAG(s) dict_keys(['example_branch_labels']) retrieved from /home/airflow/.local/lib/python3.7/site-packages/airflow/example_dags/example_branch_labels.py
[2022-12-27T11:32:35.050+0000] {logging_mixin.py:137} INFO - [2022-12-27T11:32:35.050+0000] {dag.py:2676} INFO - Sync 1 DAGs
[2022-12-27T11:32:35.117+0000] {logging_mixin.py:137} INFO - [2022-12-27T11:32:35.117+0000] {dag.py:3427} INFO - Setting next_dagrun for example_branch_labels to 2022-12-26T00:00:00+00:00, run_after=2022-12-27T00:00:00+00:00
[2022-12-27T11:32:35.222+0000] {processor.py:175} INFO - Processing /home/airflow/.local/lib/python3.7/site-packages/airflow/example_dags/example_branch_labels.py took 0.308 seconds
[2022-12-27T11:33:05.815+0000] {processor.py:153} INFO - Started process (PID=1426) to work on /home/airflow/.local/lib/python3.7/site-packages/airflow/example_dags/example_branch_labels.py
[2022-12-27T11:33:05.821+0000] {processor.py:743} INFO - Processing file /home/airflow/.local/lib/python3.7/site-packages/airflow/example_dags/example_branch_labels.py for tasks to queue
[2022-12-27T11:33:05.823+0000] {logging_mixin.py:137} INFO - [2022-12-27T11:33:05.822+0000] {dagbag.py:538} INFO - Filling up the DagBag from /home/airflow/.local/lib/python3.7/site-packages/airflow/example_dags/example_branch_labels.py
[2022-12-27T11:33:05.859+0000] {processor.py:753} INFO - DAG(s) dict_keys(['example_branch_labels']) retrieved from /home/airflow/.local/lib/python3.7/site-packages/airflow/example_dags/example_branch_labels.py
[2022-12-27T11:33:05.947+0000] {logging_mixin.py:137} INFO - [2022-12-27T11:33:05.947+0000] {dag.py:2676} INFO - Sync 1 DAGs
[2022-12-27T11:33:06.006+0000] {logging_mixin.py:137} INFO - [2022-12-27T11:33:06.006+0000] {dag.py:3427} INFO - Setting next_dagrun for example_branch_labels to 2022-12-26T00:00:00+00:00, run_after=2022-12-27T00:00:00+00:00
[2022-12-27T11:33:06.094+0000] {processor.py:175} INFO - Processing /home/airflow/.local/lib/python3.7/site-packages/airflow/example_dags/example_branch_labels.py took 0.290 seconds
[2022-12-27T11:33:36.186+0000] {processor.py:153} INFO - Started process (PID=1487) to work on /home/airflow/.local/lib/python3.7/site-packages/airflow/example_dags/example_branch_labels.py
[2022-12-27T11:33:36.187+0000] {processor.py:743} INFO - Processing file /home/airflow/.local/lib/python3.7/site-packages/airflow/example_dags/example_branch_labels.py for tasks to queue
[2022-12-27T11:33:36.188+0000] {logging_mixin.py:137} INFO - [2022-12-27T11:33:36.188+0000] {dagbag.py:538} INFO - Filling up the DagBag from /home/airflow/.local/lib/python3.7/site-packages/airflow/example_dags/example_branch_labels.py
[2022-12-27T11:33:36.205+0000] {processor.py:753} INFO - DAG(s) dict_keys(['example_branch_labels']) retrieved from /home/airflow/.local/lib/python3.7/site-packages/airflow/example_dags/example_branch_labels.py
[2022-12-27T11:33:36.252+0000] {logging_mixin.py:137} INFO - [2022-12-27T11:33:36.252+0000] {dag.py:2676} INFO - Sync 1 DAGs
[2022-12-27T11:33:36.295+0000] {logging_mixin.py:137} INFO - [2022-12-27T11:33:36.294+0000] {dag.py:3427} INFO - Setting next_dagrun for example_branch_labels to 2022-12-26T00:00:00+00:00, run_after=2022-12-27T00:00:00+00:00
[2022-12-27T11:33:36.349+0000] {processor.py:175} INFO - Processing /home/airflow/.local/lib/python3.7/site-packages/airflow/example_dags/example_branch_labels.py took 0.167 seconds
[2022-12-27T11:34:06.666+0000] {processor.py:153} INFO - Started process (PID=1550) to work on /home/airflow/.local/lib/python3.7/site-packages/airflow/example_dags/example_branch_labels.py
[2022-12-27T11:34:06.668+0000] {processor.py:743} INFO - Processing file /home/airflow/.local/lib/python3.7/site-packages/airflow/example_dags/example_branch_labels.py for tasks to queue
[2022-12-27T11:34:06.670+0000] {logging_mixin.py:137} INFO - [2022-12-27T11:34:06.669+0000] {dagbag.py:538} INFO - Filling up the DagBag from /home/airflow/.local/lib/python3.7/site-packages/airflow/example_dags/example_branch_labels.py
[2022-12-27T11:34:06.706+0000] {processor.py:753} INFO - DAG(s) dict_keys(['example_branch_labels']) retrieved from /home/airflow/.local/lib/python3.7/site-packages/airflow/example_dags/example_branch_labels.py
[2022-12-27T11:34:06.767+0000] {logging_mixin.py:137} INFO - [2022-12-27T11:34:06.766+0000] {dag.py:2676} INFO - Sync 1 DAGs
[2022-12-27T11:34:06.803+0000] {logging_mixin.py:137} INFO - [2022-12-27T11:34:06.803+0000] {dag.py:3427} INFO - Setting next_dagrun for example_branch_labels to 2022-12-26T00:00:00+00:00, run_after=2022-12-27T00:00:00+00:00
[2022-12-27T11:34:06.883+0000] {processor.py:175} INFO - Processing /home/airflow/.local/lib/python3.7/site-packages/airflow/example_dags/example_branch_labels.py took 0.225 seconds
[2022-12-27T11:34:37.159+0000] {processor.py:153} INFO - Started process (PID=1624) to work on /home/airflow/.local/lib/python3.7/site-packages/airflow/example_dags/example_branch_labels.py
[2022-12-27T11:34:37.161+0000] {processor.py:743} INFO - Processing file /home/airflow/.local/lib/python3.7/site-packages/airflow/example_dags/example_branch_labels.py for tasks to queue
[2022-12-27T11:34:37.163+0000] {logging_mixin.py:137} INFO - [2022-12-27T11:34:37.163+0000] {dagbag.py:538} INFO - Filling up the DagBag from /home/airflow/.local/lib/python3.7/site-packages/airflow/example_dags/example_branch_labels.py
[2022-12-27T11:34:37.196+0000] {processor.py:753} INFO - DAG(s) dict_keys(['example_branch_labels']) retrieved from /home/airflow/.local/lib/python3.7/site-packages/airflow/example_dags/example_branch_labels.py
[2022-12-27T11:34:37.276+0000] {logging_mixin.py:137} INFO - [2022-12-27T11:34:37.276+0000] {dag.py:2676} INFO - Sync 1 DAGs
[2022-12-27T11:34:37.339+0000] {logging_mixin.py:137} INFO - [2022-12-27T11:34:37.339+0000] {dag.py:3427} INFO - Setting next_dagrun for example_branch_labels to 2022-12-26T00:00:00+00:00, run_after=2022-12-27T00:00:00+00:00
[2022-12-27T11:34:37.445+0000] {processor.py:175} INFO - Processing /home/airflow/.local/lib/python3.7/site-packages/airflow/example_dags/example_branch_labels.py took 0.296 seconds
[2022-12-27T11:35:08.028+0000] {processor.py:153} INFO - Started process (PID=1686) to work on /home/airflow/.local/lib/python3.7/site-packages/airflow/example_dags/example_branch_labels.py
[2022-12-27T11:35:08.029+0000] {processor.py:743} INFO - Processing file /home/airflow/.local/lib/python3.7/site-packages/airflow/example_dags/example_branch_labels.py for tasks to queue
[2022-12-27T11:35:08.030+0000] {logging_mixin.py:137} INFO - [2022-12-27T11:35:08.030+0000] {dagbag.py:538} INFO - Filling up the DagBag from /home/airflow/.local/lib/python3.7/site-packages/airflow/example_dags/example_branch_labels.py
[2022-12-27T11:35:08.050+0000] {processor.py:753} INFO - DAG(s) dict_keys(['example_branch_labels']) retrieved from /home/airflow/.local/lib/python3.7/site-packages/airflow/example_dags/example_branch_labels.py
[2022-12-27T11:35:08.128+0000] {logging_mixin.py:137} INFO - [2022-12-27T11:35:08.128+0000] {dag.py:2676} INFO - Sync 1 DAGs
[2022-12-27T11:35:08.178+0000] {logging_mixin.py:137} INFO - [2022-12-27T11:35:08.178+0000] {dag.py:3427} INFO - Setting next_dagrun for example_branch_labels to 2022-12-26T00:00:00+00:00, run_after=2022-12-27T00:00:00+00:00
[2022-12-27T11:35:08.259+0000] {processor.py:175} INFO - Processing /home/airflow/.local/lib/python3.7/site-packages/airflow/example_dags/example_branch_labels.py took 0.237 seconds
[2022-12-27T11:35:38.469+0000] {processor.py:153} INFO - Started process (PID=1749) to work on /home/airflow/.local/lib/python3.7/site-packages/airflow/example_dags/example_branch_labels.py
[2022-12-27T11:35:38.470+0000] {processor.py:743} INFO - Processing file /home/airflow/.local/lib/python3.7/site-packages/airflow/example_dags/example_branch_labels.py for tasks to queue
[2022-12-27T11:35:38.471+0000] {logging_mixin.py:137} INFO - [2022-12-27T11:35:38.471+0000] {dagbag.py:538} INFO - Filling up the DagBag from /home/airflow/.local/lib/python3.7/site-packages/airflow/example_dags/example_branch_labels.py
[2022-12-27T11:35:38.490+0000] {processor.py:753} INFO - DAG(s) dict_keys(['example_branch_labels']) retrieved from /home/airflow/.local/lib/python3.7/site-packages/airflow/example_dags/example_branch_labels.py
[2022-12-27T11:35:38.540+0000] {logging_mixin.py:137} INFO - [2022-12-27T11:35:38.539+0000] {dag.py:2676} INFO - Sync 1 DAGs
[2022-12-27T11:35:38.597+0000] {logging_mixin.py:137} INFO - [2022-12-27T11:35:38.597+0000] {dag.py:3427} INFO - Setting next_dagrun for example_branch_labels to 2022-12-26T00:00:00+00:00, run_after=2022-12-27T00:00:00+00:00
[2022-12-27T11:35:38.756+0000] {processor.py:175} INFO - Processing /home/airflow/.local/lib/python3.7/site-packages/airflow/example_dags/example_branch_labels.py took 0.291 seconds
[2022-12-27T11:36:08.833+0000] {processor.py:153} INFO - Started process (PID=1812) to work on /home/airflow/.local/lib/python3.7/site-packages/airflow/example_dags/example_branch_labels.py
[2022-12-27T11:36:08.834+0000] {processor.py:743} INFO - Processing file /home/airflow/.local/lib/python3.7/site-packages/airflow/example_dags/example_branch_labels.py for tasks to queue
[2022-12-27T11:36:08.835+0000] {logging_mixin.py:137} INFO - [2022-12-27T11:36:08.835+0000] {dagbag.py:538} INFO - Filling up the DagBag from /home/airflow/.local/lib/python3.7/site-packages/airflow/example_dags/example_branch_labels.py
[2022-12-27T11:36:08.853+0000] {processor.py:753} INFO - DAG(s) dict_keys(['example_branch_labels']) retrieved from /home/airflow/.local/lib/python3.7/site-packages/airflow/example_dags/example_branch_labels.py
[2022-12-27T11:36:08.902+0000] {logging_mixin.py:137} INFO - [2022-12-27T11:36:08.901+0000] {dag.py:2676} INFO - Sync 1 DAGs
[2022-12-27T11:36:08.936+0000] {logging_mixin.py:137} INFO - [2022-12-27T11:36:08.936+0000] {dag.py:3427} INFO - Setting next_dagrun for example_branch_labels to 2022-12-26T00:00:00+00:00, run_after=2022-12-27T00:00:00+00:00
[2022-12-27T11:36:08.980+0000] {processor.py:175} INFO - Processing /home/airflow/.local/lib/python3.7/site-packages/airflow/example_dags/example_branch_labels.py took 0.152 seconds
[2022-12-27T11:36:39.282+0000] {processor.py:153} INFO - Started process (PID=1886) to work on /home/airflow/.local/lib/python3.7/site-packages/airflow/example_dags/example_branch_labels.py
[2022-12-27T11:36:39.284+0000] {processor.py:743} INFO - Processing file /home/airflow/.local/lib/python3.7/site-packages/airflow/example_dags/example_branch_labels.py for tasks to queue
[2022-12-27T11:36:39.285+0000] {logging_mixin.py:137} INFO - [2022-12-27T11:36:39.284+0000] {dagbag.py:538} INFO - Filling up the DagBag from /home/airflow/.local/lib/python3.7/site-packages/airflow/example_dags/example_branch_labels.py
[2022-12-27T11:36:39.303+0000] {processor.py:753} INFO - DAG(s) dict_keys(['example_branch_labels']) retrieved from /home/airflow/.local/lib/python3.7/site-packages/airflow/example_dags/example_branch_labels.py
[2022-12-27T11:36:39.357+0000] {logging_mixin.py:137} INFO - [2022-12-27T11:36:39.356+0000] {dag.py:2676} INFO - Sync 1 DAGs
[2022-12-27T11:36:39.386+0000] {logging_mixin.py:137} INFO - [2022-12-27T11:36:39.386+0000] {dag.py:3427} INFO - Setting next_dagrun for example_branch_labels to 2022-12-26T00:00:00+00:00, run_after=2022-12-27T00:00:00+00:00
[2022-12-27T11:36:39.483+0000] {processor.py:175} INFO - Processing /home/airflow/.local/lib/python3.7/site-packages/airflow/example_dags/example_branch_labels.py took 0.206 seconds
[2022-12-27T11:37:09.857+0000] {processor.py:153} INFO - Started process (PID=1949) to work on /home/airflow/.local/lib/python3.7/site-packages/airflow/example_dags/example_branch_labels.py
[2022-12-27T11:37:09.858+0000] {processor.py:743} INFO - Processing file /home/airflow/.local/lib/python3.7/site-packages/airflow/example_dags/example_branch_labels.py for tasks to queue
[2022-12-27T11:37:09.860+0000] {logging_mixin.py:137} INFO - [2022-12-27T11:37:09.859+0000] {dagbag.py:538} INFO - Filling up the DagBag from /home/airflow/.local/lib/python3.7/site-packages/airflow/example_dags/example_branch_labels.py
[2022-12-27T11:37:09.882+0000] {processor.py:753} INFO - DAG(s) dict_keys(['example_branch_labels']) retrieved from /home/airflow/.local/lib/python3.7/site-packages/airflow/example_dags/example_branch_labels.py
[2022-12-27T11:37:09.929+0000] {logging_mixin.py:137} INFO - [2022-12-27T11:37:09.929+0000] {dag.py:2676} INFO - Sync 1 DAGs
[2022-12-27T11:37:09.965+0000] {logging_mixin.py:137} INFO - [2022-12-27T11:37:09.965+0000] {dag.py:3427} INFO - Setting next_dagrun for example_branch_labels to 2022-12-26T00:00:00+00:00, run_after=2022-12-27T00:00:00+00:00
[2022-12-27T11:37:10.018+0000] {processor.py:175} INFO - Processing /home/airflow/.local/lib/python3.7/site-packages/airflow/example_dags/example_branch_labels.py took 0.167 seconds
[2022-12-27T11:37:40.380+0000] {processor.py:153} INFO - Started process (PID=2012) to work on /home/airflow/.local/lib/python3.7/site-packages/airflow/example_dags/example_branch_labels.py
[2022-12-27T11:37:40.383+0000] {processor.py:743} INFO - Processing file /home/airflow/.local/lib/python3.7/site-packages/airflow/example_dags/example_branch_labels.py for tasks to queue
[2022-12-27T11:37:40.385+0000] {logging_mixin.py:137} INFO - [2022-12-27T11:37:40.385+0000] {dagbag.py:538} INFO - Filling up the DagBag from /home/airflow/.local/lib/python3.7/site-packages/airflow/example_dags/example_branch_labels.py
[2022-12-27T11:37:40.435+0000] {processor.py:753} INFO - DAG(s) dict_keys(['example_branch_labels']) retrieved from /home/airflow/.local/lib/python3.7/site-packages/airflow/example_dags/example_branch_labels.py
[2022-12-27T11:37:40.559+0000] {logging_mixin.py:137} INFO - [2022-12-27T11:37:40.558+0000] {dag.py:2676} INFO - Sync 1 DAGs
[2022-12-27T11:37:40.640+0000] {logging_mixin.py:137} INFO - [2022-12-27T11:37:40.639+0000] {dag.py:3427} INFO - Setting next_dagrun for example_branch_labels to 2022-12-26T00:00:00+00:00, run_after=2022-12-27T00:00:00+00:00
[2022-12-27T11:37:40.884+0000] {processor.py:175} INFO - Processing /home/airflow/.local/lib/python3.7/site-packages/airflow/example_dags/example_branch_labels.py took 0.514 seconds
[2022-12-27T11:38:11.629+0000] {processor.py:153} INFO - Started process (PID=2074) to work on /home/airflow/.local/lib/python3.7/site-packages/airflow/example_dags/example_branch_labels.py
[2022-12-27T11:38:11.630+0000] {processor.py:743} INFO - Processing file /home/airflow/.local/lib/python3.7/site-packages/airflow/example_dags/example_branch_labels.py for tasks to queue
[2022-12-27T11:38:11.631+0000] {logging_mixin.py:137} INFO - [2022-12-27T11:38:11.631+0000] {dagbag.py:538} INFO - Filling up the DagBag from /home/airflow/.local/lib/python3.7/site-packages/airflow/example_dags/example_branch_labels.py
[2022-12-27T11:38:11.648+0000] {processor.py:753} INFO - DAG(s) dict_keys(['example_branch_labels']) retrieved from /home/airflow/.local/lib/python3.7/site-packages/airflow/example_dags/example_branch_labels.py
[2022-12-27T11:38:11.692+0000] {logging_mixin.py:137} INFO - [2022-12-27T11:38:11.692+0000] {dag.py:2676} INFO - Sync 1 DAGs
[2022-12-27T11:38:11.722+0000] {logging_mixin.py:137} INFO - [2022-12-27T11:38:11.722+0000] {dag.py:3427} INFO - Setting next_dagrun for example_branch_labels to 2022-12-26T00:00:00+00:00, run_after=2022-12-27T00:00:00+00:00
[2022-12-27T11:38:11.769+0000] {processor.py:175} INFO - Processing /home/airflow/.local/lib/python3.7/site-packages/airflow/example_dags/example_branch_labels.py took 0.144 seconds
[2022-12-27T11:38:41.898+0000] {processor.py:153} INFO - Started process (PID=2149) to work on /home/airflow/.local/lib/python3.7/site-packages/airflow/example_dags/example_branch_labels.py
[2022-12-27T11:38:41.900+0000] {processor.py:743} INFO - Processing file /home/airflow/.local/lib/python3.7/site-packages/airflow/example_dags/example_branch_labels.py for tasks to queue
[2022-12-27T11:38:41.902+0000] {logging_mixin.py:137} INFO - [2022-12-27T11:38:41.901+0000] {dagbag.py:538} INFO - Filling up the DagBag from /home/airflow/.local/lib/python3.7/site-packages/airflow/example_dags/example_branch_labels.py
[2022-12-27T11:38:41.937+0000] {processor.py:753} INFO - DAG(s) dict_keys(['example_branch_labels']) retrieved from /home/airflow/.local/lib/python3.7/site-packages/airflow/example_dags/example_branch_labels.py
[2022-12-27T11:38:42.029+0000] {logging_mixin.py:137} INFO - [2022-12-27T11:38:42.029+0000] {dag.py:2676} INFO - Sync 1 DAGs
[2022-12-27T11:38:42.096+0000] {logging_mixin.py:137} INFO - [2022-12-27T11:38:42.096+0000] {dag.py:3427} INFO - Setting next_dagrun for example_branch_labels to 2022-12-26T00:00:00+00:00, run_after=2022-12-27T00:00:00+00:00
[2022-12-27T11:38:42.265+0000] {processor.py:175} INFO - Processing /home/airflow/.local/lib/python3.7/site-packages/airflow/example_dags/example_branch_labels.py took 0.375 seconds
[2022-12-27T11:39:12.317+0000] {processor.py:153} INFO - Started process (PID=2210) to work on /home/airflow/.local/lib/python3.7/site-packages/airflow/example_dags/example_branch_labels.py
[2022-12-27T11:39:12.319+0000] {processor.py:743} INFO - Processing file /home/airflow/.local/lib/python3.7/site-packages/airflow/example_dags/example_branch_labels.py for tasks to queue
[2022-12-27T11:39:12.320+0000] {logging_mixin.py:137} INFO - [2022-12-27T11:39:12.320+0000] {dagbag.py:538} INFO - Filling up the DagBag from /home/airflow/.local/lib/python3.7/site-packages/airflow/example_dags/example_branch_labels.py
[2022-12-27T11:39:12.355+0000] {processor.py:753} INFO - DAG(s) dict_keys(['example_branch_labels']) retrieved from /home/airflow/.local/lib/python3.7/site-packages/airflow/example_dags/example_branch_labels.py
[2022-12-27T11:39:12.445+0000] {logging_mixin.py:137} INFO - [2022-12-27T11:39:12.445+0000] {dag.py:2676} INFO - Sync 1 DAGs
[2022-12-27T11:39:12.509+0000] {logging_mixin.py:137} INFO - [2022-12-27T11:39:12.509+0000] {dag.py:3427} INFO - Setting next_dagrun for example_branch_labels to 2022-12-26T00:00:00+00:00, run_after=2022-12-27T00:00:00+00:00
[2022-12-27T11:39:12.780+0000] {processor.py:175} INFO - Processing /home/airflow/.local/lib/python3.7/site-packages/airflow/example_dags/example_branch_labels.py took 0.471 seconds
[2022-12-27T11:39:43.332+0000] {processor.py:153} INFO - Started process (PID=2284) to work on /home/airflow/.local/lib/python3.7/site-packages/airflow/example_dags/example_branch_labels.py
[2022-12-27T11:39:43.340+0000] {processor.py:743} INFO - Processing file /home/airflow/.local/lib/python3.7/site-packages/airflow/example_dags/example_branch_labels.py for tasks to queue
[2022-12-27T11:39:43.344+0000] {logging_mixin.py:137} INFO - [2022-12-27T11:39:43.343+0000] {dagbag.py:538} INFO - Filling up the DagBag from /home/airflow/.local/lib/python3.7/site-packages/airflow/example_dags/example_branch_labels.py
[2022-12-27T11:39:43.375+0000] {processor.py:753} INFO - DAG(s) dict_keys(['example_branch_labels']) retrieved from /home/airflow/.local/lib/python3.7/site-packages/airflow/example_dags/example_branch_labels.py
[2022-12-27T11:39:43.420+0000] {logging_mixin.py:137} INFO - [2022-12-27T11:39:43.420+0000] {dag.py:2676} INFO - Sync 1 DAGs
[2022-12-27T11:39:43.460+0000] {logging_mixin.py:137} INFO - [2022-12-27T11:39:43.460+0000] {dag.py:3427} INFO - Setting next_dagrun for example_branch_labels to 2022-12-26T00:00:00+00:00, run_after=2022-12-27T00:00:00+00:00
[2022-12-27T11:39:43.581+0000] {processor.py:175} INFO - Processing /home/airflow/.local/lib/python3.7/site-packages/airflow/example_dags/example_branch_labels.py took 0.254 seconds
[2022-12-27T11:40:13.781+0000] {processor.py:153} INFO - Started process (PID=2346) to work on /home/airflow/.local/lib/python3.7/site-packages/airflow/example_dags/example_branch_labels.py
[2022-12-27T11:40:13.783+0000] {processor.py:743} INFO - Processing file /home/airflow/.local/lib/python3.7/site-packages/airflow/example_dags/example_branch_labels.py for tasks to queue
[2022-12-27T11:40:13.784+0000] {logging_mixin.py:137} INFO - [2022-12-27T11:40:13.784+0000] {dagbag.py:538} INFO - Filling up the DagBag from /home/airflow/.local/lib/python3.7/site-packages/airflow/example_dags/example_branch_labels.py
[2022-12-27T11:40:13.810+0000] {processor.py:753} INFO - DAG(s) dict_keys(['example_branch_labels']) retrieved from /home/airflow/.local/lib/python3.7/site-packages/airflow/example_dags/example_branch_labels.py
[2022-12-27T11:40:13.860+0000] {logging_mixin.py:137} INFO - [2022-12-27T11:40:13.860+0000] {dag.py:2676} INFO - Sync 1 DAGs
[2022-12-27T11:40:13.901+0000] {logging_mixin.py:137} INFO - [2022-12-27T11:40:13.901+0000] {dag.py:3427} INFO - Setting next_dagrun for example_branch_labels to 2022-12-26T00:00:00+00:00, run_after=2022-12-27T00:00:00+00:00
[2022-12-27T11:40:14.022+0000] {processor.py:175} INFO - Processing /home/airflow/.local/lib/python3.7/site-packages/airflow/example_dags/example_branch_labels.py took 0.250 seconds
[2022-12-27T11:40:44.985+0000] {processor.py:153} INFO - Started process (PID=2408) to work on /home/airflow/.local/lib/python3.7/site-packages/airflow/example_dags/example_branch_labels.py
[2022-12-27T11:40:44.987+0000] {processor.py:743} INFO - Processing file /home/airflow/.local/lib/python3.7/site-packages/airflow/example_dags/example_branch_labels.py for tasks to queue
[2022-12-27T11:40:44.989+0000] {logging_mixin.py:137} INFO - [2022-12-27T11:40:44.988+0000] {dagbag.py:538} INFO - Filling up the DagBag from /home/airflow/.local/lib/python3.7/site-packages/airflow/example_dags/example_branch_labels.py
[2022-12-27T11:40:45.038+0000] {processor.py:753} INFO - DAG(s) dict_keys(['example_branch_labels']) retrieved from /home/airflow/.local/lib/python3.7/site-packages/airflow/example_dags/example_branch_labels.py
[2022-12-27T11:40:45.112+0000] {logging_mixin.py:137} INFO - [2022-12-27T11:40:45.112+0000] {dag.py:2676} INFO - Sync 1 DAGs
[2022-12-27T11:40:45.221+0000] {logging_mixin.py:137} INFO - [2022-12-27T11:40:45.220+0000] {dag.py:3427} INFO - Setting next_dagrun for example_branch_labels to 2022-12-26T00:00:00+00:00, run_after=2022-12-27T00:00:00+00:00
[2022-12-27T11:40:46.300+0000] {processor.py:175} INFO - Processing /home/airflow/.local/lib/python3.7/site-packages/airflow/example_dags/example_branch_labels.py took 1.324 seconds
[2022-12-27T11:41:17.293+0000] {processor.py:153} INFO - Started process (PID=2469) to work on /home/airflow/.local/lib/python3.7/site-packages/airflow/example_dags/example_branch_labels.py
[2022-12-27T11:41:17.294+0000] {processor.py:743} INFO - Processing file /home/airflow/.local/lib/python3.7/site-packages/airflow/example_dags/example_branch_labels.py for tasks to queue
[2022-12-27T11:41:17.295+0000] {logging_mixin.py:137} INFO - [2022-12-27T11:41:17.294+0000] {dagbag.py:538} INFO - Filling up the DagBag from /home/airflow/.local/lib/python3.7/site-packages/airflow/example_dags/example_branch_labels.py
[2022-12-27T11:41:17.314+0000] {processor.py:753} INFO - DAG(s) dict_keys(['example_branch_labels']) retrieved from /home/airflow/.local/lib/python3.7/site-packages/airflow/example_dags/example_branch_labels.py
[2022-12-27T11:41:17.363+0000] {logging_mixin.py:137} INFO - [2022-12-27T11:41:17.363+0000] {dag.py:2676} INFO - Sync 1 DAGs
[2022-12-27T11:41:17.396+0000] {logging_mixin.py:137} INFO - [2022-12-27T11:41:17.396+0000] {dag.py:3427} INFO - Setting next_dagrun for example_branch_labels to 2022-12-26T00:00:00+00:00, run_after=2022-12-27T00:00:00+00:00
[2022-12-27T11:41:17.465+0000] {processor.py:175} INFO - Processing /home/airflow/.local/lib/python3.7/site-packages/airflow/example_dags/example_branch_labels.py took 0.177 seconds
[2022-12-27T11:41:47.678+0000] {processor.py:153} INFO - Started process (PID=2530) to work on /home/airflow/.local/lib/python3.7/site-packages/airflow/example_dags/example_branch_labels.py
[2022-12-27T11:41:47.679+0000] {processor.py:743} INFO - Processing file /home/airflow/.local/lib/python3.7/site-packages/airflow/example_dags/example_branch_labels.py for tasks to queue
[2022-12-27T11:41:47.680+0000] {logging_mixin.py:137} INFO - [2022-12-27T11:41:47.680+0000] {dagbag.py:538} INFO - Filling up the DagBag from /home/airflow/.local/lib/python3.7/site-packages/airflow/example_dags/example_branch_labels.py
[2022-12-27T11:41:47.700+0000] {processor.py:753} INFO - DAG(s) dict_keys(['example_branch_labels']) retrieved from /home/airflow/.local/lib/python3.7/site-packages/airflow/example_dags/example_branch_labels.py
[2022-12-27T11:41:47.747+0000] {logging_mixin.py:137} INFO - [2022-12-27T11:41:47.746+0000] {dag.py:2676} INFO - Sync 1 DAGs
[2022-12-27T11:41:47.784+0000] {logging_mixin.py:137} INFO - [2022-12-27T11:41:47.784+0000] {dag.py:3427} INFO - Setting next_dagrun for example_branch_labels to 2022-12-26T00:00:00+00:00, run_after=2022-12-27T00:00:00+00:00
[2022-12-27T11:41:47.830+0000] {processor.py:175} INFO - Processing /home/airflow/.local/lib/python3.7/site-packages/airflow/example_dags/example_branch_labels.py took 0.156 seconds
