[2022-12-27T11:22:29.680+0000] {processor.py:153} INFO - Started process (PID=79) to work on /home/airflow/.local/lib/python3.7/site-packages/airflow/example_dags/example_trigger_target_dag.py
[2022-12-27T11:22:29.682+0000] {processor.py:743} INFO - Processing file /home/airflow/.local/lib/python3.7/site-packages/airflow/example_dags/example_trigger_target_dag.py for tasks to queue
[2022-12-27T11:22:29.684+0000] {logging_mixin.py:137} INFO - [2022-12-27T11:22:29.684+0000] {dagbag.py:538} INFO - Filling up the DagBag from /home/airflow/.local/lib/python3.7/site-packages/airflow/example_dags/example_trigger_target_dag.py
[2022-12-27T11:22:29.718+0000] {processor.py:753} INFO - DAG(s) dict_keys(['example_trigger_target_dag']) retrieved from /home/airflow/.local/lib/python3.7/site-packages/airflow/example_dags/example_trigger_target_dag.py
[2022-12-27T11:22:29.774+0000] {logging_mixin.py:137} INFO - [2022-12-27T11:22:29.773+0000] {dag.py:2676} INFO - Sync 1 DAGs
[2022-12-27T11:22:29.832+0000] {logging_mixin.py:137} INFO - [2022-12-27T11:22:29.831+0000] {dag.py:3427} INFO - Setting next_dagrun for example_trigger_target_dag to None, run_after=None
[2022-12-27T11:22:31.594+0000] {processor.py:175} INFO - Processing /home/airflow/.local/lib/python3.7/site-packages/airflow/example_dags/example_trigger_target_dag.py took 1.921 seconds
[2022-12-27T11:23:01.991+0000] {processor.py:153} INFO - Started process (PID=135) to work on /home/airflow/.local/lib/python3.7/site-packages/airflow/example_dags/example_trigger_target_dag.py
[2022-12-27T11:23:01.992+0000] {processor.py:743} INFO - Processing file /home/airflow/.local/lib/python3.7/site-packages/airflow/example_dags/example_trigger_target_dag.py for tasks to queue
[2022-12-27T11:23:01.993+0000] {logging_mixin.py:137} INFO - [2022-12-27T11:23:01.993+0000] {dagbag.py:538} INFO - Filling up the DagBag from /home/airflow/.local/lib/python3.7/site-packages/airflow/example_dags/example_trigger_target_dag.py
[2022-12-27T11:23:02.020+0000] {processor.py:753} INFO - DAG(s) dict_keys(['example_trigger_target_dag']) retrieved from /home/airflow/.local/lib/python3.7/site-packages/airflow/example_dags/example_trigger_target_dag.py
[2022-12-27T11:23:02.060+0000] {logging_mixin.py:137} INFO - [2022-12-27T11:23:02.060+0000] {dag.py:2676} INFO - Sync 1 DAGs
[2022-12-27T11:23:02.086+0000] {logging_mixin.py:137} INFO - [2022-12-27T11:23:02.086+0000] {dag.py:3427} INFO - Setting next_dagrun for example_trigger_target_dag to None, run_after=None
[2022-12-27T11:23:02.170+0000] {processor.py:175} INFO - Processing /home/airflow/.local/lib/python3.7/site-packages/airflow/example_dags/example_trigger_target_dag.py took 0.186 seconds
[2022-12-27T11:23:33.051+0000] {processor.py:153} INFO - Started process (PID=210) to work on /home/airflow/.local/lib/python3.7/site-packages/airflow/example_dags/example_trigger_target_dag.py
[2022-12-27T11:23:33.052+0000] {processor.py:743} INFO - Processing file /home/airflow/.local/lib/python3.7/site-packages/airflow/example_dags/example_trigger_target_dag.py for tasks to queue
[2022-12-27T11:23:33.053+0000] {logging_mixin.py:137} INFO - [2022-12-27T11:23:33.053+0000] {dagbag.py:538} INFO - Filling up the DagBag from /home/airflow/.local/lib/python3.7/site-packages/airflow/example_dags/example_trigger_target_dag.py
[2022-12-27T11:23:33.078+0000] {processor.py:753} INFO - DAG(s) dict_keys(['example_trigger_target_dag']) retrieved from /home/airflow/.local/lib/python3.7/site-packages/airflow/example_dags/example_trigger_target_dag.py
[2022-12-27T11:23:33.123+0000] {logging_mixin.py:137} INFO - [2022-12-27T11:23:33.123+0000] {dag.py:2676} INFO - Sync 1 DAGs
[2022-12-27T11:23:33.157+0000] {logging_mixin.py:137} INFO - [2022-12-27T11:23:33.156+0000] {dag.py:3427} INFO - Setting next_dagrun for example_trigger_target_dag to None, run_after=None
[2022-12-27T11:23:33.250+0000] {processor.py:175} INFO - Processing /home/airflow/.local/lib/python3.7/site-packages/airflow/example_dags/example_trigger_target_dag.py took 0.204 seconds
[2022-12-27T11:24:03.683+0000] {processor.py:153} INFO - Started process (PID=273) to work on /home/airflow/.local/lib/python3.7/site-packages/airflow/example_dags/example_trigger_target_dag.py
[2022-12-27T11:24:03.685+0000] {processor.py:743} INFO - Processing file /home/airflow/.local/lib/python3.7/site-packages/airflow/example_dags/example_trigger_target_dag.py for tasks to queue
[2022-12-27T11:24:03.686+0000] {logging_mixin.py:137} INFO - [2022-12-27T11:24:03.685+0000] {dagbag.py:538} INFO - Filling up the DagBag from /home/airflow/.local/lib/python3.7/site-packages/airflow/example_dags/example_trigger_target_dag.py
[2022-12-27T11:24:03.714+0000] {processor.py:753} INFO - DAG(s) dict_keys(['example_trigger_target_dag']) retrieved from /home/airflow/.local/lib/python3.7/site-packages/airflow/example_dags/example_trigger_target_dag.py
[2022-12-27T11:24:03.760+0000] {logging_mixin.py:137} INFO - [2022-12-27T11:24:03.760+0000] {dag.py:2676} INFO - Sync 1 DAGs
[2022-12-27T11:24:03.789+0000] {logging_mixin.py:137} INFO - [2022-12-27T11:24:03.789+0000] {dag.py:3427} INFO - Setting next_dagrun for example_trigger_target_dag to None, run_after=None
[2022-12-27T11:24:03.884+0000] {processor.py:175} INFO - Processing /home/airflow/.local/lib/python3.7/site-packages/airflow/example_dags/example_trigger_target_dag.py took 0.206 seconds
[2022-12-27T11:24:34.227+0000] {processor.py:153} INFO - Started process (PID=336) to work on /home/airflow/.local/lib/python3.7/site-packages/airflow/example_dags/example_trigger_target_dag.py
[2022-12-27T11:24:34.228+0000] {processor.py:743} INFO - Processing file /home/airflow/.local/lib/python3.7/site-packages/airflow/example_dags/example_trigger_target_dag.py for tasks to queue
[2022-12-27T11:24:34.229+0000] {logging_mixin.py:137} INFO - [2022-12-27T11:24:34.229+0000] {dagbag.py:538} INFO - Filling up the DagBag from /home/airflow/.local/lib/python3.7/site-packages/airflow/example_dags/example_trigger_target_dag.py
[2022-12-27T11:24:34.254+0000] {processor.py:753} INFO - DAG(s) dict_keys(['example_trigger_target_dag']) retrieved from /home/airflow/.local/lib/python3.7/site-packages/airflow/example_dags/example_trigger_target_dag.py
[2022-12-27T11:24:34.298+0000] {logging_mixin.py:137} INFO - [2022-12-27T11:24:34.298+0000] {dag.py:2676} INFO - Sync 1 DAGs
[2022-12-27T11:24:34.335+0000] {logging_mixin.py:137} INFO - [2022-12-27T11:24:34.334+0000] {dag.py:3427} INFO - Setting next_dagrun for example_trigger_target_dag to None, run_after=None
[2022-12-27T11:24:34.457+0000] {processor.py:175} INFO - Processing /home/airflow/.local/lib/python3.7/site-packages/airflow/example_dags/example_trigger_target_dag.py took 0.236 seconds
[2022-12-27T11:25:04.885+0000] {processor.py:153} INFO - Started process (PID=408) to work on /home/airflow/.local/lib/python3.7/site-packages/airflow/example_dags/example_trigger_target_dag.py
[2022-12-27T11:25:04.886+0000] {processor.py:743} INFO - Processing file /home/airflow/.local/lib/python3.7/site-packages/airflow/example_dags/example_trigger_target_dag.py for tasks to queue
[2022-12-27T11:25:04.887+0000] {logging_mixin.py:137} INFO - [2022-12-27T11:25:04.886+0000] {dagbag.py:538} INFO - Filling up the DagBag from /home/airflow/.local/lib/python3.7/site-packages/airflow/example_dags/example_trigger_target_dag.py
[2022-12-27T11:25:04.916+0000] {processor.py:753} INFO - DAG(s) dict_keys(['example_trigger_target_dag']) retrieved from /home/airflow/.local/lib/python3.7/site-packages/airflow/example_dags/example_trigger_target_dag.py
[2022-12-27T11:25:04.982+0000] {logging_mixin.py:137} INFO - [2022-12-27T11:25:04.982+0000] {dag.py:2676} INFO - Sync 1 DAGs
[2022-12-27T11:25:05.074+0000] {logging_mixin.py:137} INFO - [2022-12-27T11:25:05.074+0000] {dag.py:3427} INFO - Setting next_dagrun for example_trigger_target_dag to None, run_after=None
[2022-12-27T11:25:05.252+0000] {processor.py:175} INFO - Processing /home/airflow/.local/lib/python3.7/site-packages/airflow/example_dags/example_trigger_target_dag.py took 0.372 seconds
[2022-12-27T11:25:36.071+0000] {processor.py:153} INFO - Started process (PID=473) to work on /home/airflow/.local/lib/python3.7/site-packages/airflow/example_dags/example_trigger_target_dag.py
[2022-12-27T11:25:36.074+0000] {processor.py:743} INFO - Processing file /home/airflow/.local/lib/python3.7/site-packages/airflow/example_dags/example_trigger_target_dag.py for tasks to queue
[2022-12-27T11:25:36.077+0000] {logging_mixin.py:137} INFO - [2022-12-27T11:25:36.076+0000] {dagbag.py:538} INFO - Filling up the DagBag from /home/airflow/.local/lib/python3.7/site-packages/airflow/example_dags/example_trigger_target_dag.py
[2022-12-27T11:25:36.128+0000] {processor.py:753} INFO - DAG(s) dict_keys(['example_trigger_target_dag']) retrieved from /home/airflow/.local/lib/python3.7/site-packages/airflow/example_dags/example_trigger_target_dag.py
[2022-12-27T11:25:36.218+0000] {logging_mixin.py:137} INFO - [2022-12-27T11:25:36.217+0000] {dag.py:2676} INFO - Sync 1 DAGs
[2022-12-27T11:25:36.276+0000] {logging_mixin.py:137} INFO - [2022-12-27T11:25:36.276+0000] {dag.py:3427} INFO - Setting next_dagrun for example_trigger_target_dag to None, run_after=None
[2022-12-27T11:25:36.704+0000] {processor.py:175} INFO - Processing /home/airflow/.local/lib/python3.7/site-packages/airflow/example_dags/example_trigger_target_dag.py took 0.643 seconds
[2022-12-27T11:26:07.524+0000] {processor.py:153} INFO - Started process (PID=535) to work on /home/airflow/.local/lib/python3.7/site-packages/airflow/example_dags/example_trigger_target_dag.py
[2022-12-27T11:26:07.526+0000] {processor.py:743} INFO - Processing file /home/airflow/.local/lib/python3.7/site-packages/airflow/example_dags/example_trigger_target_dag.py for tasks to queue
[2022-12-27T11:26:07.527+0000] {logging_mixin.py:137} INFO - [2022-12-27T11:26:07.527+0000] {dagbag.py:538} INFO - Filling up the DagBag from /home/airflow/.local/lib/python3.7/site-packages/airflow/example_dags/example_trigger_target_dag.py
[2022-12-27T11:26:07.553+0000] {processor.py:753} INFO - DAG(s) dict_keys(['example_trigger_target_dag']) retrieved from /home/airflow/.local/lib/python3.7/site-packages/airflow/example_dags/example_trigger_target_dag.py
[2022-12-27T11:26:07.595+0000] {logging_mixin.py:137} INFO - [2022-12-27T11:26:07.595+0000] {dag.py:2676} INFO - Sync 1 DAGs
[2022-12-27T11:26:07.622+0000] {logging_mixin.py:137} INFO - [2022-12-27T11:26:07.622+0000] {dag.py:3427} INFO - Setting next_dagrun for example_trigger_target_dag to None, run_after=None
[2022-12-27T11:26:07.668+0000] {processor.py:175} INFO - Processing /home/airflow/.local/lib/python3.7/site-packages/airflow/example_dags/example_trigger_target_dag.py took 0.151 seconds
[2022-12-27T11:26:37.842+0000] {processor.py:153} INFO - Started process (PID=597) to work on /home/airflow/.local/lib/python3.7/site-packages/airflow/example_dags/example_trigger_target_dag.py
[2022-12-27T11:26:37.843+0000] {processor.py:743} INFO - Processing file /home/airflow/.local/lib/python3.7/site-packages/airflow/example_dags/example_trigger_target_dag.py for tasks to queue
[2022-12-27T11:26:37.845+0000] {logging_mixin.py:137} INFO - [2022-12-27T11:26:37.845+0000] {dagbag.py:538} INFO - Filling up the DagBag from /home/airflow/.local/lib/python3.7/site-packages/airflow/example_dags/example_trigger_target_dag.py
[2022-12-27T11:26:37.871+0000] {processor.py:753} INFO - DAG(s) dict_keys(['example_trigger_target_dag']) retrieved from /home/airflow/.local/lib/python3.7/site-packages/airflow/example_dags/example_trigger_target_dag.py
[2022-12-27T11:26:37.926+0000] {logging_mixin.py:137} INFO - [2022-12-27T11:26:37.926+0000] {dag.py:2676} INFO - Sync 1 DAGs
[2022-12-27T11:26:37.970+0000] {logging_mixin.py:137} INFO - [2022-12-27T11:26:37.970+0000] {dag.py:3427} INFO - Setting next_dagrun for example_trigger_target_dag to None, run_after=None
[2022-12-27T11:26:38.093+0000] {processor.py:175} INFO - Processing /home/airflow/.local/lib/python3.7/site-packages/airflow/example_dags/example_trigger_target_dag.py took 0.255 seconds
[2022-12-27T11:27:08.228+0000] {processor.py:153} INFO - Started process (PID=658) to work on /home/airflow/.local/lib/python3.7/site-packages/airflow/example_dags/example_trigger_target_dag.py
[2022-12-27T11:27:08.230+0000] {processor.py:743} INFO - Processing file /home/airflow/.local/lib/python3.7/site-packages/airflow/example_dags/example_trigger_target_dag.py for tasks to queue
[2022-12-27T11:27:08.232+0000] {logging_mixin.py:137} INFO - [2022-12-27T11:27:08.231+0000] {dagbag.py:538} INFO - Filling up the DagBag from /home/airflow/.local/lib/python3.7/site-packages/airflow/example_dags/example_trigger_target_dag.py
[2022-12-27T11:27:08.282+0000] {processor.py:753} INFO - DAG(s) dict_keys(['example_trigger_target_dag']) retrieved from /home/airflow/.local/lib/python3.7/site-packages/airflow/example_dags/example_trigger_target_dag.py
[2022-12-27T11:27:08.369+0000] {logging_mixin.py:137} INFO - [2022-12-27T11:27:08.368+0000] {dag.py:2676} INFO - Sync 1 DAGs
[2022-12-27T11:27:08.416+0000] {logging_mixin.py:137} INFO - [2022-12-27T11:27:08.416+0000] {dag.py:3427} INFO - Setting next_dagrun for example_trigger_target_dag to None, run_after=None
[2022-12-27T11:27:08.487+0000] {processor.py:175} INFO - Processing /home/airflow/.local/lib/python3.7/site-packages/airflow/example_dags/example_trigger_target_dag.py took 0.266 seconds
[2022-12-27T11:27:38.662+0000] {processor.py:153} INFO - Started process (PID=731) to work on /home/airflow/.local/lib/python3.7/site-packages/airflow/example_dags/example_trigger_target_dag.py
[2022-12-27T11:27:38.664+0000] {processor.py:743} INFO - Processing file /home/airflow/.local/lib/python3.7/site-packages/airflow/example_dags/example_trigger_target_dag.py for tasks to queue
[2022-12-27T11:27:38.667+0000] {logging_mixin.py:137} INFO - [2022-12-27T11:27:38.666+0000] {dagbag.py:538} INFO - Filling up the DagBag from /home/airflow/.local/lib/python3.7/site-packages/airflow/example_dags/example_trigger_target_dag.py
[2022-12-27T11:27:38.698+0000] {processor.py:753} INFO - DAG(s) dict_keys(['example_trigger_target_dag']) retrieved from /home/airflow/.local/lib/python3.7/site-packages/airflow/example_dags/example_trigger_target_dag.py
[2022-12-27T11:27:38.753+0000] {logging_mixin.py:137} INFO - [2022-12-27T11:27:38.753+0000] {dag.py:2676} INFO - Sync 1 DAGs
[2022-12-27T11:27:38.812+0000] {logging_mixin.py:137} INFO - [2022-12-27T11:27:38.812+0000] {dag.py:3427} INFO - Setting next_dagrun for example_trigger_target_dag to None, run_after=None
[2022-12-27T11:27:38.887+0000] {processor.py:175} INFO - Processing /home/airflow/.local/lib/python3.7/site-packages/airflow/example_dags/example_trigger_target_dag.py took 0.236 seconds
[2022-12-27T11:28:08.965+0000] {processor.py:153} INFO - Started process (PID=793) to work on /home/airflow/.local/lib/python3.7/site-packages/airflow/example_dags/example_trigger_target_dag.py
[2022-12-27T11:28:08.967+0000] {processor.py:743} INFO - Processing file /home/airflow/.local/lib/python3.7/site-packages/airflow/example_dags/example_trigger_target_dag.py for tasks to queue
[2022-12-27T11:28:08.968+0000] {logging_mixin.py:137} INFO - [2022-12-27T11:28:08.968+0000] {dagbag.py:538} INFO - Filling up the DagBag from /home/airflow/.local/lib/python3.7/site-packages/airflow/example_dags/example_trigger_target_dag.py
[2022-12-27T11:28:08.996+0000] {processor.py:753} INFO - DAG(s) dict_keys(['example_trigger_target_dag']) retrieved from /home/airflow/.local/lib/python3.7/site-packages/airflow/example_dags/example_trigger_target_dag.py
[2022-12-27T11:28:09.035+0000] {logging_mixin.py:137} INFO - [2022-12-27T11:28:09.035+0000] {dag.py:2676} INFO - Sync 1 DAGs
[2022-12-27T11:28:09.063+0000] {logging_mixin.py:137} INFO - [2022-12-27T11:28:09.062+0000] {dag.py:3427} INFO - Setting next_dagrun for example_trigger_target_dag to None, run_after=None
[2022-12-27T11:28:09.124+0000] {processor.py:175} INFO - Processing /home/airflow/.local/lib/python3.7/site-packages/airflow/example_dags/example_trigger_target_dag.py took 0.171 seconds
[2022-12-27T11:28:39.274+0000] {processor.py:153} INFO - Started process (PID=855) to work on /home/airflow/.local/lib/python3.7/site-packages/airflow/example_dags/example_trigger_target_dag.py
[2022-12-27T11:28:39.277+0000] {processor.py:743} INFO - Processing file /home/airflow/.local/lib/python3.7/site-packages/airflow/example_dags/example_trigger_target_dag.py for tasks to queue
[2022-12-27T11:28:39.279+0000] {logging_mixin.py:137} INFO - [2022-12-27T11:28:39.279+0000] {dagbag.py:538} INFO - Filling up the DagBag from /home/airflow/.local/lib/python3.7/site-packages/airflow/example_dags/example_trigger_target_dag.py
[2022-12-27T11:28:39.313+0000] {processor.py:753} INFO - DAG(s) dict_keys(['example_trigger_target_dag']) retrieved from /home/airflow/.local/lib/python3.7/site-packages/airflow/example_dags/example_trigger_target_dag.py
[2022-12-27T11:28:39.354+0000] {logging_mixin.py:137} INFO - [2022-12-27T11:28:39.354+0000] {dag.py:2676} INFO - Sync 1 DAGs
[2022-12-27T11:28:39.381+0000] {logging_mixin.py:137} INFO - [2022-12-27T11:28:39.381+0000] {dag.py:3427} INFO - Setting next_dagrun for example_trigger_target_dag to None, run_after=None
[2022-12-27T11:28:39.434+0000] {processor.py:175} INFO - Processing /home/airflow/.local/lib/python3.7/site-packages/airflow/example_dags/example_trigger_target_dag.py took 0.171 seconds
[2022-12-27T11:29:10.302+0000] {processor.py:153} INFO - Started process (PID=930) to work on /home/airflow/.local/lib/python3.7/site-packages/airflow/example_dags/example_trigger_target_dag.py
[2022-12-27T11:29:10.304+0000] {processor.py:743} INFO - Processing file /home/airflow/.local/lib/python3.7/site-packages/airflow/example_dags/example_trigger_target_dag.py for tasks to queue
[2022-12-27T11:29:10.305+0000] {logging_mixin.py:137} INFO - [2022-12-27T11:29:10.305+0000] {dagbag.py:538} INFO - Filling up the DagBag from /home/airflow/.local/lib/python3.7/site-packages/airflow/example_dags/example_trigger_target_dag.py
[2022-12-27T11:29:10.357+0000] {processor.py:753} INFO - DAG(s) dict_keys(['example_trigger_target_dag']) retrieved from /home/airflow/.local/lib/python3.7/site-packages/airflow/example_dags/example_trigger_target_dag.py
[2022-12-27T11:29:10.438+0000] {logging_mixin.py:137} INFO - [2022-12-27T11:29:10.438+0000] {dag.py:2676} INFO - Sync 1 DAGs
[2022-12-27T11:29:10.496+0000] {logging_mixin.py:137} INFO - [2022-12-27T11:29:10.496+0000] {dag.py:3427} INFO - Setting next_dagrun for example_trigger_target_dag to None, run_after=None
[2022-12-27T11:29:10.560+0000] {processor.py:175} INFO - Processing /home/airflow/.local/lib/python3.7/site-packages/airflow/example_dags/example_trigger_target_dag.py took 0.266 seconds
[2022-12-27T11:29:40.749+0000] {processor.py:153} INFO - Started process (PID=992) to work on /home/airflow/.local/lib/python3.7/site-packages/airflow/example_dags/example_trigger_target_dag.py
[2022-12-27T11:29:40.750+0000] {processor.py:743} INFO - Processing file /home/airflow/.local/lib/python3.7/site-packages/airflow/example_dags/example_trigger_target_dag.py for tasks to queue
[2022-12-27T11:29:40.751+0000] {logging_mixin.py:137} INFO - [2022-12-27T11:29:40.751+0000] {dagbag.py:538} INFO - Filling up the DagBag from /home/airflow/.local/lib/python3.7/site-packages/airflow/example_dags/example_trigger_target_dag.py
[2022-12-27T11:29:40.776+0000] {processor.py:753} INFO - DAG(s) dict_keys(['example_trigger_target_dag']) retrieved from /home/airflow/.local/lib/python3.7/site-packages/airflow/example_dags/example_trigger_target_dag.py
[2022-12-27T11:29:40.821+0000] {logging_mixin.py:137} INFO - [2022-12-27T11:29:40.820+0000] {dag.py:2676} INFO - Sync 1 DAGs
[2022-12-27T11:29:40.858+0000] {logging_mixin.py:137} INFO - [2022-12-27T11:29:40.858+0000] {dag.py:3427} INFO - Setting next_dagrun for example_trigger_target_dag to None, run_after=None
[2022-12-27T11:29:40.920+0000] {processor.py:175} INFO - Processing /home/airflow/.local/lib/python3.7/site-packages/airflow/example_dags/example_trigger_target_dag.py took 0.175 seconds
[2022-12-27T11:30:11.764+0000] {processor.py:153} INFO - Started process (PID=1054) to work on /home/airflow/.local/lib/python3.7/site-packages/airflow/example_dags/example_trigger_target_dag.py
[2022-12-27T11:30:11.767+0000] {processor.py:743} INFO - Processing file /home/airflow/.local/lib/python3.7/site-packages/airflow/example_dags/example_trigger_target_dag.py for tasks to queue
[2022-12-27T11:30:11.769+0000] {logging_mixin.py:137} INFO - [2022-12-27T11:30:11.769+0000] {dagbag.py:538} INFO - Filling up the DagBag from /home/airflow/.local/lib/python3.7/site-packages/airflow/example_dags/example_trigger_target_dag.py
[2022-12-27T11:30:11.823+0000] {processor.py:753} INFO - DAG(s) dict_keys(['example_trigger_target_dag']) retrieved from /home/airflow/.local/lib/python3.7/site-packages/airflow/example_dags/example_trigger_target_dag.py
[2022-12-27T11:30:11.904+0000] {logging_mixin.py:137} INFO - [2022-12-27T11:30:11.904+0000] {dag.py:2676} INFO - Sync 1 DAGs
[2022-12-27T11:30:11.959+0000] {logging_mixin.py:137} INFO - [2022-12-27T11:30:11.959+0000] {dag.py:3427} INFO - Setting next_dagrun for example_trigger_target_dag to None, run_after=None
[2022-12-27T11:30:12.026+0000] {processor.py:175} INFO - Processing /home/airflow/.local/lib/python3.7/site-packages/airflow/example_dags/example_trigger_target_dag.py took 0.271 seconds
[2022-12-27T11:30:42.785+0000] {processor.py:153} INFO - Started process (PID=1128) to work on /home/airflow/.local/lib/python3.7/site-packages/airflow/example_dags/example_trigger_target_dag.py
[2022-12-27T11:30:42.787+0000] {processor.py:743} INFO - Processing file /home/airflow/.local/lib/python3.7/site-packages/airflow/example_dags/example_trigger_target_dag.py for tasks to queue
[2022-12-27T11:30:42.788+0000] {logging_mixin.py:137} INFO - [2022-12-27T11:30:42.788+0000] {dagbag.py:538} INFO - Filling up the DagBag from /home/airflow/.local/lib/python3.7/site-packages/airflow/example_dags/example_trigger_target_dag.py
[2022-12-27T11:30:42.816+0000] {processor.py:753} INFO - DAG(s) dict_keys(['example_trigger_target_dag']) retrieved from /home/airflow/.local/lib/python3.7/site-packages/airflow/example_dags/example_trigger_target_dag.py
[2022-12-27T11:30:42.853+0000] {logging_mixin.py:137} INFO - [2022-12-27T11:30:42.852+0000] {dag.py:2676} INFO - Sync 1 DAGs
[2022-12-27T11:30:42.878+0000] {logging_mixin.py:137} INFO - [2022-12-27T11:30:42.878+0000] {dag.py:3427} INFO - Setting next_dagrun for example_trigger_target_dag to None, run_after=None
[2022-12-27T11:30:42.957+0000] {processor.py:175} INFO - Processing /home/airflow/.local/lib/python3.7/site-packages/airflow/example_dags/example_trigger_target_dag.py took 0.182 seconds
[2022-12-27T11:31:13.141+0000] {processor.py:153} INFO - Started process (PID=1191) to work on /home/airflow/.local/lib/python3.7/site-packages/airflow/example_dags/example_trigger_target_dag.py
[2022-12-27T11:31:13.144+0000] {processor.py:743} INFO - Processing file /home/airflow/.local/lib/python3.7/site-packages/airflow/example_dags/example_trigger_target_dag.py for tasks to queue
[2022-12-27T11:31:13.145+0000] {logging_mixin.py:137} INFO - [2022-12-27T11:31:13.145+0000] {dagbag.py:538} INFO - Filling up the DagBag from /home/airflow/.local/lib/python3.7/site-packages/airflow/example_dags/example_trigger_target_dag.py
[2022-12-27T11:31:13.174+0000] {processor.py:753} INFO - DAG(s) dict_keys(['example_trigger_target_dag']) retrieved from /home/airflow/.local/lib/python3.7/site-packages/airflow/example_dags/example_trigger_target_dag.py
[2022-12-27T11:31:13.212+0000] {logging_mixin.py:137} INFO - [2022-12-27T11:31:13.212+0000] {dag.py:2676} INFO - Sync 1 DAGs
[2022-12-27T11:31:13.246+0000] {logging_mixin.py:137} INFO - [2022-12-27T11:31:13.246+0000] {dag.py:3427} INFO - Setting next_dagrun for example_trigger_target_dag to None, run_after=None
[2022-12-27T11:31:13.300+0000] {processor.py:175} INFO - Processing /home/airflow/.local/lib/python3.7/site-packages/airflow/example_dags/example_trigger_target_dag.py took 0.172 seconds
[2022-12-27T11:31:43.769+0000] {processor.py:153} INFO - Started process (PID=1262) to work on /home/airflow/.local/lib/python3.7/site-packages/airflow/example_dags/example_trigger_target_dag.py
[2022-12-27T11:31:43.771+0000] {processor.py:743} INFO - Processing file /home/airflow/.local/lib/python3.7/site-packages/airflow/example_dags/example_trigger_target_dag.py for tasks to queue
[2022-12-27T11:31:43.773+0000] {logging_mixin.py:137} INFO - [2022-12-27T11:31:43.773+0000] {dagbag.py:538} INFO - Filling up the DagBag from /home/airflow/.local/lib/python3.7/site-packages/airflow/example_dags/example_trigger_target_dag.py
[2022-12-27T11:31:43.824+0000] {processor.py:753} INFO - DAG(s) dict_keys(['example_trigger_target_dag']) retrieved from /home/airflow/.local/lib/python3.7/site-packages/airflow/example_dags/example_trigger_target_dag.py
[2022-12-27T11:31:43.927+0000] {logging_mixin.py:137} INFO - [2022-12-27T11:31:43.926+0000] {dag.py:2676} INFO - Sync 1 DAGs
[2022-12-27T11:31:43.986+0000] {logging_mixin.py:137} INFO - [2022-12-27T11:31:43.986+0000] {dag.py:3427} INFO - Setting next_dagrun for example_trigger_target_dag to None, run_after=None
[2022-12-27T11:31:44.069+0000] {processor.py:175} INFO - Processing /home/airflow/.local/lib/python3.7/site-packages/airflow/example_dags/example_trigger_target_dag.py took 0.308 seconds
[2022-12-27T11:32:14.739+0000] {processor.py:153} INFO - Started process (PID=1327) to work on /home/airflow/.local/lib/python3.7/site-packages/airflow/example_dags/example_trigger_target_dag.py
[2022-12-27T11:32:14.740+0000] {processor.py:743} INFO - Processing file /home/airflow/.local/lib/python3.7/site-packages/airflow/example_dags/example_trigger_target_dag.py for tasks to queue
[2022-12-27T11:32:14.742+0000] {logging_mixin.py:137} INFO - [2022-12-27T11:32:14.741+0000] {dagbag.py:538} INFO - Filling up the DagBag from /home/airflow/.local/lib/python3.7/site-packages/airflow/example_dags/example_trigger_target_dag.py
[2022-12-27T11:32:14.769+0000] {processor.py:753} INFO - DAG(s) dict_keys(['example_trigger_target_dag']) retrieved from /home/airflow/.local/lib/python3.7/site-packages/airflow/example_dags/example_trigger_target_dag.py
[2022-12-27T11:32:14.806+0000] {logging_mixin.py:137} INFO - [2022-12-27T11:32:14.806+0000] {dag.py:2676} INFO - Sync 1 DAGs
[2022-12-27T11:32:14.831+0000] {logging_mixin.py:137} INFO - [2022-12-27T11:32:14.831+0000] {dag.py:3427} INFO - Setting next_dagrun for example_trigger_target_dag to None, run_after=None
[2022-12-27T11:32:14.885+0000] {processor.py:175} INFO - Processing /home/airflow/.local/lib/python3.7/site-packages/airflow/example_dags/example_trigger_target_dag.py took 0.153 seconds
[2022-12-27T11:32:45.333+0000] {processor.py:153} INFO - Started process (PID=1390) to work on /home/airflow/.local/lib/python3.7/site-packages/airflow/example_dags/example_trigger_target_dag.py
[2022-12-27T11:32:45.335+0000] {processor.py:743} INFO - Processing file /home/airflow/.local/lib/python3.7/site-packages/airflow/example_dags/example_trigger_target_dag.py for tasks to queue
[2022-12-27T11:32:45.337+0000] {logging_mixin.py:137} INFO - [2022-12-27T11:32:45.336+0000] {dagbag.py:538} INFO - Filling up the DagBag from /home/airflow/.local/lib/python3.7/site-packages/airflow/example_dags/example_trigger_target_dag.py
[2022-12-27T11:32:45.378+0000] {processor.py:753} INFO - DAG(s) dict_keys(['example_trigger_target_dag']) retrieved from /home/airflow/.local/lib/python3.7/site-packages/airflow/example_dags/example_trigger_target_dag.py
[2022-12-27T11:32:45.424+0000] {logging_mixin.py:137} INFO - [2022-12-27T11:32:45.423+0000] {dag.py:2676} INFO - Sync 1 DAGs
[2022-12-27T11:32:45.452+0000] {logging_mixin.py:137} INFO - [2022-12-27T11:32:45.451+0000] {dag.py:3427} INFO - Setting next_dagrun for example_trigger_target_dag to None, run_after=None
[2022-12-27T11:32:45.500+0000] {processor.py:175} INFO - Processing /home/airflow/.local/lib/python3.7/site-packages/airflow/example_dags/example_trigger_target_dag.py took 0.172 seconds
[2022-12-27T11:33:16.061+0000] {processor.py:153} INFO - Started process (PID=1452) to work on /home/airflow/.local/lib/python3.7/site-packages/airflow/example_dags/example_trigger_target_dag.py
[2022-12-27T11:33:16.062+0000] {processor.py:743} INFO - Processing file /home/airflow/.local/lib/python3.7/site-packages/airflow/example_dags/example_trigger_target_dag.py for tasks to queue
[2022-12-27T11:33:16.063+0000] {logging_mixin.py:137} INFO - [2022-12-27T11:33:16.063+0000] {dagbag.py:538} INFO - Filling up the DagBag from /home/airflow/.local/lib/python3.7/site-packages/airflow/example_dags/example_trigger_target_dag.py
[2022-12-27T11:33:16.086+0000] {processor.py:753} INFO - DAG(s) dict_keys(['example_trigger_target_dag']) retrieved from /home/airflow/.local/lib/python3.7/site-packages/airflow/example_dags/example_trigger_target_dag.py
[2022-12-27T11:33:16.126+0000] {logging_mixin.py:137} INFO - [2022-12-27T11:33:16.126+0000] {dag.py:2676} INFO - Sync 1 DAGs
[2022-12-27T11:33:16.166+0000] {logging_mixin.py:137} INFO - [2022-12-27T11:33:16.165+0000] {dag.py:3427} INFO - Setting next_dagrun for example_trigger_target_dag to None, run_after=None
[2022-12-27T11:33:16.217+0000] {processor.py:175} INFO - Processing /home/airflow/.local/lib/python3.7/site-packages/airflow/example_dags/example_trigger_target_dag.py took 0.160 seconds
[2022-12-27T11:33:46.430+0000] {processor.py:153} INFO - Started process (PID=1526) to work on /home/airflow/.local/lib/python3.7/site-packages/airflow/example_dags/example_trigger_target_dag.py
[2022-12-27T11:33:46.434+0000] {processor.py:743} INFO - Processing file /home/airflow/.local/lib/python3.7/site-packages/airflow/example_dags/example_trigger_target_dag.py for tasks to queue
[2022-12-27T11:33:46.437+0000] {logging_mixin.py:137} INFO - [2022-12-27T11:33:46.437+0000] {dagbag.py:538} INFO - Filling up the DagBag from /home/airflow/.local/lib/python3.7/site-packages/airflow/example_dags/example_trigger_target_dag.py
[2022-12-27T11:33:46.469+0000] {processor.py:753} INFO - DAG(s) dict_keys(['example_trigger_target_dag']) retrieved from /home/airflow/.local/lib/python3.7/site-packages/airflow/example_dags/example_trigger_target_dag.py
[2022-12-27T11:33:46.515+0000] {logging_mixin.py:137} INFO - [2022-12-27T11:33:46.514+0000] {dag.py:2676} INFO - Sync 1 DAGs
[2022-12-27T11:33:46.540+0000] {logging_mixin.py:137} INFO - [2022-12-27T11:33:46.540+0000] {dag.py:3427} INFO - Setting next_dagrun for example_trigger_target_dag to None, run_after=None
[2022-12-27T11:33:46.662+0000] {processor.py:175} INFO - Processing /home/airflow/.local/lib/python3.7/site-packages/airflow/example_dags/example_trigger_target_dag.py took 0.246 seconds
[2022-12-27T11:34:16.842+0000] {processor.py:153} INFO - Started process (PID=1588) to work on /home/airflow/.local/lib/python3.7/site-packages/airflow/example_dags/example_trigger_target_dag.py
[2022-12-27T11:34:16.844+0000] {processor.py:743} INFO - Processing file /home/airflow/.local/lib/python3.7/site-packages/airflow/example_dags/example_trigger_target_dag.py for tasks to queue
[2022-12-27T11:34:16.845+0000] {logging_mixin.py:137} INFO - [2022-12-27T11:34:16.845+0000] {dagbag.py:538} INFO - Filling up the DagBag from /home/airflow/.local/lib/python3.7/site-packages/airflow/example_dags/example_trigger_target_dag.py
[2022-12-27T11:34:16.876+0000] {processor.py:753} INFO - DAG(s) dict_keys(['example_trigger_target_dag']) retrieved from /home/airflow/.local/lib/python3.7/site-packages/airflow/example_dags/example_trigger_target_dag.py
[2022-12-27T11:34:16.921+0000] {logging_mixin.py:137} INFO - [2022-12-27T11:34:16.921+0000] {dag.py:2676} INFO - Sync 1 DAGs
[2022-12-27T11:34:16.950+0000] {logging_mixin.py:137} INFO - [2022-12-27T11:34:16.950+0000] {dag.py:3427} INFO - Setting next_dagrun for example_trigger_target_dag to None, run_after=None
[2022-12-27T11:34:17.074+0000] {processor.py:175} INFO - Processing /home/airflow/.local/lib/python3.7/site-packages/airflow/example_dags/example_trigger_target_dag.py took 0.243 seconds
[2022-12-27T11:34:47.592+0000] {processor.py:153} INFO - Started process (PID=1650) to work on /home/airflow/.local/lib/python3.7/site-packages/airflow/example_dags/example_trigger_target_dag.py
[2022-12-27T11:34:47.594+0000] {processor.py:743} INFO - Processing file /home/airflow/.local/lib/python3.7/site-packages/airflow/example_dags/example_trigger_target_dag.py for tasks to queue
[2022-12-27T11:34:47.596+0000] {logging_mixin.py:137} INFO - [2022-12-27T11:34:47.596+0000] {dagbag.py:538} INFO - Filling up the DagBag from /home/airflow/.local/lib/python3.7/site-packages/airflow/example_dags/example_trigger_target_dag.py
[2022-12-27T11:34:47.643+0000] {processor.py:753} INFO - DAG(s) dict_keys(['example_trigger_target_dag']) retrieved from /home/airflow/.local/lib/python3.7/site-packages/airflow/example_dags/example_trigger_target_dag.py
[2022-12-27T11:34:47.721+0000] {logging_mixin.py:137} INFO - [2022-12-27T11:34:47.721+0000] {dag.py:2676} INFO - Sync 1 DAGs
[2022-12-27T11:34:47.777+0000] {logging_mixin.py:137} INFO - [2022-12-27T11:34:47.777+0000] {dag.py:3427} INFO - Setting next_dagrun for example_trigger_target_dag to None, run_after=None
[2022-12-27T11:34:47.846+0000] {processor.py:175} INFO - Processing /home/airflow/.local/lib/python3.7/site-packages/airflow/example_dags/example_trigger_target_dag.py took 0.261 seconds
[2022-12-27T11:35:18.070+0000] {processor.py:153} INFO - Started process (PID=1724) to work on /home/airflow/.local/lib/python3.7/site-packages/airflow/example_dags/example_trigger_target_dag.py
[2022-12-27T11:35:18.071+0000] {processor.py:743} INFO - Processing file /home/airflow/.local/lib/python3.7/site-packages/airflow/example_dags/example_trigger_target_dag.py for tasks to queue
[2022-12-27T11:35:18.072+0000] {logging_mixin.py:137} INFO - [2022-12-27T11:35:18.071+0000] {dagbag.py:538} INFO - Filling up the DagBag from /home/airflow/.local/lib/python3.7/site-packages/airflow/example_dags/example_trigger_target_dag.py
[2022-12-27T11:35:18.096+0000] {processor.py:753} INFO - DAG(s) dict_keys(['example_trigger_target_dag']) retrieved from /home/airflow/.local/lib/python3.7/site-packages/airflow/example_dags/example_trigger_target_dag.py
[2022-12-27T11:35:18.147+0000] {logging_mixin.py:137} INFO - [2022-12-27T11:35:18.146+0000] {dag.py:2676} INFO - Sync 1 DAGs
[2022-12-27T11:35:18.177+0000] {logging_mixin.py:137} INFO - [2022-12-27T11:35:18.176+0000] {dag.py:3427} INFO - Setting next_dagrun for example_trigger_target_dag to None, run_after=None
[2022-12-27T11:35:18.220+0000] {processor.py:175} INFO - Processing /home/airflow/.local/lib/python3.7/site-packages/airflow/example_dags/example_trigger_target_dag.py took 0.154 seconds
[2022-12-27T11:35:48.561+0000] {processor.py:153} INFO - Started process (PID=1787) to work on /home/airflow/.local/lib/python3.7/site-packages/airflow/example_dags/example_trigger_target_dag.py
[2022-12-27T11:35:48.562+0000] {processor.py:743} INFO - Processing file /home/airflow/.local/lib/python3.7/site-packages/airflow/example_dags/example_trigger_target_dag.py for tasks to queue
[2022-12-27T11:35:48.562+0000] {logging_mixin.py:137} INFO - [2022-12-27T11:35:48.562+0000] {dagbag.py:538} INFO - Filling up the DagBag from /home/airflow/.local/lib/python3.7/site-packages/airflow/example_dags/example_trigger_target_dag.py
[2022-12-27T11:35:48.584+0000] {processor.py:753} INFO - DAG(s) dict_keys(['example_trigger_target_dag']) retrieved from /home/airflow/.local/lib/python3.7/site-packages/airflow/example_dags/example_trigger_target_dag.py
[2022-12-27T11:35:48.623+0000] {logging_mixin.py:137} INFO - [2022-12-27T11:35:48.623+0000] {dag.py:2676} INFO - Sync 1 DAGs
[2022-12-27T11:35:48.648+0000] {logging_mixin.py:137} INFO - [2022-12-27T11:35:48.648+0000] {dag.py:3427} INFO - Setting next_dagrun for example_trigger_target_dag to None, run_after=None
[2022-12-27T11:35:48.707+0000] {processor.py:175} INFO - Processing /home/airflow/.local/lib/python3.7/site-packages/airflow/example_dags/example_trigger_target_dag.py took 0.151 seconds
[2022-12-27T11:36:19.662+0000] {processor.py:153} INFO - Started process (PID=1850) to work on /home/airflow/.local/lib/python3.7/site-packages/airflow/example_dags/example_trigger_target_dag.py
[2022-12-27T11:36:19.663+0000] {processor.py:743} INFO - Processing file /home/airflow/.local/lib/python3.7/site-packages/airflow/example_dags/example_trigger_target_dag.py for tasks to queue
[2022-12-27T11:36:19.664+0000] {logging_mixin.py:137} INFO - [2022-12-27T11:36:19.664+0000] {dagbag.py:538} INFO - Filling up the DagBag from /home/airflow/.local/lib/python3.7/site-packages/airflow/example_dags/example_trigger_target_dag.py
[2022-12-27T11:36:19.687+0000] {processor.py:753} INFO - DAG(s) dict_keys(['example_trigger_target_dag']) retrieved from /home/airflow/.local/lib/python3.7/site-packages/airflow/example_dags/example_trigger_target_dag.py
[2022-12-27T11:36:19.725+0000] {logging_mixin.py:137} INFO - [2022-12-27T11:36:19.725+0000] {dag.py:2676} INFO - Sync 1 DAGs
[2022-12-27T11:36:19.751+0000] {logging_mixin.py:137} INFO - [2022-12-27T11:36:19.750+0000] {dag.py:3427} INFO - Setting next_dagrun for example_trigger_target_dag to None, run_after=None
[2022-12-27T11:36:19.796+0000] {processor.py:175} INFO - Processing /home/airflow/.local/lib/python3.7/site-packages/airflow/example_dags/example_trigger_target_dag.py took 0.139 seconds
[2022-12-27T11:36:50.302+0000] {processor.py:153} INFO - Started process (PID=1922) to work on /home/airflow/.local/lib/python3.7/site-packages/airflow/example_dags/example_trigger_target_dag.py
[2022-12-27T11:36:50.305+0000] {processor.py:743} INFO - Processing file /home/airflow/.local/lib/python3.7/site-packages/airflow/example_dags/example_trigger_target_dag.py for tasks to queue
[2022-12-27T11:36:50.308+0000] {logging_mixin.py:137} INFO - [2022-12-27T11:36:50.307+0000] {dagbag.py:538} INFO - Filling up the DagBag from /home/airflow/.local/lib/python3.7/site-packages/airflow/example_dags/example_trigger_target_dag.py
[2022-12-27T11:36:50.412+0000] {processor.py:753} INFO - DAG(s) dict_keys(['example_trigger_target_dag']) retrieved from /home/airflow/.local/lib/python3.7/site-packages/airflow/example_dags/example_trigger_target_dag.py
[2022-12-27T11:36:50.547+0000] {logging_mixin.py:137} INFO - [2022-12-27T11:36:50.547+0000] {dag.py:2676} INFO - Sync 1 DAGs
[2022-12-27T11:36:50.630+0000] {logging_mixin.py:137} INFO - [2022-12-27T11:36:50.629+0000] {dag.py:3427} INFO - Setting next_dagrun for example_trigger_target_dag to None, run_after=None
[2022-12-27T11:36:50.707+0000] {processor.py:175} INFO - Processing /home/airflow/.local/lib/python3.7/site-packages/airflow/example_dags/example_trigger_target_dag.py took 0.417 seconds
[2022-12-27T11:37:20.858+0000] {processor.py:153} INFO - Started process (PID=1984) to work on /home/airflow/.local/lib/python3.7/site-packages/airflow/example_dags/example_trigger_target_dag.py
[2022-12-27T11:37:20.860+0000] {processor.py:743} INFO - Processing file /home/airflow/.local/lib/python3.7/site-packages/airflow/example_dags/example_trigger_target_dag.py for tasks to queue
[2022-12-27T11:37:20.862+0000] {logging_mixin.py:137} INFO - [2022-12-27T11:37:20.862+0000] {dagbag.py:538} INFO - Filling up the DagBag from /home/airflow/.local/lib/python3.7/site-packages/airflow/example_dags/example_trigger_target_dag.py
[2022-12-27T11:37:20.910+0000] {processor.py:753} INFO - DAG(s) dict_keys(['example_trigger_target_dag']) retrieved from /home/airflow/.local/lib/python3.7/site-packages/airflow/example_dags/example_trigger_target_dag.py
[2022-12-27T11:37:20.992+0000] {logging_mixin.py:137} INFO - [2022-12-27T11:37:20.992+0000] {dag.py:2676} INFO - Sync 1 DAGs
[2022-12-27T11:37:21.051+0000] {logging_mixin.py:137} INFO - [2022-12-27T11:37:21.051+0000] {dag.py:3427} INFO - Setting next_dagrun for example_trigger_target_dag to None, run_after=None
[2022-12-27T11:37:21.118+0000] {processor.py:175} INFO - Processing /home/airflow/.local/lib/python3.7/site-packages/airflow/example_dags/example_trigger_target_dag.py took 0.267 seconds
[2022-12-27T11:37:51.337+0000] {processor.py:153} INFO - Started process (PID=2050) to work on /home/airflow/.local/lib/python3.7/site-packages/airflow/example_dags/example_trigger_target_dag.py
[2022-12-27T11:37:51.339+0000] {processor.py:743} INFO - Processing file /home/airflow/.local/lib/python3.7/site-packages/airflow/example_dags/example_trigger_target_dag.py for tasks to queue
[2022-12-27T11:37:51.339+0000] {logging_mixin.py:137} INFO - [2022-12-27T11:37:51.339+0000] {dagbag.py:538} INFO - Filling up the DagBag from /home/airflow/.local/lib/python3.7/site-packages/airflow/example_dags/example_trigger_target_dag.py
[2022-12-27T11:37:51.362+0000] {processor.py:753} INFO - DAG(s) dict_keys(['example_trigger_target_dag']) retrieved from /home/airflow/.local/lib/python3.7/site-packages/airflow/example_dags/example_trigger_target_dag.py
[2022-12-27T11:37:51.401+0000] {logging_mixin.py:137} INFO - [2022-12-27T11:37:51.401+0000] {dag.py:2676} INFO - Sync 1 DAGs
[2022-12-27T11:37:51.427+0000] {logging_mixin.py:137} INFO - [2022-12-27T11:37:51.427+0000] {dag.py:3427} INFO - Setting next_dagrun for example_trigger_target_dag to None, run_after=None
[2022-12-27T11:37:51.478+0000] {processor.py:175} INFO - Processing /home/airflow/.local/lib/python3.7/site-packages/airflow/example_dags/example_trigger_target_dag.py took 0.145 seconds
[2022-12-27T11:38:22.073+0000] {processor.py:153} INFO - Started process (PID=2113) to work on /home/airflow/.local/lib/python3.7/site-packages/airflow/example_dags/example_trigger_target_dag.py
[2022-12-27T11:38:22.075+0000] {processor.py:743} INFO - Processing file /home/airflow/.local/lib/python3.7/site-packages/airflow/example_dags/example_trigger_target_dag.py for tasks to queue
[2022-12-27T11:38:22.076+0000] {logging_mixin.py:137} INFO - [2022-12-27T11:38:22.076+0000] {dagbag.py:538} INFO - Filling up the DagBag from /home/airflow/.local/lib/python3.7/site-packages/airflow/example_dags/example_trigger_target_dag.py
[2022-12-27T11:38:22.125+0000] {processor.py:753} INFO - DAG(s) dict_keys(['example_trigger_target_dag']) retrieved from /home/airflow/.local/lib/python3.7/site-packages/airflow/example_dags/example_trigger_target_dag.py
[2022-12-27T11:38:22.206+0000] {logging_mixin.py:137} INFO - [2022-12-27T11:38:22.206+0000] {dag.py:2676} INFO - Sync 1 DAGs
[2022-12-27T11:38:22.264+0000] {logging_mixin.py:137} INFO - [2022-12-27T11:38:22.264+0000] {dag.py:3427} INFO - Setting next_dagrun for example_trigger_target_dag to None, run_after=None
[2022-12-27T11:38:22.405+0000] {processor.py:175} INFO - Processing /home/airflow/.local/lib/python3.7/site-packages/airflow/example_dags/example_trigger_target_dag.py took 0.340 seconds
[2022-12-27T11:38:52.649+0000] {processor.py:153} INFO - Started process (PID=2187) to work on /home/airflow/.local/lib/python3.7/site-packages/airflow/example_dags/example_trigger_target_dag.py
[2022-12-27T11:38:52.651+0000] {processor.py:743} INFO - Processing file /home/airflow/.local/lib/python3.7/site-packages/airflow/example_dags/example_trigger_target_dag.py for tasks to queue
[2022-12-27T11:38:52.653+0000] {logging_mixin.py:137} INFO - [2022-12-27T11:38:52.652+0000] {dagbag.py:538} INFO - Filling up the DagBag from /home/airflow/.local/lib/python3.7/site-packages/airflow/example_dags/example_trigger_target_dag.py
[2022-12-27T11:38:52.700+0000] {processor.py:753} INFO - DAG(s) dict_keys(['example_trigger_target_dag']) retrieved from /home/airflow/.local/lib/python3.7/site-packages/airflow/example_dags/example_trigger_target_dag.py
[2022-12-27T11:38:52.798+0000] {logging_mixin.py:137} INFO - [2022-12-27T11:38:52.797+0000] {dag.py:2676} INFO - Sync 1 DAGs
[2022-12-27T11:38:52.853+0000] {logging_mixin.py:137} INFO - [2022-12-27T11:38:52.853+0000] {dag.py:3427} INFO - Setting next_dagrun for example_trigger_target_dag to None, run_after=None
[2022-12-27T11:38:52.922+0000] {processor.py:175} INFO - Processing /home/airflow/.local/lib/python3.7/site-packages/airflow/example_dags/example_trigger_target_dag.py took 0.280 seconds
[2022-12-27T11:39:23.031+0000] {processor.py:153} INFO - Started process (PID=2248) to work on /home/airflow/.local/lib/python3.7/site-packages/airflow/example_dags/example_trigger_target_dag.py
[2022-12-27T11:39:23.032+0000] {processor.py:743} INFO - Processing file /home/airflow/.local/lib/python3.7/site-packages/airflow/example_dags/example_trigger_target_dag.py for tasks to queue
[2022-12-27T11:39:23.033+0000] {logging_mixin.py:137} INFO - [2022-12-27T11:39:23.033+0000] {dagbag.py:538} INFO - Filling up the DagBag from /home/airflow/.local/lib/python3.7/site-packages/airflow/example_dags/example_trigger_target_dag.py
[2022-12-27T11:39:23.065+0000] {processor.py:753} INFO - DAG(s) dict_keys(['example_trigger_target_dag']) retrieved from /home/airflow/.local/lib/python3.7/site-packages/airflow/example_dags/example_trigger_target_dag.py
[2022-12-27T11:39:23.117+0000] {logging_mixin.py:137} INFO - [2022-12-27T11:39:23.117+0000] {dag.py:2676} INFO - Sync 1 DAGs
[2022-12-27T11:39:23.156+0000] {logging_mixin.py:137} INFO - [2022-12-27T11:39:23.156+0000] {dag.py:3427} INFO - Setting next_dagrun for example_trigger_target_dag to None, run_after=None
[2022-12-27T11:39:23.211+0000] {processor.py:175} INFO - Processing /home/airflow/.local/lib/python3.7/site-packages/airflow/example_dags/example_trigger_target_dag.py took 0.185 seconds
[2022-12-27T11:39:54.059+0000] {processor.py:153} INFO - Started process (PID=2310) to work on /home/airflow/.local/lib/python3.7/site-packages/airflow/example_dags/example_trigger_target_dag.py
[2022-12-27T11:39:54.061+0000] {processor.py:743} INFO - Processing file /home/airflow/.local/lib/python3.7/site-packages/airflow/example_dags/example_trigger_target_dag.py for tasks to queue
[2022-12-27T11:39:54.062+0000] {logging_mixin.py:137} INFO - [2022-12-27T11:39:54.061+0000] {dagbag.py:538} INFO - Filling up the DagBag from /home/airflow/.local/lib/python3.7/site-packages/airflow/example_dags/example_trigger_target_dag.py
[2022-12-27T11:39:54.088+0000] {processor.py:753} INFO - DAG(s) dict_keys(['example_trigger_target_dag']) retrieved from /home/airflow/.local/lib/python3.7/site-packages/airflow/example_dags/example_trigger_target_dag.py
[2022-12-27T11:39:54.128+0000] {logging_mixin.py:137} INFO - [2022-12-27T11:39:54.128+0000] {dag.py:2676} INFO - Sync 1 DAGs
[2022-12-27T11:39:54.154+0000] {logging_mixin.py:137} INFO - [2022-12-27T11:39:54.154+0000] {dag.py:3427} INFO - Setting next_dagrun for example_trigger_target_dag to None, run_after=None
[2022-12-27T11:39:54.199+0000] {processor.py:175} INFO - Processing /home/airflow/.local/lib/python3.7/site-packages/airflow/example_dags/example_trigger_target_dag.py took 0.145 seconds
[2022-12-27T11:40:25.255+0000] {processor.py:153} INFO - Started process (PID=2384) to work on /home/airflow/.local/lib/python3.7/site-packages/airflow/example_dags/example_trigger_target_dag.py
[2022-12-27T11:40:25.257+0000] {processor.py:743} INFO - Processing file /home/airflow/.local/lib/python3.7/site-packages/airflow/example_dags/example_trigger_target_dag.py for tasks to queue
[2022-12-27T11:40:25.261+0000] {logging_mixin.py:137} INFO - [2022-12-27T11:40:25.260+0000] {dagbag.py:538} INFO - Filling up the DagBag from /home/airflow/.local/lib/python3.7/site-packages/airflow/example_dags/example_trigger_target_dag.py
[2022-12-27T11:40:25.335+0000] {processor.py:753} INFO - DAG(s) dict_keys(['example_trigger_target_dag']) retrieved from /home/airflow/.local/lib/python3.7/site-packages/airflow/example_dags/example_trigger_target_dag.py
[2022-12-27T11:40:25.451+0000] {logging_mixin.py:137} INFO - [2022-12-27T11:40:25.451+0000] {dag.py:2676} INFO - Sync 1 DAGs
[2022-12-27T11:40:25.512+0000] {logging_mixin.py:137} INFO - [2022-12-27T11:40:25.512+0000] {dag.py:3427} INFO - Setting next_dagrun for example_trigger_target_dag to None, run_after=None
[2022-12-27T11:40:25.594+0000] {processor.py:175} INFO - Processing /home/airflow/.local/lib/python3.7/site-packages/airflow/example_dags/example_trigger_target_dag.py took 0.351 seconds
[2022-12-27T11:40:56.038+0000] {processor.py:153} INFO - Started process (PID=2434) to work on /home/airflow/.local/lib/python3.7/site-packages/airflow/example_dags/example_trigger_target_dag.py
[2022-12-27T11:40:56.039+0000] {processor.py:743} INFO - Processing file /home/airflow/.local/lib/python3.7/site-packages/airflow/example_dags/example_trigger_target_dag.py for tasks to queue
[2022-12-27T11:40:56.039+0000] {logging_mixin.py:137} INFO - [2022-12-27T11:40:56.039+0000] {dagbag.py:538} INFO - Filling up the DagBag from /home/airflow/.local/lib/python3.7/site-packages/airflow/example_dags/example_trigger_target_dag.py
[2022-12-27T11:40:56.062+0000] {processor.py:753} INFO - DAG(s) dict_keys(['example_trigger_target_dag']) retrieved from /home/airflow/.local/lib/python3.7/site-packages/airflow/example_dags/example_trigger_target_dag.py
[2022-12-27T11:40:56.089+0000] {logging_mixin.py:137} INFO - [2022-12-27T11:40:56.089+0000] {dag.py:2676} INFO - Sync 1 DAGs
[2022-12-27T11:40:56.118+0000] {logging_mixin.py:137} INFO - [2022-12-27T11:40:56.118+0000] {dag.py:3427} INFO - Setting next_dagrun for example_trigger_target_dag to None, run_after=None
[2022-12-27T11:40:56.179+0000] {processor.py:175} INFO - Processing /home/airflow/.local/lib/python3.7/site-packages/airflow/example_dags/example_trigger_target_dag.py took 0.145 seconds
[2022-12-27T11:41:26.805+0000] {processor.py:153} INFO - Started process (PID=2507) to work on /home/airflow/.local/lib/python3.7/site-packages/airflow/example_dags/example_trigger_target_dag.py
[2022-12-27T11:41:26.806+0000] {processor.py:743} INFO - Processing file /home/airflow/.local/lib/python3.7/site-packages/airflow/example_dags/example_trigger_target_dag.py for tasks to queue
[2022-12-27T11:41:26.807+0000] {logging_mixin.py:137} INFO - [2022-12-27T11:41:26.807+0000] {dagbag.py:538} INFO - Filling up the DagBag from /home/airflow/.local/lib/python3.7/site-packages/airflow/example_dags/example_trigger_target_dag.py
[2022-12-27T11:41:26.848+0000] {processor.py:753} INFO - DAG(s) dict_keys(['example_trigger_target_dag']) retrieved from /home/airflow/.local/lib/python3.7/site-packages/airflow/example_dags/example_trigger_target_dag.py
[2022-12-27T11:41:26.895+0000] {logging_mixin.py:137} INFO - [2022-12-27T11:41:26.895+0000] {dag.py:2676} INFO - Sync 1 DAGs
[2022-12-27T11:41:26.936+0000] {logging_mixin.py:137} INFO - [2022-12-27T11:41:26.936+0000] {dag.py:3427} INFO - Setting next_dagrun for example_trigger_target_dag to None, run_after=None
[2022-12-27T11:41:27.004+0000] {processor.py:175} INFO - Processing /home/airflow/.local/lib/python3.7/site-packages/airflow/example_dags/example_trigger_target_dag.py took 0.204 seconds
[2022-12-27T11:41:57.161+0000] {processor.py:153} INFO - Started process (PID=2568) to work on /home/airflow/.local/lib/python3.7/site-packages/airflow/example_dags/example_trigger_target_dag.py
[2022-12-27T11:41:57.162+0000] {processor.py:743} INFO - Processing file /home/airflow/.local/lib/python3.7/site-packages/airflow/example_dags/example_trigger_target_dag.py for tasks to queue
[2022-12-27T11:41:57.162+0000] {logging_mixin.py:137} INFO - [2022-12-27T11:41:57.162+0000] {dagbag.py:538} INFO - Filling up the DagBag from /home/airflow/.local/lib/python3.7/site-packages/airflow/example_dags/example_trigger_target_dag.py
[2022-12-27T11:41:57.190+0000] {processor.py:753} INFO - DAG(s) dict_keys(['example_trigger_target_dag']) retrieved from /home/airflow/.local/lib/python3.7/site-packages/airflow/example_dags/example_trigger_target_dag.py
[2022-12-27T11:41:57.230+0000] {logging_mixin.py:137} INFO - [2022-12-27T11:41:57.230+0000] {dag.py:2676} INFO - Sync 1 DAGs
[2022-12-27T11:41:57.255+0000] {logging_mixin.py:137} INFO - [2022-12-27T11:41:57.255+0000] {dag.py:3427} INFO - Setting next_dagrun for example_trigger_target_dag to None, run_after=None
[2022-12-27T11:41:57.321+0000] {processor.py:175} INFO - Processing /home/airflow/.local/lib/python3.7/site-packages/airflow/example_dags/example_trigger_target_dag.py took 0.164 seconds
