[2022-12-27T11:22:25.957+0000] {processor.py:153} INFO - Started process (PID=62) to work on /home/airflow/.local/lib/python3.7/site-packages/airflow/example_dags/example_skip_dag.py
[2022-12-27T11:22:25.959+0000] {processor.py:743} INFO - Processing file /home/airflow/.local/lib/python3.7/site-packages/airflow/example_dags/example_skip_dag.py for tasks to queue
[2022-12-27T11:22:25.961+0000] {logging_mixin.py:137} INFO - [2022-12-27T11:22:25.960+0000] {dagbag.py:538} INFO - Filling up the DagBag from /home/airflow/.local/lib/python3.7/site-packages/airflow/example_dags/example_skip_dag.py
[2022-12-27T11:22:26.001+0000] {processor.py:753} INFO - DAG(s) dict_keys(['example_skip_dag']) retrieved from /home/airflow/.local/lib/python3.7/site-packages/airflow/example_dags/example_skip_dag.py
[2022-12-27T11:22:26.145+0000] {logging_mixin.py:137} INFO - [2022-12-27T11:22:26.145+0000] {dag.py:2676} INFO - Sync 1 DAGs
[2022-12-27T11:22:26.226+0000] {logging_mixin.py:137} INFO - [2022-12-27T11:22:26.226+0000] {dag.py:3427} INFO - Setting next_dagrun for example_skip_dag to 2022-12-26T11:22:26.225689+00:00, run_after=2022-12-27T11:22:26.225689+00:00
[2022-12-27T11:22:26.317+0000] {processor.py:175} INFO - Processing /home/airflow/.local/lib/python3.7/site-packages/airflow/example_dags/example_skip_dag.py took 0.369 seconds
[2022-12-27T11:22:56.567+0000] {processor.py:153} INFO - Started process (PID=124) to work on /home/airflow/.local/lib/python3.7/site-packages/airflow/example_dags/example_skip_dag.py
[2022-12-27T11:22:56.568+0000] {processor.py:743} INFO - Processing file /home/airflow/.local/lib/python3.7/site-packages/airflow/example_dags/example_skip_dag.py for tasks to queue
[2022-12-27T11:22:56.568+0000] {logging_mixin.py:137} INFO - [2022-12-27T11:22:56.568+0000] {dagbag.py:538} INFO - Filling up the DagBag from /home/airflow/.local/lib/python3.7/site-packages/airflow/example_dags/example_skip_dag.py
[2022-12-27T11:22:56.587+0000] {processor.py:753} INFO - DAG(s) dict_keys(['example_skip_dag']) retrieved from /home/airflow/.local/lib/python3.7/site-packages/airflow/example_dags/example_skip_dag.py
[2022-12-27T11:22:56.628+0000] {logging_mixin.py:137} INFO - [2022-12-27T11:22:56.628+0000] {dag.py:2676} INFO - Sync 1 DAGs
[2022-12-27T11:22:56.657+0000] {logging_mixin.py:137} INFO - [2022-12-27T11:22:56.657+0000] {dag.py:3427} INFO - Setting next_dagrun for example_skip_dag to 2022-12-26T11:22:56.657055+00:00, run_after=2022-12-27T11:22:56.657055+00:00
[2022-12-27T11:22:56.709+0000] {processor.py:175} INFO - Processing /home/airflow/.local/lib/python3.7/site-packages/airflow/example_dags/example_skip_dag.py took 0.147 seconds
[2022-12-27T11:23:27.394+0000] {processor.py:153} INFO - Started process (PID=187) to work on /home/airflow/.local/lib/python3.7/site-packages/airflow/example_dags/example_skip_dag.py
[2022-12-27T11:23:27.395+0000] {processor.py:743} INFO - Processing file /home/airflow/.local/lib/python3.7/site-packages/airflow/example_dags/example_skip_dag.py for tasks to queue
[2022-12-27T11:23:27.396+0000] {logging_mixin.py:137} INFO - [2022-12-27T11:23:27.396+0000] {dagbag.py:538} INFO - Filling up the DagBag from /home/airflow/.local/lib/python3.7/site-packages/airflow/example_dags/example_skip_dag.py
[2022-12-27T11:23:27.412+0000] {processor.py:753} INFO - DAG(s) dict_keys(['example_skip_dag']) retrieved from /home/airflow/.local/lib/python3.7/site-packages/airflow/example_dags/example_skip_dag.py
[2022-12-27T11:23:27.455+0000] {logging_mixin.py:137} INFO - [2022-12-27T11:23:27.454+0000] {dag.py:2676} INFO - Sync 1 DAGs
[2022-12-27T11:23:27.485+0000] {logging_mixin.py:137} INFO - [2022-12-27T11:23:27.484+0000] {dag.py:3427} INFO - Setting next_dagrun for example_skip_dag to 2022-12-26T11:23:27.484593+00:00, run_after=2022-12-27T11:23:27.484593+00:00
[2022-12-27T11:23:27.541+0000] {processor.py:175} INFO - Processing /home/airflow/.local/lib/python3.7/site-packages/airflow/example_dags/example_skip_dag.py took 0.151 seconds
[2022-12-27T11:23:57.733+0000] {processor.py:153} INFO - Started process (PID=262) to work on /home/airflow/.local/lib/python3.7/site-packages/airflow/example_dags/example_skip_dag.py
[2022-12-27T11:23:57.739+0000] {processor.py:743} INFO - Processing file /home/airflow/.local/lib/python3.7/site-packages/airflow/example_dags/example_skip_dag.py for tasks to queue
[2022-12-27T11:23:57.741+0000] {logging_mixin.py:137} INFO - [2022-12-27T11:23:57.741+0000] {dagbag.py:538} INFO - Filling up the DagBag from /home/airflow/.local/lib/python3.7/site-packages/airflow/example_dags/example_skip_dag.py
[2022-12-27T11:23:57.782+0000] {processor.py:753} INFO - DAG(s) dict_keys(['example_skip_dag']) retrieved from /home/airflow/.local/lib/python3.7/site-packages/airflow/example_dags/example_skip_dag.py
[2022-12-27T11:23:57.833+0000] {logging_mixin.py:137} INFO - [2022-12-27T11:23:57.833+0000] {dag.py:2676} INFO - Sync 1 DAGs
[2022-12-27T11:23:57.870+0000] {logging_mixin.py:137} INFO - [2022-12-27T11:23:57.869+0000] {dag.py:3427} INFO - Setting next_dagrun for example_skip_dag to 2022-12-26T11:23:57.869621+00:00, run_after=2022-12-27T11:23:57.869621+00:00
[2022-12-27T11:23:57.943+0000] {processor.py:175} INFO - Processing /home/airflow/.local/lib/python3.7/site-packages/airflow/example_dags/example_skip_dag.py took 0.223 seconds
[2022-12-27T11:24:28.303+0000] {processor.py:153} INFO - Started process (PID=325) to work on /home/airflow/.local/lib/python3.7/site-packages/airflow/example_dags/example_skip_dag.py
[2022-12-27T11:24:28.305+0000] {processor.py:743} INFO - Processing file /home/airflow/.local/lib/python3.7/site-packages/airflow/example_dags/example_skip_dag.py for tasks to queue
[2022-12-27T11:24:28.305+0000] {logging_mixin.py:137} INFO - [2022-12-27T11:24:28.305+0000] {dagbag.py:538} INFO - Filling up the DagBag from /home/airflow/.local/lib/python3.7/site-packages/airflow/example_dags/example_skip_dag.py
[2022-12-27T11:24:28.321+0000] {processor.py:753} INFO - DAG(s) dict_keys(['example_skip_dag']) retrieved from /home/airflow/.local/lib/python3.7/site-packages/airflow/example_dags/example_skip_dag.py
[2022-12-27T11:24:28.360+0000] {logging_mixin.py:137} INFO - [2022-12-27T11:24:28.359+0000] {dag.py:2676} INFO - Sync 1 DAGs
[2022-12-27T11:24:28.385+0000] {logging_mixin.py:137} INFO - [2022-12-27T11:24:28.385+0000] {dag.py:3427} INFO - Setting next_dagrun for example_skip_dag to 2022-12-26T11:24:28.385091+00:00, run_after=2022-12-27T11:24:28.385091+00:00
[2022-12-27T11:24:28.436+0000] {processor.py:175} INFO - Processing /home/airflow/.local/lib/python3.7/site-packages/airflow/example_dags/example_skip_dag.py took 0.137 seconds
[2022-12-27T11:24:58.624+0000] {processor.py:153} INFO - Started process (PID=388) to work on /home/airflow/.local/lib/python3.7/site-packages/airflow/example_dags/example_skip_dag.py
[2022-12-27T11:24:58.625+0000] {processor.py:743} INFO - Processing file /home/airflow/.local/lib/python3.7/site-packages/airflow/example_dags/example_skip_dag.py for tasks to queue
[2022-12-27T11:24:58.626+0000] {logging_mixin.py:137} INFO - [2022-12-27T11:24:58.625+0000] {dagbag.py:538} INFO - Filling up the DagBag from /home/airflow/.local/lib/python3.7/site-packages/airflow/example_dags/example_skip_dag.py
[2022-12-27T11:24:58.644+0000] {processor.py:753} INFO - DAG(s) dict_keys(['example_skip_dag']) retrieved from /home/airflow/.local/lib/python3.7/site-packages/airflow/example_dags/example_skip_dag.py
[2022-12-27T11:24:58.686+0000] {logging_mixin.py:137} INFO - [2022-12-27T11:24:58.686+0000] {dag.py:2676} INFO - Sync 1 DAGs
[2022-12-27T11:24:58.716+0000] {logging_mixin.py:137} INFO - [2022-12-27T11:24:58.716+0000] {dag.py:3427} INFO - Setting next_dagrun for example_skip_dag to 2022-12-26T11:24:58.716340+00:00, run_after=2022-12-27T11:24:58.716340+00:00
[2022-12-27T11:24:58.764+0000] {processor.py:175} INFO - Processing /home/airflow/.local/lib/python3.7/site-packages/airflow/example_dags/example_skip_dag.py took 0.144 seconds
[2022-12-27T11:25:30.432+0000] {processor.py:153} INFO - Started process (PID=450) to work on /home/airflow/.local/lib/python3.7/site-packages/airflow/example_dags/example_skip_dag.py
[2022-12-27T11:25:30.434+0000] {processor.py:743} INFO - Processing file /home/airflow/.local/lib/python3.7/site-packages/airflow/example_dags/example_skip_dag.py for tasks to queue
[2022-12-27T11:25:30.436+0000] {logging_mixin.py:137} INFO - [2022-12-27T11:25:30.436+0000] {dagbag.py:538} INFO - Filling up the DagBag from /home/airflow/.local/lib/python3.7/site-packages/airflow/example_dags/example_skip_dag.py
[2022-12-27T11:25:30.476+0000] {processor.py:753} INFO - DAG(s) dict_keys(['example_skip_dag']) retrieved from /home/airflow/.local/lib/python3.7/site-packages/airflow/example_dags/example_skip_dag.py
[2022-12-27T11:25:30.560+0000] {logging_mixin.py:137} INFO - [2022-12-27T11:25:30.559+0000] {dag.py:2676} INFO - Sync 1 DAGs
[2022-12-27T11:25:30.621+0000] {logging_mixin.py:137} INFO - [2022-12-27T11:25:30.621+0000] {dag.py:3427} INFO - Setting next_dagrun for example_skip_dag to 2022-12-26T11:25:30.620778+00:00, run_after=2022-12-27T11:25:30.620778+00:00
[2022-12-27T11:25:30.702+0000] {processor.py:175} INFO - Processing /home/airflow/.local/lib/python3.7/site-packages/airflow/example_dags/example_skip_dag.py took 0.278 seconds
[2022-12-27T11:26:00.851+0000] {processor.py:153} INFO - Started process (PID=524) to work on /home/airflow/.local/lib/python3.7/site-packages/airflow/example_dags/example_skip_dag.py
[2022-12-27T11:26:00.853+0000] {processor.py:743} INFO - Processing file /home/airflow/.local/lib/python3.7/site-packages/airflow/example_dags/example_skip_dag.py for tasks to queue
[2022-12-27T11:26:00.854+0000] {logging_mixin.py:137} INFO - [2022-12-27T11:26:00.853+0000] {dagbag.py:538} INFO - Filling up the DagBag from /home/airflow/.local/lib/python3.7/site-packages/airflow/example_dags/example_skip_dag.py
[2022-12-27T11:26:00.876+0000] {processor.py:753} INFO - DAG(s) dict_keys(['example_skip_dag']) retrieved from /home/airflow/.local/lib/python3.7/site-packages/airflow/example_dags/example_skip_dag.py
[2022-12-27T11:26:00.948+0000] {logging_mixin.py:137} INFO - [2022-12-27T11:26:00.948+0000] {dag.py:2676} INFO - Sync 1 DAGs
[2022-12-27T11:26:01.008+0000] {logging_mixin.py:137} INFO - [2022-12-27T11:26:01.008+0000] {dag.py:3427} INFO - Setting next_dagrun for example_skip_dag to 2022-12-26T11:26:01.007492+00:00, run_after=2022-12-27T11:26:01.007492+00:00
[2022-12-27T11:26:01.242+0000] {processor.py:175} INFO - Processing /home/airflow/.local/lib/python3.7/site-packages/airflow/example_dags/example_skip_dag.py took 0.397 seconds
[2022-12-27T11:26:32.194+0000] {processor.py:153} INFO - Started process (PID=586) to work on /home/airflow/.local/lib/python3.7/site-packages/airflow/example_dags/example_skip_dag.py
[2022-12-27T11:26:32.196+0000] {processor.py:743} INFO - Processing file /home/airflow/.local/lib/python3.7/site-packages/airflow/example_dags/example_skip_dag.py for tasks to queue
[2022-12-27T11:26:32.197+0000] {logging_mixin.py:137} INFO - [2022-12-27T11:26:32.197+0000] {dagbag.py:538} INFO - Filling up the DagBag from /home/airflow/.local/lib/python3.7/site-packages/airflow/example_dags/example_skip_dag.py
[2022-12-27T11:26:32.218+0000] {processor.py:753} INFO - DAG(s) dict_keys(['example_skip_dag']) retrieved from /home/airflow/.local/lib/python3.7/site-packages/airflow/example_dags/example_skip_dag.py
[2022-12-27T11:26:32.276+0000] {logging_mixin.py:137} INFO - [2022-12-27T11:26:32.275+0000] {dag.py:2676} INFO - Sync 1 DAGs
[2022-12-27T11:26:32.316+0000] {logging_mixin.py:137} INFO - [2022-12-27T11:26:32.316+0000] {dag.py:3427} INFO - Setting next_dagrun for example_skip_dag to 2022-12-26T11:26:32.315893+00:00, run_after=2022-12-27T11:26:32.315893+00:00
[2022-12-27T11:26:32.586+0000] {processor.py:175} INFO - Processing /home/airflow/.local/lib/python3.7/site-packages/airflow/example_dags/example_skip_dag.py took 0.400 seconds
[2022-12-27T11:27:02.926+0000] {processor.py:153} INFO - Started process (PID=647) to work on /home/airflow/.local/lib/python3.7/site-packages/airflow/example_dags/example_skip_dag.py
[2022-12-27T11:27:02.928+0000] {processor.py:743} INFO - Processing file /home/airflow/.local/lib/python3.7/site-packages/airflow/example_dags/example_skip_dag.py for tasks to queue
[2022-12-27T11:27:02.929+0000] {logging_mixin.py:137} INFO - [2022-12-27T11:27:02.929+0000] {dagbag.py:538} INFO - Filling up the DagBag from /home/airflow/.local/lib/python3.7/site-packages/airflow/example_dags/example_skip_dag.py
[2022-12-27T11:27:02.956+0000] {processor.py:753} INFO - DAG(s) dict_keys(['example_skip_dag']) retrieved from /home/airflow/.local/lib/python3.7/site-packages/airflow/example_dags/example_skip_dag.py
[2022-12-27T11:27:02.999+0000] {logging_mixin.py:137} INFO - [2022-12-27T11:27:02.999+0000] {dag.py:2676} INFO - Sync 1 DAGs
[2022-12-27T11:27:03.027+0000] {logging_mixin.py:137} INFO - [2022-12-27T11:27:03.027+0000] {dag.py:3427} INFO - Setting next_dagrun for example_skip_dag to 2022-12-26T11:27:03.027210+00:00, run_after=2022-12-27T11:27:03.027210+00:00
[2022-12-27T11:27:03.117+0000] {processor.py:175} INFO - Processing /home/airflow/.local/lib/python3.7/site-packages/airflow/example_dags/example_skip_dag.py took 0.198 seconds
[2022-12-27T11:27:33.895+0000] {processor.py:153} INFO - Started process (PID=708) to work on /home/airflow/.local/lib/python3.7/site-packages/airflow/example_dags/example_skip_dag.py
[2022-12-27T11:27:33.896+0000] {processor.py:743} INFO - Processing file /home/airflow/.local/lib/python3.7/site-packages/airflow/example_dags/example_skip_dag.py for tasks to queue
[2022-12-27T11:27:33.897+0000] {logging_mixin.py:137} INFO - [2022-12-27T11:27:33.897+0000] {dagbag.py:538} INFO - Filling up the DagBag from /home/airflow/.local/lib/python3.7/site-packages/airflow/example_dags/example_skip_dag.py
[2022-12-27T11:27:33.916+0000] {processor.py:753} INFO - DAG(s) dict_keys(['example_skip_dag']) retrieved from /home/airflow/.local/lib/python3.7/site-packages/airflow/example_dags/example_skip_dag.py
[2022-12-27T11:27:33.997+0000] {logging_mixin.py:137} INFO - [2022-12-27T11:27:33.997+0000] {dag.py:2676} INFO - Sync 1 DAGs
[2022-12-27T11:27:34.071+0000] {logging_mixin.py:137} INFO - [2022-12-27T11:27:34.071+0000] {dag.py:3427} INFO - Setting next_dagrun for example_skip_dag to 2022-12-26T11:27:34.070651+00:00, run_after=2022-12-27T11:27:34.070651+00:00
[2022-12-27T11:27:34.176+0000] {processor.py:175} INFO - Processing /home/airflow/.local/lib/python3.7/site-packages/airflow/example_dags/example_skip_dag.py took 0.285 seconds
[2022-12-27T11:28:04.324+0000] {processor.py:153} INFO - Started process (PID=782) to work on /home/airflow/.local/lib/python3.7/site-packages/airflow/example_dags/example_skip_dag.py
[2022-12-27T11:28:04.325+0000] {processor.py:743} INFO - Processing file /home/airflow/.local/lib/python3.7/site-packages/airflow/example_dags/example_skip_dag.py for tasks to queue
[2022-12-27T11:28:04.326+0000] {logging_mixin.py:137} INFO - [2022-12-27T11:28:04.326+0000] {dagbag.py:538} INFO - Filling up the DagBag from /home/airflow/.local/lib/python3.7/site-packages/airflow/example_dags/example_skip_dag.py
[2022-12-27T11:28:04.343+0000] {processor.py:753} INFO - DAG(s) dict_keys(['example_skip_dag']) retrieved from /home/airflow/.local/lib/python3.7/site-packages/airflow/example_dags/example_skip_dag.py
[2022-12-27T11:28:04.396+0000] {logging_mixin.py:137} INFO - [2022-12-27T11:28:04.396+0000] {dag.py:2676} INFO - Sync 1 DAGs
[2022-12-27T11:28:04.430+0000] {logging_mixin.py:137} INFO - [2022-12-27T11:28:04.430+0000] {dag.py:3427} INFO - Setting next_dagrun for example_skip_dag to 2022-12-26T11:28:04.430091+00:00, run_after=2022-12-27T11:28:04.430091+00:00
[2022-12-27T11:28:04.497+0000] {processor.py:175} INFO - Processing /home/airflow/.local/lib/python3.7/site-packages/airflow/example_dags/example_skip_dag.py took 0.178 seconds
[2022-12-27T11:28:34.920+0000] {processor.py:153} INFO - Started process (PID=844) to work on /home/airflow/.local/lib/python3.7/site-packages/airflow/example_dags/example_skip_dag.py
[2022-12-27T11:28:34.921+0000] {processor.py:743} INFO - Processing file /home/airflow/.local/lib/python3.7/site-packages/airflow/example_dags/example_skip_dag.py for tasks to queue
[2022-12-27T11:28:34.923+0000] {logging_mixin.py:137} INFO - [2022-12-27T11:28:34.923+0000] {dagbag.py:538} INFO - Filling up the DagBag from /home/airflow/.local/lib/python3.7/site-packages/airflow/example_dags/example_skip_dag.py
[2022-12-27T11:28:34.946+0000] {processor.py:753} INFO - DAG(s) dict_keys(['example_skip_dag']) retrieved from /home/airflow/.local/lib/python3.7/site-packages/airflow/example_dags/example_skip_dag.py
[2022-12-27T11:28:34.994+0000] {logging_mixin.py:137} INFO - [2022-12-27T11:28:34.994+0000] {dag.py:2676} INFO - Sync 1 DAGs
[2022-12-27T11:28:35.023+0000] {logging_mixin.py:137} INFO - [2022-12-27T11:28:35.023+0000] {dag.py:3427} INFO - Setting next_dagrun for example_skip_dag to 2022-12-26T11:28:35.023333+00:00, run_after=2022-12-27T11:28:35.023333+00:00
[2022-12-27T11:28:35.087+0000] {processor.py:175} INFO - Processing /home/airflow/.local/lib/python3.7/site-packages/airflow/example_dags/example_skip_dag.py took 0.178 seconds
[2022-12-27T11:29:05.720+0000] {processor.py:153} INFO - Started process (PID=907) to work on /home/airflow/.local/lib/python3.7/site-packages/airflow/example_dags/example_skip_dag.py
[2022-12-27T11:29:05.721+0000] {processor.py:743} INFO - Processing file /home/airflow/.local/lib/python3.7/site-packages/airflow/example_dags/example_skip_dag.py for tasks to queue
[2022-12-27T11:29:05.722+0000] {logging_mixin.py:137} INFO - [2022-12-27T11:29:05.722+0000] {dagbag.py:538} INFO - Filling up the DagBag from /home/airflow/.local/lib/python3.7/site-packages/airflow/example_dags/example_skip_dag.py
[2022-12-27T11:29:05.741+0000] {processor.py:753} INFO - DAG(s) dict_keys(['example_skip_dag']) retrieved from /home/airflow/.local/lib/python3.7/site-packages/airflow/example_dags/example_skip_dag.py
[2022-12-27T11:29:05.788+0000] {logging_mixin.py:137} INFO - [2022-12-27T11:29:05.788+0000] {dag.py:2676} INFO - Sync 1 DAGs
[2022-12-27T11:29:05.819+0000] {logging_mixin.py:137} INFO - [2022-12-27T11:29:05.819+0000] {dag.py:3427} INFO - Setting next_dagrun for example_skip_dag to 2022-12-26T11:29:05.819023+00:00, run_after=2022-12-27T11:29:05.819023+00:00
[2022-12-27T11:29:05.865+0000] {processor.py:175} INFO - Processing /home/airflow/.local/lib/python3.7/site-packages/airflow/example_dags/example_skip_dag.py took 0.149 seconds
[2022-12-27T11:29:35.981+0000] {processor.py:153} INFO - Started process (PID=981) to work on /home/airflow/.local/lib/python3.7/site-packages/airflow/example_dags/example_skip_dag.py
[2022-12-27T11:29:35.983+0000] {processor.py:743} INFO - Processing file /home/airflow/.local/lib/python3.7/site-packages/airflow/example_dags/example_skip_dag.py for tasks to queue
[2022-12-27T11:29:35.984+0000] {logging_mixin.py:137} INFO - [2022-12-27T11:29:35.984+0000] {dagbag.py:538} INFO - Filling up the DagBag from /home/airflow/.local/lib/python3.7/site-packages/airflow/example_dags/example_skip_dag.py
[2022-12-27T11:29:36.020+0000] {processor.py:753} INFO - DAG(s) dict_keys(['example_skip_dag']) retrieved from /home/airflow/.local/lib/python3.7/site-packages/airflow/example_dags/example_skip_dag.py
[2022-12-27T11:29:36.108+0000] {logging_mixin.py:137} INFO - [2022-12-27T11:29:36.108+0000] {dag.py:2676} INFO - Sync 1 DAGs
[2022-12-27T11:29:36.176+0000] {logging_mixin.py:137} INFO - [2022-12-27T11:29:36.175+0000] {dag.py:3427} INFO - Setting next_dagrun for example_skip_dag to 2022-12-26T11:29:36.175329+00:00, run_after=2022-12-27T11:29:36.175329+00:00
[2022-12-27T11:29:36.271+0000] {processor.py:175} INFO - Processing /home/airflow/.local/lib/python3.7/site-packages/airflow/example_dags/example_skip_dag.py took 0.297 seconds
[2022-12-27T11:30:06.479+0000] {processor.py:153} INFO - Started process (PID=1043) to work on /home/airflow/.local/lib/python3.7/site-packages/airflow/example_dags/example_skip_dag.py
[2022-12-27T11:30:06.480+0000] {processor.py:743} INFO - Processing file /home/airflow/.local/lib/python3.7/site-packages/airflow/example_dags/example_skip_dag.py for tasks to queue
[2022-12-27T11:30:06.480+0000] {logging_mixin.py:137} INFO - [2022-12-27T11:30:06.480+0000] {dagbag.py:538} INFO - Filling up the DagBag from /home/airflow/.local/lib/python3.7/site-packages/airflow/example_dags/example_skip_dag.py
[2022-12-27T11:30:06.497+0000] {processor.py:753} INFO - DAG(s) dict_keys(['example_skip_dag']) retrieved from /home/airflow/.local/lib/python3.7/site-packages/airflow/example_dags/example_skip_dag.py
[2022-12-27T11:30:06.540+0000] {logging_mixin.py:137} INFO - [2022-12-27T11:30:06.540+0000] {dag.py:2676} INFO - Sync 1 DAGs
[2022-12-27T11:30:06.569+0000] {logging_mixin.py:137} INFO - [2022-12-27T11:30:06.569+0000] {dag.py:3427} INFO - Setting next_dagrun for example_skip_dag to 2022-12-26T11:30:06.568772+00:00, run_after=2022-12-27T11:30:06.568772+00:00
[2022-12-27T11:30:06.614+0000] {processor.py:175} INFO - Processing /home/airflow/.local/lib/python3.7/site-packages/airflow/example_dags/example_skip_dag.py took 0.142 seconds
[2022-12-27T11:30:37.145+0000] {processor.py:153} INFO - Started process (PID=1105) to work on /home/airflow/.local/lib/python3.7/site-packages/airflow/example_dags/example_skip_dag.py
[2022-12-27T11:30:37.148+0000] {processor.py:743} INFO - Processing file /home/airflow/.local/lib/python3.7/site-packages/airflow/example_dags/example_skip_dag.py for tasks to queue
[2022-12-27T11:30:37.149+0000] {logging_mixin.py:137} INFO - [2022-12-27T11:30:37.149+0000] {dagbag.py:538} INFO - Filling up the DagBag from /home/airflow/.local/lib/python3.7/site-packages/airflow/example_dags/example_skip_dag.py
[2022-12-27T11:30:37.183+0000] {processor.py:753} INFO - DAG(s) dict_keys(['example_skip_dag']) retrieved from /home/airflow/.local/lib/python3.7/site-packages/airflow/example_dags/example_skip_dag.py
[2022-12-27T11:30:37.288+0000] {logging_mixin.py:137} INFO - [2022-12-27T11:30:37.287+0000] {dag.py:2676} INFO - Sync 1 DAGs
[2022-12-27T11:30:37.353+0000] {logging_mixin.py:137} INFO - [2022-12-27T11:30:37.352+0000] {dag.py:3427} INFO - Setting next_dagrun for example_skip_dag to 2022-12-26T11:30:37.352232+00:00, run_after=2022-12-27T11:30:37.352232+00:00
[2022-12-27T11:30:37.431+0000] {processor.py:175} INFO - Processing /home/airflow/.local/lib/python3.7/site-packages/airflow/example_dags/example_skip_dag.py took 0.294 seconds
[2022-12-27T11:31:08.627+0000] {processor.py:153} INFO - Started process (PID=1180) to work on /home/airflow/.local/lib/python3.7/site-packages/airflow/example_dags/example_skip_dag.py
[2022-12-27T11:31:08.628+0000] {processor.py:743} INFO - Processing file /home/airflow/.local/lib/python3.7/site-packages/airflow/example_dags/example_skip_dag.py for tasks to queue
[2022-12-27T11:31:08.630+0000] {logging_mixin.py:137} INFO - [2022-12-27T11:31:08.629+0000] {dagbag.py:538} INFO - Filling up the DagBag from /home/airflow/.local/lib/python3.7/site-packages/airflow/example_dags/example_skip_dag.py
[2022-12-27T11:31:08.652+0000] {processor.py:753} INFO - DAG(s) dict_keys(['example_skip_dag']) retrieved from /home/airflow/.local/lib/python3.7/site-packages/airflow/example_dags/example_skip_dag.py
[2022-12-27T11:31:08.695+0000] {logging_mixin.py:137} INFO - [2022-12-27T11:31:08.695+0000] {dag.py:2676} INFO - Sync 1 DAGs
[2022-12-27T11:31:08.721+0000] {logging_mixin.py:137} INFO - [2022-12-27T11:31:08.721+0000] {dag.py:3427} INFO - Setting next_dagrun for example_skip_dag to 2022-12-26T11:31:08.721465+00:00, run_after=2022-12-27T11:31:08.721465+00:00
[2022-12-27T11:31:08.769+0000] {processor.py:175} INFO - Processing /home/airflow/.local/lib/python3.7/site-packages/airflow/example_dags/example_skip_dag.py took 0.148 seconds
[2022-12-27T11:31:38.999+0000] {processor.py:153} INFO - Started process (PID=1242) to work on /home/airflow/.local/lib/python3.7/site-packages/airflow/example_dags/example_skip_dag.py
[2022-12-27T11:31:39.000+0000] {processor.py:743} INFO - Processing file /home/airflow/.local/lib/python3.7/site-packages/airflow/example_dags/example_skip_dag.py for tasks to queue
[2022-12-27T11:31:39.001+0000] {logging_mixin.py:137} INFO - [2022-12-27T11:31:39.001+0000] {dagbag.py:538} INFO - Filling up the DagBag from /home/airflow/.local/lib/python3.7/site-packages/airflow/example_dags/example_skip_dag.py
[2022-12-27T11:31:39.017+0000] {processor.py:753} INFO - DAG(s) dict_keys(['example_skip_dag']) retrieved from /home/airflow/.local/lib/python3.7/site-packages/airflow/example_dags/example_skip_dag.py
[2022-12-27T11:31:39.059+0000] {logging_mixin.py:137} INFO - [2022-12-27T11:31:39.058+0000] {dag.py:2676} INFO - Sync 1 DAGs
[2022-12-27T11:31:39.093+0000] {logging_mixin.py:137} INFO - [2022-12-27T11:31:39.093+0000] {dag.py:3427} INFO - Setting next_dagrun for example_skip_dag to 2022-12-26T11:31:39.093407+00:00, run_after=2022-12-27T11:31:39.093407+00:00
[2022-12-27T11:31:39.143+0000] {processor.py:175} INFO - Processing /home/airflow/.local/lib/python3.7/site-packages/airflow/example_dags/example_skip_dag.py took 0.148 seconds
[2022-12-27T11:32:10.207+0000] {processor.py:153} INFO - Started process (PID=1313) to work on /home/airflow/.local/lib/python3.7/site-packages/airflow/example_dags/example_skip_dag.py
[2022-12-27T11:32:10.208+0000] {processor.py:743} INFO - Processing file /home/airflow/.local/lib/python3.7/site-packages/airflow/example_dags/example_skip_dag.py for tasks to queue
[2022-12-27T11:32:10.209+0000] {logging_mixin.py:137} INFO - [2022-12-27T11:32:10.209+0000] {dagbag.py:538} INFO - Filling up the DagBag from /home/airflow/.local/lib/python3.7/site-packages/airflow/example_dags/example_skip_dag.py
[2022-12-27T11:32:10.227+0000] {processor.py:753} INFO - DAG(s) dict_keys(['example_skip_dag']) retrieved from /home/airflow/.local/lib/python3.7/site-packages/airflow/example_dags/example_skip_dag.py
[2022-12-27T11:32:10.276+0000] {logging_mixin.py:137} INFO - [2022-12-27T11:32:10.276+0000] {dag.py:2676} INFO - Sync 1 DAGs
[2022-12-27T11:32:10.313+0000] {logging_mixin.py:137} INFO - [2022-12-27T11:32:10.313+0000] {dag.py:3427} INFO - Setting next_dagrun for example_skip_dag to 2022-12-26T11:32:10.312705+00:00, run_after=2022-12-27T11:32:10.312705+00:00
[2022-12-27T11:32:10.381+0000] {processor.py:175} INFO - Processing /home/airflow/.local/lib/python3.7/site-packages/airflow/example_dags/example_skip_dag.py took 0.178 seconds
[2022-12-27T11:32:41.122+0000] {processor.py:153} INFO - Started process (PID=1379) to work on /home/airflow/.local/lib/python3.7/site-packages/airflow/example_dags/example_skip_dag.py
[2022-12-27T11:32:41.123+0000] {processor.py:743} INFO - Processing file /home/airflow/.local/lib/python3.7/site-packages/airflow/example_dags/example_skip_dag.py for tasks to queue
[2022-12-27T11:32:41.125+0000] {logging_mixin.py:137} INFO - [2022-12-27T11:32:41.125+0000] {dagbag.py:538} INFO - Filling up the DagBag from /home/airflow/.local/lib/python3.7/site-packages/airflow/example_dags/example_skip_dag.py
[2022-12-27T11:32:41.140+0000] {processor.py:753} INFO - DAG(s) dict_keys(['example_skip_dag']) retrieved from /home/airflow/.local/lib/python3.7/site-packages/airflow/example_dags/example_skip_dag.py
[2022-12-27T11:32:41.183+0000] {logging_mixin.py:137} INFO - [2022-12-27T11:32:41.183+0000] {dag.py:2676} INFO - Sync 1 DAGs
[2022-12-27T11:32:41.214+0000] {logging_mixin.py:137} INFO - [2022-12-27T11:32:41.214+0000] {dag.py:3427} INFO - Setting next_dagrun for example_skip_dag to 2022-12-26T11:32:41.214343+00:00, run_after=2022-12-27T11:32:41.214343+00:00
[2022-12-27T11:32:41.264+0000] {processor.py:175} INFO - Processing /home/airflow/.local/lib/python3.7/site-packages/airflow/example_dags/example_skip_dag.py took 0.148 seconds
[2022-12-27T11:33:11.756+0000] {processor.py:153} INFO - Started process (PID=1441) to work on /home/airflow/.local/lib/python3.7/site-packages/airflow/example_dags/example_skip_dag.py
[2022-12-27T11:33:11.757+0000] {processor.py:743} INFO - Processing file /home/airflow/.local/lib/python3.7/site-packages/airflow/example_dags/example_skip_dag.py for tasks to queue
[2022-12-27T11:33:11.758+0000] {logging_mixin.py:137} INFO - [2022-12-27T11:33:11.758+0000] {dagbag.py:538} INFO - Filling up the DagBag from /home/airflow/.local/lib/python3.7/site-packages/airflow/example_dags/example_skip_dag.py
[2022-12-27T11:33:11.776+0000] {processor.py:753} INFO - DAG(s) dict_keys(['example_skip_dag']) retrieved from /home/airflow/.local/lib/python3.7/site-packages/airflow/example_dags/example_skip_dag.py
[2022-12-27T11:33:11.823+0000] {logging_mixin.py:137} INFO - [2022-12-27T11:33:11.823+0000] {dag.py:2676} INFO - Sync 1 DAGs
[2022-12-27T11:33:11.856+0000] {logging_mixin.py:137} INFO - [2022-12-27T11:33:11.856+0000] {dag.py:3427} INFO - Setting next_dagrun for example_skip_dag to 2022-12-26T11:33:11.856088+00:00, run_after=2022-12-27T11:33:11.856088+00:00
[2022-12-27T11:33:11.909+0000] {processor.py:175} INFO - Processing /home/airflow/.local/lib/python3.7/site-packages/airflow/example_dags/example_skip_dag.py took 0.158 seconds
[2022-12-27T11:33:42.646+0000] {processor.py:153} INFO - Started process (PID=1503) to work on /home/airflow/.local/lib/python3.7/site-packages/airflow/example_dags/example_skip_dag.py
[2022-12-27T11:33:42.649+0000] {processor.py:743} INFO - Processing file /home/airflow/.local/lib/python3.7/site-packages/airflow/example_dags/example_skip_dag.py for tasks to queue
[2022-12-27T11:33:42.651+0000] {logging_mixin.py:137} INFO - [2022-12-27T11:33:42.651+0000] {dagbag.py:538} INFO - Filling up the DagBag from /home/airflow/.local/lib/python3.7/site-packages/airflow/example_dags/example_skip_dag.py
[2022-12-27T11:33:42.684+0000] {processor.py:753} INFO - DAG(s) dict_keys(['example_skip_dag']) retrieved from /home/airflow/.local/lib/python3.7/site-packages/airflow/example_dags/example_skip_dag.py
[2022-12-27T11:33:42.780+0000] {logging_mixin.py:137} INFO - [2022-12-27T11:33:42.780+0000] {dag.py:2676} INFO - Sync 1 DAGs
[2022-12-27T11:33:42.825+0000] {logging_mixin.py:137} INFO - [2022-12-27T11:33:42.825+0000] {dag.py:3427} INFO - Setting next_dagrun for example_skip_dag to 2022-12-26T11:33:42.825278+00:00, run_after=2022-12-27T11:33:42.825278+00:00
[2022-12-27T11:33:42.903+0000] {processor.py:175} INFO - Processing /home/airflow/.local/lib/python3.7/site-packages/airflow/example_dags/example_skip_dag.py took 0.270 seconds
[2022-12-27T11:34:13.116+0000] {processor.py:153} INFO - Started process (PID=1577) to work on /home/airflow/.local/lib/python3.7/site-packages/airflow/example_dags/example_skip_dag.py
[2022-12-27T11:34:13.118+0000] {processor.py:743} INFO - Processing file /home/airflow/.local/lib/python3.7/site-packages/airflow/example_dags/example_skip_dag.py for tasks to queue
[2022-12-27T11:34:13.119+0000] {logging_mixin.py:137} INFO - [2022-12-27T11:34:13.119+0000] {dagbag.py:538} INFO - Filling up the DagBag from /home/airflow/.local/lib/python3.7/site-packages/airflow/example_dags/example_skip_dag.py
[2022-12-27T11:34:13.138+0000] {processor.py:753} INFO - DAG(s) dict_keys(['example_skip_dag']) retrieved from /home/airflow/.local/lib/python3.7/site-packages/airflow/example_dags/example_skip_dag.py
[2022-12-27T11:34:13.196+0000] {logging_mixin.py:137} INFO - [2022-12-27T11:34:13.196+0000] {dag.py:2676} INFO - Sync 1 DAGs
[2022-12-27T11:34:13.244+0000] {logging_mixin.py:137} INFO - [2022-12-27T11:34:13.244+0000] {dag.py:3427} INFO - Setting next_dagrun for example_skip_dag to 2022-12-26T11:34:13.244270+00:00, run_after=2022-12-27T11:34:13.244270+00:00
[2022-12-27T11:34:13.302+0000] {processor.py:175} INFO - Processing /home/airflow/.local/lib/python3.7/site-packages/airflow/example_dags/example_skip_dag.py took 0.190 seconds
[2022-12-27T11:34:43.499+0000] {processor.py:153} INFO - Started process (PID=1639) to work on /home/airflow/.local/lib/python3.7/site-packages/airflow/example_dags/example_skip_dag.py
[2022-12-27T11:34:43.500+0000] {processor.py:743} INFO - Processing file /home/airflow/.local/lib/python3.7/site-packages/airflow/example_dags/example_skip_dag.py for tasks to queue
[2022-12-27T11:34:43.501+0000] {logging_mixin.py:137} INFO - [2022-12-27T11:34:43.501+0000] {dagbag.py:538} INFO - Filling up the DagBag from /home/airflow/.local/lib/python3.7/site-packages/airflow/example_dags/example_skip_dag.py
[2022-12-27T11:34:43.517+0000] {processor.py:753} INFO - DAG(s) dict_keys(['example_skip_dag']) retrieved from /home/airflow/.local/lib/python3.7/site-packages/airflow/example_dags/example_skip_dag.py
[2022-12-27T11:34:43.565+0000] {logging_mixin.py:137} INFO - [2022-12-27T11:34:43.565+0000] {dag.py:2676} INFO - Sync 1 DAGs
[2022-12-27T11:34:43.608+0000] {logging_mixin.py:137} INFO - [2022-12-27T11:34:43.608+0000] {dag.py:3427} INFO - Setting next_dagrun for example_skip_dag to 2022-12-26T11:34:43.607759+00:00, run_after=2022-12-27T11:34:43.607759+00:00
[2022-12-27T11:34:43.659+0000] {processor.py:175} INFO - Processing /home/airflow/.local/lib/python3.7/site-packages/airflow/example_dags/example_skip_dag.py took 0.164 seconds
[2022-12-27T11:35:14.493+0000] {processor.py:153} INFO - Started process (PID=1701) to work on /home/airflow/.local/lib/python3.7/site-packages/airflow/example_dags/example_skip_dag.py
[2022-12-27T11:35:14.494+0000] {processor.py:743} INFO - Processing file /home/airflow/.local/lib/python3.7/site-packages/airflow/example_dags/example_skip_dag.py for tasks to queue
[2022-12-27T11:35:14.495+0000] {logging_mixin.py:137} INFO - [2022-12-27T11:35:14.495+0000] {dagbag.py:538} INFO - Filling up the DagBag from /home/airflow/.local/lib/python3.7/site-packages/airflow/example_dags/example_skip_dag.py
[2022-12-27T11:35:14.512+0000] {processor.py:753} INFO - DAG(s) dict_keys(['example_skip_dag']) retrieved from /home/airflow/.local/lib/python3.7/site-packages/airflow/example_dags/example_skip_dag.py
[2022-12-27T11:35:14.568+0000] {logging_mixin.py:137} INFO - [2022-12-27T11:35:14.567+0000] {dag.py:2676} INFO - Sync 1 DAGs
[2022-12-27T11:35:14.614+0000] {logging_mixin.py:137} INFO - [2022-12-27T11:35:14.614+0000] {dag.py:3427} INFO - Setting next_dagrun for example_skip_dag to 2022-12-26T11:35:14.613692+00:00, run_after=2022-12-27T11:35:14.613692+00:00
[2022-12-27T11:35:14.685+0000] {processor.py:175} INFO - Processing /home/airflow/.local/lib/python3.7/site-packages/airflow/example_dags/example_skip_dag.py took 0.196 seconds
[2022-12-27T11:35:45.171+0000] {processor.py:153} INFO - Started process (PID=1776) to work on /home/airflow/.local/lib/python3.7/site-packages/airflow/example_dags/example_skip_dag.py
[2022-12-27T11:35:45.175+0000] {processor.py:743} INFO - Processing file /home/airflow/.local/lib/python3.7/site-packages/airflow/example_dags/example_skip_dag.py for tasks to queue
[2022-12-27T11:35:45.177+0000] {logging_mixin.py:137} INFO - [2022-12-27T11:35:45.177+0000] {dagbag.py:538} INFO - Filling up the DagBag from /home/airflow/.local/lib/python3.7/site-packages/airflow/example_dags/example_skip_dag.py
[2022-12-27T11:35:45.217+0000] {processor.py:753} INFO - DAG(s) dict_keys(['example_skip_dag']) retrieved from /home/airflow/.local/lib/python3.7/site-packages/airflow/example_dags/example_skip_dag.py
[2022-12-27T11:35:45.306+0000] {logging_mixin.py:137} INFO - [2022-12-27T11:35:45.305+0000] {dag.py:2676} INFO - Sync 1 DAGs
[2022-12-27T11:35:45.379+0000] {logging_mixin.py:137} INFO - [2022-12-27T11:35:45.379+0000] {dag.py:3427} INFO - Setting next_dagrun for example_skip_dag to 2022-12-26T11:35:45.378639+00:00, run_after=2022-12-27T11:35:45.378639+00:00
[2022-12-27T11:35:45.602+0000] {processor.py:175} INFO - Processing /home/airflow/.local/lib/python3.7/site-packages/airflow/example_dags/example_skip_dag.py took 0.441 seconds
[2022-12-27T11:36:16.121+0000] {processor.py:153} INFO - Started process (PID=1839) to work on /home/airflow/.local/lib/python3.7/site-packages/airflow/example_dags/example_skip_dag.py
[2022-12-27T11:36:16.123+0000] {processor.py:743} INFO - Processing file /home/airflow/.local/lib/python3.7/site-packages/airflow/example_dags/example_skip_dag.py for tasks to queue
[2022-12-27T11:36:16.123+0000] {logging_mixin.py:137} INFO - [2022-12-27T11:36:16.123+0000] {dagbag.py:538} INFO - Filling up the DagBag from /home/airflow/.local/lib/python3.7/site-packages/airflow/example_dags/example_skip_dag.py
[2022-12-27T11:36:16.143+0000] {processor.py:753} INFO - DAG(s) dict_keys(['example_skip_dag']) retrieved from /home/airflow/.local/lib/python3.7/site-packages/airflow/example_dags/example_skip_dag.py
[2022-12-27T11:36:16.189+0000] {logging_mixin.py:137} INFO - [2022-12-27T11:36:16.189+0000] {dag.py:2676} INFO - Sync 1 DAGs
[2022-12-27T11:36:16.220+0000] {logging_mixin.py:137} INFO - [2022-12-27T11:36:16.220+0000] {dag.py:3427} INFO - Setting next_dagrun for example_skip_dag to 2022-12-26T11:36:16.220303+00:00, run_after=2022-12-27T11:36:16.220303+00:00
[2022-12-27T11:36:16.316+0000] {processor.py:175} INFO - Processing /home/airflow/.local/lib/python3.7/site-packages/airflow/example_dags/example_skip_dag.py took 0.199 seconds
[2022-12-27T11:36:46.806+0000] {processor.py:153} INFO - Started process (PID=1901) to work on /home/airflow/.local/lib/python3.7/site-packages/airflow/example_dags/example_skip_dag.py
[2022-12-27T11:36:46.807+0000] {processor.py:743} INFO - Processing file /home/airflow/.local/lib/python3.7/site-packages/airflow/example_dags/example_skip_dag.py for tasks to queue
[2022-12-27T11:36:46.808+0000] {logging_mixin.py:137} INFO - [2022-12-27T11:36:46.808+0000] {dagbag.py:538} INFO - Filling up the DagBag from /home/airflow/.local/lib/python3.7/site-packages/airflow/example_dags/example_skip_dag.py
[2022-12-27T11:36:46.825+0000] {processor.py:753} INFO - DAG(s) dict_keys(['example_skip_dag']) retrieved from /home/airflow/.local/lib/python3.7/site-packages/airflow/example_dags/example_skip_dag.py
[2022-12-27T11:36:46.867+0000] {logging_mixin.py:137} INFO - [2022-12-27T11:36:46.867+0000] {dag.py:2676} INFO - Sync 1 DAGs
[2022-12-27T11:36:46.895+0000] {logging_mixin.py:137} INFO - [2022-12-27T11:36:46.895+0000] {dag.py:3427} INFO - Setting next_dagrun for example_skip_dag to 2022-12-26T11:36:46.895550+00:00, run_after=2022-12-27T11:36:46.895550+00:00
[2022-12-27T11:36:46.946+0000] {processor.py:175} INFO - Processing /home/airflow/.local/lib/python3.7/site-packages/airflow/example_dags/example_skip_dag.py took 0.144 seconds
[2022-12-27T11:37:17.608+0000] {processor.py:153} INFO - Started process (PID=1964) to work on /home/airflow/.local/lib/python3.7/site-packages/airflow/example_dags/example_skip_dag.py
[2022-12-27T11:37:17.609+0000] {processor.py:743} INFO - Processing file /home/airflow/.local/lib/python3.7/site-packages/airflow/example_dags/example_skip_dag.py for tasks to queue
[2022-12-27T11:37:17.610+0000] {logging_mixin.py:137} INFO - [2022-12-27T11:37:17.610+0000] {dagbag.py:538} INFO - Filling up the DagBag from /home/airflow/.local/lib/python3.7/site-packages/airflow/example_dags/example_skip_dag.py
[2022-12-27T11:37:17.630+0000] {processor.py:753} INFO - DAG(s) dict_keys(['example_skip_dag']) retrieved from /home/airflow/.local/lib/python3.7/site-packages/airflow/example_dags/example_skip_dag.py
[2022-12-27T11:37:17.672+0000] {logging_mixin.py:137} INFO - [2022-12-27T11:37:17.672+0000] {dag.py:2676} INFO - Sync 1 DAGs
[2022-12-27T11:37:17.698+0000] {logging_mixin.py:137} INFO - [2022-12-27T11:37:17.698+0000] {dag.py:3427} INFO - Setting next_dagrun for example_skip_dag to 2022-12-26T11:37:17.698156+00:00, run_after=2022-12-27T11:37:17.698156+00:00
[2022-12-27T11:37:17.829+0000] {processor.py:175} INFO - Processing /home/airflow/.local/lib/python3.7/site-packages/airflow/example_dags/example_skip_dag.py took 0.227 seconds
[2022-12-27T11:37:48.571+0000] {processor.py:153} INFO - Started process (PID=2039) to work on /home/airflow/.local/lib/python3.7/site-packages/airflow/example_dags/example_skip_dag.py
[2022-12-27T11:37:48.572+0000] {processor.py:743} INFO - Processing file /home/airflow/.local/lib/python3.7/site-packages/airflow/example_dags/example_skip_dag.py for tasks to queue
[2022-12-27T11:37:48.573+0000] {logging_mixin.py:137} INFO - [2022-12-27T11:37:48.573+0000] {dagbag.py:538} INFO - Filling up the DagBag from /home/airflow/.local/lib/python3.7/site-packages/airflow/example_dags/example_skip_dag.py
[2022-12-27T11:37:48.594+0000] {processor.py:753} INFO - DAG(s) dict_keys(['example_skip_dag']) retrieved from /home/airflow/.local/lib/python3.7/site-packages/airflow/example_dags/example_skip_dag.py
[2022-12-27T11:37:48.648+0000] {logging_mixin.py:137} INFO - [2022-12-27T11:37:48.648+0000] {dag.py:2676} INFO - Sync 1 DAGs
[2022-12-27T11:37:48.690+0000] {logging_mixin.py:137} INFO - [2022-12-27T11:37:48.689+0000] {dag.py:3427} INFO - Setting next_dagrun for example_skip_dag to 2022-12-26T11:37:48.689546+00:00, run_after=2022-12-27T11:37:48.689546+00:00
[2022-12-27T11:37:48.768+0000] {processor.py:175} INFO - Processing /home/airflow/.local/lib/python3.7/site-packages/airflow/example_dags/example_skip_dag.py took 0.202 seconds
[2022-12-27T11:38:19.766+0000] {processor.py:153} INFO - Started process (PID=2102) to work on /home/airflow/.local/lib/python3.7/site-packages/airflow/example_dags/example_skip_dag.py
[2022-12-27T11:38:19.767+0000] {processor.py:743} INFO - Processing file /home/airflow/.local/lib/python3.7/site-packages/airflow/example_dags/example_skip_dag.py for tasks to queue
[2022-12-27T11:38:19.768+0000] {logging_mixin.py:137} INFO - [2022-12-27T11:38:19.768+0000] {dagbag.py:538} INFO - Filling up the DagBag from /home/airflow/.local/lib/python3.7/site-packages/airflow/example_dags/example_skip_dag.py
[2022-12-27T11:38:19.785+0000] {processor.py:753} INFO - DAG(s) dict_keys(['example_skip_dag']) retrieved from /home/airflow/.local/lib/python3.7/site-packages/airflow/example_dags/example_skip_dag.py
[2022-12-27T11:38:19.833+0000] {logging_mixin.py:137} INFO - [2022-12-27T11:38:19.833+0000] {dag.py:2676} INFO - Sync 1 DAGs
[2022-12-27T11:38:19.864+0000] {logging_mixin.py:137} INFO - [2022-12-27T11:38:19.863+0000] {dag.py:3427} INFO - Setting next_dagrun for example_skip_dag to 2022-12-26T11:38:19.863483+00:00, run_after=2022-12-27T11:38:19.863483+00:00
[2022-12-27T11:38:19.938+0000] {processor.py:175} INFO - Processing /home/airflow/.local/lib/python3.7/site-packages/airflow/example_dags/example_skip_dag.py took 0.176 seconds
[2022-12-27T11:38:50.283+0000] {processor.py:153} INFO - Started process (PID=2164) to work on /home/airflow/.local/lib/python3.7/site-packages/airflow/example_dags/example_skip_dag.py
[2022-12-27T11:38:50.284+0000] {processor.py:743} INFO - Processing file /home/airflow/.local/lib/python3.7/site-packages/airflow/example_dags/example_skip_dag.py for tasks to queue
[2022-12-27T11:38:50.285+0000] {logging_mixin.py:137} INFO - [2022-12-27T11:38:50.285+0000] {dagbag.py:538} INFO - Filling up the DagBag from /home/airflow/.local/lib/python3.7/site-packages/airflow/example_dags/example_skip_dag.py
[2022-12-27T11:38:50.303+0000] {processor.py:753} INFO - DAG(s) dict_keys(['example_skip_dag']) retrieved from /home/airflow/.local/lib/python3.7/site-packages/airflow/example_dags/example_skip_dag.py
[2022-12-27T11:38:50.353+0000] {logging_mixin.py:137} INFO - [2022-12-27T11:38:50.353+0000] {dag.py:2676} INFO - Sync 1 DAGs
[2022-12-27T11:38:50.398+0000] {logging_mixin.py:137} INFO - [2022-12-27T11:38:50.398+0000] {dag.py:3427} INFO - Setting next_dagrun for example_skip_dag to 2022-12-26T11:38:50.397840+00:00, run_after=2022-12-27T11:38:50.397840+00:00
[2022-12-27T11:38:50.449+0000] {processor.py:175} INFO - Processing /home/airflow/.local/lib/python3.7/site-packages/airflow/example_dags/example_skip_dag.py took 0.170 seconds
[2022-12-27T11:39:20.854+0000] {processor.py:153} INFO - Started process (PID=2237) to work on /home/airflow/.local/lib/python3.7/site-packages/airflow/example_dags/example_skip_dag.py
[2022-12-27T11:39:20.855+0000] {processor.py:743} INFO - Processing file /home/airflow/.local/lib/python3.7/site-packages/airflow/example_dags/example_skip_dag.py for tasks to queue
[2022-12-27T11:39:20.856+0000] {logging_mixin.py:137} INFO - [2022-12-27T11:39:20.856+0000] {dagbag.py:538} INFO - Filling up the DagBag from /home/airflow/.local/lib/python3.7/site-packages/airflow/example_dags/example_skip_dag.py
[2022-12-27T11:39:20.875+0000] {processor.py:753} INFO - DAG(s) dict_keys(['example_skip_dag']) retrieved from /home/airflow/.local/lib/python3.7/site-packages/airflow/example_dags/example_skip_dag.py
[2022-12-27T11:39:20.927+0000] {logging_mixin.py:137} INFO - [2022-12-27T11:39:20.927+0000] {dag.py:2676} INFO - Sync 1 DAGs
[2022-12-27T11:39:20.963+0000] {logging_mixin.py:137} INFO - [2022-12-27T11:39:20.963+0000] {dag.py:3427} INFO - Setting next_dagrun for example_skip_dag to 2022-12-26T11:39:20.963041+00:00, run_after=2022-12-27T11:39:20.963041+00:00
[2022-12-27T11:39:21.048+0000] {processor.py:175} INFO - Processing /home/airflow/.local/lib/python3.7/site-packages/airflow/example_dags/example_skip_dag.py took 0.199 seconds
[2022-12-27T11:39:51.174+0000] {processor.py:153} INFO - Started process (PID=2299) to work on /home/airflow/.local/lib/python3.7/site-packages/airflow/example_dags/example_skip_dag.py
[2022-12-27T11:39:51.175+0000] {processor.py:743} INFO - Processing file /home/airflow/.local/lib/python3.7/site-packages/airflow/example_dags/example_skip_dag.py for tasks to queue
[2022-12-27T11:39:51.176+0000] {logging_mixin.py:137} INFO - [2022-12-27T11:39:51.176+0000] {dagbag.py:538} INFO - Filling up the DagBag from /home/airflow/.local/lib/python3.7/site-packages/airflow/example_dags/example_skip_dag.py
[2022-12-27T11:39:51.199+0000] {processor.py:753} INFO - DAG(s) dict_keys(['example_skip_dag']) retrieved from /home/airflow/.local/lib/python3.7/site-packages/airflow/example_dags/example_skip_dag.py
[2022-12-27T11:39:51.251+0000] {logging_mixin.py:137} INFO - [2022-12-27T11:39:51.251+0000] {dag.py:2676} INFO - Sync 1 DAGs
[2022-12-27T11:39:51.287+0000] {logging_mixin.py:137} INFO - [2022-12-27T11:39:51.286+0000] {dag.py:3427} INFO - Setting next_dagrun for example_skip_dag to 2022-12-26T11:39:51.286551+00:00, run_after=2022-12-27T11:39:51.286551+00:00
[2022-12-27T11:39:51.339+0000] {processor.py:175} INFO - Processing /home/airflow/.local/lib/python3.7/site-packages/airflow/example_dags/example_skip_dag.py took 0.170 seconds
[2022-12-27T11:40:21.995+0000] {processor.py:153} INFO - Started process (PID=2361) to work on /home/airflow/.local/lib/python3.7/site-packages/airflow/example_dags/example_skip_dag.py
[2022-12-27T11:40:21.997+0000] {processor.py:743} INFO - Processing file /home/airflow/.local/lib/python3.7/site-packages/airflow/example_dags/example_skip_dag.py for tasks to queue
[2022-12-27T11:40:21.998+0000] {logging_mixin.py:137} INFO - [2022-12-27T11:40:21.997+0000] {dagbag.py:538} INFO - Filling up the DagBag from /home/airflow/.local/lib/python3.7/site-packages/airflow/example_dags/example_skip_dag.py
[2022-12-27T11:40:22.015+0000] {processor.py:753} INFO - DAG(s) dict_keys(['example_skip_dag']) retrieved from /home/airflow/.local/lib/python3.7/site-packages/airflow/example_dags/example_skip_dag.py
[2022-12-27T11:40:22.059+0000] {logging_mixin.py:137} INFO - [2022-12-27T11:40:22.059+0000] {dag.py:2676} INFO - Sync 1 DAGs
[2022-12-27T11:40:22.088+0000] {logging_mixin.py:137} INFO - [2022-12-27T11:40:22.088+0000] {dag.py:3427} INFO - Setting next_dagrun for example_skip_dag to 2022-12-26T11:40:22.087716+00:00, run_after=2022-12-27T11:40:22.087716+00:00
[2022-12-27T11:40:22.196+0000] {processor.py:175} INFO - Processing /home/airflow/.local/lib/python3.7/site-packages/airflow/example_dags/example_skip_dag.py took 0.204 seconds
[2022-12-27T11:40:52.979+0000] {processor.py:153} INFO - Started process (PID=2423) to work on /home/airflow/.local/lib/python3.7/site-packages/airflow/example_dags/example_skip_dag.py
[2022-12-27T11:40:52.980+0000] {processor.py:743} INFO - Processing file /home/airflow/.local/lib/python3.7/site-packages/airflow/example_dags/example_skip_dag.py for tasks to queue
[2022-12-27T11:40:52.981+0000] {logging_mixin.py:137} INFO - [2022-12-27T11:40:52.981+0000] {dagbag.py:538} INFO - Filling up the DagBag from /home/airflow/.local/lib/python3.7/site-packages/airflow/example_dags/example_skip_dag.py
[2022-12-27T11:40:53.005+0000] {processor.py:753} INFO - DAG(s) dict_keys(['example_skip_dag']) retrieved from /home/airflow/.local/lib/python3.7/site-packages/airflow/example_dags/example_skip_dag.py
[2022-12-27T11:40:53.034+0000] {logging_mixin.py:137} INFO - [2022-12-27T11:40:53.034+0000] {dag.py:2676} INFO - Sync 1 DAGs
[2022-12-27T11:40:53.064+0000] {logging_mixin.py:137} INFO - [2022-12-27T11:40:53.064+0000] {dag.py:3427} INFO - Setting next_dagrun for example_skip_dag to 2022-12-26T11:40:53.064344+00:00, run_after=2022-12-27T11:40:53.064344+00:00
[2022-12-27T11:40:53.115+0000] {processor.py:175} INFO - Processing /home/airflow/.local/lib/python3.7/site-packages/airflow/example_dags/example_skip_dag.py took 0.142 seconds
[2022-12-27T11:41:23.267+0000] {processor.py:153} INFO - Started process (PID=2484) to work on /home/airflow/.local/lib/python3.7/site-packages/airflow/example_dags/example_skip_dag.py
[2022-12-27T11:41:23.268+0000] {processor.py:743} INFO - Processing file /home/airflow/.local/lib/python3.7/site-packages/airflow/example_dags/example_skip_dag.py for tasks to queue
[2022-12-27T11:41:23.269+0000] {logging_mixin.py:137} INFO - [2022-12-27T11:41:23.268+0000] {dagbag.py:538} INFO - Filling up the DagBag from /home/airflow/.local/lib/python3.7/site-packages/airflow/example_dags/example_skip_dag.py
[2022-12-27T11:41:23.286+0000] {processor.py:753} INFO - DAG(s) dict_keys(['example_skip_dag']) retrieved from /home/airflow/.local/lib/python3.7/site-packages/airflow/example_dags/example_skip_dag.py
[2022-12-27T11:41:23.329+0000] {logging_mixin.py:137} INFO - [2022-12-27T11:41:23.329+0000] {dag.py:2676} INFO - Sync 1 DAGs
[2022-12-27T11:41:23.359+0000] {logging_mixin.py:137} INFO - [2022-12-27T11:41:23.359+0000] {dag.py:3427} INFO - Setting next_dagrun for example_skip_dag to 2022-12-26T11:41:23.359263+00:00, run_after=2022-12-27T11:41:23.359263+00:00
[2022-12-27T11:41:23.412+0000] {processor.py:175} INFO - Processing /home/airflow/.local/lib/python3.7/site-packages/airflow/example_dags/example_skip_dag.py took 0.149 seconds
[2022-12-27T11:41:54.173+0000] {processor.py:153} INFO - Started process (PID=2557) to work on /home/airflow/.local/lib/python3.7/site-packages/airflow/example_dags/example_skip_dag.py
[2022-12-27T11:41:54.175+0000] {processor.py:743} INFO - Processing file /home/airflow/.local/lib/python3.7/site-packages/airflow/example_dags/example_skip_dag.py for tasks to queue
[2022-12-27T11:41:54.176+0000] {logging_mixin.py:137} INFO - [2022-12-27T11:41:54.176+0000] {dagbag.py:538} INFO - Filling up the DagBag from /home/airflow/.local/lib/python3.7/site-packages/airflow/example_dags/example_skip_dag.py
[2022-12-27T11:41:54.200+0000] {processor.py:753} INFO - DAG(s) dict_keys(['example_skip_dag']) retrieved from /home/airflow/.local/lib/python3.7/site-packages/airflow/example_dags/example_skip_dag.py
[2022-12-27T11:41:54.257+0000] {logging_mixin.py:137} INFO - [2022-12-27T11:41:54.256+0000] {dag.py:2676} INFO - Sync 1 DAGs
[2022-12-27T11:41:54.345+0000] {logging_mixin.py:137} INFO - [2022-12-27T11:41:54.345+0000] {dag.py:3427} INFO - Setting next_dagrun for example_skip_dag to 2022-12-26T11:41:54.344437+00:00, run_after=2022-12-27T11:41:54.344437+00:00
[2022-12-27T11:41:54.435+0000] {processor.py:175} INFO - Processing /home/airflow/.local/lib/python3.7/site-packages/airflow/example_dags/example_skip_dag.py took 0.267 seconds
