[2022-12-27T11:22:29.889+0000] {processor.py:153} INFO - Started process (PID=80) to work on /home/airflow/.local/lib/python3.7/site-packages/airflow/example_dags/example_branch_datetime_operator.py
[2022-12-27T11:22:29.890+0000] {processor.py:743} INFO - Processing file /home/airflow/.local/lib/python3.7/site-packages/airflow/example_dags/example_branch_datetime_operator.py for tasks to queue
[2022-12-27T11:22:29.892+0000] {logging_mixin.py:137} INFO - [2022-12-27T11:22:29.891+0000] {dagbag.py:538} INFO - Filling up the DagBag from /home/airflow/.local/lib/python3.7/site-packages/airflow/example_dags/example_branch_datetime_operator.py
[2022-12-27T11:22:29.946+0000] {processor.py:753} INFO - DAG(s) dict_keys(['example_branch_datetime_operator_2', 'example_branch_datetime_operator_3', 'example_branch_datetime_operator']) retrieved from /home/airflow/.local/lib/python3.7/site-packages/airflow/example_dags/example_branch_datetime_operator.py
[2022-12-27T11:22:30.024+0000] {logging_mixin.py:137} INFO - [2022-12-27T11:22:30.024+0000] {dag.py:2676} INFO - Sync 3 DAGs
[2022-12-27T11:22:30.068+0000] {logging_mixin.py:137} INFO - [2022-12-27T11:22:30.067+0000] {dag.py:3427} INFO - Setting next_dagrun for example_branch_datetime_operator to 2022-12-26T00:00:00+00:00, run_after=2022-12-27T00:00:00+00:00
[2022-12-27T11:22:30.075+0000] {logging_mixin.py:137} INFO - [2022-12-27T11:22:30.074+0000] {dag.py:3427} INFO - Setting next_dagrun for example_branch_datetime_operator_2 to 2022-12-26T00:00:00+00:00, run_after=2022-12-27T00:00:00+00:00
[2022-12-27T11:22:30.088+0000] {logging_mixin.py:137} INFO - [2022-12-27T11:22:30.087+0000] {dag.py:3427} INFO - Setting next_dagrun for example_branch_datetime_operator_3 to 2022-12-26T00:00:00+00:00, run_after=2022-12-27T00:00:00+00:00
[2022-12-27T11:22:33.411+0000] {processor.py:175} INFO - Processing /home/airflow/.local/lib/python3.7/site-packages/airflow/example_dags/example_branch_datetime_operator.py took 3.529 seconds
[2022-12-27T11:23:04.239+0000] {processor.py:153} INFO - Started process (PID=145) to work on /home/airflow/.local/lib/python3.7/site-packages/airflow/example_dags/example_branch_datetime_operator.py
[2022-12-27T11:23:04.246+0000] {processor.py:743} INFO - Processing file /home/airflow/.local/lib/python3.7/site-packages/airflow/example_dags/example_branch_datetime_operator.py for tasks to queue
[2022-12-27T11:23:04.249+0000] {logging_mixin.py:137} INFO - [2022-12-27T11:23:04.248+0000] {dagbag.py:538} INFO - Filling up the DagBag from /home/airflow/.local/lib/python3.7/site-packages/airflow/example_dags/example_branch_datetime_operator.py
[2022-12-27T11:23:04.327+0000] {processor.py:753} INFO - DAG(s) dict_keys(['example_branch_datetime_operator', 'example_branch_datetime_operator_2', 'example_branch_datetime_operator_3']) retrieved from /home/airflow/.local/lib/python3.7/site-packages/airflow/example_dags/example_branch_datetime_operator.py
[2022-12-27T11:23:04.503+0000] {logging_mixin.py:137} INFO - [2022-12-27T11:23:04.502+0000] {dag.py:2676} INFO - Sync 3 DAGs
[2022-12-27T11:23:04.610+0000] {logging_mixin.py:137} INFO - [2022-12-27T11:23:04.610+0000] {dag.py:3427} INFO - Setting next_dagrun for example_branch_datetime_operator to 2022-12-26T00:00:00+00:00, run_after=2022-12-27T00:00:00+00:00
[2022-12-27T11:23:04.621+0000] {logging_mixin.py:137} INFO - [2022-12-27T11:23:04.621+0000] {dag.py:3427} INFO - Setting next_dagrun for example_branch_datetime_operator_2 to 2022-12-26T00:00:00+00:00, run_after=2022-12-27T00:00:00+00:00
[2022-12-27T11:23:04.626+0000] {logging_mixin.py:137} INFO - [2022-12-27T11:23:04.626+0000] {dag.py:3427} INFO - Setting next_dagrun for example_branch_datetime_operator_3 to 2022-12-26T00:00:00+00:00, run_after=2022-12-27T00:00:00+00:00
[2022-12-27T11:23:04.931+0000] {processor.py:175} INFO - Processing /home/airflow/.local/lib/python3.7/site-packages/airflow/example_dags/example_branch_datetime_operator.py took 0.700 seconds
[2022-12-27T11:23:35.112+0000] {processor.py:153} INFO - Started process (PID=211) to work on /home/airflow/.local/lib/python3.7/site-packages/airflow/example_dags/example_branch_datetime_operator.py
[2022-12-27T11:23:35.114+0000] {processor.py:743} INFO - Processing file /home/airflow/.local/lib/python3.7/site-packages/airflow/example_dags/example_branch_datetime_operator.py for tasks to queue
[2022-12-27T11:23:35.117+0000] {logging_mixin.py:137} INFO - [2022-12-27T11:23:35.116+0000] {dagbag.py:538} INFO - Filling up the DagBag from /home/airflow/.local/lib/python3.7/site-packages/airflow/example_dags/example_branch_datetime_operator.py
[2022-12-27T11:23:35.140+0000] {processor.py:753} INFO - DAG(s) dict_keys(['example_branch_datetime_operator_2', 'example_branch_datetime_operator_3', 'example_branch_datetime_operator']) retrieved from /home/airflow/.local/lib/python3.7/site-packages/airflow/example_dags/example_branch_datetime_operator.py
[2022-12-27T11:23:35.192+0000] {logging_mixin.py:137} INFO - [2022-12-27T11:23:35.192+0000] {dag.py:2676} INFO - Sync 3 DAGs
[2022-12-27T11:23:35.225+0000] {logging_mixin.py:137} INFO - [2022-12-27T11:23:35.225+0000] {dag.py:3427} INFO - Setting next_dagrun for example_branch_datetime_operator to 2022-12-26T00:00:00+00:00, run_after=2022-12-27T00:00:00+00:00
[2022-12-27T11:23:35.230+0000] {logging_mixin.py:137} INFO - [2022-12-27T11:23:35.230+0000] {dag.py:3427} INFO - Setting next_dagrun for example_branch_datetime_operator_2 to 2022-12-26T00:00:00+00:00, run_after=2022-12-27T00:00:00+00:00
[2022-12-27T11:23:35.232+0000] {logging_mixin.py:137} INFO - [2022-12-27T11:23:35.232+0000] {dag.py:3427} INFO - Setting next_dagrun for example_branch_datetime_operator_3 to 2022-12-26T00:00:00+00:00, run_after=2022-12-27T00:00:00+00:00
[2022-12-27T11:23:35.394+0000] {processor.py:175} INFO - Processing /home/airflow/.local/lib/python3.7/site-packages/airflow/example_dags/example_branch_datetime_operator.py took 0.290 seconds
[2022-12-27T11:24:05.704+0000] {processor.py:153} INFO - Started process (PID=274) to work on /home/airflow/.local/lib/python3.7/site-packages/airflow/example_dags/example_branch_datetime_operator.py
[2022-12-27T11:24:05.705+0000] {processor.py:743} INFO - Processing file /home/airflow/.local/lib/python3.7/site-packages/airflow/example_dags/example_branch_datetime_operator.py for tasks to queue
[2022-12-27T11:24:05.705+0000] {logging_mixin.py:137} INFO - [2022-12-27T11:24:05.705+0000] {dagbag.py:538} INFO - Filling up the DagBag from /home/airflow/.local/lib/python3.7/site-packages/airflow/example_dags/example_branch_datetime_operator.py
[2022-12-27T11:24:05.733+0000] {processor.py:753} INFO - DAG(s) dict_keys(['example_branch_datetime_operator_2', 'example_branch_datetime_operator_3', 'example_branch_datetime_operator']) retrieved from /home/airflow/.local/lib/python3.7/site-packages/airflow/example_dags/example_branch_datetime_operator.py
[2022-12-27T11:24:05.791+0000] {logging_mixin.py:137} INFO - [2022-12-27T11:24:05.791+0000] {dag.py:2676} INFO - Sync 3 DAGs
[2022-12-27T11:24:05.831+0000] {logging_mixin.py:137} INFO - [2022-12-27T11:24:05.831+0000] {dag.py:3427} INFO - Setting next_dagrun for example_branch_datetime_operator to 2022-12-26T00:00:00+00:00, run_after=2022-12-27T00:00:00+00:00
[2022-12-27T11:24:05.837+0000] {logging_mixin.py:137} INFO - [2022-12-27T11:24:05.837+0000] {dag.py:3427} INFO - Setting next_dagrun for example_branch_datetime_operator_2 to 2022-12-26T00:00:00+00:00, run_after=2022-12-27T00:00:00+00:00
[2022-12-27T11:24:05.839+0000] {logging_mixin.py:137} INFO - [2022-12-27T11:24:05.839+0000] {dag.py:3427} INFO - Setting next_dagrun for example_branch_datetime_operator_3 to 2022-12-26T00:00:00+00:00, run_after=2022-12-27T00:00:00+00:00
[2022-12-27T11:24:05.909+0000] {processor.py:175} INFO - Processing /home/airflow/.local/lib/python3.7/site-packages/airflow/example_dags/example_branch_datetime_operator.py took 0.210 seconds
[2022-12-27T11:24:36.297+0000] {processor.py:153} INFO - Started process (PID=337) to work on /home/airflow/.local/lib/python3.7/site-packages/airflow/example_dags/example_branch_datetime_operator.py
[2022-12-27T11:24:36.298+0000] {processor.py:743} INFO - Processing file /home/airflow/.local/lib/python3.7/site-packages/airflow/example_dags/example_branch_datetime_operator.py for tasks to queue
[2022-12-27T11:24:36.299+0000] {logging_mixin.py:137} INFO - [2022-12-27T11:24:36.299+0000] {dagbag.py:538} INFO - Filling up the DagBag from /home/airflow/.local/lib/python3.7/site-packages/airflow/example_dags/example_branch_datetime_operator.py
[2022-12-27T11:24:36.326+0000] {processor.py:753} INFO - DAG(s) dict_keys(['example_branch_datetime_operator_2', 'example_branch_datetime_operator', 'example_branch_datetime_operator_3']) retrieved from /home/airflow/.local/lib/python3.7/site-packages/airflow/example_dags/example_branch_datetime_operator.py
[2022-12-27T11:24:36.385+0000] {logging_mixin.py:137} INFO - [2022-12-27T11:24:36.385+0000] {dag.py:2676} INFO - Sync 3 DAGs
[2022-12-27T11:24:36.427+0000] {logging_mixin.py:137} INFO - [2022-12-27T11:24:36.427+0000] {dag.py:3427} INFO - Setting next_dagrun for example_branch_datetime_operator to 2022-12-26T00:00:00+00:00, run_after=2022-12-27T00:00:00+00:00
[2022-12-27T11:24:36.435+0000] {logging_mixin.py:137} INFO - [2022-12-27T11:24:36.435+0000] {dag.py:3427} INFO - Setting next_dagrun for example_branch_datetime_operator_2 to 2022-12-26T00:00:00+00:00, run_after=2022-12-27T00:00:00+00:00
[2022-12-27T11:24:36.439+0000] {logging_mixin.py:137} INFO - [2022-12-27T11:24:36.439+0000] {dag.py:3427} INFO - Setting next_dagrun for example_branch_datetime_operator_3 to 2022-12-26T00:00:00+00:00, run_after=2022-12-27T00:00:00+00:00
[2022-12-27T11:24:36.606+0000] {processor.py:175} INFO - Processing /home/airflow/.local/lib/python3.7/site-packages/airflow/example_dags/example_branch_datetime_operator.py took 0.315 seconds
[2022-12-27T11:25:06.966+0000] {processor.py:153} INFO - Started process (PID=412) to work on /home/airflow/.local/lib/python3.7/site-packages/airflow/example_dags/example_branch_datetime_operator.py
[2022-12-27T11:25:06.968+0000] {processor.py:743} INFO - Processing file /home/airflow/.local/lib/python3.7/site-packages/airflow/example_dags/example_branch_datetime_operator.py for tasks to queue
[2022-12-27T11:25:06.969+0000] {logging_mixin.py:137} INFO - [2022-12-27T11:25:06.969+0000] {dagbag.py:538} INFO - Filling up the DagBag from /home/airflow/.local/lib/python3.7/site-packages/airflow/example_dags/example_branch_datetime_operator.py
[2022-12-27T11:25:07.006+0000] {processor.py:753} INFO - DAG(s) dict_keys(['example_branch_datetime_operator_3', 'example_branch_datetime_operator_2', 'example_branch_datetime_operator']) retrieved from /home/airflow/.local/lib/python3.7/site-packages/airflow/example_dags/example_branch_datetime_operator.py
[2022-12-27T11:25:07.088+0000] {logging_mixin.py:137} INFO - [2022-12-27T11:25:07.088+0000] {dag.py:2676} INFO - Sync 3 DAGs
[2022-12-27T11:25:07.125+0000] {logging_mixin.py:137} INFO - [2022-12-27T11:25:07.125+0000] {dag.py:3427} INFO - Setting next_dagrun for example_branch_datetime_operator to 2022-12-26T00:00:00+00:00, run_after=2022-12-27T00:00:00+00:00
[2022-12-27T11:25:07.131+0000] {logging_mixin.py:137} INFO - [2022-12-27T11:25:07.131+0000] {dag.py:3427} INFO - Setting next_dagrun for example_branch_datetime_operator_2 to 2022-12-26T00:00:00+00:00, run_after=2022-12-27T00:00:00+00:00
[2022-12-27T11:25:07.134+0000] {logging_mixin.py:137} INFO - [2022-12-27T11:25:07.134+0000] {dag.py:3427} INFO - Setting next_dagrun for example_branch_datetime_operator_3 to 2022-12-26T00:00:00+00:00, run_after=2022-12-27T00:00:00+00:00
[2022-12-27T11:25:07.412+0000] {processor.py:175} INFO - Processing /home/airflow/.local/lib/python3.7/site-packages/airflow/example_dags/example_branch_datetime_operator.py took 0.452 seconds
[2022-12-27T11:25:37.767+0000] {processor.py:153} INFO - Started process (PID=474) to work on /home/airflow/.local/lib/python3.7/site-packages/airflow/example_dags/example_branch_datetime_operator.py
[2022-12-27T11:25:37.768+0000] {processor.py:743} INFO - Processing file /home/airflow/.local/lib/python3.7/site-packages/airflow/example_dags/example_branch_datetime_operator.py for tasks to queue
[2022-12-27T11:25:37.770+0000] {logging_mixin.py:137} INFO - [2022-12-27T11:25:37.770+0000] {dagbag.py:538} INFO - Filling up the DagBag from /home/airflow/.local/lib/python3.7/site-packages/airflow/example_dags/example_branch_datetime_operator.py
[2022-12-27T11:25:37.797+0000] {processor.py:753} INFO - DAG(s) dict_keys(['example_branch_datetime_operator_2', 'example_branch_datetime_operator_3', 'example_branch_datetime_operator']) retrieved from /home/airflow/.local/lib/python3.7/site-packages/airflow/example_dags/example_branch_datetime_operator.py
[2022-12-27T11:25:37.860+0000] {logging_mixin.py:137} INFO - [2022-12-27T11:25:37.860+0000] {dag.py:2676} INFO - Sync 3 DAGs
[2022-12-27T11:25:37.910+0000] {logging_mixin.py:137} INFO - [2022-12-27T11:25:37.910+0000] {dag.py:3427} INFO - Setting next_dagrun for example_branch_datetime_operator to 2022-12-26T00:00:00+00:00, run_after=2022-12-27T00:00:00+00:00
[2022-12-27T11:25:37.916+0000] {logging_mixin.py:137} INFO - [2022-12-27T11:25:37.916+0000] {dag.py:3427} INFO - Setting next_dagrun for example_branch_datetime_operator_2 to 2022-12-26T00:00:00+00:00, run_after=2022-12-27T00:00:00+00:00
[2022-12-27T11:25:37.918+0000] {logging_mixin.py:137} INFO - [2022-12-27T11:25:37.918+0000] {dag.py:3427} INFO - Setting next_dagrun for example_branch_datetime_operator_3 to 2022-12-26T00:00:00+00:00, run_after=2022-12-27T00:00:00+00:00
[2022-12-27T11:25:38.057+0000] {processor.py:175} INFO - Processing /home/airflow/.local/lib/python3.7/site-packages/airflow/example_dags/example_branch_datetime_operator.py took 0.300 seconds
[2022-12-27T11:26:08.681+0000] {processor.py:153} INFO - Started process (PID=536) to work on /home/airflow/.local/lib/python3.7/site-packages/airflow/example_dags/example_branch_datetime_operator.py
[2022-12-27T11:26:08.683+0000] {processor.py:743} INFO - Processing file /home/airflow/.local/lib/python3.7/site-packages/airflow/example_dags/example_branch_datetime_operator.py for tasks to queue
[2022-12-27T11:26:08.684+0000] {logging_mixin.py:137} INFO - [2022-12-27T11:26:08.683+0000] {dagbag.py:538} INFO - Filling up the DagBag from /home/airflow/.local/lib/python3.7/site-packages/airflow/example_dags/example_branch_datetime_operator.py
[2022-12-27T11:26:08.708+0000] {processor.py:753} INFO - DAG(s) dict_keys(['example_branch_datetime_operator_2', 'example_branch_datetime_operator', 'example_branch_datetime_operator_3']) retrieved from /home/airflow/.local/lib/python3.7/site-packages/airflow/example_dags/example_branch_datetime_operator.py
[2022-12-27T11:26:08.760+0000] {logging_mixin.py:137} INFO - [2022-12-27T11:26:08.760+0000] {dag.py:2676} INFO - Sync 3 DAGs
[2022-12-27T11:26:08.793+0000] {logging_mixin.py:137} INFO - [2022-12-27T11:26:08.793+0000] {dag.py:3427} INFO - Setting next_dagrun for example_branch_datetime_operator to 2022-12-26T00:00:00+00:00, run_after=2022-12-27T00:00:00+00:00
[2022-12-27T11:26:08.798+0000] {logging_mixin.py:137} INFO - [2022-12-27T11:26:08.798+0000] {dag.py:3427} INFO - Setting next_dagrun for example_branch_datetime_operator_2 to 2022-12-26T00:00:00+00:00, run_after=2022-12-27T00:00:00+00:00
[2022-12-27T11:26:08.801+0000] {logging_mixin.py:137} INFO - [2022-12-27T11:26:08.801+0000] {dag.py:3427} INFO - Setting next_dagrun for example_branch_datetime_operator_3 to 2022-12-26T00:00:00+00:00, run_after=2022-12-27T00:00:00+00:00
[2022-12-27T11:26:08.946+0000] {processor.py:175} INFO - Processing /home/airflow/.local/lib/python3.7/site-packages/airflow/example_dags/example_branch_datetime_operator.py took 0.272 seconds
[2022-12-27T11:26:39.028+0000] {processor.py:153} INFO - Started process (PID=598) to work on /home/airflow/.local/lib/python3.7/site-packages/airflow/example_dags/example_branch_datetime_operator.py
[2022-12-27T11:26:39.029+0000] {processor.py:743} INFO - Processing file /home/airflow/.local/lib/python3.7/site-packages/airflow/example_dags/example_branch_datetime_operator.py for tasks to queue
[2022-12-27T11:26:39.030+0000] {logging_mixin.py:137} INFO - [2022-12-27T11:26:39.030+0000] {dagbag.py:538} INFO - Filling up the DagBag from /home/airflow/.local/lib/python3.7/site-packages/airflow/example_dags/example_branch_datetime_operator.py
[2022-12-27T11:26:39.055+0000] {processor.py:753} INFO - DAG(s) dict_keys(['example_branch_datetime_operator_3', 'example_branch_datetime_operator', 'example_branch_datetime_operator_2']) retrieved from /home/airflow/.local/lib/python3.7/site-packages/airflow/example_dags/example_branch_datetime_operator.py
[2022-12-27T11:26:39.118+0000] {logging_mixin.py:137} INFO - [2022-12-27T11:26:39.118+0000] {dag.py:2676} INFO - Sync 3 DAGs
[2022-12-27T11:26:39.155+0000] {logging_mixin.py:137} INFO - [2022-12-27T11:26:39.154+0000] {dag.py:3427} INFO - Setting next_dagrun for example_branch_datetime_operator to 2022-12-26T00:00:00+00:00, run_after=2022-12-27T00:00:00+00:00
[2022-12-27T11:26:39.160+0000] {logging_mixin.py:137} INFO - [2022-12-27T11:26:39.160+0000] {dag.py:3427} INFO - Setting next_dagrun for example_branch_datetime_operator_2 to 2022-12-26T00:00:00+00:00, run_after=2022-12-27T00:00:00+00:00
[2022-12-27T11:26:39.163+0000] {logging_mixin.py:137} INFO - [2022-12-27T11:26:39.163+0000] {dag.py:3427} INFO - Setting next_dagrun for example_branch_datetime_operator_3 to 2022-12-26T00:00:00+00:00, run_after=2022-12-27T00:00:00+00:00
[2022-12-27T11:26:39.356+0000] {processor.py:175} INFO - Processing /home/airflow/.local/lib/python3.7/site-packages/airflow/example_dags/example_branch_datetime_operator.py took 0.334 seconds
[2022-12-27T11:27:09.525+0000] {processor.py:153} INFO - Started process (PID=668) to work on /home/airflow/.local/lib/python3.7/site-packages/airflow/example_dags/example_branch_datetime_operator.py
[2022-12-27T11:27:09.526+0000] {processor.py:743} INFO - Processing file /home/airflow/.local/lib/python3.7/site-packages/airflow/example_dags/example_branch_datetime_operator.py for tasks to queue
[2022-12-27T11:27:09.527+0000] {logging_mixin.py:137} INFO - [2022-12-27T11:27:09.527+0000] {dagbag.py:538} INFO - Filling up the DagBag from /home/airflow/.local/lib/python3.7/site-packages/airflow/example_dags/example_branch_datetime_operator.py
[2022-12-27T11:27:09.553+0000] {processor.py:753} INFO - DAG(s) dict_keys(['example_branch_datetime_operator_3', 'example_branch_datetime_operator', 'example_branch_datetime_operator_2']) retrieved from /home/airflow/.local/lib/python3.7/site-packages/airflow/example_dags/example_branch_datetime_operator.py
[2022-12-27T11:27:09.620+0000] {logging_mixin.py:137} INFO - [2022-12-27T11:27:09.620+0000] {dag.py:2676} INFO - Sync 3 DAGs
[2022-12-27T11:27:09.661+0000] {logging_mixin.py:137} INFO - [2022-12-27T11:27:09.660+0000] {dag.py:3427} INFO - Setting next_dagrun for example_branch_datetime_operator to 2022-12-26T00:00:00+00:00, run_after=2022-12-27T00:00:00+00:00
[2022-12-27T11:27:09.674+0000] {logging_mixin.py:137} INFO - [2022-12-27T11:27:09.674+0000] {dag.py:3427} INFO - Setting next_dagrun for example_branch_datetime_operator_2 to 2022-12-26T00:00:00+00:00, run_after=2022-12-27T00:00:00+00:00
[2022-12-27T11:27:09.681+0000] {logging_mixin.py:137} INFO - [2022-12-27T11:27:09.681+0000] {dag.py:3427} INFO - Setting next_dagrun for example_branch_datetime_operator_3 to 2022-12-26T00:00:00+00:00, run_after=2022-12-27T00:00:00+00:00
[2022-12-27T11:27:09.756+0000] {processor.py:175} INFO - Processing /home/airflow/.local/lib/python3.7/site-packages/airflow/example_dags/example_branch_datetime_operator.py took 0.235 seconds
[2022-12-27T11:27:39.880+0000] {processor.py:153} INFO - Started process (PID=732) to work on /home/airflow/.local/lib/python3.7/site-packages/airflow/example_dags/example_branch_datetime_operator.py
[2022-12-27T11:27:39.883+0000] {processor.py:743} INFO - Processing file /home/airflow/.local/lib/python3.7/site-packages/airflow/example_dags/example_branch_datetime_operator.py for tasks to queue
[2022-12-27T11:27:39.885+0000] {logging_mixin.py:137} INFO - [2022-12-27T11:27:39.885+0000] {dagbag.py:538} INFO - Filling up the DagBag from /home/airflow/.local/lib/python3.7/site-packages/airflow/example_dags/example_branch_datetime_operator.py
[2022-12-27T11:27:39.933+0000] {processor.py:753} INFO - DAG(s) dict_keys(['example_branch_datetime_operator_3', 'example_branch_datetime_operator_2', 'example_branch_datetime_operator']) retrieved from /home/airflow/.local/lib/python3.7/site-packages/airflow/example_dags/example_branch_datetime_operator.py
[2022-12-27T11:27:40.036+0000] {logging_mixin.py:137} INFO - [2022-12-27T11:27:40.036+0000] {dag.py:2676} INFO - Sync 3 DAGs
[2022-12-27T11:27:40.107+0000] {logging_mixin.py:137} INFO - [2022-12-27T11:27:40.107+0000] {dag.py:3427} INFO - Setting next_dagrun for example_branch_datetime_operator to 2022-12-26T00:00:00+00:00, run_after=2022-12-27T00:00:00+00:00
[2022-12-27T11:27:40.117+0000] {logging_mixin.py:137} INFO - [2022-12-27T11:27:40.117+0000] {dag.py:3427} INFO - Setting next_dagrun for example_branch_datetime_operator_2 to 2022-12-26T00:00:00+00:00, run_after=2022-12-27T00:00:00+00:00
[2022-12-27T11:27:40.123+0000] {logging_mixin.py:137} INFO - [2022-12-27T11:27:40.123+0000] {dag.py:3427} INFO - Setting next_dagrun for example_branch_datetime_operator_3 to 2022-12-26T00:00:00+00:00, run_after=2022-12-27T00:00:00+00:00
[2022-12-27T11:27:40.348+0000] {processor.py:175} INFO - Processing /home/airflow/.local/lib/python3.7/site-packages/airflow/example_dags/example_branch_datetime_operator.py took 0.476 seconds
[2022-12-27T11:28:11.080+0000] {processor.py:153} INFO - Started process (PID=794) to work on /home/airflow/.local/lib/python3.7/site-packages/airflow/example_dags/example_branch_datetime_operator.py
[2022-12-27T11:28:11.081+0000] {processor.py:743} INFO - Processing file /home/airflow/.local/lib/python3.7/site-packages/airflow/example_dags/example_branch_datetime_operator.py for tasks to queue
[2022-12-27T11:28:11.082+0000] {logging_mixin.py:137} INFO - [2022-12-27T11:28:11.082+0000] {dagbag.py:538} INFO - Filling up the DagBag from /home/airflow/.local/lib/python3.7/site-packages/airflow/example_dags/example_branch_datetime_operator.py
[2022-12-27T11:28:11.109+0000] {processor.py:753} INFO - DAG(s) dict_keys(['example_branch_datetime_operator_2', 'example_branch_datetime_operator', 'example_branch_datetime_operator_3']) retrieved from /home/airflow/.local/lib/python3.7/site-packages/airflow/example_dags/example_branch_datetime_operator.py
[2022-12-27T11:28:11.170+0000] {logging_mixin.py:137} INFO - [2022-12-27T11:28:11.170+0000] {dag.py:2676} INFO - Sync 3 DAGs
[2022-12-27T11:28:11.211+0000] {logging_mixin.py:137} INFO - [2022-12-27T11:28:11.210+0000] {dag.py:3427} INFO - Setting next_dagrun for example_branch_datetime_operator to 2022-12-26T00:00:00+00:00, run_after=2022-12-27T00:00:00+00:00
[2022-12-27T11:28:11.223+0000] {logging_mixin.py:137} INFO - [2022-12-27T11:28:11.218+0000] {dag.py:3427} INFO - Setting next_dagrun for example_branch_datetime_operator_2 to 2022-12-26T00:00:00+00:00, run_after=2022-12-27T00:00:00+00:00
[2022-12-27T11:28:11.227+0000] {logging_mixin.py:137} INFO - [2022-12-27T11:28:11.227+0000] {dag.py:3427} INFO - Setting next_dagrun for example_branch_datetime_operator_3 to 2022-12-26T00:00:00+00:00, run_after=2022-12-27T00:00:00+00:00
[2022-12-27T11:28:11.287+0000] {processor.py:175} INFO - Processing /home/airflow/.local/lib/python3.7/site-packages/airflow/example_dags/example_branch_datetime_operator.py took 0.212 seconds
[2022-12-27T11:28:41.422+0000] {processor.py:153} INFO - Started process (PID=856) to work on /home/airflow/.local/lib/python3.7/site-packages/airflow/example_dags/example_branch_datetime_operator.py
[2022-12-27T11:28:41.424+0000] {processor.py:743} INFO - Processing file /home/airflow/.local/lib/python3.7/site-packages/airflow/example_dags/example_branch_datetime_operator.py for tasks to queue
[2022-12-27T11:28:41.426+0000] {logging_mixin.py:137} INFO - [2022-12-27T11:28:41.426+0000] {dagbag.py:538} INFO - Filling up the DagBag from /home/airflow/.local/lib/python3.7/site-packages/airflow/example_dags/example_branch_datetime_operator.py
[2022-12-27T11:28:41.471+0000] {processor.py:753} INFO - DAG(s) dict_keys(['example_branch_datetime_operator_3', 'example_branch_datetime_operator_2', 'example_branch_datetime_operator']) retrieved from /home/airflow/.local/lib/python3.7/site-packages/airflow/example_dags/example_branch_datetime_operator.py
[2022-12-27T11:28:41.599+0000] {logging_mixin.py:137} INFO - [2022-12-27T11:28:41.599+0000] {dag.py:2676} INFO - Sync 3 DAGs
[2022-12-27T11:28:41.687+0000] {logging_mixin.py:137} INFO - [2022-12-27T11:28:41.687+0000] {dag.py:3427} INFO - Setting next_dagrun for example_branch_datetime_operator to 2022-12-26T00:00:00+00:00, run_after=2022-12-27T00:00:00+00:00
[2022-12-27T11:28:41.702+0000] {logging_mixin.py:137} INFO - [2022-12-27T11:28:41.702+0000] {dag.py:3427} INFO - Setting next_dagrun for example_branch_datetime_operator_2 to 2022-12-26T00:00:00+00:00, run_after=2022-12-27T00:00:00+00:00
[2022-12-27T11:28:41.711+0000] {logging_mixin.py:137} INFO - [2022-12-27T11:28:41.711+0000] {dag.py:3427} INFO - Setting next_dagrun for example_branch_datetime_operator_3 to 2022-12-26T00:00:00+00:00, run_after=2022-12-27T00:00:00+00:00
[2022-12-27T11:28:41.794+0000] {processor.py:175} INFO - Processing /home/airflow/.local/lib/python3.7/site-packages/airflow/example_dags/example_branch_datetime_operator.py took 0.382 seconds
[2022-12-27T11:29:12.377+0000] {processor.py:153} INFO - Started process (PID=931) to work on /home/airflow/.local/lib/python3.7/site-packages/airflow/example_dags/example_branch_datetime_operator.py
[2022-12-27T11:29:12.379+0000] {processor.py:743} INFO - Processing file /home/airflow/.local/lib/python3.7/site-packages/airflow/example_dags/example_branch_datetime_operator.py for tasks to queue
[2022-12-27T11:29:12.379+0000] {logging_mixin.py:137} INFO - [2022-12-27T11:29:12.379+0000] {dagbag.py:538} INFO - Filling up the DagBag from /home/airflow/.local/lib/python3.7/site-packages/airflow/example_dags/example_branch_datetime_operator.py
[2022-12-27T11:29:12.399+0000] {processor.py:753} INFO - DAG(s) dict_keys(['example_branch_datetime_operator_2', 'example_branch_datetime_operator_3', 'example_branch_datetime_operator']) retrieved from /home/airflow/.local/lib/python3.7/site-packages/airflow/example_dags/example_branch_datetime_operator.py
[2022-12-27T11:29:12.447+0000] {logging_mixin.py:137} INFO - [2022-12-27T11:29:12.447+0000] {dag.py:2676} INFO - Sync 3 DAGs
[2022-12-27T11:29:12.479+0000] {logging_mixin.py:137} INFO - [2022-12-27T11:29:12.479+0000] {dag.py:3427} INFO - Setting next_dagrun for example_branch_datetime_operator to 2022-12-26T00:00:00+00:00, run_after=2022-12-27T00:00:00+00:00
[2022-12-27T11:29:12.484+0000] {logging_mixin.py:137} INFO - [2022-12-27T11:29:12.484+0000] {dag.py:3427} INFO - Setting next_dagrun for example_branch_datetime_operator_2 to 2022-12-26T00:00:00+00:00, run_after=2022-12-27T00:00:00+00:00
[2022-12-27T11:29:12.486+0000] {logging_mixin.py:137} INFO - [2022-12-27T11:29:12.486+0000] {dag.py:3427} INFO - Setting next_dagrun for example_branch_datetime_operator_3 to 2022-12-26T00:00:00+00:00, run_after=2022-12-27T00:00:00+00:00
[2022-12-27T11:29:12.546+0000] {processor.py:175} INFO - Processing /home/airflow/.local/lib/python3.7/site-packages/airflow/example_dags/example_branch_datetime_operator.py took 0.173 seconds
[2022-12-27T11:29:42.924+0000] {processor.py:153} INFO - Started process (PID=993) to work on /home/airflow/.local/lib/python3.7/site-packages/airflow/example_dags/example_branch_datetime_operator.py
[2022-12-27T11:29:42.926+0000] {processor.py:743} INFO - Processing file /home/airflow/.local/lib/python3.7/site-packages/airflow/example_dags/example_branch_datetime_operator.py for tasks to queue
[2022-12-27T11:29:42.928+0000] {logging_mixin.py:137} INFO - [2022-12-27T11:29:42.928+0000] {dagbag.py:538} INFO - Filling up the DagBag from /home/airflow/.local/lib/python3.7/site-packages/airflow/example_dags/example_branch_datetime_operator.py
[2022-12-27T11:29:42.977+0000] {processor.py:753} INFO - DAG(s) dict_keys(['example_branch_datetime_operator', 'example_branch_datetime_operator_2', 'example_branch_datetime_operator_3']) retrieved from /home/airflow/.local/lib/python3.7/site-packages/airflow/example_dags/example_branch_datetime_operator.py
[2022-12-27T11:29:43.102+0000] {logging_mixin.py:137} INFO - [2022-12-27T11:29:43.101+0000] {dag.py:2676} INFO - Sync 3 DAGs
[2022-12-27T11:29:43.175+0000] {logging_mixin.py:137} INFO - [2022-12-27T11:29:43.175+0000] {dag.py:3427} INFO - Setting next_dagrun for example_branch_datetime_operator to 2022-12-26T00:00:00+00:00, run_after=2022-12-27T00:00:00+00:00
[2022-12-27T11:29:43.186+0000] {logging_mixin.py:137} INFO - [2022-12-27T11:29:43.186+0000] {dag.py:3427} INFO - Setting next_dagrun for example_branch_datetime_operator_2 to 2022-12-26T00:00:00+00:00, run_after=2022-12-27T00:00:00+00:00
[2022-12-27T11:29:43.192+0000] {logging_mixin.py:137} INFO - [2022-12-27T11:29:43.191+0000] {dag.py:3427} INFO - Setting next_dagrun for example_branch_datetime_operator_3 to 2022-12-26T00:00:00+00:00, run_after=2022-12-27T00:00:00+00:00
[2022-12-27T11:29:43.332+0000] {processor.py:175} INFO - Processing /home/airflow/.local/lib/python3.7/site-packages/airflow/example_dags/example_branch_datetime_operator.py took 0.417 seconds
[2022-12-27T11:30:13.869+0000] {processor.py:153} INFO - Started process (PID=1055) to work on /home/airflow/.local/lib/python3.7/site-packages/airflow/example_dags/example_branch_datetime_operator.py
[2022-12-27T11:30:13.870+0000] {processor.py:743} INFO - Processing file /home/airflow/.local/lib/python3.7/site-packages/airflow/example_dags/example_branch_datetime_operator.py for tasks to queue
[2022-12-27T11:30:13.871+0000] {logging_mixin.py:137} INFO - [2022-12-27T11:30:13.871+0000] {dagbag.py:538} INFO - Filling up the DagBag from /home/airflow/.local/lib/python3.7/site-packages/airflow/example_dags/example_branch_datetime_operator.py
[2022-12-27T11:30:13.892+0000] {processor.py:753} INFO - DAG(s) dict_keys(['example_branch_datetime_operator', 'example_branch_datetime_operator_2', 'example_branch_datetime_operator_3']) retrieved from /home/airflow/.local/lib/python3.7/site-packages/airflow/example_dags/example_branch_datetime_operator.py
[2022-12-27T11:30:13.957+0000] {logging_mixin.py:137} INFO - [2022-12-27T11:30:13.957+0000] {dag.py:2676} INFO - Sync 3 DAGs
[2022-12-27T11:30:13.998+0000] {logging_mixin.py:137} INFO - [2022-12-27T11:30:13.998+0000] {dag.py:3427} INFO - Setting next_dagrun for example_branch_datetime_operator to 2022-12-26T00:00:00+00:00, run_after=2022-12-27T00:00:00+00:00
[2022-12-27T11:30:14.004+0000] {logging_mixin.py:137} INFO - [2022-12-27T11:30:14.004+0000] {dag.py:3427} INFO - Setting next_dagrun for example_branch_datetime_operator_2 to 2022-12-26T00:00:00+00:00, run_after=2022-12-27T00:00:00+00:00
[2022-12-27T11:30:14.007+0000] {logging_mixin.py:137} INFO - [2022-12-27T11:30:14.007+0000] {dag.py:3427} INFO - Setting next_dagrun for example_branch_datetime_operator_3 to 2022-12-26T00:00:00+00:00, run_after=2022-12-27T00:00:00+00:00
[2022-12-27T11:30:14.209+0000] {processor.py:175} INFO - Processing /home/airflow/.local/lib/python3.7/site-packages/airflow/example_dags/example_branch_datetime_operator.py took 0.349 seconds
[2022-12-27T11:30:44.841+0000] {processor.py:153} INFO - Started process (PID=1129) to work on /home/airflow/.local/lib/python3.7/site-packages/airflow/example_dags/example_branch_datetime_operator.py
[2022-12-27T11:30:44.842+0000] {processor.py:743} INFO - Processing file /home/airflow/.local/lib/python3.7/site-packages/airflow/example_dags/example_branch_datetime_operator.py for tasks to queue
[2022-12-27T11:30:44.843+0000] {logging_mixin.py:137} INFO - [2022-12-27T11:30:44.843+0000] {dagbag.py:538} INFO - Filling up the DagBag from /home/airflow/.local/lib/python3.7/site-packages/airflow/example_dags/example_branch_datetime_operator.py
[2022-12-27T11:30:44.874+0000] {processor.py:753} INFO - DAG(s) dict_keys(['example_branch_datetime_operator_2', 'example_branch_datetime_operator', 'example_branch_datetime_operator_3']) retrieved from /home/airflow/.local/lib/python3.7/site-packages/airflow/example_dags/example_branch_datetime_operator.py
[2022-12-27T11:30:44.925+0000] {logging_mixin.py:137} INFO - [2022-12-27T11:30:44.925+0000] {dag.py:2676} INFO - Sync 3 DAGs
[2022-12-27T11:30:44.955+0000] {logging_mixin.py:137} INFO - [2022-12-27T11:30:44.955+0000] {dag.py:3427} INFO - Setting next_dagrun for example_branch_datetime_operator to 2022-12-26T00:00:00+00:00, run_after=2022-12-27T00:00:00+00:00
[2022-12-27T11:30:44.960+0000] {logging_mixin.py:137} INFO - [2022-12-27T11:30:44.960+0000] {dag.py:3427} INFO - Setting next_dagrun for example_branch_datetime_operator_2 to 2022-12-26T00:00:00+00:00, run_after=2022-12-27T00:00:00+00:00
[2022-12-27T11:30:44.963+0000] {logging_mixin.py:137} INFO - [2022-12-27T11:30:44.963+0000] {dag.py:3427} INFO - Setting next_dagrun for example_branch_datetime_operator_3 to 2022-12-26T00:00:00+00:00, run_after=2022-12-27T00:00:00+00:00
[2022-12-27T11:30:45.358+0000] {processor.py:175} INFO - Processing /home/airflow/.local/lib/python3.7/site-packages/airflow/example_dags/example_branch_datetime_operator.py took 0.524 seconds
[2022-12-27T11:31:15.547+0000] {processor.py:153} INFO - Started process (PID=1193) to work on /home/airflow/.local/lib/python3.7/site-packages/airflow/example_dags/example_branch_datetime_operator.py
[2022-12-27T11:31:15.549+0000] {processor.py:743} INFO - Processing file /home/airflow/.local/lib/python3.7/site-packages/airflow/example_dags/example_branch_datetime_operator.py for tasks to queue
[2022-12-27T11:31:15.550+0000] {logging_mixin.py:137} INFO - [2022-12-27T11:31:15.549+0000] {dagbag.py:538} INFO - Filling up the DagBag from /home/airflow/.local/lib/python3.7/site-packages/airflow/example_dags/example_branch_datetime_operator.py
[2022-12-27T11:31:15.574+0000] {processor.py:753} INFO - DAG(s) dict_keys(['example_branch_datetime_operator_3', 'example_branch_datetime_operator', 'example_branch_datetime_operator_2']) retrieved from /home/airflow/.local/lib/python3.7/site-packages/airflow/example_dags/example_branch_datetime_operator.py
[2022-12-27T11:31:15.636+0000] {logging_mixin.py:137} INFO - [2022-12-27T11:31:15.636+0000] {dag.py:2676} INFO - Sync 3 DAGs
[2022-12-27T11:31:15.673+0000] {logging_mixin.py:137} INFO - [2022-12-27T11:31:15.673+0000] {dag.py:3427} INFO - Setting next_dagrun for example_branch_datetime_operator to 2022-12-26T00:00:00+00:00, run_after=2022-12-27T00:00:00+00:00
[2022-12-27T11:31:15.679+0000] {logging_mixin.py:137} INFO - [2022-12-27T11:31:15.679+0000] {dag.py:3427} INFO - Setting next_dagrun for example_branch_datetime_operator_2 to 2022-12-26T00:00:00+00:00, run_after=2022-12-27T00:00:00+00:00
[2022-12-27T11:31:15.683+0000] {logging_mixin.py:137} INFO - [2022-12-27T11:31:15.683+0000] {dag.py:3427} INFO - Setting next_dagrun for example_branch_datetime_operator_3 to 2022-12-26T00:00:00+00:00, run_after=2022-12-27T00:00:00+00:00
[2022-12-27T11:31:15.728+0000] {processor.py:175} INFO - Processing /home/airflow/.local/lib/python3.7/site-packages/airflow/example_dags/example_branch_datetime_operator.py took 0.186 seconds
[2022-12-27T11:31:45.810+0000] {processor.py:153} INFO - Started process (PID=1266) to work on /home/airflow/.local/lib/python3.7/site-packages/airflow/example_dags/example_branch_datetime_operator.py
[2022-12-27T11:31:45.812+0000] {processor.py:743} INFO - Processing file /home/airflow/.local/lib/python3.7/site-packages/airflow/example_dags/example_branch_datetime_operator.py for tasks to queue
[2022-12-27T11:31:45.812+0000] {logging_mixin.py:137} INFO - [2022-12-27T11:31:45.812+0000] {dagbag.py:538} INFO - Filling up the DagBag from /home/airflow/.local/lib/python3.7/site-packages/airflow/example_dags/example_branch_datetime_operator.py
[2022-12-27T11:31:45.833+0000] {processor.py:753} INFO - DAG(s) dict_keys(['example_branch_datetime_operator_2', 'example_branch_datetime_operator_3', 'example_branch_datetime_operator']) retrieved from /home/airflow/.local/lib/python3.7/site-packages/airflow/example_dags/example_branch_datetime_operator.py
[2022-12-27T11:31:45.884+0000] {logging_mixin.py:137} INFO - [2022-12-27T11:31:45.884+0000] {dag.py:2676} INFO - Sync 3 DAGs
[2022-12-27T11:31:45.915+0000] {logging_mixin.py:137} INFO - [2022-12-27T11:31:45.914+0000] {dag.py:3427} INFO - Setting next_dagrun for example_branch_datetime_operator to 2022-12-26T00:00:00+00:00, run_after=2022-12-27T00:00:00+00:00
[2022-12-27T11:31:45.920+0000] {logging_mixin.py:137} INFO - [2022-12-27T11:31:45.920+0000] {dag.py:3427} INFO - Setting next_dagrun for example_branch_datetime_operator_2 to 2022-12-26T00:00:00+00:00, run_after=2022-12-27T00:00:00+00:00
[2022-12-27T11:31:45.922+0000] {logging_mixin.py:137} INFO - [2022-12-27T11:31:45.922+0000] {dag.py:3427} INFO - Setting next_dagrun for example_branch_datetime_operator_3 to 2022-12-26T00:00:00+00:00, run_after=2022-12-27T00:00:00+00:00
[2022-12-27T11:31:46.119+0000] {processor.py:175} INFO - Processing /home/airflow/.local/lib/python3.7/site-packages/airflow/example_dags/example_branch_datetime_operator.py took 0.313 seconds
[2022-12-27T11:32:16.796+0000] {processor.py:153} INFO - Started process (PID=1328) to work on /home/airflow/.local/lib/python3.7/site-packages/airflow/example_dags/example_branch_datetime_operator.py
[2022-12-27T11:32:16.797+0000] {processor.py:743} INFO - Processing file /home/airflow/.local/lib/python3.7/site-packages/airflow/example_dags/example_branch_datetime_operator.py for tasks to queue
[2022-12-27T11:32:16.798+0000] {logging_mixin.py:137} INFO - [2022-12-27T11:32:16.798+0000] {dagbag.py:538} INFO - Filling up the DagBag from /home/airflow/.local/lib/python3.7/site-packages/airflow/example_dags/example_branch_datetime_operator.py
[2022-12-27T11:32:16.825+0000] {processor.py:753} INFO - DAG(s) dict_keys(['example_branch_datetime_operator', 'example_branch_datetime_operator_3', 'example_branch_datetime_operator_2']) retrieved from /home/airflow/.local/lib/python3.7/site-packages/airflow/example_dags/example_branch_datetime_operator.py
[2022-12-27T11:32:16.877+0000] {logging_mixin.py:137} INFO - [2022-12-27T11:32:16.877+0000] {dag.py:2676} INFO - Sync 3 DAGs
[2022-12-27T11:32:16.909+0000] {logging_mixin.py:137} INFO - [2022-12-27T11:32:16.908+0000] {dag.py:3427} INFO - Setting next_dagrun for example_branch_datetime_operator to 2022-12-26T00:00:00+00:00, run_after=2022-12-27T00:00:00+00:00
[2022-12-27T11:32:16.914+0000] {logging_mixin.py:137} INFO - [2022-12-27T11:32:16.914+0000] {dag.py:3427} INFO - Setting next_dagrun for example_branch_datetime_operator_2 to 2022-12-26T00:00:00+00:00, run_after=2022-12-27T00:00:00+00:00
[2022-12-27T11:32:16.917+0000] {logging_mixin.py:137} INFO - [2022-12-27T11:32:16.916+0000] {dag.py:3427} INFO - Setting next_dagrun for example_branch_datetime_operator_3 to 2022-12-26T00:00:00+00:00, run_after=2022-12-27T00:00:00+00:00
[2022-12-27T11:32:16.983+0000] {processor.py:175} INFO - Processing /home/airflow/.local/lib/python3.7/site-packages/airflow/example_dags/example_branch_datetime_operator.py took 0.196 seconds
[2022-12-27T11:32:47.368+0000] {processor.py:153} INFO - Started process (PID=1391) to work on /home/airflow/.local/lib/python3.7/site-packages/airflow/example_dags/example_branch_datetime_operator.py
[2022-12-27T11:32:47.369+0000] {processor.py:743} INFO - Processing file /home/airflow/.local/lib/python3.7/site-packages/airflow/example_dags/example_branch_datetime_operator.py for tasks to queue
[2022-12-27T11:32:47.370+0000] {logging_mixin.py:137} INFO - [2022-12-27T11:32:47.370+0000] {dagbag.py:538} INFO - Filling up the DagBag from /home/airflow/.local/lib/python3.7/site-packages/airflow/example_dags/example_branch_datetime_operator.py
[2022-12-27T11:32:47.393+0000] {processor.py:753} INFO - DAG(s) dict_keys(['example_branch_datetime_operator', 'example_branch_datetime_operator_3', 'example_branch_datetime_operator_2']) retrieved from /home/airflow/.local/lib/python3.7/site-packages/airflow/example_dags/example_branch_datetime_operator.py
[2022-12-27T11:32:47.450+0000] {logging_mixin.py:137} INFO - [2022-12-27T11:32:47.450+0000] {dag.py:2676} INFO - Sync 3 DAGs
[2022-12-27T11:32:47.492+0000] {logging_mixin.py:137} INFO - [2022-12-27T11:32:47.492+0000] {dag.py:3427} INFO - Setting next_dagrun for example_branch_datetime_operator to 2022-12-26T00:00:00+00:00, run_after=2022-12-27T00:00:00+00:00
[2022-12-27T11:32:47.498+0000] {logging_mixin.py:137} INFO - [2022-12-27T11:32:47.497+0000] {dag.py:3427} INFO - Setting next_dagrun for example_branch_datetime_operator_2 to 2022-12-26T00:00:00+00:00, run_after=2022-12-27T00:00:00+00:00
[2022-12-27T11:32:47.501+0000] {logging_mixin.py:137} INFO - [2022-12-27T11:32:47.501+0000] {dag.py:3427} INFO - Setting next_dagrun for example_branch_datetime_operator_3 to 2022-12-26T00:00:00+00:00, run_after=2022-12-27T00:00:00+00:00
[2022-12-27T11:32:47.552+0000] {processor.py:175} INFO - Processing /home/airflow/.local/lib/python3.7/site-packages/airflow/example_dags/example_branch_datetime_operator.py took 0.189 seconds
[2022-12-27T11:33:18.121+0000] {processor.py:153} INFO - Started process (PID=1465) to work on /home/airflow/.local/lib/python3.7/site-packages/airflow/example_dags/example_branch_datetime_operator.py
[2022-12-27T11:33:18.123+0000] {processor.py:743} INFO - Processing file /home/airflow/.local/lib/python3.7/site-packages/airflow/example_dags/example_branch_datetime_operator.py for tasks to queue
[2022-12-27T11:33:18.124+0000] {logging_mixin.py:137} INFO - [2022-12-27T11:33:18.124+0000] {dagbag.py:538} INFO - Filling up the DagBag from /home/airflow/.local/lib/python3.7/site-packages/airflow/example_dags/example_branch_datetime_operator.py
[2022-12-27T11:33:18.166+0000] {processor.py:753} INFO - DAG(s) dict_keys(['example_branch_datetime_operator', 'example_branch_datetime_operator_2', 'example_branch_datetime_operator_3']) retrieved from /home/airflow/.local/lib/python3.7/site-packages/airflow/example_dags/example_branch_datetime_operator.py
[2022-12-27T11:33:18.268+0000] {logging_mixin.py:137} INFO - [2022-12-27T11:33:18.268+0000] {dag.py:2676} INFO - Sync 3 DAGs
[2022-12-27T11:33:18.331+0000] {logging_mixin.py:137} INFO - [2022-12-27T11:33:18.330+0000] {dag.py:3427} INFO - Setting next_dagrun for example_branch_datetime_operator to 2022-12-26T00:00:00+00:00, run_after=2022-12-27T00:00:00+00:00
[2022-12-27T11:33:18.341+0000] {logging_mixin.py:137} INFO - [2022-12-27T11:33:18.341+0000] {dag.py:3427} INFO - Setting next_dagrun for example_branch_datetime_operator_2 to 2022-12-26T00:00:00+00:00, run_after=2022-12-27T00:00:00+00:00
[2022-12-27T11:33:18.345+0000] {logging_mixin.py:137} INFO - [2022-12-27T11:33:18.345+0000] {dag.py:3427} INFO - Setting next_dagrun for example_branch_datetime_operator_3 to 2022-12-26T00:00:00+00:00, run_after=2022-12-27T00:00:00+00:00
[2022-12-27T11:33:18.409+0000] {processor.py:175} INFO - Processing /home/airflow/.local/lib/python3.7/site-packages/airflow/example_dags/example_branch_datetime_operator.py took 0.297 seconds
[2022-12-27T11:33:48.597+0000] {processor.py:153} INFO - Started process (PID=1528) to work on /home/airflow/.local/lib/python3.7/site-packages/airflow/example_dags/example_branch_datetime_operator.py
[2022-12-27T11:33:48.598+0000] {processor.py:743} INFO - Processing file /home/airflow/.local/lib/python3.7/site-packages/airflow/example_dags/example_branch_datetime_operator.py for tasks to queue
[2022-12-27T11:33:48.599+0000] {logging_mixin.py:137} INFO - [2022-12-27T11:33:48.599+0000] {dagbag.py:538} INFO - Filling up the DagBag from /home/airflow/.local/lib/python3.7/site-packages/airflow/example_dags/example_branch_datetime_operator.py
[2022-12-27T11:33:48.620+0000] {processor.py:753} INFO - DAG(s) dict_keys(['example_branch_datetime_operator_2', 'example_branch_datetime_operator', 'example_branch_datetime_operator_3']) retrieved from /home/airflow/.local/lib/python3.7/site-packages/airflow/example_dags/example_branch_datetime_operator.py
[2022-12-27T11:33:48.668+0000] {logging_mixin.py:137} INFO - [2022-12-27T11:33:48.668+0000] {dag.py:2676} INFO - Sync 3 DAGs
[2022-12-27T11:33:48.700+0000] {logging_mixin.py:137} INFO - [2022-12-27T11:33:48.700+0000] {dag.py:3427} INFO - Setting next_dagrun for example_branch_datetime_operator to 2022-12-26T00:00:00+00:00, run_after=2022-12-27T00:00:00+00:00
[2022-12-27T11:33:48.705+0000] {logging_mixin.py:137} INFO - [2022-12-27T11:33:48.705+0000] {dag.py:3427} INFO - Setting next_dagrun for example_branch_datetime_operator_2 to 2022-12-26T00:00:00+00:00, run_after=2022-12-27T00:00:00+00:00
[2022-12-27T11:33:48.708+0000] {logging_mixin.py:137} INFO - [2022-12-27T11:33:48.708+0000] {dag.py:3427} INFO - Setting next_dagrun for example_branch_datetime_operator_3 to 2022-12-26T00:00:00+00:00, run_after=2022-12-27T00:00:00+00:00
[2022-12-27T11:33:48.761+0000] {processor.py:175} INFO - Processing /home/airflow/.local/lib/python3.7/site-packages/airflow/example_dags/example_branch_datetime_operator.py took 0.168 seconds
[2022-12-27T11:34:18.851+0000] {processor.py:153} INFO - Started process (PID=1589) to work on /home/airflow/.local/lib/python3.7/site-packages/airflow/example_dags/example_branch_datetime_operator.py
[2022-12-27T11:34:18.852+0000] {processor.py:743} INFO - Processing file /home/airflow/.local/lib/python3.7/site-packages/airflow/example_dags/example_branch_datetime_operator.py for tasks to queue
[2022-12-27T11:34:18.853+0000] {logging_mixin.py:137} INFO - [2022-12-27T11:34:18.853+0000] {dagbag.py:538} INFO - Filling up the DagBag from /home/airflow/.local/lib/python3.7/site-packages/airflow/example_dags/example_branch_datetime_operator.py
[2022-12-27T11:34:18.878+0000] {processor.py:753} INFO - DAG(s) dict_keys(['example_branch_datetime_operator_3', 'example_branch_datetime_operator_2', 'example_branch_datetime_operator']) retrieved from /home/airflow/.local/lib/python3.7/site-packages/airflow/example_dags/example_branch_datetime_operator.py
[2022-12-27T11:34:18.943+0000] {logging_mixin.py:137} INFO - [2022-12-27T11:34:18.943+0000] {dag.py:2676} INFO - Sync 3 DAGs
[2022-12-27T11:34:18.984+0000] {logging_mixin.py:137} INFO - [2022-12-27T11:34:18.984+0000] {dag.py:3427} INFO - Setting next_dagrun for example_branch_datetime_operator to 2022-12-26T00:00:00+00:00, run_after=2022-12-27T00:00:00+00:00
[2022-12-27T11:34:18.990+0000] {logging_mixin.py:137} INFO - [2022-12-27T11:34:18.989+0000] {dag.py:3427} INFO - Setting next_dagrun for example_branch_datetime_operator_2 to 2022-12-26T00:00:00+00:00, run_after=2022-12-27T00:00:00+00:00
[2022-12-27T11:34:18.994+0000] {logging_mixin.py:137} INFO - [2022-12-27T11:34:18.994+0000] {dag.py:3427} INFO - Setting next_dagrun for example_branch_datetime_operator_3 to 2022-12-26T00:00:00+00:00, run_after=2022-12-27T00:00:00+00:00
[2022-12-27T11:34:19.051+0000] {processor.py:175} INFO - Processing /home/airflow/.local/lib/python3.7/site-packages/airflow/example_dags/example_branch_datetime_operator.py took 0.206 seconds
[2022-12-27T11:34:49.620+0000] {processor.py:153} INFO - Started process (PID=1663) to work on /home/airflow/.local/lib/python3.7/site-packages/airflow/example_dags/example_branch_datetime_operator.py
[2022-12-27T11:34:49.627+0000] {processor.py:743} INFO - Processing file /home/airflow/.local/lib/python3.7/site-packages/airflow/example_dags/example_branch_datetime_operator.py for tasks to queue
[2022-12-27T11:34:49.628+0000] {logging_mixin.py:137} INFO - [2022-12-27T11:34:49.628+0000] {dagbag.py:538} INFO - Filling up the DagBag from /home/airflow/.local/lib/python3.7/site-packages/airflow/example_dags/example_branch_datetime_operator.py
[2022-12-27T11:34:49.658+0000] {processor.py:753} INFO - DAG(s) dict_keys(['example_branch_datetime_operator_2', 'example_branch_datetime_operator', 'example_branch_datetime_operator_3']) retrieved from /home/airflow/.local/lib/python3.7/site-packages/airflow/example_dags/example_branch_datetime_operator.py
[2022-12-27T11:34:49.721+0000] {logging_mixin.py:137} INFO - [2022-12-27T11:34:49.721+0000] {dag.py:2676} INFO - Sync 3 DAGs
[2022-12-27T11:34:49.777+0000] {logging_mixin.py:137} INFO - [2022-12-27T11:34:49.777+0000] {dag.py:3427} INFO - Setting next_dagrun for example_branch_datetime_operator to 2022-12-26T00:00:00+00:00, run_after=2022-12-27T00:00:00+00:00
[2022-12-27T11:34:49.783+0000] {logging_mixin.py:137} INFO - [2022-12-27T11:34:49.783+0000] {dag.py:3427} INFO - Setting next_dagrun for example_branch_datetime_operator_2 to 2022-12-26T00:00:00+00:00, run_after=2022-12-27T00:00:00+00:00
[2022-12-27T11:34:49.787+0000] {logging_mixin.py:137} INFO - [2022-12-27T11:34:49.787+0000] {dag.py:3427} INFO - Setting next_dagrun for example_branch_datetime_operator_3 to 2022-12-26T00:00:00+00:00, run_after=2022-12-27T00:00:00+00:00
[2022-12-27T11:34:49.861+0000] {processor.py:175} INFO - Processing /home/airflow/.local/lib/python3.7/site-packages/airflow/example_dags/example_branch_datetime_operator.py took 0.246 seconds
[2022-12-27T11:35:20.123+0000] {processor.py:153} INFO - Started process (PID=1725) to work on /home/airflow/.local/lib/python3.7/site-packages/airflow/example_dags/example_branch_datetime_operator.py
[2022-12-27T11:35:20.125+0000] {processor.py:743} INFO - Processing file /home/airflow/.local/lib/python3.7/site-packages/airflow/example_dags/example_branch_datetime_operator.py for tasks to queue
[2022-12-27T11:35:20.127+0000] {logging_mixin.py:137} INFO - [2022-12-27T11:35:20.126+0000] {dagbag.py:538} INFO - Filling up the DagBag from /home/airflow/.local/lib/python3.7/site-packages/airflow/example_dags/example_branch_datetime_operator.py
[2022-12-27T11:35:20.166+0000] {processor.py:753} INFO - DAG(s) dict_keys(['example_branch_datetime_operator_2', 'example_branch_datetime_operator', 'example_branch_datetime_operator_3']) retrieved from /home/airflow/.local/lib/python3.7/site-packages/airflow/example_dags/example_branch_datetime_operator.py
[2022-12-27T11:35:20.270+0000] {logging_mixin.py:137} INFO - [2022-12-27T11:35:20.270+0000] {dag.py:2676} INFO - Sync 3 DAGs
[2022-12-27T11:35:20.341+0000] {logging_mixin.py:137} INFO - [2022-12-27T11:35:20.340+0000] {dag.py:3427} INFO - Setting next_dagrun for example_branch_datetime_operator to 2022-12-26T00:00:00+00:00, run_after=2022-12-27T00:00:00+00:00
[2022-12-27T11:35:20.351+0000] {logging_mixin.py:137} INFO - [2022-12-27T11:35:20.350+0000] {dag.py:3427} INFO - Setting next_dagrun for example_branch_datetime_operator_2 to 2022-12-26T00:00:00+00:00, run_after=2022-12-27T00:00:00+00:00
[2022-12-27T11:35:20.359+0000] {logging_mixin.py:137} INFO - [2022-12-27T11:35:20.359+0000] {dag.py:3427} INFO - Setting next_dagrun for example_branch_datetime_operator_3 to 2022-12-26T00:00:00+00:00, run_after=2022-12-27T00:00:00+00:00
[2022-12-27T11:35:20.424+0000] {processor.py:175} INFO - Processing /home/airflow/.local/lib/python3.7/site-packages/airflow/example_dags/example_branch_datetime_operator.py took 0.310 seconds
[2022-12-27T11:35:50.595+0000] {processor.py:153} INFO - Started process (PID=1788) to work on /home/airflow/.local/lib/python3.7/site-packages/airflow/example_dags/example_branch_datetime_operator.py
[2022-12-27T11:35:50.597+0000] {processor.py:743} INFO - Processing file /home/airflow/.local/lib/python3.7/site-packages/airflow/example_dags/example_branch_datetime_operator.py for tasks to queue
[2022-12-27T11:35:50.600+0000] {logging_mixin.py:137} INFO - [2022-12-27T11:35:50.599+0000] {dagbag.py:538} INFO - Filling up the DagBag from /home/airflow/.local/lib/python3.7/site-packages/airflow/example_dags/example_branch_datetime_operator.py
[2022-12-27T11:35:50.658+0000] {processor.py:753} INFO - DAG(s) dict_keys(['example_branch_datetime_operator_3', 'example_branch_datetime_operator', 'example_branch_datetime_operator_2']) retrieved from /home/airflow/.local/lib/python3.7/site-packages/airflow/example_dags/example_branch_datetime_operator.py
[2022-12-27T11:35:50.769+0000] {logging_mixin.py:137} INFO - [2022-12-27T11:35:50.769+0000] {dag.py:2676} INFO - Sync 3 DAGs
[2022-12-27T11:35:50.833+0000] {logging_mixin.py:137} INFO - [2022-12-27T11:35:50.832+0000] {dag.py:3427} INFO - Setting next_dagrun for example_branch_datetime_operator to 2022-12-26T00:00:00+00:00, run_after=2022-12-27T00:00:00+00:00
[2022-12-27T11:35:50.842+0000] {logging_mixin.py:137} INFO - [2022-12-27T11:35:50.842+0000] {dag.py:3427} INFO - Setting next_dagrun for example_branch_datetime_operator_2 to 2022-12-26T00:00:00+00:00, run_after=2022-12-27T00:00:00+00:00
[2022-12-27T11:35:50.848+0000] {logging_mixin.py:137} INFO - [2022-12-27T11:35:50.848+0000] {dag.py:3427} INFO - Setting next_dagrun for example_branch_datetime_operator_3 to 2022-12-26T00:00:00+00:00, run_after=2022-12-27T00:00:00+00:00
[2022-12-27T11:35:50.927+0000] {processor.py:175} INFO - Processing /home/airflow/.local/lib/python3.7/site-packages/airflow/example_dags/example_branch_datetime_operator.py took 0.342 seconds
[2022-12-27T11:36:21.724+0000] {processor.py:153} INFO - Started process (PID=1851) to work on /home/airflow/.local/lib/python3.7/site-packages/airflow/example_dags/example_branch_datetime_operator.py
[2022-12-27T11:36:21.726+0000] {processor.py:743} INFO - Processing file /home/airflow/.local/lib/python3.7/site-packages/airflow/example_dags/example_branch_datetime_operator.py for tasks to queue
[2022-12-27T11:36:21.728+0000] {logging_mixin.py:137} INFO - [2022-12-27T11:36:21.727+0000] {dagbag.py:538} INFO - Filling up the DagBag from /home/airflow/.local/lib/python3.7/site-packages/airflow/example_dags/example_branch_datetime_operator.py
[2022-12-27T11:36:21.747+0000] {processor.py:753} INFO - DAG(s) dict_keys(['example_branch_datetime_operator', 'example_branch_datetime_operator_2', 'example_branch_datetime_operator_3']) retrieved from /home/airflow/.local/lib/python3.7/site-packages/airflow/example_dags/example_branch_datetime_operator.py
[2022-12-27T11:36:21.796+0000] {logging_mixin.py:137} INFO - [2022-12-27T11:36:21.796+0000] {dag.py:2676} INFO - Sync 3 DAGs
[2022-12-27T11:36:21.832+0000] {logging_mixin.py:137} INFO - [2022-12-27T11:36:21.832+0000] {dag.py:3427} INFO - Setting next_dagrun for example_branch_datetime_operator to 2022-12-26T00:00:00+00:00, run_after=2022-12-27T00:00:00+00:00
[2022-12-27T11:36:21.837+0000] {logging_mixin.py:137} INFO - [2022-12-27T11:36:21.837+0000] {dag.py:3427} INFO - Setting next_dagrun for example_branch_datetime_operator_2 to 2022-12-26T00:00:00+00:00, run_after=2022-12-27T00:00:00+00:00
[2022-12-27T11:36:21.839+0000] {logging_mixin.py:137} INFO - [2022-12-27T11:36:21.839+0000] {dag.py:3427} INFO - Setting next_dagrun for example_branch_datetime_operator_3 to 2022-12-26T00:00:00+00:00, run_after=2022-12-27T00:00:00+00:00
[2022-12-27T11:36:21.894+0000] {processor.py:175} INFO - Processing /home/airflow/.local/lib/python3.7/site-packages/airflow/example_dags/example_branch_datetime_operator.py took 0.178 seconds
[2022-12-27T11:36:52.399+0000] {processor.py:153} INFO - Started process (PID=1926) to work on /home/airflow/.local/lib/python3.7/site-packages/airflow/example_dags/example_branch_datetime_operator.py
[2022-12-27T11:36:52.402+0000] {processor.py:743} INFO - Processing file /home/airflow/.local/lib/python3.7/site-packages/airflow/example_dags/example_branch_datetime_operator.py for tasks to queue
[2022-12-27T11:36:52.404+0000] {logging_mixin.py:137} INFO - [2022-12-27T11:36:52.404+0000] {dagbag.py:538} INFO - Filling up the DagBag from /home/airflow/.local/lib/python3.7/site-packages/airflow/example_dags/example_branch_datetime_operator.py
[2022-12-27T11:36:52.449+0000] {processor.py:753} INFO - DAG(s) dict_keys(['example_branch_datetime_operator_3', 'example_branch_datetime_operator_2', 'example_branch_datetime_operator']) retrieved from /home/airflow/.local/lib/python3.7/site-packages/airflow/example_dags/example_branch_datetime_operator.py
[2022-12-27T11:36:52.548+0000] {logging_mixin.py:137} INFO - [2022-12-27T11:36:52.548+0000] {dag.py:2676} INFO - Sync 3 DAGs
[2022-12-27T11:36:52.609+0000] {logging_mixin.py:137} INFO - [2022-12-27T11:36:52.609+0000] {dag.py:3427} INFO - Setting next_dagrun for example_branch_datetime_operator to 2022-12-26T00:00:00+00:00, run_after=2022-12-27T00:00:00+00:00
[2022-12-27T11:36:52.620+0000] {logging_mixin.py:137} INFO - [2022-12-27T11:36:52.619+0000] {dag.py:3427} INFO - Setting next_dagrun for example_branch_datetime_operator_2 to 2022-12-26T00:00:00+00:00, run_after=2022-12-27T00:00:00+00:00
[2022-12-27T11:36:52.625+0000] {logging_mixin.py:137} INFO - [2022-12-27T11:36:52.625+0000] {dag.py:3427} INFO - Setting next_dagrun for example_branch_datetime_operator_3 to 2022-12-26T00:00:00+00:00, run_after=2022-12-27T00:00:00+00:00
[2022-12-27T11:36:52.699+0000] {processor.py:175} INFO - Processing /home/airflow/.local/lib/python3.7/site-packages/airflow/example_dags/example_branch_datetime_operator.py took 0.309 seconds
[2022-12-27T11:37:22.893+0000] {processor.py:153} INFO - Started process (PID=1988) to work on /home/airflow/.local/lib/python3.7/site-packages/airflow/example_dags/example_branch_datetime_operator.py
[2022-12-27T11:37:22.894+0000] {processor.py:743} INFO - Processing file /home/airflow/.local/lib/python3.7/site-packages/airflow/example_dags/example_branch_datetime_operator.py for tasks to queue
[2022-12-27T11:37:22.895+0000] {logging_mixin.py:137} INFO - [2022-12-27T11:37:22.894+0000] {dagbag.py:538} INFO - Filling up the DagBag from /home/airflow/.local/lib/python3.7/site-packages/airflow/example_dags/example_branch_datetime_operator.py
[2022-12-27T11:37:22.934+0000] {processor.py:753} INFO - DAG(s) dict_keys(['example_branch_datetime_operator_3', 'example_branch_datetime_operator_2', 'example_branch_datetime_operator']) retrieved from /home/airflow/.local/lib/python3.7/site-packages/airflow/example_dags/example_branch_datetime_operator.py
[2022-12-27T11:37:23.033+0000] {logging_mixin.py:137} INFO - [2022-12-27T11:37:23.033+0000] {dag.py:2676} INFO - Sync 3 DAGs
[2022-12-27T11:37:23.095+0000] {logging_mixin.py:137} INFO - [2022-12-27T11:37:23.095+0000] {dag.py:3427} INFO - Setting next_dagrun for example_branch_datetime_operator to 2022-12-26T00:00:00+00:00, run_after=2022-12-27T00:00:00+00:00
[2022-12-27T11:37:23.106+0000] {logging_mixin.py:137} INFO - [2022-12-27T11:37:23.105+0000] {dag.py:3427} INFO - Setting next_dagrun for example_branch_datetime_operator_2 to 2022-12-26T00:00:00+00:00, run_after=2022-12-27T00:00:00+00:00
[2022-12-27T11:37:23.111+0000] {logging_mixin.py:137} INFO - [2022-12-27T11:37:23.111+0000] {dag.py:3427} INFO - Setting next_dagrun for example_branch_datetime_operator_3 to 2022-12-26T00:00:00+00:00, run_after=2022-12-27T00:00:00+00:00
[2022-12-27T11:37:23.210+0000] {processor.py:175} INFO - Processing /home/airflow/.local/lib/python3.7/site-packages/airflow/example_dags/example_branch_datetime_operator.py took 0.321 seconds
[2022-12-27T11:37:53.361+0000] {processor.py:153} INFO - Started process (PID=2051) to work on /home/airflow/.local/lib/python3.7/site-packages/airflow/example_dags/example_branch_datetime_operator.py
[2022-12-27T11:37:53.362+0000] {processor.py:743} INFO - Processing file /home/airflow/.local/lib/python3.7/site-packages/airflow/example_dags/example_branch_datetime_operator.py for tasks to queue
[2022-12-27T11:37:53.364+0000] {logging_mixin.py:137} INFO - [2022-12-27T11:37:53.363+0000] {dagbag.py:538} INFO - Filling up the DagBag from /home/airflow/.local/lib/python3.7/site-packages/airflow/example_dags/example_branch_datetime_operator.py
[2022-12-27T11:37:53.395+0000] {processor.py:753} INFO - DAG(s) dict_keys(['example_branch_datetime_operator_2', 'example_branch_datetime_operator_3', 'example_branch_datetime_operator']) retrieved from /home/airflow/.local/lib/python3.7/site-packages/airflow/example_dags/example_branch_datetime_operator.py
[2022-12-27T11:37:53.453+0000] {logging_mixin.py:137} INFO - [2022-12-27T11:37:53.452+0000] {dag.py:2676} INFO - Sync 3 DAGs
[2022-12-27T11:37:53.490+0000] {logging_mixin.py:137} INFO - [2022-12-27T11:37:53.490+0000] {dag.py:3427} INFO - Setting next_dagrun for example_branch_datetime_operator to 2022-12-26T00:00:00+00:00, run_after=2022-12-27T00:00:00+00:00
[2022-12-27T11:37:53.496+0000] {logging_mixin.py:137} INFO - [2022-12-27T11:37:53.496+0000] {dag.py:3427} INFO - Setting next_dagrun for example_branch_datetime_operator_2 to 2022-12-26T00:00:00+00:00, run_after=2022-12-27T00:00:00+00:00
[2022-12-27T11:37:53.499+0000] {logging_mixin.py:137} INFO - [2022-12-27T11:37:53.499+0000] {dag.py:3427} INFO - Setting next_dagrun for example_branch_datetime_operator_3 to 2022-12-26T00:00:00+00:00, run_after=2022-12-27T00:00:00+00:00
[2022-12-27T11:37:53.749+0000] {processor.py:175} INFO - Processing /home/airflow/.local/lib/python3.7/site-packages/airflow/example_dags/example_branch_datetime_operator.py took 0.394 seconds
[2022-12-27T11:38:24.174+0000] {processor.py:153} INFO - Started process (PID=2114) to work on /home/airflow/.local/lib/python3.7/site-packages/airflow/example_dags/example_branch_datetime_operator.py
[2022-12-27T11:38:24.175+0000] {processor.py:743} INFO - Processing file /home/airflow/.local/lib/python3.7/site-packages/airflow/example_dags/example_branch_datetime_operator.py for tasks to queue
[2022-12-27T11:38:24.176+0000] {logging_mixin.py:137} INFO - [2022-12-27T11:38:24.176+0000] {dagbag.py:538} INFO - Filling up the DagBag from /home/airflow/.local/lib/python3.7/site-packages/airflow/example_dags/example_branch_datetime_operator.py
[2022-12-27T11:38:24.195+0000] {processor.py:753} INFO - DAG(s) dict_keys(['example_branch_datetime_operator_3', 'example_branch_datetime_operator', 'example_branch_datetime_operator_2']) retrieved from /home/airflow/.local/lib/python3.7/site-packages/airflow/example_dags/example_branch_datetime_operator.py
[2022-12-27T11:38:24.245+0000] {logging_mixin.py:137} INFO - [2022-12-27T11:38:24.245+0000] {dag.py:2676} INFO - Sync 3 DAGs
[2022-12-27T11:38:24.275+0000] {logging_mixin.py:137} INFO - [2022-12-27T11:38:24.275+0000] {dag.py:3427} INFO - Setting next_dagrun for example_branch_datetime_operator to 2022-12-26T00:00:00+00:00, run_after=2022-12-27T00:00:00+00:00
[2022-12-27T11:38:24.281+0000] {logging_mixin.py:137} INFO - [2022-12-27T11:38:24.280+0000] {dag.py:3427} INFO - Setting next_dagrun for example_branch_datetime_operator_2 to 2022-12-26T00:00:00+00:00, run_after=2022-12-27T00:00:00+00:00
[2022-12-27T11:38:24.283+0000] {logging_mixin.py:137} INFO - [2022-12-27T11:38:24.283+0000] {dag.py:3427} INFO - Setting next_dagrun for example_branch_datetime_operator_3 to 2022-12-26T00:00:00+00:00, run_after=2022-12-27T00:00:00+00:00
[2022-12-27T11:38:24.492+0000] {processor.py:175} INFO - Processing /home/airflow/.local/lib/python3.7/site-packages/airflow/example_dags/example_branch_datetime_operator.py took 0.322 seconds
[2022-12-27T11:38:54.703+0000] {processor.py:153} INFO - Started process (PID=2188) to work on /home/airflow/.local/lib/python3.7/site-packages/airflow/example_dags/example_branch_datetime_operator.py
[2022-12-27T11:38:54.704+0000] {processor.py:743} INFO - Processing file /home/airflow/.local/lib/python3.7/site-packages/airflow/example_dags/example_branch_datetime_operator.py for tasks to queue
[2022-12-27T11:38:54.706+0000] {logging_mixin.py:137} INFO - [2022-12-27T11:38:54.706+0000] {dagbag.py:538} INFO - Filling up the DagBag from /home/airflow/.local/lib/python3.7/site-packages/airflow/example_dags/example_branch_datetime_operator.py
[2022-12-27T11:38:54.730+0000] {processor.py:753} INFO - DAG(s) dict_keys(['example_branch_datetime_operator', 'example_branch_datetime_operator_3', 'example_branch_datetime_operator_2']) retrieved from /home/airflow/.local/lib/python3.7/site-packages/airflow/example_dags/example_branch_datetime_operator.py
[2022-12-27T11:38:54.779+0000] {logging_mixin.py:137} INFO - [2022-12-27T11:38:54.779+0000] {dag.py:2676} INFO - Sync 3 DAGs
[2022-12-27T11:38:54.809+0000] {logging_mixin.py:137} INFO - [2022-12-27T11:38:54.809+0000] {dag.py:3427} INFO - Setting next_dagrun for example_branch_datetime_operator to 2022-12-26T00:00:00+00:00, run_after=2022-12-27T00:00:00+00:00
[2022-12-27T11:38:54.814+0000] {logging_mixin.py:137} INFO - [2022-12-27T11:38:54.814+0000] {dag.py:3427} INFO - Setting next_dagrun for example_branch_datetime_operator_2 to 2022-12-26T00:00:00+00:00, run_after=2022-12-27T00:00:00+00:00
[2022-12-27T11:38:54.817+0000] {logging_mixin.py:137} INFO - [2022-12-27T11:38:54.817+0000] {dag.py:3427} INFO - Setting next_dagrun for example_branch_datetime_operator_3 to 2022-12-26T00:00:00+00:00, run_after=2022-12-27T00:00:00+00:00
[2022-12-27T11:38:54.896+0000] {processor.py:175} INFO - Processing /home/airflow/.local/lib/python3.7/site-packages/airflow/example_dags/example_branch_datetime_operator.py took 0.201 seconds
[2022-12-27T11:39:25.068+0000] {processor.py:153} INFO - Started process (PID=2249) to work on /home/airflow/.local/lib/python3.7/site-packages/airflow/example_dags/example_branch_datetime_operator.py
[2022-12-27T11:39:25.069+0000] {processor.py:743} INFO - Processing file /home/airflow/.local/lib/python3.7/site-packages/airflow/example_dags/example_branch_datetime_operator.py for tasks to queue
[2022-12-27T11:39:25.070+0000] {logging_mixin.py:137} INFO - [2022-12-27T11:39:25.070+0000] {dagbag.py:538} INFO - Filling up the DagBag from /home/airflow/.local/lib/python3.7/site-packages/airflow/example_dags/example_branch_datetime_operator.py
[2022-12-27T11:39:25.101+0000] {processor.py:753} INFO - DAG(s) dict_keys(['example_branch_datetime_operator', 'example_branch_datetime_operator_3', 'example_branch_datetime_operator_2']) retrieved from /home/airflow/.local/lib/python3.7/site-packages/airflow/example_dags/example_branch_datetime_operator.py
[2022-12-27T11:39:25.163+0000] {logging_mixin.py:137} INFO - [2022-12-27T11:39:25.163+0000] {dag.py:2676} INFO - Sync 3 DAGs
[2022-12-27T11:39:25.200+0000] {logging_mixin.py:137} INFO - [2022-12-27T11:39:25.200+0000] {dag.py:3427} INFO - Setting next_dagrun for example_branch_datetime_operator to 2022-12-26T00:00:00+00:00, run_after=2022-12-27T00:00:00+00:00
[2022-12-27T11:39:25.208+0000] {logging_mixin.py:137} INFO - [2022-12-27T11:39:25.208+0000] {dag.py:3427} INFO - Setting next_dagrun for example_branch_datetime_operator_2 to 2022-12-26T00:00:00+00:00, run_after=2022-12-27T00:00:00+00:00
[2022-12-27T11:39:25.212+0000] {logging_mixin.py:137} INFO - [2022-12-27T11:39:25.212+0000] {dag.py:3427} INFO - Setting next_dagrun for example_branch_datetime_operator_3 to 2022-12-26T00:00:00+00:00, run_after=2022-12-27T00:00:00+00:00
[2022-12-27T11:39:25.295+0000] {processor.py:175} INFO - Processing /home/airflow/.local/lib/python3.7/site-packages/airflow/example_dags/example_branch_datetime_operator.py took 0.232 seconds
[2022-12-27T11:39:56.109+0000] {processor.py:153} INFO - Started process (PID=2320) to work on /home/airflow/.local/lib/python3.7/site-packages/airflow/example_dags/example_branch_datetime_operator.py
[2022-12-27T11:39:56.111+0000] {processor.py:743} INFO - Processing file /home/airflow/.local/lib/python3.7/site-packages/airflow/example_dags/example_branch_datetime_operator.py for tasks to queue
[2022-12-27T11:39:56.113+0000] {logging_mixin.py:137} INFO - [2022-12-27T11:39:56.113+0000] {dagbag.py:538} INFO - Filling up the DagBag from /home/airflow/.local/lib/python3.7/site-packages/airflow/example_dags/example_branch_datetime_operator.py
[2022-12-27T11:39:56.157+0000] {processor.py:753} INFO - DAG(s) dict_keys(['example_branch_datetime_operator_3', 'example_branch_datetime_operator', 'example_branch_datetime_operator_2']) retrieved from /home/airflow/.local/lib/python3.7/site-packages/airflow/example_dags/example_branch_datetime_operator.py
[2022-12-27T11:39:56.254+0000] {logging_mixin.py:137} INFO - [2022-12-27T11:39:56.254+0000] {dag.py:2676} INFO - Sync 3 DAGs
[2022-12-27T11:39:56.319+0000] {logging_mixin.py:137} INFO - [2022-12-27T11:39:56.318+0000] {dag.py:3427} INFO - Setting next_dagrun for example_branch_datetime_operator to 2022-12-26T00:00:00+00:00, run_after=2022-12-27T00:00:00+00:00
[2022-12-27T11:39:56.329+0000] {logging_mixin.py:137} INFO - [2022-12-27T11:39:56.329+0000] {dag.py:3427} INFO - Setting next_dagrun for example_branch_datetime_operator_2 to 2022-12-26T00:00:00+00:00, run_after=2022-12-27T00:00:00+00:00
[2022-12-27T11:39:56.334+0000] {logging_mixin.py:137} INFO - [2022-12-27T11:39:56.334+0000] {dag.py:3427} INFO - Setting next_dagrun for example_branch_datetime_operator_3 to 2022-12-26T00:00:00+00:00, run_after=2022-12-27T00:00:00+00:00
[2022-12-27T11:39:56.412+0000] {processor.py:175} INFO - Processing /home/airflow/.local/lib/python3.7/site-packages/airflow/example_dags/example_branch_datetime_operator.py took 0.315 seconds
[2022-12-27T11:40:26.677+0000] {processor.py:153} INFO - Started process (PID=2385) to work on /home/airflow/.local/lib/python3.7/site-packages/airflow/example_dags/example_branch_datetime_operator.py
[2022-12-27T11:40:26.678+0000] {processor.py:743} INFO - Processing file /home/airflow/.local/lib/python3.7/site-packages/airflow/example_dags/example_branch_datetime_operator.py for tasks to queue
[2022-12-27T11:40:26.679+0000] {logging_mixin.py:137} INFO - [2022-12-27T11:40:26.679+0000] {dagbag.py:538} INFO - Filling up the DagBag from /home/airflow/.local/lib/python3.7/site-packages/airflow/example_dags/example_branch_datetime_operator.py
[2022-12-27T11:40:26.752+0000] {processor.py:753} INFO - DAG(s) dict_keys(['example_branch_datetime_operator_2', 'example_branch_datetime_operator_3', 'example_branch_datetime_operator']) retrieved from /home/airflow/.local/lib/python3.7/site-packages/airflow/example_dags/example_branch_datetime_operator.py
[2022-12-27T11:40:26.828+0000] {logging_mixin.py:137} INFO - [2022-12-27T11:40:26.828+0000] {dag.py:2676} INFO - Sync 3 DAGs
[2022-12-27T11:40:26.869+0000] {logging_mixin.py:137} INFO - [2022-12-27T11:40:26.869+0000] {dag.py:3427} INFO - Setting next_dagrun for example_branch_datetime_operator to 2022-12-26T00:00:00+00:00, run_after=2022-12-27T00:00:00+00:00
[2022-12-27T11:40:26.878+0000] {logging_mixin.py:137} INFO - [2022-12-27T11:40:26.878+0000] {dag.py:3427} INFO - Setting next_dagrun for example_branch_datetime_operator_2 to 2022-12-26T00:00:00+00:00, run_after=2022-12-27T00:00:00+00:00
[2022-12-27T11:40:26.884+0000] {logging_mixin.py:137} INFO - [2022-12-27T11:40:26.883+0000] {dag.py:3427} INFO - Setting next_dagrun for example_branch_datetime_operator_3 to 2022-12-26T00:00:00+00:00, run_after=2022-12-27T00:00:00+00:00
[2022-12-27T11:40:27.179+0000] {processor.py:175} INFO - Processing /home/airflow/.local/lib/python3.7/site-packages/airflow/example_dags/example_branch_datetime_operator.py took 0.524 seconds
[2022-12-27T11:40:57.228+0000] {processor.py:153} INFO - Started process (PID=2436) to work on /home/airflow/.local/lib/python3.7/site-packages/airflow/example_dags/example_branch_datetime_operator.py
[2022-12-27T11:40:57.229+0000] {processor.py:743} INFO - Processing file /home/airflow/.local/lib/python3.7/site-packages/airflow/example_dags/example_branch_datetime_operator.py for tasks to queue
[2022-12-27T11:40:57.230+0000] {logging_mixin.py:137} INFO - [2022-12-27T11:40:57.229+0000] {dagbag.py:538} INFO - Filling up the DagBag from /home/airflow/.local/lib/python3.7/site-packages/airflow/example_dags/example_branch_datetime_operator.py
[2022-12-27T11:40:57.249+0000] {processor.py:753} INFO - DAG(s) dict_keys(['example_branch_datetime_operator_2', 'example_branch_datetime_operator', 'example_branch_datetime_operator_3']) retrieved from /home/airflow/.local/lib/python3.7/site-packages/airflow/example_dags/example_branch_datetime_operator.py
[2022-12-27T11:40:57.277+0000] {logging_mixin.py:137} INFO - [2022-12-27T11:40:57.277+0000] {dag.py:2676} INFO - Sync 3 DAGs
[2022-12-27T11:40:57.312+0000] {logging_mixin.py:137} INFO - [2022-12-27T11:40:57.312+0000] {dag.py:3427} INFO - Setting next_dagrun for example_branch_datetime_operator to 2022-12-26T00:00:00+00:00, run_after=2022-12-27T00:00:00+00:00
[2022-12-27T11:40:57.317+0000] {logging_mixin.py:137} INFO - [2022-12-27T11:40:57.317+0000] {dag.py:3427} INFO - Setting next_dagrun for example_branch_datetime_operator_2 to 2022-12-26T00:00:00+00:00, run_after=2022-12-27T00:00:00+00:00
[2022-12-27T11:40:57.320+0000] {logging_mixin.py:137} INFO - [2022-12-27T11:40:57.320+0000] {dag.py:3427} INFO - Setting next_dagrun for example_branch_datetime_operator_3 to 2022-12-26T00:00:00+00:00, run_after=2022-12-27T00:00:00+00:00
[2022-12-27T11:40:57.514+0000] {processor.py:175} INFO - Processing /home/airflow/.local/lib/python3.7/site-packages/airflow/example_dags/example_branch_datetime_operator.py took 0.290 seconds
[2022-12-27T11:41:27.883+0000] {processor.py:153} INFO - Started process (PID=2508) to work on /home/airflow/.local/lib/python3.7/site-packages/airflow/example_dags/example_branch_datetime_operator.py
[2022-12-27T11:41:27.886+0000] {processor.py:743} INFO - Processing file /home/airflow/.local/lib/python3.7/site-packages/airflow/example_dags/example_branch_datetime_operator.py for tasks to queue
[2022-12-27T11:41:27.889+0000] {logging_mixin.py:137} INFO - [2022-12-27T11:41:27.888+0000] {dagbag.py:538} INFO - Filling up the DagBag from /home/airflow/.local/lib/python3.7/site-packages/airflow/example_dags/example_branch_datetime_operator.py
[2022-12-27T11:41:27.953+0000] {processor.py:753} INFO - DAG(s) dict_keys(['example_branch_datetime_operator', 'example_branch_datetime_operator_2', 'example_branch_datetime_operator_3']) retrieved from /home/airflow/.local/lib/python3.7/site-packages/airflow/example_dags/example_branch_datetime_operator.py
[2022-12-27T11:41:28.069+0000] {logging_mixin.py:137} INFO - [2022-12-27T11:41:28.069+0000] {dag.py:2676} INFO - Sync 3 DAGs
[2022-12-27T11:41:28.141+0000] {logging_mixin.py:137} INFO - [2022-12-27T11:41:28.141+0000] {dag.py:3427} INFO - Setting next_dagrun for example_branch_datetime_operator to 2022-12-26T00:00:00+00:00, run_after=2022-12-27T00:00:00+00:00
[2022-12-27T11:41:28.152+0000] {logging_mixin.py:137} INFO - [2022-12-27T11:41:28.151+0000] {dag.py:3427} INFO - Setting next_dagrun for example_branch_datetime_operator_2 to 2022-12-26T00:00:00+00:00, run_after=2022-12-27T00:00:00+00:00
[2022-12-27T11:41:28.158+0000] {logging_mixin.py:137} INFO - [2022-12-27T11:41:28.157+0000] {dag.py:3427} INFO - Setting next_dagrun for example_branch_datetime_operator_3 to 2022-12-26T00:00:00+00:00, run_after=2022-12-27T00:00:00+00:00
[2022-12-27T11:41:28.259+0000] {processor.py:175} INFO - Processing /home/airflow/.local/lib/python3.7/site-packages/airflow/example_dags/example_branch_datetime_operator.py took 0.386 seconds
[2022-12-27T11:41:58.355+0000] {processor.py:153} INFO - Started process (PID=2569) to work on /home/airflow/.local/lib/python3.7/site-packages/airflow/example_dags/example_branch_datetime_operator.py
[2022-12-27T11:41:58.356+0000] {processor.py:743} INFO - Processing file /home/airflow/.local/lib/python3.7/site-packages/airflow/example_dags/example_branch_datetime_operator.py for tasks to queue
[2022-12-27T11:41:58.357+0000] {logging_mixin.py:137} INFO - [2022-12-27T11:41:58.357+0000] {dagbag.py:538} INFO - Filling up the DagBag from /home/airflow/.local/lib/python3.7/site-packages/airflow/example_dags/example_branch_datetime_operator.py
[2022-12-27T11:41:58.382+0000] {processor.py:753} INFO - DAG(s) dict_keys(['example_branch_datetime_operator_3', 'example_branch_datetime_operator_2', 'example_branch_datetime_operator']) retrieved from /home/airflow/.local/lib/python3.7/site-packages/airflow/example_dags/example_branch_datetime_operator.py
[2022-12-27T11:41:58.431+0000] {logging_mixin.py:137} INFO - [2022-12-27T11:41:58.431+0000] {dag.py:2676} INFO - Sync 3 DAGs
[2022-12-27T11:41:58.462+0000] {logging_mixin.py:137} INFO - [2022-12-27T11:41:58.462+0000] {dag.py:3427} INFO - Setting next_dagrun for example_branch_datetime_operator to 2022-12-26T00:00:00+00:00, run_after=2022-12-27T00:00:00+00:00
[2022-12-27T11:41:58.467+0000] {logging_mixin.py:137} INFO - [2022-12-27T11:41:58.467+0000] {dag.py:3427} INFO - Setting next_dagrun for example_branch_datetime_operator_2 to 2022-12-26T00:00:00+00:00, run_after=2022-12-27T00:00:00+00:00
[2022-12-27T11:41:58.469+0000] {logging_mixin.py:137} INFO - [2022-12-27T11:41:58.469+0000] {dag.py:3427} INFO - Setting next_dagrun for example_branch_datetime_operator_3 to 2022-12-26T00:00:00+00:00, run_after=2022-12-27T00:00:00+00:00
[2022-12-27T11:41:58.660+0000] {processor.py:175} INFO - Processing /home/airflow/.local/lib/python3.7/site-packages/airflow/example_dags/example_branch_datetime_operator.py took 0.310 seconds
