[2022-12-27T11:22:25.448+0000] {processor.py:153} INFO - Started process (PID=59) to work on /home/airflow/.local/lib/python3.7/site-packages/airflow/example_dags/example_short_circuit_operator.py
[2022-12-27T11:22:25.451+0000] {processor.py:743} INFO - Processing file /home/airflow/.local/lib/python3.7/site-packages/airflow/example_dags/example_short_circuit_operator.py for tasks to queue
[2022-12-27T11:22:25.453+0000] {logging_mixin.py:137} INFO - [2022-12-27T11:22:25.452+0000] {dagbag.py:538} INFO - Filling up the DagBag from /home/airflow/.local/lib/python3.7/site-packages/airflow/example_dags/example_short_circuit_operator.py
[2022-12-27T11:22:25.502+0000] {processor.py:753} INFO - DAG(s) dict_keys(['example_short_circuit_operator']) retrieved from /home/airflow/.local/lib/python3.7/site-packages/airflow/example_dags/example_short_circuit_operator.py
[2022-12-27T11:22:25.616+0000] {logging_mixin.py:137} INFO - [2022-12-27T11:22:25.616+0000] {dag.py:2676} INFO - Sync 1 DAGs
[2022-12-27T11:22:25.693+0000] {logging_mixin.py:137} INFO - [2022-12-27T11:22:25.693+0000] {dag.py:3427} INFO - Setting next_dagrun for example_short_circuit_operator to 2022-12-26T11:22:25.692659+00:00, run_after=2022-12-27T11:22:25.692659+00:00
[2022-12-27T11:22:25.808+0000] {processor.py:175} INFO - Processing /home/airflow/.local/lib/python3.7/site-packages/airflow/example_dags/example_short_circuit_operator.py took 0.371 seconds
[2022-12-27T11:22:56.369+0000] {processor.py:153} INFO - Started process (PID=121) to work on /home/airflow/.local/lib/python3.7/site-packages/airflow/example_dags/example_short_circuit_operator.py
[2022-12-27T11:22:56.370+0000] {processor.py:743} INFO - Processing file /home/airflow/.local/lib/python3.7/site-packages/airflow/example_dags/example_short_circuit_operator.py for tasks to queue
[2022-12-27T11:22:56.371+0000] {logging_mixin.py:137} INFO - [2022-12-27T11:22:56.371+0000] {dagbag.py:538} INFO - Filling up the DagBag from /home/airflow/.local/lib/python3.7/site-packages/airflow/example_dags/example_short_circuit_operator.py
[2022-12-27T11:22:56.397+0000] {processor.py:753} INFO - DAG(s) dict_keys(['example_short_circuit_operator']) retrieved from /home/airflow/.local/lib/python3.7/site-packages/airflow/example_dags/example_short_circuit_operator.py
[2022-12-27T11:22:56.438+0000] {logging_mixin.py:137} INFO - [2022-12-27T11:22:56.438+0000] {dag.py:2676} INFO - Sync 1 DAGs
[2022-12-27T11:22:56.466+0000] {logging_mixin.py:137} INFO - [2022-12-27T11:22:56.466+0000] {dag.py:3427} INFO - Setting next_dagrun for example_short_circuit_operator to 2022-12-26T11:22:56.465917+00:00, run_after=2022-12-27T11:22:56.465917+00:00
[2022-12-27T11:22:56.514+0000] {processor.py:175} INFO - Processing /home/airflow/.local/lib/python3.7/site-packages/airflow/example_dags/example_short_circuit_operator.py took 0.149 seconds
[2022-12-27T11:23:26.927+0000] {processor.py:153} INFO - Started process (PID=184) to work on /home/airflow/.local/lib/python3.7/site-packages/airflow/example_dags/example_short_circuit_operator.py
[2022-12-27T11:23:26.928+0000] {processor.py:743} INFO - Processing file /home/airflow/.local/lib/python3.7/site-packages/airflow/example_dags/example_short_circuit_operator.py for tasks to queue
[2022-12-27T11:23:26.929+0000] {logging_mixin.py:137} INFO - [2022-12-27T11:23:26.929+0000] {dagbag.py:538} INFO - Filling up the DagBag from /home/airflow/.local/lib/python3.7/site-packages/airflow/example_dags/example_short_circuit_operator.py
[2022-12-27T11:23:26.950+0000] {processor.py:753} INFO - DAG(s) dict_keys(['example_short_circuit_operator']) retrieved from /home/airflow/.local/lib/python3.7/site-packages/airflow/example_dags/example_short_circuit_operator.py
[2022-12-27T11:23:26.992+0000] {logging_mixin.py:137} INFO - [2022-12-27T11:23:26.992+0000] {dag.py:2676} INFO - Sync 1 DAGs
[2022-12-27T11:23:27.021+0000] {logging_mixin.py:137} INFO - [2022-12-27T11:23:27.021+0000] {dag.py:3427} INFO - Setting next_dagrun for example_short_circuit_operator to 2022-12-26T11:23:27.021266+00:00, run_after=2022-12-27T11:23:27.021266+00:00
[2022-12-27T11:23:27.198+0000] {processor.py:175} INFO - Processing /home/airflow/.local/lib/python3.7/site-packages/airflow/example_dags/example_short_circuit_operator.py took 0.275 seconds
[2022-12-27T11:23:57.330+0000] {processor.py:153} INFO - Started process (PID=256) to work on /home/airflow/.local/lib/python3.7/site-packages/airflow/example_dags/example_short_circuit_operator.py
[2022-12-27T11:23:57.331+0000] {processor.py:743} INFO - Processing file /home/airflow/.local/lib/python3.7/site-packages/airflow/example_dags/example_short_circuit_operator.py for tasks to queue
[2022-12-27T11:23:57.332+0000] {logging_mixin.py:137} INFO - [2022-12-27T11:23:57.332+0000] {dagbag.py:538} INFO - Filling up the DagBag from /home/airflow/.local/lib/python3.7/site-packages/airflow/example_dags/example_short_circuit_operator.py
[2022-12-27T11:23:57.363+0000] {processor.py:753} INFO - DAG(s) dict_keys(['example_short_circuit_operator']) retrieved from /home/airflow/.local/lib/python3.7/site-packages/airflow/example_dags/example_short_circuit_operator.py
[2022-12-27T11:23:57.449+0000] {logging_mixin.py:137} INFO - [2022-12-27T11:23:57.448+0000] {dag.py:2676} INFO - Sync 1 DAGs
[2022-12-27T11:23:57.495+0000] {logging_mixin.py:137} INFO - [2022-12-27T11:23:57.495+0000] {dag.py:3427} INFO - Setting next_dagrun for example_short_circuit_operator to 2022-12-26T11:23:57.495293+00:00, run_after=2022-12-27T11:23:57.495293+00:00
[2022-12-27T11:23:57.642+0000] {processor.py:175} INFO - Processing /home/airflow/.local/lib/python3.7/site-packages/airflow/example_dags/example_short_circuit_operator.py took 0.317 seconds
[2022-12-27T11:24:27.768+0000] {processor.py:153} INFO - Started process (PID=322) to work on /home/airflow/.local/lib/python3.7/site-packages/airflow/example_dags/example_short_circuit_operator.py
[2022-12-27T11:24:27.769+0000] {processor.py:743} INFO - Processing file /home/airflow/.local/lib/python3.7/site-packages/airflow/example_dags/example_short_circuit_operator.py for tasks to queue
[2022-12-27T11:24:27.770+0000] {logging_mixin.py:137} INFO - [2022-12-27T11:24:27.770+0000] {dagbag.py:538} INFO - Filling up the DagBag from /home/airflow/.local/lib/python3.7/site-packages/airflow/example_dags/example_short_circuit_operator.py
[2022-12-27T11:24:27.789+0000] {processor.py:753} INFO - DAG(s) dict_keys(['example_short_circuit_operator']) retrieved from /home/airflow/.local/lib/python3.7/site-packages/airflow/example_dags/example_short_circuit_operator.py
[2022-12-27T11:24:27.839+0000] {logging_mixin.py:137} INFO - [2022-12-27T11:24:27.839+0000] {dag.py:2676} INFO - Sync 1 DAGs
[2022-12-27T11:24:27.868+0000] {logging_mixin.py:137} INFO - [2022-12-27T11:24:27.867+0000] {dag.py:3427} INFO - Setting next_dagrun for example_short_circuit_operator to 2022-12-26T11:24:27.867649+00:00, run_after=2022-12-27T11:24:27.867649+00:00
[2022-12-27T11:24:28.101+0000] {processor.py:175} INFO - Processing /home/airflow/.local/lib/python3.7/site-packages/airflow/example_dags/example_short_circuit_operator.py took 0.337 seconds
[2022-12-27T11:24:58.378+0000] {processor.py:153} INFO - Started process (PID=385) to work on /home/airflow/.local/lib/python3.7/site-packages/airflow/example_dags/example_short_circuit_operator.py
[2022-12-27T11:24:58.380+0000] {processor.py:743} INFO - Processing file /home/airflow/.local/lib/python3.7/site-packages/airflow/example_dags/example_short_circuit_operator.py for tasks to queue
[2022-12-27T11:24:58.381+0000] {logging_mixin.py:137} INFO - [2022-12-27T11:24:58.381+0000] {dagbag.py:538} INFO - Filling up the DagBag from /home/airflow/.local/lib/python3.7/site-packages/airflow/example_dags/example_short_circuit_operator.py
[2022-12-27T11:24:58.401+0000] {processor.py:753} INFO - DAG(s) dict_keys(['example_short_circuit_operator']) retrieved from /home/airflow/.local/lib/python3.7/site-packages/airflow/example_dags/example_short_circuit_operator.py
[2022-12-27T11:24:58.443+0000] {logging_mixin.py:137} INFO - [2022-12-27T11:24:58.442+0000] {dag.py:2676} INFO - Sync 1 DAGs
[2022-12-27T11:24:58.472+0000] {logging_mixin.py:137} INFO - [2022-12-27T11:24:58.472+0000] {dag.py:3427} INFO - Setting next_dagrun for example_short_circuit_operator to 2022-12-26T11:24:58.472251+00:00, run_after=2022-12-27T11:24:58.472251+00:00
[2022-12-27T11:24:58.556+0000] {processor.py:175} INFO - Processing /home/airflow/.local/lib/python3.7/site-packages/airflow/example_dags/example_short_circuit_operator.py took 0.182 seconds
[2022-12-27T11:25:29.728+0000] {processor.py:153} INFO - Started process (PID=447) to work on /home/airflow/.local/lib/python3.7/site-packages/airflow/example_dags/example_short_circuit_operator.py
[2022-12-27T11:25:29.731+0000] {processor.py:743} INFO - Processing file /home/airflow/.local/lib/python3.7/site-packages/airflow/example_dags/example_short_circuit_operator.py for tasks to queue
[2022-12-27T11:25:29.732+0000] {logging_mixin.py:137} INFO - [2022-12-27T11:25:29.732+0000] {dagbag.py:538} INFO - Filling up the DagBag from /home/airflow/.local/lib/python3.7/site-packages/airflow/example_dags/example_short_circuit_operator.py
[2022-12-27T11:25:29.778+0000] {processor.py:753} INFO - DAG(s) dict_keys(['example_short_circuit_operator']) retrieved from /home/airflow/.local/lib/python3.7/site-packages/airflow/example_dags/example_short_circuit_operator.py
[2022-12-27T11:25:29.907+0000] {logging_mixin.py:137} INFO - [2022-12-27T11:25:29.907+0000] {dag.py:2676} INFO - Sync 1 DAGs
[2022-12-27T11:25:29.975+0000] {logging_mixin.py:137} INFO - [2022-12-27T11:25:29.975+0000] {dag.py:3427} INFO - Setting next_dagrun for example_short_circuit_operator to 2022-12-26T11:25:29.974704+00:00, run_after=2022-12-27T11:25:29.974704+00:00
[2022-12-27T11:25:30.047+0000] {processor.py:175} INFO - Processing /home/airflow/.local/lib/python3.7/site-packages/airflow/example_dags/example_short_circuit_operator.py took 0.327 seconds
[2022-12-27T11:26:00.317+0000] {processor.py:153} INFO - Started process (PID=521) to work on /home/airflow/.local/lib/python3.7/site-packages/airflow/example_dags/example_short_circuit_operator.py
[2022-12-27T11:26:00.318+0000] {processor.py:743} INFO - Processing file /home/airflow/.local/lib/python3.7/site-packages/airflow/example_dags/example_short_circuit_operator.py for tasks to queue
[2022-12-27T11:26:00.319+0000] {logging_mixin.py:137} INFO - [2022-12-27T11:26:00.318+0000] {dagbag.py:538} INFO - Filling up the DagBag from /home/airflow/.local/lib/python3.7/site-packages/airflow/example_dags/example_short_circuit_operator.py
[2022-12-27T11:26:00.344+0000] {processor.py:753} INFO - DAG(s) dict_keys(['example_short_circuit_operator']) retrieved from /home/airflow/.local/lib/python3.7/site-packages/airflow/example_dags/example_short_circuit_operator.py
[2022-12-27T11:26:00.414+0000] {logging_mixin.py:137} INFO - [2022-12-27T11:26:00.414+0000] {dag.py:2676} INFO - Sync 1 DAGs
[2022-12-27T11:26:00.463+0000] {logging_mixin.py:137} INFO - [2022-12-27T11:26:00.463+0000] {dag.py:3427} INFO - Setting next_dagrun for example_short_circuit_operator to 2022-12-26T11:26:00.463138+00:00, run_after=2022-12-27T11:26:00.463138+00:00
[2022-12-27T11:26:00.542+0000] {processor.py:175} INFO - Processing /home/airflow/.local/lib/python3.7/site-packages/airflow/example_dags/example_short_circuit_operator.py took 0.230 seconds
[2022-12-27T11:26:30.613+0000] {processor.py:153} INFO - Started process (PID=583) to work on /home/airflow/.local/lib/python3.7/site-packages/airflow/example_dags/example_short_circuit_operator.py
[2022-12-27T11:26:30.614+0000] {processor.py:743} INFO - Processing file /home/airflow/.local/lib/python3.7/site-packages/airflow/example_dags/example_short_circuit_operator.py for tasks to queue
[2022-12-27T11:26:30.616+0000] {logging_mixin.py:137} INFO - [2022-12-27T11:26:30.615+0000] {dagbag.py:538} INFO - Filling up the DagBag from /home/airflow/.local/lib/python3.7/site-packages/airflow/example_dags/example_short_circuit_operator.py
[2022-12-27T11:26:30.643+0000] {processor.py:753} INFO - DAG(s) dict_keys(['example_short_circuit_operator']) retrieved from /home/airflow/.local/lib/python3.7/site-packages/airflow/example_dags/example_short_circuit_operator.py
[2022-12-27T11:26:30.700+0000] {logging_mixin.py:137} INFO - [2022-12-27T11:26:30.700+0000] {dag.py:2676} INFO - Sync 1 DAGs
[2022-12-27T11:26:30.731+0000] {logging_mixin.py:137} INFO - [2022-12-27T11:26:30.731+0000] {dag.py:3427} INFO - Setting next_dagrun for example_short_circuit_operator to 2022-12-26T11:26:30.731188+00:00, run_after=2022-12-27T11:26:30.731188+00:00
[2022-12-27T11:26:30.899+0000] {processor.py:175} INFO - Processing /home/airflow/.local/lib/python3.7/site-packages/airflow/example_dags/example_short_circuit_operator.py took 0.292 seconds
[2022-12-27T11:27:01.651+0000] {processor.py:153} INFO - Started process (PID=644) to work on /home/airflow/.local/lib/python3.7/site-packages/airflow/example_dags/example_short_circuit_operator.py
[2022-12-27T11:27:01.653+0000] {processor.py:743} INFO - Processing file /home/airflow/.local/lib/python3.7/site-packages/airflow/example_dags/example_short_circuit_operator.py for tasks to queue
[2022-12-27T11:27:01.654+0000] {logging_mixin.py:137} INFO - [2022-12-27T11:27:01.654+0000] {dagbag.py:538} INFO - Filling up the DagBag from /home/airflow/.local/lib/python3.7/site-packages/airflow/example_dags/example_short_circuit_operator.py
[2022-12-27T11:27:01.674+0000] {processor.py:753} INFO - DAG(s) dict_keys(['example_short_circuit_operator']) retrieved from /home/airflow/.local/lib/python3.7/site-packages/airflow/example_dags/example_short_circuit_operator.py
[2022-12-27T11:27:01.716+0000] {logging_mixin.py:137} INFO - [2022-12-27T11:27:01.715+0000] {dag.py:2676} INFO - Sync 1 DAGs
[2022-12-27T11:27:01.744+0000] {logging_mixin.py:137} INFO - [2022-12-27T11:27:01.744+0000] {dag.py:3427} INFO - Setting next_dagrun for example_short_circuit_operator to 2022-12-26T11:27:01.743926+00:00, run_after=2022-12-27T11:27:01.743926+00:00
[2022-12-27T11:27:01.854+0000] {processor.py:175} INFO - Processing /home/airflow/.local/lib/python3.7/site-packages/airflow/example_dags/example_short_circuit_operator.py took 0.210 seconds
[2022-12-27T11:27:32.601+0000] {processor.py:153} INFO - Started process (PID=705) to work on /home/airflow/.local/lib/python3.7/site-packages/airflow/example_dags/example_short_circuit_operator.py
[2022-12-27T11:27:32.603+0000] {processor.py:743} INFO - Processing file /home/airflow/.local/lib/python3.7/site-packages/airflow/example_dags/example_short_circuit_operator.py for tasks to queue
[2022-12-27T11:27:32.604+0000] {logging_mixin.py:137} INFO - [2022-12-27T11:27:32.604+0000] {dagbag.py:538} INFO - Filling up the DagBag from /home/airflow/.local/lib/python3.7/site-packages/airflow/example_dags/example_short_circuit_operator.py
[2022-12-27T11:27:32.632+0000] {processor.py:753} INFO - DAG(s) dict_keys(['example_short_circuit_operator']) retrieved from /home/airflow/.local/lib/python3.7/site-packages/airflow/example_dags/example_short_circuit_operator.py
[2022-12-27T11:27:32.681+0000] {logging_mixin.py:137} INFO - [2022-12-27T11:27:32.681+0000] {dag.py:2676} INFO - Sync 1 DAGs
[2022-12-27T11:27:32.716+0000] {logging_mixin.py:137} INFO - [2022-12-27T11:27:32.716+0000] {dag.py:3427} INFO - Setting next_dagrun for example_short_circuit_operator to 2022-12-26T11:27:32.715863+00:00, run_after=2022-12-27T11:27:32.715863+00:00
[2022-12-27T11:27:32.837+0000] {processor.py:175} INFO - Processing /home/airflow/.local/lib/python3.7/site-packages/airflow/example_dags/example_short_circuit_operator.py took 0.242 seconds
[2022-12-27T11:28:02.925+0000] {processor.py:153} INFO - Started process (PID=776) to work on /home/airflow/.local/lib/python3.7/site-packages/airflow/example_dags/example_short_circuit_operator.py
[2022-12-27T11:28:02.927+0000] {processor.py:743} INFO - Processing file /home/airflow/.local/lib/python3.7/site-packages/airflow/example_dags/example_short_circuit_operator.py for tasks to queue
[2022-12-27T11:28:02.928+0000] {logging_mixin.py:137} INFO - [2022-12-27T11:28:02.928+0000] {dagbag.py:538} INFO - Filling up the DagBag from /home/airflow/.local/lib/python3.7/site-packages/airflow/example_dags/example_short_circuit_operator.py
[2022-12-27T11:28:02.952+0000] {processor.py:753} INFO - DAG(s) dict_keys(['example_short_circuit_operator']) retrieved from /home/airflow/.local/lib/python3.7/site-packages/airflow/example_dags/example_short_circuit_operator.py
[2022-12-27T11:28:03.003+0000] {logging_mixin.py:137} INFO - [2022-12-27T11:28:03.002+0000] {dag.py:2676} INFO - Sync 1 DAGs
[2022-12-27T11:28:03.047+0000] {logging_mixin.py:137} INFO - [2022-12-27T11:28:03.047+0000] {dag.py:3427} INFO - Setting next_dagrun for example_short_circuit_operator to 2022-12-26T11:28:03.047166+00:00, run_after=2022-12-27T11:28:03.047166+00:00
[2022-12-27T11:28:03.105+0000] {processor.py:175} INFO - Processing /home/airflow/.local/lib/python3.7/site-packages/airflow/example_dags/example_short_circuit_operator.py took 0.184 seconds
[2022-12-27T11:28:33.612+0000] {processor.py:153} INFO - Started process (PID=841) to work on /home/airflow/.local/lib/python3.7/site-packages/airflow/example_dags/example_short_circuit_operator.py
[2022-12-27T11:28:33.613+0000] {processor.py:743} INFO - Processing file /home/airflow/.local/lib/python3.7/site-packages/airflow/example_dags/example_short_circuit_operator.py for tasks to queue
[2022-12-27T11:28:33.614+0000] {logging_mixin.py:137} INFO - [2022-12-27T11:28:33.614+0000] {dagbag.py:538} INFO - Filling up the DagBag from /home/airflow/.local/lib/python3.7/site-packages/airflow/example_dags/example_short_circuit_operator.py
[2022-12-27T11:28:33.633+0000] {processor.py:753} INFO - DAG(s) dict_keys(['example_short_circuit_operator']) retrieved from /home/airflow/.local/lib/python3.7/site-packages/airflow/example_dags/example_short_circuit_operator.py
[2022-12-27T11:28:33.679+0000] {logging_mixin.py:137} INFO - [2022-12-27T11:28:33.678+0000] {dag.py:2676} INFO - Sync 1 DAGs
[2022-12-27T11:28:33.709+0000] {logging_mixin.py:137} INFO - [2022-12-27T11:28:33.709+0000] {dag.py:3427} INFO - Setting next_dagrun for example_short_circuit_operator to 2022-12-26T11:28:33.709543+00:00, run_after=2022-12-27T11:28:33.709543+00:00
[2022-12-27T11:28:33.753+0000] {processor.py:175} INFO - Processing /home/airflow/.local/lib/python3.7/site-packages/airflow/example_dags/example_short_circuit_operator.py took 0.146 seconds
[2022-12-27T11:29:04.321+0000] {processor.py:153} INFO - Started process (PID=904) to work on /home/airflow/.local/lib/python3.7/site-packages/airflow/example_dags/example_short_circuit_operator.py
[2022-12-27T11:29:04.322+0000] {processor.py:743} INFO - Processing file /home/airflow/.local/lib/python3.7/site-packages/airflow/example_dags/example_short_circuit_operator.py for tasks to queue
[2022-12-27T11:29:04.323+0000] {logging_mixin.py:137} INFO - [2022-12-27T11:29:04.323+0000] {dagbag.py:538} INFO - Filling up the DagBag from /home/airflow/.local/lib/python3.7/site-packages/airflow/example_dags/example_short_circuit_operator.py
[2022-12-27T11:29:04.343+0000] {processor.py:753} INFO - DAG(s) dict_keys(['example_short_circuit_operator']) retrieved from /home/airflow/.local/lib/python3.7/site-packages/airflow/example_dags/example_short_circuit_operator.py
[2022-12-27T11:29:04.387+0000] {logging_mixin.py:137} INFO - [2022-12-27T11:29:04.387+0000] {dag.py:2676} INFO - Sync 1 DAGs
[2022-12-27T11:29:04.416+0000] {logging_mixin.py:137} INFO - [2022-12-27T11:29:04.416+0000] {dag.py:3427} INFO - Setting next_dagrun for example_short_circuit_operator to 2022-12-26T11:29:04.416001+00:00, run_after=2022-12-27T11:29:04.416001+00:00
[2022-12-27T11:29:04.495+0000] {processor.py:175} INFO - Processing /home/airflow/.local/lib/python3.7/site-packages/airflow/example_dags/example_short_circuit_operator.py took 0.178 seconds
[2022-12-27T11:29:34.552+0000] {processor.py:153} INFO - Started process (PID=975) to work on /home/airflow/.local/lib/python3.7/site-packages/airflow/example_dags/example_short_circuit_operator.py
[2022-12-27T11:29:34.553+0000] {processor.py:743} INFO - Processing file /home/airflow/.local/lib/python3.7/site-packages/airflow/example_dags/example_short_circuit_operator.py for tasks to queue
[2022-12-27T11:29:34.554+0000] {logging_mixin.py:137} INFO - [2022-12-27T11:29:34.554+0000] {dagbag.py:538} INFO - Filling up the DagBag from /home/airflow/.local/lib/python3.7/site-packages/airflow/example_dags/example_short_circuit_operator.py
[2022-12-27T11:29:34.573+0000] {processor.py:753} INFO - DAG(s) dict_keys(['example_short_circuit_operator']) retrieved from /home/airflow/.local/lib/python3.7/site-packages/airflow/example_dags/example_short_circuit_operator.py
[2022-12-27T11:29:34.616+0000] {logging_mixin.py:137} INFO - [2022-12-27T11:29:34.616+0000] {dag.py:2676} INFO - Sync 1 DAGs
[2022-12-27T11:29:34.645+0000] {logging_mixin.py:137} INFO - [2022-12-27T11:29:34.645+0000] {dag.py:3427} INFO - Setting next_dagrun for example_short_circuit_operator to 2022-12-26T11:29:34.645332+00:00, run_after=2022-12-27T11:29:34.645332+00:00
[2022-12-27T11:29:34.691+0000] {processor.py:175} INFO - Processing /home/airflow/.local/lib/python3.7/site-packages/airflow/example_dags/example_short_circuit_operator.py took 0.143 seconds
[2022-12-27T11:30:05.134+0000] {processor.py:153} INFO - Started process (PID=1040) to work on /home/airflow/.local/lib/python3.7/site-packages/airflow/example_dags/example_short_circuit_operator.py
[2022-12-27T11:30:05.135+0000] {processor.py:743} INFO - Processing file /home/airflow/.local/lib/python3.7/site-packages/airflow/example_dags/example_short_circuit_operator.py for tasks to queue
[2022-12-27T11:30:05.136+0000] {logging_mixin.py:137} INFO - [2022-12-27T11:30:05.136+0000] {dagbag.py:538} INFO - Filling up the DagBag from /home/airflow/.local/lib/python3.7/site-packages/airflow/example_dags/example_short_circuit_operator.py
[2022-12-27T11:30:05.155+0000] {processor.py:753} INFO - DAG(s) dict_keys(['example_short_circuit_operator']) retrieved from /home/airflow/.local/lib/python3.7/site-packages/airflow/example_dags/example_short_circuit_operator.py
[2022-12-27T11:30:05.199+0000] {logging_mixin.py:137} INFO - [2022-12-27T11:30:05.199+0000] {dag.py:2676} INFO - Sync 1 DAGs
[2022-12-27T11:30:05.225+0000] {logging_mixin.py:137} INFO - [2022-12-27T11:30:05.225+0000] {dag.py:3427} INFO - Setting next_dagrun for example_short_circuit_operator to 2022-12-26T11:30:05.225046+00:00, run_after=2022-12-27T11:30:05.225046+00:00
[2022-12-27T11:30:05.278+0000] {processor.py:175} INFO - Processing /home/airflow/.local/lib/python3.7/site-packages/airflow/example_dags/example_short_circuit_operator.py took 0.151 seconds
[2022-12-27T11:30:36.798+0000] {processor.py:153} INFO - Started process (PID=1102) to work on /home/airflow/.local/lib/python3.7/site-packages/airflow/example_dags/example_short_circuit_operator.py
[2022-12-27T11:30:36.799+0000] {processor.py:743} INFO - Processing file /home/airflow/.local/lib/python3.7/site-packages/airflow/example_dags/example_short_circuit_operator.py for tasks to queue
[2022-12-27T11:30:36.800+0000] {logging_mixin.py:137} INFO - [2022-12-27T11:30:36.800+0000] {dagbag.py:538} INFO - Filling up the DagBag from /home/airflow/.local/lib/python3.7/site-packages/airflow/example_dags/example_short_circuit_operator.py
[2022-12-27T11:30:36.819+0000] {processor.py:753} INFO - DAG(s) dict_keys(['example_short_circuit_operator']) retrieved from /home/airflow/.local/lib/python3.7/site-packages/airflow/example_dags/example_short_circuit_operator.py
[2022-12-27T11:30:36.868+0000] {logging_mixin.py:137} INFO - [2022-12-27T11:30:36.867+0000] {dag.py:2676} INFO - Sync 1 DAGs
[2022-12-27T11:30:36.902+0000] {logging_mixin.py:137} INFO - [2022-12-27T11:30:36.902+0000] {dag.py:3427} INFO - Setting next_dagrun for example_short_circuit_operator to 2022-12-26T11:30:36.902198+00:00, run_after=2022-12-27T11:30:36.902198+00:00
[2022-12-27T11:30:36.958+0000] {processor.py:175} INFO - Processing /home/airflow/.local/lib/python3.7/site-packages/airflow/example_dags/example_short_circuit_operator.py took 0.164 seconds
[2022-12-27T11:31:08.320+0000] {processor.py:153} INFO - Started process (PID=1177) to work on /home/airflow/.local/lib/python3.7/site-packages/airflow/example_dags/example_short_circuit_operator.py
[2022-12-27T11:31:08.322+0000] {processor.py:743} INFO - Processing file /home/airflow/.local/lib/python3.7/site-packages/airflow/example_dags/example_short_circuit_operator.py for tasks to queue
[2022-12-27T11:31:08.324+0000] {logging_mixin.py:137} INFO - [2022-12-27T11:31:08.324+0000] {dagbag.py:538} INFO - Filling up the DagBag from /home/airflow/.local/lib/python3.7/site-packages/airflow/example_dags/example_short_circuit_operator.py
[2022-12-27T11:31:08.365+0000] {processor.py:753} INFO - DAG(s) dict_keys(['example_short_circuit_operator']) retrieved from /home/airflow/.local/lib/python3.7/site-packages/airflow/example_dags/example_short_circuit_operator.py
[2022-12-27T11:31:08.446+0000] {logging_mixin.py:137} INFO - [2022-12-27T11:31:08.445+0000] {dag.py:2676} INFO - Sync 1 DAGs
[2022-12-27T11:31:08.503+0000] {logging_mixin.py:137} INFO - [2022-12-27T11:31:08.503+0000] {dag.py:3427} INFO - Setting next_dagrun for example_short_circuit_operator to 2022-12-26T11:31:08.502716+00:00, run_after=2022-12-27T11:31:08.502716+00:00
[2022-12-27T11:31:08.560+0000] {processor.py:175} INFO - Processing /home/airflow/.local/lib/python3.7/site-packages/airflow/example_dags/example_short_circuit_operator.py took 0.253 seconds
[2022-12-27T11:31:38.677+0000] {processor.py:153} INFO - Started process (PID=1239) to work on /home/airflow/.local/lib/python3.7/site-packages/airflow/example_dags/example_short_circuit_operator.py
[2022-12-27T11:31:38.678+0000] {processor.py:743} INFO - Processing file /home/airflow/.local/lib/python3.7/site-packages/airflow/example_dags/example_short_circuit_operator.py for tasks to queue
[2022-12-27T11:31:38.678+0000] {logging_mixin.py:137} INFO - [2022-12-27T11:31:38.678+0000] {dagbag.py:538} INFO - Filling up the DagBag from /home/airflow/.local/lib/python3.7/site-packages/airflow/example_dags/example_short_circuit_operator.py
[2022-12-27T11:31:38.701+0000] {processor.py:753} INFO - DAG(s) dict_keys(['example_short_circuit_operator']) retrieved from /home/airflow/.local/lib/python3.7/site-packages/airflow/example_dags/example_short_circuit_operator.py
[2022-12-27T11:31:38.744+0000] {logging_mixin.py:137} INFO - [2022-12-27T11:31:38.744+0000] {dag.py:2676} INFO - Sync 1 DAGs
[2022-12-27T11:31:38.772+0000] {logging_mixin.py:137} INFO - [2022-12-27T11:31:38.771+0000] {dag.py:3427} INFO - Setting next_dagrun for example_short_circuit_operator to 2022-12-26T11:31:38.771525+00:00, run_after=2022-12-27T11:31:38.771525+00:00
[2022-12-27T11:31:38.887+0000] {processor.py:175} INFO - Processing /home/airflow/.local/lib/python3.7/site-packages/airflow/example_dags/example_short_circuit_operator.py took 0.214 seconds
[2022-12-27T11:32:09.896+0000] {processor.py:153} INFO - Started process (PID=1310) to work on /home/airflow/.local/lib/python3.7/site-packages/airflow/example_dags/example_short_circuit_operator.py
[2022-12-27T11:32:09.897+0000] {processor.py:743} INFO - Processing file /home/airflow/.local/lib/python3.7/site-packages/airflow/example_dags/example_short_circuit_operator.py for tasks to queue
[2022-12-27T11:32:09.898+0000] {logging_mixin.py:137} INFO - [2022-12-27T11:32:09.898+0000] {dagbag.py:538} INFO - Filling up the DagBag from /home/airflow/.local/lib/python3.7/site-packages/airflow/example_dags/example_short_circuit_operator.py
[2022-12-27T11:32:09.930+0000] {processor.py:753} INFO - DAG(s) dict_keys(['example_short_circuit_operator']) retrieved from /home/airflow/.local/lib/python3.7/site-packages/airflow/example_dags/example_short_circuit_operator.py
[2022-12-27T11:32:09.980+0000] {logging_mixin.py:137} INFO - [2022-12-27T11:32:09.980+0000] {dag.py:2676} INFO - Sync 1 DAGs
[2022-12-27T11:32:10.022+0000] {logging_mixin.py:137} INFO - [2022-12-27T11:32:10.022+0000] {dag.py:3427} INFO - Setting next_dagrun for example_short_circuit_operator to 2022-12-26T11:32:10.021875+00:00, run_after=2022-12-27T11:32:10.021875+00:00
[2022-12-27T11:32:10.077+0000] {processor.py:175} INFO - Processing /home/airflow/.local/lib/python3.7/site-packages/airflow/example_dags/example_short_circuit_operator.py took 0.186 seconds
[2022-12-27T11:32:40.816+0000] {processor.py:153} INFO - Started process (PID=1376) to work on /home/airflow/.local/lib/python3.7/site-packages/airflow/example_dags/example_short_circuit_operator.py
[2022-12-27T11:32:40.817+0000] {processor.py:743} INFO - Processing file /home/airflow/.local/lib/python3.7/site-packages/airflow/example_dags/example_short_circuit_operator.py for tasks to queue
[2022-12-27T11:32:40.818+0000] {logging_mixin.py:137} INFO - [2022-12-27T11:32:40.818+0000] {dagbag.py:538} INFO - Filling up the DagBag from /home/airflow/.local/lib/python3.7/site-packages/airflow/example_dags/example_short_circuit_operator.py
[2022-12-27T11:32:40.837+0000] {processor.py:753} INFO - DAG(s) dict_keys(['example_short_circuit_operator']) retrieved from /home/airflow/.local/lib/python3.7/site-packages/airflow/example_dags/example_short_circuit_operator.py
[2022-12-27T11:32:40.882+0000] {logging_mixin.py:137} INFO - [2022-12-27T11:32:40.882+0000] {dag.py:2676} INFO - Sync 1 DAGs
[2022-12-27T11:32:40.911+0000] {logging_mixin.py:137} INFO - [2022-12-27T11:32:40.911+0000] {dag.py:3427} INFO - Setting next_dagrun for example_short_circuit_operator to 2022-12-26T11:32:40.911432+00:00, run_after=2022-12-27T11:32:40.911432+00:00
[2022-12-27T11:32:40.965+0000] {processor.py:175} INFO - Processing /home/airflow/.local/lib/python3.7/site-packages/airflow/example_dags/example_short_circuit_operator.py took 0.153 seconds
[2022-12-27T11:33:11.271+0000] {processor.py:153} INFO - Started process (PID=1438) to work on /home/airflow/.local/lib/python3.7/site-packages/airflow/example_dags/example_short_circuit_operator.py
[2022-12-27T11:33:11.272+0000] {processor.py:743} INFO - Processing file /home/airflow/.local/lib/python3.7/site-packages/airflow/example_dags/example_short_circuit_operator.py for tasks to queue
[2022-12-27T11:33:11.273+0000] {logging_mixin.py:137} INFO - [2022-12-27T11:33:11.273+0000] {dagbag.py:538} INFO - Filling up the DagBag from /home/airflow/.local/lib/python3.7/site-packages/airflow/example_dags/example_short_circuit_operator.py
[2022-12-27T11:33:11.293+0000] {processor.py:753} INFO - DAG(s) dict_keys(['example_short_circuit_operator']) retrieved from /home/airflow/.local/lib/python3.7/site-packages/airflow/example_dags/example_short_circuit_operator.py
[2022-12-27T11:33:11.362+0000] {logging_mixin.py:137} INFO - [2022-12-27T11:33:11.362+0000] {dag.py:2676} INFO - Sync 1 DAGs
[2022-12-27T11:33:11.412+0000] {logging_mixin.py:137} INFO - [2022-12-27T11:33:11.412+0000] {dag.py:3427} INFO - Setting next_dagrun for example_short_circuit_operator to 2022-12-26T11:33:11.411759+00:00, run_after=2022-12-27T11:33:11.411759+00:00
[2022-12-27T11:33:11.516+0000] {processor.py:175} INFO - Processing /home/airflow/.local/lib/python3.7/site-packages/airflow/example_dags/example_short_circuit_operator.py took 0.250 seconds
[2022-12-27T11:33:42.303+0000] {processor.py:153} INFO - Started process (PID=1500) to work on /home/airflow/.local/lib/python3.7/site-packages/airflow/example_dags/example_short_circuit_operator.py
[2022-12-27T11:33:42.304+0000] {processor.py:743} INFO - Processing file /home/airflow/.local/lib/python3.7/site-packages/airflow/example_dags/example_short_circuit_operator.py for tasks to queue
[2022-12-27T11:33:42.306+0000] {logging_mixin.py:137} INFO - [2022-12-27T11:33:42.306+0000] {dagbag.py:538} INFO - Filling up the DagBag from /home/airflow/.local/lib/python3.7/site-packages/airflow/example_dags/example_short_circuit_operator.py
[2022-12-27T11:33:42.345+0000] {processor.py:753} INFO - DAG(s) dict_keys(['example_short_circuit_operator']) retrieved from /home/airflow/.local/lib/python3.7/site-packages/airflow/example_dags/example_short_circuit_operator.py
[2022-12-27T11:33:42.429+0000] {logging_mixin.py:137} INFO - [2022-12-27T11:33:42.428+0000] {dag.py:2676} INFO - Sync 1 DAGs
[2022-12-27T11:33:42.490+0000] {logging_mixin.py:137} INFO - [2022-12-27T11:33:42.489+0000] {dag.py:3427} INFO - Setting next_dagrun for example_short_circuit_operator to 2022-12-26T11:33:42.489286+00:00, run_after=2022-12-27T11:33:42.489286+00:00
[2022-12-27T11:33:42.558+0000] {processor.py:175} INFO - Processing /home/airflow/.local/lib/python3.7/site-packages/airflow/example_dags/example_short_circuit_operator.py took 0.263 seconds
[2022-12-27T11:34:12.611+0000] {processor.py:153} INFO - Started process (PID=1574) to work on /home/airflow/.local/lib/python3.7/site-packages/airflow/example_dags/example_short_circuit_operator.py
[2022-12-27T11:34:12.612+0000] {processor.py:743} INFO - Processing file /home/airflow/.local/lib/python3.7/site-packages/airflow/example_dags/example_short_circuit_operator.py for tasks to queue
[2022-12-27T11:34:12.613+0000] {logging_mixin.py:137} INFO - [2022-12-27T11:34:12.613+0000] {dagbag.py:538} INFO - Filling up the DagBag from /home/airflow/.local/lib/python3.7/site-packages/airflow/example_dags/example_short_circuit_operator.py
[2022-12-27T11:34:12.641+0000] {processor.py:753} INFO - DAG(s) dict_keys(['example_short_circuit_operator']) retrieved from /home/airflow/.local/lib/python3.7/site-packages/airflow/example_dags/example_short_circuit_operator.py
[2022-12-27T11:34:12.696+0000] {logging_mixin.py:137} INFO - [2022-12-27T11:34:12.695+0000] {dag.py:2676} INFO - Sync 1 DAGs
[2022-12-27T11:34:12.739+0000] {logging_mixin.py:137} INFO - [2022-12-27T11:34:12.739+0000] {dag.py:3427} INFO - Setting next_dagrun for example_short_circuit_operator to 2022-12-26T11:34:12.739186+00:00, run_after=2022-12-27T11:34:12.739186+00:00
[2022-12-27T11:34:12.794+0000] {processor.py:175} INFO - Processing /home/airflow/.local/lib/python3.7/site-packages/airflow/example_dags/example_short_circuit_operator.py took 0.187 seconds
[2022-12-27T11:34:42.837+0000] {processor.py:153} INFO - Started process (PID=1636) to work on /home/airflow/.local/lib/python3.7/site-packages/airflow/example_dags/example_short_circuit_operator.py
[2022-12-27T11:34:42.838+0000] {processor.py:743} INFO - Processing file /home/airflow/.local/lib/python3.7/site-packages/airflow/example_dags/example_short_circuit_operator.py for tasks to queue
[2022-12-27T11:34:42.839+0000] {logging_mixin.py:137} INFO - [2022-12-27T11:34:42.839+0000] {dagbag.py:538} INFO - Filling up the DagBag from /home/airflow/.local/lib/python3.7/site-packages/airflow/example_dags/example_short_circuit_operator.py
[2022-12-27T11:34:42.859+0000] {processor.py:753} INFO - DAG(s) dict_keys(['example_short_circuit_operator']) retrieved from /home/airflow/.local/lib/python3.7/site-packages/airflow/example_dags/example_short_circuit_operator.py
[2022-12-27T11:34:42.906+0000] {logging_mixin.py:137} INFO - [2022-12-27T11:34:42.905+0000] {dag.py:2676} INFO - Sync 1 DAGs
[2022-12-27T11:34:42.933+0000] {logging_mixin.py:137} INFO - [2022-12-27T11:34:42.933+0000] {dag.py:3427} INFO - Setting next_dagrun for example_short_circuit_operator to 2022-12-26T11:34:42.932780+00:00, run_after=2022-12-27T11:34:42.932780+00:00
[2022-12-27T11:34:42.982+0000] {processor.py:175} INFO - Processing /home/airflow/.local/lib/python3.7/site-packages/airflow/example_dags/example_short_circuit_operator.py took 0.149 seconds
[2022-12-27T11:35:13.916+0000] {processor.py:153} INFO - Started process (PID=1698) to work on /home/airflow/.local/lib/python3.7/site-packages/airflow/example_dags/example_short_circuit_operator.py
[2022-12-27T11:35:13.918+0000] {processor.py:743} INFO - Processing file /home/airflow/.local/lib/python3.7/site-packages/airflow/example_dags/example_short_circuit_operator.py for tasks to queue
[2022-12-27T11:35:13.920+0000] {logging_mixin.py:137} INFO - [2022-12-27T11:35:13.920+0000] {dagbag.py:538} INFO - Filling up the DagBag from /home/airflow/.local/lib/python3.7/site-packages/airflow/example_dags/example_short_circuit_operator.py
[2022-12-27T11:35:13.958+0000] {processor.py:753} INFO - DAG(s) dict_keys(['example_short_circuit_operator']) retrieved from /home/airflow/.local/lib/python3.7/site-packages/airflow/example_dags/example_short_circuit_operator.py
[2022-12-27T11:35:14.042+0000] {logging_mixin.py:137} INFO - [2022-12-27T11:35:14.042+0000] {dag.py:2676} INFO - Sync 1 DAGs
[2022-12-27T11:35:14.100+0000] {logging_mixin.py:137} INFO - [2022-12-27T11:35:14.099+0000] {dag.py:3427} INFO - Setting next_dagrun for example_short_circuit_operator to 2022-12-26T11:35:14.099373+00:00, run_after=2022-12-27T11:35:14.099373+00:00
[2022-12-27T11:35:14.178+0000] {processor.py:175} INFO - Processing /home/airflow/.local/lib/python3.7/site-packages/airflow/example_dags/example_short_circuit_operator.py took 0.269 seconds
[2022-12-27T11:35:44.611+0000] {processor.py:153} INFO - Started process (PID=1773) to work on /home/airflow/.local/lib/python3.7/site-packages/airflow/example_dags/example_short_circuit_operator.py
[2022-12-27T11:35:44.613+0000] {processor.py:743} INFO - Processing file /home/airflow/.local/lib/python3.7/site-packages/airflow/example_dags/example_short_circuit_operator.py for tasks to queue
[2022-12-27T11:35:44.615+0000] {logging_mixin.py:137} INFO - [2022-12-27T11:35:44.615+0000] {dagbag.py:538} INFO - Filling up the DagBag from /home/airflow/.local/lib/python3.7/site-packages/airflow/example_dags/example_short_circuit_operator.py
[2022-12-27T11:35:44.656+0000] {processor.py:753} INFO - DAG(s) dict_keys(['example_short_circuit_operator']) retrieved from /home/airflow/.local/lib/python3.7/site-packages/airflow/example_dags/example_short_circuit_operator.py
[2022-12-27T11:35:44.752+0000] {logging_mixin.py:137} INFO - [2022-12-27T11:35:44.752+0000] {dag.py:2676} INFO - Sync 1 DAGs
[2022-12-27T11:35:44.815+0000] {logging_mixin.py:137} INFO - [2022-12-27T11:35:44.815+0000] {dag.py:3427} INFO - Setting next_dagrun for example_short_circuit_operator to 2022-12-26T11:35:44.814868+00:00, run_after=2022-12-27T11:35:44.814868+00:00
[2022-12-27T11:35:44.880+0000] {processor.py:175} INFO - Processing /home/airflow/.local/lib/python3.7/site-packages/airflow/example_dags/example_short_circuit_operator.py took 0.280 seconds
[2022-12-27T11:36:15.850+0000] {processor.py:153} INFO - Started process (PID=1836) to work on /home/airflow/.local/lib/python3.7/site-packages/airflow/example_dags/example_short_circuit_operator.py
[2022-12-27T11:36:15.851+0000] {processor.py:743} INFO - Processing file /home/airflow/.local/lib/python3.7/site-packages/airflow/example_dags/example_short_circuit_operator.py for tasks to queue
[2022-12-27T11:36:15.852+0000] {logging_mixin.py:137} INFO - [2022-12-27T11:36:15.852+0000] {dagbag.py:538} INFO - Filling up the DagBag from /home/airflow/.local/lib/python3.7/site-packages/airflow/example_dags/example_short_circuit_operator.py
[2022-12-27T11:36:15.871+0000] {processor.py:753} INFO - DAG(s) dict_keys(['example_short_circuit_operator']) retrieved from /home/airflow/.local/lib/python3.7/site-packages/airflow/example_dags/example_short_circuit_operator.py
[2022-12-27T11:36:15.920+0000] {logging_mixin.py:137} INFO - [2022-12-27T11:36:15.920+0000] {dag.py:2676} INFO - Sync 1 DAGs
[2022-12-27T11:36:15.966+0000] {logging_mixin.py:137} INFO - [2022-12-27T11:36:15.965+0000] {dag.py:3427} INFO - Setting next_dagrun for example_short_circuit_operator to 2022-12-26T11:36:15.965341+00:00, run_after=2022-12-27T11:36:15.965341+00:00
[2022-12-27T11:36:16.016+0000] {processor.py:175} INFO - Processing /home/airflow/.local/lib/python3.7/site-packages/airflow/example_dags/example_short_circuit_operator.py took 0.170 seconds
[2022-12-27T11:36:46.392+0000] {processor.py:153} INFO - Started process (PID=1898) to work on /home/airflow/.local/lib/python3.7/site-packages/airflow/example_dags/example_short_circuit_operator.py
[2022-12-27T11:36:46.394+0000] {processor.py:743} INFO - Processing file /home/airflow/.local/lib/python3.7/site-packages/airflow/example_dags/example_short_circuit_operator.py for tasks to queue
[2022-12-27T11:36:46.395+0000] {logging_mixin.py:137} INFO - [2022-12-27T11:36:46.394+0000] {dagbag.py:538} INFO - Filling up the DagBag from /home/airflow/.local/lib/python3.7/site-packages/airflow/example_dags/example_short_circuit_operator.py
[2022-12-27T11:36:46.418+0000] {processor.py:753} INFO - DAG(s) dict_keys(['example_short_circuit_operator']) retrieved from /home/airflow/.local/lib/python3.7/site-packages/airflow/example_dags/example_short_circuit_operator.py
[2022-12-27T11:36:46.493+0000] {logging_mixin.py:137} INFO - [2022-12-27T11:36:46.493+0000] {dag.py:2676} INFO - Sync 1 DAGs
[2022-12-27T11:36:46.524+0000] {logging_mixin.py:137} INFO - [2022-12-27T11:36:46.524+0000] {dag.py:3427} INFO - Setting next_dagrun for example_short_circuit_operator to 2022-12-26T11:36:46.524445+00:00, run_after=2022-12-27T11:36:46.524445+00:00
[2022-12-27T11:36:46.628+0000] {processor.py:175} INFO - Processing /home/airflow/.local/lib/python3.7/site-packages/airflow/example_dags/example_short_circuit_operator.py took 0.240 seconds
[2022-12-27T11:37:17.350+0000] {processor.py:153} INFO - Started process (PID=1961) to work on /home/airflow/.local/lib/python3.7/site-packages/airflow/example_dags/example_short_circuit_operator.py
[2022-12-27T11:37:17.351+0000] {processor.py:743} INFO - Processing file /home/airflow/.local/lib/python3.7/site-packages/airflow/example_dags/example_short_circuit_operator.py for tasks to queue
[2022-12-27T11:37:17.352+0000] {logging_mixin.py:137} INFO - [2022-12-27T11:37:17.352+0000] {dagbag.py:538} INFO - Filling up the DagBag from /home/airflow/.local/lib/python3.7/site-packages/airflow/example_dags/example_short_circuit_operator.py
[2022-12-27T11:37:17.381+0000] {processor.py:753} INFO - DAG(s) dict_keys(['example_short_circuit_operator']) retrieved from /home/airflow/.local/lib/python3.7/site-packages/airflow/example_dags/example_short_circuit_operator.py
[2022-12-27T11:37:17.431+0000] {logging_mixin.py:137} INFO - [2022-12-27T11:37:17.431+0000] {dag.py:2676} INFO - Sync 1 DAGs
[2022-12-27T11:37:17.464+0000] {logging_mixin.py:137} INFO - [2022-12-27T11:37:17.464+0000] {dag.py:3427} INFO - Setting next_dagrun for example_short_circuit_operator to 2022-12-26T11:37:17.464403+00:00, run_after=2022-12-27T11:37:17.464403+00:00
[2022-12-27T11:37:17.521+0000] {processor.py:175} INFO - Processing /home/airflow/.local/lib/python3.7/site-packages/airflow/example_dags/example_short_circuit_operator.py took 0.177 seconds
[2022-12-27T11:37:48.249+0000] {processor.py:153} INFO - Started process (PID=2036) to work on /home/airflow/.local/lib/python3.7/site-packages/airflow/example_dags/example_short_circuit_operator.py
[2022-12-27T11:37:48.250+0000] {processor.py:743} INFO - Processing file /home/airflow/.local/lib/python3.7/site-packages/airflow/example_dags/example_short_circuit_operator.py for tasks to queue
[2022-12-27T11:37:48.251+0000] {logging_mixin.py:137} INFO - [2022-12-27T11:37:48.251+0000] {dagbag.py:538} INFO - Filling up the DagBag from /home/airflow/.local/lib/python3.7/site-packages/airflow/example_dags/example_short_circuit_operator.py
[2022-12-27T11:37:48.272+0000] {processor.py:753} INFO - DAG(s) dict_keys(['example_short_circuit_operator']) retrieved from /home/airflow/.local/lib/python3.7/site-packages/airflow/example_dags/example_short_circuit_operator.py
[2022-12-27T11:37:48.321+0000] {logging_mixin.py:137} INFO - [2022-12-27T11:37:48.321+0000] {dag.py:2676} INFO - Sync 1 DAGs
[2022-12-27T11:37:48.362+0000] {logging_mixin.py:137} INFO - [2022-12-27T11:37:48.362+0000] {dag.py:3427} INFO - Setting next_dagrun for example_short_circuit_operator to 2022-12-26T11:37:48.361792+00:00, run_after=2022-12-27T11:37:48.361792+00:00
[2022-12-27T11:37:48.417+0000] {processor.py:175} INFO - Processing /home/airflow/.local/lib/python3.7/site-packages/airflow/example_dags/example_short_circuit_operator.py took 0.173 seconds
[2022-12-27T11:38:19.299+0000] {processor.py:153} INFO - Started process (PID=2099) to work on /home/airflow/.local/lib/python3.7/site-packages/airflow/example_dags/example_short_circuit_operator.py
[2022-12-27T11:38:19.301+0000] {processor.py:743} INFO - Processing file /home/airflow/.local/lib/python3.7/site-packages/airflow/example_dags/example_short_circuit_operator.py for tasks to queue
[2022-12-27T11:38:19.302+0000] {logging_mixin.py:137} INFO - [2022-12-27T11:38:19.302+0000] {dagbag.py:538} INFO - Filling up the DagBag from /home/airflow/.local/lib/python3.7/site-packages/airflow/example_dags/example_short_circuit_operator.py
[2022-12-27T11:38:19.344+0000] {processor.py:753} INFO - DAG(s) dict_keys(['example_short_circuit_operator']) retrieved from /home/airflow/.local/lib/python3.7/site-packages/airflow/example_dags/example_short_circuit_operator.py
[2022-12-27T11:38:19.404+0000] {logging_mixin.py:137} INFO - [2022-12-27T11:38:19.404+0000] {dag.py:2676} INFO - Sync 1 DAGs
[2022-12-27T11:38:19.439+0000] {logging_mixin.py:137} INFO - [2022-12-27T11:38:19.439+0000] {dag.py:3427} INFO - Setting next_dagrun for example_short_circuit_operator to 2022-12-26T11:38:19.439154+00:00, run_after=2022-12-27T11:38:19.439154+00:00
[2022-12-27T11:38:19.502+0000] {processor.py:175} INFO - Processing /home/airflow/.local/lib/python3.7/site-packages/airflow/example_dags/example_short_circuit_operator.py took 0.210 seconds
[2022-12-27T11:38:50.009+0000] {processor.py:153} INFO - Started process (PID=2161) to work on /home/airflow/.local/lib/python3.7/site-packages/airflow/example_dags/example_short_circuit_operator.py
[2022-12-27T11:38:50.010+0000] {processor.py:743} INFO - Processing file /home/airflow/.local/lib/python3.7/site-packages/airflow/example_dags/example_short_circuit_operator.py for tasks to queue
[2022-12-27T11:38:50.011+0000] {logging_mixin.py:137} INFO - [2022-12-27T11:38:50.011+0000] {dagbag.py:538} INFO - Filling up the DagBag from /home/airflow/.local/lib/python3.7/site-packages/airflow/example_dags/example_short_circuit_operator.py
[2022-12-27T11:38:50.031+0000] {processor.py:753} INFO - DAG(s) dict_keys(['example_short_circuit_operator']) retrieved from /home/airflow/.local/lib/python3.7/site-packages/airflow/example_dags/example_short_circuit_operator.py
[2022-12-27T11:38:50.072+0000] {logging_mixin.py:137} INFO - [2022-12-27T11:38:50.072+0000] {dag.py:2676} INFO - Sync 1 DAGs
[2022-12-27T11:38:50.100+0000] {logging_mixin.py:137} INFO - [2022-12-27T11:38:50.100+0000] {dag.py:3427} INFO - Setting next_dagrun for example_short_circuit_operator to 2022-12-26T11:38:50.099953+00:00, run_after=2022-12-27T11:38:50.099953+00:00
[2022-12-27T11:38:50.152+0000] {processor.py:175} INFO - Processing /home/airflow/.local/lib/python3.7/site-packages/airflow/example_dags/example_short_circuit_operator.py took 0.147 seconds
[2022-12-27T11:39:20.523+0000] {processor.py:153} INFO - Started process (PID=2234) to work on /home/airflow/.local/lib/python3.7/site-packages/airflow/example_dags/example_short_circuit_operator.py
[2022-12-27T11:39:20.524+0000] {processor.py:743} INFO - Processing file /home/airflow/.local/lib/python3.7/site-packages/airflow/example_dags/example_short_circuit_operator.py for tasks to queue
[2022-12-27T11:39:20.525+0000] {logging_mixin.py:137} INFO - [2022-12-27T11:39:20.525+0000] {dagbag.py:538} INFO - Filling up the DagBag from /home/airflow/.local/lib/python3.7/site-packages/airflow/example_dags/example_short_circuit_operator.py
[2022-12-27T11:39:20.546+0000] {processor.py:753} INFO - DAG(s) dict_keys(['example_short_circuit_operator']) retrieved from /home/airflow/.local/lib/python3.7/site-packages/airflow/example_dags/example_short_circuit_operator.py
[2022-12-27T11:39:20.594+0000] {logging_mixin.py:137} INFO - [2022-12-27T11:39:20.593+0000] {dag.py:2676} INFO - Sync 1 DAGs
[2022-12-27T11:39:20.627+0000] {logging_mixin.py:137} INFO - [2022-12-27T11:39:20.627+0000] {dag.py:3427} INFO - Setting next_dagrun for example_short_circuit_operator to 2022-12-26T11:39:20.626974+00:00, run_after=2022-12-27T11:39:20.626974+00:00
[2022-12-27T11:39:20.673+0000] {processor.py:175} INFO - Processing /home/airflow/.local/lib/python3.7/site-packages/airflow/example_dags/example_short_circuit_operator.py took 0.154 seconds
[2022-12-27T11:39:50.833+0000] {processor.py:153} INFO - Started process (PID=2296) to work on /home/airflow/.local/lib/python3.7/site-packages/airflow/example_dags/example_short_circuit_operator.py
[2022-12-27T11:39:50.834+0000] {processor.py:743} INFO - Processing file /home/airflow/.local/lib/python3.7/site-packages/airflow/example_dags/example_short_circuit_operator.py for tasks to queue
[2022-12-27T11:39:50.836+0000] {logging_mixin.py:137} INFO - [2022-12-27T11:39:50.835+0000] {dagbag.py:538} INFO - Filling up the DagBag from /home/airflow/.local/lib/python3.7/site-packages/airflow/example_dags/example_short_circuit_operator.py
[2022-12-27T11:39:50.858+0000] {processor.py:753} INFO - DAG(s) dict_keys(['example_short_circuit_operator']) retrieved from /home/airflow/.local/lib/python3.7/site-packages/airflow/example_dags/example_short_circuit_operator.py
[2022-12-27T11:39:50.911+0000] {logging_mixin.py:137} INFO - [2022-12-27T11:39:50.911+0000] {dag.py:2676} INFO - Sync 1 DAGs
[2022-12-27T11:39:50.944+0000] {logging_mixin.py:137} INFO - [2022-12-27T11:39:50.944+0000] {dag.py:3427} INFO - Setting next_dagrun for example_short_circuit_operator to 2022-12-26T11:39:50.943929+00:00, run_after=2022-12-27T11:39:50.943929+00:00
[2022-12-27T11:39:50.994+0000] {processor.py:175} INFO - Processing /home/airflow/.local/lib/python3.7/site-packages/airflow/example_dags/example_short_circuit_operator.py took 0.167 seconds
[2022-12-27T11:40:21.656+0000] {processor.py:153} INFO - Started process (PID=2358) to work on /home/airflow/.local/lib/python3.7/site-packages/airflow/example_dags/example_short_circuit_operator.py
[2022-12-27T11:40:21.657+0000] {processor.py:743} INFO - Processing file /home/airflow/.local/lib/python3.7/site-packages/airflow/example_dags/example_short_circuit_operator.py for tasks to queue
[2022-12-27T11:40:21.658+0000] {logging_mixin.py:137} INFO - [2022-12-27T11:40:21.658+0000] {dagbag.py:538} INFO - Filling up the DagBag from /home/airflow/.local/lib/python3.7/site-packages/airflow/example_dags/example_short_circuit_operator.py
[2022-12-27T11:40:21.680+0000] {processor.py:753} INFO - DAG(s) dict_keys(['example_short_circuit_operator']) retrieved from /home/airflow/.local/lib/python3.7/site-packages/airflow/example_dags/example_short_circuit_operator.py
[2022-12-27T11:40:21.726+0000] {logging_mixin.py:137} INFO - [2022-12-27T11:40:21.726+0000] {dag.py:2676} INFO - Sync 1 DAGs
[2022-12-27T11:40:21.761+0000] {logging_mixin.py:137} INFO - [2022-12-27T11:40:21.760+0000] {dag.py:3427} INFO - Setting next_dagrun for example_short_circuit_operator to 2022-12-26T11:40:21.760403+00:00, run_after=2022-12-27T11:40:21.760403+00:00
[2022-12-27T11:40:21.817+0000] {processor.py:175} INFO - Processing /home/airflow/.local/lib/python3.7/site-packages/airflow/example_dags/example_short_circuit_operator.py took 0.166 seconds
[2022-12-27T11:40:52.485+0000] {processor.py:153} INFO - Started process (PID=2420) to work on /home/airflow/.local/lib/python3.7/site-packages/airflow/example_dags/example_short_circuit_operator.py
[2022-12-27T11:40:52.486+0000] {processor.py:743} INFO - Processing file /home/airflow/.local/lib/python3.7/site-packages/airflow/example_dags/example_short_circuit_operator.py for tasks to queue
[2022-12-27T11:40:52.487+0000] {logging_mixin.py:137} INFO - [2022-12-27T11:40:52.487+0000] {dagbag.py:538} INFO - Filling up the DagBag from /home/airflow/.local/lib/python3.7/site-packages/airflow/example_dags/example_short_circuit_operator.py
[2022-12-27T11:40:52.513+0000] {processor.py:753} INFO - DAG(s) dict_keys(['example_short_circuit_operator']) retrieved from /home/airflow/.local/lib/python3.7/site-packages/airflow/example_dags/example_short_circuit_operator.py
[2022-12-27T11:40:52.552+0000] {logging_mixin.py:137} INFO - [2022-12-27T11:40:52.552+0000] {dag.py:2676} INFO - Sync 1 DAGs
[2022-12-27T11:40:52.591+0000] {logging_mixin.py:137} INFO - [2022-12-27T11:40:52.590+0000] {dag.py:3427} INFO - Setting next_dagrun for example_short_circuit_operator to 2022-12-26T11:40:52.590488+00:00, run_after=2022-12-27T11:40:52.590488+00:00
[2022-12-27T11:40:52.723+0000] {processor.py:175} INFO - Processing /home/airflow/.local/lib/python3.7/site-packages/airflow/example_dags/example_short_circuit_operator.py took 0.244 seconds
[2022-12-27T11:41:22.949+0000] {processor.py:153} INFO - Started process (PID=2481) to work on /home/airflow/.local/lib/python3.7/site-packages/airflow/example_dags/example_short_circuit_operator.py
[2022-12-27T11:41:22.950+0000] {processor.py:743} INFO - Processing file /home/airflow/.local/lib/python3.7/site-packages/airflow/example_dags/example_short_circuit_operator.py for tasks to queue
[2022-12-27T11:41:22.951+0000] {logging_mixin.py:137} INFO - [2022-12-27T11:41:22.951+0000] {dagbag.py:538} INFO - Filling up the DagBag from /home/airflow/.local/lib/python3.7/site-packages/airflow/example_dags/example_short_circuit_operator.py
[2022-12-27T11:41:22.976+0000] {processor.py:753} INFO - DAG(s) dict_keys(['example_short_circuit_operator']) retrieved from /home/airflow/.local/lib/python3.7/site-packages/airflow/example_dags/example_short_circuit_operator.py
[2022-12-27T11:41:23.023+0000] {logging_mixin.py:137} INFO - [2022-12-27T11:41:23.023+0000] {dag.py:2676} INFO - Sync 1 DAGs
[2022-12-27T11:41:23.050+0000] {logging_mixin.py:137} INFO - [2022-12-27T11:41:23.050+0000] {dag.py:3427} INFO - Setting next_dagrun for example_short_circuit_operator to 2022-12-26T11:41:23.048872+00:00, run_after=2022-12-27T11:41:23.048872+00:00
[2022-12-27T11:41:23.091+0000] {processor.py:175} INFO - Processing /home/airflow/.local/lib/python3.7/site-packages/airflow/example_dags/example_short_circuit_operator.py took 0.146 seconds
[2022-12-27T11:41:53.728+0000] {processor.py:153} INFO - Started process (PID=2554) to work on /home/airflow/.local/lib/python3.7/site-packages/airflow/example_dags/example_short_circuit_operator.py
[2022-12-27T11:41:53.730+0000] {processor.py:743} INFO - Processing file /home/airflow/.local/lib/python3.7/site-packages/airflow/example_dags/example_short_circuit_operator.py for tasks to queue
[2022-12-27T11:41:53.731+0000] {logging_mixin.py:137} INFO - [2022-12-27T11:41:53.730+0000] {dagbag.py:538} INFO - Filling up the DagBag from /home/airflow/.local/lib/python3.7/site-packages/airflow/example_dags/example_short_circuit_operator.py
[2022-12-27T11:41:53.754+0000] {processor.py:753} INFO - DAG(s) dict_keys(['example_short_circuit_operator']) retrieved from /home/airflow/.local/lib/python3.7/site-packages/airflow/example_dags/example_short_circuit_operator.py
[2022-12-27T11:41:53.806+0000] {logging_mixin.py:137} INFO - [2022-12-27T11:41:53.806+0000] {dag.py:2676} INFO - Sync 1 DAGs
[2022-12-27T11:41:53.843+0000] {logging_mixin.py:137} INFO - [2022-12-27T11:41:53.842+0000] {dag.py:3427} INFO - Setting next_dagrun for example_short_circuit_operator to 2022-12-26T11:41:53.842593+00:00, run_after=2022-12-27T11:41:53.842593+00:00
[2022-12-27T11:41:53.908+0000] {processor.py:175} INFO - Processing /home/airflow/.local/lib/python3.7/site-packages/airflow/example_dags/example_short_circuit_operator.py took 0.185 seconds
