[2022-12-27T11:22:24.394+0000] {processor.py:153} INFO - Started process (PID=54) to work on /home/airflow/.local/lib/python3.7/site-packages/airflow/example_dags/example_latest_only.py
[2022-12-27T11:22:24.395+0000] {processor.py:743} INFO - Processing file /home/airflow/.local/lib/python3.7/site-packages/airflow/example_dags/example_latest_only.py for tasks to queue
[2022-12-27T11:22:24.396+0000] {logging_mixin.py:137} INFO - [2022-12-27T11:22:24.396+0000] {dagbag.py:538} INFO - Filling up the DagBag from /home/airflow/.local/lib/python3.7/site-packages/airflow/example_dags/example_latest_only.py
[2022-12-27T11:22:24.415+0000] {processor.py:753} INFO - DAG(s) dict_keys(['latest_only']) retrieved from /home/airflow/.local/lib/python3.7/site-packages/airflow/example_dags/example_latest_only.py
[2022-12-27T11:22:24.470+0000] {logging_mixin.py:137} INFO - [2022-12-27T11:22:24.470+0000] {dag.py:2676} INFO - Sync 1 DAGs
[2022-12-27T11:22:24.521+0000] {logging_mixin.py:137} INFO - [2022-12-27T11:22:24.521+0000] {dag.py:3427} INFO - Setting next_dagrun for latest_only to 2022-12-27T07:22:24.521264+00:00, run_after=2022-12-27T11:22:24.521264+00:00
[2022-12-27T11:22:24.586+0000] {processor.py:175} INFO - Processing /home/airflow/.local/lib/python3.7/site-packages/airflow/example_dags/example_latest_only.py took 0.197 seconds
[2022-12-27T11:22:54.682+0000] {processor.py:153} INFO - Started process (PID=116) to work on /home/airflow/.local/lib/python3.7/site-packages/airflow/example_dags/example_latest_only.py
[2022-12-27T11:22:54.683+0000] {processor.py:743} INFO - Processing file /home/airflow/.local/lib/python3.7/site-packages/airflow/example_dags/example_latest_only.py for tasks to queue
[2022-12-27T11:22:54.684+0000] {logging_mixin.py:137} INFO - [2022-12-27T11:22:54.683+0000] {dagbag.py:538} INFO - Filling up the DagBag from /home/airflow/.local/lib/python3.7/site-packages/airflow/example_dags/example_latest_only.py
[2022-12-27T11:22:54.704+0000] {processor.py:753} INFO - DAG(s) dict_keys(['latest_only']) retrieved from /home/airflow/.local/lib/python3.7/site-packages/airflow/example_dags/example_latest_only.py
[2022-12-27T11:22:54.739+0000] {logging_mixin.py:137} INFO - [2022-12-27T11:22:54.739+0000] {dag.py:2676} INFO - Sync 1 DAGs
[2022-12-27T11:22:54.766+0000] {logging_mixin.py:137} INFO - [2022-12-27T11:22:54.766+0000] {dag.py:3427} INFO - Setting next_dagrun for latest_only to 2022-12-27T07:22:54.766139+00:00, run_after=2022-12-27T11:22:54.766139+00:00
[2022-12-27T11:22:54.812+0000] {processor.py:175} INFO - Processing /home/airflow/.local/lib/python3.7/site-packages/airflow/example_dags/example_latest_only.py took 0.135 seconds
[2022-12-27T11:23:25.353+0000] {processor.py:153} INFO - Started process (PID=179) to work on /home/airflow/.local/lib/python3.7/site-packages/airflow/example_dags/example_latest_only.py
[2022-12-27T11:23:25.354+0000] {processor.py:743} INFO - Processing file /home/airflow/.local/lib/python3.7/site-packages/airflow/example_dags/example_latest_only.py for tasks to queue
[2022-12-27T11:23:25.355+0000] {logging_mixin.py:137} INFO - [2022-12-27T11:23:25.355+0000] {dagbag.py:538} INFO - Filling up the DagBag from /home/airflow/.local/lib/python3.7/site-packages/airflow/example_dags/example_latest_only.py
[2022-12-27T11:23:25.382+0000] {processor.py:753} INFO - DAG(s) dict_keys(['latest_only']) retrieved from /home/airflow/.local/lib/python3.7/site-packages/airflow/example_dags/example_latest_only.py
[2022-12-27T11:23:25.441+0000] {logging_mixin.py:137} INFO - [2022-12-27T11:23:25.441+0000] {dag.py:2676} INFO - Sync 1 DAGs
[2022-12-27T11:23:25.475+0000] {logging_mixin.py:137} INFO - [2022-12-27T11:23:25.475+0000] {dag.py:3427} INFO - Setting next_dagrun for latest_only to 2022-12-27T07:23:25.474892+00:00, run_after=2022-12-27T11:23:25.474892+00:00
[2022-12-27T11:23:25.531+0000] {processor.py:175} INFO - Processing /home/airflow/.local/lib/python3.7/site-packages/airflow/example_dags/example_latest_only.py took 0.183 seconds
[2022-12-27T11:23:55.658+0000] {processor.py:153} INFO - Started process (PID=241) to work on /home/airflow/.local/lib/python3.7/site-packages/airflow/example_dags/example_latest_only.py
[2022-12-27T11:23:55.659+0000] {processor.py:743} INFO - Processing file /home/airflow/.local/lib/python3.7/site-packages/airflow/example_dags/example_latest_only.py for tasks to queue
[2022-12-27T11:23:55.660+0000] {logging_mixin.py:137} INFO - [2022-12-27T11:23:55.660+0000] {dagbag.py:538} INFO - Filling up the DagBag from /home/airflow/.local/lib/python3.7/site-packages/airflow/example_dags/example_latest_only.py
[2022-12-27T11:23:55.675+0000] {processor.py:753} INFO - DAG(s) dict_keys(['latest_only']) retrieved from /home/airflow/.local/lib/python3.7/site-packages/airflow/example_dags/example_latest_only.py
[2022-12-27T11:23:55.715+0000] {logging_mixin.py:137} INFO - [2022-12-27T11:23:55.715+0000] {dag.py:2676} INFO - Sync 1 DAGs
[2022-12-27T11:23:55.743+0000] {logging_mixin.py:137} INFO - [2022-12-27T11:23:55.743+0000] {dag.py:3427} INFO - Setting next_dagrun for latest_only to 2022-12-27T07:23:55.743421+00:00, run_after=2022-12-27T11:23:55.743421+00:00
[2022-12-27T11:23:55.820+0000] {processor.py:175} INFO - Processing /home/airflow/.local/lib/python3.7/site-packages/airflow/example_dags/example_latest_only.py took 0.166 seconds
[2022-12-27T11:24:26.023+0000] {processor.py:153} INFO - Started process (PID=317) to work on /home/airflow/.local/lib/python3.7/site-packages/airflow/example_dags/example_latest_only.py
[2022-12-27T11:24:26.025+0000] {processor.py:743} INFO - Processing file /home/airflow/.local/lib/python3.7/site-packages/airflow/example_dags/example_latest_only.py for tasks to queue
[2022-12-27T11:24:26.027+0000] {logging_mixin.py:137} INFO - [2022-12-27T11:24:26.027+0000] {dagbag.py:538} INFO - Filling up the DagBag from /home/airflow/.local/lib/python3.7/site-packages/airflow/example_dags/example_latest_only.py
[2022-12-27T11:24:26.059+0000] {processor.py:753} INFO - DAG(s) dict_keys(['latest_only']) retrieved from /home/airflow/.local/lib/python3.7/site-packages/airflow/example_dags/example_latest_only.py
[2022-12-27T11:24:26.140+0000] {logging_mixin.py:137} INFO - [2022-12-27T11:24:26.140+0000] {dag.py:2676} INFO - Sync 1 DAGs
[2022-12-27T11:24:26.220+0000] {logging_mixin.py:137} INFO - [2022-12-27T11:24:26.220+0000] {dag.py:3427} INFO - Setting next_dagrun for latest_only to 2022-12-27T07:24:26.219473+00:00, run_after=2022-12-27T11:24:26.219473+00:00
[2022-12-27T11:24:26.291+0000] {processor.py:175} INFO - Processing /home/airflow/.local/lib/python3.7/site-packages/airflow/example_dags/example_latest_only.py took 0.277 seconds
[2022-12-27T11:24:56.874+0000] {processor.py:153} INFO - Started process (PID=380) to work on /home/airflow/.local/lib/python3.7/site-packages/airflow/example_dags/example_latest_only.py
[2022-12-27T11:24:56.876+0000] {processor.py:743} INFO - Processing file /home/airflow/.local/lib/python3.7/site-packages/airflow/example_dags/example_latest_only.py for tasks to queue
[2022-12-27T11:24:56.877+0000] {logging_mixin.py:137} INFO - [2022-12-27T11:24:56.877+0000] {dagbag.py:538} INFO - Filling up the DagBag from /home/airflow/.local/lib/python3.7/site-packages/airflow/example_dags/example_latest_only.py
[2022-12-27T11:24:56.906+0000] {processor.py:753} INFO - DAG(s) dict_keys(['latest_only']) retrieved from /home/airflow/.local/lib/python3.7/site-packages/airflow/example_dags/example_latest_only.py
[2022-12-27T11:24:56.954+0000] {logging_mixin.py:137} INFO - [2022-12-27T11:24:56.953+0000] {dag.py:2676} INFO - Sync 1 DAGs
[2022-12-27T11:24:56.987+0000] {logging_mixin.py:137} INFO - [2022-12-27T11:24:56.987+0000] {dag.py:3427} INFO - Setting next_dagrun for latest_only to 2022-12-27T07:24:56.987403+00:00, run_after=2022-12-27T11:24:56.987403+00:00
[2022-12-27T11:24:57.038+0000] {processor.py:175} INFO - Processing /home/airflow/.local/lib/python3.7/site-packages/airflow/example_dags/example_latest_only.py took 0.171 seconds
[2022-12-27T11:25:27.764+0000] {processor.py:153} INFO - Started process (PID=442) to work on /home/airflow/.local/lib/python3.7/site-packages/airflow/example_dags/example_latest_only.py
[2022-12-27T11:25:27.765+0000] {processor.py:743} INFO - Processing file /home/airflow/.local/lib/python3.7/site-packages/airflow/example_dags/example_latest_only.py for tasks to queue
[2022-12-27T11:25:27.766+0000] {logging_mixin.py:137} INFO - [2022-12-27T11:25:27.766+0000] {dagbag.py:538} INFO - Filling up the DagBag from /home/airflow/.local/lib/python3.7/site-packages/airflow/example_dags/example_latest_only.py
[2022-12-27T11:25:27.793+0000] {processor.py:753} INFO - DAG(s) dict_keys(['latest_only']) retrieved from /home/airflow/.local/lib/python3.7/site-packages/airflow/example_dags/example_latest_only.py
[2022-12-27T11:25:27.855+0000] {logging_mixin.py:137} INFO - [2022-12-27T11:25:27.855+0000] {dag.py:2676} INFO - Sync 1 DAGs
[2022-12-27T11:25:27.910+0000] {logging_mixin.py:137} INFO - [2022-12-27T11:25:27.910+0000] {dag.py:3427} INFO - Setting next_dagrun for latest_only to 2022-12-27T07:25:27.910364+00:00, run_after=2022-12-27T11:25:27.910364+00:00
[2022-12-27T11:25:27.996+0000] {processor.py:175} INFO - Processing /home/airflow/.local/lib/python3.7/site-packages/airflow/example_dags/example_latest_only.py took 0.236 seconds
[2022-12-27T11:25:58.508+0000] {processor.py:153} INFO - Started process (PID=504) to work on /home/airflow/.local/lib/python3.7/site-packages/airflow/example_dags/example_latest_only.py
[2022-12-27T11:25:58.509+0000] {processor.py:743} INFO - Processing file /home/airflow/.local/lib/python3.7/site-packages/airflow/example_dags/example_latest_only.py for tasks to queue
[2022-12-27T11:25:58.511+0000] {logging_mixin.py:137} INFO - [2022-12-27T11:25:58.510+0000] {dagbag.py:538} INFO - Filling up the DagBag from /home/airflow/.local/lib/python3.7/site-packages/airflow/example_dags/example_latest_only.py
[2022-12-27T11:25:58.530+0000] {processor.py:753} INFO - DAG(s) dict_keys(['latest_only']) retrieved from /home/airflow/.local/lib/python3.7/site-packages/airflow/example_dags/example_latest_only.py
[2022-12-27T11:25:58.586+0000] {logging_mixin.py:137} INFO - [2022-12-27T11:25:58.586+0000] {dag.py:2676} INFO - Sync 1 DAGs
[2022-12-27T11:25:58.634+0000] {logging_mixin.py:137} INFO - [2022-12-27T11:25:58.634+0000] {dag.py:3427} INFO - Setting next_dagrun for latest_only to 2022-12-27T07:25:58.634149+00:00, run_after=2022-12-27T11:25:58.634149+00:00
[2022-12-27T11:25:58.695+0000] {processor.py:175} INFO - Processing /home/airflow/.local/lib/python3.7/site-packages/airflow/example_dags/example_latest_only.py took 0.193 seconds
[2022-12-27T11:26:29.478+0000] {processor.py:153} INFO - Started process (PID=578) to work on /home/airflow/.local/lib/python3.7/site-packages/airflow/example_dags/example_latest_only.py
[2022-12-27T11:26:29.480+0000] {processor.py:743} INFO - Processing file /home/airflow/.local/lib/python3.7/site-packages/airflow/example_dags/example_latest_only.py for tasks to queue
[2022-12-27T11:26:29.482+0000] {logging_mixin.py:137} INFO - [2022-12-27T11:26:29.482+0000] {dagbag.py:538} INFO - Filling up the DagBag from /home/airflow/.local/lib/python3.7/site-packages/airflow/example_dags/example_latest_only.py
[2022-12-27T11:26:29.514+0000] {processor.py:753} INFO - DAG(s) dict_keys(['latest_only']) retrieved from /home/airflow/.local/lib/python3.7/site-packages/airflow/example_dags/example_latest_only.py
[2022-12-27T11:26:29.597+0000] {logging_mixin.py:137} INFO - [2022-12-27T11:26:29.597+0000] {dag.py:2676} INFO - Sync 1 DAGs
[2022-12-27T11:26:29.656+0000] {logging_mixin.py:137} INFO - [2022-12-27T11:26:29.656+0000] {dag.py:3427} INFO - Setting next_dagrun for latest_only to 2022-12-27T07:26:29.655721+00:00, run_after=2022-12-27T11:26:29.655721+00:00
[2022-12-27T11:26:29.864+0000] {processor.py:175} INFO - Processing /home/airflow/.local/lib/python3.7/site-packages/airflow/example_dags/example_latest_only.py took 0.391 seconds
[2022-12-27T11:27:00.097+0000] {processor.py:153} INFO - Started process (PID=639) to work on /home/airflow/.local/lib/python3.7/site-packages/airflow/example_dags/example_latest_only.py
[2022-12-27T11:27:00.098+0000] {processor.py:743} INFO - Processing file /home/airflow/.local/lib/python3.7/site-packages/airflow/example_dags/example_latest_only.py for tasks to queue
[2022-12-27T11:27:00.099+0000] {logging_mixin.py:137} INFO - [2022-12-27T11:27:00.099+0000] {dagbag.py:538} INFO - Filling up the DagBag from /home/airflow/.local/lib/python3.7/site-packages/airflow/example_dags/example_latest_only.py
[2022-12-27T11:27:00.115+0000] {processor.py:753} INFO - DAG(s) dict_keys(['latest_only']) retrieved from /home/airflow/.local/lib/python3.7/site-packages/airflow/example_dags/example_latest_only.py
[2022-12-27T11:27:00.154+0000] {logging_mixin.py:137} INFO - [2022-12-27T11:27:00.154+0000] {dag.py:2676} INFO - Sync 1 DAGs
[2022-12-27T11:27:00.184+0000] {logging_mixin.py:137} INFO - [2022-12-27T11:27:00.184+0000] {dag.py:3427} INFO - Setting next_dagrun for latest_only to 2022-12-27T07:27:00.183965+00:00, run_after=2022-12-27T11:27:00.183965+00:00
[2022-12-27T11:27:00.240+0000] {processor.py:175} INFO - Processing /home/airflow/.local/lib/python3.7/site-packages/airflow/example_dags/example_latest_only.py took 0.147 seconds
[2022-12-27T11:27:31.044+0000] {processor.py:153} INFO - Started process (PID=700) to work on /home/airflow/.local/lib/python3.7/site-packages/airflow/example_dags/example_latest_only.py
[2022-12-27T11:27:31.045+0000] {processor.py:743} INFO - Processing file /home/airflow/.local/lib/python3.7/site-packages/airflow/example_dags/example_latest_only.py for tasks to queue
[2022-12-27T11:27:31.046+0000] {logging_mixin.py:137} INFO - [2022-12-27T11:27:31.046+0000] {dagbag.py:538} INFO - Filling up the DagBag from /home/airflow/.local/lib/python3.7/site-packages/airflow/example_dags/example_latest_only.py
[2022-12-27T11:27:31.062+0000] {processor.py:753} INFO - DAG(s) dict_keys(['latest_only']) retrieved from /home/airflow/.local/lib/python3.7/site-packages/airflow/example_dags/example_latest_only.py
[2022-12-27T11:27:31.102+0000] {logging_mixin.py:137} INFO - [2022-12-27T11:27:31.101+0000] {dag.py:2676} INFO - Sync 1 DAGs
[2022-12-27T11:27:31.131+0000] {logging_mixin.py:137} INFO - [2022-12-27T11:27:31.131+0000] {dag.py:3427} INFO - Setting next_dagrun for latest_only to 2022-12-27T07:27:31.131160+00:00, run_after=2022-12-27T11:27:31.131160+00:00
[2022-12-27T11:27:31.295+0000] {processor.py:175} INFO - Processing /home/airflow/.local/lib/python3.7/site-packages/airflow/example_dags/example_latest_only.py took 0.255 seconds
[2022-12-27T11:28:02.282+0000] {processor.py:153} INFO - Started process (PID=771) to work on /home/airflow/.local/lib/python3.7/site-packages/airflow/example_dags/example_latest_only.py
[2022-12-27T11:28:02.285+0000] {processor.py:743} INFO - Processing file /home/airflow/.local/lib/python3.7/site-packages/airflow/example_dags/example_latest_only.py for tasks to queue
[2022-12-27T11:28:02.288+0000] {logging_mixin.py:137} INFO - [2022-12-27T11:28:02.287+0000] {dagbag.py:538} INFO - Filling up the DagBag from /home/airflow/.local/lib/python3.7/site-packages/airflow/example_dags/example_latest_only.py
[2022-12-27T11:28:02.320+0000] {processor.py:753} INFO - DAG(s) dict_keys(['latest_only']) retrieved from /home/airflow/.local/lib/python3.7/site-packages/airflow/example_dags/example_latest_only.py
[2022-12-27T11:28:02.402+0000] {logging_mixin.py:137} INFO - [2022-12-27T11:28:02.402+0000] {dag.py:2676} INFO - Sync 1 DAGs
[2022-12-27T11:28:02.460+0000] {logging_mixin.py:137} INFO - [2022-12-27T11:28:02.460+0000] {dag.py:3427} INFO - Setting next_dagrun for latest_only to 2022-12-27T07:28:02.459754+00:00, run_after=2022-12-27T11:28:02.459754+00:00
[2022-12-27T11:28:02.553+0000] {processor.py:175} INFO - Processing /home/airflow/.local/lib/python3.7/site-packages/airflow/example_dags/example_latest_only.py took 0.280 seconds
[2022-12-27T11:28:33.215+0000] {processor.py:153} INFO - Started process (PID=836) to work on /home/airflow/.local/lib/python3.7/site-packages/airflow/example_dags/example_latest_only.py
[2022-12-27T11:28:33.216+0000] {processor.py:743} INFO - Processing file /home/airflow/.local/lib/python3.7/site-packages/airflow/example_dags/example_latest_only.py for tasks to queue
[2022-12-27T11:28:33.217+0000] {logging_mixin.py:137} INFO - [2022-12-27T11:28:33.217+0000] {dagbag.py:538} INFO - Filling up the DagBag from /home/airflow/.local/lib/python3.7/site-packages/airflow/example_dags/example_latest_only.py
[2022-12-27T11:28:33.234+0000] {processor.py:753} INFO - DAG(s) dict_keys(['latest_only']) retrieved from /home/airflow/.local/lib/python3.7/site-packages/airflow/example_dags/example_latest_only.py
[2022-12-27T11:28:33.274+0000] {logging_mixin.py:137} INFO - [2022-12-27T11:28:33.274+0000] {dag.py:2676} INFO - Sync 1 DAGs
[2022-12-27T11:28:33.305+0000] {logging_mixin.py:137} INFO - [2022-12-27T11:28:33.304+0000] {dag.py:3427} INFO - Setting next_dagrun for latest_only to 2022-12-27T07:28:33.304625+00:00, run_after=2022-12-27T11:28:33.304625+00:00
[2022-12-27T11:28:33.350+0000] {processor.py:175} INFO - Processing /home/airflow/.local/lib/python3.7/site-packages/airflow/example_dags/example_latest_only.py took 0.140 seconds
[2022-12-27T11:29:03.532+0000] {processor.py:153} INFO - Started process (PID=899) to work on /home/airflow/.local/lib/python3.7/site-packages/airflow/example_dags/example_latest_only.py
[2022-12-27T11:29:03.533+0000] {processor.py:743} INFO - Processing file /home/airflow/.local/lib/python3.7/site-packages/airflow/example_dags/example_latest_only.py for tasks to queue
[2022-12-27T11:29:03.534+0000] {logging_mixin.py:137} INFO - [2022-12-27T11:29:03.534+0000] {dagbag.py:538} INFO - Filling up the DagBag from /home/airflow/.local/lib/python3.7/site-packages/airflow/example_dags/example_latest_only.py
[2022-12-27T11:29:03.554+0000] {processor.py:753} INFO - DAG(s) dict_keys(['latest_only']) retrieved from /home/airflow/.local/lib/python3.7/site-packages/airflow/example_dags/example_latest_only.py
[2022-12-27T11:29:03.621+0000] {logging_mixin.py:137} INFO - [2022-12-27T11:29:03.620+0000] {dag.py:2676} INFO - Sync 1 DAGs
[2022-12-27T11:29:03.702+0000] {logging_mixin.py:137} INFO - [2022-12-27T11:29:03.702+0000] {dag.py:3427} INFO - Setting next_dagrun for latest_only to 2022-12-27T07:29:03.701794+00:00, run_after=2022-12-27T11:29:03.701794+00:00
[2022-12-27T11:29:03.793+0000] {processor.py:175} INFO - Processing /home/airflow/.local/lib/python3.7/site-packages/airflow/example_dags/example_latest_only.py took 0.266 seconds
[2022-12-27T11:29:33.920+0000] {processor.py:153} INFO - Started process (PID=961) to work on /home/airflow/.local/lib/python3.7/site-packages/airflow/example_dags/example_latest_only.py
[2022-12-27T11:29:33.922+0000] {processor.py:743} INFO - Processing file /home/airflow/.local/lib/python3.7/site-packages/airflow/example_dags/example_latest_only.py for tasks to queue
[2022-12-27T11:29:33.922+0000] {logging_mixin.py:137} INFO - [2022-12-27T11:29:33.922+0000] {dagbag.py:538} INFO - Filling up the DagBag from /home/airflow/.local/lib/python3.7/site-packages/airflow/example_dags/example_latest_only.py
[2022-12-27T11:29:33.939+0000] {processor.py:753} INFO - DAG(s) dict_keys(['latest_only']) retrieved from /home/airflow/.local/lib/python3.7/site-packages/airflow/example_dags/example_latest_only.py
[2022-12-27T11:29:33.981+0000] {logging_mixin.py:137} INFO - [2022-12-27T11:29:33.981+0000] {dag.py:2676} INFO - Sync 1 DAGs
[2022-12-27T11:29:34.009+0000] {logging_mixin.py:137} INFO - [2022-12-27T11:29:34.008+0000] {dag.py:3427} INFO - Setting next_dagrun for latest_only to 2022-12-27T07:29:34.008724+00:00, run_after=2022-12-27T11:29:34.008724+00:00
[2022-12-27T11:29:34.064+0000] {processor.py:175} INFO - Processing /home/airflow/.local/lib/python3.7/site-packages/airflow/example_dags/example_latest_only.py took 0.148 seconds
[2022-12-27T11:30:04.703+0000] {processor.py:153} INFO - Started process (PID=1035) to work on /home/airflow/.local/lib/python3.7/site-packages/airflow/example_dags/example_latest_only.py
[2022-12-27T11:30:04.704+0000] {processor.py:743} INFO - Processing file /home/airflow/.local/lib/python3.7/site-packages/airflow/example_dags/example_latest_only.py for tasks to queue
[2022-12-27T11:30:04.705+0000] {logging_mixin.py:137} INFO - [2022-12-27T11:30:04.705+0000] {dagbag.py:538} INFO - Filling up the DagBag from /home/airflow/.local/lib/python3.7/site-packages/airflow/example_dags/example_latest_only.py
[2022-12-27T11:30:04.722+0000] {processor.py:753} INFO - DAG(s) dict_keys(['latest_only']) retrieved from /home/airflow/.local/lib/python3.7/site-packages/airflow/example_dags/example_latest_only.py
[2022-12-27T11:30:04.764+0000] {logging_mixin.py:137} INFO - [2022-12-27T11:30:04.764+0000] {dag.py:2676} INFO - Sync 1 DAGs
[2022-12-27T11:30:04.798+0000] {logging_mixin.py:137} INFO - [2022-12-27T11:30:04.797+0000] {dag.py:3427} INFO - Setting next_dagrun for latest_only to 2022-12-27T07:30:04.797402+00:00, run_after=2022-12-27T11:30:04.797402+00:00
[2022-12-27T11:30:04.863+0000] {processor.py:175} INFO - Processing /home/airflow/.local/lib/python3.7/site-packages/airflow/example_dags/example_latest_only.py took 0.165 seconds
[2022-12-27T11:30:36.140+0000] {processor.py:153} INFO - Started process (PID=1097) to work on /home/airflow/.local/lib/python3.7/site-packages/airflow/example_dags/example_latest_only.py
[2022-12-27T11:30:36.141+0000] {processor.py:743} INFO - Processing file /home/airflow/.local/lib/python3.7/site-packages/airflow/example_dags/example_latest_only.py for tasks to queue
[2022-12-27T11:30:36.142+0000] {logging_mixin.py:137} INFO - [2022-12-27T11:30:36.142+0000] {dagbag.py:538} INFO - Filling up the DagBag from /home/airflow/.local/lib/python3.7/site-packages/airflow/example_dags/example_latest_only.py
[2022-12-27T11:30:36.164+0000] {processor.py:753} INFO - DAG(s) dict_keys(['latest_only']) retrieved from /home/airflow/.local/lib/python3.7/site-packages/airflow/example_dags/example_latest_only.py
[2022-12-27T11:30:36.215+0000] {logging_mixin.py:137} INFO - [2022-12-27T11:30:36.215+0000] {dag.py:2676} INFO - Sync 1 DAGs
[2022-12-27T11:30:36.255+0000] {logging_mixin.py:137} INFO - [2022-12-27T11:30:36.255+0000] {dag.py:3427} INFO - Setting next_dagrun for latest_only to 2022-12-27T07:30:36.254890+00:00, run_after=2022-12-27T11:30:36.254890+00:00
[2022-12-27T11:30:36.308+0000] {processor.py:175} INFO - Processing /home/airflow/.local/lib/python3.7/site-packages/airflow/example_dags/example_latest_only.py took 0.173 seconds
[2022-12-27T11:31:07.253+0000] {processor.py:153} INFO - Started process (PID=1172) to work on /home/airflow/.local/lib/python3.7/site-packages/airflow/example_dags/example_latest_only.py
[2022-12-27T11:31:07.256+0000] {processor.py:743} INFO - Processing file /home/airflow/.local/lib/python3.7/site-packages/airflow/example_dags/example_latest_only.py for tasks to queue
[2022-12-27T11:31:07.258+0000] {logging_mixin.py:137} INFO - [2022-12-27T11:31:07.258+0000] {dagbag.py:538} INFO - Filling up the DagBag from /home/airflow/.local/lib/python3.7/site-packages/airflow/example_dags/example_latest_only.py
[2022-12-27T11:31:07.291+0000] {processor.py:753} INFO - DAG(s) dict_keys(['latest_only']) retrieved from /home/airflow/.local/lib/python3.7/site-packages/airflow/example_dags/example_latest_only.py
[2022-12-27T11:31:07.385+0000] {logging_mixin.py:137} INFO - [2022-12-27T11:31:07.384+0000] {dag.py:2676} INFO - Sync 1 DAGs
[2022-12-27T11:31:07.454+0000] {logging_mixin.py:137} INFO - [2022-12-27T11:31:07.454+0000] {dag.py:3427} INFO - Setting next_dagrun for latest_only to 2022-12-27T07:31:07.453470+00:00, run_after=2022-12-27T11:31:07.453470+00:00
[2022-12-27T11:31:07.621+0000] {processor.py:175} INFO - Processing /home/airflow/.local/lib/python3.7/site-packages/airflow/example_dags/example_latest_only.py took 0.379 seconds
[2022-12-27T11:31:38.235+0000] {processor.py:153} INFO - Started process (PID=1234) to work on /home/airflow/.local/lib/python3.7/site-packages/airflow/example_dags/example_latest_only.py
[2022-12-27T11:31:38.237+0000] {processor.py:743} INFO - Processing file /home/airflow/.local/lib/python3.7/site-packages/airflow/example_dags/example_latest_only.py for tasks to queue
[2022-12-27T11:31:38.238+0000] {logging_mixin.py:137} INFO - [2022-12-27T11:31:38.238+0000] {dagbag.py:538} INFO - Filling up the DagBag from /home/airflow/.local/lib/python3.7/site-packages/airflow/example_dags/example_latest_only.py
[2022-12-27T11:31:38.259+0000] {processor.py:753} INFO - DAG(s) dict_keys(['latest_only']) retrieved from /home/airflow/.local/lib/python3.7/site-packages/airflow/example_dags/example_latest_only.py
[2022-12-27T11:31:38.321+0000] {logging_mixin.py:137} INFO - [2022-12-27T11:31:38.321+0000] {dag.py:2676} INFO - Sync 1 DAGs
[2022-12-27T11:31:38.361+0000] {logging_mixin.py:137} INFO - [2022-12-27T11:31:38.361+0000] {dag.py:3427} INFO - Setting next_dagrun for latest_only to 2022-12-27T07:31:38.360636+00:00, run_after=2022-12-27T11:31:38.360636+00:00
[2022-12-27T11:31:38.411+0000] {processor.py:175} INFO - Processing /home/airflow/.local/lib/python3.7/site-packages/airflow/example_dags/example_latest_only.py took 0.180 seconds
[2022-12-27T11:32:09.368+0000] {processor.py:153} INFO - Started process (PID=1303) to work on /home/airflow/.local/lib/python3.7/site-packages/airflow/example_dags/example_latest_only.py
[2022-12-27T11:32:09.369+0000] {processor.py:743} INFO - Processing file /home/airflow/.local/lib/python3.7/site-packages/airflow/example_dags/example_latest_only.py for tasks to queue
[2022-12-27T11:32:09.371+0000] {logging_mixin.py:137} INFO - [2022-12-27T11:32:09.371+0000] {dagbag.py:538} INFO - Filling up the DagBag from /home/airflow/.local/lib/python3.7/site-packages/airflow/example_dags/example_latest_only.py
[2022-12-27T11:32:09.393+0000] {processor.py:753} INFO - DAG(s) dict_keys(['latest_only']) retrieved from /home/airflow/.local/lib/python3.7/site-packages/airflow/example_dags/example_latest_only.py
[2022-12-27T11:32:09.449+0000] {logging_mixin.py:137} INFO - [2022-12-27T11:32:09.449+0000] {dag.py:2676} INFO - Sync 1 DAGs
[2022-12-27T11:32:09.488+0000] {logging_mixin.py:137} INFO - [2022-12-27T11:32:09.487+0000] {dag.py:3427} INFO - Setting next_dagrun for latest_only to 2022-12-27T07:32:09.487362+00:00, run_after=2022-12-27T11:32:09.487362+00:00
[2022-12-27T11:32:09.544+0000] {processor.py:175} INFO - Processing /home/airflow/.local/lib/python3.7/site-packages/airflow/example_dags/example_latest_only.py took 0.181 seconds
[2022-12-27T11:32:40.244+0000] {processor.py:153} INFO - Started process (PID=1371) to work on /home/airflow/.local/lib/python3.7/site-packages/airflow/example_dags/example_latest_only.py
[2022-12-27T11:32:40.245+0000] {processor.py:743} INFO - Processing file /home/airflow/.local/lib/python3.7/site-packages/airflow/example_dags/example_latest_only.py for tasks to queue
[2022-12-27T11:32:40.246+0000] {logging_mixin.py:137} INFO - [2022-12-27T11:32:40.246+0000] {dagbag.py:538} INFO - Filling up the DagBag from /home/airflow/.local/lib/python3.7/site-packages/airflow/example_dags/example_latest_only.py
[2022-12-27T11:32:40.261+0000] {processor.py:753} INFO - DAG(s) dict_keys(['latest_only']) retrieved from /home/airflow/.local/lib/python3.7/site-packages/airflow/example_dags/example_latest_only.py
[2022-12-27T11:32:40.298+0000] {logging_mixin.py:137} INFO - [2022-12-27T11:32:40.298+0000] {dag.py:2676} INFO - Sync 1 DAGs
[2022-12-27T11:32:40.325+0000] {logging_mixin.py:137} INFO - [2022-12-27T11:32:40.324+0000] {dag.py:3427} INFO - Setting next_dagrun for latest_only to 2022-12-27T07:32:40.324649+00:00, run_after=2022-12-27T11:32:40.324649+00:00
[2022-12-27T11:32:40.388+0000] {processor.py:175} INFO - Processing /home/airflow/.local/lib/python3.7/site-packages/airflow/example_dags/example_latest_only.py took 0.147 seconds
[2022-12-27T11:33:10.828+0000] {processor.py:153} INFO - Started process (PID=1433) to work on /home/airflow/.local/lib/python3.7/site-packages/airflow/example_dags/example_latest_only.py
[2022-12-27T11:33:10.829+0000] {processor.py:743} INFO - Processing file /home/airflow/.local/lib/python3.7/site-packages/airflow/example_dags/example_latest_only.py for tasks to queue
[2022-12-27T11:33:10.830+0000] {logging_mixin.py:137} INFO - [2022-12-27T11:33:10.830+0000] {dagbag.py:538} INFO - Filling up the DagBag from /home/airflow/.local/lib/python3.7/site-packages/airflow/example_dags/example_latest_only.py
[2022-12-27T11:33:10.850+0000] {processor.py:753} INFO - DAG(s) dict_keys(['latest_only']) retrieved from /home/airflow/.local/lib/python3.7/site-packages/airflow/example_dags/example_latest_only.py
[2022-12-27T11:33:10.895+0000] {logging_mixin.py:137} INFO - [2022-12-27T11:33:10.895+0000] {dag.py:2676} INFO - Sync 1 DAGs
[2022-12-27T11:33:10.934+0000] {logging_mixin.py:137} INFO - [2022-12-27T11:33:10.934+0000] {dag.py:3427} INFO - Setting next_dagrun for latest_only to 2022-12-27T07:33:10.934233+00:00, run_after=2022-12-27T11:33:10.934233+00:00
[2022-12-27T11:33:11.001+0000] {processor.py:175} INFO - Processing /home/airflow/.local/lib/python3.7/site-packages/airflow/example_dags/example_latest_only.py took 0.177 seconds
[2022-12-27T11:33:41.227+0000] {processor.py:153} INFO - Started process (PID=1495) to work on /home/airflow/.local/lib/python3.7/site-packages/airflow/example_dags/example_latest_only.py
[2022-12-27T11:33:41.230+0000] {processor.py:743} INFO - Processing file /home/airflow/.local/lib/python3.7/site-packages/airflow/example_dags/example_latest_only.py for tasks to queue
[2022-12-27T11:33:41.232+0000] {logging_mixin.py:137} INFO - [2022-12-27T11:33:41.232+0000] {dagbag.py:538} INFO - Filling up the DagBag from /home/airflow/.local/lib/python3.7/site-packages/airflow/example_dags/example_latest_only.py
[2022-12-27T11:33:41.264+0000] {processor.py:753} INFO - DAG(s) dict_keys(['latest_only']) retrieved from /home/airflow/.local/lib/python3.7/site-packages/airflow/example_dags/example_latest_only.py
[2022-12-27T11:33:41.346+0000] {logging_mixin.py:137} INFO - [2022-12-27T11:33:41.346+0000] {dag.py:2676} INFO - Sync 1 DAGs
[2022-12-27T11:33:41.406+0000] {logging_mixin.py:137} INFO - [2022-12-27T11:33:41.405+0000] {dag.py:3427} INFO - Setting next_dagrun for latest_only to 2022-12-27T07:33:41.405340+00:00, run_after=2022-12-27T11:33:41.405340+00:00
[2022-12-27T11:33:41.473+0000] {processor.py:175} INFO - Processing /home/airflow/.local/lib/python3.7/site-packages/airflow/example_dags/example_latest_only.py took 0.254 seconds
[2022-12-27T11:34:12.068+0000] {processor.py:153} INFO - Started process (PID=1569) to work on /home/airflow/.local/lib/python3.7/site-packages/airflow/example_dags/example_latest_only.py
[2022-12-27T11:34:12.069+0000] {processor.py:743} INFO - Processing file /home/airflow/.local/lib/python3.7/site-packages/airflow/example_dags/example_latest_only.py for tasks to queue
[2022-12-27T11:34:12.071+0000] {logging_mixin.py:137} INFO - [2022-12-27T11:34:12.071+0000] {dagbag.py:538} INFO - Filling up the DagBag from /home/airflow/.local/lib/python3.7/site-packages/airflow/example_dags/example_latest_only.py
[2022-12-27T11:34:12.092+0000] {processor.py:753} INFO - DAG(s) dict_keys(['latest_only']) retrieved from /home/airflow/.local/lib/python3.7/site-packages/airflow/example_dags/example_latest_only.py
[2022-12-27T11:34:12.151+0000] {logging_mixin.py:137} INFO - [2022-12-27T11:34:12.151+0000] {dag.py:2676} INFO - Sync 1 DAGs
[2022-12-27T11:34:12.194+0000] {logging_mixin.py:137} INFO - [2022-12-27T11:34:12.194+0000] {dag.py:3427} INFO - Setting next_dagrun for latest_only to 2022-12-27T07:34:12.193699+00:00, run_after=2022-12-27T11:34:12.193699+00:00
[2022-12-27T11:34:12.261+0000] {processor.py:175} INFO - Processing /home/airflow/.local/lib/python3.7/site-packages/airflow/example_dags/example_latest_only.py took 0.198 seconds
[2022-12-27T11:34:42.465+0000] {processor.py:153} INFO - Started process (PID=1631) to work on /home/airflow/.local/lib/python3.7/site-packages/airflow/example_dags/example_latest_only.py
[2022-12-27T11:34:42.466+0000] {processor.py:743} INFO - Processing file /home/airflow/.local/lib/python3.7/site-packages/airflow/example_dags/example_latest_only.py for tasks to queue
[2022-12-27T11:34:42.467+0000] {logging_mixin.py:137} INFO - [2022-12-27T11:34:42.467+0000] {dagbag.py:538} INFO - Filling up the DagBag from /home/airflow/.local/lib/python3.7/site-packages/airflow/example_dags/example_latest_only.py
[2022-12-27T11:34:42.485+0000] {processor.py:753} INFO - DAG(s) dict_keys(['latest_only']) retrieved from /home/airflow/.local/lib/python3.7/site-packages/airflow/example_dags/example_latest_only.py
[2022-12-27T11:34:42.527+0000] {logging_mixin.py:137} INFO - [2022-12-27T11:34:42.527+0000] {dag.py:2676} INFO - Sync 1 DAGs
[2022-12-27T11:34:42.558+0000] {logging_mixin.py:137} INFO - [2022-12-27T11:34:42.558+0000] {dag.py:3427} INFO - Setting next_dagrun for latest_only to 2022-12-27T07:34:42.557998+00:00, run_after=2022-12-27T11:34:42.557998+00:00
[2022-12-27T11:34:42.602+0000] {processor.py:175} INFO - Processing /home/airflow/.local/lib/python3.7/site-packages/airflow/example_dags/example_latest_only.py took 0.141 seconds
[2022-12-27T11:35:13.169+0000] {processor.py:153} INFO - Started process (PID=1693) to work on /home/airflow/.local/lib/python3.7/site-packages/airflow/example_dags/example_latest_only.py
[2022-12-27T11:35:13.172+0000] {processor.py:743} INFO - Processing file /home/airflow/.local/lib/python3.7/site-packages/airflow/example_dags/example_latest_only.py for tasks to queue
[2022-12-27T11:35:13.174+0000] {logging_mixin.py:137} INFO - [2022-12-27T11:35:13.174+0000] {dagbag.py:538} INFO - Filling up the DagBag from /home/airflow/.local/lib/python3.7/site-packages/airflow/example_dags/example_latest_only.py
[2022-12-27T11:35:13.214+0000] {processor.py:753} INFO - DAG(s) dict_keys(['latest_only']) retrieved from /home/airflow/.local/lib/python3.7/site-packages/airflow/example_dags/example_latest_only.py
[2022-12-27T11:35:13.299+0000] {logging_mixin.py:137} INFO - [2022-12-27T11:35:13.299+0000] {dag.py:2676} INFO - Sync 1 DAGs
[2022-12-27T11:35:13.363+0000] {logging_mixin.py:137} INFO - [2022-12-27T11:35:13.363+0000] {dag.py:3427} INFO - Setting next_dagrun for latest_only to 2022-12-27T07:35:13.362550+00:00, run_after=2022-12-27T11:35:13.362550+00:00
[2022-12-27T11:35:13.436+0000] {processor.py:175} INFO - Processing /home/airflow/.local/lib/python3.7/site-packages/airflow/example_dags/example_latest_only.py took 0.278 seconds
[2022-12-27T11:35:43.712+0000] {processor.py:153} INFO - Started process (PID=1768) to work on /home/airflow/.local/lib/python3.7/site-packages/airflow/example_dags/example_latest_only.py
[2022-12-27T11:35:43.714+0000] {processor.py:743} INFO - Processing file /home/airflow/.local/lib/python3.7/site-packages/airflow/example_dags/example_latest_only.py for tasks to queue
[2022-12-27T11:35:43.715+0000] {logging_mixin.py:137} INFO - [2022-12-27T11:35:43.715+0000] {dagbag.py:538} INFO - Filling up the DagBag from /home/airflow/.local/lib/python3.7/site-packages/airflow/example_dags/example_latest_only.py
[2022-12-27T11:35:43.747+0000] {processor.py:753} INFO - DAG(s) dict_keys(['latest_only']) retrieved from /home/airflow/.local/lib/python3.7/site-packages/airflow/example_dags/example_latest_only.py
[2022-12-27T11:35:43.827+0000] {logging_mixin.py:137} INFO - [2022-12-27T11:35:43.826+0000] {dag.py:2676} INFO - Sync 1 DAGs
[2022-12-27T11:35:43.901+0000] {logging_mixin.py:137} INFO - [2022-12-27T11:35:43.901+0000] {dag.py:3427} INFO - Setting next_dagrun for latest_only to 2022-12-27T07:35:43.900955+00:00, run_after=2022-12-27T11:35:43.900955+00:00
[2022-12-27T11:35:44.028+0000] {processor.py:175} INFO - Processing /home/airflow/.local/lib/python3.7/site-packages/airflow/example_dags/example_latest_only.py took 0.327 seconds
[2022-12-27T11:36:14.906+0000] {processor.py:153} INFO - Started process (PID=1831) to work on /home/airflow/.local/lib/python3.7/site-packages/airflow/example_dags/example_latest_only.py
[2022-12-27T11:36:14.907+0000] {processor.py:743} INFO - Processing file /home/airflow/.local/lib/python3.7/site-packages/airflow/example_dags/example_latest_only.py for tasks to queue
[2022-12-27T11:36:14.908+0000] {logging_mixin.py:137} INFO - [2022-12-27T11:36:14.908+0000] {dagbag.py:538} INFO - Filling up the DagBag from /home/airflow/.local/lib/python3.7/site-packages/airflow/example_dags/example_latest_only.py
[2022-12-27T11:36:14.927+0000] {processor.py:753} INFO - DAG(s) dict_keys(['latest_only']) retrieved from /home/airflow/.local/lib/python3.7/site-packages/airflow/example_dags/example_latest_only.py
[2022-12-27T11:36:14.971+0000] {logging_mixin.py:137} INFO - [2022-12-27T11:36:14.970+0000] {dag.py:2676} INFO - Sync 1 DAGs
[2022-12-27T11:36:15.003+0000] {logging_mixin.py:137} INFO - [2022-12-27T11:36:15.003+0000] {dag.py:3427} INFO - Setting next_dagrun for latest_only to 2022-12-27T07:36:15.003520+00:00, run_after=2022-12-27T11:36:15.003520+00:00
[2022-12-27T11:36:15.088+0000] {processor.py:175} INFO - Processing /home/airflow/.local/lib/python3.7/site-packages/airflow/example_dags/example_latest_only.py took 0.189 seconds
[2022-12-27T11:36:45.598+0000] {processor.py:153} INFO - Started process (PID=1893) to work on /home/airflow/.local/lib/python3.7/site-packages/airflow/example_dags/example_latest_only.py
[2022-12-27T11:36:45.601+0000] {processor.py:743} INFO - Processing file /home/airflow/.local/lib/python3.7/site-packages/airflow/example_dags/example_latest_only.py for tasks to queue
[2022-12-27T11:36:45.603+0000] {logging_mixin.py:137} INFO - [2022-12-27T11:36:45.603+0000] {dagbag.py:538} INFO - Filling up the DagBag from /home/airflow/.local/lib/python3.7/site-packages/airflow/example_dags/example_latest_only.py
[2022-12-27T11:36:45.643+0000] {processor.py:753} INFO - DAG(s) dict_keys(['latest_only']) retrieved from /home/airflow/.local/lib/python3.7/site-packages/airflow/example_dags/example_latest_only.py
[2022-12-27T11:36:45.731+0000] {logging_mixin.py:137} INFO - [2022-12-27T11:36:45.731+0000] {dag.py:2676} INFO - Sync 1 DAGs
[2022-12-27T11:36:45.816+0000] {logging_mixin.py:137} INFO - [2022-12-27T11:36:45.816+0000] {dag.py:3427} INFO - Setting next_dagrun for latest_only to 2022-12-27T07:36:45.815655+00:00, run_after=2022-12-27T11:36:45.815655+00:00
[2022-12-27T11:36:45.913+0000] {processor.py:175} INFO - Processing /home/airflow/.local/lib/python3.7/site-packages/airflow/example_dags/example_latest_only.py took 0.323 seconds
[2022-12-27T11:37:16.392+0000] {processor.py:153} INFO - Started process (PID=1956) to work on /home/airflow/.local/lib/python3.7/site-packages/airflow/example_dags/example_latest_only.py
[2022-12-27T11:37:16.395+0000] {processor.py:743} INFO - Processing file /home/airflow/.local/lib/python3.7/site-packages/airflow/example_dags/example_latest_only.py for tasks to queue
[2022-12-27T11:37:16.396+0000] {logging_mixin.py:137} INFO - [2022-12-27T11:37:16.396+0000] {dagbag.py:538} INFO - Filling up the DagBag from /home/airflow/.local/lib/python3.7/site-packages/airflow/example_dags/example_latest_only.py
[2022-12-27T11:37:16.433+0000] {processor.py:753} INFO - DAG(s) dict_keys(['latest_only']) retrieved from /home/airflow/.local/lib/python3.7/site-packages/airflow/example_dags/example_latest_only.py
[2022-12-27T11:37:16.528+0000] {logging_mixin.py:137} INFO - [2022-12-27T11:37:16.527+0000] {dag.py:2676} INFO - Sync 1 DAGs
[2022-12-27T11:37:16.588+0000] {logging_mixin.py:137} INFO - [2022-12-27T11:37:16.587+0000] {dag.py:3427} INFO - Setting next_dagrun for latest_only to 2022-12-27T07:37:16.587166+00:00, run_after=2022-12-27T11:37:16.587166+00:00
[2022-12-27T11:37:16.805+0000] {processor.py:175} INFO - Processing /home/airflow/.local/lib/python3.7/site-packages/airflow/example_dags/example_latest_only.py took 0.420 seconds
[2022-12-27T11:37:47.720+0000] {processor.py:153} INFO - Started process (PID=2031) to work on /home/airflow/.local/lib/python3.7/site-packages/airflow/example_dags/example_latest_only.py
[2022-12-27T11:37:47.729+0000] {processor.py:743} INFO - Processing file /home/airflow/.local/lib/python3.7/site-packages/airflow/example_dags/example_latest_only.py for tasks to queue
[2022-12-27T11:37:47.730+0000] {logging_mixin.py:137} INFO - [2022-12-27T11:37:47.730+0000] {dagbag.py:538} INFO - Filling up the DagBag from /home/airflow/.local/lib/python3.7/site-packages/airflow/example_dags/example_latest_only.py
[2022-12-27T11:37:47.748+0000] {processor.py:753} INFO - DAG(s) dict_keys(['latest_only']) retrieved from /home/airflow/.local/lib/python3.7/site-packages/airflow/example_dags/example_latest_only.py
[2022-12-27T11:37:47.795+0000] {logging_mixin.py:137} INFO - [2022-12-27T11:37:47.795+0000] {dag.py:2676} INFO - Sync 1 DAGs
[2022-12-27T11:37:47.829+0000] {logging_mixin.py:137} INFO - [2022-12-27T11:37:47.829+0000] {dag.py:3427} INFO - Setting next_dagrun for latest_only to 2022-12-27T07:37:47.829027+00:00, run_after=2022-12-27T11:37:47.829027+00:00
[2022-12-27T11:37:47.940+0000] {processor.py:175} INFO - Processing /home/airflow/.local/lib/python3.7/site-packages/airflow/example_dags/example_latest_only.py took 0.225 seconds
[2022-12-27T11:38:18.809+0000] {processor.py:153} INFO - Started process (PID=2094) to work on /home/airflow/.local/lib/python3.7/site-packages/airflow/example_dags/example_latest_only.py
[2022-12-27T11:38:18.811+0000] {processor.py:743} INFO - Processing file /home/airflow/.local/lib/python3.7/site-packages/airflow/example_dags/example_latest_only.py for tasks to queue
[2022-12-27T11:38:18.811+0000] {logging_mixin.py:137} INFO - [2022-12-27T11:38:18.811+0000] {dagbag.py:538} INFO - Filling up the DagBag from /home/airflow/.local/lib/python3.7/site-packages/airflow/example_dags/example_latest_only.py
[2022-12-27T11:38:18.832+0000] {processor.py:753} INFO - DAG(s) dict_keys(['latest_only']) retrieved from /home/airflow/.local/lib/python3.7/site-packages/airflow/example_dags/example_latest_only.py
[2022-12-27T11:38:18.884+0000] {logging_mixin.py:137} INFO - [2022-12-27T11:38:18.883+0000] {dag.py:2676} INFO - Sync 1 DAGs
[2022-12-27T11:38:18.920+0000] {logging_mixin.py:137} INFO - [2022-12-27T11:38:18.920+0000] {dag.py:3427} INFO - Setting next_dagrun for latest_only to 2022-12-27T07:38:18.920116+00:00, run_after=2022-12-27T11:38:18.920116+00:00
[2022-12-27T11:38:18.994+0000] {processor.py:175} INFO - Processing /home/airflow/.local/lib/python3.7/site-packages/airflow/example_dags/example_latest_only.py took 0.189 seconds
[2022-12-27T11:38:49.542+0000] {processor.py:153} INFO - Started process (PID=2156) to work on /home/airflow/.local/lib/python3.7/site-packages/airflow/example_dags/example_latest_only.py
[2022-12-27T11:38:49.544+0000] {processor.py:743} INFO - Processing file /home/airflow/.local/lib/python3.7/site-packages/airflow/example_dags/example_latest_only.py for tasks to queue
[2022-12-27T11:38:49.545+0000] {logging_mixin.py:137} INFO - [2022-12-27T11:38:49.545+0000] {dagbag.py:538} INFO - Filling up the DagBag from /home/airflow/.local/lib/python3.7/site-packages/airflow/example_dags/example_latest_only.py
[2022-12-27T11:38:49.570+0000] {processor.py:753} INFO - DAG(s) dict_keys(['latest_only']) retrieved from /home/airflow/.local/lib/python3.7/site-packages/airflow/example_dags/example_latest_only.py
[2022-12-27T11:38:49.614+0000] {logging_mixin.py:137} INFO - [2022-12-27T11:38:49.614+0000] {dag.py:2676} INFO - Sync 1 DAGs
[2022-12-27T11:38:49.646+0000] {logging_mixin.py:137} INFO - [2022-12-27T11:38:49.646+0000] {dag.py:3427} INFO - Setting next_dagrun for latest_only to 2022-12-27T07:38:49.646255+00:00, run_after=2022-12-27T11:38:49.646255+00:00
[2022-12-27T11:38:49.746+0000] {processor.py:175} INFO - Processing /home/airflow/.local/lib/python3.7/site-packages/airflow/example_dags/example_latest_only.py took 0.210 seconds
[2022-12-27T11:39:19.954+0000] {processor.py:153} INFO - Started process (PID=2229) to work on /home/airflow/.local/lib/python3.7/site-packages/airflow/example_dags/example_latest_only.py
[2022-12-27T11:39:19.956+0000] {processor.py:743} INFO - Processing file /home/airflow/.local/lib/python3.7/site-packages/airflow/example_dags/example_latest_only.py for tasks to queue
[2022-12-27T11:39:19.957+0000] {logging_mixin.py:137} INFO - [2022-12-27T11:39:19.957+0000] {dagbag.py:538} INFO - Filling up the DagBag from /home/airflow/.local/lib/python3.7/site-packages/airflow/example_dags/example_latest_only.py
[2022-12-27T11:39:19.976+0000] {processor.py:753} INFO - DAG(s) dict_keys(['latest_only']) retrieved from /home/airflow/.local/lib/python3.7/site-packages/airflow/example_dags/example_latest_only.py
[2022-12-27T11:39:20.020+0000] {logging_mixin.py:137} INFO - [2022-12-27T11:39:20.020+0000] {dag.py:2676} INFO - Sync 1 DAGs
[2022-12-27T11:39:20.049+0000] {logging_mixin.py:137} INFO - [2022-12-27T11:39:20.049+0000] {dag.py:3427} INFO - Setting next_dagrun for latest_only to 2022-12-27T07:39:20.049213+00:00, run_after=2022-12-27T11:39:20.049213+00:00
[2022-12-27T11:39:20.098+0000] {processor.py:175} INFO - Processing /home/airflow/.local/lib/python3.7/site-packages/airflow/example_dags/example_latest_only.py took 0.153 seconds
[2022-12-27T11:39:50.308+0000] {processor.py:153} INFO - Started process (PID=2291) to work on /home/airflow/.local/lib/python3.7/site-packages/airflow/example_dags/example_latest_only.py
[2022-12-27T11:39:50.309+0000] {processor.py:743} INFO - Processing file /home/airflow/.local/lib/python3.7/site-packages/airflow/example_dags/example_latest_only.py for tasks to queue
[2022-12-27T11:39:50.310+0000] {logging_mixin.py:137} INFO - [2022-12-27T11:39:50.310+0000] {dagbag.py:538} INFO - Filling up the DagBag from /home/airflow/.local/lib/python3.7/site-packages/airflow/example_dags/example_latest_only.py
[2022-12-27T11:39:50.328+0000] {processor.py:753} INFO - DAG(s) dict_keys(['latest_only']) retrieved from /home/airflow/.local/lib/python3.7/site-packages/airflow/example_dags/example_latest_only.py
[2022-12-27T11:39:50.381+0000] {logging_mixin.py:137} INFO - [2022-12-27T11:39:50.380+0000] {dag.py:2676} INFO - Sync 1 DAGs
[2022-12-27T11:39:50.424+0000] {logging_mixin.py:137} INFO - [2022-12-27T11:39:50.424+0000] {dag.py:3427} INFO - Setting next_dagrun for latest_only to 2022-12-27T07:39:50.424015+00:00, run_after=2022-12-27T11:39:50.424015+00:00
[2022-12-27T11:39:50.475+0000] {processor.py:175} INFO - Processing /home/airflow/.local/lib/python3.7/site-packages/airflow/example_dags/example_latest_only.py took 0.171 seconds
[2022-12-27T11:40:21.024+0000] {processor.py:153} INFO - Started process (PID=2353) to work on /home/airflow/.local/lib/python3.7/site-packages/airflow/example_dags/example_latest_only.py
[2022-12-27T11:40:21.026+0000] {processor.py:743} INFO - Processing file /home/airflow/.local/lib/python3.7/site-packages/airflow/example_dags/example_latest_only.py for tasks to queue
[2022-12-27T11:40:21.028+0000] {logging_mixin.py:137} INFO - [2022-12-27T11:40:21.028+0000] {dagbag.py:538} INFO - Filling up the DagBag from /home/airflow/.local/lib/python3.7/site-packages/airflow/example_dags/example_latest_only.py
[2022-12-27T11:40:21.050+0000] {processor.py:753} INFO - DAG(s) dict_keys(['latest_only']) retrieved from /home/airflow/.local/lib/python3.7/site-packages/airflow/example_dags/example_latest_only.py
[2022-12-27T11:40:21.118+0000] {logging_mixin.py:137} INFO - [2022-12-27T11:40:21.118+0000] {dag.py:2676} INFO - Sync 1 DAGs
[2022-12-27T11:40:21.157+0000] {logging_mixin.py:137} INFO - [2022-12-27T11:40:21.157+0000] {dag.py:3427} INFO - Setting next_dagrun for latest_only to 2022-12-27T07:40:21.157526+00:00, run_after=2022-12-27T11:40:21.157526+00:00
[2022-12-27T11:40:21.230+0000] {processor.py:175} INFO - Processing /home/airflow/.local/lib/python3.7/site-packages/airflow/example_dags/example_latest_only.py took 0.216 seconds
[2022-12-27T11:40:51.963+0000] {processor.py:153} INFO - Started process (PID=2415) to work on /home/airflow/.local/lib/python3.7/site-packages/airflow/example_dags/example_latest_only.py
[2022-12-27T11:40:51.965+0000] {processor.py:743} INFO - Processing file /home/airflow/.local/lib/python3.7/site-packages/airflow/example_dags/example_latest_only.py for tasks to queue
[2022-12-27T11:40:51.967+0000] {logging_mixin.py:137} INFO - [2022-12-27T11:40:51.967+0000] {dagbag.py:538} INFO - Filling up the DagBag from /home/airflow/.local/lib/python3.7/site-packages/airflow/example_dags/example_latest_only.py
[2022-12-27T11:40:51.994+0000] {processor.py:753} INFO - DAG(s) dict_keys(['latest_only']) retrieved from /home/airflow/.local/lib/python3.7/site-packages/airflow/example_dags/example_latest_only.py
[2022-12-27T11:40:52.038+0000] {logging_mixin.py:137} INFO - [2022-12-27T11:40:52.037+0000] {dag.py:2676} INFO - Sync 1 DAGs
[2022-12-27T11:40:52.091+0000] {logging_mixin.py:137} INFO - [2022-12-27T11:40:52.091+0000] {dag.py:3427} INFO - Setting next_dagrun for latest_only to 2022-12-27T07:40:52.091082+00:00, run_after=2022-12-27T11:40:52.091082+00:00
[2022-12-27T11:40:52.190+0000] {processor.py:175} INFO - Processing /home/airflow/.local/lib/python3.7/site-packages/airflow/example_dags/example_latest_only.py took 0.233 seconds
[2022-12-27T11:41:22.368+0000] {processor.py:153} INFO - Started process (PID=2476) to work on /home/airflow/.local/lib/python3.7/site-packages/airflow/example_dags/example_latest_only.py
[2022-12-27T11:41:22.369+0000] {processor.py:743} INFO - Processing file /home/airflow/.local/lib/python3.7/site-packages/airflow/example_dags/example_latest_only.py for tasks to queue
[2022-12-27T11:41:22.370+0000] {logging_mixin.py:137} INFO - [2022-12-27T11:41:22.370+0000] {dagbag.py:538} INFO - Filling up the DagBag from /home/airflow/.local/lib/python3.7/site-packages/airflow/example_dags/example_latest_only.py
[2022-12-27T11:41:22.386+0000] {processor.py:753} INFO - DAG(s) dict_keys(['latest_only']) retrieved from /home/airflow/.local/lib/python3.7/site-packages/airflow/example_dags/example_latest_only.py
[2022-12-27T11:41:22.434+0000] {logging_mixin.py:137} INFO - [2022-12-27T11:41:22.434+0000] {dag.py:2676} INFO - Sync 1 DAGs
[2022-12-27T11:41:22.464+0000] {logging_mixin.py:137} INFO - [2022-12-27T11:41:22.464+0000] {dag.py:3427} INFO - Setting next_dagrun for latest_only to 2022-12-27T07:41:22.464362+00:00, run_after=2022-12-27T11:41:22.464362+00:00
[2022-12-27T11:41:22.707+0000] {processor.py:175} INFO - Processing /home/airflow/.local/lib/python3.7/site-packages/airflow/example_dags/example_latest_only.py took 0.344 seconds
[2022-12-27T11:41:52.898+0000] {processor.py:153} INFO - Started process (PID=2546) to work on /home/airflow/.local/lib/python3.7/site-packages/airflow/example_dags/example_latest_only.py
[2022-12-27T11:41:52.899+0000] {processor.py:743} INFO - Processing file /home/airflow/.local/lib/python3.7/site-packages/airflow/example_dags/example_latest_only.py for tasks to queue
[2022-12-27T11:41:52.900+0000] {logging_mixin.py:137} INFO - [2022-12-27T11:41:52.900+0000] {dagbag.py:538} INFO - Filling up the DagBag from /home/airflow/.local/lib/python3.7/site-packages/airflow/example_dags/example_latest_only.py
[2022-12-27T11:41:52.919+0000] {processor.py:753} INFO - DAG(s) dict_keys(['latest_only']) retrieved from /home/airflow/.local/lib/python3.7/site-packages/airflow/example_dags/example_latest_only.py
[2022-12-27T11:41:52.970+0000] {logging_mixin.py:137} INFO - [2022-12-27T11:41:52.970+0000] {dag.py:2676} INFO - Sync 1 DAGs
[2022-12-27T11:41:53.010+0000] {logging_mixin.py:137} INFO - [2022-12-27T11:41:53.010+0000] {dag.py:3427} INFO - Setting next_dagrun for latest_only to 2022-12-27T07:41:53.009791+00:00, run_after=2022-12-27T11:41:53.009791+00:00
[2022-12-27T11:41:53.233+0000] {processor.py:175} INFO - Processing /home/airflow/.local/lib/python3.7/site-packages/airflow/example_dags/example_latest_only.py took 0.341 seconds
