[2022-12-27T11:22:22.269+0000] {processor.py:153} INFO - Started process (PID=48) to work on /home/airflow/.local/lib/python3.7/site-packages/airflow/example_dags/example_branch_operator.py
[2022-12-27T11:22:22.271+0000] {processor.py:743} INFO - Processing file /home/airflow/.local/lib/python3.7/site-packages/airflow/example_dags/example_branch_operator.py for tasks to queue
[2022-12-27T11:22:22.273+0000] {logging_mixin.py:137} INFO - [2022-12-27T11:22:22.273+0000] {dagbag.py:538} INFO - Filling up the DagBag from /home/airflow/.local/lib/python3.7/site-packages/airflow/example_dags/example_branch_operator.py
[2022-12-27T11:22:22.314+0000] {processor.py:753} INFO - DAG(s) dict_keys(['example_branch_operator']) retrieved from /home/airflow/.local/lib/python3.7/site-packages/airflow/example_dags/example_branch_operator.py
[2022-12-27T11:22:22.422+0000] {logging_mixin.py:137} INFO - [2022-12-27T11:22:22.422+0000] {dag.py:2676} INFO - Sync 1 DAGs
[2022-12-27T11:22:22.485+0000] {logging_mixin.py:137} INFO - [2022-12-27T11:22:22.484+0000] {dag.py:3427} INFO - Setting next_dagrun for example_branch_operator to 2022-12-26T00:00:00+00:00, run_after=2022-12-27T00:00:00+00:00
[2022-12-27T11:22:22.909+0000] {processor.py:175} INFO - Processing /home/airflow/.local/lib/python3.7/site-packages/airflow/example_dags/example_branch_operator.py took 0.647 seconds
[2022-12-27T11:22:53.003+0000] {processor.py:153} INFO - Started process (PID=110) to work on /home/airflow/.local/lib/python3.7/site-packages/airflow/example_dags/example_branch_operator.py
[2022-12-27T11:22:53.005+0000] {processor.py:743} INFO - Processing file /home/airflow/.local/lib/python3.7/site-packages/airflow/example_dags/example_branch_operator.py for tasks to queue
[2022-12-27T11:22:53.007+0000] {logging_mixin.py:137} INFO - [2022-12-27T11:22:53.007+0000] {dagbag.py:538} INFO - Filling up the DagBag from /home/airflow/.local/lib/python3.7/site-packages/airflow/example_dags/example_branch_operator.py
[2022-12-27T11:22:53.046+0000] {processor.py:753} INFO - DAG(s) dict_keys(['example_branch_operator']) retrieved from /home/airflow/.local/lib/python3.7/site-packages/airflow/example_dags/example_branch_operator.py
[2022-12-27T11:22:53.088+0000] {logging_mixin.py:137} INFO - [2022-12-27T11:22:53.088+0000] {dag.py:2676} INFO - Sync 1 DAGs
[2022-12-27T11:22:53.115+0000] {logging_mixin.py:137} INFO - [2022-12-27T11:22:53.115+0000] {dag.py:3427} INFO - Setting next_dagrun for example_branch_operator to 2022-12-26T00:00:00+00:00, run_after=2022-12-27T00:00:00+00:00
[2022-12-27T11:22:53.261+0000] {processor.py:175} INFO - Processing /home/airflow/.local/lib/python3.7/site-packages/airflow/example_dags/example_branch_operator.py took 0.268 seconds
[2022-12-27T11:23:23.678+0000] {processor.py:153} INFO - Started process (PID=173) to work on /home/airflow/.local/lib/python3.7/site-packages/airflow/example_dags/example_branch_operator.py
[2022-12-27T11:23:23.679+0000] {processor.py:743} INFO - Processing file /home/airflow/.local/lib/python3.7/site-packages/airflow/example_dags/example_branch_operator.py for tasks to queue
[2022-12-27T11:23:23.680+0000] {logging_mixin.py:137} INFO - [2022-12-27T11:23:23.680+0000] {dagbag.py:538} INFO - Filling up the DagBag from /home/airflow/.local/lib/python3.7/site-packages/airflow/example_dags/example_branch_operator.py
[2022-12-27T11:23:23.699+0000] {processor.py:753} INFO - DAG(s) dict_keys(['example_branch_operator']) retrieved from /home/airflow/.local/lib/python3.7/site-packages/airflow/example_dags/example_branch_operator.py
[2022-12-27T11:23:23.738+0000] {logging_mixin.py:137} INFO - [2022-12-27T11:23:23.738+0000] {dag.py:2676} INFO - Sync 1 DAGs
[2022-12-27T11:23:23.765+0000] {logging_mixin.py:137} INFO - [2022-12-27T11:23:23.765+0000] {dag.py:3427} INFO - Setting next_dagrun for example_branch_operator to 2022-12-26T00:00:00+00:00, run_after=2022-12-27T00:00:00+00:00
[2022-12-27T11:23:23.812+0000] {processor.py:175} INFO - Processing /home/airflow/.local/lib/python3.7/site-packages/airflow/example_dags/example_branch_operator.py took 0.140 seconds
[2022-12-27T11:23:54.819+0000] {processor.py:153} INFO - Started process (PID=235) to work on /home/airflow/.local/lib/python3.7/site-packages/airflow/example_dags/example_branch_operator.py
[2022-12-27T11:23:54.820+0000] {processor.py:743} INFO - Processing file /home/airflow/.local/lib/python3.7/site-packages/airflow/example_dags/example_branch_operator.py for tasks to queue
[2022-12-27T11:23:54.821+0000] {logging_mixin.py:137} INFO - [2022-12-27T11:23:54.821+0000] {dagbag.py:538} INFO - Filling up the DagBag from /home/airflow/.local/lib/python3.7/site-packages/airflow/example_dags/example_branch_operator.py
[2022-12-27T11:23:54.843+0000] {processor.py:753} INFO - DAG(s) dict_keys(['example_branch_operator']) retrieved from /home/airflow/.local/lib/python3.7/site-packages/airflow/example_dags/example_branch_operator.py
[2022-12-27T11:23:54.882+0000] {logging_mixin.py:137} INFO - [2022-12-27T11:23:54.882+0000] {dag.py:2676} INFO - Sync 1 DAGs
[2022-12-27T11:23:54.910+0000] {logging_mixin.py:137} INFO - [2022-12-27T11:23:54.910+0000] {dag.py:3427} INFO - Setting next_dagrun for example_branch_operator to 2022-12-26T00:00:00+00:00, run_after=2022-12-27T00:00:00+00:00
[2022-12-27T11:23:54.962+0000] {processor.py:175} INFO - Processing /home/airflow/.local/lib/python3.7/site-packages/airflow/example_dags/example_branch_operator.py took 0.148 seconds
[2022-12-27T11:24:25.203+0000] {processor.py:153} INFO - Started process (PID=311) to work on /home/airflow/.local/lib/python3.7/site-packages/airflow/example_dags/example_branch_operator.py
[2022-12-27T11:24:25.204+0000] {processor.py:743} INFO - Processing file /home/airflow/.local/lib/python3.7/site-packages/airflow/example_dags/example_branch_operator.py for tasks to queue
[2022-12-27T11:24:25.205+0000] {logging_mixin.py:137} INFO - [2022-12-27T11:24:25.205+0000] {dagbag.py:538} INFO - Filling up the DagBag from /home/airflow/.local/lib/python3.7/site-packages/airflow/example_dags/example_branch_operator.py
[2022-12-27T11:24:25.235+0000] {processor.py:753} INFO - DAG(s) dict_keys(['example_branch_operator']) retrieved from /home/airflow/.local/lib/python3.7/site-packages/airflow/example_dags/example_branch_operator.py
[2022-12-27T11:24:25.283+0000] {logging_mixin.py:137} INFO - [2022-12-27T11:24:25.282+0000] {dag.py:2676} INFO - Sync 1 DAGs
[2022-12-27T11:24:25.316+0000] {logging_mixin.py:137} INFO - [2022-12-27T11:24:25.316+0000] {dag.py:3427} INFO - Setting next_dagrun for example_branch_operator to 2022-12-26T00:00:00+00:00, run_after=2022-12-27T00:00:00+00:00
[2022-12-27T11:24:25.390+0000] {processor.py:175} INFO - Processing /home/airflow/.local/lib/python3.7/site-packages/airflow/example_dags/example_branch_operator.py took 0.198 seconds
[2022-12-27T11:24:55.916+0000] {processor.py:153} INFO - Started process (PID=374) to work on /home/airflow/.local/lib/python3.7/site-packages/airflow/example_dags/example_branch_operator.py
[2022-12-27T11:24:55.918+0000] {processor.py:743} INFO - Processing file /home/airflow/.local/lib/python3.7/site-packages/airflow/example_dags/example_branch_operator.py for tasks to queue
[2022-12-27T11:24:55.920+0000] {logging_mixin.py:137} INFO - [2022-12-27T11:24:55.919+0000] {dagbag.py:538} INFO - Filling up the DagBag from /home/airflow/.local/lib/python3.7/site-packages/airflow/example_dags/example_branch_operator.py
[2022-12-27T11:24:55.973+0000] {processor.py:753} INFO - DAG(s) dict_keys(['example_branch_operator']) retrieved from /home/airflow/.local/lib/python3.7/site-packages/airflow/example_dags/example_branch_operator.py
[2022-12-27T11:24:56.065+0000] {logging_mixin.py:137} INFO - [2022-12-27T11:24:56.064+0000] {dag.py:2676} INFO - Sync 1 DAGs
[2022-12-27T11:24:56.124+0000] {logging_mixin.py:137} INFO - [2022-12-27T11:24:56.123+0000] {dag.py:3427} INFO - Setting next_dagrun for example_branch_operator to 2022-12-26T00:00:00+00:00, run_after=2022-12-27T00:00:00+00:00
[2022-12-27T11:24:56.231+0000] {processor.py:175} INFO - Processing /home/airflow/.local/lib/python3.7/site-packages/airflow/example_dags/example_branch_operator.py took 0.324 seconds
[2022-12-27T11:25:26.714+0000] {processor.py:153} INFO - Started process (PID=436) to work on /home/airflow/.local/lib/python3.7/site-packages/airflow/example_dags/example_branch_operator.py
[2022-12-27T11:25:26.716+0000] {processor.py:743} INFO - Processing file /home/airflow/.local/lib/python3.7/site-packages/airflow/example_dags/example_branch_operator.py for tasks to queue
[2022-12-27T11:25:26.717+0000] {logging_mixin.py:137} INFO - [2022-12-27T11:25:26.716+0000] {dagbag.py:538} INFO - Filling up the DagBag from /home/airflow/.local/lib/python3.7/site-packages/airflow/example_dags/example_branch_operator.py
[2022-12-27T11:25:26.747+0000] {processor.py:753} INFO - DAG(s) dict_keys(['example_branch_operator']) retrieved from /home/airflow/.local/lib/python3.7/site-packages/airflow/example_dags/example_branch_operator.py
[2022-12-27T11:25:26.800+0000] {logging_mixin.py:137} INFO - [2022-12-27T11:25:26.800+0000] {dag.py:2676} INFO - Sync 1 DAGs
[2022-12-27T11:25:26.832+0000] {logging_mixin.py:137} INFO - [2022-12-27T11:25:26.831+0000] {dag.py:3427} INFO - Setting next_dagrun for example_branch_operator to 2022-12-26T00:00:00+00:00, run_after=2022-12-27T00:00:00+00:00
[2022-12-27T11:25:26.962+0000] {processor.py:175} INFO - Processing /home/airflow/.local/lib/python3.7/site-packages/airflow/example_dags/example_branch_operator.py took 0.253 seconds
[2022-12-27T11:25:57.316+0000] {processor.py:153} INFO - Started process (PID=498) to work on /home/airflow/.local/lib/python3.7/site-packages/airflow/example_dags/example_branch_operator.py
[2022-12-27T11:25:57.319+0000] {processor.py:743} INFO - Processing file /home/airflow/.local/lib/python3.7/site-packages/airflow/example_dags/example_branch_operator.py for tasks to queue
[2022-12-27T11:25:57.321+0000] {logging_mixin.py:137} INFO - [2022-12-27T11:25:57.320+0000] {dagbag.py:538} INFO - Filling up the DagBag from /home/airflow/.local/lib/python3.7/site-packages/airflow/example_dags/example_branch_operator.py
[2022-12-27T11:25:57.372+0000] {processor.py:753} INFO - DAG(s) dict_keys(['example_branch_operator']) retrieved from /home/airflow/.local/lib/python3.7/site-packages/airflow/example_dags/example_branch_operator.py
[2022-12-27T11:25:57.472+0000] {logging_mixin.py:137} INFO - [2022-12-27T11:25:57.472+0000] {dag.py:2676} INFO - Sync 1 DAGs
[2022-12-27T11:25:57.568+0000] {logging_mixin.py:137} INFO - [2022-12-27T11:25:57.567+0000] {dag.py:3427} INFO - Setting next_dagrun for example_branch_operator to 2022-12-26T00:00:00+00:00, run_after=2022-12-27T00:00:00+00:00
[2022-12-27T11:25:57.649+0000] {processor.py:175} INFO - Processing /home/airflow/.local/lib/python3.7/site-packages/airflow/example_dags/example_branch_operator.py took 0.344 seconds
[2022-12-27T11:26:27.893+0000] {processor.py:153} INFO - Started process (PID=569) to work on /home/airflow/.local/lib/python3.7/site-packages/airflow/example_dags/example_branch_operator.py
[2022-12-27T11:26:27.894+0000] {processor.py:743} INFO - Processing file /home/airflow/.local/lib/python3.7/site-packages/airflow/example_dags/example_branch_operator.py for tasks to queue
[2022-12-27T11:26:27.896+0000] {logging_mixin.py:137} INFO - [2022-12-27T11:26:27.895+0000] {dagbag.py:538} INFO - Filling up the DagBag from /home/airflow/.local/lib/python3.7/site-packages/airflow/example_dags/example_branch_operator.py
[2022-12-27T11:26:27.938+0000] {processor.py:753} INFO - DAG(s) dict_keys(['example_branch_operator']) retrieved from /home/airflow/.local/lib/python3.7/site-packages/airflow/example_dags/example_branch_operator.py
[2022-12-27T11:26:28.052+0000] {logging_mixin.py:137} INFO - [2022-12-27T11:26:28.052+0000] {dag.py:2676} INFO - Sync 1 DAGs
[2022-12-27T11:26:28.112+0000] {logging_mixin.py:137} INFO - [2022-12-27T11:26:28.112+0000] {dag.py:3427} INFO - Setting next_dagrun for example_branch_operator to 2022-12-26T00:00:00+00:00, run_after=2022-12-27T00:00:00+00:00
[2022-12-27T11:26:28.181+0000] {processor.py:175} INFO - Processing /home/airflow/.local/lib/python3.7/site-packages/airflow/example_dags/example_branch_operator.py took 0.294 seconds
[2022-12-27T11:26:59.064+0000] {processor.py:153} INFO - Started process (PID=633) to work on /home/airflow/.local/lib/python3.7/site-packages/airflow/example_dags/example_branch_operator.py
[2022-12-27T11:26:59.066+0000] {processor.py:743} INFO - Processing file /home/airflow/.local/lib/python3.7/site-packages/airflow/example_dags/example_branch_operator.py for tasks to queue
[2022-12-27T11:26:59.067+0000] {logging_mixin.py:137} INFO - [2022-12-27T11:26:59.067+0000] {dagbag.py:538} INFO - Filling up the DagBag from /home/airflow/.local/lib/python3.7/site-packages/airflow/example_dags/example_branch_operator.py
[2022-12-27T11:26:59.106+0000] {processor.py:753} INFO - DAG(s) dict_keys(['example_branch_operator']) retrieved from /home/airflow/.local/lib/python3.7/site-packages/airflow/example_dags/example_branch_operator.py
[2022-12-27T11:26:59.187+0000] {logging_mixin.py:137} INFO - [2022-12-27T11:26:59.187+0000] {dag.py:2676} INFO - Sync 1 DAGs
[2022-12-27T11:26:59.215+0000] {logging_mixin.py:137} INFO - [2022-12-27T11:26:59.215+0000] {dag.py:3427} INFO - Setting next_dagrun for example_branch_operator to 2022-12-26T00:00:00+00:00, run_after=2022-12-27T00:00:00+00:00
[2022-12-27T11:26:59.295+0000] {processor.py:175} INFO - Processing /home/airflow/.local/lib/python3.7/site-packages/airflow/example_dags/example_branch_operator.py took 0.239 seconds
[2022-12-27T11:27:30.269+0000] {processor.py:153} INFO - Started process (PID=694) to work on /home/airflow/.local/lib/python3.7/site-packages/airflow/example_dags/example_branch_operator.py
[2022-12-27T11:27:30.270+0000] {processor.py:743} INFO - Processing file /home/airflow/.local/lib/python3.7/site-packages/airflow/example_dags/example_branch_operator.py for tasks to queue
[2022-12-27T11:27:30.271+0000] {logging_mixin.py:137} INFO - [2022-12-27T11:27:30.271+0000] {dagbag.py:538} INFO - Filling up the DagBag from /home/airflow/.local/lib/python3.7/site-packages/airflow/example_dags/example_branch_operator.py
[2022-12-27T11:27:30.304+0000] {processor.py:753} INFO - DAG(s) dict_keys(['example_branch_operator']) retrieved from /home/airflow/.local/lib/python3.7/site-packages/airflow/example_dags/example_branch_operator.py
[2022-12-27T11:27:30.351+0000] {logging_mixin.py:137} INFO - [2022-12-27T11:27:30.351+0000] {dag.py:2676} INFO - Sync 1 DAGs
[2022-12-27T11:27:30.389+0000] {logging_mixin.py:137} INFO - [2022-12-27T11:27:30.389+0000] {dag.py:3427} INFO - Setting next_dagrun for example_branch_operator to 2022-12-26T00:00:00+00:00, run_after=2022-12-27T00:00:00+00:00
[2022-12-27T11:27:30.512+0000] {processor.py:175} INFO - Processing /home/airflow/.local/lib/python3.7/site-packages/airflow/example_dags/example_branch_operator.py took 0.249 seconds
[2022-12-27T11:28:00.873+0000] {processor.py:153} INFO - Started process (PID=756) to work on /home/airflow/.local/lib/python3.7/site-packages/airflow/example_dags/example_branch_operator.py
[2022-12-27T11:28:00.876+0000] {processor.py:743} INFO - Processing file /home/airflow/.local/lib/python3.7/site-packages/airflow/example_dags/example_branch_operator.py for tasks to queue
[2022-12-27T11:28:00.878+0000] {logging_mixin.py:137} INFO - [2022-12-27T11:28:00.878+0000] {dagbag.py:538} INFO - Filling up the DagBag from /home/airflow/.local/lib/python3.7/site-packages/airflow/example_dags/example_branch_operator.py
[2022-12-27T11:28:00.938+0000] {processor.py:753} INFO - DAG(s) dict_keys(['example_branch_operator']) retrieved from /home/airflow/.local/lib/python3.7/site-packages/airflow/example_dags/example_branch_operator.py
[2022-12-27T11:28:01.140+0000] {logging_mixin.py:137} INFO - [2022-12-27T11:28:01.139+0000] {dag.py:2676} INFO - Sync 1 DAGs
[2022-12-27T11:28:01.224+0000] {logging_mixin.py:137} INFO - [2022-12-27T11:28:01.223+0000] {dag.py:3427} INFO - Setting next_dagrun for example_branch_operator to 2022-12-26T00:00:00+00:00, run_after=2022-12-27T00:00:00+00:00
[2022-12-27T11:28:01.455+0000] {processor.py:175} INFO - Processing /home/airflow/.local/lib/python3.7/site-packages/airflow/example_dags/example_branch_operator.py took 0.592 seconds
[2022-12-27T11:28:32.266+0000] {processor.py:153} INFO - Started process (PID=830) to work on /home/airflow/.local/lib/python3.7/site-packages/airflow/example_dags/example_branch_operator.py
[2022-12-27T11:28:32.268+0000] {processor.py:743} INFO - Processing file /home/airflow/.local/lib/python3.7/site-packages/airflow/example_dags/example_branch_operator.py for tasks to queue
[2022-12-27T11:28:32.269+0000] {logging_mixin.py:137} INFO - [2022-12-27T11:28:32.269+0000] {dagbag.py:538} INFO - Filling up the DagBag from /home/airflow/.local/lib/python3.7/site-packages/airflow/example_dags/example_branch_operator.py
[2022-12-27T11:28:32.299+0000] {processor.py:753} INFO - DAG(s) dict_keys(['example_branch_operator']) retrieved from /home/airflow/.local/lib/python3.7/site-packages/airflow/example_dags/example_branch_operator.py
[2022-12-27T11:28:32.352+0000] {logging_mixin.py:137} INFO - [2022-12-27T11:28:32.351+0000] {dag.py:2676} INFO - Sync 1 DAGs
[2022-12-27T11:28:32.383+0000] {logging_mixin.py:137} INFO - [2022-12-27T11:28:32.383+0000] {dag.py:3427} INFO - Setting next_dagrun for example_branch_operator to 2022-12-26T00:00:00+00:00, run_after=2022-12-27T00:00:00+00:00
[2022-12-27T11:28:32.559+0000] {processor.py:175} INFO - Processing /home/airflow/.local/lib/python3.7/site-packages/airflow/example_dags/example_branch_operator.py took 0.301 seconds
[2022-12-27T11:29:02.683+0000] {processor.py:153} INFO - Started process (PID=893) to work on /home/airflow/.local/lib/python3.7/site-packages/airflow/example_dags/example_branch_operator.py
[2022-12-27T11:29:02.684+0000] {processor.py:743} INFO - Processing file /home/airflow/.local/lib/python3.7/site-packages/airflow/example_dags/example_branch_operator.py for tasks to queue
[2022-12-27T11:29:02.685+0000] {logging_mixin.py:137} INFO - [2022-12-27T11:29:02.685+0000] {dagbag.py:538} INFO - Filling up the DagBag from /home/airflow/.local/lib/python3.7/site-packages/airflow/example_dags/example_branch_operator.py
[2022-12-27T11:29:02.708+0000] {processor.py:753} INFO - DAG(s) dict_keys(['example_branch_operator']) retrieved from /home/airflow/.local/lib/python3.7/site-packages/airflow/example_dags/example_branch_operator.py
[2022-12-27T11:29:02.763+0000] {logging_mixin.py:137} INFO - [2022-12-27T11:29:02.762+0000] {dag.py:2676} INFO - Sync 1 DAGs
[2022-12-27T11:29:02.823+0000] {logging_mixin.py:137} INFO - [2022-12-27T11:29:02.822+0000] {dag.py:3427} INFO - Setting next_dagrun for example_branch_operator to 2022-12-26T00:00:00+00:00, run_after=2022-12-27T00:00:00+00:00
[2022-12-27T11:29:02.987+0000] {processor.py:175} INFO - Processing /home/airflow/.local/lib/python3.7/site-packages/airflow/example_dags/example_branch_operator.py took 0.311 seconds
[2022-12-27T11:29:33.047+0000] {processor.py:153} INFO - Started process (PID=955) to work on /home/airflow/.local/lib/python3.7/site-packages/airflow/example_dags/example_branch_operator.py
[2022-12-27T11:29:33.049+0000] {processor.py:743} INFO - Processing file /home/airflow/.local/lib/python3.7/site-packages/airflow/example_dags/example_branch_operator.py for tasks to queue
[2022-12-27T11:29:33.051+0000] {logging_mixin.py:137} INFO - [2022-12-27T11:29:33.050+0000] {dagbag.py:538} INFO - Filling up the DagBag from /home/airflow/.local/lib/python3.7/site-packages/airflow/example_dags/example_branch_operator.py
[2022-12-27T11:29:33.077+0000] {processor.py:753} INFO - DAG(s) dict_keys(['example_branch_operator']) retrieved from /home/airflow/.local/lib/python3.7/site-packages/airflow/example_dags/example_branch_operator.py
[2022-12-27T11:29:33.117+0000] {logging_mixin.py:137} INFO - [2022-12-27T11:29:33.117+0000] {dag.py:2676} INFO - Sync 1 DAGs
[2022-12-27T11:29:33.144+0000] {logging_mixin.py:137} INFO - [2022-12-27T11:29:33.144+0000] {dag.py:3427} INFO - Setting next_dagrun for example_branch_operator to 2022-12-26T00:00:00+00:00, run_after=2022-12-27T00:00:00+00:00
[2022-12-27T11:29:33.196+0000] {processor.py:175} INFO - Processing /home/airflow/.local/lib/python3.7/site-packages/airflow/example_dags/example_branch_operator.py took 0.157 seconds
[2022-12-27T11:30:03.754+0000] {processor.py:153} INFO - Started process (PID=1029) to work on /home/airflow/.local/lib/python3.7/site-packages/airflow/example_dags/example_branch_operator.py
[2022-12-27T11:30:03.757+0000] {processor.py:743} INFO - Processing file /home/airflow/.local/lib/python3.7/site-packages/airflow/example_dags/example_branch_operator.py for tasks to queue
[2022-12-27T11:30:03.759+0000] {logging_mixin.py:137} INFO - [2022-12-27T11:30:03.759+0000] {dagbag.py:538} INFO - Filling up the DagBag from /home/airflow/.local/lib/python3.7/site-packages/airflow/example_dags/example_branch_operator.py
[2022-12-27T11:30:03.809+0000] {processor.py:753} INFO - DAG(s) dict_keys(['example_branch_operator']) retrieved from /home/airflow/.local/lib/python3.7/site-packages/airflow/example_dags/example_branch_operator.py
[2022-12-27T11:30:03.895+0000] {logging_mixin.py:137} INFO - [2022-12-27T11:30:03.895+0000] {dag.py:2676} INFO - Sync 1 DAGs
[2022-12-27T11:30:03.973+0000] {logging_mixin.py:137} INFO - [2022-12-27T11:30:03.973+0000] {dag.py:3427} INFO - Setting next_dagrun for example_branch_operator to 2022-12-26T00:00:00+00:00, run_after=2022-12-27T00:00:00+00:00
[2022-12-27T11:30:04.066+0000] {processor.py:175} INFO - Processing /home/airflow/.local/lib/python3.7/site-packages/airflow/example_dags/example_branch_operator.py took 0.323 seconds
[2022-12-27T11:30:35.036+0000] {processor.py:153} INFO - Started process (PID=1091) to work on /home/airflow/.local/lib/python3.7/site-packages/airflow/example_dags/example_branch_operator.py
[2022-12-27T11:30:35.039+0000] {processor.py:743} INFO - Processing file /home/airflow/.local/lib/python3.7/site-packages/airflow/example_dags/example_branch_operator.py for tasks to queue
[2022-12-27T11:30:35.041+0000] {logging_mixin.py:137} INFO - [2022-12-27T11:30:35.040+0000] {dagbag.py:538} INFO - Filling up the DagBag from /home/airflow/.local/lib/python3.7/site-packages/airflow/example_dags/example_branch_operator.py
[2022-12-27T11:30:35.084+0000] {processor.py:753} INFO - DAG(s) dict_keys(['example_branch_operator']) retrieved from /home/airflow/.local/lib/python3.7/site-packages/airflow/example_dags/example_branch_operator.py
[2022-12-27T11:30:35.171+0000] {logging_mixin.py:137} INFO - [2022-12-27T11:30:35.170+0000] {dag.py:2676} INFO - Sync 1 DAGs
[2022-12-27T11:30:35.232+0000] {logging_mixin.py:137} INFO - [2022-12-27T11:30:35.231+0000] {dag.py:3427} INFO - Setting next_dagrun for example_branch_operator to 2022-12-26T00:00:00+00:00, run_after=2022-12-27T00:00:00+00:00
[2022-12-27T11:30:35.333+0000] {processor.py:175} INFO - Processing /home/airflow/.local/lib/python3.7/site-packages/airflow/example_dags/example_branch_operator.py took 0.307 seconds
[2022-12-27T11:31:05.462+0000] {processor.py:153} INFO - Started process (PID=1163) to work on /home/airflow/.local/lib/python3.7/site-packages/airflow/example_dags/example_branch_operator.py
[2022-12-27T11:31:05.463+0000] {processor.py:743} INFO - Processing file /home/airflow/.local/lib/python3.7/site-packages/airflow/example_dags/example_branch_operator.py for tasks to queue
[2022-12-27T11:31:05.465+0000] {logging_mixin.py:137} INFO - [2022-12-27T11:31:05.464+0000] {dagbag.py:538} INFO - Filling up the DagBag from /home/airflow/.local/lib/python3.7/site-packages/airflow/example_dags/example_branch_operator.py
[2022-12-27T11:31:05.495+0000] {processor.py:753} INFO - DAG(s) dict_keys(['example_branch_operator']) retrieved from /home/airflow/.local/lib/python3.7/site-packages/airflow/example_dags/example_branch_operator.py
[2022-12-27T11:31:05.546+0000] {logging_mixin.py:137} INFO - [2022-12-27T11:31:05.546+0000] {dag.py:2676} INFO - Sync 1 DAGs
[2022-12-27T11:31:05.591+0000] {logging_mixin.py:137} INFO - [2022-12-27T11:31:05.591+0000] {dag.py:3427} INFO - Setting next_dagrun for example_branch_operator to 2022-12-26T00:00:00+00:00, run_after=2022-12-27T00:00:00+00:00
[2022-12-27T11:31:05.653+0000] {processor.py:175} INFO - Processing /home/airflow/.local/lib/python3.7/site-packages/airflow/example_dags/example_branch_operator.py took 0.197 seconds
[2022-12-27T11:31:36.639+0000] {processor.py:153} INFO - Started process (PID=1228) to work on /home/airflow/.local/lib/python3.7/site-packages/airflow/example_dags/example_branch_operator.py
[2022-12-27T11:31:36.641+0000] {processor.py:743} INFO - Processing file /home/airflow/.local/lib/python3.7/site-packages/airflow/example_dags/example_branch_operator.py for tasks to queue
[2022-12-27T11:31:36.642+0000] {logging_mixin.py:137} INFO - [2022-12-27T11:31:36.642+0000] {dagbag.py:538} INFO - Filling up the DagBag from /home/airflow/.local/lib/python3.7/site-packages/airflow/example_dags/example_branch_operator.py
[2022-12-27T11:31:36.665+0000] {processor.py:753} INFO - DAG(s) dict_keys(['example_branch_operator']) retrieved from /home/airflow/.local/lib/python3.7/site-packages/airflow/example_dags/example_branch_operator.py
[2022-12-27T11:31:36.715+0000] {logging_mixin.py:137} INFO - [2022-12-27T11:31:36.715+0000] {dag.py:2676} INFO - Sync 1 DAGs
[2022-12-27T11:31:36.746+0000] {logging_mixin.py:137} INFO - [2022-12-27T11:31:36.746+0000] {dag.py:3427} INFO - Setting next_dagrun for example_branch_operator to 2022-12-26T00:00:00+00:00, run_after=2022-12-27T00:00:00+00:00
[2022-12-27T11:31:36.822+0000] {processor.py:175} INFO - Processing /home/airflow/.local/lib/python3.7/site-packages/airflow/example_dags/example_branch_operator.py took 0.192 seconds
[2022-12-27T11:32:07.407+0000] {processor.py:153} INFO - Started process (PID=1290) to work on /home/airflow/.local/lib/python3.7/site-packages/airflow/example_dags/example_branch_operator.py
[2022-12-27T11:32:07.409+0000] {processor.py:743} INFO - Processing file /home/airflow/.local/lib/python3.7/site-packages/airflow/example_dags/example_branch_operator.py for tasks to queue
[2022-12-27T11:32:07.411+0000] {logging_mixin.py:137} INFO - [2022-12-27T11:32:07.411+0000] {dagbag.py:538} INFO - Filling up the DagBag from /home/airflow/.local/lib/python3.7/site-packages/airflow/example_dags/example_branch_operator.py
[2022-12-27T11:32:07.452+0000] {processor.py:753} INFO - DAG(s) dict_keys(['example_branch_operator']) retrieved from /home/airflow/.local/lib/python3.7/site-packages/airflow/example_dags/example_branch_operator.py
[2022-12-27T11:32:07.563+0000] {logging_mixin.py:137} INFO - [2022-12-27T11:32:07.563+0000] {dag.py:2676} INFO - Sync 1 DAGs
[2022-12-27T11:32:07.648+0000] {logging_mixin.py:137} INFO - [2022-12-27T11:32:07.647+0000] {dag.py:3427} INFO - Setting next_dagrun for example_branch_operator to 2022-12-26T00:00:00+00:00, run_after=2022-12-27T00:00:00+00:00
[2022-12-27T11:32:07.766+0000] {processor.py:175} INFO - Processing /home/airflow/.local/lib/python3.7/site-packages/airflow/example_dags/example_branch_operator.py took 0.369 seconds
[2022-12-27T11:32:38.284+0000] {processor.py:153} INFO - Started process (PID=1365) to work on /home/airflow/.local/lib/python3.7/site-packages/airflow/example_dags/example_branch_operator.py
[2022-12-27T11:32:38.286+0000] {processor.py:743} INFO - Processing file /home/airflow/.local/lib/python3.7/site-packages/airflow/example_dags/example_branch_operator.py for tasks to queue
[2022-12-27T11:32:38.288+0000] {logging_mixin.py:137} INFO - [2022-12-27T11:32:38.287+0000] {dagbag.py:538} INFO - Filling up the DagBag from /home/airflow/.local/lib/python3.7/site-packages/airflow/example_dags/example_branch_operator.py
[2022-12-27T11:32:38.326+0000] {processor.py:753} INFO - DAG(s) dict_keys(['example_branch_operator']) retrieved from /home/airflow/.local/lib/python3.7/site-packages/airflow/example_dags/example_branch_operator.py
[2022-12-27T11:32:38.411+0000] {logging_mixin.py:137} INFO - [2022-12-27T11:32:38.411+0000] {dag.py:2676} INFO - Sync 1 DAGs
[2022-12-27T11:32:38.471+0000] {logging_mixin.py:137} INFO - [2022-12-27T11:32:38.471+0000] {dag.py:3427} INFO - Setting next_dagrun for example_branch_operator to 2022-12-26T00:00:00+00:00, run_after=2022-12-27T00:00:00+00:00
[2022-12-27T11:32:38.562+0000] {processor.py:175} INFO - Processing /home/airflow/.local/lib/python3.7/site-packages/airflow/example_dags/example_branch_operator.py took 0.285 seconds
[2022-12-27T11:33:09.157+0000] {processor.py:153} INFO - Started process (PID=1427) to work on /home/airflow/.local/lib/python3.7/site-packages/airflow/example_dags/example_branch_operator.py
[2022-12-27T11:33:09.158+0000] {processor.py:743} INFO - Processing file /home/airflow/.local/lib/python3.7/site-packages/airflow/example_dags/example_branch_operator.py for tasks to queue
[2022-12-27T11:33:09.159+0000] {logging_mixin.py:137} INFO - [2022-12-27T11:33:09.159+0000] {dagbag.py:538} INFO - Filling up the DagBag from /home/airflow/.local/lib/python3.7/site-packages/airflow/example_dags/example_branch_operator.py
[2022-12-27T11:33:09.190+0000] {processor.py:753} INFO - DAG(s) dict_keys(['example_branch_operator']) retrieved from /home/airflow/.local/lib/python3.7/site-packages/airflow/example_dags/example_branch_operator.py
[2022-12-27T11:33:09.260+0000] {logging_mixin.py:137} INFO - [2022-12-27T11:33:09.260+0000] {dag.py:2676} INFO - Sync 1 DAGs
[2022-12-27T11:33:09.296+0000] {logging_mixin.py:137} INFO - [2022-12-27T11:33:09.296+0000] {dag.py:3427} INFO - Setting next_dagrun for example_branch_operator to 2022-12-26T00:00:00+00:00, run_after=2022-12-27T00:00:00+00:00
[2022-12-27T11:33:09.492+0000] {processor.py:175} INFO - Processing /home/airflow/.local/lib/python3.7/site-packages/airflow/example_dags/example_branch_operator.py took 0.339 seconds
[2022-12-27T11:33:39.671+0000] {processor.py:153} INFO - Started process (PID=1490) to work on /home/airflow/.local/lib/python3.7/site-packages/airflow/example_dags/example_branch_operator.py
[2022-12-27T11:33:39.673+0000] {processor.py:743} INFO - Processing file /home/airflow/.local/lib/python3.7/site-packages/airflow/example_dags/example_branch_operator.py for tasks to queue
[2022-12-27T11:33:39.673+0000] {logging_mixin.py:137} INFO - [2022-12-27T11:33:39.673+0000] {dagbag.py:538} INFO - Filling up the DagBag from /home/airflow/.local/lib/python3.7/site-packages/airflow/example_dags/example_branch_operator.py
[2022-12-27T11:33:39.694+0000] {processor.py:753} INFO - DAG(s) dict_keys(['example_branch_operator']) retrieved from /home/airflow/.local/lib/python3.7/site-packages/airflow/example_dags/example_branch_operator.py
[2022-12-27T11:33:39.738+0000] {logging_mixin.py:137} INFO - [2022-12-27T11:33:39.738+0000] {dag.py:2676} INFO - Sync 1 DAGs
[2022-12-27T11:33:39.770+0000] {logging_mixin.py:137} INFO - [2022-12-27T11:33:39.770+0000] {dag.py:3427} INFO - Setting next_dagrun for example_branch_operator to 2022-12-26T00:00:00+00:00, run_after=2022-12-27T00:00:00+00:00
[2022-12-27T11:33:39.822+0000] {processor.py:175} INFO - Processing /home/airflow/.local/lib/python3.7/site-packages/airflow/example_dags/example_branch_operator.py took 0.155 seconds
[2022-12-27T11:34:09.925+0000] {processor.py:153} INFO - Started process (PID=1560) to work on /home/airflow/.local/lib/python3.7/site-packages/airflow/example_dags/example_branch_operator.py
[2022-12-27T11:34:09.926+0000] {processor.py:743} INFO - Processing file /home/airflow/.local/lib/python3.7/site-packages/airflow/example_dags/example_branch_operator.py for tasks to queue
[2022-12-27T11:34:09.927+0000] {logging_mixin.py:137} INFO - [2022-12-27T11:34:09.927+0000] {dagbag.py:538} INFO - Filling up the DagBag from /home/airflow/.local/lib/python3.7/site-packages/airflow/example_dags/example_branch_operator.py
[2022-12-27T11:34:09.958+0000] {processor.py:753} INFO - DAG(s) dict_keys(['example_branch_operator']) retrieved from /home/airflow/.local/lib/python3.7/site-packages/airflow/example_dags/example_branch_operator.py
[2022-12-27T11:34:10.014+0000] {logging_mixin.py:137} INFO - [2022-12-27T11:34:10.014+0000] {dag.py:2676} INFO - Sync 1 DAGs
[2022-12-27T11:34:10.056+0000] {logging_mixin.py:137} INFO - [2022-12-27T11:34:10.056+0000] {dag.py:3427} INFO - Setting next_dagrun for example_branch_operator to 2022-12-26T00:00:00+00:00, run_after=2022-12-27T00:00:00+00:00
[2022-12-27T11:34:10.176+0000] {processor.py:175} INFO - Processing /home/airflow/.local/lib/python3.7/site-packages/airflow/example_dags/example_branch_operator.py took 0.257 seconds
[2022-12-27T11:34:40.511+0000] {processor.py:153} INFO - Started process (PID=1625) to work on /home/airflow/.local/lib/python3.7/site-packages/airflow/example_dags/example_branch_operator.py
[2022-12-27T11:34:40.513+0000] {processor.py:743} INFO - Processing file /home/airflow/.local/lib/python3.7/site-packages/airflow/example_dags/example_branch_operator.py for tasks to queue
[2022-12-27T11:34:40.516+0000] {logging_mixin.py:137} INFO - [2022-12-27T11:34:40.515+0000] {dagbag.py:538} INFO - Filling up the DagBag from /home/airflow/.local/lib/python3.7/site-packages/airflow/example_dags/example_branch_operator.py
[2022-12-27T11:34:40.558+0000] {processor.py:753} INFO - DAG(s) dict_keys(['example_branch_operator']) retrieved from /home/airflow/.local/lib/python3.7/site-packages/airflow/example_dags/example_branch_operator.py
[2022-12-27T11:34:40.653+0000] {logging_mixin.py:137} INFO - [2022-12-27T11:34:40.653+0000] {dag.py:2676} INFO - Sync 1 DAGs
[2022-12-27T11:34:40.721+0000] {logging_mixin.py:137} INFO - [2022-12-27T11:34:40.721+0000] {dag.py:3427} INFO - Setting next_dagrun for example_branch_operator to 2022-12-26T00:00:00+00:00, run_after=2022-12-27T00:00:00+00:00
[2022-12-27T11:34:40.819+0000] {processor.py:175} INFO - Processing /home/airflow/.local/lib/python3.7/site-packages/airflow/example_dags/example_branch_operator.py took 0.319 seconds
[2022-12-27T11:35:11.292+0000] {processor.py:153} INFO - Started process (PID=1687) to work on /home/airflow/.local/lib/python3.7/site-packages/airflow/example_dags/example_branch_operator.py
[2022-12-27T11:35:11.293+0000] {processor.py:743} INFO - Processing file /home/airflow/.local/lib/python3.7/site-packages/airflow/example_dags/example_branch_operator.py for tasks to queue
[2022-12-27T11:35:11.294+0000] {logging_mixin.py:137} INFO - [2022-12-27T11:35:11.294+0000] {dagbag.py:538} INFO - Filling up the DagBag from /home/airflow/.local/lib/python3.7/site-packages/airflow/example_dags/example_branch_operator.py
[2022-12-27T11:35:11.317+0000] {processor.py:753} INFO - DAG(s) dict_keys(['example_branch_operator']) retrieved from /home/airflow/.local/lib/python3.7/site-packages/airflow/example_dags/example_branch_operator.py
[2022-12-27T11:35:11.364+0000] {logging_mixin.py:137} INFO - [2022-12-27T11:35:11.364+0000] {dag.py:2676} INFO - Sync 1 DAGs
[2022-12-27T11:35:11.399+0000] {logging_mixin.py:137} INFO - [2022-12-27T11:35:11.398+0000] {dag.py:3427} INFO - Setting next_dagrun for example_branch_operator to 2022-12-26T00:00:00+00:00, run_after=2022-12-27T00:00:00+00:00
[2022-12-27T11:35:11.512+0000] {processor.py:175} INFO - Processing /home/airflow/.local/lib/python3.7/site-packages/airflow/example_dags/example_branch_operator.py took 0.224 seconds
[2022-12-27T11:35:41.716+0000] {processor.py:153} INFO - Started process (PID=1759) to work on /home/airflow/.local/lib/python3.7/site-packages/airflow/example_dags/example_branch_operator.py
[2022-12-27T11:35:41.717+0000] {processor.py:743} INFO - Processing file /home/airflow/.local/lib/python3.7/site-packages/airflow/example_dags/example_branch_operator.py for tasks to queue
[2022-12-27T11:35:41.719+0000] {logging_mixin.py:137} INFO - [2022-12-27T11:35:41.718+0000] {dagbag.py:538} INFO - Filling up the DagBag from /home/airflow/.local/lib/python3.7/site-packages/airflow/example_dags/example_branch_operator.py
[2022-12-27T11:35:41.742+0000] {processor.py:753} INFO - DAG(s) dict_keys(['example_branch_operator']) retrieved from /home/airflow/.local/lib/python3.7/site-packages/airflow/example_dags/example_branch_operator.py
[2022-12-27T11:35:41.794+0000] {logging_mixin.py:137} INFO - [2022-12-27T11:35:41.793+0000] {dag.py:2676} INFO - Sync 1 DAGs
[2022-12-27T11:35:41.836+0000] {logging_mixin.py:137} INFO - [2022-12-27T11:35:41.836+0000] {dag.py:3427} INFO - Setting next_dagrun for example_branch_operator to 2022-12-26T00:00:00+00:00, run_after=2022-12-27T00:00:00+00:00
[2022-12-27T11:35:41.895+0000] {processor.py:175} INFO - Processing /home/airflow/.local/lib/python3.7/site-packages/airflow/example_dags/example_branch_operator.py took 0.184 seconds
[2022-12-27T11:36:12.030+0000] {processor.py:153} INFO - Started process (PID=1825) to work on /home/airflow/.local/lib/python3.7/site-packages/airflow/example_dags/example_branch_operator.py
[2022-12-27T11:36:12.031+0000] {processor.py:743} INFO - Processing file /home/airflow/.local/lib/python3.7/site-packages/airflow/example_dags/example_branch_operator.py for tasks to queue
[2022-12-27T11:36:12.033+0000] {logging_mixin.py:137} INFO - [2022-12-27T11:36:12.032+0000] {dagbag.py:538} INFO - Filling up the DagBag from /home/airflow/.local/lib/python3.7/site-packages/airflow/example_dags/example_branch_operator.py
[2022-12-27T11:36:12.065+0000] {processor.py:753} INFO - DAG(s) dict_keys(['example_branch_operator']) retrieved from /home/airflow/.local/lib/python3.7/site-packages/airflow/example_dags/example_branch_operator.py
[2022-12-27T11:36:12.134+0000] {logging_mixin.py:137} INFO - [2022-12-27T11:36:12.134+0000] {dag.py:2676} INFO - Sync 1 DAGs
[2022-12-27T11:36:12.173+0000] {logging_mixin.py:137} INFO - [2022-12-27T11:36:12.173+0000] {dag.py:3427} INFO - Setting next_dagrun for example_branch_operator to 2022-12-26T00:00:00+00:00, run_after=2022-12-27T00:00:00+00:00
[2022-12-27T11:36:12.304+0000] {processor.py:175} INFO - Processing /home/airflow/.local/lib/python3.7/site-packages/airflow/example_dags/example_branch_operator.py took 0.281 seconds
[2022-12-27T11:36:42.574+0000] {processor.py:153} INFO - Started process (PID=1887) to work on /home/airflow/.local/lib/python3.7/site-packages/airflow/example_dags/example_branch_operator.py
[2022-12-27T11:36:42.575+0000] {processor.py:743} INFO - Processing file /home/airflow/.local/lib/python3.7/site-packages/airflow/example_dags/example_branch_operator.py for tasks to queue
[2022-12-27T11:36:42.576+0000] {logging_mixin.py:137} INFO - [2022-12-27T11:36:42.576+0000] {dagbag.py:538} INFO - Filling up the DagBag from /home/airflow/.local/lib/python3.7/site-packages/airflow/example_dags/example_branch_operator.py
[2022-12-27T11:36:42.597+0000] {processor.py:753} INFO - DAG(s) dict_keys(['example_branch_operator']) retrieved from /home/airflow/.local/lib/python3.7/site-packages/airflow/example_dags/example_branch_operator.py
[2022-12-27T11:36:42.648+0000] {logging_mixin.py:137} INFO - [2022-12-27T11:36:42.648+0000] {dag.py:2676} INFO - Sync 1 DAGs
[2022-12-27T11:36:42.683+0000] {logging_mixin.py:137} INFO - [2022-12-27T11:36:42.682+0000] {dag.py:3427} INFO - Setting next_dagrun for example_branch_operator to 2022-12-26T00:00:00+00:00, run_after=2022-12-27T00:00:00+00:00
[2022-12-27T11:36:42.737+0000] {processor.py:175} INFO - Processing /home/airflow/.local/lib/python3.7/site-packages/airflow/example_dags/example_branch_operator.py took 0.171 seconds
[2022-12-27T11:37:13.094+0000] {processor.py:153} INFO - Started process (PID=1950) to work on /home/airflow/.local/lib/python3.7/site-packages/airflow/example_dags/example_branch_operator.py
[2022-12-27T11:37:13.096+0000] {processor.py:743} INFO - Processing file /home/airflow/.local/lib/python3.7/site-packages/airflow/example_dags/example_branch_operator.py for tasks to queue
[2022-12-27T11:37:13.097+0000] {logging_mixin.py:137} INFO - [2022-12-27T11:37:13.097+0000] {dagbag.py:538} INFO - Filling up the DagBag from /home/airflow/.local/lib/python3.7/site-packages/airflow/example_dags/example_branch_operator.py
[2022-12-27T11:37:13.119+0000] {processor.py:753} INFO - DAG(s) dict_keys(['example_branch_operator']) retrieved from /home/airflow/.local/lib/python3.7/site-packages/airflow/example_dags/example_branch_operator.py
[2022-12-27T11:37:13.163+0000] {logging_mixin.py:137} INFO - [2022-12-27T11:37:13.163+0000] {dag.py:2676} INFO - Sync 1 DAGs
[2022-12-27T11:37:13.193+0000] {logging_mixin.py:137} INFO - [2022-12-27T11:37:13.193+0000] {dag.py:3427} INFO - Setting next_dagrun for example_branch_operator to 2022-12-26T00:00:00+00:00, run_after=2022-12-27T00:00:00+00:00
[2022-12-27T11:37:13.455+0000] {processor.py:175} INFO - Processing /home/airflow/.local/lib/python3.7/site-packages/airflow/example_dags/example_branch_operator.py took 0.368 seconds
[2022-12-27T11:37:43.954+0000] {processor.py:153} INFO - Started process (PID=2013) to work on /home/airflow/.local/lib/python3.7/site-packages/airflow/example_dags/example_branch_operator.py
[2022-12-27T11:37:43.955+0000] {processor.py:743} INFO - Processing file /home/airflow/.local/lib/python3.7/site-packages/airflow/example_dags/example_branch_operator.py for tasks to queue
[2022-12-27T11:37:43.957+0000] {logging_mixin.py:137} INFO - [2022-12-27T11:37:43.957+0000] {dagbag.py:538} INFO - Filling up the DagBag from /home/airflow/.local/lib/python3.7/site-packages/airflow/example_dags/example_branch_operator.py
[2022-12-27T11:37:43.980+0000] {processor.py:753} INFO - DAG(s) dict_keys(['example_branch_operator']) retrieved from /home/airflow/.local/lib/python3.7/site-packages/airflow/example_dags/example_branch_operator.py
[2022-12-27T11:37:44.025+0000] {logging_mixin.py:137} INFO - [2022-12-27T11:37:44.025+0000] {dag.py:2676} INFO - Sync 1 DAGs
[2022-12-27T11:37:44.056+0000] {logging_mixin.py:137} INFO - [2022-12-27T11:37:44.056+0000] {dag.py:3427} INFO - Setting next_dagrun for example_branch_operator to 2022-12-26T00:00:00+00:00, run_after=2022-12-27T00:00:00+00:00
[2022-12-27T11:37:44.130+0000] {processor.py:175} INFO - Processing /home/airflow/.local/lib/python3.7/site-packages/airflow/example_dags/example_branch_operator.py took 0.185 seconds
[2022-12-27T11:38:14.822+0000] {processor.py:153} INFO - Started process (PID=2088) to work on /home/airflow/.local/lib/python3.7/site-packages/airflow/example_dags/example_branch_operator.py
[2022-12-27T11:38:14.823+0000] {processor.py:743} INFO - Processing file /home/airflow/.local/lib/python3.7/site-packages/airflow/example_dags/example_branch_operator.py for tasks to queue
[2022-12-27T11:38:14.824+0000] {logging_mixin.py:137} INFO - [2022-12-27T11:38:14.824+0000] {dagbag.py:538} INFO - Filling up the DagBag from /home/airflow/.local/lib/python3.7/site-packages/airflow/example_dags/example_branch_operator.py
[2022-12-27T11:38:14.844+0000] {processor.py:753} INFO - DAG(s) dict_keys(['example_branch_operator']) retrieved from /home/airflow/.local/lib/python3.7/site-packages/airflow/example_dags/example_branch_operator.py
[2022-12-27T11:38:14.893+0000] {logging_mixin.py:137} INFO - [2022-12-27T11:38:14.893+0000] {dag.py:2676} INFO - Sync 1 DAGs
[2022-12-27T11:38:14.929+0000] {logging_mixin.py:137} INFO - [2022-12-27T11:38:14.929+0000] {dag.py:3427} INFO - Setting next_dagrun for example_branch_operator to 2022-12-26T00:00:00+00:00, run_after=2022-12-27T00:00:00+00:00
[2022-12-27T11:38:14.990+0000] {processor.py:175} INFO - Processing /home/airflow/.local/lib/python3.7/site-packages/airflow/example_dags/example_branch_operator.py took 0.173 seconds
[2022-12-27T11:38:45.366+0000] {processor.py:153} INFO - Started process (PID=2150) to work on /home/airflow/.local/lib/python3.7/site-packages/airflow/example_dags/example_branch_operator.py
[2022-12-27T11:38:45.368+0000] {processor.py:743} INFO - Processing file /home/airflow/.local/lib/python3.7/site-packages/airflow/example_dags/example_branch_operator.py for tasks to queue
[2022-12-27T11:38:45.371+0000] {logging_mixin.py:137} INFO - [2022-12-27T11:38:45.371+0000] {dagbag.py:538} INFO - Filling up the DagBag from /home/airflow/.local/lib/python3.7/site-packages/airflow/example_dags/example_branch_operator.py
[2022-12-27T11:38:45.457+0000] {processor.py:753} INFO - DAG(s) dict_keys(['example_branch_operator']) retrieved from /home/airflow/.local/lib/python3.7/site-packages/airflow/example_dags/example_branch_operator.py
[2022-12-27T11:38:45.544+0000] {logging_mixin.py:137} INFO - [2022-12-27T11:38:45.544+0000] {dag.py:2676} INFO - Sync 1 DAGs
[2022-12-27T11:38:45.583+0000] {logging_mixin.py:137} INFO - [2022-12-27T11:38:45.583+0000] {dag.py:3427} INFO - Setting next_dagrun for example_branch_operator to 2022-12-26T00:00:00+00:00, run_after=2022-12-27T00:00:00+00:00
[2022-12-27T11:38:45.983+0000] {processor.py:175} INFO - Processing /home/airflow/.local/lib/python3.7/site-packages/airflow/example_dags/example_branch_operator.py took 0.633 seconds
[2022-12-27T11:39:16.196+0000] {processor.py:153} INFO - Started process (PID=2212) to work on /home/airflow/.local/lib/python3.7/site-packages/airflow/example_dags/example_branch_operator.py
[2022-12-27T11:39:16.197+0000] {processor.py:743} INFO - Processing file /home/airflow/.local/lib/python3.7/site-packages/airflow/example_dags/example_branch_operator.py for tasks to queue
[2022-12-27T11:39:16.198+0000] {logging_mixin.py:137} INFO - [2022-12-27T11:39:16.198+0000] {dagbag.py:538} INFO - Filling up the DagBag from /home/airflow/.local/lib/python3.7/site-packages/airflow/example_dags/example_branch_operator.py
[2022-12-27T11:39:16.224+0000] {processor.py:753} INFO - DAG(s) dict_keys(['example_branch_operator']) retrieved from /home/airflow/.local/lib/python3.7/site-packages/airflow/example_dags/example_branch_operator.py
[2022-12-27T11:39:16.273+0000] {logging_mixin.py:137} INFO - [2022-12-27T11:39:16.273+0000] {dag.py:2676} INFO - Sync 1 DAGs
[2022-12-27T11:39:16.303+0000] {logging_mixin.py:137} INFO - [2022-12-27T11:39:16.303+0000] {dag.py:3427} INFO - Setting next_dagrun for example_branch_operator to 2022-12-26T00:00:00+00:00, run_after=2022-12-27T00:00:00+00:00
[2022-12-27T11:39:16.416+0000] {processor.py:175} INFO - Processing /home/airflow/.local/lib/python3.7/site-packages/airflow/example_dags/example_branch_operator.py took 0.226 seconds
[2022-12-27T11:39:46.587+0000] {processor.py:153} INFO - Started process (PID=2285) to work on /home/airflow/.local/lib/python3.7/site-packages/airflow/example_dags/example_branch_operator.py
[2022-12-27T11:39:46.588+0000] {processor.py:743} INFO - Processing file /home/airflow/.local/lib/python3.7/site-packages/airflow/example_dags/example_branch_operator.py for tasks to queue
[2022-12-27T11:39:46.589+0000] {logging_mixin.py:137} INFO - [2022-12-27T11:39:46.589+0000] {dagbag.py:538} INFO - Filling up the DagBag from /home/airflow/.local/lib/python3.7/site-packages/airflow/example_dags/example_branch_operator.py
[2022-12-27T11:39:46.607+0000] {processor.py:753} INFO - DAG(s) dict_keys(['example_branch_operator']) retrieved from /home/airflow/.local/lib/python3.7/site-packages/airflow/example_dags/example_branch_operator.py
[2022-12-27T11:39:46.651+0000] {logging_mixin.py:137} INFO - [2022-12-27T11:39:46.651+0000] {dag.py:2676} INFO - Sync 1 DAGs
[2022-12-27T11:39:46.682+0000] {logging_mixin.py:137} INFO - [2022-12-27T11:39:46.682+0000] {dag.py:3427} INFO - Setting next_dagrun for example_branch_operator to 2022-12-26T00:00:00+00:00, run_after=2022-12-27T00:00:00+00:00
[2022-12-27T11:39:46.732+0000] {processor.py:175} INFO - Processing /home/airflow/.local/lib/python3.7/site-packages/airflow/example_dags/example_branch_operator.py took 0.152 seconds
[2022-12-27T11:40:16.981+0000] {processor.py:153} INFO - Started process (PID=2347) to work on /home/airflow/.local/lib/python3.7/site-packages/airflow/example_dags/example_branch_operator.py
[2022-12-27T11:40:16.983+0000] {processor.py:743} INFO - Processing file /home/airflow/.local/lib/python3.7/site-packages/airflow/example_dags/example_branch_operator.py for tasks to queue
[2022-12-27T11:40:16.985+0000] {logging_mixin.py:137} INFO - [2022-12-27T11:40:16.984+0000] {dagbag.py:538} INFO - Filling up the DagBag from /home/airflow/.local/lib/python3.7/site-packages/airflow/example_dags/example_branch_operator.py
[2022-12-27T11:40:17.025+0000] {processor.py:753} INFO - DAG(s) dict_keys(['example_branch_operator']) retrieved from /home/airflow/.local/lib/python3.7/site-packages/airflow/example_dags/example_branch_operator.py
[2022-12-27T11:40:17.133+0000] {logging_mixin.py:137} INFO - [2022-12-27T11:40:17.133+0000] {dag.py:2676} INFO - Sync 1 DAGs
[2022-12-27T11:40:17.198+0000] {logging_mixin.py:137} INFO - [2022-12-27T11:40:17.198+0000] {dag.py:3427} INFO - Setting next_dagrun for example_branch_operator to 2022-12-26T00:00:00+00:00, run_after=2022-12-27T00:00:00+00:00
[2022-12-27T11:40:17.321+0000] {processor.py:175} INFO - Processing /home/airflow/.local/lib/python3.7/site-packages/airflow/example_dags/example_branch_operator.py took 0.349 seconds
[2022-12-27T11:40:47.668+0000] {processor.py:153} INFO - Started process (PID=2410) to work on /home/airflow/.local/lib/python3.7/site-packages/airflow/example_dags/example_branch_operator.py
[2022-12-27T11:40:47.669+0000] {processor.py:743} INFO - Processing file /home/airflow/.local/lib/python3.7/site-packages/airflow/example_dags/example_branch_operator.py for tasks to queue
[2022-12-27T11:40:47.670+0000] {logging_mixin.py:137} INFO - [2022-12-27T11:40:47.670+0000] {dagbag.py:538} INFO - Filling up the DagBag from /home/airflow/.local/lib/python3.7/site-packages/airflow/example_dags/example_branch_operator.py
[2022-12-27T11:40:47.703+0000] {processor.py:753} INFO - DAG(s) dict_keys(['example_branch_operator']) retrieved from /home/airflow/.local/lib/python3.7/site-packages/airflow/example_dags/example_branch_operator.py
[2022-12-27T11:40:47.743+0000] {logging_mixin.py:137} INFO - [2022-12-27T11:40:47.743+0000] {dag.py:2676} INFO - Sync 1 DAGs
[2022-12-27T11:40:47.793+0000] {logging_mixin.py:137} INFO - [2022-12-27T11:40:47.793+0000] {dag.py:3427} INFO - Setting next_dagrun for example_branch_operator to 2022-12-26T00:00:00+00:00, run_after=2022-12-27T00:00:00+00:00
[2022-12-27T11:40:47.863+0000] {processor.py:175} INFO - Processing /home/airflow/.local/lib/python3.7/site-packages/airflow/example_dags/example_branch_operator.py took 0.201 seconds
[2022-12-27T11:41:18.505+0000] {processor.py:153} INFO - Started process (PID=2470) to work on /home/airflow/.local/lib/python3.7/site-packages/airflow/example_dags/example_branch_operator.py
[2022-12-27T11:41:18.506+0000] {processor.py:743} INFO - Processing file /home/airflow/.local/lib/python3.7/site-packages/airflow/example_dags/example_branch_operator.py for tasks to queue
[2022-12-27T11:41:18.507+0000] {logging_mixin.py:137} INFO - [2022-12-27T11:41:18.507+0000] {dagbag.py:538} INFO - Filling up the DagBag from /home/airflow/.local/lib/python3.7/site-packages/airflow/example_dags/example_branch_operator.py
[2022-12-27T11:41:18.534+0000] {processor.py:753} INFO - DAG(s) dict_keys(['example_branch_operator']) retrieved from /home/airflow/.local/lib/python3.7/site-packages/airflow/example_dags/example_branch_operator.py
[2022-12-27T11:41:18.588+0000] {logging_mixin.py:137} INFO - [2022-12-27T11:41:18.588+0000] {dag.py:2676} INFO - Sync 1 DAGs
[2022-12-27T11:41:18.631+0000] {logging_mixin.py:137} INFO - [2022-12-27T11:41:18.631+0000] {dag.py:3427} INFO - Setting next_dagrun for example_branch_operator to 2022-12-26T00:00:00+00:00, run_after=2022-12-27T00:00:00+00:00
[2022-12-27T11:41:18.745+0000] {processor.py:175} INFO - Processing /home/airflow/.local/lib/python3.7/site-packages/airflow/example_dags/example_branch_operator.py took 0.245 seconds
[2022-12-27T11:41:48.898+0000] {processor.py:153} INFO - Started process (PID=2531) to work on /home/airflow/.local/lib/python3.7/site-packages/airflow/example_dags/example_branch_operator.py
[2022-12-27T11:41:48.900+0000] {processor.py:743} INFO - Processing file /home/airflow/.local/lib/python3.7/site-packages/airflow/example_dags/example_branch_operator.py for tasks to queue
[2022-12-27T11:41:48.902+0000] {logging_mixin.py:137} INFO - [2022-12-27T11:41:48.901+0000] {dagbag.py:538} INFO - Filling up the DagBag from /home/airflow/.local/lib/python3.7/site-packages/airflow/example_dags/example_branch_operator.py
[2022-12-27T11:41:48.927+0000] {processor.py:753} INFO - DAG(s) dict_keys(['example_branch_operator']) retrieved from /home/airflow/.local/lib/python3.7/site-packages/airflow/example_dags/example_branch_operator.py
[2022-12-27T11:41:48.982+0000] {logging_mixin.py:137} INFO - [2022-12-27T11:41:48.982+0000] {dag.py:2676} INFO - Sync 1 DAGs
[2022-12-27T11:41:49.023+0000] {logging_mixin.py:137} INFO - [2022-12-27T11:41:49.023+0000] {dag.py:3427} INFO - Setting next_dagrun for example_branch_operator to 2022-12-26T00:00:00+00:00, run_after=2022-12-27T00:00:00+00:00
[2022-12-27T11:41:49.171+0000] {processor.py:175} INFO - Processing /home/airflow/.local/lib/python3.7/site-packages/airflow/example_dags/example_branch_operator.py took 0.283 seconds
