[2022-12-27T11:22:28.636+0000] {processor.py:153} INFO - Started process (PID=71) to work on /home/airflow/.local/lib/python3.7/site-packages/airflow/example_dags/example_task_group_decorator.py
[2022-12-27T11:22:28.637+0000] {processor.py:743} INFO - Processing file /home/airflow/.local/lib/python3.7/site-packages/airflow/example_dags/example_task_group_decorator.py for tasks to queue
[2022-12-27T11:22:28.638+0000] {logging_mixin.py:137} INFO - [2022-12-27T11:22:28.638+0000] {dagbag.py:538} INFO - Filling up the DagBag from /home/airflow/.local/lib/python3.7/site-packages/airflow/example_dags/example_task_group_decorator.py
[2022-12-27T11:22:28.679+0000] {processor.py:753} INFO - DAG(s) dict_keys(['example_task_group_decorator']) retrieved from /home/airflow/.local/lib/python3.7/site-packages/airflow/example_dags/example_task_group_decorator.py
[2022-12-27T11:22:28.737+0000] {logging_mixin.py:137} INFO - [2022-12-27T11:22:28.737+0000] {dag.py:2676} INFO - Sync 1 DAGs
[2022-12-27T11:22:28.786+0000] {logging_mixin.py:137} INFO - [2022-12-27T11:22:28.786+0000] {dag.py:3427} INFO - Setting next_dagrun for example_task_group_decorator to 2022-12-26T11:22:28.785994+00:00, run_after=2022-12-27T11:22:28.785994+00:00
[2022-12-27T11:22:29.071+0000] {processor.py:175} INFO - Processing /home/airflow/.local/lib/python3.7/site-packages/airflow/example_dags/example_task_group_decorator.py took 0.439 seconds
[2022-12-27T11:22:59.724+0000] {processor.py:153} INFO - Started process (PID=133) to work on /home/airflow/.local/lib/python3.7/site-packages/airflow/example_dags/example_task_group_decorator.py
[2022-12-27T11:22:59.725+0000] {processor.py:743} INFO - Processing file /home/airflow/.local/lib/python3.7/site-packages/airflow/example_dags/example_task_group_decorator.py for tasks to queue
[2022-12-27T11:22:59.726+0000] {logging_mixin.py:137} INFO - [2022-12-27T11:22:59.725+0000] {dagbag.py:538} INFO - Filling up the DagBag from /home/airflow/.local/lib/python3.7/site-packages/airflow/example_dags/example_task_group_decorator.py
[2022-12-27T11:22:59.757+0000] {processor.py:753} INFO - DAG(s) dict_keys(['example_task_group_decorator']) retrieved from /home/airflow/.local/lib/python3.7/site-packages/airflow/example_dags/example_task_group_decorator.py
[2022-12-27T11:22:59.795+0000] {logging_mixin.py:137} INFO - [2022-12-27T11:22:59.795+0000] {dag.py:2676} INFO - Sync 1 DAGs
[2022-12-27T11:22:59.821+0000] {logging_mixin.py:137} INFO - [2022-12-27T11:22:59.821+0000] {dag.py:3427} INFO - Setting next_dagrun for example_task_group_decorator to 2022-12-26T11:22:59.821587+00:00, run_after=2022-12-27T11:22:59.821587+00:00
[2022-12-27T11:22:59.890+0000] {processor.py:175} INFO - Processing /home/airflow/.local/lib/python3.7/site-packages/airflow/example_dags/example_task_group_decorator.py took 0.170 seconds
[2022-12-27T11:23:30.699+0000] {processor.py:153} INFO - Started process (PID=203) to work on /home/airflow/.local/lib/python3.7/site-packages/airflow/example_dags/example_task_group_decorator.py
[2022-12-27T11:23:30.701+0000] {processor.py:743} INFO - Processing file /home/airflow/.local/lib/python3.7/site-packages/airflow/example_dags/example_task_group_decorator.py for tasks to queue
[2022-12-27T11:23:30.702+0000] {logging_mixin.py:137} INFO - [2022-12-27T11:23:30.702+0000] {dagbag.py:538} INFO - Filling up the DagBag from /home/airflow/.local/lib/python3.7/site-packages/airflow/example_dags/example_task_group_decorator.py
[2022-12-27T11:23:30.768+0000] {processor.py:753} INFO - DAG(s) dict_keys(['example_task_group_decorator']) retrieved from /home/airflow/.local/lib/python3.7/site-packages/airflow/example_dags/example_task_group_decorator.py
[2022-12-27T11:23:30.853+0000] {logging_mixin.py:137} INFO - [2022-12-27T11:23:30.852+0000] {dag.py:2676} INFO - Sync 1 DAGs
[2022-12-27T11:23:30.910+0000] {logging_mixin.py:137} INFO - [2022-12-27T11:23:30.910+0000] {dag.py:3427} INFO - Setting next_dagrun for example_task_group_decorator to 2022-12-26T11:23:30.910145+00:00, run_after=2022-12-27T11:23:30.910145+00:00
[2022-12-27T11:23:30.978+0000] {processor.py:175} INFO - Processing /home/airflow/.local/lib/python3.7/site-packages/airflow/example_dags/example_task_group_decorator.py took 0.285 seconds
[2022-12-27T11:24:01.455+0000] {processor.py:153} INFO - Started process (PID=271) to work on /home/airflow/.local/lib/python3.7/site-packages/airflow/example_dags/example_task_group_decorator.py
[2022-12-27T11:24:01.456+0000] {processor.py:743} INFO - Processing file /home/airflow/.local/lib/python3.7/site-packages/airflow/example_dags/example_task_group_decorator.py for tasks to queue
[2022-12-27T11:24:01.457+0000] {logging_mixin.py:137} INFO - [2022-12-27T11:24:01.456+0000] {dagbag.py:538} INFO - Filling up the DagBag from /home/airflow/.local/lib/python3.7/site-packages/airflow/example_dags/example_task_group_decorator.py
[2022-12-27T11:24:01.489+0000] {processor.py:753} INFO - DAG(s) dict_keys(['example_task_group_decorator']) retrieved from /home/airflow/.local/lib/python3.7/site-packages/airflow/example_dags/example_task_group_decorator.py
[2022-12-27T11:24:01.531+0000] {logging_mixin.py:137} INFO - [2022-12-27T11:24:01.531+0000] {dag.py:2676} INFO - Sync 1 DAGs
[2022-12-27T11:24:01.559+0000] {logging_mixin.py:137} INFO - [2022-12-27T11:24:01.559+0000] {dag.py:3427} INFO - Setting next_dagrun for example_task_group_decorator to 2022-12-26T11:24:01.558793+00:00, run_after=2022-12-27T11:24:01.558793+00:00
[2022-12-27T11:24:01.610+0000] {processor.py:175} INFO - Processing /home/airflow/.local/lib/python3.7/site-packages/airflow/example_dags/example_task_group_decorator.py took 0.159 seconds
[2022-12-27T11:24:31.955+0000] {processor.py:153} INFO - Started process (PID=334) to work on /home/airflow/.local/lib/python3.7/site-packages/airflow/example_dags/example_task_group_decorator.py
[2022-12-27T11:24:31.957+0000] {processor.py:743} INFO - Processing file /home/airflow/.local/lib/python3.7/site-packages/airflow/example_dags/example_task_group_decorator.py for tasks to queue
[2022-12-27T11:24:31.957+0000] {logging_mixin.py:137} INFO - [2022-12-27T11:24:31.957+0000] {dagbag.py:538} INFO - Filling up the DagBag from /home/airflow/.local/lib/python3.7/site-packages/airflow/example_dags/example_task_group_decorator.py
[2022-12-27T11:24:31.991+0000] {processor.py:753} INFO - DAG(s) dict_keys(['example_task_group_decorator']) retrieved from /home/airflow/.local/lib/python3.7/site-packages/airflow/example_dags/example_task_group_decorator.py
[2022-12-27T11:24:32.032+0000] {logging_mixin.py:137} INFO - [2022-12-27T11:24:32.032+0000] {dag.py:2676} INFO - Sync 1 DAGs
[2022-12-27T11:24:32.063+0000] {logging_mixin.py:137} INFO - [2022-12-27T11:24:32.063+0000] {dag.py:3427} INFO - Setting next_dagrun for example_task_group_decorator to 2022-12-26T11:24:32.063207+00:00, run_after=2022-12-27T11:24:32.063207+00:00
[2022-12-27T11:24:32.151+0000] {processor.py:175} INFO - Processing /home/airflow/.local/lib/python3.7/site-packages/airflow/example_dags/example_task_group_decorator.py took 0.200 seconds
[2022-12-27T11:25:02.672+0000] {processor.py:153} INFO - Started process (PID=397) to work on /home/airflow/.local/lib/python3.7/site-packages/airflow/example_dags/example_task_group_decorator.py
[2022-12-27T11:25:02.673+0000] {processor.py:743} INFO - Processing file /home/airflow/.local/lib/python3.7/site-packages/airflow/example_dags/example_task_group_decorator.py for tasks to queue
[2022-12-27T11:25:02.674+0000] {logging_mixin.py:137} INFO - [2022-12-27T11:25:02.674+0000] {dagbag.py:538} INFO - Filling up the DagBag from /home/airflow/.local/lib/python3.7/site-packages/airflow/example_dags/example_task_group_decorator.py
[2022-12-27T11:25:02.710+0000] {processor.py:753} INFO - DAG(s) dict_keys(['example_task_group_decorator']) retrieved from /home/airflow/.local/lib/python3.7/site-packages/airflow/example_dags/example_task_group_decorator.py
[2022-12-27T11:25:02.761+0000] {logging_mixin.py:137} INFO - [2022-12-27T11:25:02.761+0000] {dag.py:2676} INFO - Sync 1 DAGs
[2022-12-27T11:25:02.794+0000] {logging_mixin.py:137} INFO - [2022-12-27T11:25:02.794+0000] {dag.py:3427} INFO - Setting next_dagrun for example_task_group_decorator to 2022-12-26T11:25:02.794513+00:00, run_after=2022-12-27T11:25:02.794513+00:00
[2022-12-27T11:25:02.846+0000] {processor.py:175} INFO - Processing /home/airflow/.local/lib/python3.7/site-packages/airflow/example_dags/example_task_group_decorator.py took 0.179 seconds
[2022-12-27T11:25:33.977+0000] {processor.py:153} INFO - Started process (PID=471) to work on /home/airflow/.local/lib/python3.7/site-packages/airflow/example_dags/example_task_group_decorator.py
[2022-12-27T11:25:33.978+0000] {processor.py:743} INFO - Processing file /home/airflow/.local/lib/python3.7/site-packages/airflow/example_dags/example_task_group_decorator.py for tasks to queue
[2022-12-27T11:25:33.980+0000] {logging_mixin.py:137} INFO - [2022-12-27T11:25:33.980+0000] {dagbag.py:538} INFO - Filling up the DagBag from /home/airflow/.local/lib/python3.7/site-packages/airflow/example_dags/example_task_group_decorator.py
[2022-12-27T11:25:34.043+0000] {processor.py:753} INFO - DAG(s) dict_keys(['example_task_group_decorator']) retrieved from /home/airflow/.local/lib/python3.7/site-packages/airflow/example_dags/example_task_group_decorator.py
[2022-12-27T11:25:34.129+0000] {logging_mixin.py:137} INFO - [2022-12-27T11:25:34.129+0000] {dag.py:2676} INFO - Sync 1 DAGs
[2022-12-27T11:25:34.182+0000] {logging_mixin.py:137} INFO - [2022-12-27T11:25:34.182+0000] {dag.py:3427} INFO - Setting next_dagrun for example_task_group_decorator to 2022-12-26T11:25:34.181632+00:00, run_after=2022-12-27T11:25:34.181632+00:00
[2022-12-27T11:25:35.011+0000] {processor.py:175} INFO - Processing /home/airflow/.local/lib/python3.7/site-packages/airflow/example_dags/example_task_group_decorator.py took 1.039 seconds
[2022-12-27T11:26:05.242+0000] {processor.py:153} INFO - Started process (PID=533) to work on /home/airflow/.local/lib/python3.7/site-packages/airflow/example_dags/example_task_group_decorator.py
[2022-12-27T11:26:05.244+0000] {processor.py:743} INFO - Processing file /home/airflow/.local/lib/python3.7/site-packages/airflow/example_dags/example_task_group_decorator.py for tasks to queue
[2022-12-27T11:26:05.245+0000] {logging_mixin.py:137} INFO - [2022-12-27T11:26:05.245+0000] {dagbag.py:538} INFO - Filling up the DagBag from /home/airflow/.local/lib/python3.7/site-packages/airflow/example_dags/example_task_group_decorator.py
[2022-12-27T11:26:05.281+0000] {processor.py:753} INFO - DAG(s) dict_keys(['example_task_group_decorator']) retrieved from /home/airflow/.local/lib/python3.7/site-packages/airflow/example_dags/example_task_group_decorator.py
[2022-12-27T11:26:05.329+0000] {logging_mixin.py:137} INFO - [2022-12-27T11:26:05.329+0000] {dag.py:2676} INFO - Sync 1 DAGs
[2022-12-27T11:26:05.378+0000] {logging_mixin.py:137} INFO - [2022-12-27T11:26:05.377+0000] {dag.py:3427} INFO - Setting next_dagrun for example_task_group_decorator to 2022-12-26T11:26:05.377275+00:00, run_after=2022-12-27T11:26:05.377275+00:00
[2022-12-27T11:26:05.442+0000] {processor.py:175} INFO - Processing /home/airflow/.local/lib/python3.7/site-packages/airflow/example_dags/example_task_group_decorator.py took 0.206 seconds
[2022-12-27T11:26:35.554+0000] {processor.py:153} INFO - Started process (PID=595) to work on /home/airflow/.local/lib/python3.7/site-packages/airflow/example_dags/example_task_group_decorator.py
[2022-12-27T11:26:35.555+0000] {processor.py:743} INFO - Processing file /home/airflow/.local/lib/python3.7/site-packages/airflow/example_dags/example_task_group_decorator.py for tasks to queue
[2022-12-27T11:26:35.556+0000] {logging_mixin.py:137} INFO - [2022-12-27T11:26:35.556+0000] {dagbag.py:538} INFO - Filling up the DagBag from /home/airflow/.local/lib/python3.7/site-packages/airflow/example_dags/example_task_group_decorator.py
[2022-12-27T11:26:35.600+0000] {processor.py:753} INFO - DAG(s) dict_keys(['example_task_group_decorator']) retrieved from /home/airflow/.local/lib/python3.7/site-packages/airflow/example_dags/example_task_group_decorator.py
[2022-12-27T11:26:35.659+0000] {logging_mixin.py:137} INFO - [2022-12-27T11:26:35.659+0000] {dag.py:2676} INFO - Sync 1 DAGs
[2022-12-27T11:26:35.693+0000] {logging_mixin.py:137} INFO - [2022-12-27T11:26:35.693+0000] {dag.py:3427} INFO - Setting next_dagrun for example_task_group_decorator to 2022-12-26T11:26:35.693348+00:00, run_after=2022-12-27T11:26:35.693348+00:00
[2022-12-27T11:26:35.800+0000] {processor.py:175} INFO - Processing /home/airflow/.local/lib/python3.7/site-packages/airflow/example_dags/example_task_group_decorator.py took 0.251 seconds
[2022-12-27T11:27:05.985+0000] {processor.py:153} INFO - Started process (PID=656) to work on /home/airflow/.local/lib/python3.7/site-packages/airflow/example_dags/example_task_group_decorator.py
[2022-12-27T11:27:05.986+0000] {processor.py:743} INFO - Processing file /home/airflow/.local/lib/python3.7/site-packages/airflow/example_dags/example_task_group_decorator.py for tasks to queue
[2022-12-27T11:27:05.987+0000] {logging_mixin.py:137} INFO - [2022-12-27T11:27:05.987+0000] {dagbag.py:538} INFO - Filling up the DagBag from /home/airflow/.local/lib/python3.7/site-packages/airflow/example_dags/example_task_group_decorator.py
[2022-12-27T11:27:06.023+0000] {processor.py:753} INFO - DAG(s) dict_keys(['example_task_group_decorator']) retrieved from /home/airflow/.local/lib/python3.7/site-packages/airflow/example_dags/example_task_group_decorator.py
[2022-12-27T11:27:06.078+0000] {logging_mixin.py:137} INFO - [2022-12-27T11:27:06.078+0000] {dag.py:2676} INFO - Sync 1 DAGs
[2022-12-27T11:27:06.116+0000] {logging_mixin.py:137} INFO - [2022-12-27T11:27:06.115+0000] {dag.py:3427} INFO - Setting next_dagrun for example_task_group_decorator to 2022-12-26T11:27:06.115544+00:00, run_after=2022-12-27T11:27:06.115544+00:00
[2022-12-27T11:27:06.174+0000] {processor.py:175} INFO - Processing /home/airflow/.local/lib/python3.7/site-packages/airflow/example_dags/example_task_group_decorator.py took 0.194 seconds
[2022-12-27T11:27:36.276+0000] {processor.py:153} INFO - Started process (PID=724) to work on /home/airflow/.local/lib/python3.7/site-packages/airflow/example_dags/example_task_group_decorator.py
[2022-12-27T11:27:36.278+0000] {processor.py:743} INFO - Processing file /home/airflow/.local/lib/python3.7/site-packages/airflow/example_dags/example_task_group_decorator.py for tasks to queue
[2022-12-27T11:27:36.279+0000] {logging_mixin.py:137} INFO - [2022-12-27T11:27:36.279+0000] {dagbag.py:538} INFO - Filling up the DagBag from /home/airflow/.local/lib/python3.7/site-packages/airflow/example_dags/example_task_group_decorator.py
[2022-12-27T11:27:36.340+0000] {processor.py:753} INFO - DAG(s) dict_keys(['example_task_group_decorator']) retrieved from /home/airflow/.local/lib/python3.7/site-packages/airflow/example_dags/example_task_group_decorator.py
[2022-12-27T11:27:36.430+0000] {logging_mixin.py:137} INFO - [2022-12-27T11:27:36.430+0000] {dag.py:2676} INFO - Sync 1 DAGs
[2022-12-27T11:27:36.466+0000] {logging_mixin.py:137} INFO - [2022-12-27T11:27:36.466+0000] {dag.py:3427} INFO - Setting next_dagrun for example_task_group_decorator to 2022-12-26T11:27:36.466293+00:00, run_after=2022-12-27T11:27:36.466293+00:00
[2022-12-27T11:27:36.595+0000] {processor.py:175} INFO - Processing /home/airflow/.local/lib/python3.7/site-packages/airflow/example_dags/example_task_group_decorator.py took 0.325 seconds
[2022-12-27T11:28:06.698+0000] {processor.py:153} INFO - Started process (PID=791) to work on /home/airflow/.local/lib/python3.7/site-packages/airflow/example_dags/example_task_group_decorator.py
[2022-12-27T11:28:06.699+0000] {processor.py:743} INFO - Processing file /home/airflow/.local/lib/python3.7/site-packages/airflow/example_dags/example_task_group_decorator.py for tasks to queue
[2022-12-27T11:28:06.699+0000] {logging_mixin.py:137} INFO - [2022-12-27T11:28:06.699+0000] {dagbag.py:538} INFO - Filling up the DagBag from /home/airflow/.local/lib/python3.7/site-packages/airflow/example_dags/example_task_group_decorator.py
[2022-12-27T11:28:06.731+0000] {processor.py:753} INFO - DAG(s) dict_keys(['example_task_group_decorator']) retrieved from /home/airflow/.local/lib/python3.7/site-packages/airflow/example_dags/example_task_group_decorator.py
[2022-12-27T11:28:06.780+0000] {logging_mixin.py:137} INFO - [2022-12-27T11:28:06.780+0000] {dag.py:2676} INFO - Sync 1 DAGs
[2022-12-27T11:28:06.809+0000] {logging_mixin.py:137} INFO - [2022-12-27T11:28:06.808+0000] {dag.py:3427} INFO - Setting next_dagrun for example_task_group_decorator to 2022-12-26T11:28:06.808528+00:00, run_after=2022-12-27T11:28:06.808528+00:00
[2022-12-27T11:28:06.871+0000] {processor.py:175} INFO - Processing /home/airflow/.local/lib/python3.7/site-packages/airflow/example_dags/example_task_group_decorator.py took 0.177 seconds
[2022-12-27T11:28:36.990+0000] {processor.py:153} INFO - Started process (PID=853) to work on /home/airflow/.local/lib/python3.7/site-packages/airflow/example_dags/example_task_group_decorator.py
[2022-12-27T11:28:36.992+0000] {processor.py:743} INFO - Processing file /home/airflow/.local/lib/python3.7/site-packages/airflow/example_dags/example_task_group_decorator.py for tasks to queue
[2022-12-27T11:28:36.993+0000] {logging_mixin.py:137} INFO - [2022-12-27T11:28:36.993+0000] {dagbag.py:538} INFO - Filling up the DagBag from /home/airflow/.local/lib/python3.7/site-packages/airflow/example_dags/example_task_group_decorator.py
[2022-12-27T11:28:37.029+0000] {processor.py:753} INFO - DAG(s) dict_keys(['example_task_group_decorator']) retrieved from /home/airflow/.local/lib/python3.7/site-packages/airflow/example_dags/example_task_group_decorator.py
[2022-12-27T11:28:37.091+0000] {logging_mixin.py:137} INFO - [2022-12-27T11:28:37.091+0000] {dag.py:2676} INFO - Sync 1 DAGs
[2022-12-27T11:28:37.139+0000] {logging_mixin.py:137} INFO - [2022-12-27T11:28:37.139+0000] {dag.py:3427} INFO - Setting next_dagrun for example_task_group_decorator to 2022-12-26T11:28:37.139103+00:00, run_after=2022-12-27T11:28:37.139103+00:00
[2022-12-27T11:28:37.198+0000] {processor.py:175} INFO - Processing /home/airflow/.local/lib/python3.7/site-packages/airflow/example_dags/example_task_group_decorator.py took 0.211 seconds
[2022-12-27T11:29:07.959+0000] {processor.py:153} INFO - Started process (PID=916) to work on /home/airflow/.local/lib/python3.7/site-packages/airflow/example_dags/example_task_group_decorator.py
[2022-12-27T11:29:07.961+0000] {processor.py:743} INFO - Processing file /home/airflow/.local/lib/python3.7/site-packages/airflow/example_dags/example_task_group_decorator.py for tasks to queue
[2022-12-27T11:29:07.962+0000] {logging_mixin.py:137} INFO - [2022-12-27T11:29:07.962+0000] {dagbag.py:538} INFO - Filling up the DagBag from /home/airflow/.local/lib/python3.7/site-packages/airflow/example_dags/example_task_group_decorator.py
[2022-12-27T11:29:08.029+0000] {processor.py:753} INFO - DAG(s) dict_keys(['example_task_group_decorator']) retrieved from /home/airflow/.local/lib/python3.7/site-packages/airflow/example_dags/example_task_group_decorator.py
[2022-12-27T11:29:08.113+0000] {logging_mixin.py:137} INFO - [2022-12-27T11:29:08.113+0000] {dag.py:2676} INFO - Sync 1 DAGs
[2022-12-27T11:29:08.178+0000] {logging_mixin.py:137} INFO - [2022-12-27T11:29:08.178+0000] {dag.py:3427} INFO - Setting next_dagrun for example_task_group_decorator to 2022-12-26T11:29:08.177551+00:00, run_after=2022-12-27T11:29:08.177551+00:00
[2022-12-27T11:29:08.251+0000] {processor.py:175} INFO - Processing /home/airflow/.local/lib/python3.7/site-packages/airflow/example_dags/example_task_group_decorator.py took 0.300 seconds
[2022-12-27T11:29:38.485+0000] {processor.py:153} INFO - Started process (PID=990) to work on /home/airflow/.local/lib/python3.7/site-packages/airflow/example_dags/example_task_group_decorator.py
[2022-12-27T11:29:38.487+0000] {processor.py:743} INFO - Processing file /home/airflow/.local/lib/python3.7/site-packages/airflow/example_dags/example_task_group_decorator.py for tasks to queue
[2022-12-27T11:29:38.489+0000] {logging_mixin.py:137} INFO - [2022-12-27T11:29:38.489+0000] {dagbag.py:538} INFO - Filling up the DagBag from /home/airflow/.local/lib/python3.7/site-packages/airflow/example_dags/example_task_group_decorator.py
[2022-12-27T11:29:38.552+0000] {processor.py:753} INFO - DAG(s) dict_keys(['example_task_group_decorator']) retrieved from /home/airflow/.local/lib/python3.7/site-packages/airflow/example_dags/example_task_group_decorator.py
[2022-12-27T11:29:38.598+0000] {logging_mixin.py:137} INFO - [2022-12-27T11:29:38.598+0000] {dag.py:2676} INFO - Sync 1 DAGs
[2022-12-27T11:29:38.627+0000] {logging_mixin.py:137} INFO - [2022-12-27T11:29:38.627+0000] {dag.py:3427} INFO - Setting next_dagrun for example_task_group_decorator to 2022-12-26T11:29:38.627132+00:00, run_after=2022-12-27T11:29:38.627132+00:00
[2022-12-27T11:29:38.683+0000] {processor.py:175} INFO - Processing /home/airflow/.local/lib/python3.7/site-packages/airflow/example_dags/example_task_group_decorator.py took 0.205 seconds
[2022-12-27T11:30:09.511+0000] {processor.py:153} INFO - Started process (PID=1052) to work on /home/airflow/.local/lib/python3.7/site-packages/airflow/example_dags/example_task_group_decorator.py
[2022-12-27T11:30:09.512+0000] {processor.py:743} INFO - Processing file /home/airflow/.local/lib/python3.7/site-packages/airflow/example_dags/example_task_group_decorator.py for tasks to queue
[2022-12-27T11:30:09.513+0000] {logging_mixin.py:137} INFO - [2022-12-27T11:30:09.513+0000] {dagbag.py:538} INFO - Filling up the DagBag from /home/airflow/.local/lib/python3.7/site-packages/airflow/example_dags/example_task_group_decorator.py
[2022-12-27T11:30:09.551+0000] {processor.py:753} INFO - DAG(s) dict_keys(['example_task_group_decorator']) retrieved from /home/airflow/.local/lib/python3.7/site-packages/airflow/example_dags/example_task_group_decorator.py
[2022-12-27T11:30:09.602+0000] {logging_mixin.py:137} INFO - [2022-12-27T11:30:09.602+0000] {dag.py:2676} INFO - Sync 1 DAGs
[2022-12-27T11:30:09.637+0000] {logging_mixin.py:137} INFO - [2022-12-27T11:30:09.636+0000] {dag.py:3427} INFO - Setting next_dagrun for example_task_group_decorator to 2022-12-26T11:30:09.636564+00:00, run_after=2022-12-27T11:30:09.636564+00:00
[2022-12-27T11:30:09.693+0000] {processor.py:175} INFO - Processing /home/airflow/.local/lib/python3.7/site-packages/airflow/example_dags/example_task_group_decorator.py took 0.186 seconds
[2022-12-27T11:30:40.513+0000] {processor.py:153} INFO - Started process (PID=1121) to work on /home/airflow/.local/lib/python3.7/site-packages/airflow/example_dags/example_task_group_decorator.py
[2022-12-27T11:30:40.514+0000] {processor.py:743} INFO - Processing file /home/airflow/.local/lib/python3.7/site-packages/airflow/example_dags/example_task_group_decorator.py for tasks to queue
[2022-12-27T11:30:40.515+0000] {logging_mixin.py:137} INFO - [2022-12-27T11:30:40.515+0000] {dagbag.py:538} INFO - Filling up the DagBag from /home/airflow/.local/lib/python3.7/site-packages/airflow/example_dags/example_task_group_decorator.py
[2022-12-27T11:30:40.557+0000] {processor.py:753} INFO - DAG(s) dict_keys(['example_task_group_decorator']) retrieved from /home/airflow/.local/lib/python3.7/site-packages/airflow/example_dags/example_task_group_decorator.py
[2022-12-27T11:30:40.617+0000] {logging_mixin.py:137} INFO - [2022-12-27T11:30:40.616+0000] {dag.py:2676} INFO - Sync 1 DAGs
[2022-12-27T11:30:40.658+0000] {logging_mixin.py:137} INFO - [2022-12-27T11:30:40.657+0000] {dag.py:3427} INFO - Setting next_dagrun for example_task_group_decorator to 2022-12-26T11:30:40.657442+00:00, run_after=2022-12-27T11:30:40.657442+00:00
[2022-12-27T11:30:40.710+0000] {processor.py:175} INFO - Processing /home/airflow/.local/lib/python3.7/site-packages/airflow/example_dags/example_task_group_decorator.py took 0.201 seconds
[2022-12-27T11:31:10.760+0000] {processor.py:153} INFO - Started process (PID=1189) to work on /home/airflow/.local/lib/python3.7/site-packages/airflow/example_dags/example_task_group_decorator.py
[2022-12-27T11:31:10.762+0000] {processor.py:743} INFO - Processing file /home/airflow/.local/lib/python3.7/site-packages/airflow/example_dags/example_task_group_decorator.py for tasks to queue
[2022-12-27T11:31:10.764+0000] {logging_mixin.py:137} INFO - [2022-12-27T11:31:10.764+0000] {dagbag.py:538} INFO - Filling up the DagBag from /home/airflow/.local/lib/python3.7/site-packages/airflow/example_dags/example_task_group_decorator.py
[2022-12-27T11:31:10.797+0000] {processor.py:753} INFO - DAG(s) dict_keys(['example_task_group_decorator']) retrieved from /home/airflow/.local/lib/python3.7/site-packages/airflow/example_dags/example_task_group_decorator.py
[2022-12-27T11:31:10.834+0000] {logging_mixin.py:137} INFO - [2022-12-27T11:31:10.834+0000] {dag.py:2676} INFO - Sync 1 DAGs
[2022-12-27T11:31:10.860+0000] {logging_mixin.py:137} INFO - [2022-12-27T11:31:10.860+0000] {dag.py:3427} INFO - Setting next_dagrun for example_task_group_decorator to 2022-12-26T11:31:10.860421+00:00, run_after=2022-12-27T11:31:10.860421+00:00
[2022-12-27T11:31:10.905+0000] {processor.py:175} INFO - Processing /home/airflow/.local/lib/python3.7/site-packages/airflow/example_dags/example_task_group_decorator.py took 0.149 seconds
[2022-12-27T11:31:41.341+0000] {processor.py:153} INFO - Started process (PID=1251) to work on /home/airflow/.local/lib/python3.7/site-packages/airflow/example_dags/example_task_group_decorator.py
[2022-12-27T11:31:41.343+0000] {processor.py:743} INFO - Processing file /home/airflow/.local/lib/python3.7/site-packages/airflow/example_dags/example_task_group_decorator.py for tasks to queue
[2022-12-27T11:31:41.346+0000] {logging_mixin.py:137} INFO - [2022-12-27T11:31:41.346+0000] {dagbag.py:538} INFO - Filling up the DagBag from /home/airflow/.local/lib/python3.7/site-packages/airflow/example_dags/example_task_group_decorator.py
[2022-12-27T11:31:41.457+0000] {processor.py:753} INFO - DAG(s) dict_keys(['example_task_group_decorator']) retrieved from /home/airflow/.local/lib/python3.7/site-packages/airflow/example_dags/example_task_group_decorator.py
[2022-12-27T11:31:41.588+0000] {logging_mixin.py:137} INFO - [2022-12-27T11:31:41.588+0000] {dag.py:2676} INFO - Sync 1 DAGs
[2022-12-27T11:31:41.645+0000] {logging_mixin.py:137} INFO - [2022-12-27T11:31:41.644+0000] {dag.py:3427} INFO - Setting next_dagrun for example_task_group_decorator to 2022-12-26T11:31:41.644219+00:00, run_after=2022-12-27T11:31:41.644219+00:00
[2022-12-27T11:31:41.709+0000] {processor.py:175} INFO - Processing /home/airflow/.local/lib/python3.7/site-packages/airflow/example_dags/example_task_group_decorator.py took 0.376 seconds
[2022-12-27T11:32:12.513+0000] {processor.py:153} INFO - Started process (PID=1325) to work on /home/airflow/.local/lib/python3.7/site-packages/airflow/example_dags/example_task_group_decorator.py
[2022-12-27T11:32:12.514+0000] {processor.py:743} INFO - Processing file /home/airflow/.local/lib/python3.7/site-packages/airflow/example_dags/example_task_group_decorator.py for tasks to queue
[2022-12-27T11:32:12.515+0000] {logging_mixin.py:137} INFO - [2022-12-27T11:32:12.515+0000] {dagbag.py:538} INFO - Filling up the DagBag from /home/airflow/.local/lib/python3.7/site-packages/airflow/example_dags/example_task_group_decorator.py
[2022-12-27T11:32:12.546+0000] {processor.py:753} INFO - DAG(s) dict_keys(['example_task_group_decorator']) retrieved from /home/airflow/.local/lib/python3.7/site-packages/airflow/example_dags/example_task_group_decorator.py
[2022-12-27T11:32:12.588+0000] {logging_mixin.py:137} INFO - [2022-12-27T11:32:12.588+0000] {dag.py:2676} INFO - Sync 1 DAGs
[2022-12-27T11:32:12.616+0000] {logging_mixin.py:137} INFO - [2022-12-27T11:32:12.616+0000] {dag.py:3427} INFO - Setting next_dagrun for example_task_group_decorator to 2022-12-26T11:32:12.616233+00:00, run_after=2022-12-27T11:32:12.616233+00:00
[2022-12-27T11:32:12.665+0000] {processor.py:175} INFO - Processing /home/airflow/.local/lib/python3.7/site-packages/airflow/example_dags/example_task_group_decorator.py took 0.157 seconds
[2022-12-27T11:32:43.107+0000] {processor.py:153} INFO - Started process (PID=1388) to work on /home/airflow/.local/lib/python3.7/site-packages/airflow/example_dags/example_task_group_decorator.py
[2022-12-27T11:32:43.108+0000] {processor.py:743} INFO - Processing file /home/airflow/.local/lib/python3.7/site-packages/airflow/example_dags/example_task_group_decorator.py for tasks to queue
[2022-12-27T11:32:43.109+0000] {logging_mixin.py:137} INFO - [2022-12-27T11:32:43.109+0000] {dagbag.py:538} INFO - Filling up the DagBag from /home/airflow/.local/lib/python3.7/site-packages/airflow/example_dags/example_task_group_decorator.py
[2022-12-27T11:32:43.150+0000] {processor.py:753} INFO - DAG(s) dict_keys(['example_task_group_decorator']) retrieved from /home/airflow/.local/lib/python3.7/site-packages/airflow/example_dags/example_task_group_decorator.py
[2022-12-27T11:32:43.203+0000] {logging_mixin.py:137} INFO - [2022-12-27T11:32:43.203+0000] {dag.py:2676} INFO - Sync 1 DAGs
[2022-12-27T11:32:43.237+0000] {logging_mixin.py:137} INFO - [2022-12-27T11:32:43.237+0000] {dag.py:3427} INFO - Setting next_dagrun for example_task_group_decorator to 2022-12-26T11:32:43.237495+00:00, run_after=2022-12-27T11:32:43.237495+00:00
[2022-12-27T11:32:43.293+0000] {processor.py:175} INFO - Processing /home/airflow/.local/lib/python3.7/site-packages/airflow/example_dags/example_task_group_decorator.py took 0.192 seconds
[2022-12-27T11:33:13.665+0000] {processor.py:153} INFO - Started process (PID=1450) to work on /home/airflow/.local/lib/python3.7/site-packages/airflow/example_dags/example_task_group_decorator.py
[2022-12-27T11:33:13.666+0000] {processor.py:743} INFO - Processing file /home/airflow/.local/lib/python3.7/site-packages/airflow/example_dags/example_task_group_decorator.py for tasks to queue
[2022-12-27T11:33:13.667+0000] {logging_mixin.py:137} INFO - [2022-12-27T11:33:13.667+0000] {dagbag.py:538} INFO - Filling up the DagBag from /home/airflow/.local/lib/python3.7/site-packages/airflow/example_dags/example_task_group_decorator.py
[2022-12-27T11:33:13.743+0000] {processor.py:753} INFO - DAG(s) dict_keys(['example_task_group_decorator']) retrieved from /home/airflow/.local/lib/python3.7/site-packages/airflow/example_dags/example_task_group_decorator.py
[2022-12-27T11:33:13.831+0000] {logging_mixin.py:137} INFO - [2022-12-27T11:33:13.831+0000] {dag.py:2676} INFO - Sync 1 DAGs
[2022-12-27T11:33:13.900+0000] {logging_mixin.py:137} INFO - [2022-12-27T11:33:13.900+0000] {dag.py:3427} INFO - Setting next_dagrun for example_task_group_decorator to 2022-12-26T11:33:13.899743+00:00, run_after=2022-12-27T11:33:13.899743+00:00
[2022-12-27T11:33:14.014+0000] {processor.py:175} INFO - Processing /home/airflow/.local/lib/python3.7/site-packages/airflow/example_dags/example_task_group_decorator.py took 0.355 seconds
[2022-12-27T11:33:44.907+0000] {processor.py:153} INFO - Started process (PID=1524) to work on /home/airflow/.local/lib/python3.7/site-packages/airflow/example_dags/example_task_group_decorator.py
[2022-12-27T11:33:44.909+0000] {processor.py:743} INFO - Processing file /home/airflow/.local/lib/python3.7/site-packages/airflow/example_dags/example_task_group_decorator.py for tasks to queue
[2022-12-27T11:33:44.911+0000] {logging_mixin.py:137} INFO - [2022-12-27T11:33:44.911+0000] {dagbag.py:538} INFO - Filling up the DagBag from /home/airflow/.local/lib/python3.7/site-packages/airflow/example_dags/example_task_group_decorator.py
[2022-12-27T11:33:45.004+0000] {processor.py:753} INFO - DAG(s) dict_keys(['example_task_group_decorator']) retrieved from /home/airflow/.local/lib/python3.7/site-packages/airflow/example_dags/example_task_group_decorator.py
[2022-12-27T11:33:45.120+0000] {logging_mixin.py:137} INFO - [2022-12-27T11:33:45.120+0000] {dag.py:2676} INFO - Sync 1 DAGs
[2022-12-27T11:33:45.215+0000] {logging_mixin.py:137} INFO - [2022-12-27T11:33:45.215+0000] {dag.py:3427} INFO - Setting next_dagrun for example_task_group_decorator to 2022-12-26T11:33:45.207669+00:00, run_after=2022-12-27T11:33:45.207669+00:00
[2022-12-27T11:33:45.317+0000] {processor.py:175} INFO - Processing /home/airflow/.local/lib/python3.7/site-packages/airflow/example_dags/example_task_group_decorator.py took 0.418 seconds
[2022-12-27T11:34:15.444+0000] {processor.py:153} INFO - Started process (PID=1586) to work on /home/airflow/.local/lib/python3.7/site-packages/airflow/example_dags/example_task_group_decorator.py
[2022-12-27T11:34:15.445+0000] {processor.py:743} INFO - Processing file /home/airflow/.local/lib/python3.7/site-packages/airflow/example_dags/example_task_group_decorator.py for tasks to queue
[2022-12-27T11:34:15.445+0000] {logging_mixin.py:137} INFO - [2022-12-27T11:34:15.445+0000] {dagbag.py:538} INFO - Filling up the DagBag from /home/airflow/.local/lib/python3.7/site-packages/airflow/example_dags/example_task_group_decorator.py
[2022-12-27T11:34:15.474+0000] {processor.py:753} INFO - DAG(s) dict_keys(['example_task_group_decorator']) retrieved from /home/airflow/.local/lib/python3.7/site-packages/airflow/example_dags/example_task_group_decorator.py
[2022-12-27T11:34:15.518+0000] {logging_mixin.py:137} INFO - [2022-12-27T11:34:15.518+0000] {dag.py:2676} INFO - Sync 1 DAGs
[2022-12-27T11:34:15.544+0000] {logging_mixin.py:137} INFO - [2022-12-27T11:34:15.544+0000] {dag.py:3427} INFO - Setting next_dagrun for example_task_group_decorator to 2022-12-26T11:34:15.544168+00:00, run_after=2022-12-27T11:34:15.544168+00:00
[2022-12-27T11:34:15.609+0000] {processor.py:175} INFO - Processing /home/airflow/.local/lib/python3.7/site-packages/airflow/example_dags/example_task_group_decorator.py took 0.171 seconds
[2022-12-27T11:34:46.361+0000] {processor.py:153} INFO - Started process (PID=1648) to work on /home/airflow/.local/lib/python3.7/site-packages/airflow/example_dags/example_task_group_decorator.py
[2022-12-27T11:34:46.363+0000] {processor.py:743} INFO - Processing file /home/airflow/.local/lib/python3.7/site-packages/airflow/example_dags/example_task_group_decorator.py for tasks to queue
[2022-12-27T11:34:46.364+0000] {logging_mixin.py:137} INFO - [2022-12-27T11:34:46.364+0000] {dagbag.py:538} INFO - Filling up the DagBag from /home/airflow/.local/lib/python3.7/site-packages/airflow/example_dags/example_task_group_decorator.py
[2022-12-27T11:34:46.401+0000] {processor.py:753} INFO - DAG(s) dict_keys(['example_task_group_decorator']) retrieved from /home/airflow/.local/lib/python3.7/site-packages/airflow/example_dags/example_task_group_decorator.py
[2022-12-27T11:34:46.448+0000] {logging_mixin.py:137} INFO - [2022-12-27T11:34:46.448+0000] {dag.py:2676} INFO - Sync 1 DAGs
[2022-12-27T11:34:46.482+0000] {logging_mixin.py:137} INFO - [2022-12-27T11:34:46.482+0000] {dag.py:3427} INFO - Setting next_dagrun for example_task_group_decorator to 2022-12-26T11:34:46.482552+00:00, run_after=2022-12-27T11:34:46.482552+00:00
[2022-12-27T11:34:46.532+0000] {processor.py:175} INFO - Processing /home/airflow/.local/lib/python3.7/site-packages/airflow/example_dags/example_task_group_decorator.py took 0.175 seconds
[2022-12-27T11:35:16.997+0000] {processor.py:153} INFO - Started process (PID=1722) to work on /home/airflow/.local/lib/python3.7/site-packages/airflow/example_dags/example_task_group_decorator.py
[2022-12-27T11:35:17.011+0000] {processor.py:743} INFO - Processing file /home/airflow/.local/lib/python3.7/site-packages/airflow/example_dags/example_task_group_decorator.py for tasks to queue
[2022-12-27T11:35:17.016+0000] {logging_mixin.py:137} INFO - [2022-12-27T11:35:17.016+0000] {dagbag.py:538} INFO - Filling up the DagBag from /home/airflow/.local/lib/python3.7/site-packages/airflow/example_dags/example_task_group_decorator.py
[2022-12-27T11:35:17.188+0000] {processor.py:753} INFO - DAG(s) dict_keys(['example_task_group_decorator']) retrieved from /home/airflow/.local/lib/python3.7/site-packages/airflow/example_dags/example_task_group_decorator.py
[2022-12-27T11:35:17.292+0000] {logging_mixin.py:137} INFO - [2022-12-27T11:35:17.292+0000] {dag.py:2676} INFO - Sync 1 DAGs
[2022-12-27T11:35:17.357+0000] {logging_mixin.py:137} INFO - [2022-12-27T11:35:17.356+0000] {dag.py:3427} INFO - Setting next_dagrun for example_task_group_decorator to 2022-12-26T11:35:17.356432+00:00, run_after=2022-12-27T11:35:17.356432+00:00
[2022-12-27T11:35:17.454+0000] {processor.py:175} INFO - Processing /home/airflow/.local/lib/python3.7/site-packages/airflow/example_dags/example_task_group_decorator.py took 0.477 seconds
[2022-12-27T11:35:48.329+0000] {processor.py:153} INFO - Started process (PID=1785) to work on /home/airflow/.local/lib/python3.7/site-packages/airflow/example_dags/example_task_group_decorator.py
[2022-12-27T11:35:48.330+0000] {processor.py:743} INFO - Processing file /home/airflow/.local/lib/python3.7/site-packages/airflow/example_dags/example_task_group_decorator.py for tasks to queue
[2022-12-27T11:35:48.332+0000] {logging_mixin.py:137} INFO - [2022-12-27T11:35:48.331+0000] {dagbag.py:538} INFO - Filling up the DagBag from /home/airflow/.local/lib/python3.7/site-packages/airflow/example_dags/example_task_group_decorator.py
[2022-12-27T11:35:48.366+0000] {processor.py:753} INFO - DAG(s) dict_keys(['example_task_group_decorator']) retrieved from /home/airflow/.local/lib/python3.7/site-packages/airflow/example_dags/example_task_group_decorator.py
[2022-12-27T11:35:48.409+0000] {logging_mixin.py:137} INFO - [2022-12-27T11:35:48.409+0000] {dag.py:2676} INFO - Sync 1 DAGs
[2022-12-27T11:35:48.437+0000] {logging_mixin.py:137} INFO - [2022-12-27T11:35:48.437+0000] {dag.py:3427} INFO - Setting next_dagrun for example_task_group_decorator to 2022-12-26T11:35:48.437329+00:00, run_after=2022-12-27T11:35:48.437329+00:00
[2022-12-27T11:35:48.537+0000] {processor.py:175} INFO - Processing /home/airflow/.local/lib/python3.7/site-packages/airflow/example_dags/example_task_group_decorator.py took 0.217 seconds
[2022-12-27T11:36:19.351+0000] {processor.py:153} INFO - Started process (PID=1848) to work on /home/airflow/.local/lib/python3.7/site-packages/airflow/example_dags/example_task_group_decorator.py
[2022-12-27T11:36:19.352+0000] {processor.py:743} INFO - Processing file /home/airflow/.local/lib/python3.7/site-packages/airflow/example_dags/example_task_group_decorator.py for tasks to queue
[2022-12-27T11:36:19.353+0000] {logging_mixin.py:137} INFO - [2022-12-27T11:36:19.353+0000] {dagbag.py:538} INFO - Filling up the DagBag from /home/airflow/.local/lib/python3.7/site-packages/airflow/example_dags/example_task_group_decorator.py
[2022-12-27T11:36:19.387+0000] {processor.py:753} INFO - DAG(s) dict_keys(['example_task_group_decorator']) retrieved from /home/airflow/.local/lib/python3.7/site-packages/airflow/example_dags/example_task_group_decorator.py
[2022-12-27T11:36:19.441+0000] {logging_mixin.py:137} INFO - [2022-12-27T11:36:19.441+0000] {dag.py:2676} INFO - Sync 1 DAGs
[2022-12-27T11:36:19.475+0000] {logging_mixin.py:137} INFO - [2022-12-27T11:36:19.475+0000] {dag.py:3427} INFO - Setting next_dagrun for example_task_group_decorator to 2022-12-26T11:36:19.474830+00:00, run_after=2022-12-27T11:36:19.474830+00:00
[2022-12-27T11:36:19.605+0000] {processor.py:175} INFO - Processing /home/airflow/.local/lib/python3.7/site-packages/airflow/example_dags/example_task_group_decorator.py took 0.260 seconds
[2022-12-27T11:36:49.793+0000] {processor.py:153} INFO - Started process (PID=1918) to work on /home/airflow/.local/lib/python3.7/site-packages/airflow/example_dags/example_task_group_decorator.py
[2022-12-27T11:36:49.795+0000] {processor.py:743} INFO - Processing file /home/airflow/.local/lib/python3.7/site-packages/airflow/example_dags/example_task_group_decorator.py for tasks to queue
[2022-12-27T11:36:49.798+0000] {logging_mixin.py:137} INFO - [2022-12-27T11:36:49.798+0000] {dagbag.py:538} INFO - Filling up the DagBag from /home/airflow/.local/lib/python3.7/site-packages/airflow/example_dags/example_task_group_decorator.py
[2022-12-27T11:36:49.885+0000] {processor.py:753} INFO - DAG(s) dict_keys(['example_task_group_decorator']) retrieved from /home/airflow/.local/lib/python3.7/site-packages/airflow/example_dags/example_task_group_decorator.py
[2022-12-27T11:36:49.994+0000] {logging_mixin.py:137} INFO - [2022-12-27T11:36:49.993+0000] {dag.py:2676} INFO - Sync 1 DAGs
[2022-12-27T11:36:50.082+0000] {logging_mixin.py:137} INFO - [2022-12-27T11:36:50.082+0000] {dag.py:3427} INFO - Setting next_dagrun for example_task_group_decorator to 2022-12-26T11:36:50.081370+00:00, run_after=2022-12-27T11:36:50.081370+00:00
[2022-12-27T11:36:50.300+0000] {processor.py:175} INFO - Processing /home/airflow/.local/lib/python3.7/site-packages/airflow/example_dags/example_task_group_decorator.py took 0.516 seconds
[2022-12-27T11:37:20.542+0000] {processor.py:153} INFO - Started process (PID=1982) to work on /home/airflow/.local/lib/python3.7/site-packages/airflow/example_dags/example_task_group_decorator.py
[2022-12-27T11:37:20.544+0000] {processor.py:743} INFO - Processing file /home/airflow/.local/lib/python3.7/site-packages/airflow/example_dags/example_task_group_decorator.py for tasks to queue
[2022-12-27T11:37:20.546+0000] {logging_mixin.py:137} INFO - [2022-12-27T11:37:20.545+0000] {dagbag.py:538} INFO - Filling up the DagBag from /home/airflow/.local/lib/python3.7/site-packages/airflow/example_dags/example_task_group_decorator.py
[2022-12-27T11:37:20.608+0000] {processor.py:753} INFO - DAG(s) dict_keys(['example_task_group_decorator']) retrieved from /home/airflow/.local/lib/python3.7/site-packages/airflow/example_dags/example_task_group_decorator.py
[2022-12-27T11:37:20.691+0000] {logging_mixin.py:137} INFO - [2022-12-27T11:37:20.691+0000] {dag.py:2676} INFO - Sync 1 DAGs
[2022-12-27T11:37:20.750+0000] {logging_mixin.py:137} INFO - [2022-12-27T11:37:20.750+0000] {dag.py:3427} INFO - Setting next_dagrun for example_task_group_decorator to 2022-12-26T11:37:20.749753+00:00, run_after=2022-12-27T11:37:20.749753+00:00
[2022-12-27T11:37:20.835+0000] {processor.py:175} INFO - Processing /home/airflow/.local/lib/python3.7/site-packages/airflow/example_dags/example_task_group_decorator.py took 0.302 seconds
[2022-12-27T11:37:51.017+0000] {processor.py:153} INFO - Started process (PID=2048) to work on /home/airflow/.local/lib/python3.7/site-packages/airflow/example_dags/example_task_group_decorator.py
[2022-12-27T11:37:51.018+0000] {processor.py:743} INFO - Processing file /home/airflow/.local/lib/python3.7/site-packages/airflow/example_dags/example_task_group_decorator.py for tasks to queue
[2022-12-27T11:37:51.019+0000] {logging_mixin.py:137} INFO - [2022-12-27T11:37:51.019+0000] {dagbag.py:538} INFO - Filling up the DagBag from /home/airflow/.local/lib/python3.7/site-packages/airflow/example_dags/example_task_group_decorator.py
[2022-12-27T11:37:51.055+0000] {processor.py:753} INFO - DAG(s) dict_keys(['example_task_group_decorator']) retrieved from /home/airflow/.local/lib/python3.7/site-packages/airflow/example_dags/example_task_group_decorator.py
[2022-12-27T11:37:51.098+0000] {logging_mixin.py:137} INFO - [2022-12-27T11:37:51.098+0000] {dag.py:2676} INFO - Sync 1 DAGs
[2022-12-27T11:37:51.127+0000] {logging_mixin.py:137} INFO - [2022-12-27T11:37:51.127+0000] {dag.py:3427} INFO - Setting next_dagrun for example_task_group_decorator to 2022-12-26T11:37:51.127056+00:00, run_after=2022-12-27T11:37:51.127056+00:00
[2022-12-27T11:37:51.304+0000] {processor.py:175} INFO - Processing /home/airflow/.local/lib/python3.7/site-packages/airflow/example_dags/example_task_group_decorator.py took 0.294 seconds
[2022-12-27T11:38:21.716+0000] {processor.py:153} INFO - Started process (PID=2111) to work on /home/airflow/.local/lib/python3.7/site-packages/airflow/example_dags/example_task_group_decorator.py
[2022-12-27T11:38:21.718+0000] {processor.py:743} INFO - Processing file /home/airflow/.local/lib/python3.7/site-packages/airflow/example_dags/example_task_group_decorator.py for tasks to queue
[2022-12-27T11:38:21.719+0000] {logging_mixin.py:137} INFO - [2022-12-27T11:38:21.719+0000] {dagbag.py:538} INFO - Filling up the DagBag from /home/airflow/.local/lib/python3.7/site-packages/airflow/example_dags/example_task_group_decorator.py
[2022-12-27T11:38:21.783+0000] {processor.py:753} INFO - DAG(s) dict_keys(['example_task_group_decorator']) retrieved from /home/airflow/.local/lib/python3.7/site-packages/airflow/example_dags/example_task_group_decorator.py
[2022-12-27T11:38:21.873+0000] {logging_mixin.py:137} INFO - [2022-12-27T11:38:21.873+0000] {dag.py:2676} INFO - Sync 1 DAGs
[2022-12-27T11:38:21.930+0000] {logging_mixin.py:137} INFO - [2022-12-27T11:38:21.930+0000] {dag.py:3427} INFO - Setting next_dagrun for example_task_group_decorator to 2022-12-26T11:38:21.929770+00:00, run_after=2022-12-27T11:38:21.929770+00:00
[2022-12-27T11:38:22.106+0000] {processor.py:175} INFO - Processing /home/airflow/.local/lib/python3.7/site-packages/airflow/example_dags/example_task_group_decorator.py took 0.398 seconds
[2022-12-27T11:38:52.234+0000] {processor.py:153} INFO - Started process (PID=2182) to work on /home/airflow/.local/lib/python3.7/site-packages/airflow/example_dags/example_task_group_decorator.py
[2022-12-27T11:38:52.236+0000] {processor.py:743} INFO - Processing file /home/airflow/.local/lib/python3.7/site-packages/airflow/example_dags/example_task_group_decorator.py for tasks to queue
[2022-12-27T11:38:52.238+0000] {logging_mixin.py:137} INFO - [2022-12-27T11:38:52.238+0000] {dagbag.py:538} INFO - Filling up the DagBag from /home/airflow/.local/lib/python3.7/site-packages/airflow/example_dags/example_task_group_decorator.py
[2022-12-27T11:38:52.336+0000] {processor.py:753} INFO - DAG(s) dict_keys(['example_task_group_decorator']) retrieved from /home/airflow/.local/lib/python3.7/site-packages/airflow/example_dags/example_task_group_decorator.py
[2022-12-27T11:38:52.437+0000] {logging_mixin.py:137} INFO - [2022-12-27T11:38:52.437+0000] {dag.py:2676} INFO - Sync 1 DAGs
[2022-12-27T11:38:52.497+0000] {logging_mixin.py:137} INFO - [2022-12-27T11:38:52.497+0000] {dag.py:3427} INFO - Setting next_dagrun for example_task_group_decorator to 2022-12-26T11:38:52.497055+00:00, run_after=2022-12-27T11:38:52.497055+00:00
[2022-12-27T11:38:52.593+0000] {processor.py:175} INFO - Processing /home/airflow/.local/lib/python3.7/site-packages/airflow/example_dags/example_task_group_decorator.py took 0.366 seconds
[2022-12-27T11:39:22.797+0000] {processor.py:153} INFO - Started process (PID=2246) to work on /home/airflow/.local/lib/python3.7/site-packages/airflow/example_dags/example_task_group_decorator.py
[2022-12-27T11:39:22.798+0000] {processor.py:743} INFO - Processing file /home/airflow/.local/lib/python3.7/site-packages/airflow/example_dags/example_task_group_decorator.py for tasks to queue
[2022-12-27T11:39:22.799+0000] {logging_mixin.py:137} INFO - [2022-12-27T11:39:22.798+0000] {dagbag.py:538} INFO - Filling up the DagBag from /home/airflow/.local/lib/python3.7/site-packages/airflow/example_dags/example_task_group_decorator.py
[2022-12-27T11:39:22.837+0000] {processor.py:753} INFO - DAG(s) dict_keys(['example_task_group_decorator']) retrieved from /home/airflow/.local/lib/python3.7/site-packages/airflow/example_dags/example_task_group_decorator.py
[2022-12-27T11:39:22.890+0000] {logging_mixin.py:137} INFO - [2022-12-27T11:39:22.890+0000] {dag.py:2676} INFO - Sync 1 DAGs
[2022-12-27T11:39:22.925+0000] {logging_mixin.py:137} INFO - [2022-12-27T11:39:22.924+0000] {dag.py:3427} INFO - Setting next_dagrun for example_task_group_decorator to 2022-12-26T11:39:22.924663+00:00, run_after=2022-12-27T11:39:22.924663+00:00
[2022-12-27T11:39:23.020+0000] {processor.py:175} INFO - Processing /home/airflow/.local/lib/python3.7/site-packages/airflow/example_dags/example_task_group_decorator.py took 0.227 seconds
[2022-12-27T11:39:53.724+0000] {processor.py:153} INFO - Started process (PID=2308) to work on /home/airflow/.local/lib/python3.7/site-packages/airflow/example_dags/example_task_group_decorator.py
[2022-12-27T11:39:53.725+0000] {processor.py:743} INFO - Processing file /home/airflow/.local/lib/python3.7/site-packages/airflow/example_dags/example_task_group_decorator.py for tasks to queue
[2022-12-27T11:39:53.726+0000] {logging_mixin.py:137} INFO - [2022-12-27T11:39:53.726+0000] {dagbag.py:538} INFO - Filling up the DagBag from /home/airflow/.local/lib/python3.7/site-packages/airflow/example_dags/example_task_group_decorator.py
[2022-12-27T11:39:53.762+0000] {processor.py:753} INFO - DAG(s) dict_keys(['example_task_group_decorator']) retrieved from /home/airflow/.local/lib/python3.7/site-packages/airflow/example_dags/example_task_group_decorator.py
[2022-12-27T11:39:53.808+0000] {logging_mixin.py:137} INFO - [2022-12-27T11:39:53.808+0000] {dag.py:2676} INFO - Sync 1 DAGs
[2022-12-27T11:39:53.838+0000] {logging_mixin.py:137} INFO - [2022-12-27T11:39:53.838+0000] {dag.py:3427} INFO - Setting next_dagrun for example_task_group_decorator to 2022-12-26T11:39:53.838256+00:00, run_after=2022-12-27T11:39:53.838256+00:00
[2022-12-27T11:39:54.053+0000] {processor.py:175} INFO - Processing /home/airflow/.local/lib/python3.7/site-packages/airflow/example_dags/example_task_group_decorator.py took 0.332 seconds
[2022-12-27T11:40:24.870+0000] {processor.py:153} INFO - Started process (PID=2382) to work on /home/airflow/.local/lib/python3.7/site-packages/airflow/example_dags/example_task_group_decorator.py
[2022-12-27T11:40:24.873+0000] {processor.py:743} INFO - Processing file /home/airflow/.local/lib/python3.7/site-packages/airflow/example_dags/example_task_group_decorator.py for tasks to queue
[2022-12-27T11:40:24.874+0000] {logging_mixin.py:137} INFO - [2022-12-27T11:40:24.874+0000] {dagbag.py:538} INFO - Filling up the DagBag from /home/airflow/.local/lib/python3.7/site-packages/airflow/example_dags/example_task_group_decorator.py
[2022-12-27T11:40:24.951+0000] {processor.py:753} INFO - DAG(s) dict_keys(['example_task_group_decorator']) retrieved from /home/airflow/.local/lib/python3.7/site-packages/airflow/example_dags/example_task_group_decorator.py
[2022-12-27T11:40:25.048+0000] {logging_mixin.py:137} INFO - [2022-12-27T11:40:25.048+0000] {dag.py:2676} INFO - Sync 1 DAGs
[2022-12-27T11:40:25.113+0000] {logging_mixin.py:137} INFO - [2022-12-27T11:40:25.113+0000] {dag.py:3427} INFO - Setting next_dagrun for example_task_group_decorator to 2022-12-26T11:40:25.112852+00:00, run_after=2022-12-27T11:40:25.112852+00:00
[2022-12-27T11:40:25.200+0000] {processor.py:175} INFO - Processing /home/airflow/.local/lib/python3.7/site-packages/airflow/example_dags/example_task_group_decorator.py took 0.340 seconds
[2022-12-27T11:40:55.798+0000] {processor.py:153} INFO - Started process (PID=2432) to work on /home/airflow/.local/lib/python3.7/site-packages/airflow/example_dags/example_task_group_decorator.py
[2022-12-27T11:40:55.799+0000] {processor.py:743} INFO - Processing file /home/airflow/.local/lib/python3.7/site-packages/airflow/example_dags/example_task_group_decorator.py for tasks to queue
[2022-12-27T11:40:55.801+0000] {logging_mixin.py:137} INFO - [2022-12-27T11:40:55.800+0000] {dagbag.py:538} INFO - Filling up the DagBag from /home/airflow/.local/lib/python3.7/site-packages/airflow/example_dags/example_task_group_decorator.py
[2022-12-27T11:40:55.835+0000] {processor.py:753} INFO - DAG(s) dict_keys(['example_task_group_decorator']) retrieved from /home/airflow/.local/lib/python3.7/site-packages/airflow/example_dags/example_task_group_decorator.py
[2022-12-27T11:40:55.863+0000] {logging_mixin.py:137} INFO - [2022-12-27T11:40:55.863+0000] {dag.py:2676} INFO - Sync 1 DAGs
[2022-12-27T11:40:55.895+0000] {logging_mixin.py:137} INFO - [2022-12-27T11:40:55.895+0000] {dag.py:3427} INFO - Setting next_dagrun for example_task_group_decorator to 2022-12-26T11:40:55.895084+00:00, run_after=2022-12-27T11:40:55.895084+00:00
[2022-12-27T11:40:56.009+0000] {processor.py:175} INFO - Processing /home/airflow/.local/lib/python3.7/site-packages/airflow/example_dags/example_task_group_decorator.py took 0.218 seconds
[2022-12-27T11:41:26.340+0000] {processor.py:153} INFO - Started process (PID=2502) to work on /home/airflow/.local/lib/python3.7/site-packages/airflow/example_dags/example_task_group_decorator.py
[2022-12-27T11:41:26.342+0000] {processor.py:743} INFO - Processing file /home/airflow/.local/lib/python3.7/site-packages/airflow/example_dags/example_task_group_decorator.py for tasks to queue
[2022-12-27T11:41:26.343+0000] {logging_mixin.py:137} INFO - [2022-12-27T11:41:26.343+0000] {dagbag.py:538} INFO - Filling up the DagBag from /home/airflow/.local/lib/python3.7/site-packages/airflow/example_dags/example_task_group_decorator.py
[2022-12-27T11:41:26.399+0000] {processor.py:753} INFO - DAG(s) dict_keys(['example_task_group_decorator']) retrieved from /home/airflow/.local/lib/python3.7/site-packages/airflow/example_dags/example_task_group_decorator.py
[2022-12-27T11:41:26.469+0000] {logging_mixin.py:137} INFO - [2022-12-27T11:41:26.469+0000] {dag.py:2676} INFO - Sync 1 DAGs
[2022-12-27T11:41:26.512+0000] {logging_mixin.py:137} INFO - [2022-12-27T11:41:26.512+0000] {dag.py:3427} INFO - Setting next_dagrun for example_task_group_decorator to 2022-12-26T11:41:26.512229+00:00, run_after=2022-12-27T11:41:26.512229+00:00
[2022-12-27T11:41:26.821+0000] {processor.py:175} INFO - Processing /home/airflow/.local/lib/python3.7/site-packages/airflow/example_dags/example_task_group_decorator.py took 0.487 seconds
[2022-12-27T11:41:56.882+0000] {processor.py:153} INFO - Started process (PID=2566) to work on /home/airflow/.local/lib/python3.7/site-packages/airflow/example_dags/example_task_group_decorator.py
[2022-12-27T11:41:56.883+0000] {processor.py:743} INFO - Processing file /home/airflow/.local/lib/python3.7/site-packages/airflow/example_dags/example_task_group_decorator.py for tasks to queue
[2022-12-27T11:41:56.884+0000] {logging_mixin.py:137} INFO - [2022-12-27T11:41:56.884+0000] {dagbag.py:538} INFO - Filling up the DagBag from /home/airflow/.local/lib/python3.7/site-packages/airflow/example_dags/example_task_group_decorator.py
[2022-12-27T11:41:56.920+0000] {processor.py:753} INFO - DAG(s) dict_keys(['example_task_group_decorator']) retrieved from /home/airflow/.local/lib/python3.7/site-packages/airflow/example_dags/example_task_group_decorator.py
[2022-12-27T11:41:56.964+0000] {logging_mixin.py:137} INFO - [2022-12-27T11:41:56.964+0000] {dag.py:2676} INFO - Sync 1 DAGs
[2022-12-27T11:41:56.995+0000] {logging_mixin.py:137} INFO - [2022-12-27T11:41:56.994+0000] {dag.py:3427} INFO - Setting next_dagrun for example_task_group_decorator to 2022-12-26T11:41:56.994596+00:00, run_after=2022-12-27T11:41:56.994596+00:00
[2022-12-27T11:41:57.132+0000] {processor.py:175} INFO - Processing /home/airflow/.local/lib/python3.7/site-packages/airflow/example_dags/example_task_group_decorator.py took 0.258 seconds
