[2022-12-27T11:22:27.413+0000] {processor.py:153} INFO - Started process (PID=67) to work on /home/airflow/.local/lib/python3.7/site-packages/airflow/example_dags/example_external_task_marker_dag.py
[2022-12-27T11:22:27.415+0000] {processor.py:743} INFO - Processing file /home/airflow/.local/lib/python3.7/site-packages/airflow/example_dags/example_external_task_marker_dag.py for tasks to queue
[2022-12-27T11:22:27.416+0000] {logging_mixin.py:137} INFO - [2022-12-27T11:22:27.416+0000] {dagbag.py:538} INFO - Filling up the DagBag from /home/airflow/.local/lib/python3.7/site-packages/airflow/example_dags/example_external_task_marker_dag.py
[2022-12-27T11:22:27.458+0000] {processor.py:753} INFO - DAG(s) dict_keys(['example_external_task_marker_child', 'example_external_task_marker_parent']) retrieved from /home/airflow/.local/lib/python3.7/site-packages/airflow/example_dags/example_external_task_marker_dag.py
[2022-12-27T11:22:27.707+0000] {logging_mixin.py:137} INFO - [2022-12-27T11:22:27.707+0000] {dag.py:2676} INFO - Sync 2 DAGs
[2022-12-27T11:22:27.765+0000] {logging_mixin.py:137} INFO - [2022-12-27T11:22:27.765+0000] {dag.py:3427} INFO - Setting next_dagrun for example_external_task_marker_child to None, run_after=None
[2022-12-27T11:22:27.781+0000] {logging_mixin.py:137} INFO - [2022-12-27T11:22:27.781+0000] {dag.py:3427} INFO - Setting next_dagrun for example_external_task_marker_parent to None, run_after=None
[2022-12-27T11:22:27.917+0000] {processor.py:175} INFO - Processing /home/airflow/.local/lib/python3.7/site-packages/airflow/example_dags/example_external_task_marker_dag.py took 0.513 seconds
[2022-12-27T11:22:58.285+0000] {processor.py:153} INFO - Started process (PID=129) to work on /home/airflow/.local/lib/python3.7/site-packages/airflow/example_dags/example_external_task_marker_dag.py
[2022-12-27T11:22:58.286+0000] {processor.py:743} INFO - Processing file /home/airflow/.local/lib/python3.7/site-packages/airflow/example_dags/example_external_task_marker_dag.py for tasks to queue
[2022-12-27T11:22:58.287+0000] {logging_mixin.py:137} INFO - [2022-12-27T11:22:58.287+0000] {dagbag.py:538} INFO - Filling up the DagBag from /home/airflow/.local/lib/python3.7/site-packages/airflow/example_dags/example_external_task_marker_dag.py
[2022-12-27T11:22:58.307+0000] {processor.py:753} INFO - DAG(s) dict_keys(['example_external_task_marker_parent', 'example_external_task_marker_child']) retrieved from /home/airflow/.local/lib/python3.7/site-packages/airflow/example_dags/example_external_task_marker_dag.py
[2022-12-27T11:22:58.347+0000] {logging_mixin.py:137} INFO - [2022-12-27T11:22:58.347+0000] {dag.py:2676} INFO - Sync 2 DAGs
[2022-12-27T11:22:58.374+0000] {logging_mixin.py:137} INFO - [2022-12-27T11:22:58.373+0000] {dag.py:3427} INFO - Setting next_dagrun for example_external_task_marker_child to None, run_after=None
[2022-12-27T11:22:58.377+0000] {logging_mixin.py:137} INFO - [2022-12-27T11:22:58.377+0000] {dag.py:3427} INFO - Setting next_dagrun for example_external_task_marker_parent to None, run_after=None
[2022-12-27T11:22:58.446+0000] {processor.py:175} INFO - Processing /home/airflow/.local/lib/python3.7/site-packages/airflow/example_dags/example_external_task_marker_dag.py took 0.166 seconds
[2022-12-27T11:23:28.821+0000] {processor.py:153} INFO - Started process (PID=192) to work on /home/airflow/.local/lib/python3.7/site-packages/airflow/example_dags/example_external_task_marker_dag.py
[2022-12-27T11:23:28.823+0000] {processor.py:743} INFO - Processing file /home/airflow/.local/lib/python3.7/site-packages/airflow/example_dags/example_external_task_marker_dag.py for tasks to queue
[2022-12-27T11:23:28.824+0000] {logging_mixin.py:137} INFO - [2022-12-27T11:23:28.824+0000] {dagbag.py:538} INFO - Filling up the DagBag from /home/airflow/.local/lib/python3.7/site-packages/airflow/example_dags/example_external_task_marker_dag.py
[2022-12-27T11:23:28.857+0000] {processor.py:753} INFO - DAG(s) dict_keys(['example_external_task_marker_parent', 'example_external_task_marker_child']) retrieved from /home/airflow/.local/lib/python3.7/site-packages/airflow/example_dags/example_external_task_marker_dag.py
[2022-12-27T11:23:28.982+0000] {logging_mixin.py:137} INFO - [2022-12-27T11:23:28.982+0000] {dag.py:2676} INFO - Sync 2 DAGs
[2022-12-27T11:23:29.046+0000] {logging_mixin.py:137} INFO - [2022-12-27T11:23:29.046+0000] {dag.py:3427} INFO - Setting next_dagrun for example_external_task_marker_child to None, run_after=None
[2022-12-27T11:23:29.054+0000] {logging_mixin.py:137} INFO - [2022-12-27T11:23:29.054+0000] {dag.py:3427} INFO - Setting next_dagrun for example_external_task_marker_parent to None, run_after=None
[2022-12-27T11:23:29.137+0000] {processor.py:175} INFO - Processing /home/airflow/.local/lib/python3.7/site-packages/airflow/example_dags/example_external_task_marker_dag.py took 0.324 seconds
[2022-12-27T11:23:59.864+0000] {processor.py:153} INFO - Started process (PID=267) to work on /home/airflow/.local/lib/python3.7/site-packages/airflow/example_dags/example_external_task_marker_dag.py
[2022-12-27T11:23:59.867+0000] {processor.py:743} INFO - Processing file /home/airflow/.local/lib/python3.7/site-packages/airflow/example_dags/example_external_task_marker_dag.py for tasks to queue
[2022-12-27T11:23:59.870+0000] {logging_mixin.py:137} INFO - [2022-12-27T11:23:59.869+0000] {dagbag.py:538} INFO - Filling up the DagBag from /home/airflow/.local/lib/python3.7/site-packages/airflow/example_dags/example_external_task_marker_dag.py
[2022-12-27T11:23:59.905+0000] {processor.py:753} INFO - DAG(s) dict_keys(['example_external_task_marker_parent', 'example_external_task_marker_child']) retrieved from /home/airflow/.local/lib/python3.7/site-packages/airflow/example_dags/example_external_task_marker_dag.py
[2022-12-27T11:24:00.010+0000] {logging_mixin.py:137} INFO - [2022-12-27T11:24:00.009+0000] {dag.py:2676} INFO - Sync 2 DAGs
[2022-12-27T11:24:00.069+0000] {logging_mixin.py:137} INFO - [2022-12-27T11:24:00.069+0000] {dag.py:3427} INFO - Setting next_dagrun for example_external_task_marker_child to None, run_after=None
[2022-12-27T11:24:00.077+0000] {logging_mixin.py:137} INFO - [2022-12-27T11:24:00.076+0000] {dag.py:3427} INFO - Setting next_dagrun for example_external_task_marker_parent to None, run_after=None
[2022-12-27T11:24:00.173+0000] {processor.py:175} INFO - Processing /home/airflow/.local/lib/python3.7/site-packages/airflow/example_dags/example_external_task_marker_dag.py took 0.335 seconds
[2022-12-27T11:24:31.295+0000] {processor.py:153} INFO - Started process (PID=330) to work on /home/airflow/.local/lib/python3.7/site-packages/airflow/example_dags/example_external_task_marker_dag.py
[2022-12-27T11:24:31.297+0000] {processor.py:743} INFO - Processing file /home/airflow/.local/lib/python3.7/site-packages/airflow/example_dags/example_external_task_marker_dag.py for tasks to queue
[2022-12-27T11:24:31.299+0000] {logging_mixin.py:137} INFO - [2022-12-27T11:24:31.299+0000] {dagbag.py:538} INFO - Filling up the DagBag from /home/airflow/.local/lib/python3.7/site-packages/airflow/example_dags/example_external_task_marker_dag.py
[2022-12-27T11:24:31.331+0000] {processor.py:753} INFO - DAG(s) dict_keys(['example_external_task_marker_parent', 'example_external_task_marker_child']) retrieved from /home/airflow/.local/lib/python3.7/site-packages/airflow/example_dags/example_external_task_marker_dag.py
[2022-12-27T11:24:31.415+0000] {logging_mixin.py:137} INFO - [2022-12-27T11:24:31.415+0000] {dag.py:2676} INFO - Sync 2 DAGs
[2022-12-27T11:24:31.472+0000] {logging_mixin.py:137} INFO - [2022-12-27T11:24:31.472+0000] {dag.py:3427} INFO - Setting next_dagrun for example_external_task_marker_child to None, run_after=None
[2022-12-27T11:24:31.479+0000] {logging_mixin.py:137} INFO - [2022-12-27T11:24:31.479+0000] {dag.py:3427} INFO - Setting next_dagrun for example_external_task_marker_parent to None, run_after=None
[2022-12-27T11:24:31.540+0000] {processor.py:175} INFO - Processing /home/airflow/.local/lib/python3.7/site-packages/airflow/example_dags/example_external_task_marker_dag.py took 0.252 seconds
[2022-12-27T11:25:02.296+0000] {processor.py:153} INFO - Started process (PID=393) to work on /home/airflow/.local/lib/python3.7/site-packages/airflow/example_dags/example_external_task_marker_dag.py
[2022-12-27T11:25:02.298+0000] {processor.py:743} INFO - Processing file /home/airflow/.local/lib/python3.7/site-packages/airflow/example_dags/example_external_task_marker_dag.py for tasks to queue
[2022-12-27T11:25:02.299+0000] {logging_mixin.py:137} INFO - [2022-12-27T11:25:02.299+0000] {dagbag.py:538} INFO - Filling up the DagBag from /home/airflow/.local/lib/python3.7/site-packages/airflow/example_dags/example_external_task_marker_dag.py
[2022-12-27T11:25:02.319+0000] {processor.py:753} INFO - DAG(s) dict_keys(['example_external_task_marker_child', 'example_external_task_marker_parent']) retrieved from /home/airflow/.local/lib/python3.7/site-packages/airflow/example_dags/example_external_task_marker_dag.py
[2022-12-27T11:25:02.369+0000] {logging_mixin.py:137} INFO - [2022-12-27T11:25:02.368+0000] {dag.py:2676} INFO - Sync 2 DAGs
[2022-12-27T11:25:02.403+0000] {logging_mixin.py:137} INFO - [2022-12-27T11:25:02.403+0000] {dag.py:3427} INFO - Setting next_dagrun for example_external_task_marker_child to None, run_after=None
[2022-12-27T11:25:02.409+0000] {logging_mixin.py:137} INFO - [2022-12-27T11:25:02.409+0000] {dag.py:3427} INFO - Setting next_dagrun for example_external_task_marker_parent to None, run_after=None
[2022-12-27T11:25:02.456+0000] {processor.py:175} INFO - Processing /home/airflow/.local/lib/python3.7/site-packages/airflow/example_dags/example_external_task_marker_dag.py took 0.163 seconds
[2022-12-27T11:25:33.138+0000] {processor.py:153} INFO - Started process (PID=467) to work on /home/airflow/.local/lib/python3.7/site-packages/airflow/example_dags/example_external_task_marker_dag.py
[2022-12-27T11:25:33.139+0000] {processor.py:743} INFO - Processing file /home/airflow/.local/lib/python3.7/site-packages/airflow/example_dags/example_external_task_marker_dag.py for tasks to queue
[2022-12-27T11:25:33.141+0000] {logging_mixin.py:137} INFO - [2022-12-27T11:25:33.141+0000] {dagbag.py:538} INFO - Filling up the DagBag from /home/airflow/.local/lib/python3.7/site-packages/airflow/example_dags/example_external_task_marker_dag.py
[2022-12-27T11:25:33.171+0000] {processor.py:753} INFO - DAG(s) dict_keys(['example_external_task_marker_child', 'example_external_task_marker_parent']) retrieved from /home/airflow/.local/lib/python3.7/site-packages/airflow/example_dags/example_external_task_marker_dag.py
[2022-12-27T11:25:33.254+0000] {logging_mixin.py:137} INFO - [2022-12-27T11:25:33.253+0000] {dag.py:2676} INFO - Sync 2 DAGs
[2022-12-27T11:25:33.299+0000] {logging_mixin.py:137} INFO - [2022-12-27T11:25:33.299+0000] {dag.py:3427} INFO - Setting next_dagrun for example_external_task_marker_child to None, run_after=None
[2022-12-27T11:25:33.304+0000] {logging_mixin.py:137} INFO - [2022-12-27T11:25:33.304+0000] {dag.py:3427} INFO - Setting next_dagrun for example_external_task_marker_parent to None, run_after=None
[2022-12-27T11:25:33.431+0000] {processor.py:175} INFO - Processing /home/airflow/.local/lib/python3.7/site-packages/airflow/example_dags/example_external_task_marker_dag.py took 0.306 seconds
[2022-12-27T11:26:03.842+0000] {processor.py:153} INFO - Started process (PID=529) to work on /home/airflow/.local/lib/python3.7/site-packages/airflow/example_dags/example_external_task_marker_dag.py
[2022-12-27T11:26:03.843+0000] {processor.py:743} INFO - Processing file /home/airflow/.local/lib/python3.7/site-packages/airflow/example_dags/example_external_task_marker_dag.py for tasks to queue
[2022-12-27T11:26:03.843+0000] {logging_mixin.py:137} INFO - [2022-12-27T11:26:03.843+0000] {dagbag.py:538} INFO - Filling up the DagBag from /home/airflow/.local/lib/python3.7/site-packages/airflow/example_dags/example_external_task_marker_dag.py
[2022-12-27T11:26:03.863+0000] {processor.py:753} INFO - DAG(s) dict_keys(['example_external_task_marker_child', 'example_external_task_marker_parent']) retrieved from /home/airflow/.local/lib/python3.7/site-packages/airflow/example_dags/example_external_task_marker_dag.py
[2022-12-27T11:26:03.910+0000] {logging_mixin.py:137} INFO - [2022-12-27T11:26:03.910+0000] {dag.py:2676} INFO - Sync 2 DAGs
[2022-12-27T11:26:03.943+0000] {logging_mixin.py:137} INFO - [2022-12-27T11:26:03.942+0000] {dag.py:3427} INFO - Setting next_dagrun for example_external_task_marker_child to None, run_after=None
[2022-12-27T11:26:03.947+0000] {logging_mixin.py:137} INFO - [2022-12-27T11:26:03.947+0000] {dag.py:3427} INFO - Setting next_dagrun for example_external_task_marker_parent to None, run_after=None
[2022-12-27T11:26:03.987+0000] {processor.py:175} INFO - Processing /home/airflow/.local/lib/python3.7/site-packages/airflow/example_dags/example_external_task_marker_dag.py took 0.149 seconds
[2022-12-27T11:26:34.259+0000] {processor.py:153} INFO - Started process (PID=591) to work on /home/airflow/.local/lib/python3.7/site-packages/airflow/example_dags/example_external_task_marker_dag.py
[2022-12-27T11:26:34.261+0000] {processor.py:743} INFO - Processing file /home/airflow/.local/lib/python3.7/site-packages/airflow/example_dags/example_external_task_marker_dag.py for tasks to queue
[2022-12-27T11:26:34.262+0000] {logging_mixin.py:137} INFO - [2022-12-27T11:26:34.262+0000] {dagbag.py:538} INFO - Filling up the DagBag from /home/airflow/.local/lib/python3.7/site-packages/airflow/example_dags/example_external_task_marker_dag.py
[2022-12-27T11:26:34.281+0000] {processor.py:753} INFO - DAG(s) dict_keys(['example_external_task_marker_parent', 'example_external_task_marker_child']) retrieved from /home/airflow/.local/lib/python3.7/site-packages/airflow/example_dags/example_external_task_marker_dag.py
[2022-12-27T11:26:34.349+0000] {logging_mixin.py:137} INFO - [2022-12-27T11:26:34.349+0000] {dag.py:2676} INFO - Sync 2 DAGs
[2022-12-27T11:26:34.384+0000] {logging_mixin.py:137} INFO - [2022-12-27T11:26:34.384+0000] {dag.py:3427} INFO - Setting next_dagrun for example_external_task_marker_child to None, run_after=None
[2022-12-27T11:26:34.389+0000] {logging_mixin.py:137} INFO - [2022-12-27T11:26:34.389+0000] {dag.py:3427} INFO - Setting next_dagrun for example_external_task_marker_parent to None, run_after=None
[2022-12-27T11:26:34.438+0000] {processor.py:175} INFO - Processing /home/airflow/.local/lib/python3.7/site-packages/airflow/example_dags/example_external_task_marker_dag.py took 0.185 seconds
[2022-12-27T11:27:04.514+0000] {processor.py:153} INFO - Started process (PID=652) to work on /home/airflow/.local/lib/python3.7/site-packages/airflow/example_dags/example_external_task_marker_dag.py
[2022-12-27T11:27:04.515+0000] {processor.py:743} INFO - Processing file /home/airflow/.local/lib/python3.7/site-packages/airflow/example_dags/example_external_task_marker_dag.py for tasks to queue
[2022-12-27T11:27:04.516+0000] {logging_mixin.py:137} INFO - [2022-12-27T11:27:04.516+0000] {dagbag.py:538} INFO - Filling up the DagBag from /home/airflow/.local/lib/python3.7/site-packages/airflow/example_dags/example_external_task_marker_dag.py
[2022-12-27T11:27:04.537+0000] {processor.py:753} INFO - DAG(s) dict_keys(['example_external_task_marker_child', 'example_external_task_marker_parent']) retrieved from /home/airflow/.local/lib/python3.7/site-packages/airflow/example_dags/example_external_task_marker_dag.py
[2022-12-27T11:27:04.583+0000] {logging_mixin.py:137} INFO - [2022-12-27T11:27:04.582+0000] {dag.py:2676} INFO - Sync 2 DAGs
[2022-12-27T11:27:04.619+0000] {logging_mixin.py:137} INFO - [2022-12-27T11:27:04.618+0000] {dag.py:3427} INFO - Setting next_dagrun for example_external_task_marker_child to None, run_after=None
[2022-12-27T11:27:04.624+0000] {logging_mixin.py:137} INFO - [2022-12-27T11:27:04.624+0000] {dag.py:3427} INFO - Setting next_dagrun for example_external_task_marker_parent to None, run_after=None
[2022-12-27T11:27:04.692+0000] {processor.py:175} INFO - Processing /home/airflow/.local/lib/python3.7/site-packages/airflow/example_dags/example_external_task_marker_dag.py took 0.182 seconds
[2022-12-27T11:27:35.666+0000] {processor.py:153} INFO - Started process (PID=713) to work on /home/airflow/.local/lib/python3.7/site-packages/airflow/example_dags/example_external_task_marker_dag.py
[2022-12-27T11:27:35.669+0000] {processor.py:743} INFO - Processing file /home/airflow/.local/lib/python3.7/site-packages/airflow/example_dags/example_external_task_marker_dag.py for tasks to queue
[2022-12-27T11:27:35.671+0000] {logging_mixin.py:137} INFO - [2022-12-27T11:27:35.671+0000] {dagbag.py:538} INFO - Filling up the DagBag from /home/airflow/.local/lib/python3.7/site-packages/airflow/example_dags/example_external_task_marker_dag.py
[2022-12-27T11:27:35.710+0000] {processor.py:753} INFO - DAG(s) dict_keys(['example_external_task_marker_parent', 'example_external_task_marker_child']) retrieved from /home/airflow/.local/lib/python3.7/site-packages/airflow/example_dags/example_external_task_marker_dag.py
[2022-12-27T11:27:35.824+0000] {logging_mixin.py:137} INFO - [2022-12-27T11:27:35.824+0000] {dag.py:2676} INFO - Sync 2 DAGs
[2022-12-27T11:27:35.895+0000] {logging_mixin.py:137} INFO - [2022-12-27T11:27:35.894+0000] {dag.py:3427} INFO - Setting next_dagrun for example_external_task_marker_child to None, run_after=None
[2022-12-27T11:27:35.903+0000] {logging_mixin.py:137} INFO - [2022-12-27T11:27:35.902+0000] {dag.py:3427} INFO - Setting next_dagrun for example_external_task_marker_parent to None, run_after=None
[2022-12-27T11:27:35.979+0000] {processor.py:175} INFO - Processing /home/airflow/.local/lib/python3.7/site-packages/airflow/example_dags/example_external_task_marker_dag.py took 0.321 seconds
[2022-12-27T11:28:06.113+0000] {processor.py:153} INFO - Started process (PID=787) to work on /home/airflow/.local/lib/python3.7/site-packages/airflow/example_dags/example_external_task_marker_dag.py
[2022-12-27T11:28:06.115+0000] {processor.py:743} INFO - Processing file /home/airflow/.local/lib/python3.7/site-packages/airflow/example_dags/example_external_task_marker_dag.py for tasks to queue
[2022-12-27T11:28:06.117+0000] {logging_mixin.py:137} INFO - [2022-12-27T11:28:06.116+0000] {dagbag.py:538} INFO - Filling up the DagBag from /home/airflow/.local/lib/python3.7/site-packages/airflow/example_dags/example_external_task_marker_dag.py
[2022-12-27T11:28:06.149+0000] {processor.py:753} INFO - DAG(s) dict_keys(['example_external_task_marker_parent', 'example_external_task_marker_child']) retrieved from /home/airflow/.local/lib/python3.7/site-packages/airflow/example_dags/example_external_task_marker_dag.py
[2022-12-27T11:28:06.242+0000] {logging_mixin.py:137} INFO - [2022-12-27T11:28:06.241+0000] {dag.py:2676} INFO - Sync 2 DAGs
[2022-12-27T11:28:06.301+0000] {logging_mixin.py:137} INFO - [2022-12-27T11:28:06.300+0000] {dag.py:3427} INFO - Setting next_dagrun for example_external_task_marker_child to None, run_after=None
[2022-12-27T11:28:06.310+0000] {logging_mixin.py:137} INFO - [2022-12-27T11:28:06.310+0000] {dag.py:3427} INFO - Setting next_dagrun for example_external_task_marker_parent to None, run_after=None
[2022-12-27T11:28:06.484+0000] {processor.py:175} INFO - Processing /home/airflow/.local/lib/python3.7/site-packages/airflow/example_dags/example_external_task_marker_dag.py took 0.379 seconds
[2022-12-27T11:28:36.530+0000] {processor.py:153} INFO - Started process (PID=849) to work on /home/airflow/.local/lib/python3.7/site-packages/airflow/example_dags/example_external_task_marker_dag.py
[2022-12-27T11:28:36.532+0000] {processor.py:743} INFO - Processing file /home/airflow/.local/lib/python3.7/site-packages/airflow/example_dags/example_external_task_marker_dag.py for tasks to queue
[2022-12-27T11:28:36.533+0000] {logging_mixin.py:137} INFO - [2022-12-27T11:28:36.533+0000] {dagbag.py:538} INFO - Filling up the DagBag from /home/airflow/.local/lib/python3.7/site-packages/airflow/example_dags/example_external_task_marker_dag.py
[2022-12-27T11:28:36.553+0000] {processor.py:753} INFO - DAG(s) dict_keys(['example_external_task_marker_child', 'example_external_task_marker_parent']) retrieved from /home/airflow/.local/lib/python3.7/site-packages/airflow/example_dags/example_external_task_marker_dag.py
[2022-12-27T11:28:36.607+0000] {logging_mixin.py:137} INFO - [2022-12-27T11:28:36.607+0000] {dag.py:2676} INFO - Sync 2 DAGs
[2022-12-27T11:28:36.645+0000] {logging_mixin.py:137} INFO - [2022-12-27T11:28:36.645+0000] {dag.py:3427} INFO - Setting next_dagrun for example_external_task_marker_child to None, run_after=None
[2022-12-27T11:28:36.650+0000] {logging_mixin.py:137} INFO - [2022-12-27T11:28:36.650+0000] {dag.py:3427} INFO - Setting next_dagrun for example_external_task_marker_parent to None, run_after=None
[2022-12-27T11:28:36.692+0000] {processor.py:175} INFO - Processing /home/airflow/.local/lib/python3.7/site-packages/airflow/example_dags/example_external_task_marker_dag.py took 0.168 seconds
[2022-12-27T11:29:07.289+0000] {processor.py:153} INFO - Started process (PID=912) to work on /home/airflow/.local/lib/python3.7/site-packages/airflow/example_dags/example_external_task_marker_dag.py
[2022-12-27T11:29:07.290+0000] {processor.py:743} INFO - Processing file /home/airflow/.local/lib/python3.7/site-packages/airflow/example_dags/example_external_task_marker_dag.py for tasks to queue
[2022-12-27T11:29:07.292+0000] {logging_mixin.py:137} INFO - [2022-12-27T11:29:07.292+0000] {dagbag.py:538} INFO - Filling up the DagBag from /home/airflow/.local/lib/python3.7/site-packages/airflow/example_dags/example_external_task_marker_dag.py
[2022-12-27T11:29:07.326+0000] {processor.py:753} INFO - DAG(s) dict_keys(['example_external_task_marker_child', 'example_external_task_marker_parent']) retrieved from /home/airflow/.local/lib/python3.7/site-packages/airflow/example_dags/example_external_task_marker_dag.py
[2022-12-27T11:29:07.421+0000] {logging_mixin.py:137} INFO - [2022-12-27T11:29:07.420+0000] {dag.py:2676} INFO - Sync 2 DAGs
[2022-12-27T11:29:07.477+0000] {logging_mixin.py:137} INFO - [2022-12-27T11:29:07.476+0000] {dag.py:3427} INFO - Setting next_dagrun for example_external_task_marker_child to None, run_after=None
[2022-12-27T11:29:07.484+0000] {logging_mixin.py:137} INFO - [2022-12-27T11:29:07.484+0000] {dag.py:3427} INFO - Setting next_dagrun for example_external_task_marker_parent to None, run_after=None
[2022-12-27T11:29:07.561+0000] {processor.py:175} INFO - Processing /home/airflow/.local/lib/python3.7/site-packages/airflow/example_dags/example_external_task_marker_dag.py took 0.281 seconds
[2022-12-27T11:29:37.765+0000] {processor.py:153} INFO - Started process (PID=986) to work on /home/airflow/.local/lib/python3.7/site-packages/airflow/example_dags/example_external_task_marker_dag.py
[2022-12-27T11:29:37.767+0000] {processor.py:743} INFO - Processing file /home/airflow/.local/lib/python3.7/site-packages/airflow/example_dags/example_external_task_marker_dag.py for tasks to queue
[2022-12-27T11:29:37.768+0000] {logging_mixin.py:137} INFO - [2022-12-27T11:29:37.768+0000] {dagbag.py:538} INFO - Filling up the DagBag from /home/airflow/.local/lib/python3.7/site-packages/airflow/example_dags/example_external_task_marker_dag.py
[2022-12-27T11:29:37.799+0000] {processor.py:753} INFO - DAG(s) dict_keys(['example_external_task_marker_child', 'example_external_task_marker_parent']) retrieved from /home/airflow/.local/lib/python3.7/site-packages/airflow/example_dags/example_external_task_marker_dag.py
[2022-12-27T11:29:37.886+0000] {logging_mixin.py:137} INFO - [2022-12-27T11:29:37.885+0000] {dag.py:2676} INFO - Sync 2 DAGs
[2022-12-27T11:29:37.946+0000] {logging_mixin.py:137} INFO - [2022-12-27T11:29:37.945+0000] {dag.py:3427} INFO - Setting next_dagrun for example_external_task_marker_child to None, run_after=None
[2022-12-27T11:29:37.957+0000] {logging_mixin.py:137} INFO - [2022-12-27T11:29:37.956+0000] {dag.py:3427} INFO - Setting next_dagrun for example_external_task_marker_parent to None, run_after=None
[2022-12-27T11:29:38.055+0000] {processor.py:175} INFO - Processing /home/airflow/.local/lib/python3.7/site-packages/airflow/example_dags/example_external_task_marker_dag.py took 0.297 seconds
[2022-12-27T11:30:09.049+0000] {processor.py:153} INFO - Started process (PID=1048) to work on /home/airflow/.local/lib/python3.7/site-packages/airflow/example_dags/example_external_task_marker_dag.py
[2022-12-27T11:30:09.051+0000] {processor.py:743} INFO - Processing file /home/airflow/.local/lib/python3.7/site-packages/airflow/example_dags/example_external_task_marker_dag.py for tasks to queue
[2022-12-27T11:30:09.052+0000] {logging_mixin.py:137} INFO - [2022-12-27T11:30:09.052+0000] {dagbag.py:538} INFO - Filling up the DagBag from /home/airflow/.local/lib/python3.7/site-packages/airflow/example_dags/example_external_task_marker_dag.py
[2022-12-27T11:30:09.072+0000] {processor.py:753} INFO - DAG(s) dict_keys(['example_external_task_marker_parent', 'example_external_task_marker_child']) retrieved from /home/airflow/.local/lib/python3.7/site-packages/airflow/example_dags/example_external_task_marker_dag.py
[2022-12-27T11:30:09.126+0000] {logging_mixin.py:137} INFO - [2022-12-27T11:30:09.125+0000] {dag.py:2676} INFO - Sync 2 DAGs
[2022-12-27T11:30:09.173+0000] {logging_mixin.py:137} INFO - [2022-12-27T11:30:09.173+0000] {dag.py:3427} INFO - Setting next_dagrun for example_external_task_marker_child to None, run_after=None
[2022-12-27T11:30:09.180+0000] {logging_mixin.py:137} INFO - [2022-12-27T11:30:09.180+0000] {dag.py:3427} INFO - Setting next_dagrun for example_external_task_marker_parent to None, run_after=None
[2022-12-27T11:30:09.258+0000] {processor.py:175} INFO - Processing /home/airflow/.local/lib/python3.7/site-packages/airflow/example_dags/example_external_task_marker_dag.py took 0.213 seconds
[2022-12-27T11:30:40.065+0000] {processor.py:153} INFO - Started process (PID=1110) to work on /home/airflow/.local/lib/python3.7/site-packages/airflow/example_dags/example_external_task_marker_dag.py
[2022-12-27T11:30:40.067+0000] {processor.py:743} INFO - Processing file /home/airflow/.local/lib/python3.7/site-packages/airflow/example_dags/example_external_task_marker_dag.py for tasks to queue
[2022-12-27T11:30:40.068+0000] {logging_mixin.py:137} INFO - [2022-12-27T11:30:40.068+0000] {dagbag.py:538} INFO - Filling up the DagBag from /home/airflow/.local/lib/python3.7/site-packages/airflow/example_dags/example_external_task_marker_dag.py
[2022-12-27T11:30:40.093+0000] {processor.py:753} INFO - DAG(s) dict_keys(['example_external_task_marker_child', 'example_external_task_marker_parent']) retrieved from /home/airflow/.local/lib/python3.7/site-packages/airflow/example_dags/example_external_task_marker_dag.py
[2022-12-27T11:30:40.144+0000] {logging_mixin.py:137} INFO - [2022-12-27T11:30:40.144+0000] {dag.py:2676} INFO - Sync 2 DAGs
[2022-12-27T11:30:40.175+0000] {logging_mixin.py:137} INFO - [2022-12-27T11:30:40.175+0000] {dag.py:3427} INFO - Setting next_dagrun for example_external_task_marker_child to None, run_after=None
[2022-12-27T11:30:40.180+0000] {logging_mixin.py:137} INFO - [2022-12-27T11:30:40.180+0000] {dag.py:3427} INFO - Setting next_dagrun for example_external_task_marker_parent to None, run_after=None
[2022-12-27T11:30:40.230+0000] {processor.py:175} INFO - Processing /home/airflow/.local/lib/python3.7/site-packages/airflow/example_dags/example_external_task_marker_dag.py took 0.176 seconds
[2022-12-27T11:31:10.404+0000] {processor.py:153} INFO - Started process (PID=1185) to work on /home/airflow/.local/lib/python3.7/site-packages/airflow/example_dags/example_external_task_marker_dag.py
[2022-12-27T11:31:10.405+0000] {processor.py:743} INFO - Processing file /home/airflow/.local/lib/python3.7/site-packages/airflow/example_dags/example_external_task_marker_dag.py for tasks to queue
[2022-12-27T11:31:10.407+0000] {logging_mixin.py:137} INFO - [2022-12-27T11:31:10.406+0000] {dagbag.py:538} INFO - Filling up the DagBag from /home/airflow/.local/lib/python3.7/site-packages/airflow/example_dags/example_external_task_marker_dag.py
[2022-12-27T11:31:10.429+0000] {processor.py:753} INFO - DAG(s) dict_keys(['example_external_task_marker_parent', 'example_external_task_marker_child']) retrieved from /home/airflow/.local/lib/python3.7/site-packages/airflow/example_dags/example_external_task_marker_dag.py
[2022-12-27T11:31:10.476+0000] {logging_mixin.py:137} INFO - [2022-12-27T11:31:10.476+0000] {dag.py:2676} INFO - Sync 2 DAGs
[2022-12-27T11:31:10.504+0000] {logging_mixin.py:137} INFO - [2022-12-27T11:31:10.504+0000] {dag.py:3427} INFO - Setting next_dagrun for example_external_task_marker_child to None, run_after=None
[2022-12-27T11:31:10.508+0000] {logging_mixin.py:137} INFO - [2022-12-27T11:31:10.508+0000] {dag.py:3427} INFO - Setting next_dagrun for example_external_task_marker_parent to None, run_after=None
[2022-12-27T11:31:10.548+0000] {processor.py:175} INFO - Processing /home/airflow/.local/lib/python3.7/site-packages/airflow/example_dags/example_external_task_marker_dag.py took 0.149 seconds
[2022-12-27T11:31:40.626+0000] {processor.py:153} INFO - Started process (PID=1247) to work on /home/airflow/.local/lib/python3.7/site-packages/airflow/example_dags/example_external_task_marker_dag.py
[2022-12-27T11:31:40.627+0000] {processor.py:743} INFO - Processing file /home/airflow/.local/lib/python3.7/site-packages/airflow/example_dags/example_external_task_marker_dag.py for tasks to queue
[2022-12-27T11:31:40.629+0000] {logging_mixin.py:137} INFO - [2022-12-27T11:31:40.629+0000] {dagbag.py:538} INFO - Filling up the DagBag from /home/airflow/.local/lib/python3.7/site-packages/airflow/example_dags/example_external_task_marker_dag.py
[2022-12-27T11:31:40.662+0000] {processor.py:753} INFO - DAG(s) dict_keys(['example_external_task_marker_child', 'example_external_task_marker_parent']) retrieved from /home/airflow/.local/lib/python3.7/site-packages/airflow/example_dags/example_external_task_marker_dag.py
[2022-12-27T11:31:40.768+0000] {logging_mixin.py:137} INFO - [2022-12-27T11:31:40.768+0000] {dag.py:2676} INFO - Sync 2 DAGs
[2022-12-27T11:31:40.857+0000] {logging_mixin.py:137} INFO - [2022-12-27T11:31:40.856+0000] {dag.py:3427} INFO - Setting next_dagrun for example_external_task_marker_child to None, run_after=None
[2022-12-27T11:31:40.867+0000] {logging_mixin.py:137} INFO - [2022-12-27T11:31:40.867+0000] {dag.py:3427} INFO - Setting next_dagrun for example_external_task_marker_parent to None, run_after=None
[2022-12-27T11:31:40.934+0000] {processor.py:175} INFO - Processing /home/airflow/.local/lib/python3.7/site-packages/airflow/example_dags/example_external_task_marker_dag.py took 0.316 seconds
[2022-12-27T11:32:10.977+0000] {processor.py:153} INFO - Started process (PID=1321) to work on /home/airflow/.local/lib/python3.7/site-packages/airflow/example_dags/example_external_task_marker_dag.py
[2022-12-27T11:32:10.978+0000] {processor.py:743} INFO - Processing file /home/airflow/.local/lib/python3.7/site-packages/airflow/example_dags/example_external_task_marker_dag.py for tasks to queue
[2022-12-27T11:32:10.979+0000] {logging_mixin.py:137} INFO - [2022-12-27T11:32:10.979+0000] {dagbag.py:538} INFO - Filling up the DagBag from /home/airflow/.local/lib/python3.7/site-packages/airflow/example_dags/example_external_task_marker_dag.py
[2022-12-27T11:32:10.995+0000] {processor.py:753} INFO - DAG(s) dict_keys(['example_external_task_marker_parent', 'example_external_task_marker_child']) retrieved from /home/airflow/.local/lib/python3.7/site-packages/airflow/example_dags/example_external_task_marker_dag.py
[2022-12-27T11:32:11.052+0000] {logging_mixin.py:137} INFO - [2022-12-27T11:32:11.052+0000] {dag.py:2676} INFO - Sync 2 DAGs
[2022-12-27T11:32:11.099+0000] {logging_mixin.py:137} INFO - [2022-12-27T11:32:11.099+0000] {dag.py:3427} INFO - Setting next_dagrun for example_external_task_marker_child to None, run_after=None
[2022-12-27T11:32:11.104+0000] {logging_mixin.py:137} INFO - [2022-12-27T11:32:11.104+0000] {dag.py:3427} INFO - Setting next_dagrun for example_external_task_marker_parent to None, run_after=None
[2022-12-27T11:32:11.197+0000] {processor.py:175} INFO - Processing /home/airflow/.local/lib/python3.7/site-packages/airflow/example_dags/example_external_task_marker_dag.py took 0.223 seconds
[2022-12-27T11:32:41.684+0000] {processor.py:153} INFO - Started process (PID=1384) to work on /home/airflow/.local/lib/python3.7/site-packages/airflow/example_dags/example_external_task_marker_dag.py
[2022-12-27T11:32:41.686+0000] {processor.py:743} INFO - Processing file /home/airflow/.local/lib/python3.7/site-packages/airflow/example_dags/example_external_task_marker_dag.py for tasks to queue
[2022-12-27T11:32:41.687+0000] {logging_mixin.py:137} INFO - [2022-12-27T11:32:41.686+0000] {dagbag.py:538} INFO - Filling up the DagBag from /home/airflow/.local/lib/python3.7/site-packages/airflow/example_dags/example_external_task_marker_dag.py
[2022-12-27T11:32:41.708+0000] {processor.py:753} INFO - DAG(s) dict_keys(['example_external_task_marker_parent', 'example_external_task_marker_child']) retrieved from /home/airflow/.local/lib/python3.7/site-packages/airflow/example_dags/example_external_task_marker_dag.py
[2022-12-27T11:32:41.763+0000] {logging_mixin.py:137} INFO - [2022-12-27T11:32:41.763+0000] {dag.py:2676} INFO - Sync 2 DAGs
[2022-12-27T11:32:41.794+0000] {logging_mixin.py:137} INFO - [2022-12-27T11:32:41.794+0000] {dag.py:3427} INFO - Setting next_dagrun for example_external_task_marker_child to None, run_after=None
[2022-12-27T11:32:41.798+0000] {logging_mixin.py:137} INFO - [2022-12-27T11:32:41.798+0000] {dag.py:3427} INFO - Setting next_dagrun for example_external_task_marker_parent to None, run_after=None
[2022-12-27T11:32:41.846+0000] {processor.py:175} INFO - Processing /home/airflow/.local/lib/python3.7/site-packages/airflow/example_dags/example_external_task_marker_dag.py took 0.167 seconds
[2022-12-27T11:33:12.196+0000] {processor.py:153} INFO - Started process (PID=1446) to work on /home/airflow/.local/lib/python3.7/site-packages/airflow/example_dags/example_external_task_marker_dag.py
[2022-12-27T11:33:12.197+0000] {processor.py:743} INFO - Processing file /home/airflow/.local/lib/python3.7/site-packages/airflow/example_dags/example_external_task_marker_dag.py for tasks to queue
[2022-12-27T11:33:12.198+0000] {logging_mixin.py:137} INFO - [2022-12-27T11:33:12.198+0000] {dagbag.py:538} INFO - Filling up the DagBag from /home/airflow/.local/lib/python3.7/site-packages/airflow/example_dags/example_external_task_marker_dag.py
[2022-12-27T11:33:12.214+0000] {processor.py:753} INFO - DAG(s) dict_keys(['example_external_task_marker_child', 'example_external_task_marker_parent']) retrieved from /home/airflow/.local/lib/python3.7/site-packages/airflow/example_dags/example_external_task_marker_dag.py
[2022-12-27T11:33:12.258+0000] {logging_mixin.py:137} INFO - [2022-12-27T11:33:12.257+0000] {dag.py:2676} INFO - Sync 2 DAGs
[2022-12-27T11:33:12.285+0000] {logging_mixin.py:137} INFO - [2022-12-27T11:33:12.285+0000] {dag.py:3427} INFO - Setting next_dagrun for example_external_task_marker_child to None, run_after=None
[2022-12-27T11:33:12.289+0000] {logging_mixin.py:137} INFO - [2022-12-27T11:33:12.288+0000] {dag.py:3427} INFO - Setting next_dagrun for example_external_task_marker_parent to None, run_after=None
[2022-12-27T11:33:12.420+0000] {processor.py:175} INFO - Processing /home/airflow/.local/lib/python3.7/site-packages/airflow/example_dags/example_external_task_marker_dag.py took 0.228 seconds
[2022-12-27T11:33:43.338+0000] {processor.py:153} INFO - Started process (PID=1517) to work on /home/airflow/.local/lib/python3.7/site-packages/airflow/example_dags/example_external_task_marker_dag.py
[2022-12-27T11:33:43.339+0000] {processor.py:743} INFO - Processing file /home/airflow/.local/lib/python3.7/site-packages/airflow/example_dags/example_external_task_marker_dag.py for tasks to queue
[2022-12-27T11:33:43.340+0000] {logging_mixin.py:137} INFO - [2022-12-27T11:33:43.340+0000] {dagbag.py:538} INFO - Filling up the DagBag from /home/airflow/.local/lib/python3.7/site-packages/airflow/example_dags/example_external_task_marker_dag.py
[2022-12-27T11:33:43.357+0000] {processor.py:753} INFO - DAG(s) dict_keys(['example_external_task_marker_parent', 'example_external_task_marker_child']) retrieved from /home/airflow/.local/lib/python3.7/site-packages/airflow/example_dags/example_external_task_marker_dag.py
[2022-12-27T11:33:43.408+0000] {logging_mixin.py:137} INFO - [2022-12-27T11:33:43.407+0000] {dag.py:2676} INFO - Sync 2 DAGs
[2022-12-27T11:33:43.442+0000] {logging_mixin.py:137} INFO - [2022-12-27T11:33:43.441+0000] {dag.py:3427} INFO - Setting next_dagrun for example_external_task_marker_child to None, run_after=None
[2022-12-27T11:33:43.446+0000] {logging_mixin.py:137} INFO - [2022-12-27T11:33:43.446+0000] {dag.py:3427} INFO - Setting next_dagrun for example_external_task_marker_parent to None, run_after=None
[2022-12-27T11:33:43.497+0000] {processor.py:175} INFO - Processing /home/airflow/.local/lib/python3.7/site-packages/airflow/example_dags/example_external_task_marker_dag.py took 0.163 seconds
[2022-12-27T11:34:13.653+0000] {processor.py:153} INFO - Started process (PID=1582) to work on /home/airflow/.local/lib/python3.7/site-packages/airflow/example_dags/example_external_task_marker_dag.py
[2022-12-27T11:34:13.658+0000] {processor.py:743} INFO - Processing file /home/airflow/.local/lib/python3.7/site-packages/airflow/example_dags/example_external_task_marker_dag.py for tasks to queue
[2022-12-27T11:34:13.661+0000] {logging_mixin.py:137} INFO - [2022-12-27T11:34:13.661+0000] {dagbag.py:538} INFO - Filling up the DagBag from /home/airflow/.local/lib/python3.7/site-packages/airflow/example_dags/example_external_task_marker_dag.py
[2022-12-27T11:34:13.701+0000] {processor.py:753} INFO - DAG(s) dict_keys(['example_external_task_marker_child', 'example_external_task_marker_parent']) retrieved from /home/airflow/.local/lib/python3.7/site-packages/airflow/example_dags/example_external_task_marker_dag.py
[2022-12-27T11:34:13.800+0000] {logging_mixin.py:137} INFO - [2022-12-27T11:34:13.799+0000] {dag.py:2676} INFO - Sync 2 DAGs
[2022-12-27T11:34:13.861+0000] {logging_mixin.py:137} INFO - [2022-12-27T11:34:13.861+0000] {dag.py:3427} INFO - Setting next_dagrun for example_external_task_marker_child to None, run_after=None
[2022-12-27T11:34:13.869+0000] {logging_mixin.py:137} INFO - [2022-12-27T11:34:13.868+0000] {dag.py:3427} INFO - Setting next_dagrun for example_external_task_marker_parent to None, run_after=None
[2022-12-27T11:34:13.938+0000] {processor.py:175} INFO - Processing /home/airflow/.local/lib/python3.7/site-packages/airflow/example_dags/example_external_task_marker_dag.py took 0.305 seconds
[2022-12-27T11:34:43.974+0000] {processor.py:153} INFO - Started process (PID=1644) to work on /home/airflow/.local/lib/python3.7/site-packages/airflow/example_dags/example_external_task_marker_dag.py
[2022-12-27T11:34:43.975+0000] {processor.py:743} INFO - Processing file /home/airflow/.local/lib/python3.7/site-packages/airflow/example_dags/example_external_task_marker_dag.py for tasks to queue
[2022-12-27T11:34:43.977+0000] {logging_mixin.py:137} INFO - [2022-12-27T11:34:43.977+0000] {dagbag.py:538} INFO - Filling up the DagBag from /home/airflow/.local/lib/python3.7/site-packages/airflow/example_dags/example_external_task_marker_dag.py
[2022-12-27T11:34:43.994+0000] {processor.py:753} INFO - DAG(s) dict_keys(['example_external_task_marker_parent', 'example_external_task_marker_child']) retrieved from /home/airflow/.local/lib/python3.7/site-packages/airflow/example_dags/example_external_task_marker_dag.py
[2022-12-27T11:34:44.045+0000] {logging_mixin.py:137} INFO - [2022-12-27T11:34:44.044+0000] {dag.py:2676} INFO - Sync 2 DAGs
[2022-12-27T11:34:44.075+0000] {logging_mixin.py:137} INFO - [2022-12-27T11:34:44.074+0000] {dag.py:3427} INFO - Setting next_dagrun for example_external_task_marker_child to None, run_after=None
[2022-12-27T11:34:44.078+0000] {logging_mixin.py:137} INFO - [2022-12-27T11:34:44.078+0000] {dag.py:3427} INFO - Setting next_dagrun for example_external_task_marker_parent to None, run_after=None
[2022-12-27T11:34:44.137+0000] {processor.py:175} INFO - Processing /home/airflow/.local/lib/python3.7/site-packages/airflow/example_dags/example_external_task_marker_dag.py took 0.167 seconds
[2022-12-27T11:35:14.989+0000] {processor.py:153} INFO - Started process (PID=1715) to work on /home/airflow/.local/lib/python3.7/site-packages/airflow/example_dags/example_external_task_marker_dag.py
[2022-12-27T11:35:14.990+0000] {processor.py:743} INFO - Processing file /home/airflow/.local/lib/python3.7/site-packages/airflow/example_dags/example_external_task_marker_dag.py for tasks to queue
[2022-12-27T11:35:14.992+0000] {logging_mixin.py:137} INFO - [2022-12-27T11:35:14.992+0000] {dagbag.py:538} INFO - Filling up the DagBag from /home/airflow/.local/lib/python3.7/site-packages/airflow/example_dags/example_external_task_marker_dag.py
[2022-12-27T11:35:15.010+0000] {processor.py:753} INFO - DAG(s) dict_keys(['example_external_task_marker_parent', 'example_external_task_marker_child']) retrieved from /home/airflow/.local/lib/python3.7/site-packages/airflow/example_dags/example_external_task_marker_dag.py
[2022-12-27T11:35:15.061+0000] {logging_mixin.py:137} INFO - [2022-12-27T11:35:15.060+0000] {dag.py:2676} INFO - Sync 2 DAGs
[2022-12-27T11:35:15.093+0000] {logging_mixin.py:137} INFO - [2022-12-27T11:35:15.093+0000] {dag.py:3427} INFO - Setting next_dagrun for example_external_task_marker_child to None, run_after=None
[2022-12-27T11:35:15.099+0000] {logging_mixin.py:137} INFO - [2022-12-27T11:35:15.098+0000] {dag.py:3427} INFO - Setting next_dagrun for example_external_task_marker_parent to None, run_after=None
[2022-12-27T11:35:15.165+0000] {processor.py:175} INFO - Processing /home/airflow/.local/lib/python3.7/site-packages/airflow/example_dags/example_external_task_marker_dag.py took 0.182 seconds
[2022-12-27T11:35:45.905+0000] {processor.py:153} INFO - Started process (PID=1781) to work on /home/airflow/.local/lib/python3.7/site-packages/airflow/example_dags/example_external_task_marker_dag.py
[2022-12-27T11:35:45.907+0000] {processor.py:743} INFO - Processing file /home/airflow/.local/lib/python3.7/site-packages/airflow/example_dags/example_external_task_marker_dag.py for tasks to queue
[2022-12-27T11:35:45.907+0000] {logging_mixin.py:137} INFO - [2022-12-27T11:35:45.907+0000] {dagbag.py:538} INFO - Filling up the DagBag from /home/airflow/.local/lib/python3.7/site-packages/airflow/example_dags/example_external_task_marker_dag.py
[2022-12-27T11:35:45.926+0000] {processor.py:753} INFO - DAG(s) dict_keys(['example_external_task_marker_child', 'example_external_task_marker_parent']) retrieved from /home/airflow/.local/lib/python3.7/site-packages/airflow/example_dags/example_external_task_marker_dag.py
[2022-12-27T11:35:45.979+0000] {logging_mixin.py:137} INFO - [2022-12-27T11:35:45.979+0000] {dag.py:2676} INFO - Sync 2 DAGs
[2022-12-27T11:35:46.012+0000] {logging_mixin.py:137} INFO - [2022-12-27T11:35:46.012+0000] {dag.py:3427} INFO - Setting next_dagrun for example_external_task_marker_child to None, run_after=None
[2022-12-27T11:35:46.016+0000] {logging_mixin.py:137} INFO - [2022-12-27T11:35:46.016+0000] {dag.py:3427} INFO - Setting next_dagrun for example_external_task_marker_parent to None, run_after=None
[2022-12-27T11:35:46.065+0000] {processor.py:175} INFO - Processing /home/airflow/.local/lib/python3.7/site-packages/airflow/example_dags/example_external_task_marker_dag.py took 0.164 seconds
[2022-12-27T11:36:16.731+0000] {processor.py:153} INFO - Started process (PID=1844) to work on /home/airflow/.local/lib/python3.7/site-packages/airflow/example_dags/example_external_task_marker_dag.py
[2022-12-27T11:36:16.733+0000] {processor.py:743} INFO - Processing file /home/airflow/.local/lib/python3.7/site-packages/airflow/example_dags/example_external_task_marker_dag.py for tasks to queue
[2022-12-27T11:36:16.734+0000] {logging_mixin.py:137} INFO - [2022-12-27T11:36:16.733+0000] {dagbag.py:538} INFO - Filling up the DagBag from /home/airflow/.local/lib/python3.7/site-packages/airflow/example_dags/example_external_task_marker_dag.py
[2022-12-27T11:36:16.753+0000] {processor.py:753} INFO - DAG(s) dict_keys(['example_external_task_marker_parent', 'example_external_task_marker_child']) retrieved from /home/airflow/.local/lib/python3.7/site-packages/airflow/example_dags/example_external_task_marker_dag.py
[2022-12-27T11:36:16.809+0000] {logging_mixin.py:137} INFO - [2022-12-27T11:36:16.809+0000] {dag.py:2676} INFO - Sync 2 DAGs
[2022-12-27T11:36:16.838+0000] {logging_mixin.py:137} INFO - [2022-12-27T11:36:16.838+0000] {dag.py:3427} INFO - Setting next_dagrun for example_external_task_marker_child to None, run_after=None
[2022-12-27T11:36:16.842+0000] {logging_mixin.py:137} INFO - [2022-12-27T11:36:16.842+0000] {dag.py:3427} INFO - Setting next_dagrun for example_external_task_marker_parent to None, run_after=None
[2022-12-27T11:36:16.887+0000] {processor.py:175} INFO - Processing /home/airflow/.local/lib/python3.7/site-packages/airflow/example_dags/example_external_task_marker_dag.py took 0.161 seconds
[2022-12-27T11:36:47.215+0000] {processor.py:153} INFO - Started process (PID=1906) to work on /home/airflow/.local/lib/python3.7/site-packages/airflow/example_dags/example_external_task_marker_dag.py
[2022-12-27T11:36:47.216+0000] {processor.py:743} INFO - Processing file /home/airflow/.local/lib/python3.7/site-packages/airflow/example_dags/example_external_task_marker_dag.py for tasks to queue
[2022-12-27T11:36:47.217+0000] {logging_mixin.py:137} INFO - [2022-12-27T11:36:47.217+0000] {dagbag.py:538} INFO - Filling up the DagBag from /home/airflow/.local/lib/python3.7/site-packages/airflow/example_dags/example_external_task_marker_dag.py
[2022-12-27T11:36:47.232+0000] {processor.py:753} INFO - DAG(s) dict_keys(['example_external_task_marker_parent', 'example_external_task_marker_child']) retrieved from /home/airflow/.local/lib/python3.7/site-packages/airflow/example_dags/example_external_task_marker_dag.py
[2022-12-27T11:36:47.275+0000] {logging_mixin.py:137} INFO - [2022-12-27T11:36:47.275+0000] {dag.py:2676} INFO - Sync 2 DAGs
[2022-12-27T11:36:47.302+0000] {logging_mixin.py:137} INFO - [2022-12-27T11:36:47.302+0000] {dag.py:3427} INFO - Setting next_dagrun for example_external_task_marker_child to None, run_after=None
[2022-12-27T11:36:47.306+0000] {logging_mixin.py:137} INFO - [2022-12-27T11:36:47.306+0000] {dag.py:3427} INFO - Setting next_dagrun for example_external_task_marker_parent to None, run_after=None
[2022-12-27T11:36:47.348+0000] {processor.py:175} INFO - Processing /home/airflow/.local/lib/python3.7/site-packages/airflow/example_dags/example_external_task_marker_dag.py took 0.137 seconds
[2022-12-27T11:37:18.190+0000] {processor.py:153} INFO - Started process (PID=1969) to work on /home/airflow/.local/lib/python3.7/site-packages/airflow/example_dags/example_external_task_marker_dag.py
[2022-12-27T11:37:18.191+0000] {processor.py:743} INFO - Processing file /home/airflow/.local/lib/python3.7/site-packages/airflow/example_dags/example_external_task_marker_dag.py for tasks to queue
[2022-12-27T11:37:18.192+0000] {logging_mixin.py:137} INFO - [2022-12-27T11:37:18.192+0000] {dagbag.py:538} INFO - Filling up the DagBag from /home/airflow/.local/lib/python3.7/site-packages/airflow/example_dags/example_external_task_marker_dag.py
[2022-12-27T11:37:18.208+0000] {processor.py:753} INFO - DAG(s) dict_keys(['example_external_task_marker_parent', 'example_external_task_marker_child']) retrieved from /home/airflow/.local/lib/python3.7/site-packages/airflow/example_dags/example_external_task_marker_dag.py
[2022-12-27T11:37:18.251+0000] {logging_mixin.py:137} INFO - [2022-12-27T11:37:18.250+0000] {dag.py:2676} INFO - Sync 2 DAGs
[2022-12-27T11:37:18.276+0000] {logging_mixin.py:137} INFO - [2022-12-27T11:37:18.276+0000] {dag.py:3427} INFO - Setting next_dagrun for example_external_task_marker_child to None, run_after=None
[2022-12-27T11:37:18.281+0000] {logging_mixin.py:137} INFO - [2022-12-27T11:37:18.281+0000] {dag.py:3427} INFO - Setting next_dagrun for example_external_task_marker_parent to None, run_after=None
[2022-12-27T11:37:18.328+0000] {processor.py:175} INFO - Processing /home/airflow/.local/lib/python3.7/site-packages/airflow/example_dags/example_external_task_marker_dag.py took 0.142 seconds
[2022-12-27T11:37:49.120+0000] {processor.py:153} INFO - Started process (PID=2044) to work on /home/airflow/.local/lib/python3.7/site-packages/airflow/example_dags/example_external_task_marker_dag.py
[2022-12-27T11:37:49.121+0000] {processor.py:743} INFO - Processing file /home/airflow/.local/lib/python3.7/site-packages/airflow/example_dags/example_external_task_marker_dag.py for tasks to queue
[2022-12-27T11:37:49.123+0000] {logging_mixin.py:137} INFO - [2022-12-27T11:37:49.122+0000] {dagbag.py:538} INFO - Filling up the DagBag from /home/airflow/.local/lib/python3.7/site-packages/airflow/example_dags/example_external_task_marker_dag.py
[2022-12-27T11:37:49.142+0000] {processor.py:753} INFO - DAG(s) dict_keys(['example_external_task_marker_parent', 'example_external_task_marker_child']) retrieved from /home/airflow/.local/lib/python3.7/site-packages/airflow/example_dags/example_external_task_marker_dag.py
[2022-12-27T11:37:49.202+0000] {logging_mixin.py:137} INFO - [2022-12-27T11:37:49.202+0000] {dag.py:2676} INFO - Sync 2 DAGs
[2022-12-27T11:37:49.235+0000] {logging_mixin.py:137} INFO - [2022-12-27T11:37:49.235+0000] {dag.py:3427} INFO - Setting next_dagrun for example_external_task_marker_child to None, run_after=None
[2022-12-27T11:37:49.239+0000] {logging_mixin.py:137} INFO - [2022-12-27T11:37:49.239+0000] {dag.py:3427} INFO - Setting next_dagrun for example_external_task_marker_parent to None, run_after=None
[2022-12-27T11:37:49.506+0000] {processor.py:175} INFO - Processing /home/airflow/.local/lib/python3.7/site-packages/airflow/example_dags/example_external_task_marker_dag.py took 0.391 seconds
[2022-12-27T11:38:20.302+0000] {processor.py:153} INFO - Started process (PID=2107) to work on /home/airflow/.local/lib/python3.7/site-packages/airflow/example_dags/example_external_task_marker_dag.py
[2022-12-27T11:38:20.303+0000] {processor.py:743} INFO - Processing file /home/airflow/.local/lib/python3.7/site-packages/airflow/example_dags/example_external_task_marker_dag.py for tasks to queue
[2022-12-27T11:38:20.303+0000] {logging_mixin.py:137} INFO - [2022-12-27T11:38:20.303+0000] {dagbag.py:538} INFO - Filling up the DagBag from /home/airflow/.local/lib/python3.7/site-packages/airflow/example_dags/example_external_task_marker_dag.py
[2022-12-27T11:38:20.322+0000] {processor.py:753} INFO - DAG(s) dict_keys(['example_external_task_marker_parent', 'example_external_task_marker_child']) retrieved from /home/airflow/.local/lib/python3.7/site-packages/airflow/example_dags/example_external_task_marker_dag.py
[2022-12-27T11:38:20.384+0000] {logging_mixin.py:137} INFO - [2022-12-27T11:38:20.384+0000] {dag.py:2676} INFO - Sync 2 DAGs
[2022-12-27T11:38:20.418+0000] {logging_mixin.py:137} INFO - [2022-12-27T11:38:20.418+0000] {dag.py:3427} INFO - Setting next_dagrun for example_external_task_marker_child to None, run_after=None
[2022-12-27T11:38:20.422+0000] {logging_mixin.py:137} INFO - [2022-12-27T11:38:20.422+0000] {dag.py:3427} INFO - Setting next_dagrun for example_external_task_marker_parent to None, run_after=None
[2022-12-27T11:38:20.492+0000] {processor.py:175} INFO - Processing /home/airflow/.local/lib/python3.7/site-packages/airflow/example_dags/example_external_task_marker_dag.py took 0.196 seconds
[2022-12-27T11:38:50.762+0000] {processor.py:153} INFO - Started process (PID=2169) to work on /home/airflow/.local/lib/python3.7/site-packages/airflow/example_dags/example_external_task_marker_dag.py
[2022-12-27T11:38:50.763+0000] {processor.py:743} INFO - Processing file /home/airflow/.local/lib/python3.7/site-packages/airflow/example_dags/example_external_task_marker_dag.py for tasks to queue
[2022-12-27T11:38:50.764+0000] {logging_mixin.py:137} INFO - [2022-12-27T11:38:50.764+0000] {dagbag.py:538} INFO - Filling up the DagBag from /home/airflow/.local/lib/python3.7/site-packages/airflow/example_dags/example_external_task_marker_dag.py
[2022-12-27T11:38:50.779+0000] {processor.py:753} INFO - DAG(s) dict_keys(['example_external_task_marker_child', 'example_external_task_marker_parent']) retrieved from /home/airflow/.local/lib/python3.7/site-packages/airflow/example_dags/example_external_task_marker_dag.py
[2022-12-27T11:38:50.821+0000] {logging_mixin.py:137} INFO - [2022-12-27T11:38:50.821+0000] {dag.py:2676} INFO - Sync 2 DAGs
[2022-12-27T11:38:50.850+0000] {logging_mixin.py:137} INFO - [2022-12-27T11:38:50.850+0000] {dag.py:3427} INFO - Setting next_dagrun for example_external_task_marker_child to None, run_after=None
[2022-12-27T11:38:50.854+0000] {logging_mixin.py:137} INFO - [2022-12-27T11:38:50.854+0000] {dag.py:3427} INFO - Setting next_dagrun for example_external_task_marker_parent to None, run_after=None
[2022-12-27T11:38:50.982+0000] {processor.py:175} INFO - Processing /home/airflow/.local/lib/python3.7/site-packages/airflow/example_dags/example_external_task_marker_dag.py took 0.224 seconds
[2022-12-27T11:39:21.360+0000] {processor.py:153} INFO - Started process (PID=2242) to work on /home/airflow/.local/lib/python3.7/site-packages/airflow/example_dags/example_external_task_marker_dag.py
[2022-12-27T11:39:21.361+0000] {processor.py:743} INFO - Processing file /home/airflow/.local/lib/python3.7/site-packages/airflow/example_dags/example_external_task_marker_dag.py for tasks to queue
[2022-12-27T11:39:21.362+0000] {logging_mixin.py:137} INFO - [2022-12-27T11:39:21.362+0000] {dagbag.py:538} INFO - Filling up the DagBag from /home/airflow/.local/lib/python3.7/site-packages/airflow/example_dags/example_external_task_marker_dag.py
[2022-12-27T11:39:21.379+0000] {processor.py:753} INFO - DAG(s) dict_keys(['example_external_task_marker_child', 'example_external_task_marker_parent']) retrieved from /home/airflow/.local/lib/python3.7/site-packages/airflow/example_dags/example_external_task_marker_dag.py
[2022-12-27T11:39:21.426+0000] {logging_mixin.py:137} INFO - [2022-12-27T11:39:21.426+0000] {dag.py:2676} INFO - Sync 2 DAGs
[2022-12-27T11:39:21.462+0000] {logging_mixin.py:137} INFO - [2022-12-27T11:39:21.462+0000] {dag.py:3427} INFO - Setting next_dagrun for example_external_task_marker_child to None, run_after=None
[2022-12-27T11:39:21.468+0000] {logging_mixin.py:137} INFO - [2022-12-27T11:39:21.467+0000] {dag.py:3427} INFO - Setting next_dagrun for example_external_task_marker_parent to None, run_after=None
[2022-12-27T11:39:21.516+0000] {processor.py:175} INFO - Processing /home/airflow/.local/lib/python3.7/site-packages/airflow/example_dags/example_external_task_marker_dag.py took 0.160 seconds
[2022-12-27T11:39:51.899+0000] {processor.py:153} INFO - Started process (PID=2304) to work on /home/airflow/.local/lib/python3.7/site-packages/airflow/example_dags/example_external_task_marker_dag.py
[2022-12-27T11:39:51.901+0000] {processor.py:743} INFO - Processing file /home/airflow/.local/lib/python3.7/site-packages/airflow/example_dags/example_external_task_marker_dag.py for tasks to queue
[2022-12-27T11:39:51.903+0000] {logging_mixin.py:137} INFO - [2022-12-27T11:39:51.903+0000] {dagbag.py:538} INFO - Filling up the DagBag from /home/airflow/.local/lib/python3.7/site-packages/airflow/example_dags/example_external_task_marker_dag.py
[2022-12-27T11:39:51.945+0000] {processor.py:753} INFO - DAG(s) dict_keys(['example_external_task_marker_parent', 'example_external_task_marker_child']) retrieved from /home/airflow/.local/lib/python3.7/site-packages/airflow/example_dags/example_external_task_marker_dag.py
[2022-12-27T11:39:52.037+0000] {logging_mixin.py:137} INFO - [2022-12-27T11:39:52.036+0000] {dag.py:2676} INFO - Sync 2 DAGs
[2022-12-27T11:39:52.096+0000] {logging_mixin.py:137} INFO - [2022-12-27T11:39:52.095+0000] {dag.py:3427} INFO - Setting next_dagrun for example_external_task_marker_child to None, run_after=None
[2022-12-27T11:39:52.103+0000] {logging_mixin.py:137} INFO - [2022-12-27T11:39:52.103+0000] {dag.py:3427} INFO - Setting next_dagrun for example_external_task_marker_parent to None, run_after=None
[2022-12-27T11:39:52.182+0000] {processor.py:175} INFO - Processing /home/airflow/.local/lib/python3.7/site-packages/airflow/example_dags/example_external_task_marker_dag.py took 0.290 seconds
[2022-12-27T11:40:23.067+0000] {processor.py:153} INFO - Started process (PID=2366) to work on /home/airflow/.local/lib/python3.7/site-packages/airflow/example_dags/example_external_task_marker_dag.py
[2022-12-27T11:40:23.069+0000] {processor.py:743} INFO - Processing file /home/airflow/.local/lib/python3.7/site-packages/airflow/example_dags/example_external_task_marker_dag.py for tasks to queue
[2022-12-27T11:40:23.070+0000] {logging_mixin.py:137} INFO - [2022-12-27T11:40:23.070+0000] {dagbag.py:538} INFO - Filling up the DagBag from /home/airflow/.local/lib/python3.7/site-packages/airflow/example_dags/example_external_task_marker_dag.py
[2022-12-27T11:40:23.088+0000] {processor.py:753} INFO - DAG(s) dict_keys(['example_external_task_marker_child', 'example_external_task_marker_parent']) retrieved from /home/airflow/.local/lib/python3.7/site-packages/airflow/example_dags/example_external_task_marker_dag.py
[2022-12-27T11:40:23.137+0000] {logging_mixin.py:137} INFO - [2022-12-27T11:40:23.137+0000] {dag.py:2676} INFO - Sync 2 DAGs
[2022-12-27T11:40:23.167+0000] {logging_mixin.py:137} INFO - [2022-12-27T11:40:23.167+0000] {dag.py:3427} INFO - Setting next_dagrun for example_external_task_marker_child to None, run_after=None
[2022-12-27T11:40:23.171+0000] {logging_mixin.py:137} INFO - [2022-12-27T11:40:23.171+0000] {dag.py:3427} INFO - Setting next_dagrun for example_external_task_marker_parent to None, run_after=None
[2022-12-27T11:40:23.383+0000] {processor.py:175} INFO - Processing /home/airflow/.local/lib/python3.7/site-packages/airflow/example_dags/example_external_task_marker_dag.py took 0.322 seconds
[2022-12-27T11:40:53.487+0000] {processor.py:153} INFO - Started process (PID=2428) to work on /home/airflow/.local/lib/python3.7/site-packages/airflow/example_dags/example_external_task_marker_dag.py
[2022-12-27T11:40:53.488+0000] {processor.py:743} INFO - Processing file /home/airflow/.local/lib/python3.7/site-packages/airflow/example_dags/example_external_task_marker_dag.py for tasks to queue
[2022-12-27T11:40:53.489+0000] {logging_mixin.py:137} INFO - [2022-12-27T11:40:53.489+0000] {dagbag.py:538} INFO - Filling up the DagBag from /home/airflow/.local/lib/python3.7/site-packages/airflow/example_dags/example_external_task_marker_dag.py
[2022-12-27T11:40:53.504+0000] {processor.py:753} INFO - DAG(s) dict_keys(['example_external_task_marker_child', 'example_external_task_marker_parent']) retrieved from /home/airflow/.local/lib/python3.7/site-packages/airflow/example_dags/example_external_task_marker_dag.py
[2022-12-27T11:40:53.534+0000] {logging_mixin.py:137} INFO - [2022-12-27T11:40:53.534+0000] {dag.py:2676} INFO - Sync 2 DAGs
[2022-12-27T11:40:53.566+0000] {logging_mixin.py:137} INFO - [2022-12-27T11:40:53.566+0000] {dag.py:3427} INFO - Setting next_dagrun for example_external_task_marker_child to None, run_after=None
[2022-12-27T11:40:53.570+0000] {logging_mixin.py:137} INFO - [2022-12-27T11:40:53.569+0000] {dag.py:3427} INFO - Setting next_dagrun for example_external_task_marker_parent to None, run_after=None
[2022-12-27T11:40:53.617+0000] {processor.py:175} INFO - Processing /home/airflow/.local/lib/python3.7/site-packages/airflow/example_dags/example_external_task_marker_dag.py took 0.133 seconds
[2022-12-27T11:41:23.694+0000] {processor.py:153} INFO - Started process (PID=2489) to work on /home/airflow/.local/lib/python3.7/site-packages/airflow/example_dags/example_external_task_marker_dag.py
[2022-12-27T11:41:23.696+0000] {processor.py:743} INFO - Processing file /home/airflow/.local/lib/python3.7/site-packages/airflow/example_dags/example_external_task_marker_dag.py for tasks to queue
[2022-12-27T11:41:23.696+0000] {logging_mixin.py:137} INFO - [2022-12-27T11:41:23.696+0000] {dagbag.py:538} INFO - Filling up the DagBag from /home/airflow/.local/lib/python3.7/site-packages/airflow/example_dags/example_external_task_marker_dag.py
[2022-12-27T11:41:23.715+0000] {processor.py:753} INFO - DAG(s) dict_keys(['example_external_task_marker_parent', 'example_external_task_marker_child']) retrieved from /home/airflow/.local/lib/python3.7/site-packages/airflow/example_dags/example_external_task_marker_dag.py
[2022-12-27T11:41:23.767+0000] {logging_mixin.py:137} INFO - [2022-12-27T11:41:23.767+0000] {dag.py:2676} INFO - Sync 2 DAGs
[2022-12-27T11:41:23.814+0000] {logging_mixin.py:137} INFO - [2022-12-27T11:41:23.814+0000] {dag.py:3427} INFO - Setting next_dagrun for example_external_task_marker_child to None, run_after=None
[2022-12-27T11:41:23.821+0000] {logging_mixin.py:137} INFO - [2022-12-27T11:41:23.820+0000] {dag.py:3427} INFO - Setting next_dagrun for example_external_task_marker_parent to None, run_after=None
[2022-12-27T11:41:23.885+0000] {processor.py:175} INFO - Processing /home/airflow/.local/lib/python3.7/site-packages/airflow/example_dags/example_external_task_marker_dag.py took 0.195 seconds
[2022-12-27T11:41:55.039+0000] {processor.py:153} INFO - Started process (PID=2562) to work on /home/airflow/.local/lib/python3.7/site-packages/airflow/example_dags/example_external_task_marker_dag.py
[2022-12-27T11:41:55.041+0000] {processor.py:743} INFO - Processing file /home/airflow/.local/lib/python3.7/site-packages/airflow/example_dags/example_external_task_marker_dag.py for tasks to queue
[2022-12-27T11:41:55.043+0000] {logging_mixin.py:137} INFO - [2022-12-27T11:41:55.043+0000] {dagbag.py:538} INFO - Filling up the DagBag from /home/airflow/.local/lib/python3.7/site-packages/airflow/example_dags/example_external_task_marker_dag.py
[2022-12-27T11:41:55.075+0000] {processor.py:753} INFO - DAG(s) dict_keys(['example_external_task_marker_child', 'example_external_task_marker_parent']) retrieved from /home/airflow/.local/lib/python3.7/site-packages/airflow/example_dags/example_external_task_marker_dag.py
[2022-12-27T11:41:55.167+0000] {logging_mixin.py:137} INFO - [2022-12-27T11:41:55.166+0000] {dag.py:2676} INFO - Sync 2 DAGs
[2022-12-27T11:41:55.228+0000] {logging_mixin.py:137} INFO - [2022-12-27T11:41:55.228+0000] {dag.py:3427} INFO - Setting next_dagrun for example_external_task_marker_child to None, run_after=None
[2022-12-27T11:41:55.236+0000] {logging_mixin.py:137} INFO - [2022-12-27T11:41:55.235+0000] {dag.py:3427} INFO - Setting next_dagrun for example_external_task_marker_parent to None, run_after=None
[2022-12-27T11:41:55.294+0000] {processor.py:175} INFO - Processing /home/airflow/.local/lib/python3.7/site-packages/airflow/example_dags/example_external_task_marker_dag.py took 0.263 seconds
