[2022-12-27T11:22:33.443+0000] {processor.py:153} INFO - Started process (PID=83) to work on /home/airflow/.local/lib/python3.7/site-packages/airflow/example_dags/example_dag_decorator.py
[2022-12-27T11:22:33.444+0000] {processor.py:743} INFO - Processing file /home/airflow/.local/lib/python3.7/site-packages/airflow/example_dags/example_dag_decorator.py for tasks to queue
[2022-12-27T11:22:33.445+0000] {logging_mixin.py:137} INFO - [2022-12-27T11:22:33.445+0000] {dagbag.py:538} INFO - Filling up the DagBag from /home/airflow/.local/lib/python3.7/site-packages/airflow/example_dags/example_dag_decorator.py
[2022-12-27T11:22:33.467+0000] {logging_mixin.py:137} INFO - [2022-12-27T11:22:33.467+0000] {taskmixin.py:205} WARNING - Dependency <Task(_PythonDecoratedOperator): prepare_email>, send_email already registered for DAG: example_dag_decorator
[2022-12-27T11:22:33.467+0000] {logging_mixin.py:137} INFO - [2022-12-27T11:22:33.467+0000] {taskmixin.py:205} WARNING - Dependency <Task(EmailOperator): send_email>, prepare_email already registered for DAG: example_dag_decorator
[2022-12-27T11:22:33.493+0000] {processor.py:753} INFO - DAG(s) dict_keys(['example_dag_decorator']) retrieved from /home/airflow/.local/lib/python3.7/site-packages/airflow/example_dags/example_dag_decorator.py
[2022-12-27T11:22:33.590+0000] {logging_mixin.py:137} INFO - [2022-12-27T11:22:33.590+0000] {dag.py:2676} INFO - Sync 1 DAGs
[2022-12-27T11:22:33.614+0000] {logging_mixin.py:137} INFO - [2022-12-27T11:22:33.614+0000] {dag.py:3427} INFO - Setting next_dagrun for example_dag_decorator to None, run_after=None
[2022-12-27T11:22:33.975+0000] {processor.py:175} INFO - Processing /home/airflow/.local/lib/python3.7/site-packages/airflow/example_dags/example_dag_decorator.py took 0.536 seconds
[2022-12-27T11:23:04.886+0000] {processor.py:153} INFO - Started process (PID=150) to work on /home/airflow/.local/lib/python3.7/site-packages/airflow/example_dags/example_dag_decorator.py
[2022-12-27T11:23:04.888+0000] {processor.py:743} INFO - Processing file /home/airflow/.local/lib/python3.7/site-packages/airflow/example_dags/example_dag_decorator.py for tasks to queue
[2022-12-27T11:23:04.890+0000] {logging_mixin.py:137} INFO - [2022-12-27T11:23:04.890+0000] {dagbag.py:538} INFO - Filling up the DagBag from /home/airflow/.local/lib/python3.7/site-packages/airflow/example_dags/example_dag_decorator.py
[2022-12-27T11:23:04.935+0000] {logging_mixin.py:137} INFO - [2022-12-27T11:23:04.935+0000] {taskmixin.py:205} WARNING - Dependency <Task(_PythonDecoratedOperator): prepare_email>, send_email already registered for DAG: example_dag_decorator
[2022-12-27T11:23:04.936+0000] {logging_mixin.py:137} INFO - [2022-12-27T11:23:04.935+0000] {taskmixin.py:205} WARNING - Dependency <Task(EmailOperator): send_email>, prepare_email already registered for DAG: example_dag_decorator
[2022-12-27T11:23:04.971+0000] {processor.py:753} INFO - DAG(s) dict_keys(['example_dag_decorator']) retrieved from /home/airflow/.local/lib/python3.7/site-packages/airflow/example_dags/example_dag_decorator.py
[2022-12-27T11:23:05.146+0000] {logging_mixin.py:137} INFO - [2022-12-27T11:23:05.145+0000] {dag.py:2676} INFO - Sync 1 DAGs
[2022-12-27T11:23:05.196+0000] {logging_mixin.py:137} INFO - [2022-12-27T11:23:05.196+0000] {dag.py:3427} INFO - Setting next_dagrun for example_dag_decorator to None, run_after=None
[2022-12-27T11:23:05.270+0000] {processor.py:175} INFO - Processing /home/airflow/.local/lib/python3.7/site-packages/airflow/example_dags/example_dag_decorator.py took 0.406 seconds
[2022-12-27T11:23:35.418+0000] {processor.py:153} INFO - Started process (PID=213) to work on /home/airflow/.local/lib/python3.7/site-packages/airflow/example_dags/example_dag_decorator.py
[2022-12-27T11:23:35.420+0000] {processor.py:743} INFO - Processing file /home/airflow/.local/lib/python3.7/site-packages/airflow/example_dags/example_dag_decorator.py for tasks to queue
[2022-12-27T11:23:35.421+0000] {logging_mixin.py:137} INFO - [2022-12-27T11:23:35.421+0000] {dagbag.py:538} INFO - Filling up the DagBag from /home/airflow/.local/lib/python3.7/site-packages/airflow/example_dags/example_dag_decorator.py
[2022-12-27T11:23:35.442+0000] {logging_mixin.py:137} INFO - [2022-12-27T11:23:35.442+0000] {taskmixin.py:205} WARNING - Dependency <Task(_PythonDecoratedOperator): prepare_email>, send_email already registered for DAG: example_dag_decorator
[2022-12-27T11:23:35.443+0000] {logging_mixin.py:137} INFO - [2022-12-27T11:23:35.443+0000] {taskmixin.py:205} WARNING - Dependency <Task(EmailOperator): send_email>, prepare_email already registered for DAG: example_dag_decorator
[2022-12-27T11:23:35.456+0000] {processor.py:753} INFO - DAG(s) dict_keys(['example_dag_decorator']) retrieved from /home/airflow/.local/lib/python3.7/site-packages/airflow/example_dags/example_dag_decorator.py
[2022-12-27T11:23:35.536+0000] {logging_mixin.py:137} INFO - [2022-12-27T11:23:35.536+0000] {dag.py:2676} INFO - Sync 1 DAGs
[2022-12-27T11:23:35.559+0000] {logging_mixin.py:137} INFO - [2022-12-27T11:23:35.559+0000] {dag.py:3427} INFO - Setting next_dagrun for example_dag_decorator to None, run_after=None
[2022-12-27T11:23:35.658+0000] {processor.py:175} INFO - Processing /home/airflow/.local/lib/python3.7/site-packages/airflow/example_dags/example_dag_decorator.py took 0.243 seconds
[2022-12-27T11:24:05.940+0000] {processor.py:153} INFO - Started process (PID=276) to work on /home/airflow/.local/lib/python3.7/site-packages/airflow/example_dags/example_dag_decorator.py
[2022-12-27T11:24:05.942+0000] {processor.py:743} INFO - Processing file /home/airflow/.local/lib/python3.7/site-packages/airflow/example_dags/example_dag_decorator.py for tasks to queue
[2022-12-27T11:24:05.947+0000] {logging_mixin.py:137} INFO - [2022-12-27T11:24:05.947+0000] {dagbag.py:538} INFO - Filling up the DagBag from /home/airflow/.local/lib/python3.7/site-packages/airflow/example_dags/example_dag_decorator.py
[2022-12-27T11:24:05.970+0000] {logging_mixin.py:137} INFO - [2022-12-27T11:24:05.970+0000] {taskmixin.py:205} WARNING - Dependency <Task(_PythonDecoratedOperator): prepare_email>, send_email already registered for DAG: example_dag_decorator
[2022-12-27T11:24:05.971+0000] {logging_mixin.py:137} INFO - [2022-12-27T11:24:05.971+0000] {taskmixin.py:205} WARNING - Dependency <Task(EmailOperator): send_email>, prepare_email already registered for DAG: example_dag_decorator
[2022-12-27T11:24:05.986+0000] {processor.py:753} INFO - DAG(s) dict_keys(['example_dag_decorator']) retrieved from /home/airflow/.local/lib/python3.7/site-packages/airflow/example_dags/example_dag_decorator.py
[2022-12-27T11:24:06.120+0000] {logging_mixin.py:137} INFO - [2022-12-27T11:24:06.120+0000] {dag.py:2676} INFO - Sync 1 DAGs
[2022-12-27T11:24:06.151+0000] {logging_mixin.py:137} INFO - [2022-12-27T11:24:06.150+0000] {dag.py:3427} INFO - Setting next_dagrun for example_dag_decorator to None, run_after=None
[2022-12-27T11:24:06.226+0000] {processor.py:175} INFO - Processing /home/airflow/.local/lib/python3.7/site-packages/airflow/example_dags/example_dag_decorator.py took 0.304 seconds
[2022-12-27T11:24:36.638+0000] {processor.py:153} INFO - Started process (PID=346) to work on /home/airflow/.local/lib/python3.7/site-packages/airflow/example_dags/example_dag_decorator.py
[2022-12-27T11:24:36.640+0000] {processor.py:743} INFO - Processing file /home/airflow/.local/lib/python3.7/site-packages/airflow/example_dags/example_dag_decorator.py for tasks to queue
[2022-12-27T11:24:36.642+0000] {logging_mixin.py:137} INFO - [2022-12-27T11:24:36.642+0000] {dagbag.py:538} INFO - Filling up the DagBag from /home/airflow/.local/lib/python3.7/site-packages/airflow/example_dags/example_dag_decorator.py
[2022-12-27T11:24:36.684+0000] {logging_mixin.py:137} INFO - [2022-12-27T11:24:36.684+0000] {taskmixin.py:205} WARNING - Dependency <Task(_PythonDecoratedOperator): prepare_email>, send_email already registered for DAG: example_dag_decorator
[2022-12-27T11:24:36.685+0000] {logging_mixin.py:137} INFO - [2022-12-27T11:24:36.685+0000] {taskmixin.py:205} WARNING - Dependency <Task(EmailOperator): send_email>, prepare_email already registered for DAG: example_dag_decorator
[2022-12-27T11:24:36.714+0000] {processor.py:753} INFO - DAG(s) dict_keys(['example_dag_decorator']) retrieved from /home/airflow/.local/lib/python3.7/site-packages/airflow/example_dags/example_dag_decorator.py
[2022-12-27T11:24:36.959+0000] {logging_mixin.py:137} INFO - [2022-12-27T11:24:36.958+0000] {dag.py:2676} INFO - Sync 1 DAGs
[2022-12-27T11:24:37.027+0000] {logging_mixin.py:137} INFO - [2022-12-27T11:24:37.027+0000] {dag.py:3427} INFO - Setting next_dagrun for example_dag_decorator to None, run_after=None
[2022-12-27T11:24:37.232+0000] {processor.py:175} INFO - Processing /home/airflow/.local/lib/python3.7/site-packages/airflow/example_dags/example_dag_decorator.py took 0.601 seconds
[2022-12-27T11:25:07.288+0000] {processor.py:153} INFO - Started process (PID=414) to work on /home/airflow/.local/lib/python3.7/site-packages/airflow/example_dags/example_dag_decorator.py
[2022-12-27T11:25:07.289+0000] {processor.py:743} INFO - Processing file /home/airflow/.local/lib/python3.7/site-packages/airflow/example_dags/example_dag_decorator.py for tasks to queue
[2022-12-27T11:25:07.290+0000] {logging_mixin.py:137} INFO - [2022-12-27T11:25:07.290+0000] {dagbag.py:538} INFO - Filling up the DagBag from /home/airflow/.local/lib/python3.7/site-packages/airflow/example_dags/example_dag_decorator.py
[2022-12-27T11:25:07.314+0000] {logging_mixin.py:137} INFO - [2022-12-27T11:25:07.314+0000] {taskmixin.py:205} WARNING - Dependency <Task(_PythonDecoratedOperator): prepare_email>, send_email already registered for DAG: example_dag_decorator
[2022-12-27T11:25:07.315+0000] {logging_mixin.py:137} INFO - [2022-12-27T11:25:07.315+0000] {taskmixin.py:205} WARNING - Dependency <Task(EmailOperator): send_email>, prepare_email already registered for DAG: example_dag_decorator
[2022-12-27T11:25:07.328+0000] {processor.py:753} INFO - DAG(s) dict_keys(['example_dag_decorator']) retrieved from /home/airflow/.local/lib/python3.7/site-packages/airflow/example_dags/example_dag_decorator.py
[2022-12-27T11:25:07.444+0000] {logging_mixin.py:137} INFO - [2022-12-27T11:25:07.444+0000] {dag.py:2676} INFO - Sync 1 DAGs
[2022-12-27T11:25:07.477+0000] {logging_mixin.py:137} INFO - [2022-12-27T11:25:07.476+0000] {dag.py:3427} INFO - Setting next_dagrun for example_dag_decorator to None, run_after=None
[2022-12-27T11:25:07.537+0000] {processor.py:175} INFO - Processing /home/airflow/.local/lib/python3.7/site-packages/airflow/example_dags/example_dag_decorator.py took 0.252 seconds
[2022-12-27T11:25:38.149+0000] {processor.py:153} INFO - Started process (PID=476) to work on /home/airflow/.local/lib/python3.7/site-packages/airflow/example_dags/example_dag_decorator.py
[2022-12-27T11:25:38.151+0000] {processor.py:743} INFO - Processing file /home/airflow/.local/lib/python3.7/site-packages/airflow/example_dags/example_dag_decorator.py for tasks to queue
[2022-12-27T11:25:38.152+0000] {logging_mixin.py:137} INFO - [2022-12-27T11:25:38.152+0000] {dagbag.py:538} INFO - Filling up the DagBag from /home/airflow/.local/lib/python3.7/site-packages/airflow/example_dags/example_dag_decorator.py
[2022-12-27T11:25:38.185+0000] {logging_mixin.py:137} INFO - [2022-12-27T11:25:38.184+0000] {taskmixin.py:205} WARNING - Dependency <Task(_PythonDecoratedOperator): prepare_email>, send_email already registered for DAG: example_dag_decorator
[2022-12-27T11:25:38.185+0000] {logging_mixin.py:137} INFO - [2022-12-27T11:25:38.185+0000] {taskmixin.py:205} WARNING - Dependency <Task(EmailOperator): send_email>, prepare_email already registered for DAG: example_dag_decorator
[2022-12-27T11:25:38.200+0000] {processor.py:753} INFO - DAG(s) dict_keys(['example_dag_decorator']) retrieved from /home/airflow/.local/lib/python3.7/site-packages/airflow/example_dags/example_dag_decorator.py
[2022-12-27T11:25:38.291+0000] {logging_mixin.py:137} INFO - [2022-12-27T11:25:38.290+0000] {dag.py:2676} INFO - Sync 1 DAGs
[2022-12-27T11:25:38.315+0000] {logging_mixin.py:137} INFO - [2022-12-27T11:25:38.315+0000] {dag.py:3427} INFO - Setting next_dagrun for example_dag_decorator to None, run_after=None
[2022-12-27T11:25:38.924+0000] {processor.py:175} INFO - Processing /home/airflow/.local/lib/python3.7/site-packages/airflow/example_dags/example_dag_decorator.py took 0.785 seconds
[2022-12-27T11:26:08.965+0000] {processor.py:153} INFO - Started process (PID=538) to work on /home/airflow/.local/lib/python3.7/site-packages/airflow/example_dags/example_dag_decorator.py
[2022-12-27T11:26:08.966+0000] {processor.py:743} INFO - Processing file /home/airflow/.local/lib/python3.7/site-packages/airflow/example_dags/example_dag_decorator.py for tasks to queue
[2022-12-27T11:26:08.968+0000] {logging_mixin.py:137} INFO - [2022-12-27T11:26:08.967+0000] {dagbag.py:538} INFO - Filling up the DagBag from /home/airflow/.local/lib/python3.7/site-packages/airflow/example_dags/example_dag_decorator.py
[2022-12-27T11:26:08.987+0000] {logging_mixin.py:137} INFO - [2022-12-27T11:26:08.986+0000] {taskmixin.py:205} WARNING - Dependency <Task(_PythonDecoratedOperator): prepare_email>, send_email already registered for DAG: example_dag_decorator
[2022-12-27T11:26:08.987+0000] {logging_mixin.py:137} INFO - [2022-12-27T11:26:08.987+0000] {taskmixin.py:205} WARNING - Dependency <Task(EmailOperator): send_email>, prepare_email already registered for DAG: example_dag_decorator
[2022-12-27T11:26:09.000+0000] {processor.py:753} INFO - DAG(s) dict_keys(['example_dag_decorator']) retrieved from /home/airflow/.local/lib/python3.7/site-packages/airflow/example_dags/example_dag_decorator.py
[2022-12-27T11:26:09.085+0000] {logging_mixin.py:137} INFO - [2022-12-27T11:26:09.084+0000] {dag.py:2676} INFO - Sync 1 DAGs
[2022-12-27T11:26:09.110+0000] {logging_mixin.py:137} INFO - [2022-12-27T11:26:09.110+0000] {dag.py:3427} INFO - Setting next_dagrun for example_dag_decorator to None, run_after=None
[2022-12-27T11:26:09.268+0000] {processor.py:175} INFO - Processing /home/airflow/.local/lib/python3.7/site-packages/airflow/example_dags/example_dag_decorator.py took 0.306 seconds
[2022-12-27T11:26:39.409+0000] {processor.py:153} INFO - Started process (PID=600) to work on /home/airflow/.local/lib/python3.7/site-packages/airflow/example_dags/example_dag_decorator.py
[2022-12-27T11:26:39.411+0000] {processor.py:743} INFO - Processing file /home/airflow/.local/lib/python3.7/site-packages/airflow/example_dags/example_dag_decorator.py for tasks to queue
[2022-12-27T11:26:39.413+0000] {logging_mixin.py:137} INFO - [2022-12-27T11:26:39.412+0000] {dagbag.py:538} INFO - Filling up the DagBag from /home/airflow/.local/lib/python3.7/site-packages/airflow/example_dags/example_dag_decorator.py
[2022-12-27T11:26:39.472+0000] {logging_mixin.py:137} INFO - [2022-12-27T11:26:39.472+0000] {taskmixin.py:205} WARNING - Dependency <Task(_PythonDecoratedOperator): prepare_email>, send_email already registered for DAG: example_dag_decorator
[2022-12-27T11:26:39.473+0000] {logging_mixin.py:137} INFO - [2022-12-27T11:26:39.473+0000] {taskmixin.py:205} WARNING - Dependency <Task(EmailOperator): send_email>, prepare_email already registered for DAG: example_dag_decorator
[2022-12-27T11:26:39.511+0000] {processor.py:753} INFO - DAG(s) dict_keys(['example_dag_decorator']) retrieved from /home/airflow/.local/lib/python3.7/site-packages/airflow/example_dags/example_dag_decorator.py
[2022-12-27T11:26:39.688+0000] {logging_mixin.py:137} INFO - [2022-12-27T11:26:39.687+0000] {dag.py:2676} INFO - Sync 1 DAGs
[2022-12-27T11:26:39.739+0000] {logging_mixin.py:137} INFO - [2022-12-27T11:26:39.739+0000] {dag.py:3427} INFO - Setting next_dagrun for example_dag_decorator to None, run_after=None
[2022-12-27T11:26:39.805+0000] {processor.py:175} INFO - Processing /home/airflow/.local/lib/python3.7/site-packages/airflow/example_dags/example_dag_decorator.py took 0.404 seconds
[2022-12-27T11:27:10.755+0000] {processor.py:153} INFO - Started process (PID=672) to work on /home/airflow/.local/lib/python3.7/site-packages/airflow/example_dags/example_dag_decorator.py
[2022-12-27T11:27:10.758+0000] {processor.py:743} INFO - Processing file /home/airflow/.local/lib/python3.7/site-packages/airflow/example_dags/example_dag_decorator.py for tasks to queue
[2022-12-27T11:27:10.760+0000] {logging_mixin.py:137} INFO - [2022-12-27T11:27:10.760+0000] {dagbag.py:538} INFO - Filling up the DagBag from /home/airflow/.local/lib/python3.7/site-packages/airflow/example_dags/example_dag_decorator.py
[2022-12-27T11:27:10.814+0000] {logging_mixin.py:137} INFO - [2022-12-27T11:27:10.814+0000] {taskmixin.py:205} WARNING - Dependency <Task(_PythonDecoratedOperator): prepare_email>, send_email already registered for DAG: example_dag_decorator
[2022-12-27T11:27:10.815+0000] {logging_mixin.py:137} INFO - [2022-12-27T11:27:10.815+0000] {taskmixin.py:205} WARNING - Dependency <Task(EmailOperator): send_email>, prepare_email already registered for DAG: example_dag_decorator
[2022-12-27T11:27:10.847+0000] {processor.py:753} INFO - DAG(s) dict_keys(['example_dag_decorator']) retrieved from /home/airflow/.local/lib/python3.7/site-packages/airflow/example_dags/example_dag_decorator.py
[2022-12-27T11:27:11.065+0000] {logging_mixin.py:137} INFO - [2022-12-27T11:27:11.065+0000] {dag.py:2676} INFO - Sync 1 DAGs
[2022-12-27T11:27:11.130+0000] {logging_mixin.py:137} INFO - [2022-12-27T11:27:11.129+0000] {dag.py:3427} INFO - Setting next_dagrun for example_dag_decorator to None, run_after=None
[2022-12-27T11:27:11.249+0000] {processor.py:175} INFO - Processing /home/airflow/.local/lib/python3.7/site-packages/airflow/example_dags/example_dag_decorator.py took 0.506 seconds
[2022-12-27T11:27:41.394+0000] {processor.py:153} INFO - Started process (PID=734) to work on /home/airflow/.local/lib/python3.7/site-packages/airflow/example_dags/example_dag_decorator.py
[2022-12-27T11:27:41.396+0000] {processor.py:743} INFO - Processing file /home/airflow/.local/lib/python3.7/site-packages/airflow/example_dags/example_dag_decorator.py for tasks to queue
[2022-12-27T11:27:41.398+0000] {logging_mixin.py:137} INFO - [2022-12-27T11:27:41.398+0000] {dagbag.py:538} INFO - Filling up the DagBag from /home/airflow/.local/lib/python3.7/site-packages/airflow/example_dags/example_dag_decorator.py
[2022-12-27T11:27:41.437+0000] {logging_mixin.py:137} INFO - [2022-12-27T11:27:41.437+0000] {taskmixin.py:205} WARNING - Dependency <Task(_PythonDecoratedOperator): prepare_email>, send_email already registered for DAG: example_dag_decorator
[2022-12-27T11:27:41.438+0000] {logging_mixin.py:137} INFO - [2022-12-27T11:27:41.438+0000] {taskmixin.py:205} WARNING - Dependency <Task(EmailOperator): send_email>, prepare_email already registered for DAG: example_dag_decorator
[2022-12-27T11:27:41.473+0000] {processor.py:753} INFO - DAG(s) dict_keys(['example_dag_decorator']) retrieved from /home/airflow/.local/lib/python3.7/site-packages/airflow/example_dags/example_dag_decorator.py
[2022-12-27T11:27:41.640+0000] {logging_mixin.py:137} INFO - [2022-12-27T11:27:41.640+0000] {dag.py:2676} INFO - Sync 1 DAGs
[2022-12-27T11:27:41.667+0000] {logging_mixin.py:137} INFO - [2022-12-27T11:27:41.667+0000] {dag.py:3427} INFO - Setting next_dagrun for example_dag_decorator to None, run_after=None
[2022-12-27T11:27:41.808+0000] {processor.py:175} INFO - Processing /home/airflow/.local/lib/python3.7/site-packages/airflow/example_dags/example_dag_decorator.py took 0.423 seconds
[2022-12-27T11:28:12.339+0000] {processor.py:153} INFO - Started process (PID=796) to work on /home/airflow/.local/lib/python3.7/site-packages/airflow/example_dags/example_dag_decorator.py
[2022-12-27T11:28:12.342+0000] {processor.py:743} INFO - Processing file /home/airflow/.local/lib/python3.7/site-packages/airflow/example_dags/example_dag_decorator.py for tasks to queue
[2022-12-27T11:28:12.344+0000] {logging_mixin.py:137} INFO - [2022-12-27T11:28:12.344+0000] {dagbag.py:538} INFO - Filling up the DagBag from /home/airflow/.local/lib/python3.7/site-packages/airflow/example_dags/example_dag_decorator.py
[2022-12-27T11:28:12.397+0000] {logging_mixin.py:137} INFO - [2022-12-27T11:28:12.396+0000] {taskmixin.py:205} WARNING - Dependency <Task(_PythonDecoratedOperator): prepare_email>, send_email already registered for DAG: example_dag_decorator
[2022-12-27T11:28:12.398+0000] {logging_mixin.py:137} INFO - [2022-12-27T11:28:12.398+0000] {taskmixin.py:205} WARNING - Dependency <Task(EmailOperator): send_email>, prepare_email already registered for DAG: example_dag_decorator
[2022-12-27T11:28:12.436+0000] {processor.py:753} INFO - DAG(s) dict_keys(['example_dag_decorator']) retrieved from /home/airflow/.local/lib/python3.7/site-packages/airflow/example_dags/example_dag_decorator.py
[2022-12-27T11:28:12.622+0000] {logging_mixin.py:137} INFO - [2022-12-27T11:28:12.622+0000] {dag.py:2676} INFO - Sync 1 DAGs
[2022-12-27T11:28:12.681+0000] {logging_mixin.py:137} INFO - [2022-12-27T11:28:12.681+0000] {dag.py:3427} INFO - Setting next_dagrun for example_dag_decorator to None, run_after=None
[2022-12-27T11:28:12.859+0000] {processor.py:175} INFO - Processing /home/airflow/.local/lib/python3.7/site-packages/airflow/example_dags/example_dag_decorator.py took 0.531 seconds
[2022-12-27T11:28:43.759+0000] {processor.py:153} INFO - Started process (PID=871) to work on /home/airflow/.local/lib/python3.7/site-packages/airflow/example_dags/example_dag_decorator.py
[2022-12-27T11:28:43.760+0000] {processor.py:743} INFO - Processing file /home/airflow/.local/lib/python3.7/site-packages/airflow/example_dags/example_dag_decorator.py for tasks to queue
[2022-12-27T11:28:43.761+0000] {logging_mixin.py:137} INFO - [2022-12-27T11:28:43.761+0000] {dagbag.py:538} INFO - Filling up the DagBag from /home/airflow/.local/lib/python3.7/site-packages/airflow/example_dags/example_dag_decorator.py
[2022-12-27T11:28:43.790+0000] {logging_mixin.py:137} INFO - [2022-12-27T11:28:43.790+0000] {taskmixin.py:205} WARNING - Dependency <Task(_PythonDecoratedOperator): prepare_email>, send_email already registered for DAG: example_dag_decorator
[2022-12-27T11:28:43.791+0000] {logging_mixin.py:137} INFO - [2022-12-27T11:28:43.791+0000] {taskmixin.py:205} WARNING - Dependency <Task(EmailOperator): send_email>, prepare_email already registered for DAG: example_dag_decorator
[2022-12-27T11:28:43.818+0000] {processor.py:753} INFO - DAG(s) dict_keys(['example_dag_decorator']) retrieved from /home/airflow/.local/lib/python3.7/site-packages/airflow/example_dags/example_dag_decorator.py
[2022-12-27T11:28:43.996+0000] {logging_mixin.py:137} INFO - [2022-12-27T11:28:43.996+0000] {dag.py:2676} INFO - Sync 1 DAGs
[2022-12-27T11:28:44.053+0000] {logging_mixin.py:137} INFO - [2022-12-27T11:28:44.052+0000] {dag.py:3427} INFO - Setting next_dagrun for example_dag_decorator to None, run_after=None
[2022-12-27T11:28:44.161+0000] {processor.py:175} INFO - Processing /home/airflow/.local/lib/python3.7/site-packages/airflow/example_dags/example_dag_decorator.py took 0.407 seconds
[2022-12-27T11:29:14.584+0000] {processor.py:153} INFO - Started process (PID=933) to work on /home/airflow/.local/lib/python3.7/site-packages/airflow/example_dags/example_dag_decorator.py
[2022-12-27T11:29:14.586+0000] {processor.py:743} INFO - Processing file /home/airflow/.local/lib/python3.7/site-packages/airflow/example_dags/example_dag_decorator.py for tasks to queue
[2022-12-27T11:29:14.587+0000] {logging_mixin.py:137} INFO - [2022-12-27T11:29:14.586+0000] {dagbag.py:538} INFO - Filling up the DagBag from /home/airflow/.local/lib/python3.7/site-packages/airflow/example_dags/example_dag_decorator.py
[2022-12-27T11:29:14.611+0000] {logging_mixin.py:137} INFO - [2022-12-27T11:29:14.610+0000] {taskmixin.py:205} WARNING - Dependency <Task(_PythonDecoratedOperator): prepare_email>, send_email already registered for DAG: example_dag_decorator
[2022-12-27T11:29:14.611+0000] {logging_mixin.py:137} INFO - [2022-12-27T11:29:14.611+0000] {taskmixin.py:205} WARNING - Dependency <Task(EmailOperator): send_email>, prepare_email already registered for DAG: example_dag_decorator
[2022-12-27T11:29:14.631+0000] {processor.py:753} INFO - DAG(s) dict_keys(['example_dag_decorator']) retrieved from /home/airflow/.local/lib/python3.7/site-packages/airflow/example_dags/example_dag_decorator.py
[2022-12-27T11:29:14.729+0000] {logging_mixin.py:137} INFO - [2022-12-27T11:29:14.729+0000] {dag.py:2676} INFO - Sync 1 DAGs
[2022-12-27T11:29:14.757+0000] {logging_mixin.py:137} INFO - [2022-12-27T11:29:14.757+0000] {dag.py:3427} INFO - Setting next_dagrun for example_dag_decorator to None, run_after=None
[2022-12-27T11:29:14.882+0000] {processor.py:175} INFO - Processing /home/airflow/.local/lib/python3.7/site-packages/airflow/example_dags/example_dag_decorator.py took 0.304 seconds
[2022-12-27T11:29:45.358+0000] {processor.py:153} INFO - Started process (PID=995) to work on /home/airflow/.local/lib/python3.7/site-packages/airflow/example_dags/example_dag_decorator.py
[2022-12-27T11:29:45.359+0000] {processor.py:743} INFO - Processing file /home/airflow/.local/lib/python3.7/site-packages/airflow/example_dags/example_dag_decorator.py for tasks to queue
[2022-12-27T11:29:45.361+0000] {logging_mixin.py:137} INFO - [2022-12-27T11:29:45.361+0000] {dagbag.py:538} INFO - Filling up the DagBag from /home/airflow/.local/lib/python3.7/site-packages/airflow/example_dags/example_dag_decorator.py
[2022-12-27T11:29:45.396+0000] {logging_mixin.py:137} INFO - [2022-12-27T11:29:45.396+0000] {taskmixin.py:205} WARNING - Dependency <Task(_PythonDecoratedOperator): prepare_email>, send_email already registered for DAG: example_dag_decorator
[2022-12-27T11:29:45.397+0000] {logging_mixin.py:137} INFO - [2022-12-27T11:29:45.396+0000] {taskmixin.py:205} WARNING - Dependency <Task(EmailOperator): send_email>, prepare_email already registered for DAG: example_dag_decorator
[2022-12-27T11:29:45.417+0000] {processor.py:753} INFO - DAG(s) dict_keys(['example_dag_decorator']) retrieved from /home/airflow/.local/lib/python3.7/site-packages/airflow/example_dags/example_dag_decorator.py
[2022-12-27T11:29:45.529+0000] {logging_mixin.py:137} INFO - [2022-12-27T11:29:45.529+0000] {dag.py:2676} INFO - Sync 1 DAGs
[2022-12-27T11:29:45.554+0000] {logging_mixin.py:137} INFO - [2022-12-27T11:29:45.554+0000] {dag.py:3427} INFO - Setting next_dagrun for example_dag_decorator to None, run_after=None
[2022-12-27T11:29:45.863+0000] {processor.py:175} INFO - Processing /home/airflow/.local/lib/python3.7/site-packages/airflow/example_dags/example_dag_decorator.py took 0.512 seconds
[2022-12-27T11:30:16.187+0000] {processor.py:153} INFO - Started process (PID=1069) to work on /home/airflow/.local/lib/python3.7/site-packages/airflow/example_dags/example_dag_decorator.py
[2022-12-27T11:30:16.189+0000] {processor.py:743} INFO - Processing file /home/airflow/.local/lib/python3.7/site-packages/airflow/example_dags/example_dag_decorator.py for tasks to queue
[2022-12-27T11:30:16.191+0000] {logging_mixin.py:137} INFO - [2022-12-27T11:30:16.191+0000] {dagbag.py:538} INFO - Filling up the DagBag from /home/airflow/.local/lib/python3.7/site-packages/airflow/example_dags/example_dag_decorator.py
[2022-12-27T11:30:16.233+0000] {logging_mixin.py:137} INFO - [2022-12-27T11:30:16.232+0000] {taskmixin.py:205} WARNING - Dependency <Task(_PythonDecoratedOperator): prepare_email>, send_email already registered for DAG: example_dag_decorator
[2022-12-27T11:30:16.234+0000] {logging_mixin.py:137} INFO - [2022-12-27T11:30:16.233+0000] {taskmixin.py:205} WARNING - Dependency <Task(EmailOperator): send_email>, prepare_email already registered for DAG: example_dag_decorator
[2022-12-27T11:30:16.267+0000] {processor.py:753} INFO - DAG(s) dict_keys(['example_dag_decorator']) retrieved from /home/airflow/.local/lib/python3.7/site-packages/airflow/example_dags/example_dag_decorator.py
[2022-12-27T11:30:16.472+0000] {logging_mixin.py:137} INFO - [2022-12-27T11:30:16.472+0000] {dag.py:2676} INFO - Sync 1 DAGs
[2022-12-27T11:30:16.536+0000] {logging_mixin.py:137} INFO - [2022-12-27T11:30:16.536+0000] {dag.py:3427} INFO - Setting next_dagrun for example_dag_decorator to None, run_after=None
[2022-12-27T11:30:16.724+0000] {processor.py:175} INFO - Processing /home/airflow/.local/lib/python3.7/site-packages/airflow/example_dags/example_dag_decorator.py took 0.545 seconds
[2022-12-27T11:30:47.354+0000] {processor.py:153} INFO - Started process (PID=1131) to work on /home/airflow/.local/lib/python3.7/site-packages/airflow/example_dags/example_dag_decorator.py
[2022-12-27T11:30:47.355+0000] {processor.py:743} INFO - Processing file /home/airflow/.local/lib/python3.7/site-packages/airflow/example_dags/example_dag_decorator.py for tasks to queue
[2022-12-27T11:30:47.356+0000] {logging_mixin.py:137} INFO - [2022-12-27T11:30:47.356+0000] {dagbag.py:538} INFO - Filling up the DagBag from /home/airflow/.local/lib/python3.7/site-packages/airflow/example_dags/example_dag_decorator.py
[2022-12-27T11:30:47.378+0000] {logging_mixin.py:137} INFO - [2022-12-27T11:30:47.378+0000] {taskmixin.py:205} WARNING - Dependency <Task(_PythonDecoratedOperator): prepare_email>, send_email already registered for DAG: example_dag_decorator
[2022-12-27T11:30:47.379+0000] {logging_mixin.py:137} INFO - [2022-12-27T11:30:47.379+0000] {taskmixin.py:205} WARNING - Dependency <Task(EmailOperator): send_email>, prepare_email already registered for DAG: example_dag_decorator
[2022-12-27T11:30:47.396+0000] {processor.py:753} INFO - DAG(s) dict_keys(['example_dag_decorator']) retrieved from /home/airflow/.local/lib/python3.7/site-packages/airflow/example_dags/example_dag_decorator.py
[2022-12-27T11:30:47.594+0000] {logging_mixin.py:137} INFO - [2022-12-27T11:30:47.594+0000] {dag.py:2676} INFO - Sync 1 DAGs
[2022-12-27T11:30:47.654+0000] {logging_mixin.py:137} INFO - [2022-12-27T11:30:47.654+0000] {dag.py:3427} INFO - Setting next_dagrun for example_dag_decorator to None, run_after=None
[2022-12-27T11:30:47.792+0000] {processor.py:175} INFO - Processing /home/airflow/.local/lib/python3.7/site-packages/airflow/example_dags/example_dag_decorator.py took 0.443 seconds
[2022-12-27T11:31:17.960+0000] {processor.py:153} INFO - Started process (PID=1202) to work on /home/airflow/.local/lib/python3.7/site-packages/airflow/example_dags/example_dag_decorator.py
[2022-12-27T11:31:17.961+0000] {processor.py:743} INFO - Processing file /home/airflow/.local/lib/python3.7/site-packages/airflow/example_dags/example_dag_decorator.py for tasks to queue
[2022-12-27T11:31:17.962+0000] {logging_mixin.py:137} INFO - [2022-12-27T11:31:17.962+0000] {dagbag.py:538} INFO - Filling up the DagBag from /home/airflow/.local/lib/python3.7/site-packages/airflow/example_dags/example_dag_decorator.py
[2022-12-27T11:31:17.983+0000] {logging_mixin.py:137} INFO - [2022-12-27T11:31:17.982+0000] {taskmixin.py:205} WARNING - Dependency <Task(_PythonDecoratedOperator): prepare_email>, send_email already registered for DAG: example_dag_decorator
[2022-12-27T11:31:17.983+0000] {logging_mixin.py:137} INFO - [2022-12-27T11:31:17.983+0000] {taskmixin.py:205} WARNING - Dependency <Task(EmailOperator): send_email>, prepare_email already registered for DAG: example_dag_decorator
[2022-12-27T11:31:17.997+0000] {processor.py:753} INFO - DAG(s) dict_keys(['example_dag_decorator']) retrieved from /home/airflow/.local/lib/python3.7/site-packages/airflow/example_dags/example_dag_decorator.py
[2022-12-27T11:31:18.091+0000] {logging_mixin.py:137} INFO - [2022-12-27T11:31:18.090+0000] {dag.py:2676} INFO - Sync 1 DAGs
[2022-12-27T11:31:18.118+0000] {logging_mixin.py:137} INFO - [2022-12-27T11:31:18.118+0000] {dag.py:3427} INFO - Setting next_dagrun for example_dag_decorator to None, run_after=None
[2022-12-27T11:31:18.196+0000] {processor.py:175} INFO - Processing /home/airflow/.local/lib/python3.7/site-packages/airflow/example_dags/example_dag_decorator.py took 0.241 seconds
[2022-12-27T11:31:48.281+0000] {processor.py:153} INFO - Started process (PID=1269) to work on /home/airflow/.local/lib/python3.7/site-packages/airflow/example_dags/example_dag_decorator.py
[2022-12-27T11:31:48.282+0000] {processor.py:743} INFO - Processing file /home/airflow/.local/lib/python3.7/site-packages/airflow/example_dags/example_dag_decorator.py for tasks to queue
[2022-12-27T11:31:48.283+0000] {logging_mixin.py:137} INFO - [2022-12-27T11:31:48.283+0000] {dagbag.py:538} INFO - Filling up the DagBag from /home/airflow/.local/lib/python3.7/site-packages/airflow/example_dags/example_dag_decorator.py
[2022-12-27T11:31:48.302+0000] {logging_mixin.py:137} INFO - [2022-12-27T11:31:48.302+0000] {taskmixin.py:205} WARNING - Dependency <Task(_PythonDecoratedOperator): prepare_email>, send_email already registered for DAG: example_dag_decorator
[2022-12-27T11:31:48.302+0000] {logging_mixin.py:137} INFO - [2022-12-27T11:31:48.302+0000] {taskmixin.py:205} WARNING - Dependency <Task(EmailOperator): send_email>, prepare_email already registered for DAG: example_dag_decorator
[2022-12-27T11:31:48.316+0000] {processor.py:753} INFO - DAG(s) dict_keys(['example_dag_decorator']) retrieved from /home/airflow/.local/lib/python3.7/site-packages/airflow/example_dags/example_dag_decorator.py
[2022-12-27T11:31:48.421+0000] {logging_mixin.py:137} INFO - [2022-12-27T11:31:48.421+0000] {dag.py:2676} INFO - Sync 1 DAGs
[2022-12-27T11:31:48.446+0000] {logging_mixin.py:137} INFO - [2022-12-27T11:31:48.446+0000] {dag.py:3427} INFO - Setting next_dagrun for example_dag_decorator to None, run_after=None
[2022-12-27T11:31:48.497+0000] {processor.py:175} INFO - Processing /home/airflow/.local/lib/python3.7/site-packages/airflow/example_dags/example_dag_decorator.py took 0.221 seconds
[2022-12-27T11:32:19.006+0000] {processor.py:153} INFO - Started process (PID=1330) to work on /home/airflow/.local/lib/python3.7/site-packages/airflow/example_dags/example_dag_decorator.py
[2022-12-27T11:32:19.007+0000] {processor.py:743} INFO - Processing file /home/airflow/.local/lib/python3.7/site-packages/airflow/example_dags/example_dag_decorator.py for tasks to queue
[2022-12-27T11:32:19.008+0000] {logging_mixin.py:137} INFO - [2022-12-27T11:32:19.008+0000] {dagbag.py:538} INFO - Filling up the DagBag from /home/airflow/.local/lib/python3.7/site-packages/airflow/example_dags/example_dag_decorator.py
[2022-12-27T11:32:19.032+0000] {logging_mixin.py:137} INFO - [2022-12-27T11:32:19.032+0000] {taskmixin.py:205} WARNING - Dependency <Task(_PythonDecoratedOperator): prepare_email>, send_email already registered for DAG: example_dag_decorator
[2022-12-27T11:32:19.033+0000] {logging_mixin.py:137} INFO - [2022-12-27T11:32:19.033+0000] {taskmixin.py:205} WARNING - Dependency <Task(EmailOperator): send_email>, prepare_email already registered for DAG: example_dag_decorator
[2022-12-27T11:32:19.049+0000] {processor.py:753} INFO - DAG(s) dict_keys(['example_dag_decorator']) retrieved from /home/airflow/.local/lib/python3.7/site-packages/airflow/example_dags/example_dag_decorator.py
[2022-12-27T11:32:19.152+0000] {logging_mixin.py:137} INFO - [2022-12-27T11:32:19.151+0000] {dag.py:2676} INFO - Sync 1 DAGs
[2022-12-27T11:32:19.180+0000] {logging_mixin.py:137} INFO - [2022-12-27T11:32:19.180+0000] {dag.py:3427} INFO - Setting next_dagrun for example_dag_decorator to None, run_after=None
[2022-12-27T11:32:19.238+0000] {processor.py:175} INFO - Processing /home/airflow/.local/lib/python3.7/site-packages/airflow/example_dags/example_dag_decorator.py took 0.238 seconds
[2022-12-27T11:32:49.567+0000] {processor.py:153} INFO - Started process (PID=1400) to work on /home/airflow/.local/lib/python3.7/site-packages/airflow/example_dags/example_dag_decorator.py
[2022-12-27T11:32:49.569+0000] {processor.py:743} INFO - Processing file /home/airflow/.local/lib/python3.7/site-packages/airflow/example_dags/example_dag_decorator.py for tasks to queue
[2022-12-27T11:32:49.571+0000] {logging_mixin.py:137} INFO - [2022-12-27T11:32:49.571+0000] {dagbag.py:538} INFO - Filling up the DagBag from /home/airflow/.local/lib/python3.7/site-packages/airflow/example_dags/example_dag_decorator.py
[2022-12-27T11:32:49.613+0000] {logging_mixin.py:137} INFO - [2022-12-27T11:32:49.613+0000] {taskmixin.py:205} WARNING - Dependency <Task(_PythonDecoratedOperator): prepare_email>, send_email already registered for DAG: example_dag_decorator
[2022-12-27T11:32:49.615+0000] {logging_mixin.py:137} INFO - [2022-12-27T11:32:49.614+0000] {taskmixin.py:205} WARNING - Dependency <Task(EmailOperator): send_email>, prepare_email already registered for DAG: example_dag_decorator
[2022-12-27T11:32:49.642+0000] {processor.py:753} INFO - DAG(s) dict_keys(['example_dag_decorator']) retrieved from /home/airflow/.local/lib/python3.7/site-packages/airflow/example_dags/example_dag_decorator.py
[2022-12-27T11:32:49.818+0000] {logging_mixin.py:137} INFO - [2022-12-27T11:32:49.817+0000] {dag.py:2676} INFO - Sync 1 DAGs
[2022-12-27T11:32:49.871+0000] {logging_mixin.py:137} INFO - [2022-12-27T11:32:49.871+0000] {dag.py:3427} INFO - Setting next_dagrun for example_dag_decorator to None, run_after=None
[2022-12-27T11:32:49.944+0000] {processor.py:175} INFO - Processing /home/airflow/.local/lib/python3.7/site-packages/airflow/example_dags/example_dag_decorator.py took 0.388 seconds
[2022-12-27T11:33:20.423+0000] {processor.py:153} INFO - Started process (PID=1467) to work on /home/airflow/.local/lib/python3.7/site-packages/airflow/example_dags/example_dag_decorator.py
[2022-12-27T11:33:20.424+0000] {processor.py:743} INFO - Processing file /home/airflow/.local/lib/python3.7/site-packages/airflow/example_dags/example_dag_decorator.py for tasks to queue
[2022-12-27T11:33:20.426+0000] {logging_mixin.py:137} INFO - [2022-12-27T11:33:20.426+0000] {dagbag.py:538} INFO - Filling up the DagBag from /home/airflow/.local/lib/python3.7/site-packages/airflow/example_dags/example_dag_decorator.py
[2022-12-27T11:33:20.451+0000] {logging_mixin.py:137} INFO - [2022-12-27T11:33:20.451+0000] {taskmixin.py:205} WARNING - Dependency <Task(_PythonDecoratedOperator): prepare_email>, send_email already registered for DAG: example_dag_decorator
[2022-12-27T11:33:20.452+0000] {logging_mixin.py:137} INFO - [2022-12-27T11:33:20.451+0000] {taskmixin.py:205} WARNING - Dependency <Task(EmailOperator): send_email>, prepare_email already registered for DAG: example_dag_decorator
[2022-12-27T11:33:20.473+0000] {processor.py:753} INFO - DAG(s) dict_keys(['example_dag_decorator']) retrieved from /home/airflow/.local/lib/python3.7/site-packages/airflow/example_dags/example_dag_decorator.py
[2022-12-27T11:33:20.567+0000] {logging_mixin.py:137} INFO - [2022-12-27T11:33:20.567+0000] {dag.py:2676} INFO - Sync 1 DAGs
[2022-12-27T11:33:20.594+0000] {logging_mixin.py:137} INFO - [2022-12-27T11:33:20.593+0000] {dag.py:3427} INFO - Setting next_dagrun for example_dag_decorator to None, run_after=None
[2022-12-27T11:33:20.647+0000] {processor.py:175} INFO - Processing /home/airflow/.local/lib/python3.7/site-packages/airflow/example_dags/example_dag_decorator.py took 0.230 seconds
[2022-12-27T11:33:50.834+0000] {processor.py:153} INFO - Started process (PID=1529) to work on /home/airflow/.local/lib/python3.7/site-packages/airflow/example_dags/example_dag_decorator.py
[2022-12-27T11:33:50.835+0000] {processor.py:743} INFO - Processing file /home/airflow/.local/lib/python3.7/site-packages/airflow/example_dags/example_dag_decorator.py for tasks to queue
[2022-12-27T11:33:50.837+0000] {logging_mixin.py:137} INFO - [2022-12-27T11:33:50.836+0000] {dagbag.py:538} INFO - Filling up the DagBag from /home/airflow/.local/lib/python3.7/site-packages/airflow/example_dags/example_dag_decorator.py
[2022-12-27T11:33:50.861+0000] {logging_mixin.py:137} INFO - [2022-12-27T11:33:50.861+0000] {taskmixin.py:205} WARNING - Dependency <Task(_PythonDecoratedOperator): prepare_email>, send_email already registered for DAG: example_dag_decorator
[2022-12-27T11:33:50.861+0000] {logging_mixin.py:137} INFO - [2022-12-27T11:33:50.861+0000] {taskmixin.py:205} WARNING - Dependency <Task(EmailOperator): send_email>, prepare_email already registered for DAG: example_dag_decorator
[2022-12-27T11:33:50.877+0000] {processor.py:753} INFO - DAG(s) dict_keys(['example_dag_decorator']) retrieved from /home/airflow/.local/lib/python3.7/site-packages/airflow/example_dags/example_dag_decorator.py
[2022-12-27T11:33:50.968+0000] {logging_mixin.py:137} INFO - [2022-12-27T11:33:50.968+0000] {dag.py:2676} INFO - Sync 1 DAGs
[2022-12-27T11:33:50.993+0000] {logging_mixin.py:137} INFO - [2022-12-27T11:33:50.993+0000] {dag.py:3427} INFO - Setting next_dagrun for example_dag_decorator to None, run_after=None
[2022-12-27T11:33:51.070+0000] {processor.py:175} INFO - Processing /home/airflow/.local/lib/python3.7/site-packages/airflow/example_dags/example_dag_decorator.py took 0.242 seconds
[2022-12-27T11:34:21.108+0000] {processor.py:153} INFO - Started process (PID=1592) to work on /home/airflow/.local/lib/python3.7/site-packages/airflow/example_dags/example_dag_decorator.py
[2022-12-27T11:34:21.110+0000] {processor.py:743} INFO - Processing file /home/airflow/.local/lib/python3.7/site-packages/airflow/example_dags/example_dag_decorator.py for tasks to queue
[2022-12-27T11:34:21.111+0000] {logging_mixin.py:137} INFO - [2022-12-27T11:34:21.111+0000] {dagbag.py:538} INFO - Filling up the DagBag from /home/airflow/.local/lib/python3.7/site-packages/airflow/example_dags/example_dag_decorator.py
[2022-12-27T11:34:21.153+0000] {logging_mixin.py:137} INFO - [2022-12-27T11:34:21.153+0000] {taskmixin.py:205} WARNING - Dependency <Task(_PythonDecoratedOperator): prepare_email>, send_email already registered for DAG: example_dag_decorator
[2022-12-27T11:34:21.153+0000] {logging_mixin.py:137} INFO - [2022-12-27T11:34:21.153+0000] {taskmixin.py:205} WARNING - Dependency <Task(EmailOperator): send_email>, prepare_email already registered for DAG: example_dag_decorator
[2022-12-27T11:34:21.179+0000] {processor.py:753} INFO - DAG(s) dict_keys(['example_dag_decorator']) retrieved from /home/airflow/.local/lib/python3.7/site-packages/airflow/example_dags/example_dag_decorator.py
[2022-12-27T11:34:21.350+0000] {logging_mixin.py:137} INFO - [2022-12-27T11:34:21.350+0000] {dag.py:2676} INFO - Sync 1 DAGs
[2022-12-27T11:34:21.383+0000] {logging_mixin.py:137} INFO - [2022-12-27T11:34:21.383+0000] {dag.py:3427} INFO - Setting next_dagrun for example_dag_decorator to None, run_after=None
[2022-12-27T11:34:21.491+0000] {processor.py:175} INFO - Processing /home/airflow/.local/lib/python3.7/site-packages/airflow/example_dags/example_dag_decorator.py took 0.391 seconds
[2022-12-27T11:34:51.876+0000] {processor.py:153} INFO - Started process (PID=1665) to work on /home/airflow/.local/lib/python3.7/site-packages/airflow/example_dags/example_dag_decorator.py
[2022-12-27T11:34:51.877+0000] {processor.py:743} INFO - Processing file /home/airflow/.local/lib/python3.7/site-packages/airflow/example_dags/example_dag_decorator.py for tasks to queue
[2022-12-27T11:34:51.877+0000] {logging_mixin.py:137} INFO - [2022-12-27T11:34:51.877+0000] {dagbag.py:538} INFO - Filling up the DagBag from /home/airflow/.local/lib/python3.7/site-packages/airflow/example_dags/example_dag_decorator.py
[2022-12-27T11:34:51.902+0000] {logging_mixin.py:137} INFO - [2022-12-27T11:34:51.902+0000] {taskmixin.py:205} WARNING - Dependency <Task(_PythonDecoratedOperator): prepare_email>, send_email already registered for DAG: example_dag_decorator
[2022-12-27T11:34:51.902+0000] {logging_mixin.py:137} INFO - [2022-12-27T11:34:51.902+0000] {taskmixin.py:205} WARNING - Dependency <Task(EmailOperator): send_email>, prepare_email already registered for DAG: example_dag_decorator
[2022-12-27T11:34:51.921+0000] {processor.py:753} INFO - DAG(s) dict_keys(['example_dag_decorator']) retrieved from /home/airflow/.local/lib/python3.7/site-packages/airflow/example_dags/example_dag_decorator.py
[2022-12-27T11:34:52.019+0000] {logging_mixin.py:137} INFO - [2022-12-27T11:34:52.019+0000] {dag.py:2676} INFO - Sync 1 DAGs
[2022-12-27T11:34:52.046+0000] {logging_mixin.py:137} INFO - [2022-12-27T11:34:52.046+0000] {dag.py:3427} INFO - Setting next_dagrun for example_dag_decorator to None, run_after=None
[2022-12-27T11:34:52.115+0000] {processor.py:175} INFO - Processing /home/airflow/.local/lib/python3.7/site-packages/airflow/example_dags/example_dag_decorator.py took 0.245 seconds
[2022-12-27T11:35:22.464+0000] {processor.py:153} INFO - Started process (PID=1727) to work on /home/airflow/.local/lib/python3.7/site-packages/airflow/example_dags/example_dag_decorator.py
[2022-12-27T11:35:22.465+0000] {processor.py:743} INFO - Processing file /home/airflow/.local/lib/python3.7/site-packages/airflow/example_dags/example_dag_decorator.py for tasks to queue
[2022-12-27T11:35:22.466+0000] {logging_mixin.py:137} INFO - [2022-12-27T11:35:22.466+0000] {dagbag.py:538} INFO - Filling up the DagBag from /home/airflow/.local/lib/python3.7/site-packages/airflow/example_dags/example_dag_decorator.py
[2022-12-27T11:35:22.495+0000] {logging_mixin.py:137} INFO - [2022-12-27T11:35:22.494+0000] {taskmixin.py:205} WARNING - Dependency <Task(_PythonDecoratedOperator): prepare_email>, send_email already registered for DAG: example_dag_decorator
[2022-12-27T11:35:22.495+0000] {logging_mixin.py:137} INFO - [2022-12-27T11:35:22.495+0000] {taskmixin.py:205} WARNING - Dependency <Task(EmailOperator): send_email>, prepare_email already registered for DAG: example_dag_decorator
[2022-12-27T11:35:22.511+0000] {processor.py:753} INFO - DAG(s) dict_keys(['example_dag_decorator']) retrieved from /home/airflow/.local/lib/python3.7/site-packages/airflow/example_dags/example_dag_decorator.py
[2022-12-27T11:35:22.601+0000] {logging_mixin.py:137} INFO - [2022-12-27T11:35:22.601+0000] {dag.py:2676} INFO - Sync 1 DAGs
[2022-12-27T11:35:22.625+0000] {logging_mixin.py:137} INFO - [2022-12-27T11:35:22.625+0000] {dag.py:3427} INFO - Setting next_dagrun for example_dag_decorator to None, run_after=None
[2022-12-27T11:35:22.789+0000] {processor.py:175} INFO - Processing /home/airflow/.local/lib/python3.7/site-packages/airflow/example_dags/example_dag_decorator.py took 0.332 seconds
[2022-12-27T11:35:52.982+0000] {processor.py:153} INFO - Started process (PID=1790) to work on /home/airflow/.local/lib/python3.7/site-packages/airflow/example_dags/example_dag_decorator.py
[2022-12-27T11:35:52.984+0000] {processor.py:743} INFO - Processing file /home/airflow/.local/lib/python3.7/site-packages/airflow/example_dags/example_dag_decorator.py for tasks to queue
[2022-12-27T11:35:52.985+0000] {logging_mixin.py:137} INFO - [2022-12-27T11:35:52.985+0000] {dagbag.py:538} INFO - Filling up the DagBag from /home/airflow/.local/lib/python3.7/site-packages/airflow/example_dags/example_dag_decorator.py
[2022-12-27T11:35:53.015+0000] {logging_mixin.py:137} INFO - [2022-12-27T11:35:53.014+0000] {taskmixin.py:205} WARNING - Dependency <Task(_PythonDecoratedOperator): prepare_email>, send_email already registered for DAG: example_dag_decorator
[2022-12-27T11:35:53.015+0000] {logging_mixin.py:137} INFO - [2022-12-27T11:35:53.015+0000] {taskmixin.py:205} WARNING - Dependency <Task(EmailOperator): send_email>, prepare_email already registered for DAG: example_dag_decorator
[2022-12-27T11:35:53.034+0000] {processor.py:753} INFO - DAG(s) dict_keys(['example_dag_decorator']) retrieved from /home/airflow/.local/lib/python3.7/site-packages/airflow/example_dags/example_dag_decorator.py
[2022-12-27T11:35:53.124+0000] {logging_mixin.py:137} INFO - [2022-12-27T11:35:53.124+0000] {dag.py:2676} INFO - Sync 1 DAGs
[2022-12-27T11:35:53.147+0000] {logging_mixin.py:137} INFO - [2022-12-27T11:35:53.146+0000] {dag.py:3427} INFO - Setting next_dagrun for example_dag_decorator to None, run_after=None
[2022-12-27T11:35:53.193+0000] {processor.py:175} INFO - Processing /home/airflow/.local/lib/python3.7/site-packages/airflow/example_dags/example_dag_decorator.py took 0.220 seconds
[2022-12-27T11:36:23.904+0000] {processor.py:153} INFO - Started process (PID=1865) to work on /home/airflow/.local/lib/python3.7/site-packages/airflow/example_dags/example_dag_decorator.py
[2022-12-27T11:36:23.905+0000] {processor.py:743} INFO - Processing file /home/airflow/.local/lib/python3.7/site-packages/airflow/example_dags/example_dag_decorator.py for tasks to queue
[2022-12-27T11:36:23.906+0000] {logging_mixin.py:137} INFO - [2022-12-27T11:36:23.906+0000] {dagbag.py:538} INFO - Filling up the DagBag from /home/airflow/.local/lib/python3.7/site-packages/airflow/example_dags/example_dag_decorator.py
[2022-12-27T11:36:23.931+0000] {logging_mixin.py:137} INFO - [2022-12-27T11:36:23.931+0000] {taskmixin.py:205} WARNING - Dependency <Task(_PythonDecoratedOperator): prepare_email>, send_email already registered for DAG: example_dag_decorator
[2022-12-27T11:36:23.932+0000] {logging_mixin.py:137} INFO - [2022-12-27T11:36:23.932+0000] {taskmixin.py:205} WARNING - Dependency <Task(EmailOperator): send_email>, prepare_email already registered for DAG: example_dag_decorator
[2022-12-27T11:36:23.950+0000] {processor.py:753} INFO - DAG(s) dict_keys(['example_dag_decorator']) retrieved from /home/airflow/.local/lib/python3.7/site-packages/airflow/example_dags/example_dag_decorator.py
[2022-12-27T11:36:24.171+0000] {logging_mixin.py:137} INFO - [2022-12-27T11:36:24.170+0000] {dag.py:2676} INFO - Sync 1 DAGs
[2022-12-27T11:36:24.234+0000] {logging_mixin.py:137} INFO - [2022-12-27T11:36:24.234+0000] {dag.py:3427} INFO - Setting next_dagrun for example_dag_decorator to None, run_after=None
[2022-12-27T11:36:24.351+0000] {processor.py:175} INFO - Processing /home/airflow/.local/lib/python3.7/site-packages/airflow/example_dags/example_dag_decorator.py took 0.451 seconds
[2022-12-27T11:36:54.731+0000] {processor.py:153} INFO - Started process (PID=1928) to work on /home/airflow/.local/lib/python3.7/site-packages/airflow/example_dags/example_dag_decorator.py
[2022-12-27T11:36:54.732+0000] {processor.py:743} INFO - Processing file /home/airflow/.local/lib/python3.7/site-packages/airflow/example_dags/example_dag_decorator.py for tasks to queue
[2022-12-27T11:36:54.733+0000] {logging_mixin.py:137} INFO - [2022-12-27T11:36:54.733+0000] {dagbag.py:538} INFO - Filling up the DagBag from /home/airflow/.local/lib/python3.7/site-packages/airflow/example_dags/example_dag_decorator.py
[2022-12-27T11:36:54.758+0000] {logging_mixin.py:137} INFO - [2022-12-27T11:36:54.758+0000] {taskmixin.py:205} WARNING - Dependency <Task(_PythonDecoratedOperator): prepare_email>, send_email already registered for DAG: example_dag_decorator
[2022-12-27T11:36:54.758+0000] {logging_mixin.py:137} INFO - [2022-12-27T11:36:54.758+0000] {taskmixin.py:205} WARNING - Dependency <Task(EmailOperator): send_email>, prepare_email already registered for DAG: example_dag_decorator
[2022-12-27T11:36:54.773+0000] {processor.py:753} INFO - DAG(s) dict_keys(['example_dag_decorator']) retrieved from /home/airflow/.local/lib/python3.7/site-packages/airflow/example_dags/example_dag_decorator.py
[2022-12-27T11:36:54.859+0000] {logging_mixin.py:137} INFO - [2022-12-27T11:36:54.859+0000] {dag.py:2676} INFO - Sync 1 DAGs
[2022-12-27T11:36:54.883+0000] {logging_mixin.py:137} INFO - [2022-12-27T11:36:54.882+0000] {dag.py:3427} INFO - Setting next_dagrun for example_dag_decorator to None, run_after=None
[2022-12-27T11:36:55.071+0000] {processor.py:175} INFO - Processing /home/airflow/.local/lib/python3.7/site-packages/airflow/example_dags/example_dag_decorator.py took 0.346 seconds
[2022-12-27T11:37:25.229+0000] {processor.py:153} INFO - Started process (PID=1990) to work on /home/airflow/.local/lib/python3.7/site-packages/airflow/example_dags/example_dag_decorator.py
[2022-12-27T11:37:25.230+0000] {processor.py:743} INFO - Processing file /home/airflow/.local/lib/python3.7/site-packages/airflow/example_dags/example_dag_decorator.py for tasks to queue
[2022-12-27T11:37:25.231+0000] {logging_mixin.py:137} INFO - [2022-12-27T11:37:25.231+0000] {dagbag.py:538} INFO - Filling up the DagBag from /home/airflow/.local/lib/python3.7/site-packages/airflow/example_dags/example_dag_decorator.py
[2022-12-27T11:37:25.261+0000] {logging_mixin.py:137} INFO - [2022-12-27T11:37:25.261+0000] {taskmixin.py:205} WARNING - Dependency <Task(_PythonDecoratedOperator): prepare_email>, send_email already registered for DAG: example_dag_decorator
[2022-12-27T11:37:25.262+0000] {logging_mixin.py:137} INFO - [2022-12-27T11:37:25.262+0000] {taskmixin.py:205} WARNING - Dependency <Task(EmailOperator): send_email>, prepare_email already registered for DAG: example_dag_decorator
[2022-12-27T11:37:25.280+0000] {processor.py:753} INFO - DAG(s) dict_keys(['example_dag_decorator']) retrieved from /home/airflow/.local/lib/python3.7/site-packages/airflow/example_dags/example_dag_decorator.py
[2022-12-27T11:37:25.418+0000] {logging_mixin.py:137} INFO - [2022-12-27T11:37:25.417+0000] {dag.py:2676} INFO - Sync 1 DAGs
[2022-12-27T11:37:25.463+0000] {logging_mixin.py:137} INFO - [2022-12-27T11:37:25.462+0000] {dag.py:3427} INFO - Setting next_dagrun for example_dag_decorator to None, run_after=None
[2022-12-27T11:37:25.585+0000] {processor.py:175} INFO - Processing /home/airflow/.local/lib/python3.7/site-packages/airflow/example_dags/example_dag_decorator.py took 0.360 seconds
[2022-12-27T11:37:55.823+0000] {processor.py:153} INFO - Started process (PID=2054) to work on /home/airflow/.local/lib/python3.7/site-packages/airflow/example_dags/example_dag_decorator.py
[2022-12-27T11:37:55.825+0000] {processor.py:743} INFO - Processing file /home/airflow/.local/lib/python3.7/site-packages/airflow/example_dags/example_dag_decorator.py for tasks to queue
[2022-12-27T11:37:55.827+0000] {logging_mixin.py:137} INFO - [2022-12-27T11:37:55.826+0000] {dagbag.py:538} INFO - Filling up the DagBag from /home/airflow/.local/lib/python3.7/site-packages/airflow/example_dags/example_dag_decorator.py
[2022-12-27T11:37:55.851+0000] {logging_mixin.py:137} INFO - [2022-12-27T11:37:55.850+0000] {taskmixin.py:205} WARNING - Dependency <Task(_PythonDecoratedOperator): prepare_email>, send_email already registered for DAG: example_dag_decorator
[2022-12-27T11:37:55.851+0000] {logging_mixin.py:137} INFO - [2022-12-27T11:37:55.851+0000] {taskmixin.py:205} WARNING - Dependency <Task(EmailOperator): send_email>, prepare_email already registered for DAG: example_dag_decorator
[2022-12-27T11:37:55.864+0000] {processor.py:753} INFO - DAG(s) dict_keys(['example_dag_decorator']) retrieved from /home/airflow/.local/lib/python3.7/site-packages/airflow/example_dags/example_dag_decorator.py
[2022-12-27T11:37:55.946+0000] {logging_mixin.py:137} INFO - [2022-12-27T11:37:55.946+0000] {dag.py:2676} INFO - Sync 1 DAGs
[2022-12-27T11:37:55.971+0000] {logging_mixin.py:137} INFO - [2022-12-27T11:37:55.971+0000] {dag.py:3427} INFO - Setting next_dagrun for example_dag_decorator to None, run_after=None
[2022-12-27T11:37:56.023+0000] {processor.py:175} INFO - Processing /home/airflow/.local/lib/python3.7/site-packages/airflow/example_dags/example_dag_decorator.py took 0.210 seconds
[2022-12-27T11:38:26.516+0000] {processor.py:153} INFO - Started process (PID=2125) to work on /home/airflow/.local/lib/python3.7/site-packages/airflow/example_dags/example_dag_decorator.py
[2022-12-27T11:38:26.517+0000] {processor.py:743} INFO - Processing file /home/airflow/.local/lib/python3.7/site-packages/airflow/example_dags/example_dag_decorator.py for tasks to queue
[2022-12-27T11:38:26.517+0000] {logging_mixin.py:137} INFO - [2022-12-27T11:38:26.517+0000] {dagbag.py:538} INFO - Filling up the DagBag from /home/airflow/.local/lib/python3.7/site-packages/airflow/example_dags/example_dag_decorator.py
[2022-12-27T11:38:26.538+0000] {logging_mixin.py:137} INFO - [2022-12-27T11:38:26.538+0000] {taskmixin.py:205} WARNING - Dependency <Task(_PythonDecoratedOperator): prepare_email>, send_email already registered for DAG: example_dag_decorator
[2022-12-27T11:38:26.539+0000] {logging_mixin.py:137} INFO - [2022-12-27T11:38:26.538+0000] {taskmixin.py:205} WARNING - Dependency <Task(EmailOperator): send_email>, prepare_email already registered for DAG: example_dag_decorator
[2022-12-27T11:38:26.552+0000] {processor.py:753} INFO - DAG(s) dict_keys(['example_dag_decorator']) retrieved from /home/airflow/.local/lib/python3.7/site-packages/airflow/example_dags/example_dag_decorator.py
[2022-12-27T11:38:26.646+0000] {logging_mixin.py:137} INFO - [2022-12-27T11:38:26.645+0000] {dag.py:2676} INFO - Sync 1 DAGs
[2022-12-27T11:38:26.686+0000] {logging_mixin.py:137} INFO - [2022-12-27T11:38:26.685+0000] {dag.py:3427} INFO - Setting next_dagrun for example_dag_decorator to None, run_after=None
[2022-12-27T11:38:26.777+0000] {processor.py:175} INFO - Processing /home/airflow/.local/lib/python3.7/site-packages/airflow/example_dags/example_dag_decorator.py took 0.266 seconds
[2022-12-27T11:38:56.930+0000] {processor.py:153} INFO - Started process (PID=2190) to work on /home/airflow/.local/lib/python3.7/site-packages/airflow/example_dags/example_dag_decorator.py
[2022-12-27T11:38:56.932+0000] {processor.py:743} INFO - Processing file /home/airflow/.local/lib/python3.7/site-packages/airflow/example_dags/example_dag_decorator.py for tasks to queue
[2022-12-27T11:38:56.933+0000] {logging_mixin.py:137} INFO - [2022-12-27T11:38:56.933+0000] {dagbag.py:538} INFO - Filling up the DagBag from /home/airflow/.local/lib/python3.7/site-packages/airflow/example_dags/example_dag_decorator.py
[2022-12-27T11:38:56.958+0000] {logging_mixin.py:137} INFO - [2022-12-27T11:38:56.958+0000] {taskmixin.py:205} WARNING - Dependency <Task(_PythonDecoratedOperator): prepare_email>, send_email already registered for DAG: example_dag_decorator
[2022-12-27T11:38:56.959+0000] {logging_mixin.py:137} INFO - [2022-12-27T11:38:56.958+0000] {taskmixin.py:205} WARNING - Dependency <Task(EmailOperator): send_email>, prepare_email already registered for DAG: example_dag_decorator
[2022-12-27T11:38:56.981+0000] {processor.py:753} INFO - DAG(s) dict_keys(['example_dag_decorator']) retrieved from /home/airflow/.local/lib/python3.7/site-packages/airflow/example_dags/example_dag_decorator.py
[2022-12-27T11:38:57.088+0000] {logging_mixin.py:137} INFO - [2022-12-27T11:38:57.088+0000] {dag.py:2676} INFO - Sync 1 DAGs
[2022-12-27T11:38:57.122+0000] {logging_mixin.py:137} INFO - [2022-12-27T11:38:57.121+0000] {dag.py:3427} INFO - Setting next_dagrun for example_dag_decorator to None, run_after=None
[2022-12-27T11:38:57.198+0000] {processor.py:175} INFO - Processing /home/airflow/.local/lib/python3.7/site-packages/airflow/example_dags/example_dag_decorator.py took 0.273 seconds
[2022-12-27T11:39:27.328+0000] {processor.py:153} INFO - Started process (PID=2251) to work on /home/airflow/.local/lib/python3.7/site-packages/airflow/example_dags/example_dag_decorator.py
[2022-12-27T11:39:27.329+0000] {processor.py:743} INFO - Processing file /home/airflow/.local/lib/python3.7/site-packages/airflow/example_dags/example_dag_decorator.py for tasks to queue
[2022-12-27T11:39:27.331+0000] {logging_mixin.py:137} INFO - [2022-12-27T11:39:27.330+0000] {dagbag.py:538} INFO - Filling up the DagBag from /home/airflow/.local/lib/python3.7/site-packages/airflow/example_dags/example_dag_decorator.py
[2022-12-27T11:39:27.356+0000] {logging_mixin.py:137} INFO - [2022-12-27T11:39:27.356+0000] {taskmixin.py:205} WARNING - Dependency <Task(_PythonDecoratedOperator): prepare_email>, send_email already registered for DAG: example_dag_decorator
[2022-12-27T11:39:27.357+0000] {logging_mixin.py:137} INFO - [2022-12-27T11:39:27.357+0000] {taskmixin.py:205} WARNING - Dependency <Task(EmailOperator): send_email>, prepare_email already registered for DAG: example_dag_decorator
[2022-12-27T11:39:27.373+0000] {processor.py:753} INFO - DAG(s) dict_keys(['example_dag_decorator']) retrieved from /home/airflow/.local/lib/python3.7/site-packages/airflow/example_dags/example_dag_decorator.py
[2022-12-27T11:39:27.551+0000] {logging_mixin.py:137} INFO - [2022-12-27T11:39:27.550+0000] {dag.py:2676} INFO - Sync 1 DAGs
[2022-12-27T11:39:27.582+0000] {logging_mixin.py:137} INFO - [2022-12-27T11:39:27.581+0000] {dag.py:3427} INFO - Setting next_dagrun for example_dag_decorator to None, run_after=None
[2022-12-27T11:39:27.811+0000] {processor.py:175} INFO - Processing /home/airflow/.local/lib/python3.7/site-packages/airflow/example_dags/example_dag_decorator.py took 0.489 seconds
[2022-12-27T11:39:58.446+0000] {processor.py:153} INFO - Started process (PID=2325) to work on /home/airflow/.local/lib/python3.7/site-packages/airflow/example_dags/example_dag_decorator.py
[2022-12-27T11:39:58.448+0000] {processor.py:743} INFO - Processing file /home/airflow/.local/lib/python3.7/site-packages/airflow/example_dags/example_dag_decorator.py for tasks to queue
[2022-12-27T11:39:58.449+0000] {logging_mixin.py:137} INFO - [2022-12-27T11:39:58.449+0000] {dagbag.py:538} INFO - Filling up the DagBag from /home/airflow/.local/lib/python3.7/site-packages/airflow/example_dags/example_dag_decorator.py
[2022-12-27T11:39:58.469+0000] {logging_mixin.py:137} INFO - [2022-12-27T11:39:58.469+0000] {taskmixin.py:205} WARNING - Dependency <Task(_PythonDecoratedOperator): prepare_email>, send_email already registered for DAG: example_dag_decorator
[2022-12-27T11:39:58.469+0000] {logging_mixin.py:137} INFO - [2022-12-27T11:39:58.469+0000] {taskmixin.py:205} WARNING - Dependency <Task(EmailOperator): send_email>, prepare_email already registered for DAG: example_dag_decorator
[2022-12-27T11:39:58.483+0000] {processor.py:753} INFO - DAG(s) dict_keys(['example_dag_decorator']) retrieved from /home/airflow/.local/lib/python3.7/site-packages/airflow/example_dags/example_dag_decorator.py
[2022-12-27T11:39:58.577+0000] {logging_mixin.py:137} INFO - [2022-12-27T11:39:58.577+0000] {dag.py:2676} INFO - Sync 1 DAGs
[2022-12-27T11:39:58.602+0000] {logging_mixin.py:137} INFO - [2022-12-27T11:39:58.601+0000] {dag.py:3427} INFO - Setting next_dagrun for example_dag_decorator to None, run_after=None
[2022-12-27T11:39:58.820+0000] {processor.py:175} INFO - Processing /home/airflow/.local/lib/python3.7/site-packages/airflow/example_dags/example_dag_decorator.py took 0.379 seconds
[2022-12-27T11:40:29.011+0000] {processor.py:153} INFO - Started process (PID=2387) to work on /home/airflow/.local/lib/python3.7/site-packages/airflow/example_dags/example_dag_decorator.py
[2022-12-27T11:40:29.013+0000] {processor.py:743} INFO - Processing file /home/airflow/.local/lib/python3.7/site-packages/airflow/example_dags/example_dag_decorator.py for tasks to queue
[2022-12-27T11:40:29.014+0000] {logging_mixin.py:137} INFO - [2022-12-27T11:40:29.013+0000] {dagbag.py:538} INFO - Filling up the DagBag from /home/airflow/.local/lib/python3.7/site-packages/airflow/example_dags/example_dag_decorator.py
[2022-12-27T11:40:29.036+0000] {logging_mixin.py:137} INFO - [2022-12-27T11:40:29.036+0000] {taskmixin.py:205} WARNING - Dependency <Task(_PythonDecoratedOperator): prepare_email>, send_email already registered for DAG: example_dag_decorator
[2022-12-27T11:40:29.037+0000] {logging_mixin.py:137} INFO - [2022-12-27T11:40:29.036+0000] {taskmixin.py:205} WARNING - Dependency <Task(EmailOperator): send_email>, prepare_email already registered for DAG: example_dag_decorator
[2022-12-27T11:40:29.051+0000] {processor.py:753} INFO - DAG(s) dict_keys(['example_dag_decorator']) retrieved from /home/airflow/.local/lib/python3.7/site-packages/airflow/example_dags/example_dag_decorator.py
[2022-12-27T11:40:29.149+0000] {logging_mixin.py:137} INFO - [2022-12-27T11:40:29.149+0000] {dag.py:2676} INFO - Sync 1 DAGs
[2022-12-27T11:40:29.181+0000] {logging_mixin.py:137} INFO - [2022-12-27T11:40:29.181+0000] {dag.py:3427} INFO - Setting next_dagrun for example_dag_decorator to None, run_after=None
[2022-12-27T11:40:29.251+0000] {processor.py:175} INFO - Processing /home/airflow/.local/lib/python3.7/site-packages/airflow/example_dags/example_dag_decorator.py took 0.244 seconds
[2022-12-27T11:40:59.571+0000] {processor.py:153} INFO - Started process (PID=2449) to work on /home/airflow/.local/lib/python3.7/site-packages/airflow/example_dags/example_dag_decorator.py
[2022-12-27T11:40:59.573+0000] {processor.py:743} INFO - Processing file /home/airflow/.local/lib/python3.7/site-packages/airflow/example_dags/example_dag_decorator.py for tasks to queue
[2022-12-27T11:40:59.575+0000] {logging_mixin.py:137} INFO - [2022-12-27T11:40:59.574+0000] {dagbag.py:538} INFO - Filling up the DagBag from /home/airflow/.local/lib/python3.7/site-packages/airflow/example_dags/example_dag_decorator.py
[2022-12-27T11:40:59.672+0000] {logging_mixin.py:137} INFO - [2022-12-27T11:40:59.671+0000] {taskmixin.py:205} WARNING - Dependency <Task(_PythonDecoratedOperator): prepare_email>, send_email already registered for DAG: example_dag_decorator
[2022-12-27T11:40:59.675+0000] {logging_mixin.py:137} INFO - [2022-12-27T11:40:59.675+0000] {taskmixin.py:205} WARNING - Dependency <Task(EmailOperator): send_email>, prepare_email already registered for DAG: example_dag_decorator
[2022-12-27T11:40:59.712+0000] {processor.py:753} INFO - DAG(s) dict_keys(['example_dag_decorator']) retrieved from /home/airflow/.local/lib/python3.7/site-packages/airflow/example_dags/example_dag_decorator.py
[2022-12-27T11:40:59.791+0000] {logging_mixin.py:137} INFO - [2022-12-27T11:40:59.790+0000] {dag.py:2676} INFO - Sync 1 DAGs
[2022-12-27T11:40:59.850+0000] {logging_mixin.py:137} INFO - [2022-12-27T11:40:59.849+0000] {dag.py:3427} INFO - Setting next_dagrun for example_dag_decorator to None, run_after=None
[2022-12-27T11:40:59.922+0000] {processor.py:175} INFO - Processing /home/airflow/.local/lib/python3.7/site-packages/airflow/example_dags/example_dag_decorator.py took 0.359 seconds
[2022-12-27T11:41:30.357+0000] {processor.py:153} INFO - Started process (PID=2510) to work on /home/airflow/.local/lib/python3.7/site-packages/airflow/example_dags/example_dag_decorator.py
[2022-12-27T11:41:30.359+0000] {processor.py:743} INFO - Processing file /home/airflow/.local/lib/python3.7/site-packages/airflow/example_dags/example_dag_decorator.py for tasks to queue
[2022-12-27T11:41:30.360+0000] {logging_mixin.py:137} INFO - [2022-12-27T11:41:30.360+0000] {dagbag.py:538} INFO - Filling up the DagBag from /home/airflow/.local/lib/python3.7/site-packages/airflow/example_dags/example_dag_decorator.py
[2022-12-27T11:41:30.391+0000] {logging_mixin.py:137} INFO - [2022-12-27T11:41:30.391+0000] {taskmixin.py:205} WARNING - Dependency <Task(_PythonDecoratedOperator): prepare_email>, send_email already registered for DAG: example_dag_decorator
[2022-12-27T11:41:30.391+0000] {logging_mixin.py:137} INFO - [2022-12-27T11:41:30.391+0000] {taskmixin.py:205} WARNING - Dependency <Task(EmailOperator): send_email>, prepare_email already registered for DAG: example_dag_decorator
[2022-12-27T11:41:30.407+0000] {processor.py:753} INFO - DAG(s) dict_keys(['example_dag_decorator']) retrieved from /home/airflow/.local/lib/python3.7/site-packages/airflow/example_dags/example_dag_decorator.py
[2022-12-27T11:41:30.543+0000] {logging_mixin.py:137} INFO - [2022-12-27T11:41:30.542+0000] {dag.py:2676} INFO - Sync 1 DAGs
[2022-12-27T11:41:30.568+0000] {logging_mixin.py:137} INFO - [2022-12-27T11:41:30.568+0000] {dag.py:3427} INFO - Setting next_dagrun for example_dag_decorator to None, run_after=None
[2022-12-27T11:41:30.809+0000] {processor.py:175} INFO - Processing /home/airflow/.local/lib/python3.7/site-packages/airflow/example_dags/example_dag_decorator.py took 0.459 seconds
[2022-12-27T11:42:00.909+0000] {processor.py:153} INFO - Started process (PID=2572) to work on /home/airflow/.local/lib/python3.7/site-packages/airflow/example_dags/example_dag_decorator.py
[2022-12-27T11:42:00.910+0000] {processor.py:743} INFO - Processing file /home/airflow/.local/lib/python3.7/site-packages/airflow/example_dags/example_dag_decorator.py for tasks to queue
[2022-12-27T11:42:00.911+0000] {logging_mixin.py:137} INFO - [2022-12-27T11:42:00.911+0000] {dagbag.py:538} INFO - Filling up the DagBag from /home/airflow/.local/lib/python3.7/site-packages/airflow/example_dags/example_dag_decorator.py
[2022-12-27T11:42:00.931+0000] {logging_mixin.py:137} INFO - [2022-12-27T11:42:00.931+0000] {taskmixin.py:205} WARNING - Dependency <Task(_PythonDecoratedOperator): prepare_email>, send_email already registered for DAG: example_dag_decorator
[2022-12-27T11:42:00.932+0000] {logging_mixin.py:137} INFO - [2022-12-27T11:42:00.932+0000] {taskmixin.py:205} WARNING - Dependency <Task(EmailOperator): send_email>, prepare_email already registered for DAG: example_dag_decorator
[2022-12-27T11:42:00.946+0000] {processor.py:753} INFO - DAG(s) dict_keys(['example_dag_decorator']) retrieved from /home/airflow/.local/lib/python3.7/site-packages/airflow/example_dags/example_dag_decorator.py
[2022-12-27T11:42:01.039+0000] {logging_mixin.py:137} INFO - [2022-12-27T11:42:01.039+0000] {dag.py:2676} INFO - Sync 1 DAGs
[2022-12-27T11:42:01.063+0000] {logging_mixin.py:137} INFO - [2022-12-27T11:42:01.063+0000] {dag.py:3427} INFO - Setting next_dagrun for example_dag_decorator to None, run_after=None
[2022-12-27T11:42:01.131+0000] {processor.py:175} INFO - Processing /home/airflow/.local/lib/python3.7/site-packages/airflow/example_dags/example_dag_decorator.py took 0.228 seconds
