[2022-12-27T11:22:24.156+0000] {processor.py:153} INFO - Started process (PID=53) to work on /home/airflow/.local/lib/python3.7/site-packages/airflow/example_dags/example_latest_only_with_trigger.py
[2022-12-27T11:22:24.158+0000] {processor.py:743} INFO - Processing file /home/airflow/.local/lib/python3.7/site-packages/airflow/example_dags/example_latest_only_with_trigger.py for tasks to queue
[2022-12-27T11:22:24.159+0000] {logging_mixin.py:137} INFO - [2022-12-27T11:22:24.159+0000] {dagbag.py:538} INFO - Filling up the DagBag from /home/airflow/.local/lib/python3.7/site-packages/airflow/example_dags/example_latest_only_with_trigger.py
[2022-12-27T11:22:24.185+0000] {processor.py:753} INFO - DAG(s) dict_keys(['latest_only_with_trigger']) retrieved from /home/airflow/.local/lib/python3.7/site-packages/airflow/example_dags/example_latest_only_with_trigger.py
[2022-12-27T11:22:24.243+0000] {logging_mixin.py:137} INFO - [2022-12-27T11:22:24.243+0000] {dag.py:2676} INFO - Sync 1 DAGs
[2022-12-27T11:22:24.282+0000] {logging_mixin.py:137} INFO - [2022-12-27T11:22:24.282+0000] {dag.py:3427} INFO - Setting next_dagrun for latest_only_with_trigger to 2022-12-27T07:22:24.281730+00:00, run_after=2022-12-27T11:22:24.281730+00:00
[2022-12-27T11:22:24.456+0000] {processor.py:175} INFO - Processing /home/airflow/.local/lib/python3.7/site-packages/airflow/example_dags/example_latest_only_with_trigger.py took 0.306 seconds
[2022-12-27T11:22:54.497+0000] {processor.py:153} INFO - Started process (PID=115) to work on /home/airflow/.local/lib/python3.7/site-packages/airflow/example_dags/example_latest_only_with_trigger.py
[2022-12-27T11:22:54.498+0000] {processor.py:743} INFO - Processing file /home/airflow/.local/lib/python3.7/site-packages/airflow/example_dags/example_latest_only_with_trigger.py for tasks to queue
[2022-12-27T11:22:54.498+0000] {logging_mixin.py:137} INFO - [2022-12-27T11:22:54.498+0000] {dagbag.py:538} INFO - Filling up the DagBag from /home/airflow/.local/lib/python3.7/site-packages/airflow/example_dags/example_latest_only_with_trigger.py
[2022-12-27T11:22:54.517+0000] {processor.py:753} INFO - DAG(s) dict_keys(['latest_only_with_trigger']) retrieved from /home/airflow/.local/lib/python3.7/site-packages/airflow/example_dags/example_latest_only_with_trigger.py
[2022-12-27T11:22:54.557+0000] {logging_mixin.py:137} INFO - [2022-12-27T11:22:54.556+0000] {dag.py:2676} INFO - Sync 1 DAGs
[2022-12-27T11:22:54.585+0000] {logging_mixin.py:137} INFO - [2022-12-27T11:22:54.585+0000] {dag.py:3427} INFO - Setting next_dagrun for latest_only_with_trigger to 2022-12-27T07:22:54.585410+00:00, run_after=2022-12-27T11:22:54.585410+00:00
[2022-12-27T11:22:54.654+0000] {processor.py:175} INFO - Processing /home/airflow/.local/lib/python3.7/site-packages/airflow/example_dags/example_latest_only_with_trigger.py took 0.162 seconds
[2022-12-27T11:23:25.197+0000] {processor.py:153} INFO - Started process (PID=178) to work on /home/airflow/.local/lib/python3.7/site-packages/airflow/example_dags/example_latest_only_with_trigger.py
[2022-12-27T11:23:25.198+0000] {processor.py:743} INFO - Processing file /home/airflow/.local/lib/python3.7/site-packages/airflow/example_dags/example_latest_only_with_trigger.py for tasks to queue
[2022-12-27T11:23:25.199+0000] {logging_mixin.py:137} INFO - [2022-12-27T11:23:25.198+0000] {dagbag.py:538} INFO - Filling up the DagBag from /home/airflow/.local/lib/python3.7/site-packages/airflow/example_dags/example_latest_only_with_trigger.py
[2022-12-27T11:23:25.214+0000] {processor.py:753} INFO - DAG(s) dict_keys(['latest_only_with_trigger']) retrieved from /home/airflow/.local/lib/python3.7/site-packages/airflow/example_dags/example_latest_only_with_trigger.py
[2022-12-27T11:23:25.254+0000] {logging_mixin.py:137} INFO - [2022-12-27T11:23:25.254+0000] {dag.py:2676} INFO - Sync 1 DAGs
[2022-12-27T11:23:25.283+0000] {logging_mixin.py:137} INFO - [2022-12-27T11:23:25.283+0000] {dag.py:3427} INFO - Setting next_dagrun for latest_only_with_trigger to 2022-12-27T07:23:25.283385+00:00, run_after=2022-12-27T11:23:25.283385+00:00
[2022-12-27T11:23:25.352+0000] {processor.py:175} INFO - Processing /home/airflow/.local/lib/python3.7/site-packages/airflow/example_dags/example_latest_only_with_trigger.py took 0.161 seconds
[2022-12-27T11:23:55.491+0000] {processor.py:153} INFO - Started process (PID=240) to work on /home/airflow/.local/lib/python3.7/site-packages/airflow/example_dags/example_latest_only_with_trigger.py
[2022-12-27T11:23:55.492+0000] {processor.py:743} INFO - Processing file /home/airflow/.local/lib/python3.7/site-packages/airflow/example_dags/example_latest_only_with_trigger.py for tasks to queue
[2022-12-27T11:23:55.493+0000] {logging_mixin.py:137} INFO - [2022-12-27T11:23:55.493+0000] {dagbag.py:538} INFO - Filling up the DagBag from /home/airflow/.local/lib/python3.7/site-packages/airflow/example_dags/example_latest_only_with_trigger.py
[2022-12-27T11:23:55.509+0000] {processor.py:753} INFO - DAG(s) dict_keys(['latest_only_with_trigger']) retrieved from /home/airflow/.local/lib/python3.7/site-packages/airflow/example_dags/example_latest_only_with_trigger.py
[2022-12-27T11:23:55.551+0000] {logging_mixin.py:137} INFO - [2022-12-27T11:23:55.551+0000] {dag.py:2676} INFO - Sync 1 DAGs
[2022-12-27T11:23:55.578+0000] {logging_mixin.py:137} INFO - [2022-12-27T11:23:55.578+0000] {dag.py:3427} INFO - Setting next_dagrun for latest_only_with_trigger to 2022-12-27T07:23:55.578559+00:00, run_after=2022-12-27T11:23:55.578559+00:00
[2022-12-27T11:23:55.642+0000] {processor.py:175} INFO - Processing /home/airflow/.local/lib/python3.7/site-packages/airflow/example_dags/example_latest_only_with_trigger.py took 0.155 seconds
[2022-12-27T11:24:25.813+0000] {processor.py:153} INFO - Started process (PID=316) to work on /home/airflow/.local/lib/python3.7/site-packages/airflow/example_dags/example_latest_only_with_trigger.py
[2022-12-27T11:24:25.814+0000] {processor.py:743} INFO - Processing file /home/airflow/.local/lib/python3.7/site-packages/airflow/example_dags/example_latest_only_with_trigger.py for tasks to queue
[2022-12-27T11:24:25.815+0000] {logging_mixin.py:137} INFO - [2022-12-27T11:24:25.815+0000] {dagbag.py:538} INFO - Filling up the DagBag from /home/airflow/.local/lib/python3.7/site-packages/airflow/example_dags/example_latest_only_with_trigger.py
[2022-12-27T11:24:25.834+0000] {processor.py:753} INFO - DAG(s) dict_keys(['latest_only_with_trigger']) retrieved from /home/airflow/.local/lib/python3.7/site-packages/airflow/example_dags/example_latest_only_with_trigger.py
[2022-12-27T11:24:25.881+0000] {logging_mixin.py:137} INFO - [2022-12-27T11:24:25.881+0000] {dag.py:2676} INFO - Sync 1 DAGs
[2022-12-27T11:24:25.934+0000] {logging_mixin.py:137} INFO - [2022-12-27T11:24:25.934+0000] {dag.py:3427} INFO - Setting next_dagrun for latest_only_with_trigger to 2022-12-27T07:24:25.934090+00:00, run_after=2022-12-27T11:24:25.934090+00:00
[2022-12-27T11:24:26.005+0000] {processor.py:175} INFO - Processing /home/airflow/.local/lib/python3.7/site-packages/airflow/example_dags/example_latest_only_with_trigger.py took 0.197 seconds
[2022-12-27T11:24:56.648+0000] {processor.py:153} INFO - Started process (PID=379) to work on /home/airflow/.local/lib/python3.7/site-packages/airflow/example_dags/example_latest_only_with_trigger.py
[2022-12-27T11:24:56.649+0000] {processor.py:743} INFO - Processing file /home/airflow/.local/lib/python3.7/site-packages/airflow/example_dags/example_latest_only_with_trigger.py for tasks to queue
[2022-12-27T11:24:56.650+0000] {logging_mixin.py:137} INFO - [2022-12-27T11:24:56.650+0000] {dagbag.py:538} INFO - Filling up the DagBag from /home/airflow/.local/lib/python3.7/site-packages/airflow/example_dags/example_latest_only_with_trigger.py
[2022-12-27T11:24:56.671+0000] {processor.py:753} INFO - DAG(s) dict_keys(['latest_only_with_trigger']) retrieved from /home/airflow/.local/lib/python3.7/site-packages/airflow/example_dags/example_latest_only_with_trigger.py
[2022-12-27T11:24:56.718+0000] {logging_mixin.py:137} INFO - [2022-12-27T11:24:56.718+0000] {dag.py:2676} INFO - Sync 1 DAGs
[2022-12-27T11:24:56.747+0000] {logging_mixin.py:137} INFO - [2022-12-27T11:24:56.747+0000] {dag.py:3427} INFO - Setting next_dagrun for latest_only_with_trigger to 2022-12-27T07:24:56.746862+00:00, run_after=2022-12-27T11:24:56.746862+00:00
[2022-12-27T11:24:56.905+0000] {processor.py:175} INFO - Processing /home/airflow/.local/lib/python3.7/site-packages/airflow/example_dags/example_latest_only_with_trigger.py took 0.261 seconds
[2022-12-27T11:25:27.758+0000] {processor.py:153} INFO - Started process (PID=441) to work on /home/airflow/.local/lib/python3.7/site-packages/airflow/example_dags/example_latest_only_with_trigger.py
[2022-12-27T11:25:27.759+0000] {processor.py:743} INFO - Processing file /home/airflow/.local/lib/python3.7/site-packages/airflow/example_dags/example_latest_only_with_trigger.py for tasks to queue
[2022-12-27T11:25:27.760+0000] {logging_mixin.py:137} INFO - [2022-12-27T11:25:27.760+0000] {dagbag.py:538} INFO - Filling up the DagBag from /home/airflow/.local/lib/python3.7/site-packages/airflow/example_dags/example_latest_only_with_trigger.py
[2022-12-27T11:25:27.784+0000] {processor.py:753} INFO - DAG(s) dict_keys(['latest_only_with_trigger']) retrieved from /home/airflow/.local/lib/python3.7/site-packages/airflow/example_dags/example_latest_only_with_trigger.py
[2022-12-27T11:25:27.840+0000] {logging_mixin.py:137} INFO - [2022-12-27T11:25:27.840+0000] {dag.py:2676} INFO - Sync 1 DAGs
[2022-12-27T11:25:27.880+0000] {logging_mixin.py:137} INFO - [2022-12-27T11:25:27.879+0000] {dag.py:3427} INFO - Setting next_dagrun for latest_only_with_trigger to 2022-12-27T07:25:27.879549+00:00, run_after=2022-12-27T11:25:27.879549+00:00
[2022-12-27T11:25:27.974+0000] {processor.py:175} INFO - Processing /home/airflow/.local/lib/python3.7/site-packages/airflow/example_dags/example_latest_only_with_trigger.py took 0.222 seconds
[2022-12-27T11:25:58.205+0000] {processor.py:153} INFO - Started process (PID=503) to work on /home/airflow/.local/lib/python3.7/site-packages/airflow/example_dags/example_latest_only_with_trigger.py
[2022-12-27T11:25:58.208+0000] {processor.py:743} INFO - Processing file /home/airflow/.local/lib/python3.7/site-packages/airflow/example_dags/example_latest_only_with_trigger.py for tasks to queue
[2022-12-27T11:25:58.209+0000] {logging_mixin.py:137} INFO - [2022-12-27T11:25:58.209+0000] {dagbag.py:538} INFO - Filling up the DagBag from /home/airflow/.local/lib/python3.7/site-packages/airflow/example_dags/example_latest_only_with_trigger.py
[2022-12-27T11:25:58.245+0000] {processor.py:753} INFO - DAG(s) dict_keys(['latest_only_with_trigger']) retrieved from /home/airflow/.local/lib/python3.7/site-packages/airflow/example_dags/example_latest_only_with_trigger.py
[2022-12-27T11:25:58.346+0000] {logging_mixin.py:137} INFO - [2022-12-27T11:25:58.346+0000] {dag.py:2676} INFO - Sync 1 DAGs
[2022-12-27T11:25:58.407+0000] {logging_mixin.py:137} INFO - [2022-12-27T11:25:58.407+0000] {dag.py:3427} INFO - Setting next_dagrun for latest_only_with_trigger to 2022-12-27T07:25:58.407090+00:00, run_after=2022-12-27T11:25:58.407090+00:00
[2022-12-27T11:25:58.477+0000] {processor.py:175} INFO - Processing /home/airflow/.local/lib/python3.7/site-packages/airflow/example_dags/example_latest_only_with_trigger.py took 0.280 seconds
[2022-12-27T11:26:29.079+0000] {processor.py:153} INFO - Started process (PID=577) to work on /home/airflow/.local/lib/python3.7/site-packages/airflow/example_dags/example_latest_only_with_trigger.py
[2022-12-27T11:26:29.081+0000] {processor.py:743} INFO - Processing file /home/airflow/.local/lib/python3.7/site-packages/airflow/example_dags/example_latest_only_with_trigger.py for tasks to queue
[2022-12-27T11:26:29.082+0000] {logging_mixin.py:137} INFO - [2022-12-27T11:26:29.082+0000] {dagbag.py:538} INFO - Filling up the DagBag from /home/airflow/.local/lib/python3.7/site-packages/airflow/example_dags/example_latest_only_with_trigger.py
[2022-12-27T11:26:29.108+0000] {processor.py:753} INFO - DAG(s) dict_keys(['latest_only_with_trigger']) retrieved from /home/airflow/.local/lib/python3.7/site-packages/airflow/example_dags/example_latest_only_with_trigger.py
[2022-12-27T11:26:29.201+0000] {logging_mixin.py:137} INFO - [2022-12-27T11:26:29.201+0000] {dag.py:2676} INFO - Sync 1 DAGs
[2022-12-27T11:26:29.267+0000] {logging_mixin.py:137} INFO - [2022-12-27T11:26:29.267+0000] {dag.py:3427} INFO - Setting next_dagrun for latest_only_with_trigger to 2022-12-27T07:26:29.266820+00:00, run_after=2022-12-27T11:26:29.266820+00:00
[2022-12-27T11:26:29.442+0000] {processor.py:175} INFO - Processing /home/airflow/.local/lib/python3.7/site-packages/airflow/example_dags/example_latest_only_with_trigger.py took 0.370 seconds
[2022-12-27T11:26:59.861+0000] {processor.py:153} INFO - Started process (PID=638) to work on /home/airflow/.local/lib/python3.7/site-packages/airflow/example_dags/example_latest_only_with_trigger.py
[2022-12-27T11:26:59.862+0000] {processor.py:743} INFO - Processing file /home/airflow/.local/lib/python3.7/site-packages/airflow/example_dags/example_latest_only_with_trigger.py for tasks to queue
[2022-12-27T11:26:59.863+0000] {logging_mixin.py:137} INFO - [2022-12-27T11:26:59.862+0000] {dagbag.py:538} INFO - Filling up the DagBag from /home/airflow/.local/lib/python3.7/site-packages/airflow/example_dags/example_latest_only_with_trigger.py
[2022-12-27T11:26:59.884+0000] {processor.py:753} INFO - DAG(s) dict_keys(['latest_only_with_trigger']) retrieved from /home/airflow/.local/lib/python3.7/site-packages/airflow/example_dags/example_latest_only_with_trigger.py
[2022-12-27T11:26:59.931+0000] {logging_mixin.py:137} INFO - [2022-12-27T11:26:59.931+0000] {dag.py:2676} INFO - Sync 1 DAGs
[2022-12-27T11:26:59.962+0000] {logging_mixin.py:137} INFO - [2022-12-27T11:26:59.962+0000] {dag.py:3427} INFO - Setting next_dagrun for latest_only_with_trigger to 2022-12-27T07:26:59.961949+00:00, run_after=2022-12-27T11:26:59.961949+00:00
[2022-12-27T11:27:00.065+0000] {processor.py:175} INFO - Processing /home/airflow/.local/lib/python3.7/site-packages/airflow/example_dags/example_latest_only_with_trigger.py took 0.208 seconds
[2022-12-27T11:27:30.886+0000] {processor.py:153} INFO - Started process (PID=699) to work on /home/airflow/.local/lib/python3.7/site-packages/airflow/example_dags/example_latest_only_with_trigger.py
[2022-12-27T11:27:30.887+0000] {processor.py:743} INFO - Processing file /home/airflow/.local/lib/python3.7/site-packages/airflow/example_dags/example_latest_only_with_trigger.py for tasks to queue
[2022-12-27T11:27:30.888+0000] {logging_mixin.py:137} INFO - [2022-12-27T11:27:30.888+0000] {dagbag.py:538} INFO - Filling up the DagBag from /home/airflow/.local/lib/python3.7/site-packages/airflow/example_dags/example_latest_only_with_trigger.py
[2022-12-27T11:27:30.907+0000] {processor.py:753} INFO - DAG(s) dict_keys(['latest_only_with_trigger']) retrieved from /home/airflow/.local/lib/python3.7/site-packages/airflow/example_dags/example_latest_only_with_trigger.py
[2022-12-27T11:27:30.949+0000] {logging_mixin.py:137} INFO - [2022-12-27T11:27:30.949+0000] {dag.py:2676} INFO - Sync 1 DAGs
[2022-12-27T11:27:30.979+0000] {logging_mixin.py:137} INFO - [2022-12-27T11:27:30.979+0000] {dag.py:3427} INFO - Setting next_dagrun for latest_only_with_trigger to 2022-12-27T07:27:30.979356+00:00, run_after=2022-12-27T11:27:30.979356+00:00
[2022-12-27T11:27:31.043+0000] {processor.py:175} INFO - Processing /home/airflow/.local/lib/python3.7/site-packages/airflow/example_dags/example_latest_only_with_trigger.py took 0.164 seconds
[2022-12-27T11:28:01.957+0000] {processor.py:153} INFO - Started process (PID=768) to work on /home/airflow/.local/lib/python3.7/site-packages/airflow/example_dags/example_latest_only_with_trigger.py
[2022-12-27T11:28:01.959+0000] {processor.py:743} INFO - Processing file /home/airflow/.local/lib/python3.7/site-packages/airflow/example_dags/example_latest_only_with_trigger.py for tasks to queue
[2022-12-27T11:28:01.960+0000] {logging_mixin.py:137} INFO - [2022-12-27T11:28:01.960+0000] {dagbag.py:538} INFO - Filling up the DagBag from /home/airflow/.local/lib/python3.7/site-packages/airflow/example_dags/example_latest_only_with_trigger.py
[2022-12-27T11:28:01.996+0000] {processor.py:753} INFO - DAG(s) dict_keys(['latest_only_with_trigger']) retrieved from /home/airflow/.local/lib/python3.7/site-packages/airflow/example_dags/example_latest_only_with_trigger.py
[2022-12-27T11:28:02.080+0000] {logging_mixin.py:137} INFO - [2022-12-27T11:28:02.079+0000] {dag.py:2676} INFO - Sync 1 DAGs
[2022-12-27T11:28:02.136+0000] {logging_mixin.py:137} INFO - [2022-12-27T11:28:02.136+0000] {dag.py:3427} INFO - Setting next_dagrun for latest_only_with_trigger to 2022-12-27T07:28:02.135708+00:00, run_after=2022-12-27T11:28:02.135708+00:00
[2022-12-27T11:28:02.237+0000] {processor.py:175} INFO - Processing /home/airflow/.local/lib/python3.7/site-packages/airflow/example_dags/example_latest_only_with_trigger.py took 0.288 seconds
[2022-12-27T11:28:33.057+0000] {processor.py:153} INFO - Started process (PID=835) to work on /home/airflow/.local/lib/python3.7/site-packages/airflow/example_dags/example_latest_only_with_trigger.py
[2022-12-27T11:28:33.058+0000] {processor.py:743} INFO - Processing file /home/airflow/.local/lib/python3.7/site-packages/airflow/example_dags/example_latest_only_with_trigger.py for tasks to queue
[2022-12-27T11:28:33.059+0000] {logging_mixin.py:137} INFO - [2022-12-27T11:28:33.059+0000] {dagbag.py:538} INFO - Filling up the DagBag from /home/airflow/.local/lib/python3.7/site-packages/airflow/example_dags/example_latest_only_with_trigger.py
[2022-12-27T11:28:33.076+0000] {processor.py:753} INFO - DAG(s) dict_keys(['latest_only_with_trigger']) retrieved from /home/airflow/.local/lib/python3.7/site-packages/airflow/example_dags/example_latest_only_with_trigger.py
[2022-12-27T11:28:33.117+0000] {logging_mixin.py:137} INFO - [2022-12-27T11:28:33.117+0000] {dag.py:2676} INFO - Sync 1 DAGs
[2022-12-27T11:28:33.146+0000] {logging_mixin.py:137} INFO - [2022-12-27T11:28:33.146+0000] {dag.py:3427} INFO - Setting next_dagrun for latest_only_with_trigger to 2022-12-27T07:28:33.145922+00:00, run_after=2022-12-27T11:28:33.145922+00:00
[2022-12-27T11:28:33.189+0000] {processor.py:175} INFO - Processing /home/airflow/.local/lib/python3.7/site-packages/airflow/example_dags/example_latest_only_with_trigger.py took 0.136 seconds
[2022-12-27T11:29:03.370+0000] {processor.py:153} INFO - Started process (PID=898) to work on /home/airflow/.local/lib/python3.7/site-packages/airflow/example_dags/example_latest_only_with_trigger.py
[2022-12-27T11:29:03.371+0000] {processor.py:743} INFO - Processing file /home/airflow/.local/lib/python3.7/site-packages/airflow/example_dags/example_latest_only_with_trigger.py for tasks to queue
[2022-12-27T11:29:03.372+0000] {logging_mixin.py:137} INFO - [2022-12-27T11:29:03.372+0000] {dagbag.py:538} INFO - Filling up the DagBag from /home/airflow/.local/lib/python3.7/site-packages/airflow/example_dags/example_latest_only_with_trigger.py
[2022-12-27T11:29:03.400+0000] {processor.py:753} INFO - DAG(s) dict_keys(['latest_only_with_trigger']) retrieved from /home/airflow/.local/lib/python3.7/site-packages/airflow/example_dags/example_latest_only_with_trigger.py
[2022-12-27T11:29:03.467+0000] {logging_mixin.py:137} INFO - [2022-12-27T11:29:03.466+0000] {dag.py:2676} INFO - Sync 1 DAGs
[2022-12-27T11:29:03.502+0000] {logging_mixin.py:137} INFO - [2022-12-27T11:29:03.502+0000] {dag.py:3427} INFO - Setting next_dagrun for latest_only_with_trigger to 2022-12-27T07:29:03.501812+00:00, run_after=2022-12-27T11:29:03.501812+00:00
[2022-12-27T11:29:03.645+0000] {processor.py:175} INFO - Processing /home/airflow/.local/lib/python3.7/site-packages/airflow/example_dags/example_latest_only_with_trigger.py took 0.282 seconds
[2022-12-27T11:29:33.748+0000] {processor.py:153} INFO - Started process (PID=960) to work on /home/airflow/.local/lib/python3.7/site-packages/airflow/example_dags/example_latest_only_with_trigger.py
[2022-12-27T11:29:33.749+0000] {processor.py:743} INFO - Processing file /home/airflow/.local/lib/python3.7/site-packages/airflow/example_dags/example_latest_only_with_trigger.py for tasks to queue
[2022-12-27T11:29:33.750+0000] {logging_mixin.py:137} INFO - [2022-12-27T11:29:33.750+0000] {dagbag.py:538} INFO - Filling up the DagBag from /home/airflow/.local/lib/python3.7/site-packages/airflow/example_dags/example_latest_only_with_trigger.py
[2022-12-27T11:29:33.765+0000] {processor.py:753} INFO - DAG(s) dict_keys(['latest_only_with_trigger']) retrieved from /home/airflow/.local/lib/python3.7/site-packages/airflow/example_dags/example_latest_only_with_trigger.py
[2022-12-27T11:29:33.807+0000] {logging_mixin.py:137} INFO - [2022-12-27T11:29:33.807+0000] {dag.py:2676} INFO - Sync 1 DAGs
[2022-12-27T11:29:33.841+0000] {logging_mixin.py:137} INFO - [2022-12-27T11:29:33.840+0000] {dag.py:3427} INFO - Setting next_dagrun for latest_only_with_trigger to 2022-12-27T07:29:33.840601+00:00, run_after=2022-12-27T11:29:33.840601+00:00
[2022-12-27T11:29:33.892+0000] {processor.py:175} INFO - Processing /home/airflow/.local/lib/python3.7/site-packages/airflow/example_dags/example_latest_only_with_trigger.py took 0.148 seconds
[2022-12-27T11:30:04.489+0000] {processor.py:153} INFO - Started process (PID=1034) to work on /home/airflow/.local/lib/python3.7/site-packages/airflow/example_dags/example_latest_only_with_trigger.py
[2022-12-27T11:30:04.491+0000] {processor.py:743} INFO - Processing file /home/airflow/.local/lib/python3.7/site-packages/airflow/example_dags/example_latest_only_with_trigger.py for tasks to queue
[2022-12-27T11:30:04.492+0000] {logging_mixin.py:137} INFO - [2022-12-27T11:30:04.492+0000] {dagbag.py:538} INFO - Filling up the DagBag from /home/airflow/.local/lib/python3.7/site-packages/airflow/example_dags/example_latest_only_with_trigger.py
[2022-12-27T11:30:04.525+0000] {processor.py:753} INFO - DAG(s) dict_keys(['latest_only_with_trigger']) retrieved from /home/airflow/.local/lib/python3.7/site-packages/airflow/example_dags/example_latest_only_with_trigger.py
[2022-12-27T11:30:04.607+0000] {logging_mixin.py:137} INFO - [2022-12-27T11:30:04.606+0000] {dag.py:2676} INFO - Sync 1 DAGs
[2022-12-27T11:30:04.651+0000] {logging_mixin.py:137} INFO - [2022-12-27T11:30:04.651+0000] {dag.py:3427} INFO - Setting next_dagrun for latest_only_with_trigger to 2022-12-27T07:30:04.650998+00:00, run_after=2022-12-27T11:30:04.650998+00:00
[2022-12-27T11:30:04.702+0000] {processor.py:175} INFO - Processing /home/airflow/.local/lib/python3.7/site-packages/airflow/example_dags/example_latest_only_with_trigger.py took 0.220 seconds
[2022-12-27T11:30:36.042+0000] {processor.py:153} INFO - Started process (PID=1096) to work on /home/airflow/.local/lib/python3.7/site-packages/airflow/example_dags/example_latest_only_with_trigger.py
[2022-12-27T11:30:36.043+0000] {processor.py:743} INFO - Processing file /home/airflow/.local/lib/python3.7/site-packages/airflow/example_dags/example_latest_only_with_trigger.py for tasks to queue
[2022-12-27T11:30:36.044+0000] {logging_mixin.py:137} INFO - [2022-12-27T11:30:36.044+0000] {dagbag.py:538} INFO - Filling up the DagBag from /home/airflow/.local/lib/python3.7/site-packages/airflow/example_dags/example_latest_only_with_trigger.py
[2022-12-27T11:30:36.064+0000] {processor.py:753} INFO - DAG(s) dict_keys(['latest_only_with_trigger']) retrieved from /home/airflow/.local/lib/python3.7/site-packages/airflow/example_dags/example_latest_only_with_trigger.py
[2022-12-27T11:30:36.116+0000] {logging_mixin.py:137} INFO - [2022-12-27T11:30:36.116+0000] {dag.py:2676} INFO - Sync 1 DAGs
[2022-12-27T11:30:36.153+0000] {logging_mixin.py:137} INFO - [2022-12-27T11:30:36.152+0000] {dag.py:3427} INFO - Setting next_dagrun for latest_only_with_trigger to 2022-12-27T07:30:36.152585+00:00, run_after=2022-12-27T11:30:36.152585+00:00
[2022-12-27T11:30:36.207+0000] {processor.py:175} INFO - Processing /home/airflow/.local/lib/python3.7/site-packages/airflow/example_dags/example_latest_only_with_trigger.py took 0.169 seconds
[2022-12-27T11:31:07.237+0000] {processor.py:153} INFO - Started process (PID=1171) to work on /home/airflow/.local/lib/python3.7/site-packages/airflow/example_dags/example_latest_only_with_trigger.py
[2022-12-27T11:31:07.239+0000] {processor.py:743} INFO - Processing file /home/airflow/.local/lib/python3.7/site-packages/airflow/example_dags/example_latest_only_with_trigger.py for tasks to queue
[2022-12-27T11:31:07.241+0000] {logging_mixin.py:137} INFO - [2022-12-27T11:31:07.241+0000] {dagbag.py:538} INFO - Filling up the DagBag from /home/airflow/.local/lib/python3.7/site-packages/airflow/example_dags/example_latest_only_with_trigger.py
[2022-12-27T11:31:07.275+0000] {processor.py:753} INFO - DAG(s) dict_keys(['latest_only_with_trigger']) retrieved from /home/airflow/.local/lib/python3.7/site-packages/airflow/example_dags/example_latest_only_with_trigger.py
[2022-12-27T11:31:07.361+0000] {logging_mixin.py:137} INFO - [2022-12-27T11:31:07.360+0000] {dag.py:2676} INFO - Sync 1 DAGs
[2022-12-27T11:31:07.420+0000] {logging_mixin.py:137} INFO - [2022-12-27T11:31:07.419+0000] {dag.py:3427} INFO - Setting next_dagrun for latest_only_with_trigger to 2022-12-27T07:31:07.419220+00:00, run_after=2022-12-27T11:31:07.419220+00:00
[2022-12-27T11:31:07.569+0000] {processor.py:175} INFO - Processing /home/airflow/.local/lib/python3.7/site-packages/airflow/example_dags/example_latest_only_with_trigger.py took 0.340 seconds
[2022-12-27T11:31:38.064+0000] {processor.py:153} INFO - Started process (PID=1233) to work on /home/airflow/.local/lib/python3.7/site-packages/airflow/example_dags/example_latest_only_with_trigger.py
[2022-12-27T11:31:38.065+0000] {processor.py:743} INFO - Processing file /home/airflow/.local/lib/python3.7/site-packages/airflow/example_dags/example_latest_only_with_trigger.py for tasks to queue
[2022-12-27T11:31:38.066+0000] {logging_mixin.py:137} INFO - [2022-12-27T11:31:38.066+0000] {dagbag.py:538} INFO - Filling up the DagBag from /home/airflow/.local/lib/python3.7/site-packages/airflow/example_dags/example_latest_only_with_trigger.py
[2022-12-27T11:31:38.082+0000] {processor.py:753} INFO - DAG(s) dict_keys(['latest_only_with_trigger']) retrieved from /home/airflow/.local/lib/python3.7/site-packages/airflow/example_dags/example_latest_only_with_trigger.py
[2022-12-27T11:31:38.132+0000] {logging_mixin.py:137} INFO - [2022-12-27T11:31:38.132+0000] {dag.py:2676} INFO - Sync 1 DAGs
[2022-12-27T11:31:38.166+0000] {logging_mixin.py:137} INFO - [2022-12-27T11:31:38.166+0000] {dag.py:3427} INFO - Setting next_dagrun for latest_only_with_trigger to 2022-12-27T07:31:38.165842+00:00, run_after=2022-12-27T11:31:38.165842+00:00
[2022-12-27T11:31:38.230+0000] {processor.py:175} INFO - Processing /home/airflow/.local/lib/python3.7/site-packages/airflow/example_dags/example_latest_only_with_trigger.py took 0.172 seconds
[2022-12-27T11:32:09.079+0000] {processor.py:153} INFO - Started process (PID=1295) to work on /home/airflow/.local/lib/python3.7/site-packages/airflow/example_dags/example_latest_only_with_trigger.py
[2022-12-27T11:32:09.080+0000] {processor.py:743} INFO - Processing file /home/airflow/.local/lib/python3.7/site-packages/airflow/example_dags/example_latest_only_with_trigger.py for tasks to queue
[2022-12-27T11:32:09.082+0000] {logging_mixin.py:137} INFO - [2022-12-27T11:32:09.081+0000] {dagbag.py:538} INFO - Filling up the DagBag from /home/airflow/.local/lib/python3.7/site-packages/airflow/example_dags/example_latest_only_with_trigger.py
[2022-12-27T11:32:09.109+0000] {processor.py:753} INFO - DAG(s) dict_keys(['latest_only_with_trigger']) retrieved from /home/airflow/.local/lib/python3.7/site-packages/airflow/example_dags/example_latest_only_with_trigger.py
[2022-12-27T11:32:09.175+0000] {logging_mixin.py:137} INFO - [2022-12-27T11:32:09.175+0000] {dag.py:2676} INFO - Sync 1 DAGs
[2022-12-27T11:32:09.212+0000] {logging_mixin.py:137} INFO - [2022-12-27T11:32:09.212+0000] {dag.py:3427} INFO - Setting next_dagrun for latest_only_with_trigger to 2022-12-27T07:32:09.212423+00:00, run_after=2022-12-27T11:32:09.212423+00:00
[2022-12-27T11:32:09.352+0000] {processor.py:175} INFO - Processing /home/airflow/.local/lib/python3.7/site-packages/airflow/example_dags/example_latest_only_with_trigger.py took 0.280 seconds
[2022-12-27T11:32:39.884+0000] {processor.py:153} INFO - Started process (PID=1370) to work on /home/airflow/.local/lib/python3.7/site-packages/airflow/example_dags/example_latest_only_with_trigger.py
[2022-12-27T11:32:39.886+0000] {processor.py:743} INFO - Processing file /home/airflow/.local/lib/python3.7/site-packages/airflow/example_dags/example_latest_only_with_trigger.py for tasks to queue
[2022-12-27T11:32:39.887+0000] {logging_mixin.py:137} INFO - [2022-12-27T11:32:39.887+0000] {dagbag.py:538} INFO - Filling up the DagBag from /home/airflow/.local/lib/python3.7/site-packages/airflow/example_dags/example_latest_only_with_trigger.py
[2022-12-27T11:32:39.906+0000] {processor.py:753} INFO - DAG(s) dict_keys(['latest_only_with_trigger']) retrieved from /home/airflow/.local/lib/python3.7/site-packages/airflow/example_dags/example_latest_only_with_trigger.py
[2022-12-27T11:32:39.964+0000] {logging_mixin.py:137} INFO - [2022-12-27T11:32:39.964+0000] {dag.py:2676} INFO - Sync 1 DAGs
[2022-12-27T11:32:40.000+0000] {logging_mixin.py:137} INFO - [2022-12-27T11:32:40.000+0000] {dag.py:3427} INFO - Setting next_dagrun for latest_only_with_trigger to 2022-12-27T07:32:40.000127+00:00, run_after=2022-12-27T11:32:40.000127+00:00
[2022-12-27T11:32:40.211+0000] {processor.py:175} INFO - Processing /home/airflow/.local/lib/python3.7/site-packages/airflow/example_dags/example_latest_only_with_trigger.py took 0.332 seconds
[2022-12-27T11:33:10.668+0000] {processor.py:153} INFO - Started process (PID=1432) to work on /home/airflow/.local/lib/python3.7/site-packages/airflow/example_dags/example_latest_only_with_trigger.py
[2022-12-27T11:33:10.669+0000] {processor.py:743} INFO - Processing file /home/airflow/.local/lib/python3.7/site-packages/airflow/example_dags/example_latest_only_with_trigger.py for tasks to queue
[2022-12-27T11:33:10.670+0000] {logging_mixin.py:137} INFO - [2022-12-27T11:33:10.670+0000] {dagbag.py:538} INFO - Filling up the DagBag from /home/airflow/.local/lib/python3.7/site-packages/airflow/example_dags/example_latest_only_with_trigger.py
[2022-12-27T11:33:10.691+0000] {processor.py:753} INFO - DAG(s) dict_keys(['latest_only_with_trigger']) retrieved from /home/airflow/.local/lib/python3.7/site-packages/airflow/example_dags/example_latest_only_with_trigger.py
[2022-12-27T11:33:10.737+0000] {logging_mixin.py:137} INFO - [2022-12-27T11:33:10.737+0000] {dag.py:2676} INFO - Sync 1 DAGs
[2022-12-27T11:33:10.771+0000] {logging_mixin.py:137} INFO - [2022-12-27T11:33:10.771+0000] {dag.py:3427} INFO - Setting next_dagrun for latest_only_with_trigger to 2022-12-27T07:33:10.771177+00:00, run_after=2022-12-27T11:33:10.771177+00:00
[2022-12-27T11:33:10.827+0000] {processor.py:175} INFO - Processing /home/airflow/.local/lib/python3.7/site-packages/airflow/example_dags/example_latest_only_with_trigger.py took 0.164 seconds
[2022-12-27T11:33:41.084+0000] {processor.py:153} INFO - Started process (PID=1494) to work on /home/airflow/.local/lib/python3.7/site-packages/airflow/example_dags/example_latest_only_with_trigger.py
[2022-12-27T11:33:41.085+0000] {processor.py:743} INFO - Processing file /home/airflow/.local/lib/python3.7/site-packages/airflow/example_dags/example_latest_only_with_trigger.py for tasks to queue
[2022-12-27T11:33:41.086+0000] {logging_mixin.py:137} INFO - [2022-12-27T11:33:41.086+0000] {dagbag.py:538} INFO - Filling up the DagBag from /home/airflow/.local/lib/python3.7/site-packages/airflow/example_dags/example_latest_only_with_trigger.py
[2022-12-27T11:33:41.107+0000] {processor.py:753} INFO - DAG(s) dict_keys(['latest_only_with_trigger']) retrieved from /home/airflow/.local/lib/python3.7/site-packages/airflow/example_dags/example_latest_only_with_trigger.py
[2022-12-27T11:33:41.186+0000] {logging_mixin.py:137} INFO - [2022-12-27T11:33:41.185+0000] {dag.py:2676} INFO - Sync 1 DAGs
[2022-12-27T11:33:41.246+0000] {logging_mixin.py:137} INFO - [2022-12-27T11:33:41.246+0000] {dag.py:3427} INFO - Setting next_dagrun for latest_only_with_trigger to 2022-12-27T07:33:41.246085+00:00, run_after=2022-12-27T11:33:41.246085+00:00
[2022-12-27T11:33:41.329+0000] {processor.py:175} INFO - Processing /home/airflow/.local/lib/python3.7/site-packages/airflow/example_dags/example_latest_only_with_trigger.py took 0.250 seconds
[2022-12-27T11:34:11.677+0000] {processor.py:153} INFO - Started process (PID=1568) to work on /home/airflow/.local/lib/python3.7/site-packages/airflow/example_dags/example_latest_only_with_trigger.py
[2022-12-27T11:34:11.679+0000] {processor.py:743} INFO - Processing file /home/airflow/.local/lib/python3.7/site-packages/airflow/example_dags/example_latest_only_with_trigger.py for tasks to queue
[2022-12-27T11:34:11.680+0000] {logging_mixin.py:137} INFO - [2022-12-27T11:34:11.680+0000] {dagbag.py:538} INFO - Filling up the DagBag from /home/airflow/.local/lib/python3.7/site-packages/airflow/example_dags/example_latest_only_with_trigger.py
[2022-12-27T11:34:11.714+0000] {processor.py:753} INFO - DAG(s) dict_keys(['latest_only_with_trigger']) retrieved from /home/airflow/.local/lib/python3.7/site-packages/airflow/example_dags/example_latest_only_with_trigger.py
[2022-12-27T11:34:11.816+0000] {logging_mixin.py:137} INFO - [2022-12-27T11:34:11.816+0000] {dag.py:2676} INFO - Sync 1 DAGs
[2022-12-27T11:34:11.904+0000] {logging_mixin.py:137} INFO - [2022-12-27T11:34:11.904+0000] {dag.py:3427} INFO - Setting next_dagrun for latest_only_with_trigger to 2022-12-27T07:34:11.903736+00:00, run_after=2022-12-27T11:34:11.903736+00:00
[2022-12-27T11:34:12.058+0000] {processor.py:175} INFO - Processing /home/airflow/.local/lib/python3.7/site-packages/airflow/example_dags/example_latest_only_with_trigger.py took 0.390 seconds
[2022-12-27T11:34:42.315+0000] {processor.py:153} INFO - Started process (PID=1630) to work on /home/airflow/.local/lib/python3.7/site-packages/airflow/example_dags/example_latest_only_with_trigger.py
[2022-12-27T11:34:42.317+0000] {processor.py:743} INFO - Processing file /home/airflow/.local/lib/python3.7/site-packages/airflow/example_dags/example_latest_only_with_trigger.py for tasks to queue
[2022-12-27T11:34:42.318+0000] {logging_mixin.py:137} INFO - [2022-12-27T11:34:42.318+0000] {dagbag.py:538} INFO - Filling up the DagBag from /home/airflow/.local/lib/python3.7/site-packages/airflow/example_dags/example_latest_only_with_trigger.py
[2022-12-27T11:34:42.333+0000] {processor.py:753} INFO - DAG(s) dict_keys(['latest_only_with_trigger']) retrieved from /home/airflow/.local/lib/python3.7/site-packages/airflow/example_dags/example_latest_only_with_trigger.py
[2022-12-27T11:34:42.371+0000] {logging_mixin.py:137} INFO - [2022-12-27T11:34:42.371+0000] {dag.py:2676} INFO - Sync 1 DAGs
[2022-12-27T11:34:42.397+0000] {logging_mixin.py:137} INFO - [2022-12-27T11:34:42.397+0000] {dag.py:3427} INFO - Setting next_dagrun for latest_only_with_trigger to 2022-12-27T07:34:42.397610+00:00, run_after=2022-12-27T11:34:42.397610+00:00
[2022-12-27T11:34:42.440+0000] {processor.py:175} INFO - Processing /home/airflow/.local/lib/python3.7/site-packages/airflow/example_dags/example_latest_only_with_trigger.py took 0.130 seconds
[2022-12-27T11:35:12.827+0000] {processor.py:153} INFO - Started process (PID=1692) to work on /home/airflow/.local/lib/python3.7/site-packages/airflow/example_dags/example_latest_only_with_trigger.py
[2022-12-27T11:35:12.830+0000] {processor.py:743} INFO - Processing file /home/airflow/.local/lib/python3.7/site-packages/airflow/example_dags/example_latest_only_with_trigger.py for tasks to queue
[2022-12-27T11:35:12.832+0000] {logging_mixin.py:137} INFO - [2022-12-27T11:35:12.831+0000] {dagbag.py:538} INFO - Filling up the DagBag from /home/airflow/.local/lib/python3.7/site-packages/airflow/example_dags/example_latest_only_with_trigger.py
[2022-12-27T11:35:12.865+0000] {processor.py:753} INFO - DAG(s) dict_keys(['latest_only_with_trigger']) retrieved from /home/airflow/.local/lib/python3.7/site-packages/airflow/example_dags/example_latest_only_with_trigger.py
[2022-12-27T11:35:12.946+0000] {logging_mixin.py:137} INFO - [2022-12-27T11:35:12.945+0000] {dag.py:2676} INFO - Sync 1 DAGs
[2022-12-27T11:35:13.002+0000] {logging_mixin.py:137} INFO - [2022-12-27T11:35:13.002+0000] {dag.py:3427} INFO - Setting next_dagrun for latest_only_with_trigger to 2022-12-27T07:35:13.002139+00:00, run_after=2022-12-27T11:35:13.002139+00:00
[2022-12-27T11:35:13.163+0000] {processor.py:175} INFO - Processing /home/airflow/.local/lib/python3.7/site-packages/airflow/example_dags/example_latest_only_with_trigger.py took 0.348 seconds
[2022-12-27T11:35:43.335+0000] {processor.py:153} INFO - Started process (PID=1767) to work on /home/airflow/.local/lib/python3.7/site-packages/airflow/example_dags/example_latest_only_with_trigger.py
[2022-12-27T11:35:43.337+0000] {processor.py:743} INFO - Processing file /home/airflow/.local/lib/python3.7/site-packages/airflow/example_dags/example_latest_only_with_trigger.py for tasks to queue
[2022-12-27T11:35:43.338+0000] {logging_mixin.py:137} INFO - [2022-12-27T11:35:43.338+0000] {dagbag.py:538} INFO - Filling up the DagBag from /home/airflow/.local/lib/python3.7/site-packages/airflow/example_dags/example_latest_only_with_trigger.py
[2022-12-27T11:35:43.374+0000] {processor.py:753} INFO - DAG(s) dict_keys(['latest_only_with_trigger']) retrieved from /home/airflow/.local/lib/python3.7/site-packages/airflow/example_dags/example_latest_only_with_trigger.py
[2022-12-27T11:35:43.471+0000] {logging_mixin.py:137} INFO - [2022-12-27T11:35:43.471+0000] {dag.py:2676} INFO - Sync 1 DAGs
[2022-12-27T11:35:43.580+0000] {logging_mixin.py:137} INFO - [2022-12-27T11:35:43.580+0000] {dag.py:3427} INFO - Setting next_dagrun for latest_only_with_trigger to 2022-12-27T07:35:43.579846+00:00, run_after=2022-12-27T11:35:43.579846+00:00
[2022-12-27T11:35:43.650+0000] {processor.py:175} INFO - Processing /home/airflow/.local/lib/python3.7/site-packages/airflow/example_dags/example_latest_only_with_trigger.py took 0.323 seconds
[2022-12-27T11:36:14.588+0000] {processor.py:153} INFO - Started process (PID=1830) to work on /home/airflow/.local/lib/python3.7/site-packages/airflow/example_dags/example_latest_only_with_trigger.py
[2022-12-27T11:36:14.589+0000] {processor.py:743} INFO - Processing file /home/airflow/.local/lib/python3.7/site-packages/airflow/example_dags/example_latest_only_with_trigger.py for tasks to queue
[2022-12-27T11:36:14.590+0000] {logging_mixin.py:137} INFO - [2022-12-27T11:36:14.589+0000] {dagbag.py:538} INFO - Filling up the DagBag from /home/airflow/.local/lib/python3.7/site-packages/airflow/example_dags/example_latest_only_with_trigger.py
[2022-12-27T11:36:14.614+0000] {processor.py:753} INFO - DAG(s) dict_keys(['latest_only_with_trigger']) retrieved from /home/airflow/.local/lib/python3.7/site-packages/airflow/example_dags/example_latest_only_with_trigger.py
[2022-12-27T11:36:14.665+0000] {logging_mixin.py:137} INFO - [2022-12-27T11:36:14.665+0000] {dag.py:2676} INFO - Sync 1 DAGs
[2022-12-27T11:36:14.702+0000] {logging_mixin.py:137} INFO - [2022-12-27T11:36:14.702+0000] {dag.py:3427} INFO - Setting next_dagrun for latest_only_with_trigger to 2022-12-27T07:36:14.702317+00:00, run_after=2022-12-27T11:36:14.702317+00:00
[2022-12-27T11:36:14.819+0000] {processor.py:175} INFO - Processing /home/airflow/.local/lib/python3.7/site-packages/airflow/example_dags/example_latest_only_with_trigger.py took 0.237 seconds
[2022-12-27T11:36:45.223+0000] {processor.py:153} INFO - Started process (PID=1892) to work on /home/airflow/.local/lib/python3.7/site-packages/airflow/example_dags/example_latest_only_with_trigger.py
[2022-12-27T11:36:45.225+0000] {processor.py:743} INFO - Processing file /home/airflow/.local/lib/python3.7/site-packages/airflow/example_dags/example_latest_only_with_trigger.py for tasks to queue
[2022-12-27T11:36:45.226+0000] {logging_mixin.py:137} INFO - [2022-12-27T11:36:45.226+0000] {dagbag.py:538} INFO - Filling up the DagBag from /home/airflow/.local/lib/python3.7/site-packages/airflow/example_dags/example_latest_only_with_trigger.py
[2022-12-27T11:36:45.262+0000] {processor.py:753} INFO - DAG(s) dict_keys(['latest_only_with_trigger']) retrieved from /home/airflow/.local/lib/python3.7/site-packages/airflow/example_dags/example_latest_only_with_trigger.py
[2022-12-27T11:36:45.368+0000] {logging_mixin.py:137} INFO - [2022-12-27T11:36:45.367+0000] {dag.py:2676} INFO - Sync 1 DAGs
[2022-12-27T11:36:45.463+0000] {logging_mixin.py:137} INFO - [2022-12-27T11:36:45.462+0000] {dag.py:3427} INFO - Setting next_dagrun for latest_only_with_trigger to 2022-12-27T07:36:45.462124+00:00, run_after=2022-12-27T11:36:45.462124+00:00
[2022-12-27T11:36:45.547+0000] {processor.py:175} INFO - Processing /home/airflow/.local/lib/python3.7/site-packages/airflow/example_dags/example_latest_only_with_trigger.py took 0.331 seconds
[2022-12-27T11:37:15.860+0000] {processor.py:153} INFO - Started process (PID=1955) to work on /home/airflow/.local/lib/python3.7/site-packages/airflow/example_dags/example_latest_only_with_trigger.py
[2022-12-27T11:37:15.862+0000] {processor.py:743} INFO - Processing file /home/airflow/.local/lib/python3.7/site-packages/airflow/example_dags/example_latest_only_with_trigger.py for tasks to queue
[2022-12-27T11:37:15.864+0000] {logging_mixin.py:137} INFO - [2022-12-27T11:37:15.864+0000] {dagbag.py:538} INFO - Filling up the DagBag from /home/airflow/.local/lib/python3.7/site-packages/airflow/example_dags/example_latest_only_with_trigger.py
[2022-12-27T11:37:15.913+0000] {processor.py:753} INFO - DAG(s) dict_keys(['latest_only_with_trigger']) retrieved from /home/airflow/.local/lib/python3.7/site-packages/airflow/example_dags/example_latest_only_with_trigger.py
[2022-12-27T11:37:16.023+0000] {logging_mixin.py:137} INFO - [2022-12-27T11:37:16.022+0000] {dag.py:2676} INFO - Sync 1 DAGs
[2022-12-27T11:37:16.096+0000] {logging_mixin.py:137} INFO - [2022-12-27T11:37:16.095+0000] {dag.py:3427} INFO - Setting next_dagrun for latest_only_with_trigger to 2022-12-27T07:37:16.095194+00:00, run_after=2022-12-27T11:37:16.095194+00:00
[2022-12-27T11:37:16.344+0000] {processor.py:175} INFO - Processing /home/airflow/.local/lib/python3.7/site-packages/airflow/example_dags/example_latest_only_with_trigger.py took 0.491 seconds
[2022-12-27T11:37:46.511+0000] {processor.py:153} INFO - Started process (PID=2018) to work on /home/airflow/.local/lib/python3.7/site-packages/airflow/example_dags/example_latest_only_with_trigger.py
[2022-12-27T11:37:46.512+0000] {processor.py:743} INFO - Processing file /home/airflow/.local/lib/python3.7/site-packages/airflow/example_dags/example_latest_only_with_trigger.py for tasks to queue
[2022-12-27T11:37:46.513+0000] {logging_mixin.py:137} INFO - [2022-12-27T11:37:46.513+0000] {dagbag.py:538} INFO - Filling up the DagBag from /home/airflow/.local/lib/python3.7/site-packages/airflow/example_dags/example_latest_only_with_trigger.py
[2022-12-27T11:37:46.530+0000] {processor.py:753} INFO - DAG(s) dict_keys(['latest_only_with_trigger']) retrieved from /home/airflow/.local/lib/python3.7/site-packages/airflow/example_dags/example_latest_only_with_trigger.py
[2022-12-27T11:37:46.572+0000] {logging_mixin.py:137} INFO - [2022-12-27T11:37:46.572+0000] {dag.py:2676} INFO - Sync 1 DAGs
[2022-12-27T11:37:46.601+0000] {logging_mixin.py:137} INFO - [2022-12-27T11:37:46.601+0000] {dag.py:3427} INFO - Setting next_dagrun for latest_only_with_trigger to 2022-12-27T07:37:46.601107+00:00, run_after=2022-12-27T11:37:46.601107+00:00
[2022-12-27T11:37:46.671+0000] {processor.py:175} INFO - Processing /home/airflow/.local/lib/python3.7/site-packages/airflow/example_dags/example_latest_only_with_trigger.py took 0.165 seconds
[2022-12-27T11:38:17.493+0000] {processor.py:153} INFO - Started process (PID=2093) to work on /home/airflow/.local/lib/python3.7/site-packages/airflow/example_dags/example_latest_only_with_trigger.py
[2022-12-27T11:38:17.494+0000] {processor.py:743} INFO - Processing file /home/airflow/.local/lib/python3.7/site-packages/airflow/example_dags/example_latest_only_with_trigger.py for tasks to queue
[2022-12-27T11:38:17.496+0000] {logging_mixin.py:137} INFO - [2022-12-27T11:38:17.496+0000] {dagbag.py:538} INFO - Filling up the DagBag from /home/airflow/.local/lib/python3.7/site-packages/airflow/example_dags/example_latest_only_with_trigger.py
[2022-12-27T11:38:17.530+0000] {processor.py:753} INFO - DAG(s) dict_keys(['latest_only_with_trigger']) retrieved from /home/airflow/.local/lib/python3.7/site-packages/airflow/example_dags/example_latest_only_with_trigger.py
[2022-12-27T11:38:17.616+0000] {logging_mixin.py:137} INFO - [2022-12-27T11:38:17.616+0000] {dag.py:2676} INFO - Sync 1 DAGs
[2022-12-27T11:38:17.690+0000] {logging_mixin.py:137} INFO - [2022-12-27T11:38:17.690+0000] {dag.py:3427} INFO - Setting next_dagrun for latest_only_with_trigger to 2022-12-27T07:38:17.689636+00:00, run_after=2022-12-27T11:38:17.689636+00:00
[2022-12-27T11:38:17.765+0000] {processor.py:175} INFO - Processing /home/airflow/.local/lib/python3.7/site-packages/airflow/example_dags/example_latest_only_with_trigger.py took 0.280 seconds
[2022-12-27T11:38:48.306+0000] {processor.py:153} INFO - Started process (PID=2155) to work on /home/airflow/.local/lib/python3.7/site-packages/airflow/example_dags/example_latest_only_with_trigger.py
[2022-12-27T11:38:48.308+0000] {processor.py:743} INFO - Processing file /home/airflow/.local/lib/python3.7/site-packages/airflow/example_dags/example_latest_only_with_trigger.py for tasks to queue
[2022-12-27T11:38:48.309+0000] {logging_mixin.py:137} INFO - [2022-12-27T11:38:48.308+0000] {dagbag.py:538} INFO - Filling up the DagBag from /home/airflow/.local/lib/python3.7/site-packages/airflow/example_dags/example_latest_only_with_trigger.py
[2022-12-27T11:38:48.327+0000] {processor.py:753} INFO - DAG(s) dict_keys(['latest_only_with_trigger']) retrieved from /home/airflow/.local/lib/python3.7/site-packages/airflow/example_dags/example_latest_only_with_trigger.py
[2022-12-27T11:38:48.368+0000] {logging_mixin.py:137} INFO - [2022-12-27T11:38:48.368+0000] {dag.py:2676} INFO - Sync 1 DAGs
[2022-12-27T11:38:48.397+0000] {logging_mixin.py:137} INFO - [2022-12-27T11:38:48.396+0000] {dag.py:3427} INFO - Setting next_dagrun for latest_only_with_trigger to 2022-12-27T07:38:48.396688+00:00, run_after=2022-12-27T11:38:48.396688+00:00
[2022-12-27T11:38:48.500+0000] {processor.py:175} INFO - Processing /home/airflow/.local/lib/python3.7/site-packages/airflow/example_dags/example_latest_only_with_trigger.py took 0.199 seconds
[2022-12-27T11:39:18.741+0000] {processor.py:153} INFO - Started process (PID=2228) to work on /home/airflow/.local/lib/python3.7/site-packages/airflow/example_dags/example_latest_only_with_trigger.py
[2022-12-27T11:39:18.742+0000] {processor.py:743} INFO - Processing file /home/airflow/.local/lib/python3.7/site-packages/airflow/example_dags/example_latest_only_with_trigger.py for tasks to queue
[2022-12-27T11:39:18.743+0000] {logging_mixin.py:137} INFO - [2022-12-27T11:39:18.742+0000] {dagbag.py:538} INFO - Filling up the DagBag from /home/airflow/.local/lib/python3.7/site-packages/airflow/example_dags/example_latest_only_with_trigger.py
[2022-12-27T11:39:18.762+0000] {processor.py:753} INFO - DAG(s) dict_keys(['latest_only_with_trigger']) retrieved from /home/airflow/.local/lib/python3.7/site-packages/airflow/example_dags/example_latest_only_with_trigger.py
[2022-12-27T11:39:18.808+0000] {logging_mixin.py:137} INFO - [2022-12-27T11:39:18.808+0000] {dag.py:2676} INFO - Sync 1 DAGs
[2022-12-27T11:39:18.840+0000] {logging_mixin.py:137} INFO - [2022-12-27T11:39:18.840+0000] {dag.py:3427} INFO - Setting next_dagrun for latest_only_with_trigger to 2022-12-27T07:39:18.840340+00:00, run_after=2022-12-27T11:39:18.840340+00:00
[2022-12-27T11:39:18.895+0000] {processor.py:175} INFO - Processing /home/airflow/.local/lib/python3.7/site-packages/airflow/example_dags/example_latest_only_with_trigger.py took 0.159 seconds
[2022-12-27T11:39:48.991+0000] {processor.py:153} INFO - Started process (PID=2290) to work on /home/airflow/.local/lib/python3.7/site-packages/airflow/example_dags/example_latest_only_with_trigger.py
[2022-12-27T11:39:49.001+0000] {processor.py:743} INFO - Processing file /home/airflow/.local/lib/python3.7/site-packages/airflow/example_dags/example_latest_only_with_trigger.py for tasks to queue
[2022-12-27T11:39:49.003+0000] {logging_mixin.py:137} INFO - [2022-12-27T11:39:49.002+0000] {dagbag.py:538} INFO - Filling up the DagBag from /home/airflow/.local/lib/python3.7/site-packages/airflow/example_dags/example_latest_only_with_trigger.py
[2022-12-27T11:39:49.047+0000] {processor.py:753} INFO - DAG(s) dict_keys(['latest_only_with_trigger']) retrieved from /home/airflow/.local/lib/python3.7/site-packages/airflow/example_dags/example_latest_only_with_trigger.py
[2022-12-27T11:39:49.131+0000] {logging_mixin.py:137} INFO - [2022-12-27T11:39:49.131+0000] {dag.py:2676} INFO - Sync 1 DAGs
[2022-12-27T11:39:49.197+0000] {logging_mixin.py:137} INFO - [2022-12-27T11:39:49.196+0000] {dag.py:3427} INFO - Setting next_dagrun for latest_only_with_trigger to 2022-12-27T07:39:49.196044+00:00, run_after=2022-12-27T11:39:49.196044+00:00
[2022-12-27T11:39:49.270+0000] {processor.py:175} INFO - Processing /home/airflow/.local/lib/python3.7/site-packages/airflow/example_dags/example_latest_only_with_trigger.py took 0.286 seconds
[2022-12-27T11:40:19.806+0000] {processor.py:153} INFO - Started process (PID=2352) to work on /home/airflow/.local/lib/python3.7/site-packages/airflow/example_dags/example_latest_only_with_trigger.py
[2022-12-27T11:40:19.808+0000] {processor.py:743} INFO - Processing file /home/airflow/.local/lib/python3.7/site-packages/airflow/example_dags/example_latest_only_with_trigger.py for tasks to queue
[2022-12-27T11:40:19.809+0000] {logging_mixin.py:137} INFO - [2022-12-27T11:40:19.809+0000] {dagbag.py:538} INFO - Filling up the DagBag from /home/airflow/.local/lib/python3.7/site-packages/airflow/example_dags/example_latest_only_with_trigger.py
[2022-12-27T11:40:19.828+0000] {processor.py:753} INFO - DAG(s) dict_keys(['latest_only_with_trigger']) retrieved from /home/airflow/.local/lib/python3.7/site-packages/airflow/example_dags/example_latest_only_with_trigger.py
[2022-12-27T11:40:19.881+0000] {logging_mixin.py:137} INFO - [2022-12-27T11:40:19.880+0000] {dag.py:2676} INFO - Sync 1 DAGs
[2022-12-27T11:40:19.913+0000] {logging_mixin.py:137} INFO - [2022-12-27T11:40:19.913+0000] {dag.py:3427} INFO - Setting next_dagrun for latest_only_with_trigger to 2022-12-27T07:40:19.912813+00:00, run_after=2022-12-27T11:40:19.912813+00:00
[2022-12-27T11:40:19.959+0000] {processor.py:175} INFO - Processing /home/airflow/.local/lib/python3.7/site-packages/airflow/example_dags/example_latest_only_with_trigger.py took 0.158 seconds
[2022-12-27T11:40:50.524+0000] {processor.py:153} INFO - Started process (PID=2414) to work on /home/airflow/.local/lib/python3.7/site-packages/airflow/example_dags/example_latest_only_with_trigger.py
[2022-12-27T11:40:50.527+0000] {processor.py:743} INFO - Processing file /home/airflow/.local/lib/python3.7/site-packages/airflow/example_dags/example_latest_only_with_trigger.py for tasks to queue
[2022-12-27T11:40:50.529+0000] {logging_mixin.py:137} INFO - [2022-12-27T11:40:50.529+0000] {dagbag.py:538} INFO - Filling up the DagBag from /home/airflow/.local/lib/python3.7/site-packages/airflow/example_dags/example_latest_only_with_trigger.py
[2022-12-27T11:40:50.587+0000] {processor.py:753} INFO - DAG(s) dict_keys(['latest_only_with_trigger']) retrieved from /home/airflow/.local/lib/python3.7/site-packages/airflow/example_dags/example_latest_only_with_trigger.py
[2022-12-27T11:40:50.652+0000] {logging_mixin.py:137} INFO - [2022-12-27T11:40:50.652+0000] {dag.py:2676} INFO - Sync 1 DAGs
[2022-12-27T11:40:50.724+0000] {logging_mixin.py:137} INFO - [2022-12-27T11:40:50.723+0000] {dag.py:3427} INFO - Setting next_dagrun for latest_only_with_trigger to 2022-12-27T07:40:50.723281+00:00, run_after=2022-12-27T11:40:50.723281+00:00
[2022-12-27T11:40:50.949+0000] {processor.py:175} INFO - Processing /home/airflow/.local/lib/python3.7/site-packages/airflow/example_dags/example_latest_only_with_trigger.py took 0.438 seconds
[2022-12-27T11:41:21.189+0000] {processor.py:153} INFO - Started process (PID=2475) to work on /home/airflow/.local/lib/python3.7/site-packages/airflow/example_dags/example_latest_only_with_trigger.py
[2022-12-27T11:41:21.190+0000] {processor.py:743} INFO - Processing file /home/airflow/.local/lib/python3.7/site-packages/airflow/example_dags/example_latest_only_with_trigger.py for tasks to queue
[2022-12-27T11:41:21.191+0000] {logging_mixin.py:137} INFO - [2022-12-27T11:41:21.191+0000] {dagbag.py:538} INFO - Filling up the DagBag from /home/airflow/.local/lib/python3.7/site-packages/airflow/example_dags/example_latest_only_with_trigger.py
[2022-12-27T11:41:21.207+0000] {processor.py:753} INFO - DAG(s) dict_keys(['latest_only_with_trigger']) retrieved from /home/airflow/.local/lib/python3.7/site-packages/airflow/example_dags/example_latest_only_with_trigger.py
[2022-12-27T11:41:21.251+0000] {logging_mixin.py:137} INFO - [2022-12-27T11:41:21.251+0000] {dag.py:2676} INFO - Sync 1 DAGs
[2022-12-27T11:41:21.279+0000] {logging_mixin.py:137} INFO - [2022-12-27T11:41:21.279+0000] {dag.py:3427} INFO - Setting next_dagrun for latest_only_with_trigger to 2022-12-27T07:41:21.278885+00:00, run_after=2022-12-27T11:41:21.278885+00:00
[2022-12-27T11:41:21.331+0000] {processor.py:175} INFO - Processing /home/airflow/.local/lib/python3.7/site-packages/airflow/example_dags/example_latest_only_with_trigger.py took 0.148 seconds
[2022-12-27T11:41:51.496+0000] {processor.py:153} INFO - Started process (PID=2536) to work on /home/airflow/.local/lib/python3.7/site-packages/airflow/example_dags/example_latest_only_with_trigger.py
[2022-12-27T11:41:51.498+0000] {processor.py:743} INFO - Processing file /home/airflow/.local/lib/python3.7/site-packages/airflow/example_dags/example_latest_only_with_trigger.py for tasks to queue
[2022-12-27T11:41:51.500+0000] {logging_mixin.py:137} INFO - [2022-12-27T11:41:51.500+0000] {dagbag.py:538} INFO - Filling up the DagBag from /home/airflow/.local/lib/python3.7/site-packages/airflow/example_dags/example_latest_only_with_trigger.py
[2022-12-27T11:41:51.536+0000] {processor.py:753} INFO - DAG(s) dict_keys(['latest_only_with_trigger']) retrieved from /home/airflow/.local/lib/python3.7/site-packages/airflow/example_dags/example_latest_only_with_trigger.py
[2022-12-27T11:41:51.636+0000] {logging_mixin.py:137} INFO - [2022-12-27T11:41:51.636+0000] {dag.py:2676} INFO - Sync 1 DAGs
[2022-12-27T11:41:51.697+0000] {logging_mixin.py:137} INFO - [2022-12-27T11:41:51.697+0000] {dag.py:3427} INFO - Setting next_dagrun for latest_only_with_trigger to 2022-12-27T07:41:51.696828+00:00, run_after=2022-12-27T11:41:51.696828+00:00
[2022-12-27T11:41:51.838+0000] {processor.py:175} INFO - Processing /home/airflow/.local/lib/python3.7/site-packages/airflow/example_dags/example_latest_only_with_trigger.py took 0.354 seconds
