[2022-12-27T11:22:25.520+0000] {processor.py:153} INFO - Started process (PID=60) to work on /home/airflow/.local/lib/python3.7/site-packages/airflow/example_dags/tutorial_dag.py
[2022-12-27T11:22:25.523+0000] {processor.py:743} INFO - Processing file /home/airflow/.local/lib/python3.7/site-packages/airflow/example_dags/tutorial_dag.py for tasks to queue
[2022-12-27T11:22:25.524+0000] {logging_mixin.py:137} INFO - [2022-12-27T11:22:25.524+0000] {dagbag.py:538} INFO - Filling up the DagBag from /home/airflow/.local/lib/python3.7/site-packages/airflow/example_dags/tutorial_dag.py
[2022-12-27T11:22:25.569+0000] {processor.py:753} INFO - DAG(s) dict_keys(['tutorial_dag']) retrieved from /home/airflow/.local/lib/python3.7/site-packages/airflow/example_dags/tutorial_dag.py
[2022-12-27T11:22:25.692+0000] {logging_mixin.py:137} INFO - [2022-12-27T11:22:25.692+0000] {dag.py:2676} INFO - Sync 1 DAGs
[2022-12-27T11:22:25.758+0000] {logging_mixin.py:137} INFO - [2022-12-27T11:22:25.758+0000] {dag.py:3427} INFO - Setting next_dagrun for tutorial_dag to None, run_after=None
[2022-12-27T11:22:25.883+0000] {processor.py:175} INFO - Processing /home/airflow/.local/lib/python3.7/site-packages/airflow/example_dags/tutorial_dag.py took 0.370 seconds
[2022-12-27T11:22:56.398+0000] {processor.py:153} INFO - Started process (PID=122) to work on /home/airflow/.local/lib/python3.7/site-packages/airflow/example_dags/tutorial_dag.py
[2022-12-27T11:22:56.399+0000] {processor.py:743} INFO - Processing file /home/airflow/.local/lib/python3.7/site-packages/airflow/example_dags/tutorial_dag.py for tasks to queue
[2022-12-27T11:22:56.400+0000] {logging_mixin.py:137} INFO - [2022-12-27T11:22:56.400+0000] {dagbag.py:538} INFO - Filling up the DagBag from /home/airflow/.local/lib/python3.7/site-packages/airflow/example_dags/tutorial_dag.py
[2022-12-27T11:22:56.418+0000] {processor.py:753} INFO - DAG(s) dict_keys(['tutorial_dag']) retrieved from /home/airflow/.local/lib/python3.7/site-packages/airflow/example_dags/tutorial_dag.py
[2022-12-27T11:22:56.460+0000] {logging_mixin.py:137} INFO - [2022-12-27T11:22:56.459+0000] {dag.py:2676} INFO - Sync 1 DAGs
[2022-12-27T11:22:56.487+0000] {logging_mixin.py:137} INFO - [2022-12-27T11:22:56.487+0000] {dag.py:3427} INFO - Setting next_dagrun for tutorial_dag to None, run_after=None
[2022-12-27T11:22:56.539+0000] {processor.py:175} INFO - Processing /home/airflow/.local/lib/python3.7/site-packages/airflow/example_dags/tutorial_dag.py took 0.144 seconds
[2022-12-27T11:23:26.942+0000] {processor.py:153} INFO - Started process (PID=185) to work on /home/airflow/.local/lib/python3.7/site-packages/airflow/example_dags/tutorial_dag.py
[2022-12-27T11:23:26.944+0000] {processor.py:743} INFO - Processing file /home/airflow/.local/lib/python3.7/site-packages/airflow/example_dags/tutorial_dag.py for tasks to queue
[2022-12-27T11:23:26.944+0000] {logging_mixin.py:137} INFO - [2022-12-27T11:23:26.944+0000] {dagbag.py:538} INFO - Filling up the DagBag from /home/airflow/.local/lib/python3.7/site-packages/airflow/example_dags/tutorial_dag.py
[2022-12-27T11:23:26.962+0000] {processor.py:753} INFO - DAG(s) dict_keys(['tutorial_dag']) retrieved from /home/airflow/.local/lib/python3.7/site-packages/airflow/example_dags/tutorial_dag.py
[2022-12-27T11:23:27.005+0000] {logging_mixin.py:137} INFO - [2022-12-27T11:23:27.005+0000] {dag.py:2676} INFO - Sync 1 DAGs
[2022-12-27T11:23:27.035+0000] {logging_mixin.py:137} INFO - [2022-12-27T11:23:27.035+0000] {dag.py:3427} INFO - Setting next_dagrun for tutorial_dag to None, run_after=None
[2022-12-27T11:23:27.198+0000] {processor.py:175} INFO - Processing /home/airflow/.local/lib/python3.7/site-packages/airflow/example_dags/tutorial_dag.py took 0.261 seconds
[2022-12-27T11:23:57.366+0000] {processor.py:153} INFO - Started process (PID=257) to work on /home/airflow/.local/lib/python3.7/site-packages/airflow/example_dags/tutorial_dag.py
[2022-12-27T11:23:57.367+0000] {processor.py:743} INFO - Processing file /home/airflow/.local/lib/python3.7/site-packages/airflow/example_dags/tutorial_dag.py for tasks to queue
[2022-12-27T11:23:57.368+0000] {logging_mixin.py:137} INFO - [2022-12-27T11:23:57.368+0000] {dagbag.py:538} INFO - Filling up the DagBag from /home/airflow/.local/lib/python3.7/site-packages/airflow/example_dags/tutorial_dag.py
[2022-12-27T11:23:57.404+0000] {processor.py:753} INFO - DAG(s) dict_keys(['tutorial_dag']) retrieved from /home/airflow/.local/lib/python3.7/site-packages/airflow/example_dags/tutorial_dag.py
[2022-12-27T11:23:57.507+0000] {logging_mixin.py:137} INFO - [2022-12-27T11:23:57.507+0000] {dag.py:2676} INFO - Sync 1 DAGs
[2022-12-27T11:23:57.539+0000] {logging_mixin.py:137} INFO - [2022-12-27T11:23:57.539+0000] {dag.py:3427} INFO - Setting next_dagrun for tutorial_dag to None, run_after=None
[2022-12-27T11:23:57.666+0000] {processor.py:175} INFO - Processing /home/airflow/.local/lib/python3.7/site-packages/airflow/example_dags/tutorial_dag.py took 0.310 seconds
[2022-12-27T11:24:27.775+0000] {processor.py:153} INFO - Started process (PID=323) to work on /home/airflow/.local/lib/python3.7/site-packages/airflow/example_dags/tutorial_dag.py
[2022-12-27T11:24:27.776+0000] {processor.py:743} INFO - Processing file /home/airflow/.local/lib/python3.7/site-packages/airflow/example_dags/tutorial_dag.py for tasks to queue
[2022-12-27T11:24:27.778+0000] {logging_mixin.py:137} INFO - [2022-12-27T11:24:27.777+0000] {dagbag.py:538} INFO - Filling up the DagBag from /home/airflow/.local/lib/python3.7/site-packages/airflow/example_dags/tutorial_dag.py
[2022-12-27T11:24:27.793+0000] {processor.py:753} INFO - DAG(s) dict_keys(['tutorial_dag']) retrieved from /home/airflow/.local/lib/python3.7/site-packages/airflow/example_dags/tutorial_dag.py
[2022-12-27T11:24:27.841+0000] {logging_mixin.py:137} INFO - [2022-12-27T11:24:27.840+0000] {dag.py:2676} INFO - Sync 1 DAGs
[2022-12-27T11:24:27.868+0000] {logging_mixin.py:137} INFO - [2022-12-27T11:24:27.868+0000] {dag.py:3427} INFO - Setting next_dagrun for tutorial_dag to None, run_after=None
[2022-12-27T11:24:28.103+0000] {processor.py:175} INFO - Processing /home/airflow/.local/lib/python3.7/site-packages/airflow/example_dags/tutorial_dag.py took 0.332 seconds
[2022-12-27T11:24:58.405+0000] {processor.py:153} INFO - Started process (PID=386) to work on /home/airflow/.local/lib/python3.7/site-packages/airflow/example_dags/tutorial_dag.py
[2022-12-27T11:24:58.406+0000] {processor.py:743} INFO - Processing file /home/airflow/.local/lib/python3.7/site-packages/airflow/example_dags/tutorial_dag.py for tasks to queue
[2022-12-27T11:24:58.407+0000] {logging_mixin.py:137} INFO - [2022-12-27T11:24:58.407+0000] {dagbag.py:538} INFO - Filling up the DagBag from /home/airflow/.local/lib/python3.7/site-packages/airflow/example_dags/tutorial_dag.py
[2022-12-27T11:24:58.423+0000] {processor.py:753} INFO - DAG(s) dict_keys(['tutorial_dag']) retrieved from /home/airflow/.local/lib/python3.7/site-packages/airflow/example_dags/tutorial_dag.py
[2022-12-27T11:24:58.465+0000] {logging_mixin.py:137} INFO - [2022-12-27T11:24:58.465+0000] {dag.py:2676} INFO - Sync 1 DAGs
[2022-12-27T11:24:58.494+0000] {logging_mixin.py:137} INFO - [2022-12-27T11:24:58.494+0000] {dag.py:3427} INFO - Setting next_dagrun for tutorial_dag to None, run_after=None
[2022-12-27T11:24:58.595+0000] {processor.py:175} INFO - Processing /home/airflow/.local/lib/python3.7/site-packages/airflow/example_dags/tutorial_dag.py took 0.194 seconds
[2022-12-27T11:25:29.939+0000] {processor.py:153} INFO - Started process (PID=448) to work on /home/airflow/.local/lib/python3.7/site-packages/airflow/example_dags/tutorial_dag.py
[2022-12-27T11:25:29.941+0000] {processor.py:743} INFO - Processing file /home/airflow/.local/lib/python3.7/site-packages/airflow/example_dags/tutorial_dag.py for tasks to queue
[2022-12-27T11:25:29.944+0000] {logging_mixin.py:137} INFO - [2022-12-27T11:25:29.943+0000] {dagbag.py:538} INFO - Filling up the DagBag from /home/airflow/.local/lib/python3.7/site-packages/airflow/example_dags/tutorial_dag.py
[2022-12-27T11:25:29.989+0000] {processor.py:753} INFO - DAG(s) dict_keys(['tutorial_dag']) retrieved from /home/airflow/.local/lib/python3.7/site-packages/airflow/example_dags/tutorial_dag.py
[2022-12-27T11:25:30.112+0000] {logging_mixin.py:137} INFO - [2022-12-27T11:25:30.112+0000] {dag.py:2676} INFO - Sync 1 DAGs
[2022-12-27T11:25:30.197+0000] {logging_mixin.py:137} INFO - [2022-12-27T11:25:30.196+0000] {dag.py:3427} INFO - Setting next_dagrun for tutorial_dag to None, run_after=None
[2022-12-27T11:25:30.368+0000] {processor.py:175} INFO - Processing /home/airflow/.local/lib/python3.7/site-packages/airflow/example_dags/tutorial_dag.py took 0.440 seconds
[2022-12-27T11:26:00.601+0000] {processor.py:153} INFO - Started process (PID=522) to work on /home/airflow/.local/lib/python3.7/site-packages/airflow/example_dags/tutorial_dag.py
[2022-12-27T11:26:00.602+0000] {processor.py:743} INFO - Processing file /home/airflow/.local/lib/python3.7/site-packages/airflow/example_dags/tutorial_dag.py for tasks to queue
[2022-12-27T11:26:00.605+0000] {logging_mixin.py:137} INFO - [2022-12-27T11:26:00.605+0000] {dagbag.py:538} INFO - Filling up the DagBag from /home/airflow/.local/lib/python3.7/site-packages/airflow/example_dags/tutorial_dag.py
[2022-12-27T11:26:00.648+0000] {processor.py:753} INFO - DAG(s) dict_keys(['tutorial_dag']) retrieved from /home/airflow/.local/lib/python3.7/site-packages/airflow/example_dags/tutorial_dag.py
[2022-12-27T11:26:00.729+0000] {logging_mixin.py:137} INFO - [2022-12-27T11:26:00.728+0000] {dag.py:2676} INFO - Sync 1 DAGs
[2022-12-27T11:26:00.773+0000] {logging_mixin.py:137} INFO - [2022-12-27T11:26:00.773+0000] {dag.py:3427} INFO - Setting next_dagrun for tutorial_dag to None, run_after=None
[2022-12-27T11:26:00.842+0000] {processor.py:175} INFO - Processing /home/airflow/.local/lib/python3.7/site-packages/airflow/example_dags/tutorial_dag.py took 0.246 seconds
[2022-12-27T11:26:30.939+0000] {processor.py:153} INFO - Started process (PID=584) to work on /home/airflow/.local/lib/python3.7/site-packages/airflow/example_dags/tutorial_dag.py
[2022-12-27T11:26:30.941+0000] {processor.py:743} INFO - Processing file /home/airflow/.local/lib/python3.7/site-packages/airflow/example_dags/tutorial_dag.py for tasks to queue
[2022-12-27T11:26:30.942+0000] {logging_mixin.py:137} INFO - [2022-12-27T11:26:30.941+0000] {dagbag.py:538} INFO - Filling up the DagBag from /home/airflow/.local/lib/python3.7/site-packages/airflow/example_dags/tutorial_dag.py
[2022-12-27T11:26:30.959+0000] {processor.py:753} INFO - DAG(s) dict_keys(['tutorial_dag']) retrieved from /home/airflow/.local/lib/python3.7/site-packages/airflow/example_dags/tutorial_dag.py
[2022-12-27T11:26:31.011+0000] {logging_mixin.py:137} INFO - [2022-12-27T11:26:31.011+0000] {dag.py:2676} INFO - Sync 1 DAGs
[2022-12-27T11:26:31.045+0000] {logging_mixin.py:137} INFO - [2022-12-27T11:26:31.045+0000] {dag.py:3427} INFO - Setting next_dagrun for tutorial_dag to None, run_after=None
[2022-12-27T11:26:31.144+0000] {processor.py:175} INFO - Processing /home/airflow/.local/lib/python3.7/site-packages/airflow/example_dags/tutorial_dag.py took 0.209 seconds
[2022-12-27T11:27:01.658+0000] {processor.py:153} INFO - Started process (PID=645) to work on /home/airflow/.local/lib/python3.7/site-packages/airflow/example_dags/tutorial_dag.py
[2022-12-27T11:27:01.659+0000] {processor.py:743} INFO - Processing file /home/airflow/.local/lib/python3.7/site-packages/airflow/example_dags/tutorial_dag.py for tasks to queue
[2022-12-27T11:27:01.660+0000] {logging_mixin.py:137} INFO - [2022-12-27T11:27:01.660+0000] {dagbag.py:538} INFO - Filling up the DagBag from /home/airflow/.local/lib/python3.7/site-packages/airflow/example_dags/tutorial_dag.py
[2022-12-27T11:27:01.675+0000] {processor.py:753} INFO - DAG(s) dict_keys(['tutorial_dag']) retrieved from /home/airflow/.local/lib/python3.7/site-packages/airflow/example_dags/tutorial_dag.py
[2022-12-27T11:27:01.716+0000] {logging_mixin.py:137} INFO - [2022-12-27T11:27:01.715+0000] {dag.py:2676} INFO - Sync 1 DAGs
[2022-12-27T11:27:01.743+0000] {logging_mixin.py:137} INFO - [2022-12-27T11:27:01.743+0000] {dag.py:3427} INFO - Setting next_dagrun for tutorial_dag to None, run_after=None
[2022-12-27T11:27:01.852+0000] {processor.py:175} INFO - Processing /home/airflow/.local/lib/python3.7/site-packages/airflow/example_dags/tutorial_dag.py took 0.199 seconds
[2022-12-27T11:27:32.605+0000] {processor.py:153} INFO - Started process (PID=706) to work on /home/airflow/.local/lib/python3.7/site-packages/airflow/example_dags/tutorial_dag.py
[2022-12-27T11:27:32.606+0000] {processor.py:743} INFO - Processing file /home/airflow/.local/lib/python3.7/site-packages/airflow/example_dags/tutorial_dag.py for tasks to queue
[2022-12-27T11:27:32.607+0000] {logging_mixin.py:137} INFO - [2022-12-27T11:27:32.607+0000] {dagbag.py:538} INFO - Filling up the DagBag from /home/airflow/.local/lib/python3.7/site-packages/airflow/example_dags/tutorial_dag.py
[2022-12-27T11:27:32.623+0000] {processor.py:753} INFO - DAG(s) dict_keys(['tutorial_dag']) retrieved from /home/airflow/.local/lib/python3.7/site-packages/airflow/example_dags/tutorial_dag.py
[2022-12-27T11:27:32.673+0000] {logging_mixin.py:137} INFO - [2022-12-27T11:27:32.672+0000] {dag.py:2676} INFO - Sync 1 DAGs
[2022-12-27T11:27:32.706+0000] {logging_mixin.py:137} INFO - [2022-12-27T11:27:32.706+0000] {dag.py:3427} INFO - Setting next_dagrun for tutorial_dag to None, run_after=None
[2022-12-27T11:27:32.760+0000] {processor.py:175} INFO - Processing /home/airflow/.local/lib/python3.7/site-packages/airflow/example_dags/tutorial_dag.py took 0.159 seconds
[2022-12-27T11:28:03.029+0000] {processor.py:153} INFO - Started process (PID=777) to work on /home/airflow/.local/lib/python3.7/site-packages/airflow/example_dags/tutorial_dag.py
[2022-12-27T11:28:03.034+0000] {processor.py:743} INFO - Processing file /home/airflow/.local/lib/python3.7/site-packages/airflow/example_dags/tutorial_dag.py for tasks to queue
[2022-12-27T11:28:03.035+0000] {logging_mixin.py:137} INFO - [2022-12-27T11:28:03.035+0000] {dagbag.py:538} INFO - Filling up the DagBag from /home/airflow/.local/lib/python3.7/site-packages/airflow/example_dags/tutorial_dag.py
[2022-12-27T11:28:03.056+0000] {processor.py:753} INFO - DAG(s) dict_keys(['tutorial_dag']) retrieved from /home/airflow/.local/lib/python3.7/site-packages/airflow/example_dags/tutorial_dag.py
[2022-12-27T11:28:03.149+0000] {logging_mixin.py:137} INFO - [2022-12-27T11:28:03.149+0000] {dag.py:2676} INFO - Sync 1 DAGs
[2022-12-27T11:28:03.206+0000] {logging_mixin.py:137} INFO - [2022-12-27T11:28:03.206+0000] {dag.py:3427} INFO - Setting next_dagrun for tutorial_dag to None, run_after=None
[2022-12-27T11:28:03.277+0000] {processor.py:175} INFO - Processing /home/airflow/.local/lib/python3.7/site-packages/airflow/example_dags/tutorial_dag.py took 0.253 seconds
[2022-12-27T11:28:33.722+0000] {processor.py:153} INFO - Started process (PID=842) to work on /home/airflow/.local/lib/python3.7/site-packages/airflow/example_dags/tutorial_dag.py
[2022-12-27T11:28:33.723+0000] {processor.py:743} INFO - Processing file /home/airflow/.local/lib/python3.7/site-packages/airflow/example_dags/tutorial_dag.py for tasks to queue
[2022-12-27T11:28:33.724+0000] {logging_mixin.py:137} INFO - [2022-12-27T11:28:33.724+0000] {dagbag.py:538} INFO - Filling up the DagBag from /home/airflow/.local/lib/python3.7/site-packages/airflow/example_dags/tutorial_dag.py
[2022-12-27T11:28:33.738+0000] {processor.py:753} INFO - DAG(s) dict_keys(['tutorial_dag']) retrieved from /home/airflow/.local/lib/python3.7/site-packages/airflow/example_dags/tutorial_dag.py
[2022-12-27T11:28:33.782+0000] {logging_mixin.py:137} INFO - [2022-12-27T11:28:33.782+0000] {dag.py:2676} INFO - Sync 1 DAGs
[2022-12-27T11:28:33.809+0000] {logging_mixin.py:137} INFO - [2022-12-27T11:28:33.809+0000] {dag.py:3427} INFO - Setting next_dagrun for tutorial_dag to None, run_after=None
[2022-12-27T11:28:33.856+0000] {processor.py:175} INFO - Processing /home/airflow/.local/lib/python3.7/site-packages/airflow/example_dags/tutorial_dag.py took 0.138 seconds
[2022-12-27T11:29:04.524+0000] {processor.py:153} INFO - Started process (PID=905) to work on /home/airflow/.local/lib/python3.7/site-packages/airflow/example_dags/tutorial_dag.py
[2022-12-27T11:29:04.525+0000] {processor.py:743} INFO - Processing file /home/airflow/.local/lib/python3.7/site-packages/airflow/example_dags/tutorial_dag.py for tasks to queue
[2022-12-27T11:29:04.526+0000] {logging_mixin.py:137} INFO - [2022-12-27T11:29:04.526+0000] {dagbag.py:538} INFO - Filling up the DagBag from /home/airflow/.local/lib/python3.7/site-packages/airflow/example_dags/tutorial_dag.py
[2022-12-27T11:29:04.541+0000] {processor.py:753} INFO - DAG(s) dict_keys(['tutorial_dag']) retrieved from /home/airflow/.local/lib/python3.7/site-packages/airflow/example_dags/tutorial_dag.py
[2022-12-27T11:29:04.593+0000] {logging_mixin.py:137} INFO - [2022-12-27T11:29:04.593+0000] {dag.py:2676} INFO - Sync 1 DAGs
[2022-12-27T11:29:04.637+0000] {logging_mixin.py:137} INFO - [2022-12-27T11:29:04.637+0000] {dag.py:3427} INFO - Setting next_dagrun for tutorial_dag to None, run_after=None
[2022-12-27T11:29:04.687+0000] {processor.py:175} INFO - Processing /home/airflow/.local/lib/python3.7/site-packages/airflow/example_dags/tutorial_dag.py took 0.168 seconds
[2022-12-27T11:29:34.718+0000] {processor.py:153} INFO - Started process (PID=976) to work on /home/airflow/.local/lib/python3.7/site-packages/airflow/example_dags/tutorial_dag.py
[2022-12-27T11:29:34.719+0000] {processor.py:743} INFO - Processing file /home/airflow/.local/lib/python3.7/site-packages/airflow/example_dags/tutorial_dag.py for tasks to queue
[2022-12-27T11:29:34.720+0000] {logging_mixin.py:137} INFO - [2022-12-27T11:29:34.720+0000] {dagbag.py:538} INFO - Filling up the DagBag from /home/airflow/.local/lib/python3.7/site-packages/airflow/example_dags/tutorial_dag.py
[2022-12-27T11:29:34.735+0000] {processor.py:753} INFO - DAG(s) dict_keys(['tutorial_dag']) retrieved from /home/airflow/.local/lib/python3.7/site-packages/airflow/example_dags/tutorial_dag.py
[2022-12-27T11:29:34.792+0000] {logging_mixin.py:137} INFO - [2022-12-27T11:29:34.792+0000] {dag.py:2676} INFO - Sync 1 DAGs
[2022-12-27T11:29:34.844+0000] {logging_mixin.py:137} INFO - [2022-12-27T11:29:34.844+0000] {dag.py:3427} INFO - Setting next_dagrun for tutorial_dag to None, run_after=None
[2022-12-27T11:29:34.921+0000] {processor.py:175} INFO - Processing /home/airflow/.local/lib/python3.7/site-packages/airflow/example_dags/tutorial_dag.py took 0.207 seconds
[2022-12-27T11:30:05.259+0000] {processor.py:153} INFO - Started process (PID=1041) to work on /home/airflow/.local/lib/python3.7/site-packages/airflow/example_dags/tutorial_dag.py
[2022-12-27T11:30:05.260+0000] {processor.py:743} INFO - Processing file /home/airflow/.local/lib/python3.7/site-packages/airflow/example_dags/tutorial_dag.py for tasks to queue
[2022-12-27T11:30:05.261+0000] {logging_mixin.py:137} INFO - [2022-12-27T11:30:05.260+0000] {dagbag.py:538} INFO - Filling up the DagBag from /home/airflow/.local/lib/python3.7/site-packages/airflow/example_dags/tutorial_dag.py
[2022-12-27T11:30:05.275+0000] {processor.py:753} INFO - DAG(s) dict_keys(['tutorial_dag']) retrieved from /home/airflow/.local/lib/python3.7/site-packages/airflow/example_dags/tutorial_dag.py
[2022-12-27T11:30:05.326+0000] {logging_mixin.py:137} INFO - [2022-12-27T11:30:05.326+0000] {dag.py:2676} INFO - Sync 1 DAGs
[2022-12-27T11:30:05.355+0000] {logging_mixin.py:137} INFO - [2022-12-27T11:30:05.354+0000] {dag.py:3427} INFO - Setting next_dagrun for tutorial_dag to None, run_after=None
[2022-12-27T11:30:05.414+0000] {processor.py:175} INFO - Processing /home/airflow/.local/lib/python3.7/site-packages/airflow/example_dags/tutorial_dag.py took 0.160 seconds
[2022-12-27T11:30:36.857+0000] {processor.py:153} INFO - Started process (PID=1103) to work on /home/airflow/.local/lib/python3.7/site-packages/airflow/example_dags/tutorial_dag.py
[2022-12-27T11:30:36.858+0000] {processor.py:743} INFO - Processing file /home/airflow/.local/lib/python3.7/site-packages/airflow/example_dags/tutorial_dag.py for tasks to queue
[2022-12-27T11:30:36.859+0000] {logging_mixin.py:137} INFO - [2022-12-27T11:30:36.859+0000] {dagbag.py:538} INFO - Filling up the DagBag from /home/airflow/.local/lib/python3.7/site-packages/airflow/example_dags/tutorial_dag.py
[2022-12-27T11:30:36.877+0000] {processor.py:753} INFO - DAG(s) dict_keys(['tutorial_dag']) retrieved from /home/airflow/.local/lib/python3.7/site-packages/airflow/example_dags/tutorial_dag.py
[2022-12-27T11:30:36.935+0000] {logging_mixin.py:137} INFO - [2022-12-27T11:30:36.935+0000] {dag.py:2676} INFO - Sync 1 DAGs
[2022-12-27T11:30:37.002+0000] {logging_mixin.py:137} INFO - [2022-12-27T11:30:37.002+0000] {dag.py:3427} INFO - Setting next_dagrun for tutorial_dag to None, run_after=None
[2022-12-27T11:30:37.077+0000] {processor.py:175} INFO - Processing /home/airflow/.local/lib/python3.7/site-packages/airflow/example_dags/tutorial_dag.py took 0.224 seconds
[2022-12-27T11:31:08.366+0000] {processor.py:153} INFO - Started process (PID=1178) to work on /home/airflow/.local/lib/python3.7/site-packages/airflow/example_dags/tutorial_dag.py
[2022-12-27T11:31:08.368+0000] {processor.py:743} INFO - Processing file /home/airflow/.local/lib/python3.7/site-packages/airflow/example_dags/tutorial_dag.py for tasks to queue
[2022-12-27T11:31:08.369+0000] {logging_mixin.py:137} INFO - [2022-12-27T11:31:08.369+0000] {dagbag.py:538} INFO - Filling up the DagBag from /home/airflow/.local/lib/python3.7/site-packages/airflow/example_dags/tutorial_dag.py
[2022-12-27T11:31:08.400+0000] {processor.py:753} INFO - DAG(s) dict_keys(['tutorial_dag']) retrieved from /home/airflow/.local/lib/python3.7/site-packages/airflow/example_dags/tutorial_dag.py
[2022-12-27T11:31:08.484+0000] {logging_mixin.py:137} INFO - [2022-12-27T11:31:08.484+0000] {dag.py:2676} INFO - Sync 1 DAGs
[2022-12-27T11:31:08.539+0000] {logging_mixin.py:137} INFO - [2022-12-27T11:31:08.539+0000] {dag.py:3427} INFO - Setting next_dagrun for tutorial_dag to None, run_after=None
[2022-12-27T11:31:08.595+0000] {processor.py:175} INFO - Processing /home/airflow/.local/lib/python3.7/site-packages/airflow/example_dags/tutorial_dag.py took 0.236 seconds
[2022-12-27T11:31:38.837+0000] {processor.py:153} INFO - Started process (PID=1240) to work on /home/airflow/.local/lib/python3.7/site-packages/airflow/example_dags/tutorial_dag.py
[2022-12-27T11:31:38.838+0000] {processor.py:743} INFO - Processing file /home/airflow/.local/lib/python3.7/site-packages/airflow/example_dags/tutorial_dag.py for tasks to queue
[2022-12-27T11:31:38.838+0000] {logging_mixin.py:137} INFO - [2022-12-27T11:31:38.838+0000] {dagbag.py:538} INFO - Filling up the DagBag from /home/airflow/.local/lib/python3.7/site-packages/airflow/example_dags/tutorial_dag.py
[2022-12-27T11:31:38.853+0000] {processor.py:753} INFO - DAG(s) dict_keys(['tutorial_dag']) retrieved from /home/airflow/.local/lib/python3.7/site-packages/airflow/example_dags/tutorial_dag.py
[2022-12-27T11:31:38.895+0000] {logging_mixin.py:137} INFO - [2022-12-27T11:31:38.895+0000] {dag.py:2676} INFO - Sync 1 DAGs
[2022-12-27T11:31:38.926+0000] {logging_mixin.py:137} INFO - [2022-12-27T11:31:38.926+0000] {dag.py:3427} INFO - Setting next_dagrun for tutorial_dag to None, run_after=None
[2022-12-27T11:31:38.971+0000] {processor.py:175} INFO - Processing /home/airflow/.local/lib/python3.7/site-packages/airflow/example_dags/tutorial_dag.py took 0.139 seconds
[2022-12-27T11:32:10.013+0000] {processor.py:153} INFO - Started process (PID=1311) to work on /home/airflow/.local/lib/python3.7/site-packages/airflow/example_dags/tutorial_dag.py
[2022-12-27T11:32:10.014+0000] {processor.py:743} INFO - Processing file /home/airflow/.local/lib/python3.7/site-packages/airflow/example_dags/tutorial_dag.py for tasks to queue
[2022-12-27T11:32:10.015+0000] {logging_mixin.py:137} INFO - [2022-12-27T11:32:10.015+0000] {dagbag.py:538} INFO - Filling up the DagBag from /home/airflow/.local/lib/python3.7/site-packages/airflow/example_dags/tutorial_dag.py
[2022-12-27T11:32:10.032+0000] {processor.py:753} INFO - DAG(s) dict_keys(['tutorial_dag']) retrieved from /home/airflow/.local/lib/python3.7/site-packages/airflow/example_dags/tutorial_dag.py
[2022-12-27T11:32:10.083+0000] {logging_mixin.py:137} INFO - [2022-12-27T11:32:10.083+0000] {dag.py:2676} INFO - Sync 1 DAGs
[2022-12-27T11:32:10.130+0000] {logging_mixin.py:137} INFO - [2022-12-27T11:32:10.130+0000] {dag.py:3427} INFO - Setting next_dagrun for tutorial_dag to None, run_after=None
[2022-12-27T11:32:10.178+0000] {processor.py:175} INFO - Processing /home/airflow/.local/lib/python3.7/site-packages/airflow/example_dags/tutorial_dag.py took 0.171 seconds
[2022-12-27T11:32:40.910+0000] {processor.py:153} INFO - Started process (PID=1377) to work on /home/airflow/.local/lib/python3.7/site-packages/airflow/example_dags/tutorial_dag.py
[2022-12-27T11:32:40.911+0000] {processor.py:743} INFO - Processing file /home/airflow/.local/lib/python3.7/site-packages/airflow/example_dags/tutorial_dag.py for tasks to queue
[2022-12-27T11:32:40.912+0000] {logging_mixin.py:137} INFO - [2022-12-27T11:32:40.912+0000] {dagbag.py:538} INFO - Filling up the DagBag from /home/airflow/.local/lib/python3.7/site-packages/airflow/example_dags/tutorial_dag.py
[2022-12-27T11:32:40.927+0000] {processor.py:753} INFO - DAG(s) dict_keys(['tutorial_dag']) retrieved from /home/airflow/.local/lib/python3.7/site-packages/airflow/example_dags/tutorial_dag.py
[2022-12-27T11:32:40.973+0000] {logging_mixin.py:137} INFO - [2022-12-27T11:32:40.973+0000] {dag.py:2676} INFO - Sync 1 DAGs
[2022-12-27T11:32:41.013+0000] {logging_mixin.py:137} INFO - [2022-12-27T11:32:41.012+0000] {dag.py:3427} INFO - Setting next_dagrun for tutorial_dag to None, run_after=None
[2022-12-27T11:32:41.090+0000] {processor.py:175} INFO - Processing /home/airflow/.local/lib/python3.7/site-packages/airflow/example_dags/tutorial_dag.py took 0.184 seconds
[2022-12-27T11:33:11.548+0000] {processor.py:153} INFO - Started process (PID=1439) to work on /home/airflow/.local/lib/python3.7/site-packages/airflow/example_dags/tutorial_dag.py
[2022-12-27T11:33:11.550+0000] {processor.py:743} INFO - Processing file /home/airflow/.local/lib/python3.7/site-packages/airflow/example_dags/tutorial_dag.py for tasks to queue
[2022-12-27T11:33:11.551+0000] {logging_mixin.py:137} INFO - [2022-12-27T11:33:11.551+0000] {dagbag.py:538} INFO - Filling up the DagBag from /home/airflow/.local/lib/python3.7/site-packages/airflow/example_dags/tutorial_dag.py
[2022-12-27T11:33:11.569+0000] {processor.py:753} INFO - DAG(s) dict_keys(['tutorial_dag']) retrieved from /home/airflow/.local/lib/python3.7/site-packages/airflow/example_dags/tutorial_dag.py
[2022-12-27T11:33:11.614+0000] {logging_mixin.py:137} INFO - [2022-12-27T11:33:11.614+0000] {dag.py:2676} INFO - Sync 1 DAGs
[2022-12-27T11:33:11.652+0000] {logging_mixin.py:137} INFO - [2022-12-27T11:33:11.652+0000] {dag.py:3427} INFO - Setting next_dagrun for tutorial_dag to None, run_after=None
[2022-12-27T11:33:11.725+0000] {processor.py:175} INFO - Processing /home/airflow/.local/lib/python3.7/site-packages/airflow/example_dags/tutorial_dag.py took 0.182 seconds
[2022-12-27T11:33:42.327+0000] {processor.py:153} INFO - Started process (PID=1501) to work on /home/airflow/.local/lib/python3.7/site-packages/airflow/example_dags/tutorial_dag.py
[2022-12-27T11:33:42.329+0000] {processor.py:743} INFO - Processing file /home/airflow/.local/lib/python3.7/site-packages/airflow/example_dags/tutorial_dag.py for tasks to queue
[2022-12-27T11:33:42.331+0000] {logging_mixin.py:137} INFO - [2022-12-27T11:33:42.330+0000] {dagbag.py:538} INFO - Filling up the DagBag from /home/airflow/.local/lib/python3.7/site-packages/airflow/example_dags/tutorial_dag.py
[2022-12-27T11:33:42.361+0000] {processor.py:753} INFO - DAG(s) dict_keys(['tutorial_dag']) retrieved from /home/airflow/.local/lib/python3.7/site-packages/airflow/example_dags/tutorial_dag.py
[2022-12-27T11:33:42.447+0000] {logging_mixin.py:137} INFO - [2022-12-27T11:33:42.447+0000] {dag.py:2676} INFO - Sync 1 DAGs
[2022-12-27T11:33:42.509+0000] {logging_mixin.py:137} INFO - [2022-12-27T11:33:42.509+0000] {dag.py:3427} INFO - Setting next_dagrun for tutorial_dag to None, run_after=None
[2022-12-27T11:33:42.584+0000] {processor.py:175} INFO - Processing /home/airflow/.local/lib/python3.7/site-packages/airflow/example_dags/tutorial_dag.py took 0.264 seconds
[2022-12-27T11:34:12.739+0000] {processor.py:153} INFO - Started process (PID=1575) to work on /home/airflow/.local/lib/python3.7/site-packages/airflow/example_dags/tutorial_dag.py
[2022-12-27T11:34:12.740+0000] {processor.py:743} INFO - Processing file /home/airflow/.local/lib/python3.7/site-packages/airflow/example_dags/tutorial_dag.py for tasks to queue
[2022-12-27T11:34:12.741+0000] {logging_mixin.py:137} INFO - [2022-12-27T11:34:12.741+0000] {dagbag.py:538} INFO - Filling up the DagBag from /home/airflow/.local/lib/python3.7/site-packages/airflow/example_dags/tutorial_dag.py
[2022-12-27T11:34:12.762+0000] {processor.py:753} INFO - DAG(s) dict_keys(['tutorial_dag']) retrieved from /home/airflow/.local/lib/python3.7/site-packages/airflow/example_dags/tutorial_dag.py
[2022-12-27T11:34:12.816+0000] {logging_mixin.py:137} INFO - [2022-12-27T11:34:12.815+0000] {dag.py:2676} INFO - Sync 1 DAGs
[2022-12-27T11:34:12.847+0000] {logging_mixin.py:137} INFO - [2022-12-27T11:34:12.847+0000] {dag.py:3427} INFO - Setting next_dagrun for tutorial_dag to None, run_after=None
[2022-12-27T11:34:12.893+0000] {processor.py:175} INFO - Processing /home/airflow/.local/lib/python3.7/site-packages/airflow/example_dags/tutorial_dag.py took 0.158 seconds
[2022-12-27T11:34:42.971+0000] {processor.py:153} INFO - Started process (PID=1637) to work on /home/airflow/.local/lib/python3.7/site-packages/airflow/example_dags/tutorial_dag.py
[2022-12-27T11:34:42.972+0000] {processor.py:743} INFO - Processing file /home/airflow/.local/lib/python3.7/site-packages/airflow/example_dags/tutorial_dag.py for tasks to queue
[2022-12-27T11:34:42.973+0000] {logging_mixin.py:137} INFO - [2022-12-27T11:34:42.973+0000] {dagbag.py:538} INFO - Filling up the DagBag from /home/airflow/.local/lib/python3.7/site-packages/airflow/example_dags/tutorial_dag.py
[2022-12-27T11:34:42.990+0000] {processor.py:753} INFO - DAG(s) dict_keys(['tutorial_dag']) retrieved from /home/airflow/.local/lib/python3.7/site-packages/airflow/example_dags/tutorial_dag.py
[2022-12-27T11:34:43.031+0000] {logging_mixin.py:137} INFO - [2022-12-27T11:34:43.031+0000] {dag.py:2676} INFO - Sync 1 DAGs
[2022-12-27T11:34:43.058+0000] {logging_mixin.py:137} INFO - [2022-12-27T11:34:43.058+0000] {dag.py:3427} INFO - Setting next_dagrun for tutorial_dag to None, run_after=None
[2022-12-27T11:34:43.207+0000] {processor.py:175} INFO - Processing /home/airflow/.local/lib/python3.7/site-packages/airflow/example_dags/tutorial_dag.py took 0.240 seconds
[2022-12-27T11:35:14.132+0000] {processor.py:153} INFO - Started process (PID=1699) to work on /home/airflow/.local/lib/python3.7/site-packages/airflow/example_dags/tutorial_dag.py
[2022-12-27T11:35:14.134+0000] {processor.py:743} INFO - Processing file /home/airflow/.local/lib/python3.7/site-packages/airflow/example_dags/tutorial_dag.py for tasks to queue
[2022-12-27T11:35:14.135+0000] {logging_mixin.py:137} INFO - [2022-12-27T11:35:14.135+0000] {dagbag.py:538} INFO - Filling up the DagBag from /home/airflow/.local/lib/python3.7/site-packages/airflow/example_dags/tutorial_dag.py
[2022-12-27T11:35:14.170+0000] {processor.py:753} INFO - DAG(s) dict_keys(['tutorial_dag']) retrieved from /home/airflow/.local/lib/python3.7/site-packages/airflow/example_dags/tutorial_dag.py
[2022-12-27T11:35:14.261+0000] {logging_mixin.py:137} INFO - [2022-12-27T11:35:14.260+0000] {dag.py:2676} INFO - Sync 1 DAGs
[2022-12-27T11:35:14.312+0000] {logging_mixin.py:137} INFO - [2022-12-27T11:35:14.312+0000] {dag.py:3427} INFO - Setting next_dagrun for tutorial_dag to None, run_after=None
[2022-12-27T11:35:14.459+0000] {processor.py:175} INFO - Processing /home/airflow/.local/lib/python3.7/site-packages/airflow/example_dags/tutorial_dag.py took 0.335 seconds
[2022-12-27T11:35:44.837+0000] {processor.py:153} INFO - Started process (PID=1774) to work on /home/airflow/.local/lib/python3.7/site-packages/airflow/example_dags/tutorial_dag.py
[2022-12-27T11:35:44.839+0000] {processor.py:743} INFO - Processing file /home/airflow/.local/lib/python3.7/site-packages/airflow/example_dags/tutorial_dag.py for tasks to queue
[2022-12-27T11:35:44.841+0000] {logging_mixin.py:137} INFO - [2022-12-27T11:35:44.841+0000] {dagbag.py:538} INFO - Filling up the DagBag from /home/airflow/.local/lib/python3.7/site-packages/airflow/example_dags/tutorial_dag.py
[2022-12-27T11:35:44.873+0000] {processor.py:753} INFO - DAG(s) dict_keys(['tutorial_dag']) retrieved from /home/airflow/.local/lib/python3.7/site-packages/airflow/example_dags/tutorial_dag.py
[2022-12-27T11:35:44.973+0000] {logging_mixin.py:137} INFO - [2022-12-27T11:35:44.973+0000] {dag.py:2676} INFO - Sync 1 DAGs
[2022-12-27T11:35:45.051+0000] {logging_mixin.py:137} INFO - [2022-12-27T11:35:45.051+0000] {dag.py:3427} INFO - Setting next_dagrun for tutorial_dag to None, run_after=None
[2022-12-27T11:35:45.117+0000] {processor.py:175} INFO - Processing /home/airflow/.local/lib/python3.7/site-packages/airflow/example_dags/tutorial_dag.py took 0.289 seconds
[2022-12-27T11:36:15.928+0000] {processor.py:153} INFO - Started process (PID=1837) to work on /home/airflow/.local/lib/python3.7/site-packages/airflow/example_dags/tutorial_dag.py
[2022-12-27T11:36:15.929+0000] {processor.py:743} INFO - Processing file /home/airflow/.local/lib/python3.7/site-packages/airflow/example_dags/tutorial_dag.py for tasks to queue
[2022-12-27T11:36:15.930+0000] {logging_mixin.py:137} INFO - [2022-12-27T11:36:15.930+0000] {dagbag.py:538} INFO - Filling up the DagBag from /home/airflow/.local/lib/python3.7/site-packages/airflow/example_dags/tutorial_dag.py
[2022-12-27T11:36:15.946+0000] {processor.py:753} INFO - DAG(s) dict_keys(['tutorial_dag']) retrieved from /home/airflow/.local/lib/python3.7/site-packages/airflow/example_dags/tutorial_dag.py
[2022-12-27T11:36:15.992+0000] {logging_mixin.py:137} INFO - [2022-12-27T11:36:15.992+0000] {dag.py:2676} INFO - Sync 1 DAGs
[2022-12-27T11:36:16.026+0000] {logging_mixin.py:137} INFO - [2022-12-27T11:36:16.026+0000] {dag.py:3427} INFO - Setting next_dagrun for tutorial_dag to None, run_after=None
[2022-12-27T11:36:16.091+0000] {processor.py:175} INFO - Processing /home/airflow/.local/lib/python3.7/site-packages/airflow/example_dags/tutorial_dag.py took 0.167 seconds
[2022-12-27T11:36:46.635+0000] {processor.py:153} INFO - Started process (PID=1899) to work on /home/airflow/.local/lib/python3.7/site-packages/airflow/example_dags/tutorial_dag.py
[2022-12-27T11:36:46.636+0000] {processor.py:743} INFO - Processing file /home/airflow/.local/lib/python3.7/site-packages/airflow/example_dags/tutorial_dag.py for tasks to queue
[2022-12-27T11:36:46.638+0000] {logging_mixin.py:137} INFO - [2022-12-27T11:36:46.638+0000] {dagbag.py:538} INFO - Filling up the DagBag from /home/airflow/.local/lib/python3.7/site-packages/airflow/example_dags/tutorial_dag.py
[2022-12-27T11:36:46.657+0000] {processor.py:753} INFO - DAG(s) dict_keys(['tutorial_dag']) retrieved from /home/airflow/.local/lib/python3.7/site-packages/airflow/example_dags/tutorial_dag.py
[2022-12-27T11:36:46.706+0000] {logging_mixin.py:137} INFO - [2022-12-27T11:36:46.705+0000] {dag.py:2676} INFO - Sync 1 DAGs
[2022-12-27T11:36:46.736+0000] {logging_mixin.py:137} INFO - [2022-12-27T11:36:46.736+0000] {dag.py:3427} INFO - Setting next_dagrun for tutorial_dag to None, run_after=None
[2022-12-27T11:36:46.782+0000] {processor.py:175} INFO - Processing /home/airflow/.local/lib/python3.7/site-packages/airflow/example_dags/tutorial_dag.py took 0.152 seconds
[2022-12-27T11:37:17.376+0000] {processor.py:153} INFO - Started process (PID=1962) to work on /home/airflow/.local/lib/python3.7/site-packages/airflow/example_dags/tutorial_dag.py
[2022-12-27T11:37:17.377+0000] {processor.py:743} INFO - Processing file /home/airflow/.local/lib/python3.7/site-packages/airflow/example_dags/tutorial_dag.py for tasks to queue
[2022-12-27T11:37:17.378+0000] {logging_mixin.py:137} INFO - [2022-12-27T11:37:17.377+0000] {dagbag.py:538} INFO - Filling up the DagBag from /home/airflow/.local/lib/python3.7/site-packages/airflow/example_dags/tutorial_dag.py
[2022-12-27T11:37:17.394+0000] {processor.py:753} INFO - DAG(s) dict_keys(['tutorial_dag']) retrieved from /home/airflow/.local/lib/python3.7/site-packages/airflow/example_dags/tutorial_dag.py
[2022-12-27T11:37:17.446+0000] {logging_mixin.py:137} INFO - [2022-12-27T11:37:17.446+0000] {dag.py:2676} INFO - Sync 1 DAGs
[2022-12-27T11:37:17.479+0000] {logging_mixin.py:137} INFO - [2022-12-27T11:37:17.479+0000] {dag.py:3427} INFO - Setting next_dagrun for tutorial_dag to None, run_after=None
[2022-12-27T11:37:17.576+0000] {processor.py:175} INFO - Processing /home/airflow/.local/lib/python3.7/site-packages/airflow/example_dags/tutorial_dag.py took 0.204 seconds
[2022-12-27T11:37:48.352+0000] {processor.py:153} INFO - Started process (PID=2037) to work on /home/airflow/.local/lib/python3.7/site-packages/airflow/example_dags/tutorial_dag.py
[2022-12-27T11:37:48.354+0000] {processor.py:743} INFO - Processing file /home/airflow/.local/lib/python3.7/site-packages/airflow/example_dags/tutorial_dag.py for tasks to queue
[2022-12-27T11:37:48.355+0000] {logging_mixin.py:137} INFO - [2022-12-27T11:37:48.355+0000] {dagbag.py:538} INFO - Filling up the DagBag from /home/airflow/.local/lib/python3.7/site-packages/airflow/example_dags/tutorial_dag.py
[2022-12-27T11:37:48.374+0000] {processor.py:753} INFO - DAG(s) dict_keys(['tutorial_dag']) retrieved from /home/airflow/.local/lib/python3.7/site-packages/airflow/example_dags/tutorial_dag.py
[2022-12-27T11:37:48.425+0000] {logging_mixin.py:137} INFO - [2022-12-27T11:37:48.424+0000] {dag.py:2676} INFO - Sync 1 DAGs
[2022-12-27T11:37:48.468+0000] {logging_mixin.py:137} INFO - [2022-12-27T11:37:48.468+0000] {dag.py:3427} INFO - Setting next_dagrun for tutorial_dag to None, run_after=None
[2022-12-27T11:37:48.538+0000] {processor.py:175} INFO - Processing /home/airflow/.local/lib/python3.7/site-packages/airflow/example_dags/tutorial_dag.py took 0.192 seconds
[2022-12-27T11:38:19.509+0000] {processor.py:153} INFO - Started process (PID=2100) to work on /home/airflow/.local/lib/python3.7/site-packages/airflow/example_dags/tutorial_dag.py
[2022-12-27T11:38:19.510+0000] {processor.py:743} INFO - Processing file /home/airflow/.local/lib/python3.7/site-packages/airflow/example_dags/tutorial_dag.py for tasks to queue
[2022-12-27T11:38:19.511+0000] {logging_mixin.py:137} INFO - [2022-12-27T11:38:19.511+0000] {dagbag.py:538} INFO - Filling up the DagBag from /home/airflow/.local/lib/python3.7/site-packages/airflow/example_dags/tutorial_dag.py
[2022-12-27T11:38:19.529+0000] {processor.py:753} INFO - DAG(s) dict_keys(['tutorial_dag']) retrieved from /home/airflow/.local/lib/python3.7/site-packages/airflow/example_dags/tutorial_dag.py
[2022-12-27T11:38:19.595+0000] {logging_mixin.py:137} INFO - [2022-12-27T11:38:19.595+0000] {dag.py:2676} INFO - Sync 1 DAGs
[2022-12-27T11:38:19.646+0000] {logging_mixin.py:137} INFO - [2022-12-27T11:38:19.645+0000] {dag.py:3427} INFO - Setting next_dagrun for tutorial_dag to None, run_after=None
[2022-12-27T11:38:19.740+0000] {processor.py:175} INFO - Processing /home/airflow/.local/lib/python3.7/site-packages/airflow/example_dags/tutorial_dag.py took 0.239 seconds
[2022-12-27T11:38:50.120+0000] {processor.py:153} INFO - Started process (PID=2162) to work on /home/airflow/.local/lib/python3.7/site-packages/airflow/example_dags/tutorial_dag.py
[2022-12-27T11:38:50.121+0000] {processor.py:743} INFO - Processing file /home/airflow/.local/lib/python3.7/site-packages/airflow/example_dags/tutorial_dag.py for tasks to queue
[2022-12-27T11:38:50.122+0000] {logging_mixin.py:137} INFO - [2022-12-27T11:38:50.122+0000] {dagbag.py:538} INFO - Filling up the DagBag from /home/airflow/.local/lib/python3.7/site-packages/airflow/example_dags/tutorial_dag.py
[2022-12-27T11:38:50.136+0000] {processor.py:753} INFO - DAG(s) dict_keys(['tutorial_dag']) retrieved from /home/airflow/.local/lib/python3.7/site-packages/airflow/example_dags/tutorial_dag.py
[2022-12-27T11:38:50.181+0000] {logging_mixin.py:137} INFO - [2022-12-27T11:38:50.181+0000] {dag.py:2676} INFO - Sync 1 DAGs
[2022-12-27T11:38:50.209+0000] {logging_mixin.py:137} INFO - [2022-12-27T11:38:50.209+0000] {dag.py:3427} INFO - Setting next_dagrun for tutorial_dag to None, run_after=None
[2022-12-27T11:38:50.255+0000] {processor.py:175} INFO - Processing /home/airflow/.local/lib/python3.7/site-packages/airflow/example_dags/tutorial_dag.py took 0.138 seconds
[2022-12-27T11:39:20.672+0000] {processor.py:153} INFO - Started process (PID=2235) to work on /home/airflow/.local/lib/python3.7/site-packages/airflow/example_dags/tutorial_dag.py
[2022-12-27T11:39:20.673+0000] {processor.py:743} INFO - Processing file /home/airflow/.local/lib/python3.7/site-packages/airflow/example_dags/tutorial_dag.py for tasks to queue
[2022-12-27T11:39:20.675+0000] {logging_mixin.py:137} INFO - [2022-12-27T11:39:20.674+0000] {dagbag.py:538} INFO - Filling up the DagBag from /home/airflow/.local/lib/python3.7/site-packages/airflow/example_dags/tutorial_dag.py
[2022-12-27T11:39:20.693+0000] {processor.py:753} INFO - DAG(s) dict_keys(['tutorial_dag']) retrieved from /home/airflow/.local/lib/python3.7/site-packages/airflow/example_dags/tutorial_dag.py
[2022-12-27T11:39:20.741+0000] {logging_mixin.py:137} INFO - [2022-12-27T11:39:20.741+0000] {dag.py:2676} INFO - Sync 1 DAGs
[2022-12-27T11:39:20.773+0000] {logging_mixin.py:137} INFO - [2022-12-27T11:39:20.773+0000] {dag.py:3427} INFO - Setting next_dagrun for tutorial_dag to None, run_after=None
[2022-12-27T11:39:20.822+0000] {processor.py:175} INFO - Processing /home/airflow/.local/lib/python3.7/site-packages/airflow/example_dags/tutorial_dag.py took 0.154 seconds
[2022-12-27T11:39:50.986+0000] {processor.py:153} INFO - Started process (PID=2297) to work on /home/airflow/.local/lib/python3.7/site-packages/airflow/example_dags/tutorial_dag.py
[2022-12-27T11:39:50.987+0000] {processor.py:743} INFO - Processing file /home/airflow/.local/lib/python3.7/site-packages/airflow/example_dags/tutorial_dag.py for tasks to queue
[2022-12-27T11:39:50.988+0000] {logging_mixin.py:137} INFO - [2022-12-27T11:39:50.988+0000] {dagbag.py:538} INFO - Filling up the DagBag from /home/airflow/.local/lib/python3.7/site-packages/airflow/example_dags/tutorial_dag.py
[2022-12-27T11:39:51.006+0000] {processor.py:753} INFO - DAG(s) dict_keys(['tutorial_dag']) retrieved from /home/airflow/.local/lib/python3.7/site-packages/airflow/example_dags/tutorial_dag.py
[2022-12-27T11:39:51.054+0000] {logging_mixin.py:137} INFO - [2022-12-27T11:39:51.054+0000] {dag.py:2676} INFO - Sync 1 DAGs
[2022-12-27T11:39:51.087+0000] {logging_mixin.py:137} INFO - [2022-12-27T11:39:51.087+0000] {dag.py:3427} INFO - Setting next_dagrun for tutorial_dag to None, run_after=None
[2022-12-27T11:39:51.143+0000] {processor.py:175} INFO - Processing /home/airflow/.local/lib/python3.7/site-packages/airflow/example_dags/tutorial_dag.py took 0.162 seconds
[2022-12-27T11:40:21.778+0000] {processor.py:153} INFO - Started process (PID=2359) to work on /home/airflow/.local/lib/python3.7/site-packages/airflow/example_dags/tutorial_dag.py
[2022-12-27T11:40:21.779+0000] {processor.py:743} INFO - Processing file /home/airflow/.local/lib/python3.7/site-packages/airflow/example_dags/tutorial_dag.py for tasks to queue
[2022-12-27T11:40:21.781+0000] {logging_mixin.py:137} INFO - [2022-12-27T11:40:21.781+0000] {dagbag.py:538} INFO - Filling up the DagBag from /home/airflow/.local/lib/python3.7/site-packages/airflow/example_dags/tutorial_dag.py
[2022-12-27T11:40:21.797+0000] {processor.py:753} INFO - DAG(s) dict_keys(['tutorial_dag']) retrieved from /home/airflow/.local/lib/python3.7/site-packages/airflow/example_dags/tutorial_dag.py
[2022-12-27T11:40:21.856+0000] {logging_mixin.py:137} INFO - [2022-12-27T11:40:21.856+0000] {dag.py:2676} INFO - Sync 1 DAGs
[2022-12-27T11:40:21.889+0000] {logging_mixin.py:137} INFO - [2022-12-27T11:40:21.889+0000] {dag.py:3427} INFO - Setting next_dagrun for tutorial_dag to None, run_after=None
[2022-12-27T11:40:21.964+0000] {processor.py:175} INFO - Processing /home/airflow/.local/lib/python3.7/site-packages/airflow/example_dags/tutorial_dag.py took 0.191 seconds
[2022-12-27T11:40:52.676+0000] {processor.py:153} INFO - Started process (PID=2421) to work on /home/airflow/.local/lib/python3.7/site-packages/airflow/example_dags/tutorial_dag.py
[2022-12-27T11:40:52.677+0000] {processor.py:743} INFO - Processing file /home/airflow/.local/lib/python3.7/site-packages/airflow/example_dags/tutorial_dag.py for tasks to queue
[2022-12-27T11:40:52.678+0000] {logging_mixin.py:137} INFO - [2022-12-27T11:40:52.678+0000] {dagbag.py:538} INFO - Filling up the DagBag from /home/airflow/.local/lib/python3.7/site-packages/airflow/example_dags/tutorial_dag.py
[2022-12-27T11:40:52.696+0000] {processor.py:753} INFO - DAG(s) dict_keys(['tutorial_dag']) retrieved from /home/airflow/.local/lib/python3.7/site-packages/airflow/example_dags/tutorial_dag.py
[2022-12-27T11:40:52.730+0000] {logging_mixin.py:137} INFO - [2022-12-27T11:40:52.730+0000] {dag.py:2676} INFO - Sync 1 DAGs
[2022-12-27T11:40:52.775+0000] {logging_mixin.py:137} INFO - [2022-12-27T11:40:52.774+0000] {dag.py:3427} INFO - Setting next_dagrun for tutorial_dag to None, run_after=None
[2022-12-27T11:40:52.939+0000] {processor.py:175} INFO - Processing /home/airflow/.local/lib/python3.7/site-packages/airflow/example_dags/tutorial_dag.py took 0.266 seconds
[2022-12-27T11:41:23.093+0000] {processor.py:153} INFO - Started process (PID=2482) to work on /home/airflow/.local/lib/python3.7/site-packages/airflow/example_dags/tutorial_dag.py
[2022-12-27T11:41:23.094+0000] {processor.py:743} INFO - Processing file /home/airflow/.local/lib/python3.7/site-packages/airflow/example_dags/tutorial_dag.py for tasks to queue
[2022-12-27T11:41:23.095+0000] {logging_mixin.py:137} INFO - [2022-12-27T11:41:23.095+0000] {dagbag.py:538} INFO - Filling up the DagBag from /home/airflow/.local/lib/python3.7/site-packages/airflow/example_dags/tutorial_dag.py
[2022-12-27T11:41:23.113+0000] {processor.py:753} INFO - DAG(s) dict_keys(['tutorial_dag']) retrieved from /home/airflow/.local/lib/python3.7/site-packages/airflow/example_dags/tutorial_dag.py
[2022-12-27T11:41:23.161+0000] {logging_mixin.py:137} INFO - [2022-12-27T11:41:23.161+0000] {dag.py:2676} INFO - Sync 1 DAGs
[2022-12-27T11:41:23.189+0000] {logging_mixin.py:137} INFO - [2022-12-27T11:41:23.189+0000] {dag.py:3427} INFO - Setting next_dagrun for tutorial_dag to None, run_after=None
[2022-12-27T11:41:23.240+0000] {processor.py:175} INFO - Processing /home/airflow/.local/lib/python3.7/site-packages/airflow/example_dags/tutorial_dag.py took 0.151 seconds
[2022-12-27T11:41:53.921+0000] {processor.py:153} INFO - Started process (PID=2555) to work on /home/airflow/.local/lib/python3.7/site-packages/airflow/example_dags/tutorial_dag.py
[2022-12-27T11:41:53.922+0000] {processor.py:743} INFO - Processing file /home/airflow/.local/lib/python3.7/site-packages/airflow/example_dags/tutorial_dag.py for tasks to queue
[2022-12-27T11:41:53.923+0000] {logging_mixin.py:137} INFO - [2022-12-27T11:41:53.923+0000] {dagbag.py:538} INFO - Filling up the DagBag from /home/airflow/.local/lib/python3.7/site-packages/airflow/example_dags/tutorial_dag.py
[2022-12-27T11:41:53.943+0000] {processor.py:753} INFO - DAG(s) dict_keys(['tutorial_dag']) retrieved from /home/airflow/.local/lib/python3.7/site-packages/airflow/example_dags/tutorial_dag.py
[2022-12-27T11:41:54.041+0000] {logging_mixin.py:137} INFO - [2022-12-27T11:41:54.041+0000] {dag.py:2676} INFO - Sync 1 DAGs
[2022-12-27T11:41:54.092+0000] {logging_mixin.py:137} INFO - [2022-12-27T11:41:54.091+0000] {dag.py:3427} INFO - Setting next_dagrun for tutorial_dag to None, run_after=None
[2022-12-27T11:41:54.142+0000] {processor.py:175} INFO - Processing /home/airflow/.local/lib/python3.7/site-packages/airflow/example_dags/tutorial_dag.py took 0.226 seconds
